2020-01-20 14:59:52,309 - DEBUG - COM3: TX: 616978e33cc2de29f5e1ea78b6ef6198057a6de443648bfefcffdc107f2dbddd59bf73fee4cb4031d8671f6659e968472a6d1262d3b4946a471739d14367e774688ba88f57746581696cde038247570db94d9515ce840a6cad81d7b61bbaf55b7378
2020-01-20 14:59:52,321 - DEBUG - COM3: RX: 03846900
2020-01-20 14:59:52,321 - DEBUG - COM3: parsed_packet {event: CmdRsp, data: {'opcode': 105, 'status': 0, 'data': bytearray(b'')}}
2020-01-20 14:59:52,321 - DEBUG - COM3: TX: 059f01000100
2020-01-20 14:59:52,321 - INFO - COM3: Success
2020-01-20 14:59:52,323 - DEBUG - COM3: RX: 03849f8e
2020-01-20 14:59:52,324 - DEBUG - COM3: parsed_packet {event: CmdRsp, data: {'opcode': 159, 'status': 142, 'data': bytearray(b'')}}
2020-01-20 14:59:52,325 - DEBUG - COM3: TX: 1392000018eed9c2a56add85049ffc3c59ad0e12
2020-01-20 14:59:52,324 - ERROR - COM3: None: ERROR_REJECTED
2020-01-20 14:59:52,329 - DEBUG - COM3: RX: 03849281
2020-01-20 14:59:52,329 - DEBUG - COM3: parsed_packet {event: CmdRsp, data: {'opcode': 146, 'status': 129, 'data': bytearray(b'')}}
2020-01-20 14:59:52,329 - DEBUG - COM3: TX: 1597000000004f68ad85d9f48ac8589df665b6b49b8a
2020-01-20 14:59:52,329 - ERROR - COM3: SubnetAdd: ERROR_INTERNAL
2020-01-20 14:59:52,334 - DEBUG - COM3: RX: 03849781
2020-01-20 14:59:52,334 - DEBUG - COM3: parsed_packet {event: CmdRsp, data: {'opcode': 151, 'status': 129, 'data': bytearray(b'')}}
2020-01-20 14:59:52,335 - DEBUG - COM3: TX: 1597010000002aa2a6ded5a0798ceab5787ca3ae39fc
2020-01-20 14:59:52,334 - ERROR - COM3: AppkeyAdd: ERROR_INTERNAL
2020-01-20 14:59:52,339 - DEBUG - COM3: RX: 03849781
2020-01-20 14:59:52,339 - DEBUG - COM3: parsed_packet {event: CmdRsp, data: {'opcode': 151, 'status': 129, 'data': bytearray(b'')}}
2020-01-20 14:59:52,339 - ERROR - COM3: AppkeyAdd: ERROR_INTERNAL
