2020-01-20 16:02:54,434 - DEBUG - COM3: TX: 6169e11a5f6d7e84459b0c249fa5ee65d62e67d10f419d41f46e460eb5bada25362ec6f96a21afb78870d35bc93ee26414faa99910ce9fc72bdda86e04394683b3ad4b71054dadebe02115290fa7d37e3f9ed1ae77bb62d7fca405fe436323fe5969
2020-01-20 16:02:54,445 - DEBUG - COM3: RX: 03846900
2020-01-20 16:02:54,445 - DEBUG - COM3: parsed_packet {event: CmdRsp, data: {'opcode': 105, 'status': 0, 'data': bytearray(b'')}}
2020-01-20 16:02:54,446 - DEBUG - COM3: TX: 059f01000100
2020-01-20 16:02:54,446 - INFO - COM3: Success
2020-01-20 16:02:54,448 - DEBUG - COM3: RX: 03849f00
2020-01-20 16:02:54,456 - DEBUG - COM3: parsed_packet {event: CmdRsp, data: {'opcode': 159, 'status': 0, 'data': bytearray(b'')}}
2020-01-20 16:02:54,456 - DEBUG - COM3: TX: 1392000018eed9c2a56add85049ffc3c59ad0e12
2020-01-20 16:02:54,456 - INFO - COM3: Success
2020-01-20 16:02:54,460 - DEBUG - COM3: RX: 058492000000
2020-01-20 16:02:54,460 - DEBUG - COM3: parsed_packet {event: CmdRsp, data: {'opcode': 146, 'status': 0, 'data': bytearray(b'\x00\x00')}}
2020-01-20 16:02:54,460 - DEBUG - COM3: TX: 1597000000004f68ad85d9f48ac8589df665b6b49b8a
2020-01-20 16:02:54,460 - INFO - COM3: SubnetAdd: {'subnet_handle': 0}
2020-01-20 16:02:54,464 - DEBUG - COM3: RX: 058497000000
2020-01-20 16:02:54,464 - DEBUG - COM3: parsed_packet {event: CmdRsp, data: {'opcode': 151, 'status': 0, 'data': bytearray(b'\x00\x00')}}
2020-01-20 16:02:54,464 - DEBUG - COM3: TX: 1597010000002aa2a6ded5a0798ceab5787ca3ae39fc
2020-01-20 16:02:54,464 - INFO - COM3: AppkeyAdd: {'appkey_handle': 0}
2020-01-20 16:02:54,468 - DEBUG - COM3: RX: 058497000100
2020-01-20 16:02:54,468 - DEBUG - COM3: parsed_packet {event: CmdRsp, data: {'opcode': 151, 'status': 0, 'data': bytearray(b'\x01\x00')}}
2020-01-20 16:02:54,468 - INFO - COM3: AppkeyAdd: {'appkey_handle': 1}
2020-01-20 16:02:57,063 - DEBUG - COM3: TX: 0161
2020-01-20 16:02:57,063 - DEBUG - COM3: RX: 03846100
2020-01-20 16:02:57,063 - DEBUG - COM3: parsed_packet {event: CmdRsp, data: {'opcode': 97, 'status': 0, 'data': bytearray(b'')}}
2020-01-20 16:02:57,063 - INFO - COM3: Success
2020-01-20 16:02:58,572 - DEBUG - COM3: RX: 1ac0d5b91bba0508344a809923e28a48b06dbc0001c09923e28ac8
2020-01-20 16:02:58,572 - DEBUG - COM3: parsed_packet {event: ProvUnprovisionedReceived, data: {'uuid': bytearray(b'\xd5\xb9\x1b\xba\x05\x084J\x80\x99#\xe2\x8aH\xb0m'), 'rssi': -68, 'gatt_supported': 0, 'adv_addr_type': 1, 'adv_addr': bytearray(b'\xc0\x99#\xe2\x8a\xc8')}}
2020-01-20 16:02:58,572 - INFO - COM3: Received UUID d5b91bba0508344a809923e28a48b06d with RSSI: -68 dB
2020-01-20 16:03:00,593 - DEBUG - COM3: RX: 1ac0d5b91bba0508344a809923e28a48b06dc20001c09923e28ac8
2020-01-20 16:03:00,594 - DEBUG - COM3: parsed_packet {event: ProvUnprovisionedReceived, data: {'uuid': bytearray(b'\xd5\xb9\x1b\xba\x05\x084J\x80\x99#\xe2\x8aH\xb0m'), 'rssi': -62, 'gatt_supported': 0, 'adv_addr_type': 1, 'adv_addr': bytearray(b'\xc0\x99#\xe2\x8a\xc8')}}
2020-01-20 16:03:02,063 - DEBUG - COM3: TX: 0162
2020-01-20 16:03:02,065 - DEBUG - COM3: RX: 03846200
2020-01-20 16:03:02,065 - DEBUG - COM3: parsed_packet {event: CmdRsp, data: {'opcode': 98, 'status': 0, 'data': bytearray(b'')}}
2020-01-20 16:03:02,065 - INFO - COM3: Success
2020-01-20 16:03:21,644 - DEBUG - COM3: TX: 2d6300d5b91bba0508344a809923e28a48b06d18eed9c2a56add85049ffc3c59ad0e120000000000003b00000000
2020-01-20 16:03:21,644 - DEBUG - COM3: RX: 0484630000
2020-01-20 16:03:21,644 - DEBUG - COM3: parsed_packet {event: CmdRsp, data: {'opcode': 99, 'status': 0, 'data': bytearray(b'\x00')}}
2020-01-20 16:03:21,644 - INFO - COM3: Provision: {'context': 0}
2020-01-20 16:03:21,661 - DEBUG - COM3: RX: 02c100
2020-01-20 16:03:21,661 - DEBUG - COM3: parsed_packet {event: ProvLinkEstablished, data: {'context_id': 0}}
2020-01-20 16:03:21,661 - INFO - COM3: Link established
2020-01-20 16:03:21,723 - DEBUG - COM3: RX: 0bc300050001000000000000
2020-01-20 16:03:21,723 - DEBUG - COM3: parsed_packet {event: ProvCapsReceived, data: {'context_id': 0, 'num_elements': 5, 'public_key_type': 0, 'static_oob_types': 1, 'output_oob_size': 0, 'output_oob_actions': 0, 'input_oob_size': 0, 'input_oob_actions': 0}}
2020-01-20 16:03:21,723 - INFO - COM3: Received capabilities
2020-01-20 16:03:21,723 - INFO - COM3: Number of elements: 5
2020-01-20 16:03:21,723 - DEBUG - COM3: TX: 056600000000
2020-01-20 16:03:21,723 - DEBUG - COM3: RX: 0484660000
2020-01-20 16:03:21,723 - DEBUG - COM3: parsed_packet {event: CmdRsp, data: {'opcode': 102, 'status': 0, 'data': bytearray(b'\x00')}}
2020-01-20 16:03:21,723 - INFO - COM3: OobUse: {'context': 0}
2020-01-20 16:03:23,964 - DEBUG - COM3: RX: 62c700617b5449c3183a18135c1098baea4e0222ab9e81c734c49e290babdeb42b58084c6e0d671be2575051d31cbd7f174b25acdccd64224c19b16782c45d78aeac01e11a5f6d7e84459b0c249fa5ee65d62e67d10f419d41f46e460eb5bada25362e
2020-01-20 16:03:23,964 - DEBUG - COM3: parsed_packet {event: ProvEcdhRequest, data: {'context_id': 0, 'peer_public': bytearray(b'a{TI\xc3\x18:\x18\x13\\\x10\x98\xba\xeaN\x02"\xab\x9e\x81\xc74\xc4\x9e)\x0b\xab\xde\xb4+X\x08Ln\rg\x1b\xe2WPQ\xd3\x1c\xbd\x7f\x17K%\xac\xdc\xcdd"L\x19\xb1g\x82\xc4]x\xae\xac\x01'), 'node_private': bytearray(b'\xe1\x1a_m~\x84E\x9b\x0c$\x9f\xa5\xeee\xd6.g\xd1\x0fA\x9dA\xf4nF\x0e\xb5\xba\xda%6.')}}
2020-01-20 16:03:23,964 - INFO - COM3: ECDH request received
2020-01-20 16:03:23,964 - DEBUG - COM3: TX: 226800b59f2abde0a4ff0973993c65a807ffb97907d22d157492afb401c90f3c10569e
2020-01-20 16:03:23,979 - DEBUG - COM3: RX: 0484680000
2020-01-20 16:03:23,979 - DEBUG - COM3: parsed_packet {event: CmdRsp, data: {'opcode': 104, 'status': 0, 'data': bytearray(b'\x00')}}
2020-01-20 16:03:23,979 - INFO - COM3: EcdhSecret: {'context': 0}
2020-01-20 16:03:24,308 - DEBUG - COM3: RX: 2cc5000000000000003b000000c50733dbc5ed874ca1e3bf27b91e608418eed9c2a56add85049ffc3c59ad0e12
2020-01-20 16:03:24,308 - DEBUG - COM3: parsed_packet {event: ProvComplete, data: {'context_id': 0, 'iv_index': 0, 'net_key_index': 0, 'address': 59, 'iv_update_flag': 0, 'key_refresh_flag': 0, 'device_key': bytearray(b"\xc5\x073\xdb\xc5\xed\x87L\xa1\xe3\xbf\'\xb9\x1e`\x84"), 'net_key': bytearray(b'\x18\xee\xd9\xc2\xa5j\xdd\x85\x04\x9f\xfc<Y\xad\x0e\x12')}}
2020-01-20 16:03:24,308 - INFO - COM3: Provisioning complete
2020-01-20 16:03:24,308 - INFO - COM3: 	Address(es): 0x3b-0x3f
2020-01-20 16:03:24,308 - INFO - COM3: 	Device key: c50733dbc5ed874ca1e3bf27b91e6084
2020-01-20 16:03:24,308 - INFO - COM3: 	Network key: 18eed9c2a56add85049ffc3c59ad0e12
2020-01-20 16:03:24,308 - INFO - COM3: Adding device key to subnet 0
2020-01-20 16:03:24,308 - DEBUG - COM3: TX: 159c3b000000c50733dbc5ed874ca1e3bf27b91e6084
2020-01-20 16:03:24,308 - INFO - COM3: Adding publication address of root element
2020-01-20 16:03:24,308 - DEBUG - COM3: TX: 03a43b00
2020-01-20 16:03:24,308 - DEBUG - COM3: RX: 05849c000800
2020-01-20 16:03:24,308 - DEBUG - COM3: parsed_packet {event: CmdRsp, data: {'opcode': 156, 'status': 0, 'data': bytearray(b'\x08\x00')}}
2020-01-20 16:03:24,308 - INFO - COM3: DevkeyAdd: {'devkey_handle': 8}
2020-01-20 16:03:24,324 - DEBUG - COM3: RX: 0584a4000000
2020-01-20 16:03:24,324 - DEBUG - COM3: parsed_packet {event: CmdRsp, data: {'opcode': 164, 'status': 0, 'data': bytearray(b'\x00\x00')}}
2020-01-20 16:03:24,324 - INFO - COM3: AddrPublicationAdd: {'address_handle': 0}
2020-01-20 16:03:24,401 - DEBUG - COM3: RX: 03c20000
2020-01-20 16:03:24,402 - DEBUG - COM3: parsed_packet {event: ProvLinkClosed, data: {'context_id': 0, 'close_reason': 0}}
2020-01-20 16:03:24,402 - INFO - COM3: Provisioning link closed
2020-01-20 16:03:44,273 - DEBUG - COM3.ConfigurationClient: Sending opcode: 8008, data: 00
2020-01-20 16:03:44,273 - DEBUG - COM3: TX: 0eab08000100000008000000800800
2020-01-20 16:03:44,277 - DEBUG - COM3: RX: 0784ab0001000000
2020-01-20 16:03:44,277 - DEBUG - COM3: parsed_packet {event: CmdRsp, data: {'opcode': 171, 'status': 0, 'data': bytearray(b'\x01\x00\x00\x00')}}
2020-01-20 16:03:44,277 - INFO - COM3: PacketSend: {'token': 1}
2020-01-20 16:03:44,284 - DEBUG - COM3: RX: 05d201000000
2020-01-20 16:03:44,284 - DEBUG - COM3: parsed_packet {event: MeshTxComplete, data: {'token': 1}}
2020-01-20 16:03:44,285 - INFO - COM3: {event: MeshTxComplete, data: {'token': 1}}
2020-01-20 16:03:44,354 - DEBUG - COM3: RX: 30d03b000100080000000401c09923e28ac8c21c00020059000000000028000f0000000300000002000210000001000010
2020-01-20 16:03:44,355 - DEBUG - COM3: parsed_packet {event: MeshMessageReceivedUnicast, data: {'src': 59, 'dst': 1, 'appkey_handle': 8, 'subnet_handle': 0, 'ttl': 4, 'adv_addr_type': 1, 'adv_addr': bytearray(b'\xc0\x99#\xe2\x8a\xc8'), 'rssi': -62, 'actual_length': 28, 'data': bytearray(b'\x02\x00Y\x00\x00\x00\x00\x00(\x00\x0f\x00\x00\x00\x03\x00\x00\x00\x02\x00\x02\x10\x00\x00\x01\x00\x00\x10')}}
2020-01-20 16:03:44,365 - INFO - COM3.ConfigurationClient: Received composition data (page 0x00): {
  "cid": "0059",
  "pid": "0000",
  "vid": "0000",
  "crpl": 40,
  "features": {
    "relay": 0,
    "proxy": 0,
    "friend": 0,
    "low_power": 0
  },
  "elements": [
    {
      "index": 0,
      "location": "0000",
      "models": [
        {
          "modelId": "0000"
        },
        {
          "modelId": "0002"
        },
        {
          "modelId": "1002"
        }
      ]
    },
    {
      "index": 1,
      "location": "0000",
      "models": [
        {
          "modelId": "1000"
        }
      ]
    }
  ]
}
2020-01-20 16:03:44,365 - DEBUG - COM3: Message Opcode bytearray(b'\x02'), Data bytearray(b'\x00Y\x00\x00\x00\x00\x00(\x00\x0f\x00\x00\x00\x03\x00\x00\x00\x02\x00\x02\x10\x00\x00\x01\x00\x00\x10') unknown for model <mesh.access.Access object at 0x000001CFB1840640>.
2020-01-20 16:03:44,365 - DEBUG - COM3: Message Opcode bytearray(b'\x02'), Data bytearray(b'\x00Y\x00\x00\x00\x00\x00(\x00\x0f\x00\x00\x00\x03\x00\x00\x00\x02\x00\x02\x10\x00\x00\x01\x00\x00\x10') unknown for model <mesh.access.Access object at 0x000001CFB1840640>.
2020-01-20 16:03:46,273 - DEBUG - COM3.ConfigurationClient: Sending opcode: 00, data: 0000004f68ad85d9f48ac8589df665b6b49b8a
2020-01-20 16:03:46,273 - DEBUG - COM3: TX: 1fab08000100000008000000000000004f68ad85d9f48ac8589df665b6b49b8a
2020-01-20 16:03:46,277 - DEBUG - COM3: RX: 0784ab0002000000
2020-01-20 16:03:46,277 - DEBUG - COM3: parsed_packet {event: CmdRsp, data: {'opcode': 171, 'status': 0, 'data': bytearray(b'\x02\x00\x00\x00')}}
2020-01-20 16:03:46,277 - INFO - COM3: PacketSend: {'token': 2}
2020-01-20 16:03:46,323 - DEBUG - COM3: RX: 05d202000000
2020-01-20 16:03:46,323 - DEBUG - COM3: parsed_packet {event: MeshTxComplete, data: {'token': 2}}
2020-01-20 16:03:46,323 - INFO - COM3: {event: MeshTxComplete, data: {'token': 2}}
2020-01-20 16:03:46,355 - DEBUG - COM3: RX: 1ad03b000100080000000401c09923e28ac8c70600800300000000
2020-01-20 16:03:46,355 - DEBUG - COM3: parsed_packet {event: MeshMessageReceivedUnicast, data: {'src': 59, 'dst': 1, 'appkey_handle': 8, 'subnet_handle': 0, 'ttl': 4, 'adv_addr_type': 1, 'adv_addr': bytearray(b'\xc0\x99#\xe2\x8a\xc8'), 'rssi': -57, 'actual_length': 6, 'data': bytearray(b'\x80\x03\x00\x00\x00\x00')}}
2020-01-20 16:03:46,355 - INFO - COM3.ConfigurationClient: Appkey status: AccessStatus.SUCCESS
2020-01-20 16:03:46,370 - INFO - COM3.ConfigurationClient: Appkey add 0 succeded for subnet 0 at node 003b
2020-01-20 16:03:46,370 - DEBUG - COM3: Message Opcode bytearray(b'\x80\x03'), Data bytearray(b'\x00\x00\x00\x00') unknown for model <mesh.access.Access object at 0x000001CFB1840640>.
2020-01-20 16:03:46,370 - DEBUG - COM3: Message Opcode bytearray(b'\x80\x03'), Data bytearray(b'\x00\x00\x00\x00') unknown for model <mesh.access.Access object at 0x000001CFB1840640>.
2020-01-20 16:03:47,274 - DEBUG - COM3.ConfigurationClient: Sending opcode: 803d, data: 3c0000000010
2020-01-20 16:03:47,274 - DEBUG - COM3: TX: 13ab08000100000008000000803d3c0000000010
2020-01-20 16:03:47,278 - DEBUG - COM3: RX: 0784ab0003000000
2020-01-20 16:03:47,278 - DEBUG - COM3: parsed_packet {event: CmdRsp, data: {'opcode': 171, 'status': 0, 'data': bytearray(b'\x03\x00\x00\x00')}}
2020-01-20 16:03:47,279 - INFO - COM3: PacketSend: {'token': 3}
2020-01-20 16:03:47,287 - DEBUG - COM3: RX: 05d203000000
2020-01-20 16:03:47,287 - DEBUG - COM3: parsed_packet {event: MeshTxComplete, data: {'token': 3}}
2020-01-20 16:03:47,287 - INFO - COM3: {event: MeshTxComplete, data: {'token': 3}}
2020-01-20 16:03:48,274 - DEBUG - COM3.GenericOnOffClient: Sending opcode: 8202, data: 0100
2020-01-20 16:03:48,274 - DEBUG - COM3: TX: 0fab0000010000000800000082020100
2020-01-20 16:03:48,278 - DEBUG - COM3: RX: 0784ab0004000000
2020-01-20 16:03:48,278 - DEBUG - COM3: parsed_packet {event: CmdRsp, data: {'opcode': 171, 'status': 0, 'data': bytearray(b'\x04\x00\x00\x00')}}
2020-01-20 16:03:48,278 - INFO - COM3: PacketSend: {'token': 4}
2020-01-20 16:03:48,282 - DEBUG - COM3: RX: 05d204000000
2020-01-20 16:03:48,282 - DEBUG - COM3: parsed_packet {event: MeshTxComplete, data: {'token': 4}}
2020-01-20 16:03:48,282 - INFO - COM3: {event: MeshTxComplete, data: {'token': 4}}
2020-01-20 16:05:07,857 - DEBUG - COM3.ConfigurationClient: Sending opcode: 8008, data: 00
2020-01-20 16:05:07,857 - DEBUG - COM3: TX: 0eab08000100000008000000800800
2020-01-20 16:05:07,861 - DEBUG - COM3: RX: 0784ab0005000000
2020-01-20 16:05:07,861 - DEBUG - COM3: parsed_packet {event: CmdRsp, data: {'opcode': 171, 'status': 0, 'data': bytearray(b'\x05\x00\x00\x00')}}
2020-01-20 16:05:07,861 - INFO - COM3: PacketSend: {'token': 5}
2020-01-20 16:05:07,879 - DEBUG - COM3: RX: 05d205000000
2020-01-20 16:05:07,879 - DEBUG - COM3: parsed_packet {event: MeshTxComplete, data: {'token': 5}}
2020-01-20 16:05:07,879 - INFO - COM3: {event: MeshTxComplete, data: {'token': 5}}
2020-01-20 16:05:07,955 - DEBUG - COM3: RX: 30d03b000100080000000401c09923e28ac8c31c00020059000000000028000f0000000300000002000210000001000010
2020-01-20 16:05:07,955 - DEBUG - COM3: parsed_packet {event: MeshMessageReceivedUnicast, data: {'src': 59, 'dst': 1, 'appkey_handle': 8, 'subnet_handle': 0, 'ttl': 4, 'adv_addr_type': 1, 'adv_addr': bytearray(b'\xc0\x99#\xe2\x8a\xc8'), 'rssi': -61, 'actual_length': 28, 'data': bytearray(b'\x02\x00Y\x00\x00\x00\x00\x00(\x00\x0f\x00\x00\x00\x03\x00\x00\x00\x02\x00\x02\x10\x00\x00\x01\x00\x00\x10')}}
2020-01-20 16:05:07,962 - INFO - COM3.ConfigurationClient: Received composition data (page 0x00): {
  "cid": "0059",
  "pid": "0000",
  "vid": "0000",
  "crpl": 40,
  "features": {
    "relay": 0,
    "proxy": 0,
    "friend": 0,
    "low_power": 0
  },
  "elements": [
    {
      "index": 0,
      "location": "0000",
      "models": [
        {
          "modelId": "0000"
        },
        {
          "modelId": "0002"
        },
        {
          "modelId": "1002"
        }
      ]
    },
    {
      "index": 1,
      "location": "0000",
      "models": [
        {
          "modelId": "1000"
        }
      ]
    }
  ]
}
2020-01-20 16:05:07,963 - DEBUG - COM3: Message Opcode bytearray(b'\x02'), Data bytearray(b'\x00Y\x00\x00\x00\x00\x00(\x00\x0f\x00\x00\x00\x03\x00\x00\x00\x02\x00\x02\x10\x00\x00\x01\x00\x00\x10') unknown for model <mesh.access.Access object at 0x000001CFB1840640>.
2020-01-20 16:05:07,963 - DEBUG - COM3: Message Opcode bytearray(b'\x02'), Data bytearray(b'\x00Y\x00\x00\x00\x00\x00(\x00\x0f\x00\x00\x00\x03\x00\x00\x00\x02\x00\x02\x10\x00\x00\x01\x00\x00\x10') unknown for model <mesh.access.Access object at 0x000001CFB1840640>.
2020-01-20 16:05:09,858 - DEBUG - COM3.ConfigurationClient: Sending opcode: 00, data: 0000004f68ad85d9f48ac8589df665b6b49b8a
2020-01-20 16:05:09,858 - DEBUG - COM3: TX: 1fab08000100000008000000000000004f68ad85d9f48ac8589df665b6b49b8a
2020-01-20 16:05:09,863 - DEBUG - COM3: RX: 0784ab0006000000
2020-01-20 16:05:09,863 - DEBUG - COM3: parsed_packet {event: CmdRsp, data: {'opcode': 171, 'status': 0, 'data': bytearray(b'\x06\x00\x00\x00')}}
2020-01-20 16:05:09,863 - INFO - COM3: PacketSend: {'token': 6}
2020-01-20 16:05:09,907 - DEBUG - COM3: RX: 05d206000000
2020-01-20 16:05:09,907 - DEBUG - COM3: parsed_packet {event: MeshTxComplete, data: {'token': 6}}
2020-01-20 16:05:09,907 - INFO - COM3: {event: MeshTxComplete, data: {'token': 6}}
2020-01-20 16:05:09,929 - DEBUG - COM3: RX: 1ad03b000100080000000401c09923e28ac8c60600800300000000
2020-01-20 16:05:09,930 - DEBUG - COM3: parsed_packet {event: MeshMessageReceivedUnicast, data: {'src': 59, 'dst': 1, 'appkey_handle': 8, 'subnet_handle': 0, 'ttl': 4, 'adv_addr_type': 1, 'adv_addr': bytearray(b'\xc0\x99#\xe2\x8a\xc8'), 'rssi': -58, 'actual_length': 6, 'data': bytearray(b'\x80\x03\x00\x00\x00\x00')}}
2020-01-20 16:05:09,930 - INFO - COM3.ConfigurationClient: Appkey status: AccessStatus.SUCCESS
2020-01-20 16:05:09,939 - INFO - COM3.ConfigurationClient: Appkey add 0 succeded for subnet 0 at node 003b
2020-01-20 16:05:09,939 - DEBUG - COM3: Message Opcode bytearray(b'\x80\x03'), Data bytearray(b'\x00\x00\x00\x00') unknown for model <mesh.access.Access object at 0x000001CFB1840640>.
2020-01-20 16:05:09,939 - DEBUG - COM3: Message Opcode bytearray(b'\x80\x03'), Data bytearray(b'\x00\x00\x00\x00') unknown for model <mesh.access.Access object at 0x000001CFB1840640>.
2020-01-20 16:05:10,859 - DEBUG - COM3.ConfigurationClient: Sending opcode: 803d, data: 3c0000000010
2020-01-20 16:05:10,859 - DEBUG - COM3: TX: 13ab08000100000008000000803d3c0000000010
2020-01-20 16:05:10,863 - DEBUG - COM3: RX: 0784ab0007000000
2020-01-20 16:05:10,863 - DEBUG - COM3: parsed_packet {event: CmdRsp, data: {'opcode': 171, 'status': 0, 'data': bytearray(b'\x07\x00\x00\x00')}}
2020-01-20 16:05:10,864 - INFO - COM3: PacketSend: {'token': 7}
2020-01-20 16:05:10,872 - DEBUG - COM3: RX: 05d207000000
2020-01-20 16:05:10,873 - DEBUG - COM3: parsed_packet {event: MeshTxComplete, data: {'token': 7}}
2020-01-20 16:05:10,873 - INFO - COM3: {event: MeshTxComplete, data: {'token': 7}}
2020-01-20 16:05:10,884 - DEBUG - COM3: RX: 1dd03b000100080000000401c09923e28ac8c20900803e003c0000000010
2020-01-20 16:05:10,884 - DEBUG - COM3: parsed_packet {event: MeshMessageReceivedUnicast, data: {'src': 59, 'dst': 1, 'appkey_handle': 8, 'subnet_handle': 0, 'ttl': 4, 'adv_addr_type': 1, 'adv_addr': bytearray(b'\xc0\x99#\xe2\x8a\xc8'), 'rssi': -62, 'actual_length': 9, 'data': bytearray(b'\x80>\x00<\x00\x00\x00\x00\x10')}}
2020-01-20 16:05:10,884 - INFO - COM3.ConfigurationClient: Model app bind status: AccessStatus.SUCCESS
2020-01-20 16:05:10,895 - INFO - COM3.ConfigurationClient: Appkey bind 0 to model 1000 at 003c
2020-01-20 16:05:10,895 - DEBUG - COM3: Message Opcode bytearray(b'\x80>'), Data bytearray(b'\x00<\x00\x00\x00\x00\x10') unknown for model <mesh.access.Access object at 0x000001CFB1840640>.
2020-01-20 16:05:10,895 - DEBUG - COM3: Message Opcode bytearray(b'\x80>'), Data bytearray(b'\x00<\x00\x00\x00\x00\x10') unknown for model <mesh.access.Access object at 0x000001CFB1840640>.
2020-01-20 16:05:11,859 - DEBUG - COM3.GenericOnOffClient: Sending opcode: 8202, data: 0101
2020-01-20 16:05:11,859 - DEBUG - COM3: TX: 0fab0000010000000800000082020101
2020-01-20 16:05:11,863 - DEBUG - COM3: RX: 0784ab0008000000
2020-01-20 16:05:11,863 - DEBUG - COM3: parsed_packet {event: CmdRsp, data: {'opcode': 171, 'status': 0, 'data': bytearray(b'\x08\x00\x00\x00')}}
2020-01-20 16:05:11,863 - INFO - COM3: PacketSend: {'token': 8}
2020-01-20 16:05:11,866 - DEBUG - COM3: RX: 05d208000000
2020-01-20 16:05:11,866 - DEBUG - COM3: parsed_packet {event: MeshTxComplete, data: {'token': 8}}
2020-01-20 16:05:11,866 - INFO - COM3: {event: MeshTxComplete, data: {'token': 8}}
2020-01-20 16:05:34,361 - DEBUG - COM3.ConfigurationClient: Sending opcode: 8008, data: 00
2020-01-20 16:05:34,362 - DEBUG - COM3: TX: 0eab08000100000008000000800800
2020-01-20 16:05:34,365 - DEBUG - COM3: RX: 0784ab0009000000
2020-01-20 16:05:34,365 - DEBUG - COM3: parsed_packet {event: CmdRsp, data: {'opcode': 171, 'status': 0, 'data': bytearray(b'\t\x00\x00\x00')}}
2020-01-20 16:05:34,365 - INFO - COM3: PacketSend: {'token': 9}
2020-01-20 16:05:34,368 - DEBUG - COM3: RX: 05d209000000
2020-01-20 16:05:34,368 - DEBUG - COM3: parsed_packet {event: MeshTxComplete, data: {'token': 9}}
2020-01-20 16:05:34,368 - INFO - COM3: {event: MeshTxComplete, data: {'token': 9}}
2020-01-20 16:05:36,363 - DEBUG - COM3.ConfigurationClient: Sending opcode: 00, data: 0000004f68ad85d9f48ac8589df665b6b49b8a
2020-01-20 16:05:36,363 - DEBUG - COM3: TX: 1fab08000100000008000000000000004f68ad85d9f48ac8589df665b6b49b8a
2020-01-20 16:05:36,369 - DEBUG - COM3: RX: 0784ab000a000000
2020-01-20 16:05:36,369 - DEBUG - COM3: parsed_packet {event: CmdRsp, data: {'opcode': 171, 'status': 0, 'data': bytearray(b'\n\x00\x00\x00')}}
2020-01-20 16:05:36,369 - INFO - COM3: PacketSend: {'token': 10}
2020-01-20 16:05:36,432 - DEBUG - COM3: RX: 05d20a000000
2020-01-20 16:05:36,433 - DEBUG - COM3: parsed_packet {event: MeshTxComplete, data: {'token': 10}}
2020-01-20 16:05:36,433 - INFO - COM3: {event: MeshTxComplete, data: {'token': 10}}
2020-01-20 16:05:36,462 - DEBUG - COM3: RX: 1ad03b000100080000000401c09923e28ac8c20600800300000000
2020-01-20 16:05:36,462 - DEBUG - COM3: parsed_packet {event: MeshMessageReceivedUnicast, data: {'src': 59, 'dst': 1, 'appkey_handle': 8, 'subnet_handle': 0, 'ttl': 4, 'adv_addr_type': 1, 'adv_addr': bytearray(b'\xc0\x99#\xe2\x8a\xc8'), 'rssi': -62, 'actual_length': 6, 'data': bytearray(b'\x80\x03\x00\x00\x00\x00')}}
2020-01-20 16:05:36,462 - INFO - COM3.ConfigurationClient: Appkey status: AccessStatus.SUCCESS
2020-01-20 16:05:36,472 - INFO - COM3.ConfigurationClient: Appkey add 0 succeded for subnet 0 at node 003b
2020-01-20 16:05:36,472 - DEBUG - COM3: Message Opcode bytearray(b'\x80\x03'), Data bytearray(b'\x00\x00\x00\x00') unknown for model <mesh.access.Access object at 0x000001CFB1840640>.
2020-01-20 16:05:36,472 - DEBUG - COM3: Message Opcode bytearray(b'\x80\x03'), Data bytearray(b'\x00\x00\x00\x00') unknown for model <mesh.access.Access object at 0x000001CFB1840640>.
2020-01-20 16:05:37,365 - DEBUG - COM3.ConfigurationClient: Sending opcode: 803d, data: 3c0000000010
2020-01-20 16:05:37,367 - DEBUG - COM3: TX: 13ab08000100000008000000803d3c0000000010
2020-01-20 16:05:37,370 - DEBUG - COM3: RX: 0784ab000b000000
2020-01-20 16:05:37,370 - DEBUG - COM3: parsed_packet {event: CmdRsp, data: {'opcode': 171, 'status': 0, 'data': bytearray(b'\x0b\x00\x00\x00')}}
2020-01-20 16:05:37,370 - INFO - COM3: PacketSend: {'token': 11}
2020-01-20 16:05:37,387 - DEBUG - COM3: RX: 05d20b000000
2020-01-20 16:05:37,387 - DEBUG - COM3: parsed_packet {event: MeshTxComplete, data: {'token': 11}}
2020-01-20 16:05:37,387 - INFO - COM3: {event: MeshTxComplete, data: {'token': 11}}
2020-01-20 16:05:37,409 - DEBUG - COM3: RX: 1dd03b000100080000000401c09923e28ac8c20900803e003c0000000010
2020-01-20 16:05:37,409 - DEBUG - COM3: parsed_packet {event: MeshMessageReceivedUnicast, data: {'src': 59, 'dst': 1, 'appkey_handle': 8, 'subnet_handle': 0, 'ttl': 4, 'adv_addr_type': 1, 'adv_addr': bytearray(b'\xc0\x99#\xe2\x8a\xc8'), 'rssi': -62, 'actual_length': 9, 'data': bytearray(b'\x80>\x00<\x00\x00\x00\x00\x10')}}
2020-01-20 16:05:37,409 - INFO - COM3.ConfigurationClient: Model app bind status: AccessStatus.SUCCESS
2020-01-20 16:05:37,423 - INFO - COM3.ConfigurationClient: Appkey bind 0 to model 1000 at 003c
2020-01-20 16:05:37,423 - DEBUG - COM3: Message Opcode bytearray(b'\x80>'), Data bytearray(b'\x00<\x00\x00\x00\x00\x10') unknown for model <mesh.access.Access object at 0x000001CFB1840640>.
2020-01-20 16:05:37,423 - DEBUG - COM3: Message Opcode bytearray(b'\x80>'), Data bytearray(b'\x00<\x00\x00\x00\x00\x10') unknown for model <mesh.access.Access object at 0x000001CFB1840640>.
2020-01-20 16:05:38,374 - DEBUG - COM3.GenericOnOffClient: Sending opcode: 8202, data: 0102
2020-01-20 16:05:38,374 - DEBUG - COM3: TX: 0fab0000010000000800000082020102
2020-01-20 16:05:38,374 - DEBUG - COM3: RX: 0784ab000c000000
2020-01-20 16:05:38,374 - DEBUG - COM3: parsed_packet {event: CmdRsp, data: {'opcode': 171, 'status': 0, 'data': bytearray(b'\x0c\x00\x00\x00')}}
2020-01-20 16:05:38,374 - INFO - COM3: PacketSend: {'token': 12}
2020-01-20 16:05:38,374 - DEBUG - COM3: RX: 05d20c000000
2020-01-20 16:05:38,374 - DEBUG - COM3: parsed_packet {event: MeshTxComplete, data: {'token': 12}}
2020-01-20 16:05:38,374 - INFO - COM3: {event: MeshTxComplete, data: {'token': 12}}
