2020-01-20 15:18:30,199 - DEBUG - COM3: TX: 61692094b4880f5d22d516dec7b08b6b27149c99107acb04d9555cfa4b9112ad208f99c7fe8b0579ed45fb118f9ea402334d64ee40e3eca71baca8b23ae508c49d270c0d291ca888ebd8f505b0ad1cff1c75c9ab4c4aa178b378d5fe5070a122e3f6
2020-01-20 15:18:30,211 - DEBUG - COM3: RX: 03846900
2020-01-20 15:18:30,211 - DEBUG - COM3: parsed_packet {event: CmdRsp, data: {'opcode': 105, 'status': 0, 'data': bytearray(b'')}}
2020-01-20 15:18:30,211 - DEBUG - COM3: TX: 059f01000100
2020-01-20 15:18:30,211 - INFO - COM3: Success
2020-01-20 15:18:30,214 - DEBUG - COM3: RX: 03849f00
2020-01-20 15:18:30,214 - DEBUG - COM3: parsed_packet {event: CmdRsp, data: {'opcode': 159, 'status': 0, 'data': bytearray(b'')}}
2020-01-20 15:18:30,215 - DEBUG - COM3: TX: 1392000018eed9c2a56add85049ffc3c59ad0e12
2020-01-20 15:18:30,214 - INFO - COM3: Success
2020-01-20 15:18:30,219 - DEBUG - COM3: RX: 058492000000
2020-01-20 15:18:30,219 - DEBUG - COM3: parsed_packet {event: CmdRsp, data: {'opcode': 146, 'status': 0, 'data': bytearray(b'\x00\x00')}}
2020-01-20 15:18:30,219 - DEBUG - COM3: TX: 1597000000004f68ad85d9f48ac8589df665b6b49b8a
2020-01-20 15:18:30,219 - INFO - COM3: SubnetAdd: {'subnet_handle': 0}
2020-01-20 15:18:30,223 - DEBUG - COM3: RX: 058497000000
2020-01-20 15:18:30,223 - DEBUG - COM3: parsed_packet {event: CmdRsp, data: {'opcode': 151, 'status': 0, 'data': bytearray(b'\x00\x00')}}
2020-01-20 15:18:30,224 - DEBUG - COM3: TX: 1597010000002aa2a6ded5a0798ceab5787ca3ae39fc
2020-01-20 15:18:30,224 - INFO - COM3: AppkeyAdd: {'appkey_handle': 0}
2020-01-20 15:18:30,228 - DEBUG - COM3: RX: 058497000100
2020-01-20 15:18:30,228 - DEBUG - COM3: parsed_packet {event: CmdRsp, data: {'opcode': 151, 'status': 0, 'data': bytearray(b'\x01\x00')}}
2020-01-20 15:18:30,228 - INFO - COM3: AppkeyAdd: {'appkey_handle': 1}
2020-01-20 15:18:32,823 - DEBUG - COM3: TX: 0161
2020-01-20 15:18:32,825 - DEBUG - COM3: RX: 03846100
2020-01-20 15:18:32,825 - DEBUG - COM3: parsed_packet {event: CmdRsp, data: {'opcode': 97, 'status': 0, 'data': bytearray(b'')}}
2020-01-20 15:18:32,825 - INFO - COM3: Success
2020-01-20 15:18:32,838 - DEBUG - COM3: RX: 1ac0d5b91bba0508344a809923e28a48b06dc50001c09923e28ac8
2020-01-20 15:18:32,838 - DEBUG - COM3: parsed_packet {event: ProvUnprovisionedReceived, data: {'uuid': bytearray(b'\xd5\xb9\x1b\xba\x05\x084J\x80\x99#\xe2\x8aH\xb0m'), 'rssi': -59, 'gatt_supported': 0, 'adv_addr_type': 1, 'adv_addr': bytearray(b'\xc0\x99#\xe2\x8a\xc8')}}
2020-01-20 15:18:32,838 - INFO - COM3: Received UUID d5b91bba0508344a809923e28a48b06d with RSSI: -59 dB
2020-01-20 15:18:34,621 - DEBUG - COM3: RX: 1ac064348854c4ba6d4b9577d61386619776c800019577d61386e1
2020-01-20 15:18:34,621 - DEBUG - COM3: parsed_packet {event: ProvUnprovisionedReceived, data: {'uuid': bytearray(b'd4\x88T\xc4\xbamK\x95w\xd6\x13\x86a\x97v'), 'rssi': -56, 'gatt_supported': 0, 'adv_addr_type': 1, 'adv_addr': bytearray(b'\x95w\xd6\x13\x86\xe1')}}
2020-01-20 15:18:34,621 - INFO - COM3: Received UUID 64348854c4ba6d4b9577d61386619776 with RSSI: -56 dB
2020-01-20 15:18:34,839 - DEBUG - COM3: RX: 1ac0d5b91bba0508344a809923e28a48b06dc40001c09923e28ac8
2020-01-20 15:18:34,839 - DEBUG - COM3: parsed_packet {event: ProvUnprovisionedReceived, data: {'uuid': bytearray(b'\xd5\xb9\x1b\xba\x05\x084J\x80\x99#\xe2\x8aH\xb0m'), 'rssi': -60, 'gatt_supported': 0, 'adv_addr_type': 1, 'adv_addr': bytearray(b'\xc0\x99#\xe2\x8a\xc8')}}
2020-01-20 15:18:36,630 - DEBUG - COM3: RX: 1ac064348854c4ba6d4b9577d61386619776be00019577d61386e1
2020-01-20 15:18:36,630 - DEBUG - COM3: parsed_packet {event: ProvUnprovisionedReceived, data: {'uuid': bytearray(b'd4\x88T\xc4\xbamK\x95w\xd6\x13\x86a\x97v'), 'rssi': -66, 'gatt_supported': 0, 'adv_addr_type': 1, 'adv_addr': bytearray(b'\x95w\xd6\x13\x86\xe1')}}
2020-01-20 15:18:36,840 - DEBUG - COM3: RX: 1ac0d5b91bba0508344a809923e28a48b06dc00001c09923e28ac8
2020-01-20 15:18:36,840 - DEBUG - COM3: parsed_packet {event: ProvUnprovisionedReceived, data: {'uuid': bytearray(b'\xd5\xb9\x1b\xba\x05\x084J\x80\x99#\xe2\x8aH\xb0m'), 'rssi': -64, 'gatt_supported': 0, 'adv_addr_type': 1, 'adv_addr': bytearray(b'\xc0\x99#\xe2\x8a\xc8')}}
2020-01-20 15:18:37,823 - DEBUG - COM3: TX: 0162
2020-01-20 15:18:37,825 - DEBUG - COM3: RX: 03846200
2020-01-20 15:18:37,825 - DEBUG - COM3: parsed_packet {event: CmdRsp, data: {'opcode': 98, 'status': 0, 'data': bytearray(b'')}}
2020-01-20 15:18:37,826 - INFO - COM3: Success
2020-01-20 15:19:01,548 - DEBUG - COM3: TX: 2d6300d5b91bba0508344a809923e28a48b06d18eed9c2a56add85049ffc3c59ad0e120000000000002400000000
2020-01-20 15:19:01,548 - DEBUG - COM3: RX: 0484630000
2020-01-20 15:19:01,548 - DEBUG - COM3: parsed_packet {event: CmdRsp, data: {'opcode': 99, 'status': 0, 'data': bytearray(b'\x00')}}
2020-01-20 15:19:01,548 - INFO - COM3: Provision: {'context': 0}
2020-01-20 15:19:01,563 - DEBUG - COM3: RX: 02c100
2020-01-20 15:19:01,563 - DEBUG - COM3: parsed_packet {event: ProvLinkEstablished, data: {'context_id': 0}}
2020-01-20 15:19:01,563 - INFO - COM3: Link established
2020-01-20 15:19:01,621 - DEBUG - COM3: RX: 0bc300050001000000000000
2020-01-20 15:19:01,621 - DEBUG - COM3: parsed_packet {event: ProvCapsReceived, data: {'context_id': 0, 'num_elements': 5, 'public_key_type': 0, 'static_oob_types': 1, 'output_oob_size': 0, 'output_oob_actions': 0, 'input_oob_size': 0, 'input_oob_actions': 0}}
2020-01-20 15:19:01,621 - INFO - COM3: Received capabilities
2020-01-20 15:19:01,621 - INFO - COM3: Number of elements: 5
2020-01-20 15:19:01,621 - DEBUG - COM3: TX: 056600000000
2020-01-20 15:19:01,621 - DEBUG - COM3: RX: 0484660000
2020-01-20 15:19:01,621 - DEBUG - COM3: parsed_packet {event: CmdRsp, data: {'opcode': 102, 'status': 0, 'data': bytearray(b'\x00')}}
2020-01-20 15:19:01,621 - INFO - COM3: OobUse: {'context': 0}
2020-01-20 15:19:01,816 - DEBUG - COM3: RX: 62c70033f2972dd0a213f04615afd0787504b2da3ff950a3f13cbd2bcf737021ea0ae9ee3e274cc64d233a633d6e9e8f1e80bf0dddca4d83e007daed07becfed0fd96a2094b4880f5d22d516dec7b08b6b27149c99107acb04d9555cfa4b9112ad208f
2020-01-20 15:19:01,816 - DEBUG - COM3: parsed_packet {event: ProvEcdhRequest, data: {'context_id': 0, 'peer_public': bytearray(b"3\xf2\x97-\xd0\xa2\x13\xf0F\x15\xaf\xd0xu\x04\xb2\xda?\xf9P\xa3\xf1<\xbd+\xcfsp!\xea\n\xe9\xee>\'L\xc6M#:c=n\x9e\x8f\x1e\x80\xbf\r\xdd\xcaM\x83\xe0\x07\xda\xed\x07\xbe\xcf\xed\x0f\xd9j"), 'node_private': bytearray(b' \x94\xb4\x88\x0f]"\xd5\x16\xde\xc7\xb0\x8bk\'\x14\x9c\x99\x10z\xcb\x04\xd9U\\\xfaK\x91\x12\xad \x8f')}}
2020-01-20 15:19:01,816 - INFO - COM3: ECDH request received
2020-01-20 15:19:01,817 - DEBUG - COM3: TX: 2268006a55e69822d2c3cb825bb68708c5581be371d5baac8411c2504c401ffe6d0bfb
2020-01-20 15:19:01,823 - DEBUG - COM3: RX: 0484680000
2020-01-20 15:19:01,823 - DEBUG - COM3: parsed_packet {event: CmdRsp, data: {'opcode': 104, 'status': 0, 'data': bytearray(b'\x00')}}
2020-01-20 15:19:01,823 - INFO - COM3: EcdhSecret: {'context': 0}
2020-01-20 15:19:02,178 - DEBUG - COM3: RX: 2cc500000000000000240000008eee7ea831929d44087cd88651b7c8f618eed9c2a56add85049ffc3c59ad0e12
2020-01-20 15:19:02,178 - DEBUG - COM3: parsed_packet {event: ProvComplete, data: {'context_id': 0, 'iv_index': 0, 'net_key_index': 0, 'address': 36, 'iv_update_flag': 0, 'key_refresh_flag': 0, 'device_key': bytearray(b'\x8e\xee~\xa81\x92\x9dD\x08|\xd8\x86Q\xb7\xc8\xf6'), 'net_key': bytearray(b'\x18\xee\xd9\xc2\xa5j\xdd\x85\x04\x9f\xfc<Y\xad\x0e\x12')}}
2020-01-20 15:19:02,179 - INFO - COM3: Provisioning complete
2020-01-20 15:19:02,179 - INFO - COM3: 	Address(es): 0x24-0x28
2020-01-20 15:19:02,179 - INFO - COM3: 	Device key: 8eee7ea831929d44087cd88651b7c8f6
2020-01-20 15:19:02,179 - INFO - COM3: 	Network key: 18eed9c2a56add85049ffc3c59ad0e12
2020-01-20 15:19:02,180 - INFO - COM3: Adding device key to subnet 0
2020-01-20 15:19:02,180 - DEBUG - COM3: TX: 159c240000008eee7ea831929d44087cd88651b7c8f6
2020-01-20 15:19:02,180 - INFO - COM3: Adding publication address of root element
2020-01-20 15:19:02,181 - DEBUG - COM3: TX: 03a42400
2020-01-20 15:19:02,186 - DEBUG - COM3: RX: 05849c000800
2020-01-20 15:19:02,187 - DEBUG - COM3: parsed_packet {event: CmdRsp, data: {'opcode': 156, 'status': 0, 'data': bytearray(b'\x08\x00')}}
2020-01-20 15:19:02,187 - INFO - COM3: DevkeyAdd: {'devkey_handle': 8}
2020-01-20 15:19:02,187 - DEBUG - COM3: RX: 0584a4000000
2020-01-20 15:19:02,188 - DEBUG - COM3: parsed_packet {event: CmdRsp, data: {'opcode': 164, 'status': 0, 'data': bytearray(b'\x00\x00')}}
2020-01-20 15:19:02,188 - INFO - COM3: AddrPublicationAdd: {'address_handle': 0}
2020-01-20 15:19:02,286 - DEBUG - COM3: RX: 03c20000
2020-01-20 15:19:02,286 - DEBUG - COM3: parsed_packet {event: ProvLinkClosed, data: {'context_id': 0, 'close_reason': 0}}
2020-01-20 15:19:02,286 - INFO - COM3: Provisioning link closed
