2020-01-20 16:18:06,314 - DEBUG - COM3: TX: 616993e2539f3599a6e27aaf0e4b0c5833ae42a5dca3eafc05dcbfa31cc0cb537ac634b0083b121ebf08478cf522919b5408bc8677b6841c4e2f547e8be1a0cd2f295e23a4f8546406a5d61001d0a4c858b328c0708c1db5b3a54b623cd97513197c
2020-01-20 16:18:06,325 - DEBUG - COM3: RX: 03846900
2020-01-20 16:18:06,326 - DEBUG - COM3: parsed_packet {event: CmdRsp, data: {'opcode': 105, 'status': 0, 'data': bytearray(b'')}}
2020-01-20 16:18:06,326 - DEBUG - COM3: TX: 059f01000100
2020-01-20 16:18:06,326 - INFO - COM3: Success
2020-01-20 16:18:06,328 - DEBUG - COM3: RX: 03849f8e
2020-01-20 16:18:06,338 - DEBUG - COM3: parsed_packet {event: CmdRsp, data: {'opcode': 159, 'status': 142, 'data': bytearray(b'')}}
2020-01-20 16:18:06,338 - DEBUG - COM3: TX: 1392000018eed9c2a56add85049ffc3c59ad0e12
2020-01-20 16:18:06,338 - ERROR - COM3: None: ERROR_REJECTED
2020-01-20 16:18:06,341 - DEBUG - COM3: RX: 03849281
2020-01-20 16:18:06,342 - DEBUG - COM3: parsed_packet {event: CmdRsp, data: {'opcode': 146, 'status': 129, 'data': bytearray(b'')}}
2020-01-20 16:18:06,342 - DEBUG - COM3: TX: 1597000000004f68ad85d9f48ac8589df665b6b49b8a
2020-01-20 16:18:06,342 - ERROR - COM3: SubnetAdd: ERROR_INTERNAL
2020-01-20 16:18:06,345 - DEBUG - COM3: RX: 03849781
2020-01-20 16:18:06,346 - DEBUG - COM3: parsed_packet {event: CmdRsp, data: {'opcode': 151, 'status': 129, 'data': bytearray(b'')}}
2020-01-20 16:18:06,346 - DEBUG - COM3: TX: 1597010000002aa2a6ded5a0798ceab5787ca3ae39fc
2020-01-20 16:18:06,346 - ERROR - COM3: AppkeyAdd: ERROR_INTERNAL
2020-01-20 16:18:06,349 - DEBUG - COM3: RX: 03849781
2020-01-20 16:18:06,349 - DEBUG - COM3: parsed_packet {event: CmdRsp, data: {'opcode': 151, 'status': 129, 'data': bytearray(b'')}}
2020-01-20 16:18:06,350 - ERROR - COM3: AppkeyAdd: ERROR_INTERNAL
2020-01-20 16:18:08,142 - DEBUG - COM3.ConfigurationClient: Sending opcode: 8008, data: 00
2020-01-20 16:18:08,142 - DEBUG - COM3: TX: 0eab08000100000008000000800800
2020-01-20 16:18:08,146 - DEBUG - COM3: RX: 0784ab0029000000
2020-01-20 16:18:08,146 - DEBUG - COM3: parsed_packet {event: CmdRsp, data: {'opcode': 171, 'status': 0, 'data': bytearray(b')\x00\x00\x00')}}
2020-01-20 16:18:08,146 - INFO - COM3: PacketSend: {'token': 41}
2020-01-20 16:18:08,160 - DEBUG - COM3: RX: 05d229000000
2020-01-20 16:18:08,160 - DEBUG - COM3: parsed_packet {event: MeshTxComplete, data: {'token': 41}}
2020-01-20 16:18:08,160 - INFO - COM3: {event: MeshTxComplete, data: {'token': 41}}
2020-01-20 16:18:08,771 - DEBUG - COM3: RX: 30d03b000100080000000401c09923e28ac8c51c00020059000000000028000f0000000300000002000210000001000010
2020-01-20 16:18:08,771 - DEBUG - COM3: parsed_packet {event: MeshMessageReceivedUnicast, data: {'src': 59, 'dst': 1, 'appkey_handle': 8, 'subnet_handle': 0, 'ttl': 4, 'adv_addr_type': 1, 'adv_addr': bytearray(b'\xc0\x99#\xe2\x8a\xc8'), 'rssi': -59, 'actual_length': 28, 'data': bytearray(b'\x02\x00Y\x00\x00\x00\x00\x00(\x00\x0f\x00\x00\x00\x03\x00\x00\x00\x02\x00\x02\x10\x00\x00\x01\x00\x00\x10')}}
2020-01-20 16:18:08,785 - INFO - COM3.ConfigurationClient: Received composition data (page 0x00): {
  "cid": "0059",
  "pid": "0000",
  "vid": "0000",
  "crpl": 40,
  "features": {
    "relay": 0,
    "proxy": 0,
    "friend": 0,
    "low_power": 0
  },
  "elements": [
    {
      "index": 0,
      "location": "0000",
      "models": [
        {
          "modelId": "0000"
        },
        {
          "modelId": "0002"
        },
        {
          "modelId": "1002"
        }
      ]
    },
    {
      "index": 1,
      "location": "0000",
      "models": [
        {
          "modelId": "1000"
        }
      ]
    }
  ]
}
2020-01-20 16:18:08,785 - DEBUG - COM3: Message Opcode bytearray(b'\x02'), Data bytearray(b'\x00Y\x00\x00\x00\x00\x00(\x00\x0f\x00\x00\x00\x03\x00\x00\x00\x02\x00\x02\x10\x00\x00\x01\x00\x00\x10') unknown for model <mesh.access.Access object at 0x0000024285BC0640>.
2020-01-20 16:18:08,785 - DEBUG - COM3: Message Opcode bytearray(b'\x02'), Data bytearray(b'\x00Y\x00\x00\x00\x00\x00(\x00\x0f\x00\x00\x00\x03\x00\x00\x00\x02\x00\x02\x10\x00\x00\x01\x00\x00\x10') unknown for model <mesh.access.Access object at 0x0000024285BC0640>.
2020-01-20 16:18:10,149 - DEBUG - COM3.ConfigurationClient: Sending opcode: 00, data: 0000004f68ad85d9f48ac8589df665b6b49b8a
2020-01-20 16:18:10,149 - DEBUG - COM3: TX: 1fab08000100000008000000000000004f68ad85d9f48ac8589df665b6b49b8a
2020-01-20 16:18:10,149 - DEBUG - COM3: RX: 0784ab002a000000
2020-01-20 16:18:10,149 - DEBUG - COM3: parsed_packet {event: CmdRsp, data: {'opcode': 171, 'status': 0, 'data': bytearray(b'*\x00\x00\x00')}}
2020-01-20 16:18:10,149 - INFO - COM3: PacketSend: {'token': 42}
2020-01-20 16:18:10,204 - DEBUG - COM3: RX: 05d22a000000
2020-01-20 16:18:10,204 - DEBUG - COM3: parsed_packet {event: MeshTxComplete, data: {'token': 42}}
2020-01-20 16:18:10,204 - INFO - COM3: {event: MeshTxComplete, data: {'token': 42}}
2020-01-20 16:18:10,236 - DEBUG - COM3: RX: 1ad03b000100080000000401c09923e28ac8c70600800300000000
2020-01-20 16:18:10,237 - DEBUG - COM3: parsed_packet {event: MeshMessageReceivedUnicast, data: {'src': 59, 'dst': 1, 'appkey_handle': 8, 'subnet_handle': 0, 'ttl': 4, 'adv_addr_type': 1, 'adv_addr': bytearray(b'\xc0\x99#\xe2\x8a\xc8'), 'rssi': -57, 'actual_length': 6, 'data': bytearray(b'\x80\x03\x00\x00\x00\x00')}}
2020-01-20 16:18:10,237 - INFO - COM3.ConfigurationClient: Appkey status: AccessStatus.SUCCESS
2020-01-20 16:18:10,247 - INFO - COM3.ConfigurationClient: Appkey add 0 succeded for subnet 0 at node 003b
2020-01-20 16:18:10,247 - DEBUG - COM3: Message Opcode bytearray(b'\x80\x03'), Data bytearray(b'\x00\x00\x00\x00') unknown for model <mesh.access.Access object at 0x0000024285BC0640>.
2020-01-20 16:18:10,247 - DEBUG - COM3: Message Opcode bytearray(b'\x80\x03'), Data bytearray(b'\x00\x00\x00\x00') unknown for model <mesh.access.Access object at 0x0000024285BC0640>.
2020-01-20 16:18:11,149 - DEBUG - COM3.ConfigurationClient: Sending opcode: 803d, data: 3c0000000010
2020-01-20 16:18:11,149 - DEBUG - COM3: TX: 13ab08000100000008000000803d3c0000000010
2020-01-20 16:18:11,153 - DEBUG - COM3: RX: 0784ab002b000000
2020-01-20 16:18:11,153 - DEBUG - COM3: parsed_packet {event: CmdRsp, data: {'opcode': 171, 'status': 0, 'data': bytearray(b'+\x00\x00\x00')}}
2020-01-20 16:18:11,153 - INFO - COM3: PacketSend: {'token': 43}
2020-01-20 16:18:11,167 - DEBUG - COM3: RX: 05d22b000000
2020-01-20 16:18:11,167 - DEBUG - COM3: parsed_packet {event: MeshTxComplete, data: {'token': 43}}
2020-01-20 16:18:11,167 - INFO - COM3: {event: MeshTxComplete, data: {'token': 43}}
2020-01-20 16:18:12,155 - DEBUG - COM3.GenericOnOffClient: Sending opcode: 8202, data: 0100
2020-01-20 16:18:12,155 - DEBUG - COM3: TX: 0fab0000010000000800000082020100
2020-01-20 16:18:12,155 - DEBUG - COM3: RX: 0784ab002c000000
2020-01-20 16:18:12,155 - DEBUG - COM3: parsed_packet {event: CmdRsp, data: {'opcode': 171, 'status': 0, 'data': bytearray(b',\x00\x00\x00')}}
2020-01-20 16:18:12,155 - INFO - COM3: PacketSend: {'token': 44}
2020-01-20 16:18:12,171 - DEBUG - COM3: RX: 05d22c000000
2020-01-20 16:18:12,171 - DEBUG - COM3: parsed_packet {event: MeshTxComplete, data: {'token': 44}}
2020-01-20 16:18:12,171 - INFO - COM3: {event: MeshTxComplete, data: {'token': 44}}
