2020-01-20 16:21:30,752 - DEBUG - COM3: TX: 6169fb22f0a3dc36761dea29a86434bfff13249cf0409fb4042de0c8c02e1505dea2b8bf74778d2cf67706708313778f19623f68a8cd1130a5f97bc9cdb51c4879742c2c578744aa5083f67517e5401ec04f1e158821276a6630b048467713d4beb6
2020-01-20 16:21:30,763 - DEBUG - COM3: RX: 03846900
2020-01-20 16:21:30,763 - DEBUG - COM3: parsed_packet {event: CmdRsp, data: {'opcode': 105, 'status': 0, 'data': bytearray(b'')}}
2020-01-20 16:21:30,764 - DEBUG - COM3: TX: 059f01000100
2020-01-20 16:21:30,763 - INFO - COM3: Success
2020-01-20 16:21:30,766 - DEBUG - COM3: RX: 03849f8e
2020-01-20 16:21:30,775 - DEBUG - COM3: parsed_packet {event: CmdRsp, data: {'opcode': 159, 'status': 142, 'data': bytearray(b'')}}
2020-01-20 16:21:30,775 - DEBUG - COM3: TX: 1392000018eed9c2a56add85049ffc3c59ad0e12
2020-01-20 16:21:30,775 - ERROR - COM3: None: ERROR_REJECTED
2020-01-20 16:21:30,778 - DEBUG - COM3: RX: 03849281
2020-01-20 16:21:30,778 - DEBUG - COM3: parsed_packet {event: CmdRsp, data: {'opcode': 146, 'status': 129, 'data': bytearray(b'')}}
2020-01-20 16:21:30,779 - DEBUG - COM3: TX: 1597000000004f68ad85d9f48ac8589df665b6b49b8a
2020-01-20 16:21:30,778 - ERROR - COM3: SubnetAdd: ERROR_INTERNAL
2020-01-20 16:21:30,782 - DEBUG - COM3: RX: 03849781
2020-01-20 16:21:30,782 - DEBUG - COM3: parsed_packet {event: CmdRsp, data: {'opcode': 151, 'status': 129, 'data': bytearray(b'')}}
2020-01-20 16:21:30,783 - DEBUG - COM3: TX: 1597010000002aa2a6ded5a0798ceab5787ca3ae39fc
2020-01-20 16:21:30,782 - ERROR - COM3: AppkeyAdd: ERROR_INTERNAL
2020-01-20 16:21:30,786 - DEBUG - COM3: RX: 03849781
2020-01-20 16:21:30,786 - DEBUG - COM3: parsed_packet {event: CmdRsp, data: {'opcode': 151, 'status': 129, 'data': bytearray(b'')}}
2020-01-20 16:21:30,786 - ERROR - COM3: AppkeyAdd: ERROR_INTERNAL
2020-01-20 16:21:41,318 - DEBUG - COM3: RX: 00
2020-01-20 16:21:41,318 - ERROR - COM3: Invalid packet: bytearray(b'\x00')
2020-01-20 16:21:41,738 - DEBUG - COM3: RX: 04810200fe
2020-01-20 16:21:41,738 - DEBUG - COM3: parsed_packet {event: DeviceStarted, data: {'operating_mode': 2, 'hw_error': 0, 'data_credit_available': 254}}
2020-01-20 16:21:41,738 - INFO - COM3: Device rebooted.
2020-01-20 16:21:46,069 - DEBUG - COM3: TX: 6169ff31097588580a23dcf9e138b2d107ad378c9778f27bb990b296e8fe1f104c02daba8638eaee565f0b85b8a478af4a730fa97cf4c0c5c0708db504e66f045ff3f96afc0b90a8920b4b5c081d12550e5cb7642479b9d3c26b49a4923adeae20a0
2020-01-20 16:21:46,080 - DEBUG - COM3: RX: 03846900
2020-01-20 16:21:46,080 - DEBUG - COM3: parsed_packet {event: CmdRsp, data: {'opcode': 105, 'status': 0, 'data': bytearray(b'')}}
2020-01-20 16:21:46,081 - DEBUG - COM3: TX: 059f01000100
2020-01-20 16:21:46,081 - INFO - COM3: Success
2020-01-20 16:21:46,083 - DEBUG - COM3: RX: 03849f00
2020-01-20 16:21:46,083 - DEBUG - COM3: parsed_packet {event: CmdRsp, data: {'opcode': 159, 'status': 0, 'data': bytearray(b'')}}
2020-01-20 16:21:46,084 - DEBUG - COM3: TX: 1392000018eed9c2a56add85049ffc3c59ad0e12
2020-01-20 16:21:46,083 - INFO - COM3: Success
2020-01-20 16:21:46,088 - DEBUG - COM3: RX: 058492000000
2020-01-20 16:21:46,088 - DEBUG - COM3: parsed_packet {event: CmdRsp, data: {'opcode': 146, 'status': 0, 'data': bytearray(b'\x00\x00')}}
2020-01-20 16:21:46,089 - DEBUG - COM3: TX: 1597000000004f68ad85d9f48ac8589df665b6b49b8a
2020-01-20 16:21:46,088 - INFO - COM3: SubnetAdd: {'subnet_handle': 0}
2020-01-20 16:21:46,092 - DEBUG - COM3: RX: 058497000000
2020-01-20 16:21:46,092 - DEBUG - COM3: parsed_packet {event: CmdRsp, data: {'opcode': 151, 'status': 0, 'data': bytearray(b'\x00\x00')}}
2020-01-20 16:21:46,093 - DEBUG - COM3: TX: 1597010000002aa2a6ded5a0798ceab5787ca3ae39fc
2020-01-20 16:21:46,093 - INFO - COM3: AppkeyAdd: {'appkey_handle': 0}
2020-01-20 16:21:46,097 - DEBUG - COM3: RX: 058497000100
2020-01-20 16:21:46,097 - DEBUG - COM3: parsed_packet {event: CmdRsp, data: {'opcode': 151, 'status': 0, 'data': bytearray(b'\x01\x00')}}
2020-01-20 16:21:46,097 - INFO - COM3: AppkeyAdd: {'appkey_handle': 1}
2020-01-20 16:22:30,521 - DEBUG - COM3: TX: 0161
2020-01-20 16:22:30,523 - DEBUG - COM3: RX: 03846100
2020-01-20 16:22:30,523 - DEBUG - COM3: parsed_packet {event: CmdRsp, data: {'opcode': 97, 'status': 0, 'data': bytearray(b'')}}
2020-01-20 16:22:30,524 - INFO - COM3: Success
2020-01-20 16:22:31,431 - DEBUG - COM3: RX: 1ac066af655ea4e7cf4d939f933cb0a6c9b6b40001939f933cb0e6
2020-01-20 16:22:31,432 - DEBUG - COM3: parsed_packet {event: ProvUnprovisionedReceived, data: {'uuid': bytearray(b'f\xafe^\xa4\xe7\xcfM\x93\x9f\x93<\xb0\xa6\xc9\xb6'), 'rssi': -76, 'gatt_supported': 0, 'adv_addr_type': 1, 'adv_addr': bytearray(b'\x93\x9f\x93<\xb0\xe6')}}
2020-01-20 16:22:31,432 - INFO - COM3: Received UUID 66af655ea4e7cf4d939f933cb0a6c9b6 with RSSI: -76 dB
2020-01-20 16:22:32,048 - DEBUG - COM3: RX: 1ac0d5b91bba0508344a809923e28a48b06dc40001c09923e28ac8
2020-01-20 16:22:32,048 - DEBUG - COM3: parsed_packet {event: ProvUnprovisionedReceived, data: {'uuid': bytearray(b'\xd5\xb9\x1b\xba\x05\x084J\x80\x99#\xe2\x8aH\xb0m'), 'rssi': -60, 'gatt_supported': 0, 'adv_addr_type': 1, 'adv_addr': bytearray(b'\xc0\x99#\xe2\x8a\xc8')}}
2020-01-20 16:22:32,048 - INFO - COM3: Received UUID d5b91bba0508344a809923e28a48b06d with RSSI: -60 dB
2020-01-20 16:22:33,438 - DEBUG - COM3: RX: 1ac066af655ea4e7cf4d939f933cb0a6c9b6bc0001939f933cb0e6
2020-01-20 16:22:33,438 - DEBUG - COM3: parsed_packet {event: ProvUnprovisionedReceived, data: {'uuid': bytearray(b'f\xafe^\xa4\xe7\xcfM\x93\x9f\x93<\xb0\xa6\xc9\xb6'), 'rssi': -68, 'gatt_supported': 0, 'adv_addr_type': 1, 'adv_addr': bytearray(b'\x93\x9f\x93<\xb0\xe6')}}
2020-01-20 16:22:35,438 - DEBUG - COM3: RX: 1ac066af655ea4e7cf4d939f933cb0a6c9b6c10001939f933cb0e6
2020-01-20 16:22:35,438 - DEBUG - COM3: parsed_packet {event: ProvUnprovisionedReceived, data: {'uuid': bytearray(b'f\xafe^\xa4\xe7\xcfM\x93\x9f\x93<\xb0\xa6\xc9\xb6'), 'rssi': -63, 'gatt_supported': 0, 'adv_addr_type': 1, 'adv_addr': bytearray(b'\x93\x9f\x93<\xb0\xe6')}}
2020-01-20 16:22:35,521 - DEBUG - COM3: TX: 0162
2020-01-20 16:22:35,523 - DEBUG - COM3: RX: 03846200
2020-01-20 16:22:35,523 - DEBUG - COM3: parsed_packet {event: CmdRsp, data: {'opcode': 98, 'status': 0, 'data': bytearray(b'')}}
2020-01-20 16:22:35,523 - INFO - COM3: Success
2020-01-20 16:22:52,440 - DEBUG - COM3: TX: 2d6300d5b91bba0508344a809923e28a48b06d18eed9c2a56add85049ffc3c59ad0e120000000000003d00000000
2020-01-20 16:22:52,440 - DEBUG - COM3: RX: 0484630000
2020-01-20 16:22:52,440 - DEBUG - COM3: parsed_packet {event: CmdRsp, data: {'opcode': 99, 'status': 0, 'data': bytearray(b'\x00')}}
2020-01-20 16:22:52,440 - INFO - COM3: Provision: {'context': 0}
2020-01-20 16:22:52,456 - DEBUG - COM3: RX: 02c100
2020-01-20 16:22:52,456 - DEBUG - COM3: parsed_packet {event: ProvLinkEstablished, data: {'context_id': 0}}
2020-01-20 16:22:52,456 - INFO - COM3: Link established
2020-01-20 16:22:52,512 - DEBUG - COM3: RX: 0bc300050001000000000000
2020-01-20 16:22:52,512 - DEBUG - COM3: parsed_packet {event: ProvCapsReceived, data: {'context_id': 0, 'num_elements': 5, 'public_key_type': 0, 'static_oob_types': 1, 'output_oob_size': 0, 'output_oob_actions': 0, 'input_oob_size': 0, 'input_oob_actions': 0}}
2020-01-20 16:22:52,512 - INFO - COM3: Received capabilities
2020-01-20 16:22:52,512 - INFO - COM3: Number of elements: 5
2020-01-20 16:22:52,512 - DEBUG - COM3: TX: 056600000000
2020-01-20 16:22:52,512 - DEBUG - COM3: RX: 0484660000
2020-01-20 16:22:52,512 - DEBUG - COM3: parsed_packet {event: CmdRsp, data: {'opcode': 102, 'status': 0, 'data': bytearray(b'\x00')}}
2020-01-20 16:22:52,512 - INFO - COM3: OobUse: {'context': 0}
2020-01-20 16:22:52,736 - DEBUG - COM3: RX: 62c700688d267c49684e84957dd9052511d4c79650f274ef683f453577592282df259aeb49b6b6428b0f155af40c4fc23c3810fb127ae6222324fb7a8cf17be7ac69edff31097588580a23dcf9e138b2d107ad378c9778f27bb990b296e8fe1f104c02
2020-01-20 16:22:52,736 - DEBUG - COM3: parsed_packet {event: ProvEcdhRequest, data: {'context_id': 0, 'peer_public': bytearray(b'h\x8d&|IhN\x84\x95}\xd9\x05%\x11\xd4\xc7\x96P\xf2t\xefh?E5wY"\x82\xdf%\x9a\xebI\xb6\xb6B\x8b\x0f\x15Z\xf4\x0cO\xc2<8\x10\xfb\x12z\xe6"#$\xfbz\x8c\xf1{\xe7\xaci\xed'), 'node_private': bytearray(b'\xff1\tu\x88X\n#\xdc\xf9\xe18\xb2\xd1\x07\xad7\x8c\x97x\xf2{\xb9\x90\xb2\x96\xe8\xfe\x1f\x10L\x02')}}
2020-01-20 16:22:52,737 - INFO - COM3: ECDH request received
2020-01-20 16:22:52,738 - DEBUG - COM3: TX: 2268006d675e5377654f56ded9460cc55b17a67e52caef45e6dc828e12705ff0758219
2020-01-20 16:22:52,742 - DEBUG - COM3: RX: 0484680000
2020-01-20 16:22:52,742 - DEBUG - COM3: parsed_packet {event: CmdRsp, data: {'opcode': 104, 'status': 0, 'data': bytearray(b'\x00')}}
2020-01-20 16:22:52,742 - INFO - COM3: EcdhSecret: {'context': 0}
2020-01-20 16:22:53,057 - DEBUG - COM3: RX: 2cc5000000000000003d00000009fa4cc39d92404472f3f903038e225318eed9c2a56add85049ffc3c59ad0e12
2020-01-20 16:22:53,057 - DEBUG - COM3: parsed_packet {event: ProvComplete, data: {'context_id': 0, 'iv_index': 0, 'net_key_index': 0, 'address': 61, 'iv_update_flag': 0, 'key_refresh_flag': 0, 'device_key': bytearray(b'\t\xfaL\xc3\x9d\x92@Dr\xf3\xf9\x03\x03\x8e"S'), 'net_key': bytearray(b'\x18\xee\xd9\xc2\xa5j\xdd\x85\x04\x9f\xfc<Y\xad\x0e\x12')}}
2020-01-20 16:22:53,057 - INFO - COM3: Provisioning complete
2020-01-20 16:22:53,057 - INFO - COM3: 	Address(es): 0x3d-0x41
2020-01-20 16:22:53,057 - INFO - COM3: 	Device key: 09fa4cc39d92404472f3f903038e2253
2020-01-20 16:22:53,057 - INFO - COM3: 	Network key: 18eed9c2a56add85049ffc3c59ad0e12
2020-01-20 16:22:53,057 - INFO - COM3: Adding device key to subnet 0
2020-01-20 16:22:53,057 - DEBUG - COM3: TX: 159c3d00000009fa4cc39d92404472f3f903038e2253
2020-01-20 16:22:53,057 - INFO - COM3: Adding publication address of root element
2020-01-20 16:22:53,072 - DEBUG - COM3: TX: 03a43d00
2020-01-20 16:22:53,072 - DEBUG - COM3: RX: 05849c000800
2020-01-20 16:22:53,072 - DEBUG - COM3: parsed_packet {event: CmdRsp, data: {'opcode': 156, 'status': 0, 'data': bytearray(b'\x08\x00')}}
2020-01-20 16:22:53,072 - INFO - COM3: DevkeyAdd: {'devkey_handle': 8}
2020-01-20 16:22:53,072 - DEBUG - COM3: RX: 0584a4000000
2020-01-20 16:22:53,072 - DEBUG - COM3: parsed_packet {event: CmdRsp, data: {'opcode': 164, 'status': 0, 'data': bytearray(b'\x00\x00')}}
2020-01-20 16:22:53,072 - INFO - COM3: AddrPublicationAdd: {'address_handle': 0}
2020-01-20 16:22:53,170 - DEBUG - COM3: RX: 03c20000
2020-01-20 16:22:53,171 - DEBUG - COM3: parsed_packet {event: ProvLinkClosed, data: {'context_id': 0, 'close_reason': 0}}
2020-01-20 16:22:53,171 - INFO - COM3: Provisioning link closed
2020-01-20 16:23:13,000 - DEBUG - COM3.ConfigurationClient: Sending opcode: 8008, data: 00
2020-01-20 16:23:13,000 - DEBUG - COM3: TX: 0eab08000100000008000000800800
2020-01-20 16:23:13,004 - DEBUG - COM3: RX: 0784ab0001000000
2020-01-20 16:23:13,004 - DEBUG - COM3: parsed_packet {event: CmdRsp, data: {'opcode': 171, 'status': 0, 'data': bytearray(b'\x01\x00\x00\x00')}}
2020-01-20 16:23:13,004 - INFO - COM3: PacketSend: {'token': 1}
2020-01-20 16:23:13,007 - DEBUG - COM3: RX: 05d201000000
2020-01-20 16:23:13,007 - DEBUG - COM3: parsed_packet {event: MeshTxComplete, data: {'token': 1}}
2020-01-20 16:23:13,007 - INFO - COM3: {event: MeshTxComplete, data: {'token': 1}}
2020-01-20 16:23:13,075 - DEBUG - COM3: RX: 2ad03d000100080000000401c09923e28ac8c71600020059000000000028000f0000000300000002000210
2020-01-20 16:23:13,075 - DEBUG - COM3: parsed_packet {event: MeshMessageReceivedUnicast, data: {'src': 61, 'dst': 1, 'appkey_handle': 8, 'subnet_handle': 0, 'ttl': 4, 'adv_addr_type': 1, 'adv_addr': bytearray(b'\xc0\x99#\xe2\x8a\xc8'), 'rssi': -57, 'actual_length': 22, 'data': bytearray(b'\x02\x00Y\x00\x00\x00\x00\x00(\x00\x0f\x00\x00\x00\x03\x00\x00\x00\x02\x00\x02\x10')}}
2020-01-20 16:23:13,084 - INFO - COM3.ConfigurationClient: Received composition data (page 0x00): {
  "cid": "0059",
  "pid": "0000",
  "vid": "0000",
  "crpl": 40,
  "features": {
    "relay": 0,
    "proxy": 0,
    "friend": 0,
    "low_power": 0
  },
  "elements": [
    {
      "index": 0,
      "location": "0000",
      "models": [
        {
          "modelId": "0000"
        },
        {
          "modelId": "0002"
        },
        {
          "modelId": "1002"
        }
      ]
    }
  ]
}
2020-01-20 16:23:13,085 - DEBUG - COM3: Message Opcode bytearray(b'\x02'), Data bytearray(b'\x00Y\x00\x00\x00\x00\x00(\x00\x0f\x00\x00\x00\x03\x00\x00\x00\x02\x00\x02\x10') unknown for model <mesh.access.Access object at 0x000002695E860640>.
2020-01-20 16:23:13,085 - DEBUG - COM3: Message Opcode bytearray(b'\x02'), Data bytearray(b'\x00Y\x00\x00\x00\x00\x00(\x00\x0f\x00\x00\x00\x03\x00\x00\x00\x02\x00\x02\x10') unknown for model <mesh.access.Access object at 0x000002695E860640>.
2020-01-20 16:23:15,001 - DEBUG - COM3.ConfigurationClient: Sending opcode: 00, data: 0000004f68ad85d9f48ac8589df665b6b49b8a
2020-01-20 16:23:15,001 - DEBUG - COM3: TX: 1fab08000100000008000000000000004f68ad85d9f48ac8589df665b6b49b8a
2020-01-20 16:23:15,001 - DEBUG - COM3: RX: 0784ab0002000000
2020-01-20 16:23:15,001 - DEBUG - COM3: parsed_packet {event: CmdRsp, data: {'opcode': 171, 'status': 0, 'data': bytearray(b'\x02\x00\x00\x00')}}
2020-01-20 16:23:15,001 - INFO - COM3: PacketSend: {'token': 2}
2020-01-20 16:23:15,048 - DEBUG - COM3: RX: 05d202000000
2020-01-20 16:23:15,048 - DEBUG - COM3: parsed_packet {event: MeshTxComplete, data: {'token': 2}}
2020-01-20 16:23:15,048 - INFO - COM3: {event: MeshTxComplete, data: {'token': 2}}
2020-01-20 16:23:15,078 - DEBUG - COM3: RX: 1ad03d000100080000000401c09923e28ac8c40600800300000000
2020-01-20 16:23:15,078 - DEBUG - COM3: parsed_packet {event: MeshMessageReceivedUnicast, data: {'src': 61, 'dst': 1, 'appkey_handle': 8, 'subnet_handle': 0, 'ttl': 4, 'adv_addr_type': 1, 'adv_addr': bytearray(b'\xc0\x99#\xe2\x8a\xc8'), 'rssi': -60, 'actual_length': 6, 'data': bytearray(b'\x80\x03\x00\x00\x00\x00')}}
2020-01-20 16:23:15,078 - INFO - COM3.ConfigurationClient: Appkey status: AccessStatus.SUCCESS
2020-01-20 16:23:15,098 - INFO - COM3.ConfigurationClient: Appkey add 0 succeded for subnet 0 at node 003d
2020-01-20 16:23:15,098 - DEBUG - COM3: Message Opcode bytearray(b'\x80\x03'), Data bytearray(b'\x00\x00\x00\x00') unknown for model <mesh.access.Access object at 0x000002695E860640>.
2020-01-20 16:23:15,098 - DEBUG - COM3: Message Opcode bytearray(b'\x80\x03'), Data bytearray(b'\x00\x00\x00\x00') unknown for model <mesh.access.Access object at 0x000002695E860640>.
2020-01-20 16:23:16,008 - DEBUG - COM3.ConfigurationClient: Sending opcode: 803d, data: 3d0000000210
2020-01-20 16:23:16,008 - DEBUG - COM3: TX: 13ab08000100000008000000803d3d0000000210
2020-01-20 16:23:16,008 - DEBUG - COM3: RX: 0784ab0003000000
2020-01-20 16:23:16,008 - DEBUG - COM3: parsed_packet {event: CmdRsp, data: {'opcode': 171, 'status': 0, 'data': bytearray(b'\x03\x00\x00\x00')}}
2020-01-20 16:23:16,008 - INFO - COM3: PacketSend: {'token': 3}
2020-01-20 16:23:16,008 - DEBUG - COM3: RX: 05d203000000
2020-01-20 16:23:16,008 - DEBUG - COM3: parsed_packet {event: MeshTxComplete, data: {'token': 3}}
2020-01-20 16:23:16,008 - INFO - COM3: {event: MeshTxComplete, data: {'token': 3}}
2020-01-20 16:23:16,039 - DEBUG - COM3: RX: 1dd03d000100080000000401c09923e28ac8c70900803e003d0000000210
2020-01-20 16:23:16,039 - DEBUG - COM3: parsed_packet {event: MeshMessageReceivedUnicast, data: {'src': 61, 'dst': 1, 'appkey_handle': 8, 'subnet_handle': 0, 'ttl': 4, 'adv_addr_type': 1, 'adv_addr': bytearray(b'\xc0\x99#\xe2\x8a\xc8'), 'rssi': -57, 'actual_length': 9, 'data': bytearray(b'\x80>\x00=\x00\x00\x00\x02\x10')}}
2020-01-20 16:23:16,039 - INFO - COM3.ConfigurationClient: Model app bind status: AccessStatus.SUCCESS
2020-01-20 16:23:16,055 - INFO - COM3.ConfigurationClient: Appkey bind 0 to model 1002 at 003d
2020-01-20 16:23:16,055 - DEBUG - COM3: Message Opcode bytearray(b'\x80>'), Data bytearray(b'\x00=\x00\x00\x00\x02\x10') unknown for model <mesh.access.Access object at 0x000002695E860640>.
2020-01-20 16:23:16,055 - DEBUG - COM3: Message Opcode bytearray(b'\x80>'), Data bytearray(b'\x00=\x00\x00\x00\x02\x10') unknown for model <mesh.access.Access object at 0x000002695E860640>.
2020-01-20 16:23:20,025 - INFO - COM3.NodeConfigClient: Send Data1: 16
2020-01-20 16:23:20,025 - INFO - COM3.NodeConfigClient: Send Data2: 0
2020-01-20 16:23:20,025 - INFO - COM3.NodeConfigClient: Send Data3: 0
2020-01-20 16:23:20,025 - INFO - COM3.NodeConfigClient: Send Data4: 0
2020-01-20 16:23:20,025 - INFO - COM3.NodeConfigClient: Send Data: bytearray(b'\x00\x00\x00\x10\x00')
2020-01-20 16:23:20,025 - DEBUG - COM3.NodeConfigClient: Sending opcode: 8206, data: 0000001000
2020-01-20 16:23:20,025 - DEBUG - COM3: TX: 12ab0000010000000800000082060000001000
2020-01-20 16:23:20,025 - DEBUG - COM3: RX: 0784ab0004000000
2020-01-20 16:23:20,025 - DEBUG - COM3: parsed_packet {event: CmdRsp, data: {'opcode': 171, 'status': 0, 'data': bytearray(b'\x04\x00\x00\x00')}}
2020-01-20 16:23:20,025 - INFO - COM3: PacketSend: {'token': 4}
2020-01-20 16:23:20,040 - DEBUG - COM3: RX: 05d204000000
2020-01-20 16:23:20,040 - DEBUG - COM3: parsed_packet {event: MeshTxComplete, data: {'token': 4}}
2020-01-20 16:23:20,040 - INFO - COM3: {event: MeshTxComplete, data: {'token': 4}}
2020-01-20 16:23:20,056 - DEBUG - COM3: RX: 18d03d000100000000000401c09923e28ac8c4040082080000
2020-01-20 16:23:20,056 - DEBUG - COM3: parsed_packet {event: MeshMessageReceivedUnicast, data: {'src': 61, 'dst': 1, 'appkey_handle': 0, 'subnet_handle': 0, 'ttl': 4, 'adv_addr_type': 1, 'adv_addr': bytearray(b'\xc0\x99#\xe2\x8a\xc8'), 'rssi': -60, 'actual_length': 4, 'data': bytearray(b'\x82\x08\x00\x00')}}
2020-01-20 16:23:20,056 - DEBUG - COM3: Message Opcode bytearray(b'\x82\x08'), Data bytearray(b'\x00\x00') unknown for model <mesh.access.Access object at 0x000002695E860640>.
2020-01-20 16:23:20,056 - INFO - COM3.NodeConfigClient: Present Level: bytearray(b'\x00\x00') Target Level: bytearray(b'\x00\x00')
2020-01-20 16:23:20,056 - DEBUG - COM3: Message Opcode bytearray(b'\x82\x08'), Data bytearray(b'\x00\x00') unknown for model <mesh.access.Access object at 0x000002695E860640>.
2020-01-20 16:23:25,026 - DEBUG - COM3.ConfigurationClient: Sending opcode: 8049, data: 
2020-01-20 16:23:25,026 - DEBUG - COM3: TX: 0dab080001000000080000008049
2020-01-20 16:23:25,026 - DEBUG - COM3: RX: 0784ab0005000000
2020-01-20 16:23:25,026 - DEBUG - COM3: parsed_packet {event: CmdRsp, data: {'opcode': 171, 'status': 0, 'data': bytearray(b'\x05\x00\x00\x00')}}
2020-01-20 16:23:25,026 - INFO - COM3: PacketSend: {'token': 5}
2020-01-20 16:23:25,042 - DEBUG - COM3: RX: 05d205000000
2020-01-20 16:23:25,042 - DEBUG - COM3: parsed_packet {event: MeshTxComplete, data: {'token': 5}}
2020-01-20 16:23:25,042 - INFO - COM3: {event: MeshTxComplete, data: {'token': 5}}
2020-01-20 16:23:25,058 - DEBUG - COM3: RX: 16d03d000100080000000401c09923e28ac8c60200804a
2020-01-20 16:23:25,058 - DEBUG - COM3: parsed_packet {event: MeshMessageReceivedUnicast, data: {'src': 61, 'dst': 1, 'appkey_handle': 8, 'subnet_handle': 0, 'ttl': 4, 'adv_addr_type': 1, 'adv_addr': bytearray(b'\xc0\x99#\xe2\x8a\xc8'), 'rssi': -58, 'actual_length': 2, 'data': bytearray(b'\x80J')}}
2020-01-20 16:23:25,058 - INFO - COM3.ConfigurationClient: Node 003d was reset
2020-01-20 16:23:25,058 - DEBUG - COM3: Message Opcode bytearray(b'\x80J'), Data bytearray(b'') unknown for model <mesh.access.Access object at 0x000002695E860640>.
2020-01-20 16:23:25,058 - DEBUG - COM3: Message Opcode bytearray(b'\x80J'), Data bytearray(b'') unknown for model <mesh.access.Access object at 0x000002695E860640>.
2020-01-20 16:23:43,480 - DEBUG - COM3: RX: 00
2020-01-20 16:23:43,480 - ERROR - COM3: Invalid packet: bytearray(b'\x00')
2020-01-20 16:23:43,895 - DEBUG - COM3: RX: 04810200fe
2020-01-20 16:23:43,895 - DEBUG - COM3: parsed_packet {event: DeviceStarted, data: {'operating_mode': 2, 'hw_error': 0, 'data_credit_available': 254}}
2020-01-20 16:23:43,895 - INFO - COM3: Device rebooted.
