2020-01-20 16:06:34,708 - DEBUG - COM3: TX: 61694f0116bdeaff1a37365a7c5b077acf384f96ac6a22fb5ef5e79f13b3f1b55b6300003a40a8a3efa343d7bf71f65a6c33f864a082f1995241947b63ef468c4e0d2f1e8ac54a531fa3e7dcb6ac0292b270c2f9f43c0e4684666fa0f24045b620de
2020-01-20 16:06:34,719 - DEBUG - COM3: RX: 03846900
2020-01-20 16:06:34,719 - DEBUG - COM3: parsed_packet {event: CmdRsp, data: {'opcode': 105, 'status': 0, 'data': bytearray(b'')}}
2020-01-20 16:06:34,720 - DEBUG - COM3: TX: 059f01000100
2020-01-20 16:06:34,720 - INFO - COM3: Success
2020-01-20 16:06:34,722 - DEBUG - COM3: RX: 03849f8e
2020-01-20 16:06:34,731 - DEBUG - COM3: parsed_packet {event: CmdRsp, data: {'opcode': 159, 'status': 142, 'data': bytearray(b'')}}
2020-01-20 16:06:34,731 - DEBUG - COM3: TX: 1392000018eed9c2a56add85049ffc3c59ad0e12
2020-01-20 16:06:34,731 - ERROR - COM3: None: ERROR_REJECTED
2020-01-20 16:06:34,735 - DEBUG - COM3: RX: 03849281
2020-01-20 16:06:34,735 - DEBUG - COM3: parsed_packet {event: CmdRsp, data: {'opcode': 146, 'status': 129, 'data': bytearray(b'')}}
2020-01-20 16:06:34,735 - DEBUG - COM3: TX: 1597000000004f68ad85d9f48ac8589df665b6b49b8a
2020-01-20 16:06:34,735 - ERROR - COM3: SubnetAdd: ERROR_INTERNAL
2020-01-20 16:06:34,739 - DEBUG - COM3: RX: 03849781
2020-01-20 16:06:34,739 - DEBUG - COM3: parsed_packet {event: CmdRsp, data: {'opcode': 151, 'status': 129, 'data': bytearray(b'')}}
2020-01-20 16:06:34,739 - DEBUG - COM3: TX: 1597010000002aa2a6ded5a0798ceab5787ca3ae39fc
2020-01-20 16:06:34,739 - ERROR - COM3: AppkeyAdd: ERROR_INTERNAL
2020-01-20 16:06:34,743 - DEBUG - COM3: RX: 03849781
2020-01-20 16:06:34,743 - DEBUG - COM3: parsed_packet {event: CmdRsp, data: {'opcode': 151, 'status': 129, 'data': bytearray(b'')}}
2020-01-20 16:06:34,743 - ERROR - COM3: AppkeyAdd: ERROR_INTERNAL
2020-01-20 16:06:39,228 - DEBUG - COM3.ConfigurationClient: Sending opcode: 8008, data: 00
2020-01-20 16:06:39,228 - DEBUG - COM3: TX: 0eab08000100000008000000800800
2020-01-20 16:06:39,232 - DEBUG - COM3: RX: 0784ab000d000000
2020-01-20 16:06:39,232 - DEBUG - COM3: parsed_packet {event: CmdRsp, data: {'opcode': 171, 'status': 0, 'data': bytearray(b'\r\x00\x00\x00')}}
2020-01-20 16:06:39,232 - INFO - COM3: PacketSend: {'token': 13}
2020-01-20 16:06:39,235 - DEBUG - COM3: RX: 05d20d000000
2020-01-20 16:06:39,235 - DEBUG - COM3: parsed_packet {event: MeshTxComplete, data: {'token': 13}}
2020-01-20 16:06:39,235 - INFO - COM3: {event: MeshTxComplete, data: {'token': 13}}
2020-01-20 16:06:39,321 - DEBUG - COM3: RX: 30d03b000100080000000301b492f8f01ddcc61c00020059000000000028000f0000000300000002000210000001000010
2020-01-20 16:06:39,321 - DEBUG - COM3: parsed_packet {event: MeshMessageReceivedUnicast, data: {'src': 59, 'dst': 1, 'appkey_handle': 8, 'subnet_handle': 0, 'ttl': 3, 'adv_addr_type': 1, 'adv_addr': bytearray(b'\xb4\x92\xf8\xf0\x1d\xdc'), 'rssi': -58, 'actual_length': 28, 'data': bytearray(b'\x02\x00Y\x00\x00\x00\x00\x00(\x00\x0f\x00\x00\x00\x03\x00\x00\x00\x02\x00\x02\x10\x00\x00\x01\x00\x00\x10')}}
2020-01-20 16:06:39,330 - INFO - COM3.ConfigurationClient: Received composition data (page 0x00): {
  "cid": "0059",
  "pid": "0000",
  "vid": "0000",
  "crpl": 40,
  "features": {
    "relay": 0,
    "proxy": 0,
    "friend": 0,
    "low_power": 0
  },
  "elements": [
    {
      "index": 0,
      "location": "0000",
      "models": [
        {
          "modelId": "0000"
        },
        {
          "modelId": "0002"
        },
        {
          "modelId": "1002"
        }
      ]
    },
    {
      "index": 1,
      "location": "0000",
      "models": [
        {
          "modelId": "1000"
        }
      ]
    }
  ]
}
2020-01-20 16:06:39,331 - DEBUG - COM3: Message Opcode bytearray(b'\x02'), Data bytearray(b'\x00Y\x00\x00\x00\x00\x00(\x00\x0f\x00\x00\x00\x03\x00\x00\x00\x02\x00\x02\x10\x00\x00\x01\x00\x00\x10') unknown for model <mesh.access.Access object at 0x0000023406890640>.
2020-01-20 16:06:39,331 - DEBUG - COM3: Message Opcode bytearray(b'\x02'), Data bytearray(b'\x00Y\x00\x00\x00\x00\x00(\x00\x0f\x00\x00\x00\x03\x00\x00\x00\x02\x00\x02\x10\x00\x00\x01\x00\x00\x10') unknown for model <mesh.access.Access object at 0x0000023406890640>.
2020-01-20 16:06:41,229 - DEBUG - COM3.ConfigurationClient: Sending opcode: 00, data: 0000004f68ad85d9f48ac8589df665b6b49b8a
2020-01-20 16:06:41,229 - DEBUG - COM3: TX: 1fab08000100000008000000000000004f68ad85d9f48ac8589df665b6b49b8a
2020-01-20 16:06:41,234 - DEBUG - COM3: RX: 0784ab000e000000
2020-01-20 16:06:41,235 - DEBUG - COM3: parsed_packet {event: CmdRsp, data: {'opcode': 171, 'status': 0, 'data': bytearray(b'\x0e\x00\x00\x00')}}
2020-01-20 16:06:41,235 - INFO - COM3: PacketSend: {'token': 14}
2020-01-20 16:06:41,293 - DEBUG - COM3: RX: 05d20e000000
2020-01-20 16:06:41,294 - DEBUG - COM3: parsed_packet {event: MeshTxComplete, data: {'token': 14}}
2020-01-20 16:06:41,294 - INFO - COM3: {event: MeshTxComplete, data: {'token': 14}}
2020-01-20 16:06:41,316 - DEBUG - COM3: RX: 1ad03b000100080000000401c09923e28ac8be0600800300000000
2020-01-20 16:06:41,317 - DEBUG - COM3: parsed_packet {event: MeshMessageReceivedUnicast, data: {'src': 59, 'dst': 1, 'appkey_handle': 8, 'subnet_handle': 0, 'ttl': 4, 'adv_addr_type': 1, 'adv_addr': bytearray(b'\xc0\x99#\xe2\x8a\xc8'), 'rssi': -66, 'actual_length': 6, 'data': bytearray(b'\x80\x03\x00\x00\x00\x00')}}
2020-01-20 16:06:41,317 - INFO - COM3.ConfigurationClient: Appkey status: AccessStatus.SUCCESS
2020-01-20 16:06:41,327 - INFO - COM3.ConfigurationClient: Appkey add 0 succeded for subnet 0 at node 003b
2020-01-20 16:06:41,327 - DEBUG - COM3: Message Opcode bytearray(b'\x80\x03'), Data bytearray(b'\x00\x00\x00\x00') unknown for model <mesh.access.Access object at 0x0000023406890640>.
2020-01-20 16:06:41,327 - DEBUG - COM3: Message Opcode bytearray(b'\x80\x03'), Data bytearray(b'\x00\x00\x00\x00') unknown for model <mesh.access.Access object at 0x0000023406890640>.
2020-01-20 16:06:42,231 - DEBUG - COM3.ConfigurationClient: Sending opcode: 803d, data: 3c0000000010
2020-01-20 16:06:42,231 - DEBUG - COM3: TX: 13ab08000100000008000000803d3c0000000010
2020-01-20 16:06:42,231 - DEBUG - COM3: RX: 0784ab000f000000
2020-01-20 16:06:42,231 - DEBUG - COM3: parsed_packet {event: CmdRsp, data: {'opcode': 171, 'status': 0, 'data': bytearray(b'\x0f\x00\x00\x00')}}
2020-01-20 16:06:42,231 - INFO - COM3: PacketSend: {'token': 15}
2020-01-20 16:06:42,246 - DEBUG - COM3: RX: 05d20f000000
2020-01-20 16:06:42,246 - DEBUG - COM3: parsed_packet {event: MeshTxComplete, data: {'token': 15}}
2020-01-20 16:06:42,246 - INFO - COM3: {event: MeshTxComplete, data: {'token': 15}}
2020-01-20 16:06:42,262 - DEBUG - COM3: RX: 1dd03b000100080000000401c09923e28ac8bb0900803e003c0000000010
2020-01-20 16:06:42,262 - DEBUG - COM3: parsed_packet {event: MeshMessageReceivedUnicast, data: {'src': 59, 'dst': 1, 'appkey_handle': 8, 'subnet_handle': 0, 'ttl': 4, 'adv_addr_type': 1, 'adv_addr': bytearray(b'\xc0\x99#\xe2\x8a\xc8'), 'rssi': -69, 'actual_length': 9, 'data': bytearray(b'\x80>\x00<\x00\x00\x00\x00\x10')}}
2020-01-20 16:06:42,262 - INFO - COM3.ConfigurationClient: Model app bind status: AccessStatus.SUCCESS
2020-01-20 16:06:42,277 - INFO - COM3.ConfigurationClient: Appkey bind 0 to model 1000 at 003c
2020-01-20 16:06:42,277 - DEBUG - COM3: Message Opcode bytearray(b'\x80>'), Data bytearray(b'\x00<\x00\x00\x00\x00\x10') unknown for model <mesh.access.Access object at 0x0000023406890640>.
2020-01-20 16:06:42,277 - DEBUG - COM3: Message Opcode bytearray(b'\x80>'), Data bytearray(b'\x00<\x00\x00\x00\x00\x10') unknown for model <mesh.access.Access object at 0x0000023406890640>.
2020-01-20 16:06:43,239 - DEBUG - COM3.GenericOnOffClient: Sending opcode: 8202, data: 0100
2020-01-20 16:06:43,239 - DEBUG - COM3: TX: 0fab0000010000000800000082020100
2020-01-20 16:06:43,239 - DEBUG - COM3: RX: 0784ab0010000000
2020-01-20 16:06:43,239 - DEBUG - COM3: parsed_packet {event: CmdRsp, data: {'opcode': 171, 'status': 0, 'data': bytearray(b'\x10\x00\x00\x00')}}
2020-01-20 16:06:43,239 - INFO - COM3: PacketSend: {'token': 16}
2020-01-20 16:06:43,239 - DEBUG - COM3: RX: 05d210000000
2020-01-20 16:06:43,239 - DEBUG - COM3: parsed_packet {event: MeshTxComplete, data: {'token': 16}}
2020-01-20 16:06:43,239 - INFO - COM3: {event: MeshTxComplete, data: {'token': 16}}
2020-01-20 16:06:58,364 - DEBUG - COM3.ConfigurationClient: Sending opcode: 8008, data: 00
2020-01-20 16:06:58,364 - DEBUG - COM3: TX: 0eab08000100000008000000800800
2020-01-20 16:06:58,368 - DEBUG - COM3: RX: 0784ab0011000000
2020-01-20 16:06:58,368 - DEBUG - COM3: parsed_packet {event: CmdRsp, data: {'opcode': 171, 'status': 0, 'data': bytearray(b'\x11\x00\x00\x00')}}
2020-01-20 16:06:58,368 - INFO - COM3: PacketSend: {'token': 17}
2020-01-20 16:06:58,385 - DEBUG - COM3: RX: 05d211000000
2020-01-20 16:06:58,385 - DEBUG - COM3: parsed_packet {event: MeshTxComplete, data: {'token': 17}}
2020-01-20 16:06:58,385 - INFO - COM3: {event: MeshTxComplete, data: {'token': 17}}
2020-01-20 16:06:58,453 - DEBUG - COM3: RX: 30d03b000100080000000401c09923e28ac8bf1c00020059000000000028000f0000000300000002000210000001000010
2020-01-20 16:06:58,454 - DEBUG - COM3: parsed_packet {event: MeshMessageReceivedUnicast, data: {'src': 59, 'dst': 1, 'appkey_handle': 8, 'subnet_handle': 0, 'ttl': 4, 'adv_addr_type': 1, 'adv_addr': bytearray(b'\xc0\x99#\xe2\x8a\xc8'), 'rssi': -65, 'actual_length': 28, 'data': bytearray(b'\x02\x00Y\x00\x00\x00\x00\x00(\x00\x0f\x00\x00\x00\x03\x00\x00\x00\x02\x00\x02\x10\x00\x00\x01\x00\x00\x10')}}
2020-01-20 16:06:58,464 - INFO - COM3.ConfigurationClient: Received composition data (page 0x00): {
  "cid": "0059",
  "pid": "0000",
  "vid": "0000",
  "crpl": 40,
  "features": {
    "relay": 0,
    "proxy": 0,
    "friend": 0,
    "low_power": 0
  },
  "elements": [
    {
      "index": 0,
      "location": "0000",
      "models": [
        {
          "modelId": "0000"
        },
        {
          "modelId": "0002"
        },
        {
          "modelId": "1002"
        }
      ]
    },
    {
      "index": 1,
      "location": "0000",
      "models": [
        {
          "modelId": "1000"
        }
      ]
    }
  ]
}
2020-01-20 16:06:58,464 - DEBUG - COM3: Message Opcode bytearray(b'\x02'), Data bytearray(b'\x00Y\x00\x00\x00\x00\x00(\x00\x0f\x00\x00\x00\x03\x00\x00\x00\x02\x00\x02\x10\x00\x00\x01\x00\x00\x10') unknown for model <mesh.access.Access object at 0x0000023406890640>.
2020-01-20 16:06:58,464 - DEBUG - COM3: Message Opcode bytearray(b'\x02'), Data bytearray(b'\x00Y\x00\x00\x00\x00\x00(\x00\x0f\x00\x00\x00\x03\x00\x00\x00\x02\x00\x02\x10\x00\x00\x01\x00\x00\x10') unknown for model <mesh.access.Access object at 0x0000023406890640>.
2020-01-20 16:07:00,371 - DEBUG - COM3.ConfigurationClient: Sending opcode: 00, data: 0000004f68ad85d9f48ac8589df665b6b49b8a
2020-01-20 16:07:00,371 - DEBUG - COM3: TX: 1fab08000100000008000000000000004f68ad85d9f48ac8589df665b6b49b8a
2020-01-20 16:07:00,371 - DEBUG - COM3: RX: 0784ab0012000000
2020-01-20 16:07:00,371 - DEBUG - COM3: parsed_packet {event: CmdRsp, data: {'opcode': 171, 'status': 0, 'data': bytearray(b'\x12\x00\x00\x00')}}
2020-01-20 16:07:00,371 - INFO - COM3: PacketSend: {'token': 18}
2020-01-20 16:07:00,418 - DEBUG - COM3: RX: 05d212000000
2020-01-20 16:07:00,418 - DEBUG - COM3: parsed_packet {event: MeshTxComplete, data: {'token': 18}}
2020-01-20 16:07:00,418 - INFO - COM3: {event: MeshTxComplete, data: {'token': 18}}
2020-01-20 16:07:00,448 - DEBUG - COM3: RX: 1ad03b000100080000000401c09923e28ac8c30600800300000000
2020-01-20 16:07:00,448 - DEBUG - COM3: parsed_packet {event: MeshMessageReceivedUnicast, data: {'src': 59, 'dst': 1, 'appkey_handle': 8, 'subnet_handle': 0, 'ttl': 4, 'adv_addr_type': 1, 'adv_addr': bytearray(b'\xc0\x99#\xe2\x8a\xc8'), 'rssi': -61, 'actual_length': 6, 'data': bytearray(b'\x80\x03\x00\x00\x00\x00')}}
2020-01-20 16:07:00,448 - INFO - COM3.ConfigurationClient: Appkey status: AccessStatus.SUCCESS
2020-01-20 16:07:00,457 - INFO - COM3.ConfigurationClient: Appkey add 0 succeded for subnet 0 at node 003b
2020-01-20 16:07:00,458 - DEBUG - COM3: Message Opcode bytearray(b'\x80\x03'), Data bytearray(b'\x00\x00\x00\x00') unknown for model <mesh.access.Access object at 0x0000023406890640>.
2020-01-20 16:07:00,458 - DEBUG - COM3: Message Opcode bytearray(b'\x80\x03'), Data bytearray(b'\x00\x00\x00\x00') unknown for model <mesh.access.Access object at 0x0000023406890640>.
2020-01-20 16:07:01,377 - DEBUG - COM3.ConfigurationClient: Sending opcode: 803d, data: 3c0000000010
2020-01-20 16:07:01,377 - DEBUG - COM3: TX: 13ab08000100000008000000803d3c0000000010
2020-01-20 16:07:01,377 - DEBUG - COM3: RX: 0784ab0013000000
2020-01-20 16:07:01,377 - DEBUG - COM3: parsed_packet {event: CmdRsp, data: {'opcode': 171, 'status': 0, 'data': bytearray(b'\x13\x00\x00\x00')}}
2020-01-20 16:07:01,377 - INFO - COM3: PacketSend: {'token': 19}
2020-01-20 16:07:01,377 - DEBUG - COM3: RX: 05d213000000
2020-01-20 16:07:01,392 - DEBUG - COM3: parsed_packet {event: MeshTxComplete, data: {'token': 19}}
2020-01-20 16:07:01,392 - INFO - COM3: {event: MeshTxComplete, data: {'token': 19}}
2020-01-20 16:07:01,392 - DEBUG - COM3: RX: 1dd03b000100080000000401c09923e28ac8c30900803e003c0000000010
2020-01-20 16:07:01,392 - DEBUG - COM3: parsed_packet {event: MeshMessageReceivedUnicast, data: {'src': 59, 'dst': 1, 'appkey_handle': 8, 'subnet_handle': 0, 'ttl': 4, 'adv_addr_type': 1, 'adv_addr': bytearray(b'\xc0\x99#\xe2\x8a\xc8'), 'rssi': -61, 'actual_length': 9, 'data': bytearray(b'\x80>\x00<\x00\x00\x00\x00\x10')}}
2020-01-20 16:07:01,392 - INFO - COM3.ConfigurationClient: Model app bind status: AccessStatus.SUCCESS
2020-01-20 16:07:01,408 - INFO - COM3.ConfigurationClient: Appkey bind 0 to model 1000 at 003c
2020-01-20 16:07:01,408 - DEBUG - COM3: Message Opcode bytearray(b'\x80>'), Data bytearray(b'\x00<\x00\x00\x00\x00\x10') unknown for model <mesh.access.Access object at 0x0000023406890640>.
2020-01-20 16:07:01,408 - DEBUG - COM3: Message Opcode bytearray(b'\x80>'), Data bytearray(b'\x00<\x00\x00\x00\x00\x10') unknown for model <mesh.access.Access object at 0x0000023406890640>.
2020-01-20 16:07:02,387 - DEBUG - COM3.GenericOnOffClient: Sending opcode: 8202, data: 0101
2020-01-20 16:07:02,387 - DEBUG - COM3: TX: 0fab0000010000000800000082020101
2020-01-20 16:07:02,387 - DEBUG - COM3: RX: 0784ab0014000000
2020-01-20 16:07:02,387 - DEBUG - COM3: parsed_packet {event: CmdRsp, data: {'opcode': 171, 'status': 0, 'data': bytearray(b'\x14\x00\x00\x00')}}
2020-01-20 16:07:02,387 - INFO - COM3: PacketSend: {'token': 20}
2020-01-20 16:07:02,403 - DEBUG - COM3: RX: 05d214000000
2020-01-20 16:07:02,403 - DEBUG - COM3: parsed_packet {event: MeshTxComplete, data: {'token': 20}}
2020-01-20 16:07:02,403 - INFO - COM3: {event: MeshTxComplete, data: {'token': 20}}
