2019-11-28 15:04:04,967 - DEBUG - COM3: RX: 1ac064348854c4ba6d4b9577d61386619776d000019577d61386e1
2019-11-28 15:04:04,968 - DEBUG - COM3: parsed_packet {event: ProvUnprovisionedReceived, data: {'uuid': bytearray(b'd4\x88T\xc4\xbamK\x95w\xd6\x13\x86a\x97v'), 'rssi': -48, 'gatt_supported': 0, 'adv_addr_type': 1, 'adv_addr': bytearray(b'\x95w\xd6\x13\x86\xe1')}}
2019-11-28 15:04:04,968 - INFO - COM3: {event: ProvUnprovisionedReceived, data: {'uuid': bytearray(b'd4\x88T\xc4\xbamK\x95w\xd6\x13\x86a\x97v'), 'rssi': -48, 'gatt_supported': 0, 'adv_addr_type': 1, 'adv_addr': bytearray(b'\x95w\xd6\x13\x86\xe1')}}
2019-11-28 15:04:06,957 - DEBUG - COM3: RX: 1ac064348854c4ba6d4b9577d61386619776d200019577d61386e1
2019-11-28 15:04:06,958 - DEBUG - COM3: parsed_packet {event: ProvUnprovisionedReceived, data: {'uuid': bytearray(b'd4\x88T\xc4\xbamK\x95w\xd6\x13\x86a\x97v'), 'rssi': -46, 'gatt_supported': 0, 'adv_addr_type': 1, 'adv_addr': bytearray(b'\x95w\xd6\x13\x86\xe1')}}
2019-11-28 15:04:06,958 - INFO - COM3: {event: ProvUnprovisionedReceived, data: {'uuid': bytearray(b'd4\x88T\xc4\xbamK\x95w\xd6\x13\x86a\x97v'), 'rssi': -46, 'gatt_supported': 0, 'adv_addr_type': 1, 'adv_addr': bytearray(b'\x95w\xd6\x13\x86\xe1')}}
2019-11-28 15:04:08,959 - DEBUG - COM3: RX: 1ac064348854c4ba6d4b9577d61386619776cb00019577d61386e1
2019-11-28 15:04:08,959 - DEBUG - COM3: parsed_packet {event: ProvUnprovisionedReceived, data: {'uuid': bytearray(b'd4\x88T\xc4\xbamK\x95w\xd6\x13\x86a\x97v'), 'rssi': -53, 'gatt_supported': 0, 'adv_addr_type': 1, 'adv_addr': bytearray(b'\x95w\xd6\x13\x86\xe1')}}
2019-11-28 15:04:08,959 - INFO - COM3: {event: ProvUnprovisionedReceived, data: {'uuid': bytearray(b'd4\x88T\xc4\xbamK\x95w\xd6\x13\x86a\x97v'), 'rssi': -53, 'gatt_supported': 0, 'adv_addr_type': 1, 'adv_addr': bytearray(b'\x95w\xd6\x13\x86\xe1')}}
2019-11-28 15:04:10,968 - DEBUG - COM3: RX: 1ac064348854c4ba6d4b9577d61386619776d000019577d61386e1
2019-11-28 15:04:10,968 - DEBUG - COM3: parsed_packet {event: ProvUnprovisionedReceived, data: {'uuid': bytearray(b'd4\x88T\xc4\xbamK\x95w\xd6\x13\x86a\x97v'), 'rssi': -48, 'gatt_supported': 0, 'adv_addr_type': 1, 'adv_addr': bytearray(b'\x95w\xd6\x13\x86\xe1')}}
2019-11-28 15:04:10,968 - INFO - COM3: {event: ProvUnprovisionedReceived, data: {'uuid': bytearray(b'd4\x88T\xc4\xbamK\x95w\xd6\x13\x86a\x97v'), 'rssi': -48, 'gatt_supported': 0, 'adv_addr_type': 1, 'adv_addr': bytearray(b'\x95w\xd6\x13\x86\xe1')}}
2019-11-28 15:04:12,974 - DEBUG - COM3: RX: 1ac064348854c4ba6d4b9577d61386619776ce00019577d61386e1
2019-11-28 15:04:12,975 - DEBUG - COM3: parsed_packet {event: ProvUnprovisionedReceived, data: {'uuid': bytearray(b'd4\x88T\xc4\xbamK\x95w\xd6\x13\x86a\x97v'), 'rssi': -50, 'gatt_supported': 0, 'adv_addr_type': 1, 'adv_addr': bytearray(b'\x95w\xd6\x13\x86\xe1')}}
2019-11-28 15:04:12,975 - INFO - COM3: {event: ProvUnprovisionedReceived, data: {'uuid': bytearray(b'd4\x88T\xc4\xbamK\x95w\xd6\x13\x86a\x97v'), 'rssi': -50, 'gatt_supported': 0, 'adv_addr_type': 1, 'adv_addr': bytearray(b'\x95w\xd6\x13\x86\xe1')}}
2019-11-28 15:04:14,984 - DEBUG - COM3: RX: 1ac064348854c4ba6d4b9577d61386619776cc00019577d61386e1
2019-11-28 15:04:14,985 - DEBUG - COM3: parsed_packet {event: ProvUnprovisionedReceived, data: {'uuid': bytearray(b'd4\x88T\xc4\xbamK\x95w\xd6\x13\x86a\x97v'), 'rssi': -52, 'gatt_supported': 0, 'adv_addr_type': 1, 'adv_addr': bytearray(b'\x95w\xd6\x13\x86\xe1')}}
2019-11-28 15:04:14,985 - INFO - COM3: {event: ProvUnprovisionedReceived, data: {'uuid': bytearray(b'd4\x88T\xc4\xbamK\x95w\xd6\x13\x86a\x97v'), 'rssi': -52, 'gatt_supported': 0, 'adv_addr_type': 1, 'adv_addr': bytearray(b'\x95w\xd6\x13\x86\xe1')}}
2019-11-28 15:04:16,986 - DEBUG - COM3: RX: 1ac064348854c4ba6d4b9577d61386619776d000019577d61386e1
2019-11-28 15:04:16,987 - DEBUG - COM3: parsed_packet {event: ProvUnprovisionedReceived, data: {'uuid': bytearray(b'd4\x88T\xc4\xbamK\x95w\xd6\x13\x86a\x97v'), 'rssi': -48, 'gatt_supported': 0, 'adv_addr_type': 1, 'adv_addr': bytearray(b'\x95w\xd6\x13\x86\xe1')}}
2019-11-28 15:04:16,987 - INFO - COM3: {event: ProvUnprovisionedReceived, data: {'uuid': bytearray(b'd4\x88T\xc4\xbamK\x95w\xd6\x13\x86a\x97v'), 'rssi': -48, 'gatt_supported': 0, 'adv_addr_type': 1, 'adv_addr': bytearray(b'\x95w\xd6\x13\x86\xe1')}}
2019-11-28 15:04:18,994 - DEBUG - COM3: RX: 1ac064348854c4ba6d4b9577d61386619776cf00019577d61386e1
2019-11-28 15:04:18,994 - DEBUG - COM3: parsed_packet {event: ProvUnprovisionedReceived, data: {'uuid': bytearray(b'd4\x88T\xc4\xbamK\x95w\xd6\x13\x86a\x97v'), 'rssi': -49, 'gatt_supported': 0, 'adv_addr_type': 1, 'adv_addr': bytearray(b'\x95w\xd6\x13\x86\xe1')}}
2019-11-28 15:04:18,995 - INFO - COM3: {event: ProvUnprovisionedReceived, data: {'uuid': bytearray(b'd4\x88T\xc4\xbamK\x95w\xd6\x13\x86a\x97v'), 'rssi': -49, 'gatt_supported': 0, 'adv_addr_type': 1, 'adv_addr': bytearray(b'\x95w\xd6\x13\x86\xe1')}}
2019-11-28 15:04:20,999 - DEBUG - COM3: RX: 1ac064348854c4ba6d4b9577d61386619776cc00019577d61386e1
2019-11-28 15:04:20,999 - DEBUG - COM3: parsed_packet {event: ProvUnprovisionedReceived, data: {'uuid': bytearray(b'd4\x88T\xc4\xbamK\x95w\xd6\x13\x86a\x97v'), 'rssi': -52, 'gatt_supported': 0, 'adv_addr_type': 1, 'adv_addr': bytearray(b'\x95w\xd6\x13\x86\xe1')}}
2019-11-28 15:04:20,999 - INFO - COM3: {event: ProvUnprovisionedReceived, data: {'uuid': bytearray(b'd4\x88T\xc4\xbamK\x95w\xd6\x13\x86a\x97v'), 'rssi': -52, 'gatt_supported': 0, 'adv_addr_type': 1, 'adv_addr': bytearray(b'\x95w\xd6\x13\x86\xe1')}}
2019-11-28 15:04:23,004 - DEBUG - COM3: RX: 1ac064348854c4ba6d4b9577d61386619776cf00019577d61386e1
2019-11-28 15:04:23,004 - DEBUG - COM3: parsed_packet {event: ProvUnprovisionedReceived, data: {'uuid': bytearray(b'd4\x88T\xc4\xbamK\x95w\xd6\x13\x86a\x97v'), 'rssi': -49, 'gatt_supported': 0, 'adv_addr_type': 1, 'adv_addr': bytearray(b'\x95w\xd6\x13\x86\xe1')}}
2019-11-28 15:04:23,005 - INFO - COM3: {event: ProvUnprovisionedReceived, data: {'uuid': bytearray(b'd4\x88T\xc4\xbamK\x95w\xd6\x13\x86a\x97v'), 'rssi': -49, 'gatt_supported': 0, 'adv_addr_type': 1, 'adv_addr': bytearray(b'\x95w\xd6\x13\x86\xe1')}}
2019-11-28 15:04:25,021 - DEBUG - COM3: RX: 1ac064348854c4ba6d4b9577d61386619776cf00019577d61386e1
2019-11-28 15:04:25,021 - DEBUG - COM3: parsed_packet {event: ProvUnprovisionedReceived, data: {'uuid': bytearray(b'd4\x88T\xc4\xbamK\x95w\xd6\x13\x86a\x97v'), 'rssi': -49, 'gatt_supported': 0, 'adv_addr_type': 1, 'adv_addr': bytearray(b'\x95w\xd6\x13\x86\xe1')}}
2019-11-28 15:04:25,021 - INFO - COM3: {event: ProvUnprovisionedReceived, data: {'uuid': bytearray(b'd4\x88T\xc4\xbamK\x95w\xd6\x13\x86a\x97v'), 'rssi': -49, 'gatt_supported': 0, 'adv_addr_type': 1, 'adv_addr': bytearray(b'\x95w\xd6\x13\x86\xe1')}}
2019-11-28 15:04:27,020 - DEBUG - COM3: RX: 1ac064348854c4ba6d4b9577d61386619776cd00019577d61386e1
2019-11-28 15:04:27,020 - DEBUG - COM3: parsed_packet {event: ProvUnprovisionedReceived, data: {'uuid': bytearray(b'd4\x88T\xc4\xbamK\x95w\xd6\x13\x86a\x97v'), 'rssi': -51, 'gatt_supported': 0, 'adv_addr_type': 1, 'adv_addr': bytearray(b'\x95w\xd6\x13\x86\xe1')}}
2019-11-28 15:04:27,020 - INFO - COM3: {event: ProvUnprovisionedReceived, data: {'uuid': bytearray(b'd4\x88T\xc4\xbamK\x95w\xd6\x13\x86a\x97v'), 'rssi': -51, 'gatt_supported': 0, 'adv_addr_type': 1, 'adv_addr': bytearray(b'\x95w\xd6\x13\x86\xe1')}}
2019-11-28 15:04:29,021 - DEBUG - COM3: RX: 1ac064348854c4ba6d4b9577d61386619776d000019577d61386e1
2019-11-28 15:04:29,022 - DEBUG - COM3: parsed_packet {event: ProvUnprovisionedReceived, data: {'uuid': bytearray(b'd4\x88T\xc4\xbamK\x95w\xd6\x13\x86a\x97v'), 'rssi': -48, 'gatt_supported': 0, 'adv_addr_type': 1, 'adv_addr': bytearray(b'\x95w\xd6\x13\x86\xe1')}}
2019-11-28 15:04:29,022 - INFO - COM3: {event: ProvUnprovisionedReceived, data: {'uuid': bytearray(b'd4\x88T\xc4\xbamK\x95w\xd6\x13\x86a\x97v'), 'rssi': -48, 'gatt_supported': 0, 'adv_addr_type': 1, 'adv_addr': bytearray(b'\x95w\xd6\x13\x86\xe1')}}
2019-11-28 15:04:29,825 - DEBUG - COM3: TX: 61699a3b34c9bdfe13b507a60c5bb66b5ad4aa8dc8d9c6ec72e5b6543824d1ee52ced36985b16d8decb0b25f2760b8d7353f2304ba4eec08fb7fb915abc855fffb60e2eed4986b1420901b2db970caae224755b46f2e31e7af6db1765857093269f4
2019-11-28 15:04:29,827 - DEBUG - COM3: TX: 059f01000100
2019-11-28 15:04:29,837 - DEBUG - COM3: RX: 03846900
2019-11-28 15:04:29,838 - DEBUG - COM3: parsed_packet {event: CmdRsp, data: {'opcode': 105, 'status': 0, 'data': bytearray(b'')}}
2019-11-28 15:04:29,838 - DEBUG - COM3: TX: 1392000018eed9c2a56add85049ffc3c59ad0e12
2019-11-28 15:04:29,838 - INFO - COM3: Success
2019-11-28 15:04:29,847 - DEBUG - COM3: RX: 03849f8e
2019-11-28 15:04:29,847 - DEBUG - COM3: parsed_packet {event: CmdRsp, data: {'opcode': 159, 'status': 142, 'data': bytearray(b'')}}
2019-11-28 15:04:29,847 - DEBUG - COM3: TX: 1597000000004f68ad85d9f48ac8589df665b6b49b8a
2019-11-28 15:04:29,847 - ERROR - COM3: None: ERROR_REJECTED
2019-11-28 15:04:29,850 - DEBUG - COM3: RX: 03849281
2019-11-28 15:04:29,850 - DEBUG - COM3: parsed_packet {event: CmdRsp, data: {'opcode': 146, 'status': 129, 'data': bytearray(b'')}}
2019-11-28 15:04:29,851 - DEBUG - COM3: TX: 1597010000002aa2a6ded5a0798ceab5787ca3ae39fc
2019-11-28 15:04:29,851 - ERROR - COM3: SubnetAdd: ERROR_INTERNAL
2019-11-28 15:04:29,852 - DEBUG - COM3: RX: 03849781
2019-11-28 15:04:29,853 - DEBUG - COM3: parsed_packet {event: CmdRsp, data: {'opcode': 151, 'status': 129, 'data': bytearray(b'')}}
2019-11-28 15:04:29,853 - ERROR - COM3: AppkeyAdd: ERROR_INTERNAL
2019-11-28 15:04:29,862 - DEBUG - COM3: RX: 03849781
2019-11-28 15:04:29,862 - DEBUG - COM3: parsed_packet {event: CmdRsp, data: {'opcode': 151, 'status': 129, 'data': bytearray(b'')}}
2019-11-28 15:04:29,863 - ERROR - COM3: AppkeyAdd: ERROR_INTERNAL
2019-11-28 15:04:31,024 - DEBUG - COM3: RX: 1ac064348854c4ba6d4b9577d61386619776cf00019577d61386e1
2019-11-28 15:04:31,024 - DEBUG - COM3: parsed_packet {event: ProvUnprovisionedReceived, data: {'uuid': bytearray(b'd4\x88T\xc4\xbamK\x95w\xd6\x13\x86a\x97v'), 'rssi': -49, 'gatt_supported': 0, 'adv_addr_type': 1, 'adv_addr': bytearray(b'\x95w\xd6\x13\x86\xe1')}}
2019-11-28 15:04:31,025 - INFO - COM3: Received UUID 64348854c4ba6d4b9577d61386619776 with RSSI: -49 dB
2019-11-28 15:04:33,026 - DEBUG - COM3: RX: 1ac064348854c4ba6d4b9577d61386619776cd00019577d61386e1
2019-11-28 15:04:33,027 - DEBUG - COM3: parsed_packet {event: ProvUnprovisionedReceived, data: {'uuid': bytearray(b'd4\x88T\xc4\xbamK\x95w\xd6\x13\x86a\x97v'), 'rssi': -51, 'gatt_supported': 0, 'adv_addr_type': 1, 'adv_addr': bytearray(b'\x95w\xd6\x13\x86\xe1')}}
2019-11-28 15:04:35,028 - DEBUG - COM3: RX: 1ac064348854c4ba6d4b9577d61386619776d000019577d61386e1
2019-11-28 15:04:35,029 - DEBUG - COM3: parsed_packet {event: ProvUnprovisionedReceived, data: {'uuid': bytearray(b'd4\x88T\xc4\xbamK\x95w\xd6\x13\x86a\x97v'), 'rssi': -48, 'gatt_supported': 0, 'adv_addr_type': 1, 'adv_addr': bytearray(b'\x95w\xd6\x13\x86\xe1')}}
2019-11-28 15:04:37,032 - DEBUG - COM3: RX: 1ac064348854c4ba6d4b9577d61386619776cf00019577d61386e1
2019-11-28 15:04:37,032 - DEBUG - COM3: parsed_packet {event: ProvUnprovisionedReceived, data: {'uuid': bytearray(b'd4\x88T\xc4\xbamK\x95w\xd6\x13\x86a\x97v'), 'rssi': -49, 'gatt_supported': 0, 'adv_addr_type': 1, 'adv_addr': bytearray(b'\x95w\xd6\x13\x86\xe1')}}
2019-11-28 15:04:39,041 - DEBUG - COM3: RX: 1ac064348854c4ba6d4b9577d61386619776cf00019577d61386e1
2019-11-28 15:04:39,041 - DEBUG - COM3: parsed_packet {event: ProvUnprovisionedReceived, data: {'uuid': bytearray(b'd4\x88T\xc4\xbamK\x95w\xd6\x13\x86a\x97v'), 'rssi': -49, 'gatt_supported': 0, 'adv_addr_type': 1, 'adv_addr': bytearray(b'\x95w\xd6\x13\x86\xe1')}}
2019-11-28 15:04:39,854 - DEBUG - COM3: TX: 0162
2019-11-28 15:04:39,861 - DEBUG - COM3: RX: 03846200
2019-11-28 15:04:39,862 - DEBUG - COM3: parsed_packet {event: CmdRsp, data: {'opcode': 98, 'status': 0, 'data': bytearray(b'')}}
2019-11-28 15:04:39,862 - INFO - COM3: Success
2019-11-28 15:04:55,165 - DEBUG - COM3: TX: 2d630064348854c4ba6d4b9577d6138661977618eed9c2a56add85049ffc3c59ad0e120000000000001100000000
2019-11-28 15:04:55,171 - DEBUG - COM3: RX: 0484630000
2019-11-28 15:04:55,172 - DEBUG - COM3: parsed_packet {event: CmdRsp, data: {'opcode': 99, 'status': 0, 'data': bytearray(b'\x00')}}
2019-11-28 15:04:55,172 - INFO - COM3: Provision: {'context': 0}
2019-11-28 15:04:55,202 - DEBUG - COM3: RX: 02c100
2019-11-28 15:04:55,203 - DEBUG - COM3: parsed_packet {event: ProvLinkEstablished, data: {'context_id': 0}}
2019-11-28 15:04:55,203 - INFO - COM3: Link established
2019-11-28 15:04:55,253 - DEBUG - COM3: RX: 0bc300050001000000000000
2019-11-28 15:04:55,253 - DEBUG - COM3: parsed_packet {event: ProvCapsReceived, data: {'context_id': 0, 'num_elements': 5, 'public_key_type': 0, 'static_oob_types': 1, 'output_oob_size': 0, 'output_oob_actions': 0, 'input_oob_size': 0, 'input_oob_actions': 0}}
2019-11-28 15:04:55,253 - INFO - COM3: Received capabilities
2019-11-28 15:04:55,254 - INFO - COM3: Number of elements: 5
2019-11-28 15:04:55,255 - DEBUG - COM3: TX: 056600000000
2019-11-28 15:04:55,257 - DEBUG - COM3: RX: 0484660000
2019-11-28 15:04:55,257 - DEBUG - COM3: parsed_packet {event: CmdRsp, data: {'opcode': 102, 'status': 0, 'data': bytearray(b'\x00')}}
2019-11-28 15:04:55,257 - INFO - COM3: OobUse: {'context': 0}
2019-11-28 15:04:55,465 - DEBUG - COM3: RX: 62c70086da9b0b473ee9fdfaba49e0bb8f37dcad6cf7adabb13a99cd6c560e67a5b4438c51cbc0dae38492ba3967781da1e26e38a74ac2898e64822654b1cf63a7cff19a3b34c9bdfe13b507a60c5bb66b5ad4aa8dc8d9c6ec72e5b6543824d1ee52ce
2019-11-28 15:04:55,465 - DEBUG - COM3: parsed_packet {event: ProvEcdhRequest, data: {'context_id': 0, 'peer_public': bytearray(b'\x86\xda\x9b\x0bG>\xe9\xfd\xfa\xbaI\xe0\xbb\x8f7\xdc\xadl\xf7\xad\xab\xb1:\x99\xcdlV\x0eg\xa5\xb4C\x8cQ\xcb\xc0\xda\xe3\x84\x92\xba9gx\x1d\xa1\xe2n8\xa7J\xc2\x89\x8ed\x82&T\xb1\xcfc\xa7\xcf\xf1'), 'node_private': bytearray(b'\x9a;4\xc9\xbd\xfe\x13\xb5\x07\xa6\x0c[\xb6kZ\xd4\xaa\x8d\xc8\xd9\xc6\xecr\xe5\xb6T8$\xd1\xeeR\xce')}}
2019-11-28 15:04:55,465 - INFO - COM3: ECDH request received
2019-11-28 15:04:55,467 - DEBUG - COM3: TX: 2268007f77e8f9d79f25e4c6f0e7ba5db8054c376623ab65919d21402eb9bb0b79fab5
2019-11-28 15:04:55,473 - DEBUG - COM3: RX: 0484680000
2019-11-28 15:04:55,473 - DEBUG - COM3: parsed_packet {event: CmdRsp, data: {'opcode': 104, 'status': 0, 'data': bytearray(b'\x00')}}
2019-11-28 15:04:55,474 - INFO - COM3: EcdhSecret: {'context': 0}
2019-11-28 15:04:55,856 - DEBUG - COM3: RX: 2cc50000000000000011000000c412baee88e33db2c6cca0b29f475da118eed9c2a56add85049ffc3c59ad0e12
2019-11-28 15:04:55,856 - DEBUG - COM3: parsed_packet {event: ProvComplete, data: {'context_id': 0, 'iv_index': 0, 'net_key_index': 0, 'address': 17, 'iv_update_flag': 0, 'key_refresh_flag': 0, 'device_key': bytearray(b'\xc4\x12\xba\xee\x88\xe3=\xb2\xc6\xcc\xa0\xb2\x9fG]\xa1'), 'net_key': bytearray(b'\x18\xee\xd9\xc2\xa5j\xdd\x85\x04\x9f\xfc<Y\xad\x0e\x12')}}
2019-11-28 15:04:55,856 - INFO - COM3: Provisioning complete
2019-11-28 15:04:55,857 - INFO - COM3: 	Address(es): 0x11-0x15
2019-11-28 15:04:55,858 - INFO - COM3: 	Device key: c412baee88e33db2c6cca0b29f475da1
2019-11-28 15:04:55,859 - INFO - COM3: 	Network key: 18eed9c2a56add85049ffc3c59ad0e12
2019-11-28 15:04:55,860 - INFO - COM3: Adding device key to subnet 0
2019-11-28 15:04:55,861 - DEBUG - COM3: TX: 159c11000000c412baee88e33db2c6cca0b29f475da1
2019-11-28 15:04:55,861 - INFO - COM3: Adding publication address of root element
2019-11-28 15:04:55,862 - DEBUG - COM3: TX: 03a41100
2019-11-28 15:04:55,867 - DEBUG - COM3: RX: 05849c000900
2019-11-28 15:04:55,867 - DEBUG - COM3: parsed_packet {event: CmdRsp, data: {'opcode': 156, 'status': 0, 'data': bytearray(b'\t\x00')}}
2019-11-28 15:04:55,868 - INFO - COM3: DevkeyAdd: {'devkey_handle': 9}
2019-11-28 15:04:55,869 - DEBUG - COM3: RX: 0584a4000100
2019-11-28 15:04:55,869 - DEBUG - COM3: parsed_packet {event: CmdRsp, data: {'opcode': 164, 'status': 0, 'data': bytearray(b'\x01\x00')}}
2019-11-28 15:04:55,869 - INFO - COM3: AddrPublicationAdd: {'address_handle': 1}
2019-11-28 15:04:55,972 - DEBUG - COM3: RX: 03c20000
2019-11-28 15:04:55,972 - DEBUG - COM3: parsed_packet {event: ProvLinkClosed, data: {'context_id': 0, 'close_reason': 0}}
2019-11-28 15:04:55,972 - INFO - COM3: Provisioning link closed
2019-11-28 15:05:20,791 - DEBUG - COM3.ConfigurationClient: Sending opcode: 8008, data: 00
2019-11-28 15:05:20,791 - DEBUG - COM3: TX: 0eab09000100010008000000800800
2019-11-28 15:05:20,800 - DEBUG - COM3: RX: 0784ab0006000000
2019-11-28 15:05:20,801 - DEBUG - COM3: parsed_packet {event: CmdRsp, data: {'opcode': 171, 'status': 0, 'data': bytearray(b'\x06\x00\x00\x00')}}
2019-11-28 15:05:20,801 - INFO - COM3: PacketSend: {'token': 6}
2019-11-28 15:05:20,808 - DEBUG - COM3: RX: 05d206000000
2019-11-28 15:05:20,808 - DEBUG - COM3: parsed_packet {event: MeshTxComplete, data: {'token': 6}}
2019-11-28 15:05:20,808 - INFO - COM3: {event: MeshTxComplete, data: {'token': 6}}
2019-11-28 15:05:21,513 - DEBUG - COM3: RX: 36d0110001000900000004019577d61386e1d1220002005900000000002800030000000300000002000210000001000110000001000010
2019-11-28 15:05:21,513 - DEBUG - COM3: parsed_packet {event: MeshMessageReceivedUnicast, data: {'src': 17, 'dst': 1, 'appkey_handle': 9, 'subnet_handle': 0, 'ttl': 4, 'adv_addr_type': 1, 'adv_addr': bytearray(b'\x95w\xd6\x13\x86\xe1'), 'rssi': -47, 'actual_length': 34, 'data': bytearray(b'\x02\x00Y\x00\x00\x00\x00\x00(\x00\x03\x00\x00\x00\x03\x00\x00\x00\x02\x00\x02\x10\x00\x00\x01\x00\x01\x10\x00\x00\x01\x00\x00\x10')}}
2019-11-28 15:05:21,520 - INFO - COM3.ConfigurationClient: Received composition data (page 0x00): {
  "cid": "0059",
  "pid": "0000",
  "vid": "0000",
  "crpl": 40,
  "features": {
    "relay": 0,
    "proxy": 0,
    "friend": 2,
    "low_power": 2
  },
  "elements": [
    {
      "index": 0,
      "location": "0000",
      "models": [
        {
          "modelId": "0000"
        },
        {
          "modelId": "0002"
        },
        {
          "modelId": "1002"
        }
      ]
    },
    {
      "index": 1,
      "location": "0000",
      "models": [
        {
          "modelId": "1001"
        }
      ]
    },
    {
      "index": 2,
      "location": "0000",
      "models": [
        {
          "modelId": "1000"
        }
      ]
    }
  ]
}
2019-11-28 16:53:11,636 - DEBUG - COM3: exited read event
