2020-01-20 16:08:07,166 - DEBUG - COM3: TX: 61697bc5352bb64fd165e2ed45bc1aa1a91f302f1edcb9807403ba3a3e21ac6839ead1238c3b0129da48c0d233273d41eacdacd894dc9fd435d7797912e40302f103f7c149ea352d67302fd504f1a39dc0d5369723db982f5229998cb4f9fb7f5d7f
2020-01-20 16:08:07,185 - DEBUG - COM3: RX: 03846900
2020-01-20 16:08:07,185 - DEBUG - COM3: parsed_packet {event: CmdRsp, data: {'opcode': 105, 'status': 0, 'data': bytearray(b'')}}
2020-01-20 16:08:07,186 - DEBUG - COM3: TX: 059f01000100
2020-01-20 16:08:07,185 - INFO - COM3: Success
2020-01-20 16:08:07,187 - DEBUG - COM3: RX: 03849f8e
2020-01-20 16:08:07,188 - DEBUG - COM3: parsed_packet {event: CmdRsp, data: {'opcode': 159, 'status': 142, 'data': bytearray(b'')}}
2020-01-20 16:08:07,188 - DEBUG - COM3: TX: 1392000018eed9c2a56add85049ffc3c59ad0e12
2020-01-20 16:08:07,188 - ERROR - COM3: None: ERROR_REJECTED
2020-01-20 16:08:07,192 - DEBUG - COM3: RX: 03849281
2020-01-20 16:08:07,192 - DEBUG - COM3: parsed_packet {event: CmdRsp, data: {'opcode': 146, 'status': 129, 'data': bytearray(b'')}}
2020-01-20 16:08:07,192 - DEBUG - COM3: TX: 1597000000004f68ad85d9f48ac8589df665b6b49b8a
2020-01-20 16:08:07,192 - ERROR - COM3: SubnetAdd: ERROR_INTERNAL
2020-01-20 16:08:07,195 - DEBUG - COM3: RX: 03849781
2020-01-20 16:08:07,196 - DEBUG - COM3: parsed_packet {event: CmdRsp, data: {'opcode': 151, 'status': 129, 'data': bytearray(b'')}}
2020-01-20 16:08:07,196 - DEBUG - COM3: TX: 1597010000002aa2a6ded5a0798ceab5787ca3ae39fc
2020-01-20 16:08:07,196 - ERROR - COM3: AppkeyAdd: ERROR_INTERNAL
2020-01-20 16:08:07,199 - DEBUG - COM3: RX: 03849781
2020-01-20 16:08:07,200 - DEBUG - COM3: parsed_packet {event: CmdRsp, data: {'opcode': 151, 'status': 129, 'data': bytearray(b'')}}
2020-01-20 16:08:07,200 - ERROR - COM3: AppkeyAdd: ERROR_INTERNAL
2020-01-20 16:08:11,749 - DEBUG - COM3.ConfigurationClient: Sending opcode: 8008, data: 00
2020-01-20 16:08:11,749 - DEBUG - COM3: TX: 0eab08000100000008000000800800
2020-01-20 16:08:11,752 - DEBUG - COM3: RX: 0784ab0015000000
2020-01-20 16:08:11,753 - DEBUG - COM3: parsed_packet {event: CmdRsp, data: {'opcode': 171, 'status': 0, 'data': bytearray(b'\x15\x00\x00\x00')}}
2020-01-20 16:08:11,753 - INFO - COM3: PacketSend: {'token': 21}
2020-01-20 16:08:11,763 - DEBUG - COM3: RX: 05d215000000
2020-01-20 16:08:11,764 - DEBUG - COM3: parsed_packet {event: MeshTxComplete, data: {'token': 21}}
2020-01-20 16:08:11,764 - INFO - COM3: {event: MeshTxComplete, data: {'token': 21}}
2020-01-20 16:08:11,826 - DEBUG - COM3: RX: 30d03b000100080000000401c09923e28ac8b81c00020059000000000028000f0000000300000002000210000001000010
2020-01-20 16:08:11,826 - DEBUG - COM3: parsed_packet {event: MeshMessageReceivedUnicast, data: {'src': 59, 'dst': 1, 'appkey_handle': 8, 'subnet_handle': 0, 'ttl': 4, 'adv_addr_type': 1, 'adv_addr': bytearray(b'\xc0\x99#\xe2\x8a\xc8'), 'rssi': -72, 'actual_length': 28, 'data': bytearray(b'\x02\x00Y\x00\x00\x00\x00\x00(\x00\x0f\x00\x00\x00\x03\x00\x00\x00\x02\x00\x02\x10\x00\x00\x01\x00\x00\x10')}}
2020-01-20 16:08:11,837 - INFO - COM3.ConfigurationClient: Received composition data (page 0x00): {
  "cid": "0059",
  "pid": "0000",
  "vid": "0000",
  "crpl": 40,
  "features": {
    "relay": 0,
    "proxy": 0,
    "friend": 0,
    "low_power": 0
  },
  "elements": [
    {
      "index": 0,
      "location": "0000",
      "models": [
        {
          "modelId": "0000"
        },
        {
          "modelId": "0002"
        },
        {
          "modelId": "1002"
        }
      ]
    },
    {
      "index": 1,
      "location": "0000",
      "models": [
        {
          "modelId": "1000"
        }
      ]
    }
  ]
}
2020-01-20 16:08:11,837 - DEBUG - COM3: Message Opcode bytearray(b'\x02'), Data bytearray(b'\x00Y\x00\x00\x00\x00\x00(\x00\x0f\x00\x00\x00\x03\x00\x00\x00\x02\x00\x02\x10\x00\x00\x01\x00\x00\x10') unknown for model <mesh.access.Access object at 0x000001CF1FCB0640>.
2020-01-20 16:08:11,838 - DEBUG - COM3: Message Opcode bytearray(b'\x02'), Data bytearray(b'\x00Y\x00\x00\x00\x00\x00(\x00\x0f\x00\x00\x00\x03\x00\x00\x00\x02\x00\x02\x10\x00\x00\x01\x00\x00\x10') unknown for model <mesh.access.Access object at 0x000001CF1FCB0640>.
2020-01-20 16:08:13,763 - DEBUG - COM3.ConfigurationClient: Sending opcode: 00, data: 0000004f68ad85d9f48ac8589df665b6b49b8a
2020-01-20 16:08:13,763 - DEBUG - COM3: TX: 1fab08000100000008000000000000004f68ad85d9f48ac8589df665b6b49b8a
2020-01-20 16:08:13,763 - DEBUG - COM3: RX: 0784ab0016000000
2020-01-20 16:08:13,763 - DEBUG - COM3: parsed_packet {event: CmdRsp, data: {'opcode': 171, 'status': 0, 'data': bytearray(b'\x16\x00\x00\x00')}}
2020-01-20 16:08:13,763 - INFO - COM3: PacketSend: {'token': 22}
2020-01-20 16:08:13,810 - DEBUG - COM3: RX: 05d216000000
2020-01-20 16:08:13,810 - DEBUG - COM3: parsed_packet {event: MeshTxComplete, data: {'token': 22}}
2020-01-20 16:08:13,810 - INFO - COM3: {event: MeshTxComplete, data: {'token': 22}}
2020-01-20 16:08:13,840 - DEBUG - COM3: RX: 1ad03b000100080000000401c09923e28ac8be0600800300000000
2020-01-20 16:08:13,841 - DEBUG - COM3: parsed_packet {event: MeshMessageReceivedUnicast, data: {'src': 59, 'dst': 1, 'appkey_handle': 8, 'subnet_handle': 0, 'ttl': 4, 'adv_addr_type': 1, 'adv_addr': bytearray(b'\xc0\x99#\xe2\x8a\xc8'), 'rssi': -66, 'actual_length': 6, 'data': bytearray(b'\x80\x03\x00\x00\x00\x00')}}
2020-01-20 16:08:13,841 - INFO - COM3.ConfigurationClient: Appkey status: AccessStatus.SUCCESS
2020-01-20 16:08:13,851 - INFO - COM3.ConfigurationClient: Appkey add 0 succeded for subnet 0 at node 003b
2020-01-20 16:08:13,851 - DEBUG - COM3: Message Opcode bytearray(b'\x80\x03'), Data bytearray(b'\x00\x00\x00\x00') unknown for model <mesh.access.Access object at 0x000001CF1FCB0640>.
2020-01-20 16:08:13,851 - DEBUG - COM3: Message Opcode bytearray(b'\x80\x03'), Data bytearray(b'\x00\x00\x00\x00') unknown for model <mesh.access.Access object at 0x000001CF1FCB0640>.
2020-01-20 16:08:14,769 - DEBUG - COM3.ConfigurationClient: Sending opcode: 803d, data: 3c0000000010
2020-01-20 16:08:14,769 - DEBUG - COM3: TX: 13ab08000100000008000000803d3c0000000010
2020-01-20 16:08:14,769 - DEBUG - COM3: RX: 0784ab0017000000
2020-01-20 16:08:14,769 - DEBUG - COM3: parsed_packet {event: CmdRsp, data: {'opcode': 171, 'status': 0, 'data': bytearray(b'\x17\x00\x00\x00')}}
2020-01-20 16:08:14,769 - INFO - COM3: PacketSend: {'token': 23}
2020-01-20 16:08:14,784 - DEBUG - COM3: RX: 05d217000000
2020-01-20 16:08:14,784 - DEBUG - COM3: parsed_packet {event: MeshTxComplete, data: {'token': 23}}
2020-01-20 16:08:14,784 - INFO - COM3: {event: MeshTxComplete, data: {'token': 23}}
2020-01-20 16:08:14,800 - DEBUG - COM3: RX: 1dd03b000100080000000401c09923e28ac8c70900803e003c0000000010
2020-01-20 16:08:14,800 - DEBUG - COM3: parsed_packet {event: MeshMessageReceivedUnicast, data: {'src': 59, 'dst': 1, 'appkey_handle': 8, 'subnet_handle': 0, 'ttl': 4, 'adv_addr_type': 1, 'adv_addr': bytearray(b'\xc0\x99#\xe2\x8a\xc8'), 'rssi': -57, 'actual_length': 9, 'data': bytearray(b'\x80>\x00<\x00\x00\x00\x00\x10')}}
2020-01-20 16:08:14,800 - INFO - COM3.ConfigurationClient: Model app bind status: AccessStatus.SUCCESS
2020-01-20 16:08:14,800 - INFO - COM3.ConfigurationClient: Appkey bind 0 to model 1000 at 003c
2020-01-20 16:08:14,800 - DEBUG - COM3: Message Opcode bytearray(b'\x80>'), Data bytearray(b'\x00<\x00\x00\x00\x00\x10') unknown for model <mesh.access.Access object at 0x000001CF1FCB0640>.
2020-01-20 16:08:14,800 - DEBUG - COM3: Message Opcode bytearray(b'\x80>'), Data bytearray(b'\x00<\x00\x00\x00\x00\x10') unknown for model <mesh.access.Access object at 0x000001CF1FCB0640>.
2020-01-20 16:08:47,322 - DEBUG - COM3: TX: 616985a2a94aa71add59fb51bb16e5180bdd3b2c90a2b85669bca0e7577819a3e5e0ad8e45c34bf23ce1aaf531dd668b9422fddb8a1fc5ab53ffbbaa5a43869b63f172776a9717ccc7a0b569cb12cfaff24a5c17d8d138478df26196e55d4290a92c
2020-01-20 16:08:47,334 - DEBUG - COM3: RX: 03846900
2020-01-20 16:08:47,334 - DEBUG - COM3: parsed_packet {event: CmdRsp, data: {'opcode': 105, 'status': 0, 'data': bytearray(b'')}}
2020-01-20 16:08:47,334 - DEBUG - COM3: TX: 059f01000100
2020-01-20 16:08:47,334 - INFO - COM3: Success
2020-01-20 16:08:47,336 - DEBUG - COM3: RX: 03849f8e
2020-01-20 16:08:47,337 - DEBUG - COM3: parsed_packet {event: CmdRsp, data: {'opcode': 159, 'status': 142, 'data': bytearray(b'')}}
2020-01-20 16:08:47,337 - DEBUG - COM3: TX: 1392000018eed9c2a56add85049ffc3c59ad0e12
2020-01-20 16:08:47,337 - ERROR - COM3: None: ERROR_REJECTED
2020-01-20 16:08:47,341 - DEBUG - COM3: RX: 03849281
2020-01-20 16:08:47,341 - DEBUG - COM3: parsed_packet {event: CmdRsp, data: {'opcode': 146, 'status': 129, 'data': bytearray(b'')}}
2020-01-20 16:08:47,341 - DEBUG - COM3: TX: 1597000000004f68ad85d9f48ac8589df665b6b49b8a
2020-01-20 16:08:47,341 - ERROR - COM3: SubnetAdd: ERROR_INTERNAL
2020-01-20 16:08:47,345 - DEBUG - COM3: RX: 03849781
2020-01-20 16:08:47,345 - DEBUG - COM3: parsed_packet {event: CmdRsp, data: {'opcode': 151, 'status': 129, 'data': bytearray(b'')}}
2020-01-20 16:08:47,345 - DEBUG - COM3: TX: 1597010000002aa2a6ded5a0798ceab5787ca3ae39fc
2020-01-20 16:08:47,345 - ERROR - COM3: AppkeyAdd: ERROR_INTERNAL
2020-01-20 16:08:47,349 - DEBUG - COM3: RX: 03849781
2020-01-20 16:08:47,349 - DEBUG - COM3: parsed_packet {event: CmdRsp, data: {'opcode': 151, 'status': 129, 'data': bytearray(b'')}}
2020-01-20 16:08:47,349 - ERROR - COM3: AppkeyAdd: ERROR_INTERNAL
2020-01-20 16:08:55,454 - DEBUG - COM3.ConfigurationClient: Sending opcode: 8008, data: 00
2020-01-20 16:08:55,455 - DEBUG - COM3: TX: 0eab08000100000008000000800800
2020-01-20 16:08:55,458 - DEBUG - COM3: RX: 0784ab0018000000
2020-01-20 16:08:55,458 - DEBUG - COM3: parsed_packet {event: CmdRsp, data: {'opcode': 171, 'status': 0, 'data': bytearray(b'\x18\x00\x00\x00')}}
2020-01-20 16:08:55,459 - INFO - COM3: PacketSend: {'token': 24}
2020-01-20 16:08:55,477 - DEBUG - COM3: RX: 05d218000000
2020-01-20 16:08:55,477 - DEBUG - COM3: parsed_packet {event: MeshTxComplete, data: {'token': 24}}
2020-01-20 16:08:55,477 - INFO - COM3: {event: MeshTxComplete, data: {'token': 24}}
2020-01-20 16:08:55,538 - DEBUG - COM3: RX: 30d03b000100080000000401c09923e28ac8be1c00020059000000000028000f0000000300000002000210000001000010
2020-01-20 16:08:55,538 - DEBUG - COM3: parsed_packet {event: MeshMessageReceivedUnicast, data: {'src': 59, 'dst': 1, 'appkey_handle': 8, 'subnet_handle': 0, 'ttl': 4, 'adv_addr_type': 1, 'adv_addr': bytearray(b'\xc0\x99#\xe2\x8a\xc8'), 'rssi': -66, 'actual_length': 28, 'data': bytearray(b'\x02\x00Y\x00\x00\x00\x00\x00(\x00\x0f\x00\x00\x00\x03\x00\x00\x00\x02\x00\x02\x10\x00\x00\x01\x00\x00\x10')}}
2020-01-20 16:08:55,546 - INFO - COM3.ConfigurationClient: Received composition data (page 0x00): {
  "cid": "0059",
  "pid": "0000",
  "vid": "0000",
  "crpl": 40,
  "features": {
    "relay": 0,
    "proxy": 0,
    "friend": 0,
    "low_power": 0
  },
  "elements": [
    {
      "index": 0,
      "location": "0000",
      "models": [
        {
          "modelId": "0000"
        },
        {
          "modelId": "0002"
        },
        {
          "modelId": "1002"
        }
      ]
    },
    {
      "index": 1,
      "location": "0000",
      "models": [
        {
          "modelId": "1000"
        }
      ]
    }
  ]
}
2020-01-20 16:08:55,546 - DEBUG - COM3: Message Opcode bytearray(b'\x02'), Data bytearray(b'\x00Y\x00\x00\x00\x00\x00(\x00\x0f\x00\x00\x00\x03\x00\x00\x00\x02\x00\x02\x10\x00\x00\x01\x00\x00\x10') unknown for model <mesh.access.Access object at 0x000001DD16BE0640>.
2020-01-20 16:08:55,546 - DEBUG - COM3: Message Opcode bytearray(b'\x02'), Data bytearray(b'\x00Y\x00\x00\x00\x00\x00(\x00\x0f\x00\x00\x00\x03\x00\x00\x00\x02\x00\x02\x10\x00\x00\x01\x00\x00\x10') unknown for model <mesh.access.Access object at 0x000001DD16BE0640>.
2020-01-20 16:08:57,469 - DEBUG - COM3.ConfigurationClient: Sending opcode: 00, data: 0000004f68ad85d9f48ac8589df665b6b49b8a
2020-01-20 16:08:57,469 - DEBUG - COM3: TX: 1fab08000100000008000000000000004f68ad85d9f48ac8589df665b6b49b8a
2020-01-20 16:08:57,469 - DEBUG - COM3: RX: 0784ab0019000000
2020-01-20 16:08:57,469 - DEBUG - COM3: parsed_packet {event: CmdRsp, data: {'opcode': 171, 'status': 0, 'data': bytearray(b'\x19\x00\x00\x00')}}
2020-01-20 16:08:57,469 - INFO - COM3: PacketSend: {'token': 25}
2020-01-20 16:08:57,516 - DEBUG - COM3: RX: 05d219000000
2020-01-20 16:08:57,516 - DEBUG - COM3: parsed_packet {event: MeshTxComplete, data: {'token': 25}}
2020-01-20 16:08:57,516 - INFO - COM3: {event: MeshTxComplete, data: {'token': 25}}
2020-01-20 16:08:57,545 - DEBUG - COM3: RX: 1ad03b000100080000000401c09923e28ac8c80600800300000000
2020-01-20 16:08:57,545 - DEBUG - COM3: parsed_packet {event: MeshMessageReceivedUnicast, data: {'src': 59, 'dst': 1, 'appkey_handle': 8, 'subnet_handle': 0, 'ttl': 4, 'adv_addr_type': 1, 'adv_addr': bytearray(b'\xc0\x99#\xe2\x8a\xc8'), 'rssi': -56, 'actual_length': 6, 'data': bytearray(b'\x80\x03\x00\x00\x00\x00')}}
2020-01-20 16:08:57,545 - INFO - COM3.ConfigurationClient: Appkey status: AccessStatus.SUCCESS
2020-01-20 16:08:57,555 - INFO - COM3.ConfigurationClient: Appkey add 0 succeded for subnet 0 at node 003b
2020-01-20 16:08:57,555 - DEBUG - COM3: Message Opcode bytearray(b'\x80\x03'), Data bytearray(b'\x00\x00\x00\x00') unknown for model <mesh.access.Access object at 0x000001DD16BE0640>.
2020-01-20 16:08:57,555 - DEBUG - COM3: Message Opcode bytearray(b'\x80\x03'), Data bytearray(b'\x00\x00\x00\x00') unknown for model <mesh.access.Access object at 0x000001DD16BE0640>.
2020-01-20 16:08:58,483 - DEBUG - COM3.ConfigurationClient: Sending opcode: 803d, data: 3c0000000010
2020-01-20 16:08:58,483 - DEBUG - COM3: TX: 13ab08000100000008000000803d3c0000000010
2020-01-20 16:08:58,483 - DEBUG - COM3: RX: 0784ab001a000000
2020-01-20 16:08:58,483 - DEBUG - COM3: parsed_packet {event: CmdRsp, data: {'opcode': 171, 'status': 0, 'data': bytearray(b'\x1a\x00\x00\x00')}}
2020-01-20 16:08:58,483 - INFO - COM3: PacketSend: {'token': 26}
2020-01-20 16:08:58,498 - DEBUG - COM3: RX: 05d21a000000
2020-01-20 16:08:58,498 - DEBUG - COM3: parsed_packet {event: MeshTxComplete, data: {'token': 26}}
2020-01-20 16:08:58,498 - INFO - COM3: {event: MeshTxComplete, data: {'token': 26}}
2020-01-20 16:08:58,514 - DEBUG - COM3: RX: 1dd03b000100080000000401c09923e28ac8be0900803e003c0000000010
2020-01-20 16:08:58,514 - DEBUG - COM3: parsed_packet {event: MeshMessageReceivedUnicast, data: {'src': 59, 'dst': 1, 'appkey_handle': 8, 'subnet_handle': 0, 'ttl': 4, 'adv_addr_type': 1, 'adv_addr': bytearray(b'\xc0\x99#\xe2\x8a\xc8'), 'rssi': -66, 'actual_length': 9, 'data': bytearray(b'\x80>\x00<\x00\x00\x00\x00\x10')}}
2020-01-20 16:08:58,514 - INFO - COM3.ConfigurationClient: Model app bind status: AccessStatus.SUCCESS
2020-01-20 16:08:58,514 - INFO - COM3.ConfigurationClient: Appkey bind 0 to model 1000 at 003c
2020-01-20 16:08:58,514 - DEBUG - COM3: Message Opcode bytearray(b'\x80>'), Data bytearray(b'\x00<\x00\x00\x00\x00\x10') unknown for model <mesh.access.Access object at 0x000001DD16BE0640>.
2020-01-20 16:08:58,514 - DEBUG - COM3: Message Opcode bytearray(b'\x80>'), Data bytearray(b'\x00<\x00\x00\x00\x00\x10') unknown for model <mesh.access.Access object at 0x000001DD16BE0640>.
