2020-01-20 10:11:31,681 - DEBUG - COM3: TX: 61691139a6a1482a82faaf35f279bd262bfbdfbc5b9e0d263dd620be166e7427074f82fb1da729bcb3d64989209e14d009a7911f2f650f277f31664a965e3b55c86f6f4a69dfae7d919fcf22b777f8bfb9d862759ac1734b1cabe8672da4bf1f95a0
2020-01-20 10:11:31,693 - DEBUG - COM3: RX: 03846900
2020-01-20 10:11:31,693 - DEBUG - COM3: parsed_packet {event: CmdRsp, data: {'opcode': 105, 'status': 0, 'data': bytearray(b'')}}
2020-01-20 10:11:31,693 - DEBUG - COM3: TX: 059f01000100
2020-01-20 10:11:31,693 - INFO - COM3: Success
2020-01-20 10:11:31,696 - DEBUG - COM3: RX: 03849f00
2020-01-20 10:11:31,705 - DEBUG - COM3: parsed_packet {event: CmdRsp, data: {'opcode': 159, 'status': 0, 'data': bytearray(b'')}}
2020-01-20 10:11:31,705 - DEBUG - COM3: TX: 1392000018eed9c2a56add85049ffc3c59ad0e12
2020-01-20 10:11:31,705 - INFO - COM3: Success
2020-01-20 10:11:31,710 - DEBUG - COM3: RX: 058492000000
2020-01-20 10:11:31,710 - DEBUG - COM3: parsed_packet {event: CmdRsp, data: {'opcode': 146, 'status': 0, 'data': bytearray(b'\x00\x00')}}
2020-01-20 10:11:31,710 - DEBUG - COM3: TX: 1597000000004f68ad85d9f48ac8589df665b6b49b8a
2020-01-20 10:11:31,710 - INFO - COM3: SubnetAdd: {'subnet_handle': 0}
2020-01-20 10:11:31,713 - DEBUG - COM3: RX: 058497000000
2020-01-20 10:11:31,713 - DEBUG - COM3: parsed_packet {event: CmdRsp, data: {'opcode': 151, 'status': 0, 'data': bytearray(b'\x00\x00')}}
2020-01-20 10:11:31,713 - DEBUG - COM3: TX: 1597010000002aa2a6ded5a0798ceab5787ca3ae39fc
2020-01-20 10:11:31,713 - INFO - COM3: AppkeyAdd: {'appkey_handle': 0}
2020-01-20 10:11:31,717 - DEBUG - COM3: RX: 058497000100
2020-01-20 10:11:31,717 - DEBUG - COM3: parsed_packet {event: CmdRsp, data: {'opcode': 151, 'status': 0, 'data': bytearray(b'\x01\x00')}}
2020-01-20 10:11:31,717 - INFO - COM3: AppkeyAdd: {'appkey_handle': 1}
2020-01-20 10:14:20,239 - DEBUG - COM3: RX: 00
2020-01-20 10:14:20,239 - ERROR - COM3: Invalid packet: bytearray(b'\x00')
2020-01-20 10:14:20,654 - DEBUG - COM3: RX: 04810200fe
2020-01-20 10:14:20,654 - DEBUG - COM3: parsed_packet {event: DeviceStarted, data: {'operating_mode': 2, 'hw_error': 0, 'data_credit_available': 254}}
2020-01-20 10:14:20,654 - INFO - COM3: Device rebooted.
