2020-01-20 13:56:42,916 - DEBUG - COM3: TX: 6169dda53a37f06145e49eaea9f0123cd6697c793d36e3c8a7af816334aeda2d4d8ab18bcd071d0c51d921e5acf29a93cbeafe3eab484c178482f0c22be829b402e1f279be0b584c04f28fa3f909873bfc0d52f2180a33e2aa27f93af19e2cb77bb3
2020-01-20 13:56:42,927 - DEBUG - COM3: RX: 03846900
2020-01-20 13:56:42,928 - DEBUG - COM3: parsed_packet {event: CmdRsp, data: {'opcode': 105, 'status': 0, 'data': bytearray(b'')}}
2020-01-20 13:56:42,928 - DEBUG - COM3: TX: 059f01000100
2020-01-20 13:56:42,928 - INFO - COM3: Success
2020-01-20 13:56:42,930 - DEBUG - COM3: RX: 03849f8e
2020-01-20 13:56:42,938 - DEBUG - COM3: parsed_packet {event: CmdRsp, data: {'opcode': 159, 'status': 142, 'data': bytearray(b'')}}
2020-01-20 13:56:42,938 - DEBUG - COM3: TX: 1392000018eed9c2a56add85049ffc3c59ad0e12
2020-01-20 13:56:42,938 - ERROR - COM3: None: ERROR_REJECTED
2020-01-20 13:56:42,940 - DEBUG - COM3: RX: 03849281
2020-01-20 13:56:42,941 - DEBUG - COM3: parsed_packet {event: CmdRsp, data: {'opcode': 146, 'status': 129, 'data': bytearray(b'')}}
2020-01-20 13:56:42,941 - DEBUG - COM3: TX: 1597000000004f68ad85d9f48ac8589df665b6b49b8a
2020-01-20 13:56:42,941 - ERROR - COM3: SubnetAdd: ERROR_INTERNAL
2020-01-20 13:56:42,945 - DEBUG - COM3: RX: 03849781
2020-01-20 13:56:42,945 - DEBUG - COM3: parsed_packet {event: CmdRsp, data: {'opcode': 151, 'status': 129, 'data': bytearray(b'')}}
2020-01-20 13:56:42,946 - DEBUG - COM3: TX: 1597010000002aa2a6ded5a0798ceab5787ca3ae39fc
2020-01-20 13:56:42,945 - ERROR - COM3: AppkeyAdd: ERROR_INTERNAL
2020-01-20 13:56:42,949 - DEBUG - COM3: RX: 03849781
2020-01-20 13:56:42,949 - DEBUG - COM3: parsed_packet {event: CmdRsp, data: {'opcode': 151, 'status': 129, 'data': bytearray(b'')}}
2020-01-20 13:56:42,949 - ERROR - COM3: AppkeyAdd: ERROR_INTERNAL
