2020-01-20 09:54:32,982 - DEBUG - COM3: TX: 6169d12f29a451137d477559c67ce6e4c5ff736502e4aa059cdbf114c0b6b7fcc1ea057bc43bb04af624d97985636e5ae59366e4f7dc62d3be8a1c5adf8d90717c4316940d083cefb6123912f4423ddaaef47c8ca6ac5f316c49c512a86dffa367b1
2020-01-20 09:54:32,993 - DEBUG - COM3: RX: 03846900
2020-01-20 09:54:32,993 - DEBUG - COM3: parsed_packet {event: CmdRsp, data: {'opcode': 105, 'status': 0, 'data': bytearray(b'')}}
2020-01-20 09:54:32,993 - DEBUG - COM3: TX: 059f01000100
2020-01-20 09:54:32,993 - INFO - COM3: Success
2020-01-20 09:54:32,996 - DEBUG - COM3: RX: 03849f8e
2020-01-20 09:54:33,005 - DEBUG - COM3: parsed_packet {event: CmdRsp, data: {'opcode': 159, 'status': 142, 'data': bytearray(b'')}}
2020-01-20 09:54:33,005 - DEBUG - COM3: TX: 1392000018eed9c2a56add85049ffc3c59ad0e12
2020-01-20 09:54:33,005 - ERROR - COM3: None: ERROR_REJECTED
2020-01-20 09:54:33,009 - DEBUG - COM3: RX: 03849281
2020-01-20 09:54:33,009 - DEBUG - COM3: parsed_packet {event: CmdRsp, data: {'opcode': 146, 'status': 129, 'data': bytearray(b'')}}
2020-01-20 09:54:33,009 - DEBUG - COM3: TX: 1597000000004f68ad85d9f48ac8589df665b6b49b8a
2020-01-20 09:54:33,009 - ERROR - COM3: SubnetAdd: ERROR_INTERNAL
2020-01-20 09:54:33,012 - DEBUG - COM3: RX: 03849781
2020-01-20 09:54:33,012 - DEBUG - COM3: parsed_packet {event: CmdRsp, data: {'opcode': 151, 'status': 129, 'data': bytearray(b'')}}
2020-01-20 09:54:33,013 - DEBUG - COM3: TX: 1597010000002aa2a6ded5a0798ceab5787ca3ae39fc
2020-01-20 09:54:33,013 - ERROR - COM3: AppkeyAdd: ERROR_INTERNAL
2020-01-20 09:54:33,017 - DEBUG - COM3: RX: 03849781
2020-01-20 09:54:33,017 - DEBUG - COM3: parsed_packet {event: CmdRsp, data: {'opcode': 151, 'status': 129, 'data': bytearray(b'')}}
2020-01-20 09:54:33,017 - ERROR - COM3: AppkeyAdd: ERROR_INTERNAL
2020-01-20 09:54:36,396 - DEBUG - COM3: RX: 00
2020-01-20 09:54:36,396 - ERROR - COM3: Invalid packet: bytearray(b'\x00')
2020-01-20 09:54:36,812 - DEBUG - COM3: RX: 04810200fe
2020-01-20 09:54:36,812 - DEBUG - COM3: parsed_packet {event: DeviceStarted, data: {'operating_mode': 2, 'hw_error': 0, 'data_credit_available': 254}}
2020-01-20 09:54:36,812 - INFO - COM3: Device rebooted.
2020-01-20 09:54:42,313 - DEBUG - COM3: TX: 61698a8bfb32218282ded0194389f59840218d0a16e2f76e3e9a79b9fd12191a94a1a41323738819f64b1ab8e7b35471e74a8a90470f46351e97958ad11a046a55a56907d8ce79801ab8cb3bed50545bf60ed28b5a5fd5358ed6570907069bc60c50
2020-01-20 09:54:42,325 - DEBUG - COM3: RX: 03846900
2020-01-20 09:54:42,325 - DEBUG - COM3: parsed_packet {event: CmdRsp, data: {'opcode': 105, 'status': 0, 'data': bytearray(b'')}}
2020-01-20 09:54:42,325 - DEBUG - COM3: TX: 059f01000100
2020-01-20 09:54:42,325 - INFO - COM3: Success
2020-01-20 09:54:42,328 - DEBUG - COM3: RX: 03849f00
2020-01-20 09:54:42,328 - DEBUG - COM3: parsed_packet {event: CmdRsp, data: {'opcode': 159, 'status': 0, 'data': bytearray(b'')}}
2020-01-20 09:54:42,328 - DEBUG - COM3: TX: 1392000018eed9c2a56add85049ffc3c59ad0e12
2020-01-20 09:54:42,328 - INFO - COM3: Success
2020-01-20 09:54:42,332 - DEBUG - COM3: RX: 058492000000
2020-01-20 09:54:42,332 - DEBUG - COM3: parsed_packet {event: CmdRsp, data: {'opcode': 146, 'status': 0, 'data': bytearray(b'\x00\x00')}}
2020-01-20 09:54:42,332 - DEBUG - COM3: TX: 1597000000004f68ad85d9f48ac8589df665b6b49b8a
2020-01-20 09:54:42,332 - INFO - COM3: SubnetAdd: {'subnet_handle': 0}
2020-01-20 09:54:42,336 - DEBUG - COM3: RX: 058497000000
2020-01-20 09:54:42,336 - DEBUG - COM3: parsed_packet {event: CmdRsp, data: {'opcode': 151, 'status': 0, 'data': bytearray(b'\x00\x00')}}
2020-01-20 09:54:42,336 - DEBUG - COM3: TX: 1597010000002aa2a6ded5a0798ceab5787ca3ae39fc
2020-01-20 09:54:42,336 - INFO - COM3: AppkeyAdd: {'appkey_handle': 0}
2020-01-20 09:54:42,340 - DEBUG - COM3: RX: 058497000100
2020-01-20 09:54:42,340 - DEBUG - COM3: parsed_packet {event: CmdRsp, data: {'opcode': 151, 'status': 0, 'data': bytearray(b'\x01\x00')}}
2020-01-20 09:54:42,340 - INFO - COM3: AppkeyAdd: {'appkey_handle': 1}
2020-01-20 09:54:47,401 - DEBUG - COM3: TX: 0161
2020-01-20 09:54:47,403 - DEBUG - COM3: RX: 03846100
2020-01-20 09:54:47,403 - DEBUG - COM3: parsed_packet {event: CmdRsp, data: {'opcode': 97, 'status': 0, 'data': bytearray(b'')}}
2020-01-20 09:54:47,403 - INFO - COM3: Success
2020-01-20 09:54:48,609 - DEBUG - COM3: RX: 1ac0d5b91bba0508344a809923e28a48b06dc90001c09923e28ac8
2020-01-20 09:54:48,609 - DEBUG - COM3: parsed_packet {event: ProvUnprovisionedReceived, data: {'uuid': bytearray(b'\xd5\xb9\x1b\xba\x05\x084J\x80\x99#\xe2\x8aH\xb0m'), 'rssi': -55, 'gatt_supported': 0, 'adv_addr_type': 1, 'adv_addr': bytearray(b'\xc0\x99#\xe2\x8a\xc8')}}
2020-01-20 09:54:48,609 - INFO - COM3: Received UUID d5b91bba0508344a809923e28a48b06d with RSSI: -55 dB
2020-01-20 09:54:49,250 - DEBUG - COM3: RX: 1ac0c86a88bbfa034047a539d04a8ded330fbd00012539d04a8ded
2020-01-20 09:54:49,250 - DEBUG - COM3: parsed_packet {event: ProvUnprovisionedReceived, data: {'uuid': bytearray(b'\xc8j\x88\xbb\xfa\x03@G\xa59\xd0J\x8d\xed3\x0f'), 'rssi': -67, 'gatt_supported': 0, 'adv_addr_type': 1, 'adv_addr': bytearray(b'%9\xd0J\x8d\xed')}}
2020-01-20 09:54:49,250 - INFO - COM3: Received UUID c86a88bbfa034047a539d04a8ded330f with RSSI: -67 dB
2020-01-20 09:54:49,283 - DEBUG - COM3: RX: 1ac0d9cfbd4418e74240b492f8f01d1cd1acbd0001b492f8f01ddc
2020-01-20 09:54:49,283 - DEBUG - COM3: parsed_packet {event: ProvUnprovisionedReceived, data: {'uuid': bytearray(b'\xd9\xcf\xbdD\x18\xe7B@\xb4\x92\xf8\xf0\x1d\x1c\xd1\xac'), 'rssi': -67, 'gatt_supported': 0, 'adv_addr_type': 1, 'adv_addr': bytearray(b'\xb4\x92\xf8\xf0\x1d\xdc')}}
2020-01-20 09:54:49,283 - INFO - COM3: Received UUID d9cfbd4418e74240b492f8f01d1cd1ac with RSSI: -67 dB
2020-01-20 09:54:51,257 - DEBUG - COM3: RX: 1ac0c86a88bbfa034047a539d04a8ded330fbc00012539d04a8ded
2020-01-20 09:54:51,258 - DEBUG - COM3: parsed_packet {event: ProvUnprovisionedReceived, data: {'uuid': bytearray(b'\xc8j\x88\xbb\xfa\x03@G\xa59\xd0J\x8d\xed3\x0f'), 'rssi': -68, 'gatt_supported': 0, 'adv_addr_type': 1, 'adv_addr': bytearray(b'%9\xd0J\x8d\xed')}}
2020-01-20 09:54:51,297 - DEBUG - COM3: RX: 1ac0d9cfbd4418e74240b492f8f01d1cd1acc00001b492f8f01ddc
2020-01-20 09:54:51,298 - DEBUG - COM3: parsed_packet {event: ProvUnprovisionedReceived, data: {'uuid': bytearray(b'\xd9\xcf\xbdD\x18\xe7B@\xb4\x92\xf8\xf0\x1d\x1c\xd1\xac'), 'rssi': -64, 'gatt_supported': 0, 'adv_addr_type': 1, 'adv_addr': bytearray(b'\xb4\x92\xf8\xf0\x1d\xdc')}}
2020-01-20 09:54:52,402 - DEBUG - COM3: TX: 0162
2020-01-20 09:54:52,404 - DEBUG - COM3: RX: 03846200
2020-01-20 09:54:52,404 - DEBUG - COM3: parsed_packet {event: CmdRsp, data: {'opcode': 98, 'status': 0, 'data': bytearray(b'')}}
2020-01-20 09:54:52,404 - INFO - COM3: Success
2020-01-20 09:55:08,764 - DEBUG - COM3: TX: 0161
2020-01-20 09:55:08,766 - DEBUG - COM3: RX: 03846100
2020-01-20 09:55:08,766 - DEBUG - COM3: parsed_packet {event: CmdRsp, data: {'opcode': 97, 'status': 0, 'data': bytearray(b'')}}
2020-01-20 09:55:08,766 - INFO - COM3: Success
2020-01-20 09:55:09,295 - DEBUG - COM3: RX: 1ac0c86a88bbfa034047a539d04a8ded330fbd00012539d04a8ded
2020-01-20 09:55:09,295 - DEBUG - COM3: parsed_packet {event: ProvUnprovisionedReceived, data: {'uuid': bytearray(b'\xc8j\x88\xbb\xfa\x03@G\xa59\xd0J\x8d\xed3\x0f'), 'rssi': -67, 'gatt_supported': 0, 'adv_addr_type': 1, 'adv_addr': bytearray(b'%9\xd0J\x8d\xed')}}
2020-01-20 09:55:09,344 - DEBUG - COM3: RX: 1ac0d9cfbd4418e74240b492f8f01d1cd1acbf0001b492f8f01ddc
2020-01-20 09:55:09,344 - DEBUG - COM3: parsed_packet {event: ProvUnprovisionedReceived, data: {'uuid': bytearray(b'\xd9\xcf\xbdD\x18\xe7B@\xb4\x92\xf8\xf0\x1d\x1c\xd1\xac'), 'rssi': -65, 'gatt_supported': 0, 'adv_addr_type': 1, 'adv_addr': bytearray(b'\xb4\x92\xf8\xf0\x1d\xdc')}}
2020-01-20 09:55:11,296 - DEBUG - COM3: RX: 1ac0c86a88bbfa034047a539d04a8ded330fc300012539d04a8ded
2020-01-20 09:55:11,296 - DEBUG - COM3: parsed_packet {event: ProvUnprovisionedReceived, data: {'uuid': bytearray(b'\xc8j\x88\xbb\xfa\x03@G\xa59\xd0J\x8d\xed3\x0f'), 'rssi': -61, 'gatt_supported': 0, 'adv_addr_type': 1, 'adv_addr': bytearray(b'%9\xd0J\x8d\xed')}}
2020-01-20 09:55:11,354 - DEBUG - COM3: RX: 1ac0d9cfbd4418e74240b492f8f01d1cd1acbb0001b492f8f01ddc
2020-01-20 09:55:11,354 - DEBUG - COM3: parsed_packet {event: ProvUnprovisionedReceived, data: {'uuid': bytearray(b'\xd9\xcf\xbdD\x18\xe7B@\xb4\x92\xf8\xf0\x1d\x1c\xd1\xac'), 'rssi': -69, 'gatt_supported': 0, 'adv_addr_type': 1, 'adv_addr': bytearray(b'\xb4\x92\xf8\xf0\x1d\xdc')}}
2020-01-20 09:55:12,670 - DEBUG - COM3: RX: 1ac0d5b91bba0508344a809923e28a48b06dc90001c09923e28ac8
2020-01-20 09:55:12,670 - DEBUG - COM3: parsed_packet {event: ProvUnprovisionedReceived, data: {'uuid': bytearray(b'\xd5\xb9\x1b\xba\x05\x084J\x80\x99#\xe2\x8aH\xb0m'), 'rssi': -55, 'gatt_supported': 0, 'adv_addr_type': 1, 'adv_addr': bytearray(b'\xc0\x99#\xe2\x8a\xc8')}}
2020-01-20 09:55:13,302 - DEBUG - COM3: RX: 1ac0c86a88bbfa034047a539d04a8ded330fbd00012539d04a8ded
2020-01-20 09:55:13,302 - DEBUG - COM3: parsed_packet {event: ProvUnprovisionedReceived, data: {'uuid': bytearray(b'\xc8j\x88\xbb\xfa\x03@G\xa59\xd0J\x8d\xed3\x0f'), 'rssi': -67, 'gatt_supported': 0, 'adv_addr_type': 1, 'adv_addr': bytearray(b'%9\xd0J\x8d\xed')}}
2020-01-20 09:55:13,765 - DEBUG - COM3: TX: 0162
2020-01-20 09:55:13,767 - DEBUG - COM3: RX: 03846200
2020-01-20 09:55:13,767 - DEBUG - COM3: parsed_packet {event: CmdRsp, data: {'opcode': 98, 'status': 0, 'data': bytearray(b'')}}
2020-01-20 09:55:13,767 - INFO - COM3: Success
2020-01-20 09:57:49,626 - DEBUG - COM3: RX: 00
2020-01-20 09:57:49,627 - ERROR - COM3: Invalid packet: bytearray(b'\x00')
2020-01-20 09:57:50,042 - DEBUG - COM3: RX: 04810200fe
2020-01-20 09:57:50,042 - DEBUG - COM3: parsed_packet {event: DeviceStarted, data: {'operating_mode': 2, 'hw_error': 0, 'data_credit_available': 254}}
2020-01-20 09:57:50,043 - INFO - COM3: Device rebooted.
2020-01-20 09:58:01,504 - DEBUG - COM3: TX: 0161
2020-01-20 09:58:01,505 - DEBUG - COM3: RX: 03846100
2020-01-20 09:58:01,505 - DEBUG - COM3: parsed_packet {event: CmdRsp, data: {'opcode': 97, 'status': 0, 'data': bytearray(b'')}}
2020-01-20 09:58:01,506 - INFO - COM3: Success
2020-01-20 09:58:01,760 - DEBUG - COM3: RX: 1ac0c86a88bbfa034047a539d04a8ded330fc700012539d04a8ded
2020-01-20 09:58:01,760 - DEBUG - COM3: parsed_packet {event: ProvUnprovisionedReceived, data: {'uuid': bytearray(b'\xc8j\x88\xbb\xfa\x03@G\xa59\xd0J\x8d\xed3\x0f'), 'rssi': -57, 'gatt_supported': 0, 'adv_addr_type': 1, 'adv_addr': bytearray(b'%9\xd0J\x8d\xed')}}
2020-01-20 09:58:03,077 - DEBUG - COM3: RX: 1ac0d5b91bba0508344a809923e28a48b06dba0001c09923e28ac8
2020-01-20 09:58:03,078 - DEBUG - COM3: parsed_packet {event: ProvUnprovisionedReceived, data: {'uuid': bytearray(b'\xd5\xb9\x1b\xba\x05\x084J\x80\x99#\xe2\x8aH\xb0m'), 'rssi': -70, 'gatt_supported': 0, 'adv_addr_type': 1, 'adv_addr': bytearray(b'\xc0\x99#\xe2\x8a\xc8')}}
2020-01-20 09:58:03,766 - DEBUG - COM3: RX: 1ac0c86a88bbfa034047a539d04a8ded330fbd00012539d04a8ded
2020-01-20 09:58:03,767 - DEBUG - COM3: parsed_packet {event: ProvUnprovisionedReceived, data: {'uuid': bytearray(b'\xc8j\x88\xbb\xfa\x03@G\xa59\xd0J\x8d\xed3\x0f'), 'rssi': -67, 'gatt_supported': 0, 'adv_addr_type': 1, 'adv_addr': bytearray(b'%9\xd0J\x8d\xed')}}
2020-01-20 09:58:05,081 - DEBUG - COM3: RX: 1ac0d5b91bba0508344a809923e28a48b06db60001c09923e28ac8
2020-01-20 09:58:05,081 - DEBUG - COM3: parsed_packet {event: ProvUnprovisionedReceived, data: {'uuid': bytearray(b'\xd5\xb9\x1b\xba\x05\x084J\x80\x99#\xe2\x8aH\xb0m'), 'rssi': -74, 'gatt_supported': 0, 'adv_addr_type': 1, 'adv_addr': bytearray(b'\xc0\x99#\xe2\x8a\xc8')}}
2020-01-20 09:58:05,770 - DEBUG - COM3: RX: 1ac0c86a88bbfa034047a539d04a8ded330fc100012539d04a8ded
2020-01-20 09:58:05,771 - DEBUG - COM3: parsed_packet {event: ProvUnprovisionedReceived, data: {'uuid': bytearray(b'\xc8j\x88\xbb\xfa\x03@G\xa59\xd0J\x8d\xed3\x0f'), 'rssi': -63, 'gatt_supported': 0, 'adv_addr_type': 1, 'adv_addr': bytearray(b'%9\xd0J\x8d\xed')}}
2020-01-20 09:58:05,790 - DEBUG - COM3: RX: 1ac0d9cfbd4418e74240b492f8f01d1cd1acc20001b492f8f01ddc
2020-01-20 09:58:05,790 - DEBUG - COM3: parsed_packet {event: ProvUnprovisionedReceived, data: {'uuid': bytearray(b'\xd9\xcf\xbdD\x18\xe7B@\xb4\x92\xf8\xf0\x1d\x1c\xd1\xac'), 'rssi': -62, 'gatt_supported': 0, 'adv_addr_type': 1, 'adv_addr': bytearray(b'\xb4\x92\xf8\xf0\x1d\xdc')}}
2020-01-20 09:58:06,505 - DEBUG - COM3: TX: 0162
2020-01-20 09:58:06,506 - DEBUG - COM3: RX: 03846200
2020-01-20 09:58:06,506 - DEBUG - COM3: parsed_packet {event: CmdRsp, data: {'opcode': 98, 'status': 0, 'data': bytearray(b'')}}
2020-01-20 09:58:06,506 - INFO - COM3: Success
