2020-01-20 09:41:19,454 - DEBUG - COM3: TX: 6169594dfcae6fa8cce329abb292d16992cfa029ebd0972dc23e5c9a7a2b559dfb9a03406338275863e2a55a106f7572ece22246821a7a71850368c1ae932852329c1e95108a545886f9b0e0ed13ec4ee368a93e817d0ebedac7406e4ca5180710d0
2020-01-20 09:41:19,465 - DEBUG - COM3: RX: 03846900
2020-01-20 09:41:19,466 - DEBUG - COM3: parsed_packet {event: CmdRsp, data: {'opcode': 105, 'status': 0, 'data': bytearray(b'')}}
2020-01-20 09:41:19,466 - DEBUG - COM3: TX: 059f01000100
2020-01-20 09:41:19,466 - INFO - COM3: Success
2020-01-20 09:41:19,468 - DEBUG - COM3: RX: 03849f8e
2020-01-20 09:41:19,476 - DEBUG - COM3: parsed_packet {event: CmdRsp, data: {'opcode': 159, 'status': 142, 'data': bytearray(b'')}}
2020-01-20 09:41:19,476 - DEBUG - COM3: TX: 1392000018eed9c2a56add85049ffc3c59ad0e12
2020-01-20 09:41:19,476 - ERROR - COM3: None: ERROR_REJECTED
2020-01-20 09:41:19,480 - DEBUG - COM3: RX: 03849281
2020-01-20 09:41:19,480 - DEBUG - COM3: parsed_packet {event: CmdRsp, data: {'opcode': 146, 'status': 129, 'data': bytearray(b'')}}
2020-01-20 09:41:19,480 - DEBUG - COM3: TX: 1597000000004f68ad85d9f48ac8589df665b6b49b8a
2020-01-20 09:41:19,480 - ERROR - COM3: SubnetAdd: ERROR_INTERNAL
2020-01-20 09:41:19,484 - DEBUG - COM3: RX: 03849781
2020-01-20 09:41:19,484 - DEBUG - COM3: parsed_packet {event: CmdRsp, data: {'opcode': 151, 'status': 129, 'data': bytearray(b'')}}
2020-01-20 09:41:19,485 - DEBUG - COM3: TX: 1597010000002aa2a6ded5a0798ceab5787ca3ae39fc
2020-01-20 09:41:19,484 - ERROR - COM3: AppkeyAdd: ERROR_INTERNAL
2020-01-20 09:41:19,488 - DEBUG - COM3: RX: 03849781
2020-01-20 09:41:19,488 - DEBUG - COM3: parsed_packet {event: CmdRsp, data: {'opcode': 151, 'status': 129, 'data': bytearray(b'')}}
2020-01-20 09:41:19,488 - ERROR - COM3: AppkeyAdd: ERROR_INTERNAL
2020-01-20 09:41:21,575 - DEBUG - COM3: RX: 00
2020-01-20 09:41:21,575 - ERROR - COM3: Invalid packet: bytearray(b'\x00')
2020-01-20 09:41:21,989 - DEBUG - COM3: RX: 04810200fe
2020-01-20 09:41:21,989 - DEBUG - COM3: parsed_packet {event: DeviceStarted, data: {'operating_mode': 2, 'hw_error': 0, 'data_credit_available': 254}}
2020-01-20 09:41:21,989 - INFO - COM3: Device rebooted.
2020-01-20 09:41:26,083 - DEBUG - COM3: TX: 6169bf4bb6f85448471cc753c599edce29a0c85ab817a8e0bb47d45924ea62c0c56e1ae629e7fc94e90198e23311cc0eee9ef977c27c0337602c670ed90bf303dc4a7daa9a7c3af1d2a1f7618220972fd546e77a4952c3d2466d954d9daf1087cbdf
2020-01-20 09:41:26,095 - DEBUG - COM3: RX: 03846900
2020-01-20 09:41:26,095 - DEBUG - COM3: parsed_packet {event: CmdRsp, data: {'opcode': 105, 'status': 0, 'data': bytearray(b'')}}
2020-01-20 09:41:26,096 - DEBUG - COM3: TX: 059f01000100
2020-01-20 09:41:26,095 - INFO - COM3: Success
2020-01-20 09:41:26,098 - DEBUG - COM3: RX: 03849f00
2020-01-20 09:41:26,098 - DEBUG - COM3: parsed_packet {event: CmdRsp, data: {'opcode': 159, 'status': 0, 'data': bytearray(b'')}}
2020-01-20 09:41:26,099 - DEBUG - COM3: TX: 1392000018eed9c2a56add85049ffc3c59ad0e12
2020-01-20 09:41:26,098 - INFO - COM3: Success
2020-01-20 09:41:26,103 - DEBUG - COM3: RX: 058492000000
2020-01-20 09:41:26,103 - DEBUG - COM3: parsed_packet {event: CmdRsp, data: {'opcode': 146, 'status': 0, 'data': bytearray(b'\x00\x00')}}
2020-01-20 09:41:26,103 - DEBUG - COM3: TX: 1597000000004f68ad85d9f48ac8589df665b6b49b8a
2020-01-20 09:41:26,103 - INFO - COM3: SubnetAdd: {'subnet_handle': 0}
2020-01-20 09:41:26,107 - DEBUG - COM3: RX: 058497000000
2020-01-20 09:41:26,107 - DEBUG - COM3: parsed_packet {event: CmdRsp, data: {'opcode': 151, 'status': 0, 'data': bytearray(b'\x00\x00')}}
2020-01-20 09:41:26,107 - DEBUG - COM3: TX: 1597010000002aa2a6ded5a0798ceab5787ca3ae39fc
2020-01-20 09:41:26,107 - INFO - COM3: AppkeyAdd: {'appkey_handle': 0}
2020-01-20 09:41:26,112 - DEBUG - COM3: RX: 058497000100
2020-01-20 09:41:26,112 - DEBUG - COM3: parsed_packet {event: CmdRsp, data: {'opcode': 151, 'status': 0, 'data': bytearray(b'\x01\x00')}}
2020-01-20 09:41:26,112 - INFO - COM3: AppkeyAdd: {'appkey_handle': 1}
2020-01-20 09:41:33,476 - DEBUG - COM3: TX: 0161
2020-01-20 09:41:33,477 - DEBUG - COM3: RX: 03846100
2020-01-20 09:41:33,477 - DEBUG - COM3: parsed_packet {event: CmdRsp, data: {'opcode': 97, 'status': 0, 'data': bytearray(b'')}}
2020-01-20 09:41:33,477 - INFO - COM3: Success
2020-01-20 09:41:35,267 - DEBUG - COM3: RX: 1ac0c86a88bbfa034047a539d04a8ded330fc300012539d04a8ded
2020-01-20 09:41:35,267 - DEBUG - COM3: parsed_packet {event: ProvUnprovisionedReceived, data: {'uuid': bytearray(b'\xc8j\x88\xbb\xfa\x03@G\xa59\xd0J\x8d\xed3\x0f'), 'rssi': -61, 'gatt_supported': 0, 'adv_addr_type': 1, 'adv_addr': bytearray(b'%9\xd0J\x8d\xed')}}
2020-01-20 09:41:35,267 - INFO - COM3: Received UUID c86a88bbfa034047a539d04a8ded330f with RSSI: -61 dB
2020-01-20 09:41:35,351 - DEBUG - COM3: RX: 1ac0d9cfbd4418e74240b492f8f01d1cd1acbe0001b492f8f01ddc
2020-01-20 09:41:35,351 - DEBUG - COM3: parsed_packet {event: ProvUnprovisionedReceived, data: {'uuid': bytearray(b'\xd9\xcf\xbdD\x18\xe7B@\xb4\x92\xf8\xf0\x1d\x1c\xd1\xac'), 'rssi': -66, 'gatt_supported': 0, 'adv_addr_type': 1, 'adv_addr': bytearray(b'\xb4\x92\xf8\xf0\x1d\xdc')}}
2020-01-20 09:41:35,352 - INFO - COM3: Received UUID d9cfbd4418e74240b492f8f01d1cd1ac with RSSI: -66 dB
2020-01-20 09:41:36,711 - DEBUG - COM3: RX: 1ac0d5b91bba0508344a809923e28a48b06dc00001c09923e28ac8
2020-01-20 09:41:36,711 - DEBUG - COM3: parsed_packet {event: ProvUnprovisionedReceived, data: {'uuid': bytearray(b'\xd5\xb9\x1b\xba\x05\x084J\x80\x99#\xe2\x8aH\xb0m'), 'rssi': -64, 'gatt_supported': 0, 'adv_addr_type': 1, 'adv_addr': bytearray(b'\xc0\x99#\xe2\x8a\xc8')}}
2020-01-20 09:41:36,711 - INFO - COM3: Received UUID d5b91bba0508344a809923e28a48b06d with RSSI: -64 dB
2020-01-20 09:41:37,272 - DEBUG - COM3: RX: 1ac0c86a88bbfa034047a539d04a8ded330fbb00012539d04a8ded
2020-01-20 09:41:37,272 - DEBUG - COM3: parsed_packet {event: ProvUnprovisionedReceived, data: {'uuid': bytearray(b'\xc8j\x88\xbb\xfa\x03@G\xa59\xd0J\x8d\xed3\x0f'), 'rssi': -69, 'gatt_supported': 0, 'adv_addr_type': 1, 'adv_addr': bytearray(b'%9\xd0J\x8d\xed')}}
2020-01-20 09:41:38,477 - DEBUG - COM3: TX: 0162
2020-01-20 09:41:38,479 - DEBUG - COM3: RX: 03846200
2020-01-20 09:41:38,479 - DEBUG - COM3: parsed_packet {event: CmdRsp, data: {'opcode': 98, 'status': 0, 'data': bytearray(b'')}}
2020-01-20 09:41:38,479 - INFO - COM3: Success
