2020-01-20 15:32:25,126 - DEBUG - COM3: TX: 6169fd0255c1231e9913e49b5e6a85921cc91de6039f4980a9b63cd0c1760c6d91a68c1d1908b8e64eb4eb06155b04abd20fb18e49380598d640665e846e5dbdd6fe3dfc23f29c70557aab3061f3757a50005cd2db5a93695a7f8528382a834076f4
2020-01-20 15:32:25,137 - DEBUG - COM3: RX: 03846900
2020-01-20 15:32:25,137 - DEBUG - COM3: parsed_packet {event: CmdRsp, data: {'opcode': 105, 'status': 0, 'data': bytearray(b'')}}
2020-01-20 15:32:25,138 - DEBUG - COM3: TX: 059f01000100
2020-01-20 15:32:25,137 - INFO - COM3: Success
2020-01-20 15:32:25,139 - DEBUG - COM3: RX: 03849f8e
2020-01-20 15:32:25,149 - DEBUG - COM3: parsed_packet {event: CmdRsp, data: {'opcode': 159, 'status': 142, 'data': bytearray(b'')}}
2020-01-20 15:32:25,149 - DEBUG - COM3: TX: 1392000018eed9c2a56add85049ffc3c59ad0e12
2020-01-20 15:32:25,149 - ERROR - COM3: None: ERROR_REJECTED
2020-01-20 15:32:25,153 - DEBUG - COM3: RX: 03849281
2020-01-20 15:32:25,153 - DEBUG - COM3: parsed_packet {event: CmdRsp, data: {'opcode': 146, 'status': 129, 'data': bytearray(b'')}}
2020-01-20 15:32:25,153 - DEBUG - COM3: TX: 1597000000004f68ad85d9f48ac8589df665b6b49b8a
2020-01-20 15:32:25,153 - ERROR - COM3: SubnetAdd: ERROR_INTERNAL
2020-01-20 15:32:25,157 - DEBUG - COM3: RX: 03849781
2020-01-20 15:32:25,157 - DEBUG - COM3: parsed_packet {event: CmdRsp, data: {'opcode': 151, 'status': 129, 'data': bytearray(b'')}}
2020-01-20 15:32:25,157 - DEBUG - COM3: TX: 1597010000002aa2a6ded5a0798ceab5787ca3ae39fc
2020-01-20 15:32:25,157 - ERROR - COM3: AppkeyAdd: ERROR_INTERNAL
2020-01-20 15:32:25,161 - DEBUG - COM3: RX: 03849781
2020-01-20 15:32:25,161 - DEBUG - COM3: parsed_packet {event: CmdRsp, data: {'opcode': 151, 'status': 129, 'data': bytearray(b'')}}
2020-01-20 15:32:25,161 - ERROR - COM3: AppkeyAdd: ERROR_INTERNAL
2020-01-20 15:43:38,258 - DEBUG - COM3: RX: 00
2020-01-20 15:43:38,258 - ERROR - COM3: Invalid packet: bytearray(b'\x00')
2020-01-20 15:43:38,671 - DEBUG - COM3: RX: 04810200fe
2020-01-20 15:43:38,671 - DEBUG - COM3: parsed_packet {event: DeviceStarted, data: {'operating_mode': 2, 'hw_error': 0, 'data_credit_available': 254}}
2020-01-20 15:43:38,671 - INFO - COM3: Device rebooted.
