2020-01-20 10:45:45,874 - DEBUG - COM3: TX: 6169cc913b4b56afe48a753c37a66007cafe809c924f53f31b82727852284836ac715a3d994f2ee798318cd6fd8517a834fa54bc470496c2c4fe184bfda8d307e57ffd3754107cef834447caf111a73b7681c9795e2219b813b524ab90f2ac18dd1d
2020-01-20 10:45:45,886 - DEBUG - COM3: RX: 03846900
2020-01-20 10:45:45,886 - DEBUG - COM3: parsed_packet {event: CmdRsp, data: {'opcode': 105, 'status': 0, 'data': bytearray(b'')}}
2020-01-20 10:45:45,886 - DEBUG - COM3: TX: 059f01000100
2020-01-20 10:45:45,886 - INFO - COM3: Success
2020-01-20 10:45:45,889 - DEBUG - COM3: RX: 03849f00
2020-01-20 10:45:45,892 - DEBUG - COM3: parsed_packet {event: CmdRsp, data: {'opcode': 159, 'status': 0, 'data': bytearray(b'')}}
2020-01-20 10:45:45,892 - DEBUG - COM3: TX: 1392000018eed9c2a56add85049ffc3c59ad0e12
2020-01-20 10:45:45,892 - INFO - COM3: Success
2020-01-20 10:45:45,897 - DEBUG - COM3: RX: 058492000000
2020-01-20 10:45:45,897 - DEBUG - COM3: parsed_packet {event: CmdRsp, data: {'opcode': 146, 'status': 0, 'data': bytearray(b'\x00\x00')}}
2020-01-20 10:45:45,897 - DEBUG - COM3: TX: 1597000000004f68ad85d9f48ac8589df665b6b49b8a
2020-01-20 10:45:45,897 - INFO - COM3: SubnetAdd: {'subnet_handle': 0}
2020-01-20 10:45:45,901 - DEBUG - COM3: RX: 058497000000
2020-01-20 10:45:45,901 - DEBUG - COM3: parsed_packet {event: CmdRsp, data: {'opcode': 151, 'status': 0, 'data': bytearray(b'\x00\x00')}}
2020-01-20 10:45:45,901 - DEBUG - COM3: TX: 1597010000002aa2a6ded5a0798ceab5787ca3ae39fc
2020-01-20 10:45:45,901 - INFO - COM3: AppkeyAdd: {'appkey_handle': 0}
2020-01-20 10:45:45,906 - DEBUG - COM3: RX: 058497000100
2020-01-20 10:45:45,906 - DEBUG - COM3: parsed_packet {event: CmdRsp, data: {'opcode': 151, 'status': 0, 'data': bytearray(b'\x01\x00')}}
2020-01-20 10:45:45,906 - INFO - COM3: AppkeyAdd: {'appkey_handle': 1}
2020-01-20 10:45:54,643 - DEBUG - COM3: TX: 0161
2020-01-20 10:45:54,644 - DEBUG - COM3: RX: 03846100
2020-01-20 10:45:54,644 - DEBUG - COM3: parsed_packet {event: CmdRsp, data: {'opcode': 97, 'status': 0, 'data': bytearray(b'')}}
2020-01-20 10:45:54,645 - INFO - COM3: Success
2020-01-20 10:45:54,674 - DEBUG - COM3: RX: 1ac0d9cfbd4418e74240b492f8f01d1cd1acc70001b492f8f01ddc
2020-01-20 10:45:54,674 - DEBUG - COM3: parsed_packet {event: ProvUnprovisionedReceived, data: {'uuid': bytearray(b'\xd9\xcf\xbdD\x18\xe7B@\xb4\x92\xf8\xf0\x1d\x1c\xd1\xac'), 'rssi': -57, 'gatt_supported': 0, 'adv_addr_type': 1, 'adv_addr': bytearray(b'\xb4\x92\xf8\xf0\x1d\xdc')}}
2020-01-20 10:45:54,675 - INFO - COM3: Received UUID d9cfbd4418e74240b492f8f01d1cd1ac with RSSI: -57 dB
2020-01-20 10:45:54,861 - DEBUG - COM3: RX: 1ac0c86a88bbfa034047a539d04a8ded330fc100012539d04a8ded
2020-01-20 10:45:54,862 - DEBUG - COM3: parsed_packet {event: ProvUnprovisionedReceived, data: {'uuid': bytearray(b'\xc8j\x88\xbb\xfa\x03@G\xa59\xd0J\x8d\xed3\x0f'), 'rssi': -63, 'gatt_supported': 0, 'adv_addr_type': 1, 'adv_addr': bytearray(b'%9\xd0J\x8d\xed')}}
2020-01-20 10:45:54,862 - INFO - COM3: Received UUID c86a88bbfa034047a539d04a8ded330f with RSSI: -63 dB
2020-01-20 10:45:56,678 - DEBUG - COM3: RX: 1ac0d9cfbd4418e74240b492f8f01d1cd1acae0001b492f8f01ddc
2020-01-20 10:45:56,678 - DEBUG - COM3: parsed_packet {event: ProvUnprovisionedReceived, data: {'uuid': bytearray(b'\xd9\xcf\xbdD\x18\xe7B@\xb4\x92\xf8\xf0\x1d\x1c\xd1\xac'), 'rssi': -82, 'gatt_supported': 0, 'adv_addr_type': 1, 'adv_addr': bytearray(b'\xb4\x92\xf8\xf0\x1d\xdc')}}
2020-01-20 10:45:56,869 - DEBUG - COM3: RX: 1ac0c86a88bbfa034047a539d04a8ded330fb300012539d04a8ded
2020-01-20 10:45:56,869 - DEBUG - COM3: parsed_packet {event: ProvUnprovisionedReceived, data: {'uuid': bytearray(b'\xc8j\x88\xbb\xfa\x03@G\xa59\xd0J\x8d\xed3\x0f'), 'rssi': -77, 'gatt_supported': 0, 'adv_addr_type': 1, 'adv_addr': bytearray(b'%9\xd0J\x8d\xed')}}
2020-01-20 10:45:58,875 - DEBUG - COM3: RX: 1ac0c86a88bbfa034047a539d04a8ded330fbf00012539d04a8ded
2020-01-20 10:45:58,875 - DEBUG - COM3: parsed_packet {event: ProvUnprovisionedReceived, data: {'uuid': bytearray(b'\xc8j\x88\xbb\xfa\x03@G\xa59\xd0J\x8d\xed3\x0f'), 'rssi': -65, 'gatt_supported': 0, 'adv_addr_type': 1, 'adv_addr': bytearray(b'%9\xd0J\x8d\xed')}}
2020-01-20 10:45:59,644 - DEBUG - COM3: TX: 0162
2020-01-20 10:45:59,645 - DEBUG - COM3: RX: 03846200
2020-01-20 10:45:59,645 - DEBUG - COM3: parsed_packet {event: CmdRsp, data: {'opcode': 98, 'status': 0, 'data': bytearray(b'')}}
2020-01-20 10:45:59,645 - INFO - COM3: Success
2020-01-20 10:46:12,574 - DEBUG - COM3: TX: 2d6300d9cfbd4418e74240b492f8f01d1cd1ac18eed9c2a56add85049ffc3c59ad0e120000000000001d00000000
2020-01-20 10:46:12,580 - DEBUG - COM3: RX: 0484630000
2020-01-20 10:46:12,580 - DEBUG - COM3: parsed_packet {event: CmdRsp, data: {'opcode': 99, 'status': 0, 'data': bytearray(b'\x00')}}
2020-01-20 10:46:12,581 - INFO - COM3: Provision: {'context': 0}
2020-01-20 10:46:12,607 - DEBUG - COM3: RX: 02c100
2020-01-20 10:46:12,607 - DEBUG - COM3: parsed_packet {event: ProvLinkEstablished, data: {'context_id': 0}}
2020-01-20 10:46:12,607 - INFO - COM3: Link established
2020-01-20 10:46:12,654 - DEBUG - COM3: RX: 0bc300050001000000000000
2020-01-20 10:46:12,654 - DEBUG - COM3: parsed_packet {event: ProvCapsReceived, data: {'context_id': 0, 'num_elements': 5, 'public_key_type': 0, 'static_oob_types': 1, 'output_oob_size': 0, 'output_oob_actions': 0, 'input_oob_size': 0, 'input_oob_actions': 0}}
2020-01-20 10:46:12,655 - INFO - COM3: Received capabilities
2020-01-20 10:46:12,655 - INFO - COM3: Number of elements: 5
2020-01-20 10:46:12,655 - DEBUG - COM3: TX: 056600000000
2020-01-20 10:46:12,658 - DEBUG - COM3: RX: 0484660000
2020-01-20 10:46:12,658 - DEBUG - COM3: parsed_packet {event: CmdRsp, data: {'opcode': 102, 'status': 0, 'data': bytearray(b'\x00')}}
2020-01-20 10:46:12,658 - INFO - COM3: OobUse: {'context': 0}
2020-01-20 10:46:12,855 - DEBUG - COM3: RX: 62c70006c03db69712cb0c4979a25d578494a60c5c0c6211204a53713ff037512a1a41de2b5c710bac6a7af68fdbead3bb0a26e2a94fdfdb7a3f80cf49b9bc5ce10303cc913b4b56afe48a753c37a66007cafe809c924f53f31b82727852284836ac71
2020-01-20 10:46:12,856 - DEBUG - COM3: parsed_packet {event: ProvEcdhRequest, data: {'context_id': 0, 'peer_public': bytearray(b'\x06\xc0=\xb6\x97\x12\xcb\x0cIy\xa2]W\x84\x94\xa6\x0c\\\x0cb\x11 JSq?\xf07Q*\x1aA\xde+\\q\x0b\xacjz\xf6\x8f\xdb\xea\xd3\xbb\n&\xe2\xa9O\xdf\xdbz?\x80\xcfI\xb9\xbc\\\xe1\x03\x03'), 'node_private': bytearray(b'\xcc\x91;KV\xaf\xe4\x8au<7\xa6`\x07\xca\xfe\x80\x9c\x92OS\xf3\x1b\x82rxR(H6\xacq')}}
2020-01-20 10:46:12,856 - INFO - COM3: ECDH request received
2020-01-20 10:46:12,857 - DEBUG - COM3: TX: 226800235b6c4eb7b7c2af012075db0b920668a958837852eaf115d39b7baf17759dab
2020-01-20 10:46:12,862 - DEBUG - COM3: RX: 0484680000
2020-01-20 10:46:12,862 - DEBUG - COM3: parsed_packet {event: CmdRsp, data: {'opcode': 104, 'status': 0, 'data': bytearray(b'\x00')}}
2020-01-20 10:46:12,862 - INFO - COM3: EcdhSecret: {'context': 0}
2020-01-20 10:46:15,244 - DEBUG - COM3: RX: 2cc5000000000000001d00000046edf04a76c565cb456c8d0b08890bee18eed9c2a56add85049ffc3c59ad0e12
2020-01-20 10:46:15,244 - DEBUG - COM3: parsed_packet {event: ProvComplete, data: {'context_id': 0, 'iv_index': 0, 'net_key_index': 0, 'address': 29, 'iv_update_flag': 0, 'key_refresh_flag': 0, 'device_key': bytearray(b'F\xed\xf0Jv\xc5e\xcbEl\x8d\x0b\x08\x89\x0b\xee'), 'net_key': bytearray(b'\x18\xee\xd9\xc2\xa5j\xdd\x85\x04\x9f\xfc<Y\xad\x0e\x12')}}
2020-01-20 10:46:15,244 - INFO - COM3: Provisioning complete
2020-01-20 10:46:15,245 - INFO - COM3: 	Address(es): 0x1d-0x21
2020-01-20 10:46:15,245 - INFO - COM3: 	Device key: 46edf04a76c565cb456c8d0b08890bee
2020-01-20 10:46:15,245 - INFO - COM3: 	Network key: 18eed9c2a56add85049ffc3c59ad0e12
2020-01-20 10:46:15,246 - INFO - COM3: Adding device key to subnet 0
2020-01-20 10:46:15,246 - DEBUG - COM3: TX: 159c1d00000046edf04a76c565cb456c8d0b08890bee
2020-01-20 10:46:15,246 - INFO - COM3: Adding publication address of root element
2020-01-20 10:46:15,247 - DEBUG - COM3: TX: 03a41d00
2020-01-20 10:46:15,257 - DEBUG - COM3: RX: 05849c000800
2020-01-20 10:46:15,257 - DEBUG - COM3: parsed_packet {event: CmdRsp, data: {'opcode': 156, 'status': 0, 'data': bytearray(b'\x08\x00')}}
2020-01-20 10:46:15,257 - INFO - COM3: DevkeyAdd: {'devkey_handle': 8}
2020-01-20 10:46:15,258 - DEBUG - COM3: RX: 0584a4000000
2020-01-20 10:46:15,258 - DEBUG - COM3: parsed_packet {event: CmdRsp, data: {'opcode': 164, 'status': 0, 'data': bytearray(b'\x00\x00')}}
2020-01-20 10:46:15,258 - INFO - COM3: AddrPublicationAdd: {'address_handle': 0}
2020-01-20 10:46:15,353 - DEBUG - COM3: RX: 03c20000
2020-01-20 10:46:15,353 - DEBUG - COM3: parsed_packet {event: ProvLinkClosed, data: {'context_id': 0, 'close_reason': 0}}
2020-01-20 10:46:15,353 - INFO - COM3: Provisioning link closed
2020-01-20 10:47:10,940 - DEBUG - COM3: TX: 159c1d00000046edf04a76c565cb456c8d0b08890bee
2020-01-20 10:47:10,940 - DEBUG - COM3: TX: 03a41d00
2020-01-20 10:47:10,944 - DEBUG - COM3: RX: 03849c8e
2020-01-20 10:47:10,944 - DEBUG - COM3: parsed_packet {event: CmdRsp, data: {'opcode': 156, 'status': 142, 'data': bytearray(b'')}}
2020-01-20 10:47:10,944 - ERROR - COM3: DevkeyAdd: ERROR_REJECTED
2020-01-20 10:47:10,945 - DEBUG - COM3: RX: 0584a4000000
2020-01-20 10:47:10,945 - DEBUG - COM3: parsed_packet {event: CmdRsp, data: {'opcode': 164, 'status': 0, 'data': bytearray(b'\x00\x00')}}
2020-01-20 10:47:10,945 - INFO - COM3: AddrPublicationAdd: {'address_handle': 0}
2020-01-20 10:47:11,940 - DEBUG - COM3.ConfigurationClient: Sending opcode: 8008, data: 00
2020-01-20 10:47:11,940 - DEBUG - COM3.ConfigurationClient: Sending opcode: 00, data: 0000004f68ad85d9f48ac8589df665b6b49b8a
2020-01-20 10:47:11,940 - DEBUG - COM3: TX: 0eab08000100000008000000800800
2020-01-20 10:47:11,940 - DEBUG - COM3.ConfigurationClient: Sending opcode: 803d, data: 1d0000000210
2020-01-20 10:47:11,941 - DEBUG - COM3: TX: 1fab08000100000008000000000000004f68ad85d9f48ac8589df665b6b49b8a
2020-01-20 10:47:11,944 - DEBUG - COM3: RX: 0784ab0001000000
2020-01-20 10:47:11,944 - DEBUG - COM3: parsed_packet {event: CmdRsp, data: {'opcode': 171, 'status': 0, 'data': bytearray(b'\x01\x00\x00\x00')}}
2020-01-20 10:47:11,944 - DEBUG - COM3: TX: 13ab08000100000008000000803d1d0000000210
2020-01-20 10:47:11,944 - INFO - COM3: PacketSend: {'token': 1}
2020-01-20 10:47:11,947 - DEBUG - COM3: RX: 0784ab0002000000
2020-01-20 10:47:11,947 - DEBUG - COM3: parsed_packet {event: CmdRsp, data: {'opcode': 171, 'status': 0, 'data': bytearray(b'\x02\x00\x00\x00')}}
2020-01-20 10:47:11,947 - INFO - COM3: PacketSend: {'token': 2}
2020-01-20 10:47:11,949 - DEBUG - COM3: RX: 0784ab0003000000
2020-01-20 10:47:11,949 - DEBUG - COM3: parsed_packet {event: CmdRsp, data: {'opcode': 171, 'status': 0, 'data': bytearray(b'\x03\x00\x00\x00')}}
2020-01-20 10:47:11,950 - INFO - COM3: PacketSend: {'token': 3}
2020-01-20 10:47:11,954 - DEBUG - COM3: RX: 05d201000000
2020-01-20 10:47:11,954 - DEBUG - COM3: parsed_packet {event: MeshTxComplete, data: {'token': 1}}
2020-01-20 10:47:11,954 - INFO - COM3: {event: MeshTxComplete, data: {'token': 1}}
2020-01-20 10:47:12,012 - DEBUG - COM3: RX: 2ad01d000100080000000401b492f8f01ddcc61600020059000000000028000f0000000300000002000210
2020-01-20 10:47:12,012 - DEBUG - COM3: parsed_packet {event: MeshMessageReceivedUnicast, data: {'src': 29, 'dst': 1, 'appkey_handle': 8, 'subnet_handle': 0, 'ttl': 4, 'adv_addr_type': 1, 'adv_addr': bytearray(b'\xb4\x92\xf8\xf0\x1d\xdc'), 'rssi': -58, 'actual_length': 22, 'data': bytearray(b'\x02\x00Y\x00\x00\x00\x00\x00(\x00\x0f\x00\x00\x00\x03\x00\x00\x00\x02\x00\x02\x10')}}
2020-01-20 10:47:12,019 - INFO - COM3.ConfigurationClient: Received composition data (page 0x00): {
  "cid": "0059",
  "pid": "0000",
  "vid": "0000",
  "crpl": 40,
  "features": {
    "relay": 0,
    "proxy": 0,
    "friend": 0,
    "low_power": 0
  },
  "elements": [
    {
      "index": 0,
      "location": "0000",
      "models": [
        {
          "modelId": "0000"
        },
        {
          "modelId": "0002"
        },
        {
          "modelId": "1002"
        }
      ]
    }
  ]
}
2020-01-20 10:47:12,019 - DEBUG - COM3: Message Opcode bytearray(b'\x02'), Data bytearray(b'\x00Y\x00\x00\x00\x00\x00(\x00\x0f\x00\x00\x00\x03\x00\x00\x00\x02\x00\x02\x10') unknown for model <mesh.access.Access object at 0x00000240781F0760>.
2020-01-20 10:47:12,019 - DEBUG - COM3: Message Opcode bytearray(b'\x02'), Data bytearray(b'\x00Y\x00\x00\x00\x00\x00(\x00\x0f\x00\x00\x00\x03\x00\x00\x00\x02\x00\x02\x10') unknown for model <mesh.access.Access object at 0x00000240781F0760>.
2020-01-20 10:47:12,028 - DEBUG - COM3: RX: 05d203000000
2020-01-20 10:47:12,028 - DEBUG - COM3: parsed_packet {event: MeshTxComplete, data: {'token': 3}}
2020-01-20 10:47:12,028 - INFO - COM3: {event: MeshTxComplete, data: {'token': 3}}
2020-01-20 10:47:12,036 - DEBUG - COM3: RX: 1dd01d000100080000000401b492f8f01ddcc50900803e031d0000000210
2020-01-20 10:47:12,036 - DEBUG - COM3: parsed_packet {event: MeshMessageReceivedUnicast, data: {'src': 29, 'dst': 1, 'appkey_handle': 8, 'subnet_handle': 0, 'ttl': 4, 'adv_addr_type': 1, 'adv_addr': bytearray(b'\xb4\x92\xf8\xf0\x1d\xdc'), 'rssi': -59, 'actual_length': 9, 'data': bytearray(b'\x80>\x03\x1d\x00\x00\x00\x02\x10')}}
2020-01-20 10:47:12,036 - INFO - COM3.ConfigurationClient: Model app bind status: AccessStatus.INVALID_APPKEY_INDEX
2020-01-20 10:47:12,037 - DEBUG - COM3: Message Opcode bytearray(b'\x80>'), Data bytearray(b'\x03\x1d\x00\x00\x00\x02\x10') unknown for model <mesh.access.Access object at 0x00000240781F0760>.
2020-01-20 10:47:12,037 - DEBUG - COM3: Message Opcode bytearray(b'\x80>'), Data bytearray(b'\x03\x1d\x00\x00\x00\x02\x10') unknown for model <mesh.access.Access object at 0x00000240781F0760>.
2020-01-20 10:47:12,556 - DEBUG - COM3: RX: 05d202000000
2020-01-20 10:47:12,556 - DEBUG - COM3: parsed_packet {event: MeshTxComplete, data: {'token': 2}}
2020-01-20 10:47:12,557 - INFO - COM3: {event: MeshTxComplete, data: {'token': 2}}
2020-01-20 10:47:12,580 - DEBUG - COM3: RX: 1ad01d000100080000000401b492f8f01ddcc60600800300000000
2020-01-20 10:47:12,580 - DEBUG - COM3: parsed_packet {event: MeshMessageReceivedUnicast, data: {'src': 29, 'dst': 1, 'appkey_handle': 8, 'subnet_handle': 0, 'ttl': 4, 'adv_addr_type': 1, 'adv_addr': bytearray(b'\xb4\x92\xf8\xf0\x1d\xdc'), 'rssi': -58, 'actual_length': 6, 'data': bytearray(b'\x80\x03\x00\x00\x00\x00')}}
2020-01-20 10:47:12,580 - INFO - COM3.ConfigurationClient: Appkey status: AccessStatus.SUCCESS
2020-01-20 10:47:12,590 - INFO - COM3.ConfigurationClient: Appkey bind 0 succeded for subnet 0 at node 001d
2020-01-20 10:47:12,590 - DEBUG - COM3: Message Opcode bytearray(b'\x80\x03'), Data bytearray(b'\x00\x00\x00\x00') unknown for model <mesh.access.Access object at 0x00000240781F0760>.
2020-01-20 10:47:12,590 - DEBUG - COM3: Message Opcode bytearray(b'\x80\x03'), Data bytearray(b'\x00\x00\x00\x00') unknown for model <mesh.access.Access object at 0x00000240781F0760>.
2020-01-20 10:55:22,443 - DEBUG - COM3: RX: 00
2020-01-20 10:55:22,444 - ERROR - COM3: Invalid packet: bytearray(b'\x00')
2020-01-20 10:55:22,860 - DEBUG - COM3: RX: 04810200fe
2020-01-20 10:55:22,860 - DEBUG - COM3: parsed_packet {event: DeviceStarted, data: {'operating_mode': 2, 'hw_error': 0, 'data_credit_available': 254}}
2020-01-20 10:55:22,860 - INFO - COM3: Device rebooted.
