2020-01-20 16:20:39,871 - DEBUG - COM3: TX: 616959f223d614988db5bfd5123a67cf3280ee73677665405eaeb645ff8cf29dd85425f9d97f1955be0c64e2b01f4accfa34754bc530e0335580aa70d4bce322856d608bba9bf0d995814c217faf554ee3ecb296c984f121bc0dc8b3a7da7329745e
2020-01-20 16:20:39,882 - DEBUG - COM3: RX: 03846900
2020-01-20 16:20:39,883 - DEBUG - COM3: parsed_packet {event: CmdRsp, data: {'opcode': 105, 'status': 0, 'data': bytearray(b'')}}
2020-01-20 16:20:39,883 - DEBUG - COM3: TX: 059f01000100
2020-01-20 16:20:39,883 - INFO - COM3: Success
2020-01-20 16:20:39,885 - DEBUG - COM3: RX: 03849f8e
2020-01-20 16:20:39,889 - DEBUG - COM3: parsed_packet {event: CmdRsp, data: {'opcode': 159, 'status': 142, 'data': bytearray(b'')}}
2020-01-20 16:20:39,890 - DEBUG - COM3: TX: 1392000018eed9c2a56add85049ffc3c59ad0e12
2020-01-20 16:20:39,890 - ERROR - COM3: None: ERROR_REJECTED
2020-01-20 16:20:39,893 - DEBUG - COM3: RX: 03849281
2020-01-20 16:20:39,894 - DEBUG - COM3: parsed_packet {event: CmdRsp, data: {'opcode': 146, 'status': 129, 'data': bytearray(b'')}}
2020-01-20 16:20:39,894 - DEBUG - COM3: TX: 1597000000004f68ad85d9f48ac8589df665b6b49b8a
2020-01-20 16:20:39,894 - ERROR - COM3: SubnetAdd: ERROR_INTERNAL
2020-01-20 16:20:39,899 - DEBUG - COM3: RX: 03849781
2020-01-20 16:20:39,900 - DEBUG - COM3: parsed_packet {event: CmdRsp, data: {'opcode': 151, 'status': 129, 'data': bytearray(b'')}}
2020-01-20 16:20:39,902 - DEBUG - COM3: TX: 1597010000002aa2a6ded5a0798ceab5787ca3ae39fc
2020-01-20 16:20:39,901 - ERROR - COM3: AppkeyAdd: ERROR_INTERNAL
2020-01-20 16:20:39,905 - DEBUG - COM3: RX: 03849781
2020-01-20 16:20:39,906 - DEBUG - COM3: parsed_packet {event: CmdRsp, data: {'opcode': 151, 'status': 129, 'data': bytearray(b'')}}
2020-01-20 16:20:39,906 - ERROR - COM3: AppkeyAdd: ERROR_INTERNAL
2020-01-20 16:20:43,641 - DEBUG - COM3.ConfigurationClient: Sending opcode: 8008, data: 00
2020-01-20 16:20:43,642 - DEBUG - COM3: TX: 0eab08000100000008000000800800
2020-01-20 16:20:43,645 - DEBUG - COM3: RX: 0784ab0036000000
2020-01-20 16:20:43,645 - DEBUG - COM3: parsed_packet {event: CmdRsp, data: {'opcode': 171, 'status': 0, 'data': bytearray(b'6\x00\x00\x00')}}
2020-01-20 16:20:43,645 - INFO - COM3: PacketSend: {'token': 54}
2020-01-20 16:20:43,648 - DEBUG - COM3: RX: 05d236000000
2020-01-20 16:20:43,649 - DEBUG - COM3: parsed_packet {event: MeshTxComplete, data: {'token': 54}}
2020-01-20 16:20:43,649 - INFO - COM3: {event: MeshTxComplete, data: {'token': 54}}
2020-01-20 16:20:43,705 - DEBUG - COM3: RX: 30d03b000100080000000401c09923e28ac8c21c00020059000000000028000f0000000300000002000210000001000010
2020-01-20 16:20:43,705 - DEBUG - COM3: parsed_packet {event: MeshMessageReceivedUnicast, data: {'src': 59, 'dst': 1, 'appkey_handle': 8, 'subnet_handle': 0, 'ttl': 4, 'adv_addr_type': 1, 'adv_addr': bytearray(b'\xc0\x99#\xe2\x8a\xc8'), 'rssi': -62, 'actual_length': 28, 'data': bytearray(b'\x02\x00Y\x00\x00\x00\x00\x00(\x00\x0f\x00\x00\x00\x03\x00\x00\x00\x02\x00\x02\x10\x00\x00\x01\x00\x00\x10')}}
2020-01-20 16:20:43,716 - INFO - COM3.ConfigurationClient: Received composition data (page 0x00): {
  "cid": "0059",
  "pid": "0000",
  "vid": "0000",
  "crpl": 40,
  "features": {
    "relay": 0,
    "proxy": 0,
    "friend": 0,
    "low_power": 0
  },
  "elements": [
    {
      "index": 0,
      "location": "0000",
      "models": [
        {
          "modelId": "0000"
        },
        {
          "modelId": "0002"
        },
        {
          "modelId": "1002"
        }
      ]
    },
    {
      "index": 1,
      "location": "0000",
      "models": [
        {
          "modelId": "1000"
        }
      ]
    }
  ]
}
2020-01-20 16:20:43,716 - DEBUG - COM3: Message Opcode bytearray(b'\x02'), Data bytearray(b'\x00Y\x00\x00\x00\x00\x00(\x00\x0f\x00\x00\x00\x03\x00\x00\x00\x02\x00\x02\x10\x00\x00\x01\x00\x00\x10') unknown for model <mesh.access.Access object at 0x000002556A380640>.
2020-01-20 16:20:43,716 - DEBUG - COM3: Message Opcode bytearray(b'\x02'), Data bytearray(b'\x00Y\x00\x00\x00\x00\x00(\x00\x0f\x00\x00\x00\x03\x00\x00\x00\x02\x00\x02\x10\x00\x00\x01\x00\x00\x10') unknown for model <mesh.access.Access object at 0x000002556A380640>.
2020-01-20 16:20:45,641 - DEBUG - COM3.ConfigurationClient: Sending opcode: 00, data: 0000004f68ad85d9f48ac8589df665b6b49b8a
2020-01-20 16:20:45,641 - DEBUG - COM3: TX: 1fab08000100000008000000000000004f68ad85d9f48ac8589df665b6b49b8a
2020-01-20 16:20:45,646 - DEBUG - COM3: RX: 0784ab0037000000
2020-01-20 16:20:45,646 - DEBUG - COM3: parsed_packet {event: CmdRsp, data: {'opcode': 171, 'status': 0, 'data': bytearray(b'7\x00\x00\x00')}}
2020-01-20 16:20:45,647 - INFO - COM3: PacketSend: {'token': 55}
2020-01-20 16:20:45,700 - DEBUG - COM3: RX: 05d237000000
2020-01-20 16:20:45,700 - DEBUG - COM3: parsed_packet {event: MeshTxComplete, data: {'token': 55}}
2020-01-20 16:20:45,700 - INFO - COM3: {event: MeshTxComplete, data: {'token': 55}}
2020-01-20 16:20:45,725 - DEBUG - COM3: RX: 1ad03b000100080000000401c09923e28ac8c40600800300000000
2020-01-20 16:20:45,726 - DEBUG - COM3: parsed_packet {event: MeshMessageReceivedUnicast, data: {'src': 59, 'dst': 1, 'appkey_handle': 8, 'subnet_handle': 0, 'ttl': 4, 'adv_addr_type': 1, 'adv_addr': bytearray(b'\xc0\x99#\xe2\x8a\xc8'), 'rssi': -60, 'actual_length': 6, 'data': bytearray(b'\x80\x03\x00\x00\x00\x00')}}
2020-01-20 16:20:45,726 - INFO - COM3.ConfigurationClient: Appkey status: AccessStatus.SUCCESS
2020-01-20 16:20:45,735 - INFO - COM3.ConfigurationClient: Appkey add 0 succeded for subnet 0 at node 003b
2020-01-20 16:20:45,735 - DEBUG - COM3: Message Opcode bytearray(b'\x80\x03'), Data bytearray(b'\x00\x00\x00\x00') unknown for model <mesh.access.Access object at 0x000002556A380640>.
2020-01-20 16:20:45,735 - DEBUG - COM3: Message Opcode bytearray(b'\x80\x03'), Data bytearray(b'\x00\x00\x00\x00') unknown for model <mesh.access.Access object at 0x000002556A380640>.
2020-01-20 16:20:46,641 - DEBUG - COM3.ConfigurationClient: Sending opcode: 803d, data: 3c0000000010
2020-01-20 16:20:46,641 - DEBUG - COM3: TX: 13ab08000100000008000000803d3c0000000010
2020-01-20 16:20:46,645 - DEBUG - COM3: RX: 0784ab0038000000
2020-01-20 16:20:46,645 - DEBUG - COM3: parsed_packet {event: CmdRsp, data: {'opcode': 171, 'status': 0, 'data': bytearray(b'8\x00\x00\x00')}}
2020-01-20 16:20:46,645 - INFO - COM3: PacketSend: {'token': 56}
2020-01-20 16:20:46,647 - DEBUG - COM3: RX: 05d238000000
2020-01-20 16:20:46,648 - DEBUG - COM3: parsed_packet {event: MeshTxComplete, data: {'token': 56}}
2020-01-20 16:20:46,648 - INFO - COM3: {event: MeshTxComplete, data: {'token': 56}}
2020-01-20 16:20:46,661 - DEBUG - COM3: RX: 1dd03b000100080000000401c09923e28ac8c50900803e003c0000000010
2020-01-20 16:20:46,661 - DEBUG - COM3: parsed_packet {event: MeshMessageReceivedUnicast, data: {'src': 59, 'dst': 1, 'appkey_handle': 8, 'subnet_handle': 0, 'ttl': 4, 'adv_addr_type': 1, 'adv_addr': bytearray(b'\xc0\x99#\xe2\x8a\xc8'), 'rssi': -59, 'actual_length': 9, 'data': bytearray(b'\x80>\x00<\x00\x00\x00\x00\x10')}}
2020-01-20 16:20:46,662 - INFO - COM3.ConfigurationClient: Model app bind status: AccessStatus.SUCCESS
2020-01-20 16:20:46,670 - INFO - COM3.ConfigurationClient: Appkey bind 0 to model 1000 at 003c
2020-01-20 16:20:46,670 - DEBUG - COM3: Message Opcode bytearray(b'\x80>'), Data bytearray(b'\x00<\x00\x00\x00\x00\x10') unknown for model <mesh.access.Access object at 0x000002556A380640>.
2020-01-20 16:20:46,670 - DEBUG - COM3: Message Opcode bytearray(b'\x80>'), Data bytearray(b'\x00<\x00\x00\x00\x00\x10') unknown for model <mesh.access.Access object at 0x000002556A380640>.
2020-01-20 16:20:47,641 - DEBUG - COM3.GenericOnOffClient: Sending opcode: 8202, data: 0100
2020-01-20 16:20:47,641 - DEBUG - COM3: TX: 0fab0000010000000800000082020100
2020-01-20 16:20:47,646 - DEBUG - COM3: RX: 0784ab0039000000
2020-01-20 16:20:47,646 - DEBUG - COM3: parsed_packet {event: CmdRsp, data: {'opcode': 171, 'status': 0, 'data': bytearray(b'9\x00\x00\x00')}}
2020-01-20 16:20:47,646 - INFO - COM3: PacketSend: {'token': 57}
2020-01-20 16:20:47,666 - DEBUG - COM3: RX: 05d239000000
2020-01-20 16:20:47,667 - DEBUG - COM3: parsed_packet {event: MeshTxComplete, data: {'token': 57}}
2020-01-20 16:20:47,667 - INFO - COM3: {event: MeshTxComplete, data: {'token': 57}}
2020-01-20 16:20:55,293 - DEBUG - COM3.ConfigurationClient: Sending opcode: 8008, data: 00
2020-01-20 16:20:55,293 - DEBUG - COM3: TX: 0eab08000100000008000000800800
2020-01-20 16:20:55,297 - DEBUG - COM3: RX: 0784ab003a000000
2020-01-20 16:20:55,297 - DEBUG - COM3: parsed_packet {event: CmdRsp, data: {'opcode': 171, 'status': 0, 'data': bytearray(b':\x00\x00\x00')}}
2020-01-20 16:20:55,297 - INFO - COM3: PacketSend: {'token': 58}
2020-01-20 16:20:55,310 - DEBUG - COM3: RX: 05d23a000000
2020-01-20 16:20:55,310 - DEBUG - COM3: parsed_packet {event: MeshTxComplete, data: {'token': 58}}
2020-01-20 16:20:55,310 - INFO - COM3: {event: MeshTxComplete, data: {'token': 58}}
2020-01-20 16:20:55,380 - DEBUG - COM3: RX: 30d03b000100080000000401c09923e28ac8c31c00020059000000000028000f0000000300000002000210000001000010
2020-01-20 16:20:55,380 - DEBUG - COM3: parsed_packet {event: MeshMessageReceivedUnicast, data: {'src': 59, 'dst': 1, 'appkey_handle': 8, 'subnet_handle': 0, 'ttl': 4, 'adv_addr_type': 1, 'adv_addr': bytearray(b'\xc0\x99#\xe2\x8a\xc8'), 'rssi': -61, 'actual_length': 28, 'data': bytearray(b'\x02\x00Y\x00\x00\x00\x00\x00(\x00\x0f\x00\x00\x00\x03\x00\x00\x00\x02\x00\x02\x10\x00\x00\x01\x00\x00\x10')}}
2020-01-20 16:20:55,391 - INFO - COM3.ConfigurationClient: Received composition data (page 0x00): {
  "cid": "0059",
  "pid": "0000",
  "vid": "0000",
  "crpl": 40,
  "features": {
    "relay": 0,
    "proxy": 0,
    "friend": 0,
    "low_power": 0
  },
  "elements": [
    {
      "index": 0,
      "location": "0000",
      "models": [
        {
          "modelId": "0000"
        },
        {
          "modelId": "0002"
        },
        {
          "modelId": "1002"
        }
      ]
    },
    {
      "index": 1,
      "location": "0000",
      "models": [
        {
          "modelId": "1000"
        }
      ]
    }
  ]
}
2020-01-20 16:20:55,391 - DEBUG - COM3: Message Opcode bytearray(b'\x02'), Data bytearray(b'\x00Y\x00\x00\x00\x00\x00(\x00\x0f\x00\x00\x00\x03\x00\x00\x00\x02\x00\x02\x10\x00\x00\x01\x00\x00\x10') unknown for model <mesh.access.Access object at 0x000002556A380640>.
2020-01-20 16:20:55,391 - DEBUG - COM3: Message Opcode bytearray(b'\x02'), Data bytearray(b'\x00Y\x00\x00\x00\x00\x00(\x00\x0f\x00\x00\x00\x03\x00\x00\x00\x02\x00\x02\x10\x00\x00\x01\x00\x00\x10') unknown for model <mesh.access.Access object at 0x000002556A380640>.
2020-01-20 16:20:57,300 - DEBUG - COM3.ConfigurationClient: Sending opcode: 00, data: 0000004f68ad85d9f48ac8589df665b6b49b8a
2020-01-20 16:20:57,300 - DEBUG - COM3: TX: 1fab08000100000008000000000000004f68ad85d9f48ac8589df665b6b49b8a
2020-01-20 16:20:57,300 - DEBUG - COM3: RX: 0784ab003b000000
2020-01-20 16:20:57,300 - DEBUG - COM3: parsed_packet {event: CmdRsp, data: {'opcode': 171, 'status': 0, 'data': bytearray(b';\x00\x00\x00')}}
2020-01-20 16:20:57,300 - INFO - COM3: PacketSend: {'token': 59}
2020-01-20 16:20:57,331 - DEBUG - COM3: RX: 05d23b000000
2020-01-20 16:20:57,331 - DEBUG - COM3: parsed_packet {event: MeshTxComplete, data: {'token': 59}}
2020-01-20 16:20:57,331 - INFO - COM3: {event: MeshTxComplete, data: {'token': 59}}
2020-01-20 16:20:57,347 - DEBUG - COM3: RX: 1ad03b000100080000000401c09923e28ac8c60600800300000000
2020-01-20 16:20:57,347 - DEBUG - COM3: parsed_packet {event: MeshMessageReceivedUnicast, data: {'src': 59, 'dst': 1, 'appkey_handle': 8, 'subnet_handle': 0, 'ttl': 4, 'adv_addr_type': 1, 'adv_addr': bytearray(b'\xc0\x99#\xe2\x8a\xc8'), 'rssi': -58, 'actual_length': 6, 'data': bytearray(b'\x80\x03\x00\x00\x00\x00')}}
2020-01-20 16:20:57,347 - INFO - COM3.ConfigurationClient: Appkey status: AccessStatus.SUCCESS
2020-01-20 16:20:57,365 - INFO - COM3.ConfigurationClient: Appkey add 0 succeded for subnet 0 at node 003b
2020-01-20 16:20:57,365 - DEBUG - COM3: Message Opcode bytearray(b'\x80\x03'), Data bytearray(b'\x00\x00\x00\x00') unknown for model <mesh.access.Access object at 0x000002556A380640>.
2020-01-20 16:20:57,365 - DEBUG - COM3: Message Opcode bytearray(b'\x80\x03'), Data bytearray(b'\x00\x00\x00\x00') unknown for model <mesh.access.Access object at 0x000002556A380640>.
2020-01-20 16:20:58,309 - DEBUG - COM3.ConfigurationClient: Sending opcode: 803d, data: 3c0000000010
2020-01-20 16:20:58,309 - DEBUG - COM3: TX: 13ab08000100000008000000803d3c0000000010
2020-01-20 16:20:58,309 - DEBUG - COM3: RX: 0784ab003c000000
2020-01-20 16:20:58,309 - DEBUG - COM3: parsed_packet {event: CmdRsp, data: {'opcode': 171, 'status': 0, 'data': bytearray(b'<\x00\x00\x00')}}
2020-01-20 16:20:58,309 - INFO - COM3: PacketSend: {'token': 60}
2020-01-20 16:20:58,324 - DEBUG - COM3: RX: 05d23c000000
2020-01-20 16:20:58,324 - DEBUG - COM3: parsed_packet {event: MeshTxComplete, data: {'token': 60}}
2020-01-20 16:20:58,324 - INFO - COM3: {event: MeshTxComplete, data: {'token': 60}}
2020-01-20 16:20:58,324 - DEBUG - COM3: RX: 1dd03b000100080000000401c09923e28ac8c50900803e003c0000000010
2020-01-20 16:20:58,324 - DEBUG - COM3: parsed_packet {event: MeshMessageReceivedUnicast, data: {'src': 59, 'dst': 1, 'appkey_handle': 8, 'subnet_handle': 0, 'ttl': 4, 'adv_addr_type': 1, 'adv_addr': bytearray(b'\xc0\x99#\xe2\x8a\xc8'), 'rssi': -59, 'actual_length': 9, 'data': bytearray(b'\x80>\x00<\x00\x00\x00\x00\x10')}}
2020-01-20 16:20:58,324 - INFO - COM3.ConfigurationClient: Model app bind status: AccessStatus.SUCCESS
2020-01-20 16:20:58,340 - INFO - COM3.ConfigurationClient: Appkey bind 0 to model 1000 at 003c
2020-01-20 16:20:58,340 - DEBUG - COM3: Message Opcode bytearray(b'\x80>'), Data bytearray(b'\x00<\x00\x00\x00\x00\x10') unknown for model <mesh.access.Access object at 0x000002556A380640>.
2020-01-20 16:20:58,340 - DEBUG - COM3: Message Opcode bytearray(b'\x80>'), Data bytearray(b'\x00<\x00\x00\x00\x00\x10') unknown for model <mesh.access.Access object at 0x000002556A380640>.
2020-01-20 16:20:59,322 - DEBUG - COM3.GenericOnOffClient: Sending opcode: 8202, data: 0001
2020-01-20 16:20:59,322 - DEBUG - COM3: TX: 0fab0000010000000800000082020001
2020-01-20 16:20:59,322 - DEBUG - COM3: RX: 0784ab003d000000
2020-01-20 16:20:59,322 - DEBUG - COM3: parsed_packet {event: CmdRsp, data: {'opcode': 171, 'status': 0, 'data': bytearray(b'=\x00\x00\x00')}}
2020-01-20 16:20:59,322 - INFO - COM3: PacketSend: {'token': 61}
2020-01-20 16:20:59,322 - DEBUG - COM3: RX: 05d23d000000
2020-01-20 16:20:59,322 - DEBUG - COM3: parsed_packet {event: MeshTxComplete, data: {'token': 61}}
2020-01-20 16:20:59,322 - INFO - COM3: {event: MeshTxComplete, data: {'token': 61}}
