2020-01-20 14:56:20,664 - DEBUG - COM3: TX: 6169128c23d0e4565672bf528a7c8eb648dc509e902b58929600e6cf160f695e3c3280bcbbf9a26efe73041399493f5ccc7f2c65632439303dd9623d1636b3680916343297372f67d24fc1f5bc71fb1f579c3f577cb6a78dec8f47d1af1a024fb838
2020-01-20 14:56:20,675 - DEBUG - COM3: RX: 03846900
2020-01-20 14:56:20,676 - DEBUG - COM3: parsed_packet {event: CmdRsp, data: {'opcode': 105, 'status': 0, 'data': bytearray(b'')}}
2020-01-20 14:56:20,676 - DEBUG - COM3: TX: 059f01000100
2020-01-20 14:56:20,676 - INFO - COM3: Success
2020-01-20 14:56:20,678 - DEBUG - COM3: RX: 03849f8e
2020-01-20 14:56:20,687 - DEBUG - COM3: parsed_packet {event: CmdRsp, data: {'opcode': 159, 'status': 142, 'data': bytearray(b'')}}
2020-01-20 14:56:20,688 - DEBUG - COM3: TX: 1392000018eed9c2a56add85049ffc3c59ad0e12
2020-01-20 14:56:20,687 - ERROR - COM3: None: ERROR_REJECTED
2020-01-20 14:56:20,691 - DEBUG - COM3: RX: 03849281
2020-01-20 14:56:20,691 - DEBUG - COM3: parsed_packet {event: CmdRsp, data: {'opcode': 146, 'status': 129, 'data': bytearray(b'')}}
2020-01-20 14:56:20,692 - DEBUG - COM3: TX: 1597000000004f68ad85d9f48ac8589df665b6b49b8a
2020-01-20 14:56:20,691 - ERROR - COM3: SubnetAdd: ERROR_INTERNAL
2020-01-20 14:56:20,695 - DEBUG - COM3: RX: 03849781
2020-01-20 14:56:20,695 - DEBUG - COM3: parsed_packet {event: CmdRsp, data: {'opcode': 151, 'status': 129, 'data': bytearray(b'')}}
2020-01-20 14:56:20,696 - DEBUG - COM3: TX: 1597010000002aa2a6ded5a0798ceab5787ca3ae39fc
2020-01-20 14:56:20,695 - ERROR - COM3: AppkeyAdd: ERROR_INTERNAL
2020-01-20 14:56:20,699 - DEBUG - COM3: RX: 03849781
2020-01-20 14:56:20,699 - DEBUG - COM3: parsed_packet {event: CmdRsp, data: {'opcode': 151, 'status': 129, 'data': bytearray(b'')}}
2020-01-20 14:56:20,699 - ERROR - COM3: AppkeyAdd: ERROR_INTERNAL
