2020-01-20 10:01:43,609 - DEBUG - COM3: TX: 61690a68e39d93fc8a2559f5cb7f19e8a135af7a3f8ba3601e134a419a95cf2f901f2812482390f33dca0037e0d87649510475ae4dd697d6901f66551276979ef667027bef87c50c7a0e873315269f4131bffd6b0d0ec3932caf519116975a6456e2
2020-01-20 10:01:43,621 - DEBUG - COM3: RX: 03846900
2020-01-20 10:01:43,621 - DEBUG - COM3: parsed_packet {event: CmdRsp, data: {'opcode': 105, 'status': 0, 'data': bytearray(b'')}}
2020-01-20 10:01:43,622 - DEBUG - COM3: TX: 059f01000100
2020-01-20 10:01:43,621 - INFO - COM3: Success
2020-01-20 10:01:43,624 - DEBUG - COM3: RX: 03849f00
2020-01-20 10:01:43,632 - DEBUG - COM3: parsed_packet {event: CmdRsp, data: {'opcode': 159, 'status': 0, 'data': bytearray(b'')}}
2020-01-20 10:01:43,632 - DEBUG - COM3: TX: 1392000018eed9c2a56add85049ffc3c59ad0e12
2020-01-20 10:01:43,632 - INFO - COM3: Success
2020-01-20 10:01:43,636 - DEBUG - COM3: RX: 058492000000
2020-01-20 10:01:43,636 - DEBUG - COM3: parsed_packet {event: CmdRsp, data: {'opcode': 146, 'status': 0, 'data': bytearray(b'\x00\x00')}}
2020-01-20 10:01:43,636 - DEBUG - COM3: TX: 1597000000004f68ad85d9f48ac8589df665b6b49b8a
2020-01-20 10:01:43,636 - INFO - COM3: SubnetAdd: {'subnet_handle': 0}
2020-01-20 10:01:43,640 - DEBUG - COM3: RX: 058497000000
2020-01-20 10:01:43,640 - DEBUG - COM3: parsed_packet {event: CmdRsp, data: {'opcode': 151, 'status': 0, 'data': bytearray(b'\x00\x00')}}
2020-01-20 10:01:43,640 - DEBUG - COM3: TX: 1597010000002aa2a6ded5a0798ceab5787ca3ae39fc
2020-01-20 10:01:43,640 - INFO - COM3: AppkeyAdd: {'appkey_handle': 0}
2020-01-20 10:01:43,644 - DEBUG - COM3: RX: 058497000100
2020-01-20 10:01:43,644 - DEBUG - COM3: parsed_packet {event: CmdRsp, data: {'opcode': 151, 'status': 0, 'data': bytearray(b'\x01\x00')}}
2020-01-20 10:01:43,644 - INFO - COM3: AppkeyAdd: {'appkey_handle': 1}
2020-01-20 10:03:26,117 - DEBUG - COM3: RX: 00
2020-01-20 10:03:26,117 - ERROR - COM3: Invalid packet: bytearray(b'\x00')
2020-01-20 10:03:26,533 - DEBUG - COM3: RX: 04810200fe
2020-01-20 10:03:26,533 - DEBUG - COM3: parsed_packet {event: DeviceStarted, data: {'operating_mode': 2, 'hw_error': 0, 'data_credit_available': 254}}
2020-01-20 10:03:26,533 - INFO - COM3: Device rebooted.
