2019-12-30 19:20:37,554 - DEBUG - COM4: TX: 6169fbe07eb22a4b29aa52eaf5e07a1d1d410c98ae9ca7ca9cf0e73250312638462878cc08001b34668bba0ba8307a92ab536a9ef48edd7b9f48d45c82635c35f7387ff8a3d1483427c064b35d5f1137e7f41c6b80459a16f351bf6ba7c159c2f30b
2019-12-30 19:20:37,565 - DEBUG - COM4: RX: 03846900
2019-12-30 19:20:37,566 - DEBUG - COM4: parsed_packet {event: CmdRsp, data: {'opcode': 105, 'status': 0, 'data': bytearray(b'')}}
2019-12-30 19:20:37,566 - DEBUG - COM4: TX: 059f01000100
2019-12-30 19:20:37,566 - INFO - COM4: Success
2019-12-30 19:20:37,569 - DEBUG - COM4: RX: 03849f8e
2019-12-30 19:20:37,578 - DEBUG - COM4: parsed_packet {event: CmdRsp, data: {'opcode': 159, 'status': 142, 'data': bytearray(b'')}}
2019-12-30 19:20:37,579 - DEBUG - COM4: TX: 1392000018eed9c2a56add85049ffc3c59ad0e12
2019-12-30 19:20:37,578 - ERROR - COM4: None: ERROR_REJECTED
2019-12-30 19:20:37,582 - DEBUG - COM4: RX: 03849281
2019-12-30 19:20:37,582 - DEBUG - COM4: parsed_packet {event: CmdRsp, data: {'opcode': 146, 'status': 129, 'data': bytearray(b'')}}
2019-12-30 19:20:37,583 - DEBUG - COM4: TX: 1597000000004f68ad85d9f48ac8589df665b6b49b8a
2019-12-30 19:20:37,582 - ERROR - COM4: SubnetAdd: ERROR_INTERNAL
2019-12-30 19:20:37,586 - DEBUG - COM4: RX: 03849781
2019-12-30 19:20:37,586 - DEBUG - COM4: parsed_packet {event: CmdRsp, data: {'opcode': 151, 'status': 129, 'data': bytearray(b'')}}
2019-12-30 19:20:37,586 - DEBUG - COM4: TX: 1597010000002aa2a6ded5a0798ceab5787ca3ae39fc
2019-12-30 19:20:37,586 - ERROR - COM4: AppkeyAdd: ERROR_INTERNAL
2019-12-30 19:20:37,590 - DEBUG - COM4: RX: 03849781
2019-12-30 19:20:37,590 - DEBUG - COM4: parsed_packet {event: CmdRsp, data: {'opcode': 151, 'status': 129, 'data': bytearray(b'')}}
2019-12-30 19:20:37,590 - ERROR - COM4: AppkeyAdd: ERROR_INTERNAL
