2019-12-29 12:01:34,891 - DEBUG - COM4: TX: 61697e4030718e8c4d4d099faea11daed01ade29e469c0d98841bc7b0a93c35c2635ce6ba35fe3089da45ea510eabcb5e195fd6f8b50b64724e0122147e44fb104b684eefdd6c7b66991b4aad2235614a13625bda5faf13d23d044ce3fa19c288ec7
2019-12-29 12:01:34,902 - DEBUG - COM4: RX: 03846900
2019-12-29 12:01:34,903 - DEBUG - COM4: parsed_packet {event: CmdRsp, data: {'opcode': 105, 'status': 0, 'data': bytearray(b'')}}
2019-12-29 12:01:34,903 - DEBUG - COM4: TX: 059f01000100
2019-12-29 12:01:34,903 - INFO - COM4: Success
2019-12-29 12:01:34,906 - DEBUG - COM4: RX: 03849f8e
2019-12-29 12:01:34,909 - DEBUG - COM4: parsed_packet {event: CmdRsp, data: {'opcode': 159, 'status': 142, 'data': bytearray(b'')}}
2019-12-29 12:01:34,909 - DEBUG - COM4: TX: 1392000018eed9c2a56add85049ffc3c59ad0e12
2019-12-29 12:01:34,909 - ERROR - COM4: None: ERROR_REJECTED
2019-12-29 12:01:34,913 - DEBUG - COM4: RX: 03849281
2019-12-29 12:01:34,913 - DEBUG - COM4: parsed_packet {event: CmdRsp, data: {'opcode': 146, 'status': 129, 'data': bytearray(b'')}}
2019-12-29 12:01:34,913 - DEBUG - COM4: TX: 1597000000004f68ad85d9f48ac8589df665b6b49b8a
2019-12-29 12:01:34,913 - ERROR - COM4: SubnetAdd: ERROR_INTERNAL
2019-12-29 12:01:34,917 - DEBUG - COM4: RX: 03849781
2019-12-29 12:01:34,917 - DEBUG - COM4: parsed_packet {event: CmdRsp, data: {'opcode': 151, 'status': 129, 'data': bytearray(b'')}}
2019-12-29 12:01:34,917 - DEBUG - COM4: TX: 1597010000002aa2a6ded5a0798ceab5787ca3ae39fc
2019-12-29 12:01:34,917 - ERROR - COM4: AppkeyAdd: ERROR_INTERNAL
2019-12-29 12:01:34,920 - DEBUG - COM4: RX: 03849781
2019-12-29 12:01:34,921 - DEBUG - COM4: parsed_packet {event: CmdRsp, data: {'opcode': 151, 'status': 129, 'data': bytearray(b'')}}
2019-12-29 12:01:34,921 - ERROR - COM4: AppkeyAdd: ERROR_INTERNAL
2019-12-29 12:01:36,891 - DEBUG - COM4: TX: 0161
2019-12-29 12:01:36,892 - DEBUG - COM4: RX: 03846100
2019-12-29 12:01:36,892 - DEBUG - COM4: parsed_packet {event: CmdRsp, data: {'opcode': 97, 'status': 0, 'data': bytearray(b'')}}
2019-12-29 12:01:36,892 - INFO - COM4: Success
2019-12-29 12:01:36,915 - DEBUG - COM4: RX: 1ac0d5b91bba0508344a809923e28a48b06dcf0001c09923e28ac8
2019-12-29 12:01:36,915 - DEBUG - COM4: parsed_packet {event: ProvUnprovisionedReceived, data: {'uuid': bytearray(b'\xd5\xb9\x1b\xba\x05\x084J\x80\x99#\xe2\x8aH\xb0m'), 'rssi': -49, 'gatt_supported': 0, 'adv_addr_type': 1, 'adv_addr': bytearray(b'\xc0\x99#\xe2\x8a\xc8')}}
2019-12-29 12:01:36,916 - INFO - COM4: Received UUID d5b91bba0508344a809923e28a48b06d with RSSI: -49 dB
2019-12-29 12:01:38,917 - DEBUG - COM4: RX: 1ac0d5b91bba0508344a809923e28a48b06dce0001c09923e28ac8
2019-12-29 12:01:38,917 - DEBUG - COM4: parsed_packet {event: ProvUnprovisionedReceived, data: {'uuid': bytearray(b'\xd5\xb9\x1b\xba\x05\x084J\x80\x99#\xe2\x8aH\xb0m'), 'rssi': -50, 'gatt_supported': 0, 'adv_addr_type': 1, 'adv_addr': bytearray(b'\xc0\x99#\xe2\x8a\xc8')}}
2019-12-29 12:01:40,917 - DEBUG - COM4: RX: 1ac0d5b91bba0508344a809923e28a48b06dce0001c09923e28ac8
2019-12-29 12:01:40,918 - DEBUG - COM4: parsed_packet {event: ProvUnprovisionedReceived, data: {'uuid': bytearray(b'\xd5\xb9\x1b\xba\x05\x084J\x80\x99#\xe2\x8aH\xb0m'), 'rssi': -50, 'gatt_supported': 0, 'adv_addr_type': 1, 'adv_addr': bytearray(b'\xc0\x99#\xe2\x8a\xc8')}}
2019-12-29 12:01:41,893 - DEBUG - COM4: TX: 0162
2019-12-29 12:01:41,895 - DEBUG - COM4: RX: 03846200
2019-12-29 12:01:41,895 - DEBUG - COM4: parsed_packet {event: CmdRsp, data: {'opcode': 98, 'status': 0, 'data': bytearray(b'')}}
2019-12-29 12:01:41,895 - INFO - COM4: Success
