2019-12-30 18:49:57,583 - DEBUG - COM4: TX: 6169079f3e60487581aeb8e15c639fb3a38a4449f8c6703c0100e920edb4b0fa7433a7c75a73d5f9688af109963011a25439590934c3d6a44706ba519c5c92fa0da880169fba5d18478874235f34f2f46d061746dd4743bc634ad74a049b1f788bcc
2019-12-30 18:49:57,595 - DEBUG - COM4: RX: 03846900
2019-12-30 18:49:57,595 - DEBUG - COM4: parsed_packet {event: CmdRsp, data: {'opcode': 105, 'status': 0, 'data': bytearray(b'')}}
2019-12-30 18:49:57,595 - DEBUG - COM4: TX: 059f01000100
2019-12-30 18:49:57,595 - INFO - COM4: Success
2019-12-30 18:49:57,598 - DEBUG - COM4: RX: 03849f8e
2019-12-30 18:49:57,601 - DEBUG - COM4: parsed_packet {event: CmdRsp, data: {'opcode': 159, 'status': 142, 'data': bytearray(b'')}}
2019-12-30 18:49:57,602 - DEBUG - COM4: TX: 1392000018eed9c2a56add85049ffc3c59ad0e12
2019-12-30 18:49:57,602 - ERROR - COM4: None: ERROR_REJECTED
2019-12-30 18:49:57,606 - DEBUG - COM4: RX: 03849281
2019-12-30 18:49:57,606 - DEBUG - COM4: parsed_packet {event: CmdRsp, data: {'opcode': 146, 'status': 129, 'data': bytearray(b'')}}
2019-12-30 18:49:57,607 - DEBUG - COM4: TX: 1597000000004f68ad85d9f48ac8589df665b6b49b8a
2019-12-30 18:49:57,607 - ERROR - COM4: SubnetAdd: ERROR_INTERNAL
2019-12-30 18:49:57,610 - DEBUG - COM4: RX: 03849781
2019-12-30 18:49:57,610 - DEBUG - COM4: parsed_packet {event: CmdRsp, data: {'opcode': 151, 'status': 129, 'data': bytearray(b'')}}
2019-12-30 18:49:57,610 - DEBUG - COM4: TX: 1597010000002aa2a6ded5a0798ceab5787ca3ae39fc
2019-12-30 18:49:57,610 - ERROR - COM4: AppkeyAdd: ERROR_INTERNAL
2019-12-30 18:49:57,614 - DEBUG - COM4: RX: 03849781
2019-12-30 18:49:57,614 - DEBUG - COM4: parsed_packet {event: CmdRsp, data: {'opcode': 151, 'status': 129, 'data': bytearray(b'')}}
2019-12-30 18:49:57,614 - ERROR - COM4: AppkeyAdd: ERROR_INTERNAL
