2019-12-30 18:42:01,115 - DEBUG - COM4: TX: 61691755831f814e48ed865ac5efe07e09a62f74629a8cba9e23ecb1016cc2c364d221f8a14d6ba3fd6aa922fdfd340943dc93630d42828e64073108ce4e526d61a157f9729679eaf19bb62cd78eb189fa75c0afab6832f9bb97db153249a6460749
2019-12-30 18:42:01,126 - DEBUG - COM4: RX: 03846900
2019-12-30 18:42:01,126 - DEBUG - COM4: parsed_packet {event: CmdRsp, data: {'opcode': 105, 'status': 0, 'data': bytearray(b'')}}
2019-12-30 18:42:01,127 - DEBUG - COM4: TX: 059f01000100
2019-12-30 18:42:01,126 - INFO - COM4: Success
2019-12-30 18:42:01,129 - DEBUG - COM4: RX: 03849f8e
2019-12-30 18:42:01,137 - DEBUG - COM4: parsed_packet {event: CmdRsp, data: {'opcode': 159, 'status': 142, 'data': bytearray(b'')}}
2019-12-30 18:42:01,137 - DEBUG - COM4: TX: 1392000018eed9c2a56add85049ffc3c59ad0e12
2019-12-30 18:42:01,137 - ERROR - COM4: None: ERROR_REJECTED
2019-12-30 18:42:01,141 - DEBUG - COM4: RX: 03849281
2019-12-30 18:42:01,141 - DEBUG - COM4: parsed_packet {event: CmdRsp, data: {'opcode': 146, 'status': 129, 'data': bytearray(b'')}}
2019-12-30 18:42:01,142 - DEBUG - COM4: TX: 1597000000004f68ad85d9f48ac8589df665b6b49b8a
2019-12-30 18:42:01,141 - ERROR - COM4: SubnetAdd: ERROR_INTERNAL
2019-12-30 18:42:01,145 - DEBUG - COM4: RX: 03849781
2019-12-30 18:42:01,145 - DEBUG - COM4: parsed_packet {event: CmdRsp, data: {'opcode': 151, 'status': 129, 'data': bytearray(b'')}}
2019-12-30 18:42:01,146 - DEBUG - COM4: TX: 1597010000002aa2a6ded5a0798ceab5787ca3ae39fc
2019-12-30 18:42:01,146 - ERROR - COM4: AppkeyAdd: ERROR_INTERNAL
2019-12-30 18:42:01,149 - DEBUG - COM4: RX: 03849781
2019-12-30 18:42:01,149 - DEBUG - COM4: parsed_packet {event: CmdRsp, data: {'opcode': 151, 'status': 129, 'data': bytearray(b'')}}
2019-12-30 18:42:01,149 - ERROR - COM4: AppkeyAdd: ERROR_INTERNAL
