2019-12-28 14:12:52,162 - DEBUG - COM4: TX: 6169a8c28b2a5089377f83b94b39d28fbd38900fbacd9656c41c185a4754e97e57239bb800ef8d345e47730399cd1dc6e63d63c0a3f97dd56afad8d37680e1673c4b314f7aa377ed385bb59f1ec451d6a2588bdd31fdf0358b575343a61844921511
2019-12-28 14:12:52,173 - DEBUG - COM4: RX: 03846900
2019-12-28 14:12:52,173 - DEBUG - COM4: parsed_packet {event: CmdRsp, data: {'opcode': 105, 'status': 0, 'data': bytearray(b'')}}
2019-12-28 14:12:52,174 - DEBUG - COM4: TX: 059f01000100
2019-12-28 14:12:52,174 - INFO - COM4: Success
2019-12-28 14:12:52,177 - DEBUG - COM4: RX: 03849f8e
2019-12-28 14:12:52,181 - DEBUG - COM4: parsed_packet {event: CmdRsp, data: {'opcode': 159, 'status': 142, 'data': bytearray(b'')}}
2019-12-28 14:12:52,181 - DEBUG - COM4: TX: 1392000018eed9c2a56add85049ffc3c59ad0e12
2019-12-28 14:12:52,181 - ERROR - COM4: None: ERROR_REJECTED
2019-12-28 14:12:52,185 - DEBUG - COM4: RX: 03849281
2019-12-28 14:12:52,185 - DEBUG - COM4: parsed_packet {event: CmdRsp, data: {'opcode': 146, 'status': 129, 'data': bytearray(b'')}}
2019-12-28 14:12:52,186 - DEBUG - COM4: TX: 1597000000004f68ad85d9f48ac8589df665b6b49b8a
2019-12-28 14:12:52,186 - ERROR - COM4: SubnetAdd: ERROR_INTERNAL
2019-12-28 14:12:52,189 - DEBUG - COM4: RX: 03849781
2019-12-28 14:12:52,190 - DEBUG - COM4: parsed_packet {event: CmdRsp, data: {'opcode': 151, 'status': 129, 'data': bytearray(b'')}}
2019-12-28 14:12:52,190 - DEBUG - COM4: TX: 1597010000002aa2a6ded5a0798ceab5787ca3ae39fc
2019-12-28 14:12:52,190 - ERROR - COM4: AppkeyAdd: ERROR_INTERNAL
2019-12-28 14:12:52,193 - DEBUG - COM4: RX: 03849781
2019-12-28 14:12:52,194 - DEBUG - COM4: parsed_packet {event: CmdRsp, data: {'opcode': 151, 'status': 129, 'data': bytearray(b'')}}
2019-12-28 14:12:52,194 - ERROR - COM4: AppkeyAdd: ERROR_INTERNAL
2019-12-28 14:12:54,163 - DEBUG - COM4: TX: 0161
2019-12-28 14:12:54,164 - DEBUG - COM4: RX: 03846100
2019-12-28 14:12:54,165 - DEBUG - COM4: parsed_packet {event: CmdRsp, data: {'opcode': 97, 'status': 0, 'data': bytearray(b'')}}
2019-12-28 14:12:54,165 - INFO - COM4: Success
2019-12-28 14:12:54,316 - DEBUG - COM4: RX: 1ac0d5b91bba0508344a809923e28a48b06ddd0001c09923e28ac8
2019-12-28 14:12:54,316 - DEBUG - COM4: parsed_packet {event: ProvUnprovisionedReceived, data: {'uuid': bytearray(b'\xd5\xb9\x1b\xba\x05\x084J\x80\x99#\xe2\x8aH\xb0m'), 'rssi': -35, 'gatt_supported': 0, 'adv_addr_type': 1, 'adv_addr': bytearray(b'\xc0\x99#\xe2\x8a\xc8')}}
2019-12-28 14:12:54,316 - INFO - COM4: Received UUID d5b91bba0508344a809923e28a48b06d with RSSI: -35 dB
2019-12-28 14:12:56,317 - DEBUG - COM4: RX: 1ac0d5b91bba0508344a809923e28a48b06dda0001c09923e28ac8
2019-12-28 14:12:56,318 - DEBUG - COM4: parsed_packet {event: ProvUnprovisionedReceived, data: {'uuid': bytearray(b'\xd5\xb9\x1b\xba\x05\x084J\x80\x99#\xe2\x8aH\xb0m'), 'rssi': -38, 'gatt_supported': 0, 'adv_addr_type': 1, 'adv_addr': bytearray(b'\xc0\x99#\xe2\x8a\xc8')}}
2019-12-28 14:12:58,319 - DEBUG - COM4: RX: 1ac0d5b91bba0508344a809923e28a48b06dd50001c09923e28ac8
2019-12-28 14:12:58,319 - DEBUG - COM4: parsed_packet {event: ProvUnprovisionedReceived, data: {'uuid': bytearray(b'\xd5\xb9\x1b\xba\x05\x084J\x80\x99#\xe2\x8aH\xb0m'), 'rssi': -43, 'gatt_supported': 0, 'adv_addr_type': 1, 'adv_addr': bytearray(b'\xc0\x99#\xe2\x8a\xc8')}}
2019-12-28 14:12:59,164 - DEBUG - COM4: TX: 0162
2019-12-28 14:12:59,165 - DEBUG - COM4: exited read event
