2019-12-30 18:41:08,316 - DEBUG - COM4: TX: 6169feeb39977f19fd46d46ad8fb68d89a9538e5e345c87cb5191b58a3a8929b86dff1f86383b96944a7ba3429ef0d53ff2f53e3061b3157a1777025d8bc5229373c76dd5804ac45b3bd5d88a2a567ed66f75e581a01731af6b8491f2efc990457c5
2019-12-30 18:41:08,328 - DEBUG - COM4: RX: 03846900
2019-12-30 18:41:08,328 - DEBUG - COM4: parsed_packet {event: CmdRsp, data: {'opcode': 105, 'status': 0, 'data': bytearray(b'')}}
2019-12-30 18:41:08,329 - DEBUG - COM4: TX: 059f01000100
2019-12-30 18:41:08,329 - INFO - COM4: Success
2019-12-30 18:41:08,331 - DEBUG - COM4: RX: 03849f8e
2019-12-30 18:41:08,341 - DEBUG - COM4: parsed_packet {event: CmdRsp, data: {'opcode': 159, 'status': 142, 'data': bytearray(b'')}}
2019-12-30 18:41:08,341 - DEBUG - COM4: TX: 1392000018eed9c2a56add85049ffc3c59ad0e12
2019-12-30 18:41:08,341 - ERROR - COM4: None: ERROR_REJECTED
2019-12-30 18:41:08,344 - DEBUG - COM4: RX: 03849281
2019-12-30 18:41:08,344 - DEBUG - COM4: parsed_packet {event: CmdRsp, data: {'opcode': 146, 'status': 129, 'data': bytearray(b'')}}
2019-12-30 18:41:08,345 - DEBUG - COM4: TX: 1597000000004f68ad85d9f48ac8589df665b6b49b8a
2019-12-30 18:41:08,344 - ERROR - COM4: SubnetAdd: ERROR_INTERNAL
2019-12-30 18:41:08,348 - DEBUG - COM4: RX: 03849781
2019-12-30 18:41:08,348 - DEBUG - COM4: parsed_packet {event: CmdRsp, data: {'opcode': 151, 'status': 129, 'data': bytearray(b'')}}
2019-12-30 18:41:08,348 - DEBUG - COM4: TX: 1597010000002aa2a6ded5a0798ceab5787ca3ae39fc
2019-12-30 18:41:08,348 - ERROR - COM4: AppkeyAdd: ERROR_INTERNAL
2019-12-30 18:41:08,352 - DEBUG - COM4: RX: 03849781
2019-12-30 18:41:08,352 - DEBUG - COM4: parsed_packet {event: CmdRsp, data: {'opcode': 151, 'status': 129, 'data': bytearray(b'')}}
2019-12-30 18:41:08,352 - ERROR - COM4: AppkeyAdd: ERROR_INTERNAL
2019-12-30 18:41:46,008 - DEBUG - COM4: TX: 159c100000005d9021df511729ac8bec35d89746736d
2019-12-30 18:41:46,012 - DEBUG - COM4: RX: 05849c000800
2019-12-30 18:41:46,012 - DEBUG - COM4: parsed_packet {event: CmdRsp, data: {'opcode': 156, 'status': 0, 'data': bytearray(b'\x08\x00')}}
2019-12-30 18:41:46,012 - DEBUG - COM4: TX: 03a41000
2019-12-30 18:41:46,012 - INFO - COM4: DevkeyAdd: {'devkey_handle': 8}
2019-12-30 18:41:46,015 - DEBUG - COM4: RX: 0584a4000000
2019-12-30 18:41:46,015 - DEBUG - COM4: parsed_packet {event: CmdRsp, data: {'opcode': 164, 'status': 0, 'data': bytearray(b'\x00\x00')}}
2019-12-30 18:41:46,015 - INFO - COM4: AddrPublicationAdd: {'address_handle': 0}
2019-12-30 18:41:47,008 - DEBUG - COM4.ConfigurationClient: Sending opcode: 8008, data: 00
2019-12-30 18:41:47,008 - DEBUG - COM4.ConfigurationClient: Sending opcode: 00, data: 0000004f68ad85d9f48ac8589df665b6b49b8a
2019-12-30 18:41:47,009 - DEBUG - COM4: TX: 0eab08000100000008000000800800
2019-12-30 18:41:47,009 - DEBUG - COM4.ConfigurationClient: Sending opcode: 803d, data: 100000000210
2019-12-30 18:41:47,009 - INFO - COM4.NodeConfigClient: Send Data1: 17
2019-12-30 18:41:47,010 - INFO - COM4.NodeConfigClient: Send Data2: 17
2019-12-30 18:41:47,010 - INFO - COM4.NodeConfigClient: Send Data3: 17
2019-12-30 18:41:47,010 - INFO - COM4.NodeConfigClient: Send Data4: 17
2019-12-30 18:41:47,011 - INFO - COM4.NodeConfigClient: Send Data: bytearray(b'\x11\x11\x11\x11\x00')
2019-12-30 18:41:47,011 - DEBUG - COM4.NodeConfigClient: Sending opcode: 8206, data: 1111111100
2019-12-30 18:41:47,012 - DEBUG - COM4: RX: 0784ab0001000000
2019-12-30 18:41:47,013 - DEBUG - COM4: parsed_packet {event: CmdRsp, data: {'opcode': 171, 'status': 0, 'data': bytearray(b'\x01\x00\x00\x00')}}
2019-12-30 18:41:47,013 - DEBUG - COM4: TX: 1fab08000100000008000000000000004f68ad85d9f48ac8589df665b6b49b8a
2019-12-30 18:41:47,013 - INFO - COM4: PacketSend: {'token': 1}
2019-12-30 18:41:47,019 - DEBUG - COM4: RX: 0784ab0002000000
2019-12-30 18:41:47,019 - DEBUG - COM4: parsed_packet {event: CmdRsp, data: {'opcode': 171, 'status': 0, 'data': bytearray(b'\x02\x00\x00\x00')}}
2019-12-30 18:41:47,020 - DEBUG - COM4: TX: 13ab08000100000008000000803d100000000210
2019-12-30 18:41:47,019 - INFO - COM4: PacketSend: {'token': 2}
2019-12-30 18:41:47,024 - DEBUG - COM4: RX: 0784ab0003000000
2019-12-30 18:41:47,024 - DEBUG - COM4: parsed_packet {event: CmdRsp, data: {'opcode': 171, 'status': 0, 'data': bytearray(b'\x03\x00\x00\x00')}}
2019-12-30 18:41:47,024 - DEBUG - COM4: TX: 12ab0000010000000800000082061111111100
2019-12-30 18:41:47,024 - INFO - COM4: PacketSend: {'token': 3}
2019-12-30 18:41:47,029 - DEBUG - COM4: RX: 0784ab0004000000
2019-12-30 18:41:47,029 - DEBUG - COM4: parsed_packet {event: CmdRsp, data: {'opcode': 171, 'status': 0, 'data': bytearray(b'\x04\x00\x00\x00')}}
2019-12-30 18:41:47,029 - INFO - COM4: PacketSend: {'token': 4}
2019-12-30 18:41:47,031 - DEBUG - COM4: RX: 05d201000000
2019-12-30 18:41:47,031 - DEBUG - COM4: parsed_packet {event: MeshTxComplete, data: {'token': 1}}
2019-12-30 18:41:47,031 - INFO - COM4: {event: MeshTxComplete, data: {'token': 1}}
2019-12-30 18:41:47,089 - DEBUG - COM4: RX: 2ad010000100080000000401c09923e28ac8ce160002005900000000002800030000000300000002000010
2019-12-30 18:41:47,089 - DEBUG - COM4: parsed_packet {event: MeshMessageReceivedUnicast, data: {'src': 16, 'dst': 1, 'appkey_handle': 8, 'subnet_handle': 0, 'ttl': 4, 'adv_addr_type': 1, 'adv_addr': bytearray(b'\xc0\x99#\xe2\x8a\xc8'), 'rssi': -50, 'actual_length': 22, 'data': bytearray(b'\x02\x00Y\x00\x00\x00\x00\x00(\x00\x03\x00\x00\x00\x03\x00\x00\x00\x02\x00\x00\x10')}}
2019-12-30 18:41:47,095 - INFO - COM4.ConfigurationClient: Received composition data (page 0x00): {
  "cid": "0059",
  "pid": "0000",
  "vid": "0000",
  "crpl": 40,
  "features": {
    "relay": 0,
    "proxy": 0,
    "friend": 2,
    "low_power": 2
  },
  "elements": [
    {
      "index": 0,
      "location": "0000",
      "models": [
        {
          "modelId": "0000"
        },
        {
          "modelId": "0002"
        },
        {
          "modelId": "1000"
        }
      ]
    }
  ]
}
2019-12-30 18:41:47,096 - DEBUG - COM4: Message Opcode bytearray(b'\x02'), Data bytearray(b'\x00Y\x00\x00\x00\x00\x00(\x00\x03\x00\x00\x00\x03\x00\x00\x00\x02\x00\x00\x10') unknown for model <mesh.access.Access object at 0x00000223089615E0>.
2019-12-30 18:41:47,098 - DEBUG - COM4: RX: 05d203000000
2019-12-30 18:41:47,098 - DEBUG - COM4: parsed_packet {event: MeshTxComplete, data: {'token': 3}}
2019-12-30 18:41:47,098 - INFO - COM4: {event: MeshTxComplete, data: {'token': 3}}
2019-12-30 18:41:47,113 - DEBUG - COM4: RX: 05d202000000
2019-12-30 18:41:47,113 - DEBUG - COM4: parsed_packet {event: MeshTxComplete, data: {'token': 2}}
2019-12-30 18:41:47,113 - INFO - COM4: {event: MeshTxComplete, data: {'token': 2}}
2019-12-30 18:41:47,125 - DEBUG - COM4: RX: 05d204000000
2019-12-30 18:41:47,125 - DEBUG - COM4: parsed_packet {event: MeshTxComplete, data: {'token': 4}}
2019-12-30 18:41:47,126 - INFO - COM4: {event: MeshTxComplete, data: {'token': 4}}
2019-12-30 18:41:47,140 - DEBUG - COM4: RX: 1ad010000100080000000401c09923e28ac8cf0600800300000000
2019-12-30 18:41:47,140 - DEBUG - COM4: parsed_packet {event: MeshMessageReceivedUnicast, data: {'src': 16, 'dst': 1, 'appkey_handle': 8, 'subnet_handle': 0, 'ttl': 4, 'adv_addr_type': 1, 'adv_addr': bytearray(b'\xc0\x99#\xe2\x8a\xc8'), 'rssi': -49, 'actual_length': 6, 'data': bytearray(b'\x80\x03\x00\x00\x00\x00')}}
2019-12-30 18:41:47,141 - INFO - COM4.ConfigurationClient: Appkey status: AccessStatus.SUCCESS
2019-12-30 18:41:47,146 - INFO - COM4.ConfigurationClient: Appkey bind 0 succeded for subnet 0 at node 0010
2019-12-30 18:41:47,147 - DEBUG - COM4: Message Opcode bytearray(b'\x80\x03'), Data bytearray(b'\x00\x00\x00\x00') unknown for model <mesh.access.Access object at 0x00000223089615E0>.
2019-12-30 18:41:47,167 - DEBUG - COM4: RX: 1dd010000100080000000401c09923e28ac8cd0900803e02100000000210
2019-12-30 18:41:47,168 - DEBUG - COM4: parsed_packet {event: MeshMessageReceivedUnicast, data: {'src': 16, 'dst': 1, 'appkey_handle': 8, 'subnet_handle': 0, 'ttl': 4, 'adv_addr_type': 1, 'adv_addr': bytearray(b'\xc0\x99#\xe2\x8a\xc8'), 'rssi': -51, 'actual_length': 9, 'data': bytearray(b'\x80>\x02\x10\x00\x00\x00\x02\x10')}}
2019-12-30 18:41:47,168 - INFO - COM4.ConfigurationClient: Model app bind status: AccessStatus.INVALID_MODEL
2019-12-30 18:41:47,169 - DEBUG - COM4: Message Opcode bytearray(b'\x80>'), Data bytearray(b'\x02\x10\x00\x00\x00\x02\x10') unknown for model <mesh.access.Access object at 0x00000223089615E0>.
