2019-12-30 17:16:16,063 - DEBUG - COM4: TX: 6169d9468c73cab619f8385bf27ab70e256e98c4b1370992fa8c6f1599e5ba012f1ba6bdd7381a2145d281c489ce36006f42d4f1fe175661d13177d583448ec1abd2090856704a6aa9c5f4e28cb5c389cc2964090e2471fb96e9e9c95c8acb01ad56
2019-12-30 17:16:16,075 - DEBUG - COM4: RX: 03846900
2019-12-30 17:16:16,075 - DEBUG - COM4: parsed_packet {event: CmdRsp, data: {'opcode': 105, 'status': 0, 'data': bytearray(b'')}}
2019-12-30 17:16:16,076 - DEBUG - COM4: TX: 059f01000100
2019-12-30 17:16:16,076 - INFO - COM4: Success
2019-12-30 17:16:16,078 - DEBUG - COM4: RX: 03849f00
2019-12-30 17:16:16,079 - DEBUG - COM4: parsed_packet {event: CmdRsp, data: {'opcode': 159, 'status': 0, 'data': bytearray(b'')}}
2019-12-30 17:16:16,079 - DEBUG - COM4: TX: 1392000018eed9c2a56add85049ffc3c59ad0e12
2019-12-30 17:16:16,079 - INFO - COM4: Success
2019-12-30 17:16:16,083 - DEBUG - COM4: RX: 058492000000
2019-12-30 17:16:16,083 - DEBUG - COM4: parsed_packet {event: CmdRsp, data: {'opcode': 146, 'status': 0, 'data': bytearray(b'\x00\x00')}}
2019-12-30 17:16:16,083 - DEBUG - COM4: TX: 1597000000004f68ad85d9f48ac8589df665b6b49b8a
2019-12-30 17:16:16,083 - INFO - COM4: SubnetAdd: {'subnet_handle': 0}
2019-12-30 17:16:16,087 - DEBUG - COM4: RX: 058497000000
2019-12-30 17:16:16,088 - DEBUG - COM4: parsed_packet {event: CmdRsp, data: {'opcode': 151, 'status': 0, 'data': bytearray(b'\x00\x00')}}
2019-12-30 17:16:16,088 - DEBUG - COM4: TX: 1597010000002aa2a6ded5a0798ceab5787ca3ae39fc
2019-12-30 17:16:16,088 - INFO - COM4: AppkeyAdd: {'appkey_handle': 0}
2019-12-30 17:16:16,092 - DEBUG - COM4: RX: 058497000100
2019-12-30 17:16:16,092 - DEBUG - COM4: parsed_packet {event: CmdRsp, data: {'opcode': 151, 'status': 0, 'data': bytearray(b'\x01\x00')}}
2019-12-30 17:16:16,093 - INFO - COM4: AppkeyAdd: {'appkey_handle': 1}
2019-12-30 17:16:29,754 - DEBUG - COM4: TX: 0161
2019-12-30 17:16:29,756 - DEBUG - COM4: RX: 03846100
2019-12-30 17:16:29,756 - DEBUG - COM4: parsed_packet {event: CmdRsp, data: {'opcode': 97, 'status': 0, 'data': bytearray(b'')}}
2019-12-30 17:16:29,756 - INFO - COM4: Success
2019-12-30 17:16:34,754 - DEBUG - COM4: TX: 0162
2019-12-30 17:16:34,756 - DEBUG - COM4: RX: 03846200
2019-12-30 17:16:34,756 - DEBUG - COM4: parsed_packet {event: CmdRsp, data: {'opcode': 98, 'status': 0, 'data': bytearray(b'')}}
2019-12-30 17:16:34,756 - INFO - COM4: Success
2019-12-30 17:16:37,755 - DEBUG - COM4: TX: 159c10000000c8789d5965ef5e10d3164fd1b70ba326
2019-12-30 17:16:37,759 - DEBUG - COM4: RX: 05849c000800
2019-12-30 17:16:37,759 - DEBUG - COM4: parsed_packet {event: CmdRsp, data: {'opcode': 156, 'status': 0, 'data': bytearray(b'\x08\x00')}}
2019-12-30 17:16:37,759 - DEBUG - COM4: TX: 03a41000
2019-12-30 17:16:37,759 - INFO - COM4: DevkeyAdd: {'devkey_handle': 8}
2019-12-30 17:16:37,762 - DEBUG - COM4: RX: 0584a4000000
2019-12-30 17:16:37,762 - DEBUG - COM4: parsed_packet {event: CmdRsp, data: {'opcode': 164, 'status': 0, 'data': bytearray(b'\x00\x00')}}
2019-12-30 17:16:37,762 - INFO - COM4: AddrPublicationAdd: {'address_handle': 0}
2019-12-30 17:19:35,502 - DEBUG - COM4: RX: 04810200fe
2019-12-30 17:19:35,502 - DEBUG - COM4: parsed_packet {event: DeviceStarted, data: {'operating_mode': 2, 'hw_error': 0, 'data_credit_available': 254}}
2019-12-30 17:19:35,503 - INFO - COM4: Device rebooted.
