2019-12-30 19:28:51,940 - DEBUG - COM4: TX: 6169a8b6a893030bc65a927c8473a444d74b452d158f3b764c625e7ecb181d02b6cb4c1f9141c6d979bc903d0eb5d7b52216d457d67230f70125581cafaa4312dd7c9bbe5dc5df97ddaad61bc7deb7ac5621ca6bb7aad74ab470d0ba8f2c7ad8b2a0
2019-12-30 19:28:51,952 - DEBUG - COM4: RX: 03846900
2019-12-30 19:28:51,952 - DEBUG - COM4: parsed_packet {event: CmdRsp, data: {'opcode': 105, 'status': 0, 'data': bytearray(b'')}}
2019-12-30 19:28:51,953 - DEBUG - COM4: TX: 059f01000100
2019-12-30 19:28:51,953 - INFO - COM4: Success
2019-12-30 19:28:51,955 - DEBUG - COM4: RX: 03849f8e
2019-12-30 19:28:51,965 - DEBUG - COM4: parsed_packet {event: CmdRsp, data: {'opcode': 159, 'status': 142, 'data': bytearray(b'')}}
2019-12-30 19:28:51,966 - DEBUG - COM4: TX: 1392000018eed9c2a56add85049ffc3c59ad0e12
2019-12-30 19:28:51,966 - ERROR - COM4: None: ERROR_REJECTED
2019-12-30 19:28:51,970 - DEBUG - COM4: RX: 03849281
2019-12-30 19:28:51,970 - DEBUG - COM4: parsed_packet {event: CmdRsp, data: {'opcode': 146, 'status': 129, 'data': bytearray(b'')}}
2019-12-30 19:28:51,971 - DEBUG - COM4: TX: 1597000000004f68ad85d9f48ac8589df665b6b49b8a
2019-12-30 19:28:51,970 - ERROR - COM4: SubnetAdd: ERROR_INTERNAL
2019-12-30 19:28:51,974 - DEBUG - COM4: RX: 03849781
2019-12-30 19:28:51,974 - DEBUG - COM4: parsed_packet {event: CmdRsp, data: {'opcode': 151, 'status': 129, 'data': bytearray(b'')}}
2019-12-30 19:28:51,975 - DEBUG - COM4: TX: 1597010000002aa2a6ded5a0798ceab5787ca3ae39fc
2019-12-30 19:28:51,974 - ERROR - COM4: AppkeyAdd: ERROR_INTERNAL
2019-12-30 19:28:51,978 - DEBUG - COM4: RX: 03849781
2019-12-30 19:28:51,978 - DEBUG - COM4: parsed_packet {event: CmdRsp, data: {'opcode': 151, 'status': 129, 'data': bytearray(b'')}}
2019-12-30 19:28:51,979 - ERROR - COM4: AppkeyAdd: ERROR_INTERNAL
2019-12-30 19:30:54,575 - DEBUG - COM4: TX: 159c100000005d9021df511729ac8bec35d89746736d
2019-12-30 19:30:54,578 - DEBUG - COM4: RX: 03849c8e
2019-12-30 19:30:54,579 - DEBUG - COM4: parsed_packet {event: CmdRsp, data: {'opcode': 156, 'status': 142, 'data': bytearray(b'')}}
2019-12-30 19:30:54,579 - DEBUG - COM4: TX: 03a41000
2019-12-30 19:30:54,579 - ERROR - COM4: DevkeyAdd: ERROR_REJECTED
2019-12-30 19:30:54,581 - DEBUG - COM4: RX: 0584a4000100
2019-12-30 19:30:54,581 - DEBUG - COM4: parsed_packet {event: CmdRsp, data: {'opcode': 164, 'status': 0, 'data': bytearray(b'\x01\x00')}}
2019-12-30 19:30:54,582 - INFO - COM4: AddrPublicationAdd: {'address_handle': 1}
2019-12-30 19:30:55,575 - DEBUG - COM4.ConfigurationClient: Sending opcode: 8008, data: 00
2019-12-30 19:30:55,575 - DEBUG - COM4.ConfigurationClient: Sending opcode: 00, data: 0000004f68ad85d9f48ac8589df665b6b49b8a
2019-12-30 19:30:55,575 - DEBUG - COM4: TX: 0eab08000100000008000000800800
2019-12-30 19:30:55,576 - DEBUG - COM4.ConfigurationClient: Sending opcode: 803d, data: 100000000210
2019-12-30 19:30:55,579 - DEBUG - COM4: RX: 0784ab0004000000
2019-12-30 19:30:55,580 - DEBUG - COM4: parsed_packet {event: CmdRsp, data: {'opcode': 171, 'status': 0, 'data': bytearray(b'\x04\x00\x00\x00')}}
2019-12-30 19:30:55,580 - DEBUG - COM4: TX: 1fab08000100000008000000000000004f68ad85d9f48ac8589df665b6b49b8a
2019-12-30 19:30:55,580 - INFO - COM4: PacketSend: {'token': 4}
2019-12-30 19:30:55,586 - DEBUG - COM4: RX: 0784ab0005000000
2019-12-30 19:30:55,586 - DEBUG - COM4: parsed_packet {event: CmdRsp, data: {'opcode': 171, 'status': 0, 'data': bytearray(b'\x05\x00\x00\x00')}}
2019-12-30 19:30:55,586 - DEBUG - COM4: TX: 13ab08000100000008000000803d100000000210
2019-12-30 19:30:55,586 - INFO - COM4: PacketSend: {'token': 5}
2019-12-30 19:30:55,591 - DEBUG - COM4: RX: 0784ab0006000000
2019-12-30 19:30:55,591 - DEBUG - COM4: parsed_packet {event: CmdRsp, data: {'opcode': 171, 'status': 0, 'data': bytearray(b'\x06\x00\x00\x00')}}
2019-12-30 19:30:55,591 - INFO - COM4: PacketSend: {'token': 6}
2019-12-30 19:30:55,592 - DEBUG - COM4: RX: 05d204000000
2019-12-30 19:30:55,592 - DEBUG - COM4: parsed_packet {event: MeshTxComplete, data: {'token': 4}}
2019-12-30 19:30:55,592 - INFO - COM4: {event: MeshTxComplete, data: {'token': 4}}
2019-12-30 19:30:55,657 - DEBUG - COM4: RX: 05d206000000
2019-12-30 19:30:55,658 - DEBUG - COM4: parsed_packet {event: MeshTxComplete, data: {'token': 6}}
2019-12-30 19:30:55,658 - INFO - COM4: {event: MeshTxComplete, data: {'token': 6}}
2019-12-30 19:30:55,664 - DEBUG - COM4: RX: 2ad011000100080000000401c09923e28ac8d1160002005900000000002800030000000300000002000010
2019-12-30 19:30:55,664 - DEBUG - COM4: parsed_packet {event: MeshMessageReceivedUnicast, data: {'src': 17, 'dst': 1, 'appkey_handle': 8, 'subnet_handle': 0, 'ttl': 4, 'adv_addr_type': 1, 'adv_addr': bytearray(b'\xc0\x99#\xe2\x8a\xc8'), 'rssi': -47, 'actual_length': 22, 'data': bytearray(b'\x02\x00Y\x00\x00\x00\x00\x00(\x00\x03\x00\x00\x00\x03\x00\x00\x00\x02\x00\x00\x10')}}
2019-12-30 19:30:55,671 - INFO - COM4.ConfigurationClient: Received composition data (page 0x00): {
  "cid": "0059",
  "pid": "0000",
  "vid": "0000",
  "crpl": 40,
  "features": {
    "relay": 0,
    "proxy": 0,
    "friend": 2,
    "low_power": 2
  },
  "elements": [
    {
      "index": 0,
      "location": "0000",
      "models": [
        {
          "modelId": "0000"
        },
        {
          "modelId": "0002"
        },
        {
          "modelId": "1000"
        }
      ]
    }
  ]
}
2019-12-30 19:30:55,672 - DEBUG - COM4: Message Opcode bytearray(b'\x02'), Data bytearray(b'\x00Y\x00\x00\x00\x00\x00(\x00\x03\x00\x00\x00\x03\x00\x00\x00\x02\x00\x00\x10') unknown for model <mesh.access.Access object at 0x0000021077110610>.
2019-12-30 19:30:55,686 - DEBUG - COM4: RX: 05d205000000
2019-12-30 19:30:55,687 - DEBUG - COM4: parsed_packet {event: MeshTxComplete, data: {'token': 5}}
2019-12-30 19:30:55,687 - INFO - COM4: {event: MeshTxComplete, data: {'token': 5}}
2019-12-30 19:30:55,737 - DEBUG - COM4: RX: 1dd011000100080000000401c09923e28ac8d10900803e01100000000210
2019-12-30 19:30:55,737 - DEBUG - COM4: parsed_packet {event: MeshMessageReceivedUnicast, data: {'src': 17, 'dst': 1, 'appkey_handle': 8, 'subnet_handle': 0, 'ttl': 4, 'adv_addr_type': 1, 'adv_addr': bytearray(b'\xc0\x99#\xe2\x8a\xc8'), 'rssi': -47, 'actual_length': 9, 'data': bytearray(b'\x80>\x01\x10\x00\x00\x00\x02\x10')}}
2019-12-30 19:30:55,738 - INFO - COM4.ConfigurationClient: Model app bind status: AccessStatus.INVALID_ADDRESS
2019-12-30 19:30:55,739 - DEBUG - COM4: Message Opcode bytearray(b'\x80>'), Data bytearray(b'\x01\x10\x00\x00\x00\x02\x10') unknown for model <mesh.access.Access object at 0x0000021077110610>.
