2019-12-30 19:16:47,662 - DEBUG - COM4: TX: 61693494e14bd14a62ade33ee9a12b0a61bd1a9a74be74be19e6962f462e498293efb774545748871e2c9b55a924a4e578c2ac57b4c9cb99814454a649e083c4d1b34a2781155a391fafb1310ae8967772b4f413d2089de5b8a6ed8aa87e0ebd9b13
2019-12-30 19:16:47,674 - DEBUG - COM4: RX: 03846900
2019-12-30 19:16:47,674 - DEBUG - COM4: parsed_packet {event: CmdRsp, data: {'opcode': 105, 'status': 0, 'data': bytearray(b'')}}
2019-12-30 19:16:47,675 - DEBUG - COM4: TX: 059f01000100
2019-12-30 19:16:47,674 - INFO - COM4: Success
2019-12-30 19:16:47,677 - DEBUG - COM4: RX: 03849f8e
2019-12-30 19:16:47,681 - DEBUG - COM4: parsed_packet {event: CmdRsp, data: {'opcode': 159, 'status': 142, 'data': bytearray(b'')}}
2019-12-30 19:16:47,682 - DEBUG - COM4: TX: 1392000018eed9c2a56add85049ffc3c59ad0e12
2019-12-30 19:16:47,682 - ERROR - COM4: None: ERROR_REJECTED
2019-12-30 19:16:47,686 - DEBUG - COM4: RX: 03849281
2019-12-30 19:16:47,686 - DEBUG - COM4: parsed_packet {event: CmdRsp, data: {'opcode': 146, 'status': 129, 'data': bytearray(b'')}}
2019-12-30 19:16:47,686 - DEBUG - COM4: TX: 1597000000004f68ad85d9f48ac8589df665b6b49b8a
2019-12-30 19:16:47,686 - ERROR - COM4: SubnetAdd: ERROR_INTERNAL
2019-12-30 19:16:47,690 - DEBUG - COM4: RX: 03849781
2019-12-30 19:16:47,690 - DEBUG - COM4: parsed_packet {event: CmdRsp, data: {'opcode': 151, 'status': 129, 'data': bytearray(b'')}}
2019-12-30 19:16:47,691 - DEBUG - COM4: TX: 1597010000002aa2a6ded5a0798ceab5787ca3ae39fc
2019-12-30 19:16:47,690 - ERROR - COM4: AppkeyAdd: ERROR_INTERNAL
2019-12-30 19:16:47,695 - DEBUG - COM4: RX: 03849781
2019-12-30 19:16:47,695 - DEBUG - COM4: parsed_packet {event: CmdRsp, data: {'opcode': 151, 'status': 129, 'data': bytearray(b'')}}
2019-12-30 19:16:47,695 - ERROR - COM4: AppkeyAdd: ERROR_INTERNAL
2019-12-30 19:17:22,050 - DEBUG - COM4: TX: 159c100000005d9021df511729ac8bec35d89746736d
2019-12-30 19:17:22,054 - DEBUG - COM4: RX: 05849c000900
2019-12-30 19:17:22,054 - DEBUG - COM4: parsed_packet {event: CmdRsp, data: {'opcode': 156, 'status': 0, 'data': bytearray(b'\t\x00')}}
2019-12-30 19:17:22,055 - DEBUG - COM4: TX: 03a41000
2019-12-30 19:17:22,055 - INFO - COM4: DevkeyAdd: {'devkey_handle': 9}
2019-12-30 19:17:22,057 - DEBUG - COM4: RX: 0584a4000100
2019-12-30 19:17:22,058 - DEBUG - COM4: parsed_packet {event: CmdRsp, data: {'opcode': 164, 'status': 0, 'data': bytearray(b'\x01\x00')}}
2019-12-30 19:17:22,058 - INFO - COM4: AddrPublicationAdd: {'address_handle': 1}
2019-12-30 19:17:23,051 - DEBUG - COM4.ConfigurationClient: Sending opcode: 8008, data: 00
2019-12-30 19:17:23,051 - DEBUG - COM4.ConfigurationClient: Sending opcode: 00, data: 0000004f68ad85d9f48ac8589df665b6b49b8a
2019-12-30 19:17:23,051 - DEBUG - COM4: TX: 0eab08000100000008000000800800
2019-12-30 19:17:23,052 - DEBUG - COM4.ConfigurationClient: Sending opcode: 803d, data: 100000000210
2019-12-30 19:17:23,055 - DEBUG - COM4: RX: 0784ab0001000000
2019-12-30 19:17:23,055 - DEBUG - COM4: parsed_packet {event: CmdRsp, data: {'opcode': 171, 'status': 0, 'data': bytearray(b'\x01\x00\x00\x00')}}
2019-12-30 19:17:23,056 - DEBUG - COM4: TX: 1fab08000100000008000000000000004f68ad85d9f48ac8589df665b6b49b8a
2019-12-30 19:17:23,055 - INFO - COM4: PacketSend: {'token': 1}
2019-12-30 19:17:23,061 - DEBUG - COM4: RX: 0784ab0002000000
2019-12-30 19:17:23,062 - DEBUG - COM4: parsed_packet {event: CmdRsp, data: {'opcode': 171, 'status': 0, 'data': bytearray(b'\x02\x00\x00\x00')}}
2019-12-30 19:17:23,062 - DEBUG - COM4: TX: 13ab08000100000008000000803d100000000210
2019-12-30 19:17:23,062 - INFO - COM4: PacketSend: {'token': 2}
2019-12-30 19:17:23,065 - DEBUG - COM4: RX: 05d201000000
2019-12-30 19:17:23,066 - DEBUG - COM4: parsed_packet {event: MeshTxComplete, data: {'token': 1}}
2019-12-30 19:17:23,066 - INFO - COM4: {event: MeshTxComplete, data: {'token': 1}}
2019-12-30 19:17:23,067 - DEBUG - COM4: RX: 0784ab0003000000
2019-12-30 19:17:23,067 - DEBUG - COM4: parsed_packet {event: CmdRsp, data: {'opcode': 171, 'status': 0, 'data': bytearray(b'\x03\x00\x00\x00')}}
2019-12-30 19:17:23,067 - INFO - COM4: PacketSend: {'token': 3}
2019-12-30 19:17:23,140 - DEBUG - COM4: RX: 2ad011000100080000000401c09923e28ac8d8160002005900000000002800030000000300000002000010
2019-12-30 19:17:23,141 - DEBUG - COM4: parsed_packet {event: MeshMessageReceivedUnicast, data: {'src': 17, 'dst': 1, 'appkey_handle': 8, 'subnet_handle': 0, 'ttl': 4, 'adv_addr_type': 1, 'adv_addr': bytearray(b'\xc0\x99#\xe2\x8a\xc8'), 'rssi': -40, 'actual_length': 22, 'data': bytearray(b'\x02\x00Y\x00\x00\x00\x00\x00(\x00\x03\x00\x00\x00\x03\x00\x00\x00\x02\x00\x00\x10')}}
2019-12-30 19:17:23,148 - INFO - COM4.ConfigurationClient: Received composition data (page 0x00): {
  "cid": "0059",
  "pid": "0000",
  "vid": "0000",
  "crpl": 40,
  "features": {
    "relay": 0,
    "proxy": 0,
    "friend": 2,
    "low_power": 2
  },
  "elements": [
    {
      "index": 0,
      "location": "0000",
      "models": [
        {
          "modelId": "0000"
        },
        {
          "modelId": "0002"
        },
        {
          "modelId": "1000"
        }
      ]
    }
  ]
}
2019-12-30 19:17:23,149 - DEBUG - COM4: Message Opcode bytearray(b'\x02'), Data bytearray(b'\x00Y\x00\x00\x00\x00\x00(\x00\x03\x00\x00\x00\x03\x00\x00\x00\x02\x00\x00\x10') unknown for model <mesh.access.Access object at 0x000001FCB2470610>.
2019-12-30 19:17:23,150 - DEBUG - COM4: RX: 05d203000000
2019-12-30 19:17:23,150 - DEBUG - COM4: parsed_packet {event: MeshTxComplete, data: {'token': 3}}
2019-12-30 19:17:23,151 - INFO - COM4: {event: MeshTxComplete, data: {'token': 3}}
2019-12-30 19:17:23,162 - DEBUG - COM4: RX: 05d202000000
2019-12-30 19:17:23,163 - DEBUG - COM4: parsed_packet {event: MeshTxComplete, data: {'token': 2}}
2019-12-30 19:17:23,163 - INFO - COM4: {event: MeshTxComplete, data: {'token': 2}}
2019-12-30 19:17:23,194 - DEBUG - COM4: RX: 1ad011000100080000000401c09923e28ac8d80600800300000000
2019-12-30 19:17:23,194 - DEBUG - COM4: parsed_packet {event: MeshMessageReceivedUnicast, data: {'src': 17, 'dst': 1, 'appkey_handle': 8, 'subnet_handle': 0, 'ttl': 4, 'adv_addr_type': 1, 'adv_addr': bytearray(b'\xc0\x99#\xe2\x8a\xc8'), 'rssi': -40, 'actual_length': 6, 'data': bytearray(b'\x80\x03\x00\x00\x00\x00')}}
2019-12-30 19:17:23,195 - INFO - COM4.ConfigurationClient: Appkey status: AccessStatus.SUCCESS
2019-12-30 19:17:23,201 - INFO - COM4.ConfigurationClient: Appkey bind 0 succeded for subnet 0 at node 0011
2019-12-30 19:17:23,202 - DEBUG - COM4: Message Opcode bytearray(b'\x80\x03'), Data bytearray(b'\x00\x00\x00\x00') unknown for model <mesh.access.Access object at 0x000001FCB2470610>.
2019-12-30 19:17:23,217 - DEBUG - COM4: RX: 1dd011000100080000000401c09923e28ac8d80900803e01100000000210
2019-12-30 19:17:23,217 - DEBUG - COM4: parsed_packet {event: MeshMessageReceivedUnicast, data: {'src': 17, 'dst': 1, 'appkey_handle': 8, 'subnet_handle': 0, 'ttl': 4, 'adv_addr_type': 1, 'adv_addr': bytearray(b'\xc0\x99#\xe2\x8a\xc8'), 'rssi': -40, 'actual_length': 9, 'data': bytearray(b'\x80>\x01\x10\x00\x00\x00\x02\x10')}}
2019-12-30 19:17:23,218 - INFO - COM4.ConfigurationClient: Model app bind status: AccessStatus.INVALID_ADDRESS
2019-12-30 19:17:23,218 - DEBUG - COM4: Message Opcode bytearray(b'\x80>'), Data bytearray(b'\x01\x10\x00\x00\x00\x02\x10') unknown for model <mesh.access.Access object at 0x000001FCB2470610>.
