2019-12-30 14:49:49,682 - DEBUG - COM4: TX: 6169562554eb1f2a50ab4a904c412f0407cc0c5c2240bc147ad4503cf19f3b3705b924d55a972e92b5b19cdc0222ab7e5e2ae3f9a65ea53f0d84a2085b502287e93504c1c752ecee738ea2bf991097fb4a4bfd0f5d35f614f4686b992c04300747d6
2019-12-30 14:49:49,693 - DEBUG - COM4: RX: 03846900
2019-12-30 14:49:49,694 - DEBUG - COM4: parsed_packet {event: CmdRsp, data: {'opcode': 105, 'status': 0, 'data': bytearray(b'')}}
2019-12-30 14:49:49,694 - DEBUG - COM4: TX: 059f01000100
2019-12-30 14:49:49,694 - INFO - COM4: Success
2019-12-30 14:49:49,697 - DEBUG - COM4: RX: 03849f00
2019-12-30 14:49:49,698 - DEBUG - COM4: parsed_packet {event: CmdRsp, data: {'opcode': 159, 'status': 0, 'data': bytearray(b'')}}
2019-12-30 14:49:49,698 - DEBUG - COM4: TX: 1392000018eed9c2a56add85049ffc3c59ad0e12
2019-12-30 14:49:49,698 - INFO - COM4: Success
2019-12-30 14:49:49,702 - DEBUG - COM4: RX: 058492000000
2019-12-30 14:49:49,702 - DEBUG - COM4: parsed_packet {event: CmdRsp, data: {'opcode': 146, 'status': 0, 'data': bytearray(b'\x00\x00')}}
2019-12-30 14:49:49,703 - DEBUG - COM4: TX: 1597000000004f68ad85d9f48ac8589df665b6b49b8a
2019-12-30 14:49:49,702 - INFO - COM4: SubnetAdd: {'subnet_handle': 0}
2019-12-30 14:49:49,707 - DEBUG - COM4: RX: 058497000000
2019-12-30 14:49:49,707 - DEBUG - COM4: parsed_packet {event: CmdRsp, data: {'opcode': 151, 'status': 0, 'data': bytearray(b'\x00\x00')}}
2019-12-30 14:49:49,708 - DEBUG - COM4: TX: 1597010000002aa2a6ded5a0798ceab5787ca3ae39fc
2019-12-30 14:49:49,708 - INFO - COM4: AppkeyAdd: {'appkey_handle': 0}
2019-12-30 14:49:49,712 - DEBUG - COM4: RX: 058497000100
2019-12-30 14:49:49,712 - DEBUG - COM4: parsed_packet {event: CmdRsp, data: {'opcode': 151, 'status': 0, 'data': bytearray(b'\x01\x00')}}
2019-12-30 14:49:49,712 - INFO - COM4: AppkeyAdd: {'appkey_handle': 1}
2019-12-30 14:49:51,682 - DEBUG - COM4: TX: 0161
2019-12-30 14:49:51,684 - DEBUG - COM4: RX: 03846100
2019-12-30 14:49:51,684 - DEBUG - COM4: parsed_packet {event: CmdRsp, data: {'opcode': 97, 'status': 0, 'data': bytearray(b'')}}
2019-12-30 14:49:51,684 - INFO - COM4: Success
2019-12-30 14:49:56,682 - DEBUG - COM4: TX: 0162
2019-12-30 14:49:56,684 - DEBUG - COM4: RX: 03846200
2019-12-30 14:49:56,684 - DEBUG - COM4: parsed_packet {event: CmdRsp, data: {'opcode': 98, 'status': 0, 'data': bytearray(b'')}}
2019-12-30 14:49:56,684 - INFO - COM4: Success
