2020-01-05 12:50:08,445 - DEBUG - COM4: TX: 616901599b55ab2e61d78f30935429f41107678f0edd135ef8ccb8d1b9f40f2a222729de5354ebfad628e6e844f2929d54e2c6f41a39530b5a327420d6937d1f06e31dd39a41888f97808822ea2d968555aa1b122f2428f957bf189dd3da3f6946a4
2020-01-05 12:50:08,456 - DEBUG - COM4: RX: 03846900
2020-01-05 12:50:08,456 - DEBUG - COM4: parsed_packet {event: CmdRsp, data: {'opcode': 105, 'status': 0, 'data': bytearray(b'')}}
2020-01-05 12:50:08,457 - DEBUG - COM4: TX: 059f01000100
2020-01-05 12:50:08,456 - INFO - COM4: Success
2020-01-05 12:50:08,459 - DEBUG - COM4: RX: 03849f8e
2020-01-05 12:50:08,459 - DEBUG - COM4: parsed_packet {event: CmdRsp, data: {'opcode': 159, 'status': 142, 'data': bytearray(b'')}}
2020-01-05 12:50:08,459 - DEBUG - COM4: TX: 1392000018eed9c2a56add85049ffc3c59ad0e12
2020-01-05 12:50:08,459 - ERROR - COM4: None: ERROR_REJECTED
2020-01-05 12:50:08,462 - DEBUG - COM4: RX: 03849281
2020-01-05 12:50:08,463 - DEBUG - COM4: parsed_packet {event: CmdRsp, data: {'opcode': 146, 'status': 129, 'data': bytearray(b'')}}
2020-01-05 12:50:08,463 - DEBUG - COM4: TX: 1597000000004f68ad85d9f48ac8589df665b6b49b8a
2020-01-05 12:50:08,463 - ERROR - COM4: SubnetAdd: ERROR_INTERNAL
2020-01-05 12:50:08,467 - DEBUG - COM4: RX: 03849781
2020-01-05 12:50:08,467 - DEBUG - COM4: parsed_packet {event: CmdRsp, data: {'opcode': 151, 'status': 129, 'data': bytearray(b'')}}
2020-01-05 12:50:08,467 - DEBUG - COM4: TX: 1597010000002aa2a6ded5a0798ceab5787ca3ae39fc
2020-01-05 12:50:08,467 - ERROR - COM4: AppkeyAdd: ERROR_INTERNAL
2020-01-05 12:50:08,470 - DEBUG - COM4: RX: 03849781
2020-01-05 12:50:08,471 - DEBUG - COM4: parsed_packet {event: CmdRsp, data: {'opcode': 151, 'status': 129, 'data': bytearray(b'')}}
2020-01-05 12:50:08,471 - ERROR - COM4: AppkeyAdd: ERROR_INTERNAL
2020-01-05 12:50:28,797 - DEBUG - COM4: RX: 00
2020-01-05 12:50:28,797 - ERROR - COM4: Invalid packet: bytearray(b'\x00')
2020-01-05 12:50:29,211 - DEBUG - COM4: RX: 04810200fe
2020-01-05 12:50:29,212 - DEBUG - COM4: parsed_packet {event: DeviceStarted, data: {'operating_mode': 2, 'hw_error': 0, 'data_credit_available': 254}}
2020-01-05 12:50:29,212 - INFO - COM4: Device rebooted.
2020-01-05 12:50:37,763 - DEBUG - COM4: TX: 61696261e2d40067cb5255f7d706594ec909dc04820bcbaea1926289d9dd3e15f62cbeac6ab7fea43ce87f3e436d6a221327c2dde100762d002780b86181c07d8f18b0be5a31a90640e35cdbfd799815cc47a40095d4efb485943974507454243ae0
2020-01-05 12:50:37,775 - DEBUG - COM4: RX: 03846900
2020-01-05 12:50:37,775 - DEBUG - COM4: parsed_packet {event: CmdRsp, data: {'opcode': 105, 'status': 0, 'data': bytearray(b'')}}
2020-01-05 12:50:37,776 - DEBUG - COM4: TX: 059f01000100
2020-01-05 12:50:37,776 - INFO - COM4: Success
2020-01-05 12:50:37,778 - DEBUG - COM4: RX: 03849f00
2020-01-05 12:50:37,778 - DEBUG - COM4: parsed_packet {event: CmdRsp, data: {'opcode': 159, 'status': 0, 'data': bytearray(b'')}}
2020-01-05 12:50:37,778 - DEBUG - COM4: TX: 1392000018eed9c2a56add85049ffc3c59ad0e12
2020-01-05 12:50:37,778 - INFO - COM4: Success
2020-01-05 12:50:37,782 - DEBUG - COM4: RX: 058492000000
2020-01-05 12:50:37,782 - DEBUG - COM4: parsed_packet {event: CmdRsp, data: {'opcode': 146, 'status': 0, 'data': bytearray(b'\x00\x00')}}
2020-01-05 12:50:37,782 - DEBUG - COM4: TX: 1597000000004f68ad85d9f48ac8589df665b6b49b8a
2020-01-05 12:50:37,782 - INFO - COM4: SubnetAdd: {'subnet_handle': 0}
2020-01-05 12:50:37,786 - DEBUG - COM4: RX: 058497000000
2020-01-05 12:50:37,786 - DEBUG - COM4: parsed_packet {event: CmdRsp, data: {'opcode': 151, 'status': 0, 'data': bytearray(b'\x00\x00')}}
2020-01-05 12:50:37,786 - DEBUG - COM4: TX: 1597010000002aa2a6ded5a0798ceab5787ca3ae39fc
2020-01-05 12:50:37,786 - INFO - COM4: AppkeyAdd: {'appkey_handle': 0}
2020-01-05 12:50:37,790 - DEBUG - COM4: RX: 058497000100
2020-01-05 12:50:37,790 - DEBUG - COM4: parsed_packet {event: CmdRsp, data: {'opcode': 151, 'status': 0, 'data': bytearray(b'\x01\x00')}}
2020-01-05 12:50:37,790 - INFO - COM4: AppkeyAdd: {'appkey_handle': 1}
2020-01-05 12:50:43,098 - DEBUG - COM4: TX: 0161
2020-01-05 12:50:43,099 - DEBUG - COM4: RX: 03846100
2020-01-05 12:50:43,100 - DEBUG - COM4: parsed_packet {event: CmdRsp, data: {'opcode': 97, 'status': 0, 'data': bytearray(b'')}}
2020-01-05 12:50:43,100 - INFO - COM4: Success
2020-01-05 12:50:44,361 - DEBUG - COM4: RX: 1ac0d9cfbd4418e74240b492f8f01d1cd1acc90001b492f8f01ddc
2020-01-05 12:50:44,362 - DEBUG - COM4: parsed_packet {event: ProvUnprovisionedReceived, data: {'uuid': bytearray(b'\xd9\xcf\xbdD\x18\xe7B@\xb4\x92\xf8\xf0\x1d\x1c\xd1\xac'), 'rssi': -55, 'gatt_supported': 0, 'adv_addr_type': 1, 'adv_addr': bytearray(b'\xb4\x92\xf8\xf0\x1d\xdc')}}
2020-01-05 12:50:44,362 - INFO - COM4: Received UUID d9cfbd4418e74240b492f8f01d1cd1ac with RSSI: -55 dB
2020-01-05 12:50:45,054 - DEBUG - COM4: RX: 1ac0c86a88bbfa034047a539d04a8ded330fc000012539d04a8ded
2020-01-05 12:50:45,054 - DEBUG - COM4: parsed_packet {event: ProvUnprovisionedReceived, data: {'uuid': bytearray(b'\xc8j\x88\xbb\xfa\x03@G\xa59\xd0J\x8d\xed3\x0f'), 'rssi': -64, 'gatt_supported': 0, 'adv_addr_type': 1, 'adv_addr': bytearray(b'%9\xd0J\x8d\xed')}}
2020-01-05 12:50:45,056 - INFO - COM4: Received UUID c86a88bbfa034047a539d04a8ded330f with RSSI: -64 dB
2020-01-05 12:50:46,351 - DEBUG - COM4: RX: 1ac0d9cfbd4418e74240b492f8f01d1cd1acd10001b492f8f01ddc
2020-01-05 12:50:46,351 - DEBUG - COM4: parsed_packet {event: ProvUnprovisionedReceived, data: {'uuid': bytearray(b'\xd9\xcf\xbdD\x18\xe7B@\xb4\x92\xf8\xf0\x1d\x1c\xd1\xac'), 'rssi': -47, 'gatt_supported': 0, 'adv_addr_type': 1, 'adv_addr': bytearray(b'\xb4\x92\xf8\xf0\x1d\xdc')}}
2020-01-05 12:50:47,080 - DEBUG - COM4: RX: 1ac0c86a88bbfa034047a539d04a8ded330fcb00012539d04a8ded
2020-01-05 12:50:47,080 - DEBUG - COM4: parsed_packet {event: ProvUnprovisionedReceived, data: {'uuid': bytearray(b'\xc8j\x88\xbb\xfa\x03@G\xa59\xd0J\x8d\xed3\x0f'), 'rssi': -53, 'gatt_supported': 0, 'adv_addr_type': 1, 'adv_addr': bytearray(b'%9\xd0J\x8d\xed')}}
2020-01-05 12:50:48,098 - DEBUG - COM4: TX: 0162
2020-01-05 12:50:48,099 - DEBUG - COM4: RX: 03846200
2020-01-05 12:50:48,100 - DEBUG - COM4: parsed_packet {event: CmdRsp, data: {'opcode': 98, 'status': 0, 'data': bytearray(b'')}}
2020-01-05 12:50:48,100 - INFO - COM4: Success
2020-01-05 12:51:02,569 - DEBUG - COM4: TX: 2d6300d9cfbd4418e74240b492f8f01d1cd1ac18eed9c2a56add85049ffc3c59ad0e120000000000001300000000
2020-01-05 12:51:02,575 - DEBUG - COM4: RX: 0484630000
2020-01-05 12:51:02,575 - DEBUG - COM4: parsed_packet {event: CmdRsp, data: {'opcode': 99, 'status': 0, 'data': bytearray(b'\x00')}}
2020-01-05 12:51:02,575 - INFO - COM4: Provision: {'context': 0}
2020-01-05 12:51:02,587 - DEBUG - COM4: RX: 02c100
2020-01-05 12:51:02,587 - DEBUG - COM4: parsed_packet {event: ProvLinkEstablished, data: {'context_id': 0}}
2020-01-05 12:51:02,587 - INFO - COM4: Link established
2020-01-05 12:51:02,645 - DEBUG - COM4: RX: 0bc300010001000000000000
2020-01-05 12:51:02,645 - DEBUG - COM4: parsed_packet {event: ProvCapsReceived, data: {'context_id': 0, 'num_elements': 1, 'public_key_type': 0, 'static_oob_types': 1, 'output_oob_size': 0, 'output_oob_actions': 0, 'input_oob_size': 0, 'input_oob_actions': 0}}
2020-01-05 12:51:02,645 - INFO - COM4: Received capabilities
2020-01-05 12:51:02,646 - INFO - COM4: Number of elements: 1
2020-01-05 12:51:02,646 - DEBUG - COM4: TX: 056600000000
2020-01-05 12:51:02,648 - DEBUG - COM4: RX: 0484660000
2020-01-05 12:51:02,648 - DEBUG - COM4: parsed_packet {event: CmdRsp, data: {'opcode': 102, 'status': 0, 'data': bytearray(b'\x00')}}
2020-01-05 12:51:02,648 - INFO - COM4: OobUse: {'context': 0}
2020-01-05 12:51:02,865 - DEBUG - COM4: RX: 62c700521b2fb54abda4ace97b9982ac28d2e84fcbd623c062f777cfab2bbebff539716278b4f06426c3b38c8b79724197d5f5141f5b058170485ac1db73c484692b956261e2d40067cb5255f7d706594ec909dc04820bcbaea1926289d9dd3e15f62c
2020-01-05 12:51:02,865 - DEBUG - COM4: parsed_packet {event: ProvEcdhRequest, data: {'context_id': 0, 'peer_public': bytearray(b'R\x1b/\xb5J\xbd\xa4\xac\xe9{\x99\x82\xac(\xd2\xe8O\xcb\xd6#\xc0b\xf7w\xcf\xab+\xbe\xbf\xf59qbx\xb4\xf0d&\xc3\xb3\x8c\x8byrA\x97\xd5\xf5\x14\x1f[\x05\x81pHZ\xc1\xdbs\xc4\x84i+\x95'), 'node_private': bytearray(b'ba\xe2\xd4\x00g\xcbRU\xf7\xd7\x06YN\xc9\t\xdc\x04\x82\x0b\xcb\xae\xa1\x92b\x89\xd9\xdd>\x15\xf6,')}}
2020-01-05 12:51:02,866 - INFO - COM4: ECDH request received
2020-01-05 12:51:02,867 - DEBUG - COM4: TX: 2268002e642f54a44bb33da14497d00e663c20e6bfbcfee781fef769029d1856b4181d
2020-01-05 12:51:02,873 - DEBUG - COM4: RX: 0484680000
2020-01-05 12:51:02,873 - DEBUG - COM4: parsed_packet {event: CmdRsp, data: {'opcode': 104, 'status': 0, 'data': bytearray(b'\x00')}}
2020-01-05 12:51:02,873 - INFO - COM4: EcdhSecret: {'context': 0}
2020-01-05 12:51:03,203 - DEBUG - COM4: RX: 2cc5000000000000001300000008321c063894761d10907cd9071f648718eed9c2a56add85049ffc3c59ad0e12
2020-01-05 12:51:03,203 - DEBUG - COM4: parsed_packet {event: ProvComplete, data: {'context_id': 0, 'iv_index': 0, 'net_key_index': 0, 'address': 19, 'iv_update_flag': 0, 'key_refresh_flag': 0, 'device_key': bytearray(b'\x082\x1c\x068\x94v\x1d\x10\x90|\xd9\x07\x1fd\x87'), 'net_key': bytearray(b'\x18\xee\xd9\xc2\xa5j\xdd\x85\x04\x9f\xfc<Y\xad\x0e\x12')}}
2020-01-05 12:51:03,204 - INFO - COM4: Provisioning complete
2020-01-05 12:51:03,204 - INFO - COM4: 	Address(es): 0x13-0x13
2020-01-05 12:51:03,205 - INFO - COM4: 	Device key: 08321c063894761d10907cd9071f6487
2020-01-05 12:51:03,205 - INFO - COM4: 	Network key: 18eed9c2a56add85049ffc3c59ad0e12
2020-01-05 12:51:03,205 - INFO - COM4: Adding device key to subnet 0
2020-01-05 12:51:03,206 - DEBUG - COM4: TX: 159c1300000008321c063894761d10907cd9071f6487
2020-01-05 12:51:03,206 - INFO - COM4: Adding publication address of root element
2020-01-05 12:51:03,206 - DEBUG - COM4: TX: 03a41300
2020-01-05 12:51:03,211 - DEBUG - COM4: RX: 05849c000800
2020-01-05 12:51:03,212 - DEBUG - COM4: parsed_packet {event: CmdRsp, data: {'opcode': 156, 'status': 0, 'data': bytearray(b'\x08\x00')}}
2020-01-05 12:51:03,212 - INFO - COM4: DevkeyAdd: {'devkey_handle': 8}
2020-01-05 12:51:03,212 - DEBUG - COM4: RX: 0584a4000000
2020-01-05 12:51:03,212 - DEBUG - COM4: parsed_packet {event: CmdRsp, data: {'opcode': 164, 'status': 0, 'data': bytearray(b'\x00\x00')}}
2020-01-05 12:51:03,212 - INFO - COM4: AddrPublicationAdd: {'address_handle': 0}
2020-01-05 12:51:03,307 - DEBUG - COM4: RX: 03c20000
2020-01-05 12:51:03,307 - DEBUG - COM4: parsed_packet {event: ProvLinkClosed, data: {'context_id': 0, 'close_reason': 0}}
2020-01-05 12:51:03,307 - INFO - COM4: Provisioning link closed
