2019-12-29 17:26:17,780 - DEBUG - COM4: TX: 61691b2bd285d987de93fcf1734a50f311faa484a3c0ea8242fe7c85e1a8d7898c826449a272ea413c56a47e1a772288bb2deb059fa485b2082792f895159eca44725694391150be63a4588ea9b2a2d4e56553700b7802f2ccc3579f204f266e3b18
2019-12-29 17:26:17,792 - DEBUG - COM4: RX: 03846900
2019-12-29 17:26:17,792 - DEBUG - COM4: parsed_packet {event: CmdRsp, data: {'opcode': 105, 'status': 0, 'data': bytearray(b'')}}
2019-12-29 17:26:17,792 - DEBUG - COM4: TX: 059f01000100
2019-12-29 17:26:17,792 - INFO - COM4: Success
2019-12-29 17:26:17,795 - DEBUG - COM4: RX: 03849f8e
2019-12-29 17:26:17,804 - DEBUG - COM4: parsed_packet {event: CmdRsp, data: {'opcode': 159, 'status': 142, 'data': bytearray(b'')}}
2019-12-29 17:26:17,804 - DEBUG - COM4: TX: 1392000018eed9c2a56add85049ffc3c59ad0e12
2019-12-29 17:26:17,804 - ERROR - COM4: None: ERROR_REJECTED
2019-12-29 17:26:17,808 - DEBUG - COM4: RX: 03849281
2019-12-29 17:26:17,808 - DEBUG - COM4: parsed_packet {event: CmdRsp, data: {'opcode': 146, 'status': 129, 'data': bytearray(b'')}}
2019-12-29 17:26:17,809 - DEBUG - COM4: TX: 1597000000004f68ad85d9f48ac8589df665b6b49b8a
2019-12-29 17:26:17,808 - ERROR - COM4: SubnetAdd: ERROR_INTERNAL
2019-12-29 17:26:17,812 - DEBUG - COM4: RX: 03849781
2019-12-29 17:26:17,812 - DEBUG - COM4: parsed_packet {event: CmdRsp, data: {'opcode': 151, 'status': 129, 'data': bytearray(b'')}}
2019-12-29 17:26:17,813 - DEBUG - COM4: TX: 1597010000002aa2a6ded5a0798ceab5787ca3ae39fc
2019-12-29 17:26:17,813 - ERROR - COM4: AppkeyAdd: ERROR_INTERNAL
2019-12-29 17:26:17,816 - DEBUG - COM4: RX: 03849781
2019-12-29 17:26:17,816 - DEBUG - COM4: parsed_packet {event: CmdRsp, data: {'opcode': 151, 'status': 129, 'data': bytearray(b'')}}
2019-12-29 17:26:17,817 - ERROR - COM4: AppkeyAdd: ERROR_INTERNAL
2019-12-29 17:26:19,780 - DEBUG - COM4: TX: 0161
2019-12-29 17:26:19,782 - DEBUG - COM4: RX: 03846100
2019-12-29 17:26:19,782 - DEBUG - COM4: parsed_packet {event: CmdRsp, data: {'opcode': 97, 'status': 0, 'data': bytearray(b'')}}
2019-12-29 17:26:19,782 - INFO - COM4: Success
2019-12-29 17:26:21,451 - DEBUG - COM4: RX: 1ac0d5b91bba0508344a809923e28a48b06dd20001c09923e28ac8
2019-12-29 17:26:21,451 - DEBUG - COM4: parsed_packet {event: ProvUnprovisionedReceived, data: {'uuid': bytearray(b'\xd5\xb9\x1b\xba\x05\x084J\x80\x99#\xe2\x8aH\xb0m'), 'rssi': -46, 'gatt_supported': 0, 'adv_addr_type': 1, 'adv_addr': bytearray(b'\xc0\x99#\xe2\x8a\xc8')}}
2019-12-29 17:26:21,452 - INFO - COM4: Received UUID d5b91bba0508344a809923e28a48b06d with RSSI: -46 dB
2019-12-29 17:26:23,451 - DEBUG - COM4: RX: 1ac0d5b91bba0508344a809923e28a48b06dd60001c09923e28ac8
2019-12-29 17:26:23,451 - DEBUG - COM4: parsed_packet {event: ProvUnprovisionedReceived, data: {'uuid': bytearray(b'\xd5\xb9\x1b\xba\x05\x084J\x80\x99#\xe2\x8aH\xb0m'), 'rssi': -42, 'gatt_supported': 0, 'adv_addr_type': 1, 'adv_addr': bytearray(b'\xc0\x99#\xe2\x8a\xc8')}}
2019-12-29 17:26:24,780 - DEBUG - COM4: TX: 0162
2019-12-29 17:26:24,782 - DEBUG - COM4: RX: 03846200
2019-12-29 17:26:24,783 - DEBUG - COM4: parsed_packet {event: CmdRsp, data: {'opcode': 98, 'status': 0, 'data': bytearray(b'')}}
2019-12-29 17:26:24,783 - INFO - COM4: Success
