2019-12-29 15:28:14,791 - DEBUG - COM4: TX: 6169903f8829767e55874c9ceda10ad19e6f3b437dac47e97f54ee3102e8b2beb2d3e48101f51154a7c1529d95059a9c77744012ac51b0c3d768394c75c909861cca0afda384b00a2d4ec984d42fe24d67f3255849205c362ddf5813b03d5c64017d
2019-12-29 15:28:14,802 - DEBUG - COM4: RX: 03846900
2019-12-29 15:28:14,802 - DEBUG - COM4: parsed_packet {event: CmdRsp, data: {'opcode': 105, 'status': 0, 'data': bytearray(b'')}}
2019-12-29 15:28:14,802 - DEBUG - COM4: TX: 059f01000100
2019-12-29 15:28:14,802 - INFO - COM4: Success
2019-12-29 15:28:14,806 - DEBUG - COM4: RX: 03849f8e
2019-12-29 15:28:14,816 - DEBUG - COM4: parsed_packet {event: CmdRsp, data: {'opcode': 159, 'status': 142, 'data': bytearray(b'')}}
2019-12-29 15:28:14,816 - DEBUG - COM4: TX: 1392000018eed9c2a56add85049ffc3c59ad0e12
2019-12-29 15:28:14,816 - ERROR - COM4: None: ERROR_REJECTED
2019-12-29 15:28:14,820 - DEBUG - COM4: RX: 03849281
2019-12-29 15:28:14,820 - DEBUG - COM4: parsed_packet {event: CmdRsp, data: {'opcode': 146, 'status': 129, 'data': bytearray(b'')}}
2019-12-29 15:28:14,821 - DEBUG - COM4: TX: 1597000000004f68ad85d9f48ac8589df665b6b49b8a
2019-12-29 15:28:14,821 - ERROR - COM4: SubnetAdd: ERROR_INTERNAL
2019-12-29 15:28:14,825 - DEBUG - COM4: RX: 03849781
2019-12-29 15:28:14,825 - DEBUG - COM4: parsed_packet {event: CmdRsp, data: {'opcode': 151, 'status': 129, 'data': bytearray(b'')}}
2019-12-29 15:28:14,825 - DEBUG - COM4: TX: 1597010000002aa2a6ded5a0798ceab5787ca3ae39fc
2019-12-29 15:28:14,825 - ERROR - COM4: AppkeyAdd: ERROR_INTERNAL
2019-12-29 15:28:14,829 - DEBUG - COM4: RX: 03849781
2019-12-29 15:28:14,829 - DEBUG - COM4: parsed_packet {event: CmdRsp, data: {'opcode': 151, 'status': 129, 'data': bytearray(b'')}}
2019-12-29 15:28:14,829 - ERROR - COM4: AppkeyAdd: ERROR_INTERNAL
2019-12-29 15:28:16,790 - DEBUG - COM4: TX: 0161
2019-12-29 15:28:16,792 - DEBUG - COM4: RX: 03846100
2019-12-29 15:28:16,792 - DEBUG - COM4: parsed_packet {event: CmdRsp, data: {'opcode': 97, 'status': 0, 'data': bytearray(b'')}}
2019-12-29 15:28:16,792 - INFO - COM4: Success
2019-12-29 15:28:20,088 - DEBUG - COM4: RX: 1ac0d5b91bba0508344a809923e28a48b06dd40001c09923e28ac8
2019-12-29 15:28:20,088 - DEBUG - COM4: parsed_packet {event: ProvUnprovisionedReceived, data: {'uuid': bytearray(b'\xd5\xb9\x1b\xba\x05\x084J\x80\x99#\xe2\x8aH\xb0m'), 'rssi': -44, 'gatt_supported': 0, 'adv_addr_type': 1, 'adv_addr': bytearray(b'\xc0\x99#\xe2\x8a\xc8')}}
2019-12-29 15:28:20,089 - INFO - COM4: Received UUID d5b91bba0508344a809923e28a48b06d with RSSI: -44 dB
2019-12-29 15:28:21,791 - DEBUG - COM4: TX: 0162
2019-12-29 15:28:21,792 - DEBUG - COM4: RX: 03846200
2019-12-29 15:28:21,792 - DEBUG - COM4: parsed_packet {event: CmdRsp, data: {'opcode': 98, 'status': 0, 'data': bytearray(b'')}}
2019-12-29 15:28:21,792 - INFO - COM4: Success
2019-12-29 15:28:34,315 - DEBUG - COM4: TX: 6169391381cd52140f406a2afdc6b13c74269507e29fcf5bc6729891e4644b1c1a66d82872741efcc7e47368b257a0302e72b822d1c68affaf3c7d8a4af054b49da009ed4070c8a3b4059902766c9efefa4b40bada47568547d909c252c86b330b5c
2019-12-29 15:28:34,326 - DEBUG - COM4: RX: 03846900
2019-12-29 15:28:34,327 - DEBUG - COM4: parsed_packet {event: CmdRsp, data: {'opcode': 105, 'status': 0, 'data': bytearray(b'')}}
2019-12-29 15:28:34,327 - DEBUG - COM4: TX: 059f01000100
2019-12-29 15:28:34,327 - INFO - COM4: Success
2019-12-29 15:28:34,329 - DEBUG - COM4: RX: 03849f8e
2019-12-29 15:28:34,330 - DEBUG - COM4: parsed_packet {event: CmdRsp, data: {'opcode': 159, 'status': 142, 'data': bytearray(b'')}}
2019-12-29 15:28:34,330 - DEBUG - COM4: TX: 1392000018eed9c2a56add85049ffc3c59ad0e12
2019-12-29 15:28:34,330 - ERROR - COM4: None: ERROR_REJECTED
2019-12-29 15:28:34,334 - DEBUG - COM4: RX: 03849281
2019-12-29 15:28:34,334 - DEBUG - COM4: parsed_packet {event: CmdRsp, data: {'opcode': 146, 'status': 129, 'data': bytearray(b'')}}
2019-12-29 15:28:34,334 - DEBUG - COM4: TX: 1597000000004f68ad85d9f48ac8589df665b6b49b8a
2019-12-29 15:28:34,334 - ERROR - COM4: SubnetAdd: ERROR_INTERNAL
2019-12-29 15:28:34,338 - DEBUG - COM4: RX: 03849781
2019-12-29 15:28:34,338 - DEBUG - COM4: parsed_packet {event: CmdRsp, data: {'opcode': 151, 'status': 129, 'data': bytearray(b'')}}
2019-12-29 15:28:34,339 - DEBUG - COM4: TX: 1597010000002aa2a6ded5a0798ceab5787ca3ae39fc
2019-12-29 15:28:34,339 - ERROR - COM4: AppkeyAdd: ERROR_INTERNAL
2019-12-29 15:28:34,343 - DEBUG - COM4: RX: 03849781
2019-12-29 15:28:34,343 - DEBUG - COM4: parsed_packet {event: CmdRsp, data: {'opcode': 151, 'status': 129, 'data': bytearray(b'')}}
2019-12-29 15:28:34,343 - ERROR - COM4: AppkeyAdd: ERROR_INTERNAL
2019-12-29 15:28:36,316 - DEBUG - COM4: TX: 0161
2019-12-29 15:28:36,318 - DEBUG - COM4: RX: 03846100
2019-12-29 15:28:36,318 - DEBUG - COM4: parsed_packet {event: CmdRsp, data: {'opcode': 97, 'status': 0, 'data': bytearray(b'')}}
2019-12-29 15:28:36,319 - INFO - COM4: Success
2019-12-29 15:28:38,153 - DEBUG - COM4: RX: 1ac0d5b91bba0508344a809923e28a48b06dd40001c09923e28ac8
2019-12-29 15:28:38,153 - DEBUG - COM4: parsed_packet {event: ProvUnprovisionedReceived, data: {'uuid': bytearray(b'\xd5\xb9\x1b\xba\x05\x084J\x80\x99#\xe2\x8aH\xb0m'), 'rssi': -44, 'gatt_supported': 0, 'adv_addr_type': 1, 'adv_addr': bytearray(b'\xc0\x99#\xe2\x8a\xc8')}}
2019-12-29 15:28:38,154 - INFO - COM4: Received UUID d5b91bba0508344a809923e28a48b06d with RSSI: -44 dB
2019-12-29 15:28:40,140 - DEBUG - COM4: RX: 1ac0d5b91bba0508344a809923e28a48b06dcf0001c09923e28ac8
2019-12-29 15:28:40,140 - DEBUG - COM4: parsed_packet {event: ProvUnprovisionedReceived, data: {'uuid': bytearray(b'\xd5\xb9\x1b\xba\x05\x084J\x80\x99#\xe2\x8aH\xb0m'), 'rssi': -49, 'gatt_supported': 0, 'adv_addr_type': 1, 'adv_addr': bytearray(b'\xc0\x99#\xe2\x8a\xc8')}}
2019-12-29 15:28:41,316 - DEBUG - COM4: TX: 0162
2019-12-29 15:28:41,318 - DEBUG - COM4: RX: 03846200
2019-12-29 15:28:41,318 - DEBUG - COM4: parsed_packet {event: CmdRsp, data: {'opcode': 98, 'status': 0, 'data': bytearray(b'')}}
2019-12-29 15:28:41,319 - INFO - COM4: Success
2019-12-29 15:28:56,970 - DEBUG - COM4: TX: 6169711bfe70f143d4c4b6788999dbb115bac043d9b55a5a63ef765fea88af6f9a0aea1c421d78d793b4f53097928273b5e017ec8264917dc85348a20ea4ac46dfa3169318b005c4823e1e562e340924fca7f5593b6922cf5fa4e17f3605e9789f88
2019-12-29 15:28:56,981 - DEBUG - COM4: RX: 03846900
2019-12-29 15:28:56,982 - DEBUG - COM4: parsed_packet {event: CmdRsp, data: {'opcode': 105, 'status': 0, 'data': bytearray(b'')}}
2019-12-29 15:28:56,982 - DEBUG - COM4: TX: 059f01000100
2019-12-29 15:28:56,982 - INFO - COM4: Success
2019-12-29 15:28:56,985 - DEBUG - COM4: RX: 03849f8e
2019-12-29 15:28:56,985 - DEBUG - COM4: parsed_packet {event: CmdRsp, data: {'opcode': 159, 'status': 142, 'data': bytearray(b'')}}
2019-12-29 15:28:56,985 - DEBUG - COM4: TX: 1392000018eed9c2a56add85049ffc3c59ad0e12
2019-12-29 15:28:56,985 - ERROR - COM4: None: ERROR_REJECTED
2019-12-29 15:28:56,989 - DEBUG - COM4: RX: 03849281
2019-12-29 15:28:56,989 - DEBUG - COM4: parsed_packet {event: CmdRsp, data: {'opcode': 146, 'status': 129, 'data': bytearray(b'')}}
2019-12-29 15:28:56,989 - DEBUG - COM4: TX: 1597000000004f68ad85d9f48ac8589df665b6b49b8a
2019-12-29 15:28:56,989 - ERROR - COM4: SubnetAdd: ERROR_INTERNAL
2019-12-29 15:28:56,992 - DEBUG - COM4: RX: 03849781
2019-12-29 15:28:56,992 - DEBUG - COM4: parsed_packet {event: CmdRsp, data: {'opcode': 151, 'status': 129, 'data': bytearray(b'')}}
2019-12-29 15:28:56,993 - DEBUG - COM4: TX: 1597010000002aa2a6ded5a0798ceab5787ca3ae39fc
2019-12-29 15:28:56,992 - ERROR - COM4: AppkeyAdd: ERROR_INTERNAL
2019-12-29 15:28:56,996 - DEBUG - COM4: RX: 03849781
2019-12-29 15:28:56,996 - DEBUG - COM4: parsed_packet {event: CmdRsp, data: {'opcode': 151, 'status': 129, 'data': bytearray(b'')}}
2019-12-29 15:28:56,996 - ERROR - COM4: AppkeyAdd: ERROR_INTERNAL
2019-12-29 15:28:58,971 - DEBUG - COM4: TX: 0161
2019-12-29 15:28:58,973 - DEBUG - COM4: RX: 03846100
2019-12-29 15:28:58,973 - DEBUG - COM4: parsed_packet {event: CmdRsp, data: {'opcode': 97, 'status': 0, 'data': bytearray(b'')}}
2019-12-29 15:28:58,973 - INFO - COM4: Success
2019-12-29 15:29:00,189 - DEBUG - COM4: RX: 1ac0d5b91bba0508344a809923e28a48b06dd70001c09923e28ac8
2019-12-29 15:29:00,190 - DEBUG - COM4: parsed_packet {event: ProvUnprovisionedReceived, data: {'uuid': bytearray(b'\xd5\xb9\x1b\xba\x05\x084J\x80\x99#\xe2\x8aH\xb0m'), 'rssi': -41, 'gatt_supported': 0, 'adv_addr_type': 1, 'adv_addr': bytearray(b'\xc0\x99#\xe2\x8a\xc8')}}
2019-12-29 15:29:00,190 - INFO - COM4: Received UUID d5b91bba0508344a809923e28a48b06d with RSSI: -41 dB
2019-12-29 15:29:02,197 - DEBUG - COM4: RX: 1ac0d5b91bba0508344a809923e28a48b06dd30001c09923e28ac8
2019-12-29 15:29:02,197 - DEBUG - COM4: parsed_packet {event: ProvUnprovisionedReceived, data: {'uuid': bytearray(b'\xd5\xb9\x1b\xba\x05\x084J\x80\x99#\xe2\x8aH\xb0m'), 'rssi': -45, 'gatt_supported': 0, 'adv_addr_type': 1, 'adv_addr': bytearray(b'\xc0\x99#\xe2\x8a\xc8')}}
2019-12-29 15:29:03,971 - DEBUG - COM4: TX: 0162
2019-12-29 15:29:03,972 - DEBUG - COM4: RX: 03846200
2019-12-29 15:29:03,973 - DEBUG - COM4: parsed_packet {event: CmdRsp, data: {'opcode': 98, 'status': 0, 'data': bytearray(b'')}}
2019-12-29 15:29:03,973 - INFO - COM4: Success
