2019-12-29 11:56:22,818 - DEBUG - COM4: TX: 61695eaadf5551540e0775fcf898e4176eb62703c71cc73ce01fdfd7130854342060d997b90b21694056a199a44b8e20894031a415b41ff62ac54a34f88dd5a9e2e56e552a195cbe4aa7bf00f8974331d76eaf5f41af9770f29b7fd0ad3da3b413e6
2019-12-29 11:56:22,837 - DEBUG - COM4: RX: 03846900
2019-12-29 11:56:22,838 - DEBUG - COM4: parsed_packet {event: CmdRsp, data: {'opcode': 105, 'status': 0, 'data': bytearray(b'')}}
2019-12-29 11:56:22,838 - DEBUG - COM4: TX: 059f01000100
2019-12-29 11:56:22,838 - INFO - COM4: Success
2019-12-29 11:56:22,840 - DEBUG - COM4: RX: 03849f8e
2019-12-29 11:56:22,841 - DEBUG - COM4: parsed_packet {event: CmdRsp, data: {'opcode': 159, 'status': 142, 'data': bytearray(b'')}}
2019-12-29 11:56:22,841 - DEBUG - COM4: TX: 1392000018eed9c2a56add85049ffc3c59ad0e12
2019-12-29 11:56:22,841 - ERROR - COM4: None: ERROR_REJECTED
2019-12-29 11:56:22,844 - DEBUG - COM4: RX: 03849281
2019-12-29 11:56:22,845 - DEBUG - COM4: parsed_packet {event: CmdRsp, data: {'opcode': 146, 'status': 129, 'data': bytearray(b'')}}
2019-12-29 11:56:22,845 - DEBUG - COM4: TX: 1597000000004f68ad85d9f48ac8589df665b6b49b8a
2019-12-29 11:56:22,845 - ERROR - COM4: SubnetAdd: ERROR_INTERNAL
2019-12-29 11:56:22,848 - DEBUG - COM4: RX: 03849781
2019-12-29 11:56:22,848 - DEBUG - COM4: parsed_packet {event: CmdRsp, data: {'opcode': 151, 'status': 129, 'data': bytearray(b'')}}
2019-12-29 11:56:22,849 - DEBUG - COM4: TX: 1597010000002aa2a6ded5a0798ceab5787ca3ae39fc
2019-12-29 11:56:22,849 - ERROR - COM4: AppkeyAdd: ERROR_INTERNAL
2019-12-29 11:56:22,851 - DEBUG - COM4: RX: 03849781
2019-12-29 11:56:22,851 - DEBUG - COM4: parsed_packet {event: CmdRsp, data: {'opcode': 151, 'status': 129, 'data': bytearray(b'')}}
2019-12-29 11:56:22,851 - ERROR - COM4: AppkeyAdd: ERROR_INTERNAL
2019-12-29 11:56:24,834 - DEBUG - COM4: TX: 0161
2019-12-29 11:56:24,836 - DEBUG - COM4: RX: 03846100
2019-12-29 11:56:24,836 - DEBUG - COM4: parsed_packet {event: CmdRsp, data: {'opcode': 97, 'status': 0, 'data': bytearray(b'')}}
2019-12-29 11:56:24,836 - INFO - COM4: Success
2019-12-29 11:56:26,170 - DEBUG - COM4: RX: 1ac0d5b91bba0508344a809923e28a48b06dcf0001c09923e28ac8
2019-12-29 11:56:26,170 - DEBUG - COM4: parsed_packet {event: ProvUnprovisionedReceived, data: {'uuid': bytearray(b'\xd5\xb9\x1b\xba\x05\x084J\x80\x99#\xe2\x8aH\xb0m'), 'rssi': -49, 'gatt_supported': 0, 'adv_addr_type': 1, 'adv_addr': bytearray(b'\xc0\x99#\xe2\x8a\xc8')}}
2019-12-29 11:56:26,170 - INFO - COM4: Received UUID d5b91bba0508344a809923e28a48b06d with RSSI: -49 dB
2019-12-29 11:56:29,834 - DEBUG - COM4: TX: 0162
2019-12-29 11:56:29,836 - DEBUG - COM4: RX: 03846200
2019-12-29 11:56:29,836 - DEBUG - COM4: parsed_packet {event: CmdRsp, data: {'opcode': 98, 'status': 0, 'data': bytearray(b'')}}
2019-12-29 11:56:29,836 - INFO - COM4: Success
