2019-12-30 19:14:51,203 - DEBUG - COM4: TX: 6169acf48009cae0c9dc4d74c6fff9a4011aaf69053a8e4a14f0c45246fbb44f09f4aa171cc752bde5cc2b4a149fa995b0a2e017a3f7a6ebd26eae0194c3ce0208725731301c3035da43936cfee6d48888ff5273f6a15285e658f3c9045237f67275
2019-12-30 19:14:51,215 - DEBUG - COM4: RX: 03846900
2019-12-30 19:14:51,216 - DEBUG - COM4: parsed_packet {event: CmdRsp, data: {'opcode': 105, 'status': 0, 'data': bytearray(b'')}}
2019-12-30 19:14:51,216 - DEBUG - COM4: TX: 059f01000100
2019-12-30 19:14:51,216 - INFO - COM4: Success
2019-12-30 19:14:51,219 - DEBUG - COM4: RX: 03849f8e
2019-12-30 19:14:51,227 - DEBUG - COM4: parsed_packet {event: CmdRsp, data: {'opcode': 159, 'status': 142, 'data': bytearray(b'')}}
2019-12-30 19:14:51,228 - DEBUG - COM4: TX: 1392000018eed9c2a56add85049ffc3c59ad0e12
2019-12-30 19:14:51,227 - ERROR - COM4: None: ERROR_REJECTED
2019-12-30 19:14:51,231 - DEBUG - COM4: RX: 03849281
2019-12-30 19:14:51,231 - DEBUG - COM4: parsed_packet {event: CmdRsp, data: {'opcode': 146, 'status': 129, 'data': bytearray(b'')}}
2019-12-30 19:14:51,231 - DEBUG - COM4: TX: 1597000000004f68ad85d9f48ac8589df665b6b49b8a
2019-12-30 19:14:51,231 - ERROR - COM4: SubnetAdd: ERROR_INTERNAL
2019-12-30 19:14:51,235 - DEBUG - COM4: RX: 03849781
2019-12-30 19:14:51,235 - DEBUG - COM4: parsed_packet {event: CmdRsp, data: {'opcode': 151, 'status': 129, 'data': bytearray(b'')}}
2019-12-30 19:14:51,235 - DEBUG - COM4: TX: 1597010000002aa2a6ded5a0798ceab5787ca3ae39fc
2019-12-30 19:14:51,235 - ERROR - COM4: AppkeyAdd: ERROR_INTERNAL
2019-12-30 19:14:51,239 - DEBUG - COM4: RX: 03849781
2019-12-30 19:14:51,239 - DEBUG - COM4: parsed_packet {event: CmdRsp, data: {'opcode': 151, 'status': 129, 'data': bytearray(b'')}}
2019-12-30 19:14:51,239 - ERROR - COM4: AppkeyAdd: ERROR_INTERNAL
