2019-12-28 14:01:41,346 - DEBUG - COM4: TX: 6169e86e0f0df4ee18a9e1f7fa46c204bc6cabf443b2445e62fdb74752502a92deb9c42ece85d96ce69318d727bb97b1a672b7461260e78a29cf522e1d6e1e1976f7786098decef602ad5461833fe3309a6f78b4e01d4fc311c10399e8bdf5070880
2019-12-28 14:01:41,358 - DEBUG - COM4: RX: 03846900
2019-12-28 14:01:41,359 - DEBUG - COM4: parsed_packet {event: CmdRsp, data: {'opcode': 105, 'status': 0, 'data': bytearray(b'')}}
2019-12-28 14:01:41,360 - DEBUG - COM4: TX: 059f01000100
2019-12-28 14:01:41,359 - INFO - COM4: Success
2019-12-28 14:01:41,361 - DEBUG - COM4: RX: 03849f8e
2019-12-28 14:01:41,369 - DEBUG - COM4: parsed_packet {event: CmdRsp, data: {'opcode': 159, 'status': 142, 'data': bytearray(b'')}}
2019-12-28 14:01:41,370 - DEBUG - COM4: TX: 1392000018eed9c2a56add85049ffc3c59ad0e12
2019-12-28 14:01:41,369 - ERROR - COM4: None: ERROR_REJECTED
2019-12-28 14:01:41,373 - DEBUG - COM4: RX: 03849281
2019-12-28 14:01:41,374 - DEBUG - COM4: parsed_packet {event: CmdRsp, data: {'opcode': 146, 'status': 129, 'data': bytearray(b'')}}
2019-12-28 14:01:41,374 - DEBUG - COM4: TX: 1597000000004f68ad85d9f48ac8589df665b6b49b8a
2019-12-28 14:01:41,374 - ERROR - COM4: SubnetAdd: ERROR_INTERNAL
2019-12-28 14:01:41,379 - DEBUG - COM4: RX: 03849781
2019-12-28 14:01:41,379 - DEBUG - COM4: parsed_packet {event: CmdRsp, data: {'opcode': 151, 'status': 129, 'data': bytearray(b'')}}
2019-12-28 14:01:41,379 - DEBUG - COM4: TX: 1597010000002aa2a6ded5a0798ceab5787ca3ae39fc
2019-12-28 14:01:41,379 - ERROR - COM4: AppkeyAdd: ERROR_INTERNAL
2019-12-28 14:01:41,383 - DEBUG - COM4: RX: 03849781
2019-12-28 14:01:41,383 - DEBUG - COM4: parsed_packet {event: CmdRsp, data: {'opcode': 151, 'status': 129, 'data': bytearray(b'')}}
2019-12-28 14:01:41,383 - ERROR - COM4: AppkeyAdd: ERROR_INTERNAL
2019-12-28 14:01:43,347 - DEBUG - COM4: TX: 0161
2019-12-28 14:01:43,348 - DEBUG - COM4: RX: 03846100
2019-12-28 14:01:43,348 - DEBUG - COM4: parsed_packet {event: CmdRsp, data: {'opcode': 97, 'status': 0, 'data': bytearray(b'')}}
2019-12-28 14:01:43,348 - INFO - COM4: Success
2019-12-28 14:01:48,348 - DEBUG - COM4: TX: 0162
2019-12-28 14:01:48,350 - DEBUG - COM4: exited read event
2019-12-28 14:01:50,349 - INFO - COM4: cmd ScanStop, timeout waiting for event
