2019-12-29 10:18:18,198 - DEBUG - COM4: TX: 6169ab6cfe746dd46e7f5a9f5a6d83a8ada185aa7e2c977aaaa5ac1c22d33667ae498801f070c7e4b0aaea87611ef3284700d37d72bae6a79a05179afde605db2a1f966b54bbd774af6cbb026485d4014e4ab3794f3144278840e67872fce3c0a917
2019-12-29 10:18:18,214 - DEBUG - COM4: RX: 03846900
2019-12-29 10:18:18,214 - DEBUG - COM4: parsed_packet {event: CmdRsp, data: {'opcode': 105, 'status': 0, 'data': bytearray(b'')}}
2019-12-29 10:18:18,214 - DEBUG - COM4: TX: 059f01000100
2019-12-29 10:18:18,214 - INFO - COM4: Success
2019-12-29 10:18:18,214 - DEBUG - COM4: RX: 03849f8e
2019-12-29 10:18:18,234 - DEBUG - COM4: parsed_packet {event: CmdRsp, data: {'opcode': 159, 'status': 142, 'data': bytearray(b'')}}
2019-12-29 10:18:18,234 - DEBUG - COM4: TX: 1392000018eed9c2a56add85049ffc3c59ad0e12
2019-12-29 10:18:18,234 - ERROR - COM4: None: ERROR_REJECTED
2019-12-29 10:18:18,234 - DEBUG - COM4: RX: 03849281
2019-12-29 10:18:18,234 - DEBUG - COM4: parsed_packet {event: CmdRsp, data: {'opcode': 146, 'status': 129, 'data': bytearray(b'')}}
2019-12-29 10:18:18,234 - DEBUG - COM4: TX: 1597000000004f68ad85d9f48ac8589df665b6b49b8a
2019-12-29 10:18:18,234 - ERROR - COM4: SubnetAdd: ERROR_INTERNAL
2019-12-29 10:18:18,234 - DEBUG - COM4: RX: 03849781
2019-12-29 10:18:18,234 - DEBUG - COM4: parsed_packet {event: CmdRsp, data: {'opcode': 151, 'status': 129, 'data': bytearray(b'')}}
2019-12-29 10:18:18,234 - DEBUG - COM4: TX: 1597010000002aa2a6ded5a0798ceab5787ca3ae39fc
2019-12-29 10:18:18,234 - ERROR - COM4: AppkeyAdd: ERROR_INTERNAL
2019-12-29 10:18:18,234 - DEBUG - COM4: RX: 03849781
2019-12-29 10:18:18,234 - DEBUG - COM4: parsed_packet {event: CmdRsp, data: {'opcode': 151, 'status': 129, 'data': bytearray(b'')}}
2019-12-29 10:18:18,234 - ERROR - COM4: AppkeyAdd: ERROR_INTERNAL
2019-12-29 10:18:20,199 - DEBUG - COM4: TX: 0161
2019-12-29 10:18:20,199 - DEBUG - COM4: RX: 03846100
2019-12-29 10:18:20,199 - DEBUG - COM4: parsed_packet {event: CmdRsp, data: {'opcode': 97, 'status': 0, 'data': bytearray(b'')}}
2019-12-29 10:18:20,199 - INFO - COM4: Success
2019-12-29 10:18:21,805 - DEBUG - COM4: RX: 1ac0d5b91bba0508344a809923e28a48b06dd20001c09923e28ac8
2019-12-29 10:18:21,805 - DEBUG - COM4: parsed_packet {event: ProvUnprovisionedReceived, data: {'uuid': bytearray(b'\xd5\xb9\x1b\xba\x05\x084J\x80\x99#\xe2\x8aH\xb0m'), 'rssi': -46, 'gatt_supported': 0, 'adv_addr_type': 1, 'adv_addr': bytearray(b'\xc0\x99#\xe2\x8a\xc8')}}
2019-12-29 10:18:21,820 - INFO - COM4: Received UUID d5b91bba0508344a809923e28a48b06d with RSSI: -46 dB
2019-12-29 10:18:23,817 - DEBUG - COM4: RX: 1ac0d5b91bba0508344a809923e28a48b06dcc0001c09923e28ac8
2019-12-29 10:18:23,817 - DEBUG - COM4: parsed_packet {event: ProvUnprovisionedReceived, data: {'uuid': bytearray(b'\xd5\xb9\x1b\xba\x05\x084J\x80\x99#\xe2\x8aH\xb0m'), 'rssi': -52, 'gatt_supported': 0, 'adv_addr_type': 1, 'adv_addr': bytearray(b'\xc0\x99#\xe2\x8a\xc8')}}
2019-12-29 10:18:25,210 - DEBUG - COM4: TX: 0162
2019-12-29 10:18:25,210 - DEBUG - COM4: exited read event
