2019-12-29 18:03:27,105 - DEBUG - COM4: TX: 6169231b996ae04cad26da167e294065b8c610d033eac8ba6a503dee0dc1df0c2a2c72716fcf9ee0528c63cdcf68cebf544b15a919cfb63cb48871f8a72c6b427a811a797d970c5ca810a0f26760b5f55e095d0b4e05aabf99abd975ba30e7b4144c
2019-12-29 18:03:27,117 - DEBUG - COM4: RX: 03846900
2019-12-29 18:03:27,117 - DEBUG - COM4: parsed_packet {event: CmdRsp, data: {'opcode': 105, 'status': 0, 'data': bytearray(b'')}}
2019-12-29 18:03:27,118 - DEBUG - COM4: TX: 059f01000100
2019-12-29 18:03:27,117 - INFO - COM4: Success
2019-12-29 18:03:27,120 - DEBUG - COM4: RX: 03849f00
2019-12-29 18:03:27,127 - DEBUG - COM4: parsed_packet {event: CmdRsp, data: {'opcode': 159, 'status': 0, 'data': bytearray(b'')}}
2019-12-29 18:03:27,127 - DEBUG - COM4: TX: 1392000018eed9c2a56add85049ffc3c59ad0e12
2019-12-29 18:03:27,127 - INFO - COM4: Success
2019-12-29 18:03:27,132 - DEBUG - COM4: RX: 058492000000
2019-12-29 18:03:27,132 - DEBUG - COM4: parsed_packet {event: CmdRsp, data: {'opcode': 146, 'status': 0, 'data': bytearray(b'\x00\x00')}}
2019-12-29 18:03:27,132 - DEBUG - COM4: TX: 1597000000004f68ad85d9f48ac8589df665b6b49b8a
2019-12-29 18:03:27,132 - INFO - COM4: SubnetAdd: {'subnet_handle': 0}
2019-12-29 18:03:27,136 - DEBUG - COM4: RX: 058497000000
2019-12-29 18:03:27,136 - DEBUG - COM4: parsed_packet {event: CmdRsp, data: {'opcode': 151, 'status': 0, 'data': bytearray(b'\x00\x00')}}
2019-12-29 18:03:27,136 - DEBUG - COM4: TX: 1597010000002aa2a6ded5a0798ceab5787ca3ae39fc
2019-12-29 18:03:27,136 - INFO - COM4: AppkeyAdd: {'appkey_handle': 0}
2019-12-29 18:03:27,140 - DEBUG - COM4: RX: 058497000100
2019-12-29 18:03:27,141 - DEBUG - COM4: parsed_packet {event: CmdRsp, data: {'opcode': 151, 'status': 0, 'data': bytearray(b'\x01\x00')}}
2019-12-29 18:03:27,141 - INFO - COM4: AppkeyAdd: {'appkey_handle': 1}
2019-12-29 18:03:29,105 - DEBUG - COM4: TX: 0161
2019-12-29 18:03:29,106 - DEBUG - COM4: RX: 03846100
2019-12-29 18:03:29,106 - DEBUG - COM4: parsed_packet {event: CmdRsp, data: {'opcode': 97, 'status': 0, 'data': bytearray(b'')}}
2019-12-29 18:03:29,107 - INFO - COM4: Success
2019-12-29 18:03:31,007 - DEBUG - COM4: RX: 1ac0d5b91bba0508344a809923e28a48b06dd80001c09923e28ac8
2019-12-29 18:03:31,007 - DEBUG - COM4: parsed_packet {event: ProvUnprovisionedReceived, data: {'uuid': bytearray(b'\xd5\xb9\x1b\xba\x05\x084J\x80\x99#\xe2\x8aH\xb0m'), 'rssi': -40, 'gatt_supported': 0, 'adv_addr_type': 1, 'adv_addr': bytearray(b'\xc0\x99#\xe2\x8a\xc8')}}
2019-12-29 18:03:31,007 - INFO - COM4: Received UUID d5b91bba0508344a809923e28a48b06d with RSSI: -40 dB
2019-12-29 18:03:33,000 - DEBUG - COM4: RX: 1ac0d5b91bba0508344a809923e28a48b06dd20001c09923e28ac8
2019-12-29 18:03:33,000 - DEBUG - COM4: parsed_packet {event: ProvUnprovisionedReceived, data: {'uuid': bytearray(b'\xd5\xb9\x1b\xba\x05\x084J\x80\x99#\xe2\x8aH\xb0m'), 'rssi': -46, 'gatt_supported': 0, 'adv_addr_type': 1, 'adv_addr': bytearray(b'\xc0\x99#\xe2\x8a\xc8')}}
2019-12-29 18:03:34,105 - DEBUG - COM4: TX: 0162
2019-12-29 18:03:34,106 - DEBUG - COM4: RX: 03846200
2019-12-29 18:03:34,107 - DEBUG - COM4: parsed_packet {event: CmdRsp, data: {'opcode': 98, 'status': 0, 'data': bytearray(b'')}}
2019-12-29 18:03:34,107 - INFO - COM4: Success
2019-12-29 18:03:42,325 - DEBUG - COM4: log Opening port COM4, baudrate 115200, rtscts True
