2019-12-30 18:36:08,200 - DEBUG - COM4: TX: 616963d680e3666107758d6e3f3fbcdc847126a8810d7500360618d17938d29404dd870ff4871ecc4d87db79c04f4fb630474cbdf67f4974f82712ce00606a1b508266bd3a33947b21b7545cbb7f0c4d7b6c0ec762ade9c3069a73346235e2a43460
2019-12-30 18:36:08,212 - DEBUG - COM4: RX: 03846900
2019-12-30 18:36:08,212 - DEBUG - COM4: parsed_packet {event: CmdRsp, data: {'opcode': 105, 'status': 0, 'data': bytearray(b'')}}
2019-12-30 18:36:08,213 - DEBUG - COM4: TX: 059f01000100
2019-12-30 18:36:08,213 - INFO - COM4: Success
2019-12-30 18:36:08,215 - DEBUG - COM4: RX: 03849f8e
2019-12-30 18:36:08,223 - DEBUG - COM4: parsed_packet {event: CmdRsp, data: {'opcode': 159, 'status': 142, 'data': bytearray(b'')}}
2019-12-30 18:36:08,224 - DEBUG - COM4: TX: 1392000018eed9c2a56add85049ffc3c59ad0e12
2019-12-30 18:36:08,223 - ERROR - COM4: None: ERROR_REJECTED
2019-12-30 18:36:08,227 - DEBUG - COM4: RX: 03849281
2019-12-30 18:36:08,227 - DEBUG - COM4: parsed_packet {event: CmdRsp, data: {'opcode': 146, 'status': 129, 'data': bytearray(b'')}}
2019-12-30 18:36:08,228 - DEBUG - COM4: TX: 1597000000004f68ad85d9f48ac8589df665b6b49b8a
2019-12-30 18:36:08,228 - ERROR - COM4: SubnetAdd: ERROR_INTERNAL
2019-12-30 18:36:08,232 - DEBUG - COM4: RX: 03849781
2019-12-30 18:36:08,232 - DEBUG - COM4: parsed_packet {event: CmdRsp, data: {'opcode': 151, 'status': 129, 'data': bytearray(b'')}}
2019-12-30 18:36:08,232 - DEBUG - COM4: TX: 1597010000002aa2a6ded5a0798ceab5787ca3ae39fc
2019-12-30 18:36:08,232 - ERROR - COM4: AppkeyAdd: ERROR_INTERNAL
2019-12-30 18:36:08,236 - DEBUG - COM4: RX: 03849781
2019-12-30 18:36:08,236 - DEBUG - COM4: parsed_packet {event: CmdRsp, data: {'opcode': 151, 'status': 129, 'data': bytearray(b'')}}
2019-12-30 18:36:08,236 - ERROR - COM4: AppkeyAdd: ERROR_INTERNAL
