2020-01-05 12:54:06,957 - DEBUG - COM4: TX: 61693927d725b030bd424914a6012d16874061dc2705856d0249c88f468b99fbb6773ffaeb42f44f88b0cdef3cb798d26b5d5ca8cdb36fa65c7d323d17750c434721cedf5222e901f10b0cf284b160ebf283cfd3c7572ace4777128585e0eca1e89c
2020-01-05 12:54:06,968 - DEBUG - COM4: RX: 03846900
2020-01-05 12:54:06,968 - DEBUG - COM4: parsed_packet {event: CmdRsp, data: {'opcode': 105, 'status': 0, 'data': bytearray(b'')}}
2020-01-05 12:54:06,968 - DEBUG - COM4: TX: 059f01000100
2020-01-05 12:54:06,968 - INFO - COM4: Success
2020-01-05 12:54:06,971 - DEBUG - COM4: RX: 03849f8e
2020-01-05 12:54:06,980 - DEBUG - COM4: parsed_packet {event: CmdRsp, data: {'opcode': 159, 'status': 142, 'data': bytearray(b'')}}
2020-01-05 12:54:06,981 - DEBUG - COM4: TX: 1392000018eed9c2a56add85049ffc3c59ad0e12
2020-01-05 12:54:06,980 - ERROR - COM4: None: ERROR_REJECTED
2020-01-05 12:54:06,984 - DEBUG - COM4: RX: 03849281
2020-01-05 12:54:06,984 - DEBUG - COM4: parsed_packet {event: CmdRsp, data: {'opcode': 146, 'status': 129, 'data': bytearray(b'')}}
2020-01-05 12:54:06,984 - DEBUG - COM4: TX: 1597000000004f68ad85d9f48ac8589df665b6b49b8a
2020-01-05 12:54:06,984 - ERROR - COM4: SubnetAdd: ERROR_INTERNAL
2020-01-05 12:54:06,988 - DEBUG - COM4: RX: 03849781
2020-01-05 12:54:06,988 - DEBUG - COM4: parsed_packet {event: CmdRsp, data: {'opcode': 151, 'status': 129, 'data': bytearray(b'')}}
2020-01-05 12:54:06,988 - DEBUG - COM4: TX: 1597010000002aa2a6ded5a0798ceab5787ca3ae39fc
2020-01-05 12:54:06,988 - ERROR - COM4: AppkeyAdd: ERROR_INTERNAL
2020-01-05 12:54:06,992 - DEBUG - COM4: RX: 03849781
2020-01-05 12:54:06,992 - DEBUG - COM4: parsed_packet {event: CmdRsp, data: {'opcode': 151, 'status': 129, 'data': bytearray(b'')}}
2020-01-05 12:54:06,992 - ERROR - COM4: AppkeyAdd: ERROR_INTERNAL
2020-01-05 12:54:15,138 - DEBUG - COM4: RX: 00
2020-01-05 12:54:15,138 - ERROR - COM4: Invalid packet: bytearray(b'\x00')
2020-01-05 12:54:15,552 - DEBUG - COM4: RX: 04810200fe
2020-01-05 12:54:15,552 - DEBUG - COM4: parsed_packet {event: DeviceStarted, data: {'operating_mode': 2, 'hw_error': 0, 'data_credit_available': 254}}
2020-01-05 12:54:15,552 - INFO - COM4: Device rebooted.
2020-01-05 12:54:35,203 - DEBUG - COM4: TX: 616928dcddcfeb1076b8e5c84681fcd9a8419780b3ebb113b5ecc4f6013946ac43c566ae9a16b5fb5f55cf1c8c7e8c221f829045821a261be64a7564dceda661f82930554d7e3a96a9479fedb4ce44f28536f276357978e5df1a989469b37e94c3f7
2020-01-05 12:54:35,214 - DEBUG - COM4: RX: 03846900
2020-01-05 12:54:35,215 - DEBUG - COM4: parsed_packet {event: CmdRsp, data: {'opcode': 105, 'status': 0, 'data': bytearray(b'')}}
2020-01-05 12:54:35,215 - DEBUG - COM4: TX: 059f01000100
2020-01-05 12:54:35,215 - INFO - COM4: Success
2020-01-05 12:54:35,217 - DEBUG - COM4: RX: 03849f00
2020-01-05 12:54:35,218 - DEBUG - COM4: parsed_packet {event: CmdRsp, data: {'opcode': 159, 'status': 0, 'data': bytearray(b'')}}
2020-01-05 12:54:35,218 - DEBUG - COM4: TX: 1392000018eed9c2a56add85049ffc3c59ad0e12
2020-01-05 12:54:35,218 - INFO - COM4: Success
2020-01-05 12:54:35,222 - DEBUG - COM4: RX: 058492000000
2020-01-05 12:54:35,223 - DEBUG - COM4: parsed_packet {event: CmdRsp, data: {'opcode': 146, 'status': 0, 'data': bytearray(b'\x00\x00')}}
2020-01-05 12:54:35,223 - DEBUG - COM4: TX: 1597000000004f68ad85d9f48ac8589df665b6b49b8a
2020-01-05 12:54:35,223 - INFO - COM4: SubnetAdd: {'subnet_handle': 0}
2020-01-05 12:54:35,227 - DEBUG - COM4: RX: 058497000000
2020-01-05 12:54:35,227 - DEBUG - COM4: parsed_packet {event: CmdRsp, data: {'opcode': 151, 'status': 0, 'data': bytearray(b'\x00\x00')}}
2020-01-05 12:54:35,228 - DEBUG - COM4: TX: 1597010000002aa2a6ded5a0798ceab5787ca3ae39fc
2020-01-05 12:54:35,228 - INFO - COM4: AppkeyAdd: {'appkey_handle': 0}
2020-01-05 12:54:35,232 - DEBUG - COM4: RX: 058497000100
2020-01-05 12:54:35,233 - DEBUG - COM4: parsed_packet {event: CmdRsp, data: {'opcode': 151, 'status': 0, 'data': bytearray(b'\x01\x00')}}
2020-01-05 12:54:35,233 - INFO - COM4: AppkeyAdd: {'appkey_handle': 1}
2020-01-05 12:54:40,536 - DEBUG - COM4: TX: 0161
2020-01-05 12:54:40,538 - DEBUG - COM4: RX: 03846100
2020-01-05 12:54:40,538 - DEBUG - COM4: parsed_packet {event: CmdRsp, data: {'opcode': 97, 'status': 0, 'data': bytearray(b'')}}
2020-01-05 12:54:40,539 - INFO - COM4: Success
2020-01-05 12:54:41,596 - DEBUG - COM4: RX: 1ac0c86a88bbfa034047a539d04a8ded330fb900012539d04a8ded
2020-01-05 12:54:41,596 - DEBUG - COM4: parsed_packet {event: ProvUnprovisionedReceived, data: {'uuid': bytearray(b'\xc8j\x88\xbb\xfa\x03@G\xa59\xd0J\x8d\xed3\x0f'), 'rssi': -71, 'gatt_supported': 0, 'adv_addr_type': 1, 'adv_addr': bytearray(b'%9\xd0J\x8d\xed')}}
2020-01-05 12:54:41,597 - INFO - COM4: Received UUID c86a88bbfa034047a539d04a8ded330f with RSSI: -71 dB
2020-01-05 12:54:43,596 - DEBUG - COM4: RX: 1ac0c86a88bbfa034047a539d04a8ded330fcb00012539d04a8ded
2020-01-05 12:54:43,596 - DEBUG - COM4: parsed_packet {event: ProvUnprovisionedReceived, data: {'uuid': bytearray(b'\xc8j\x88\xbb\xfa\x03@G\xa59\xd0J\x8d\xed3\x0f'), 'rssi': -53, 'gatt_supported': 0, 'adv_addr_type': 1, 'adv_addr': bytearray(b'%9\xd0J\x8d\xed')}}
2020-01-05 12:54:45,536 - DEBUG - COM4: TX: 0162
2020-01-05 12:54:45,538 - DEBUG - COM4: RX: 03846200
2020-01-05 12:54:45,538 - DEBUG - COM4: parsed_packet {event: CmdRsp, data: {'opcode': 98, 'status': 0, 'data': bytearray(b'')}}
2020-01-05 12:54:45,538 - INFO - COM4: Success
2020-01-05 12:54:55,177 - DEBUG - COM4: TX: 2d6300c86a88bbfa034047a539d04a8ded330f18eed9c2a56add85049ffc3c59ad0e120000000000001400000000
2020-01-05 12:54:55,183 - DEBUG - COM4: RX: 0484630000
2020-01-05 12:54:55,183 - DEBUG - COM4: parsed_packet {event: CmdRsp, data: {'opcode': 99, 'status': 0, 'data': bytearray(b'\x00')}}
2020-01-05 12:54:55,183 - INFO - COM4: Provision: {'context': 0}
2020-01-05 12:54:55,214 - DEBUG - COM4: RX: 02c100
2020-01-05 12:54:55,214 - DEBUG - COM4: parsed_packet {event: ProvLinkEstablished, data: {'context_id': 0}}
2020-01-05 12:54:55,215 - INFO - COM4: Link established
2020-01-05 12:54:55,258 - DEBUG - COM4: RX: 0bc300010001000000000000
2020-01-05 12:54:55,259 - DEBUG - COM4: parsed_packet {event: ProvCapsReceived, data: {'context_id': 0, 'num_elements': 1, 'public_key_type': 0, 'static_oob_types': 1, 'output_oob_size': 0, 'output_oob_actions': 0, 'input_oob_size': 0, 'input_oob_actions': 0}}
2020-01-05 12:54:55,259 - INFO - COM4: Received capabilities
2020-01-05 12:54:55,259 - INFO - COM4: Number of elements: 1
2020-01-05 12:54:55,259 - DEBUG - COM4: TX: 056600000000
2020-01-05 12:54:55,261 - DEBUG - COM4: RX: 0484660000
2020-01-05 12:54:55,261 - DEBUG - COM4: parsed_packet {event: CmdRsp, data: {'opcode': 102, 'status': 0, 'data': bytearray(b'\x00')}}
2020-01-05 12:54:55,262 - INFO - COM4: OobUse: {'context': 0}
2020-01-05 12:54:55,455 - DEBUG - COM4: RX: 62c700a9382b04cc681c88e92ee3270151b8e647b241702292dd2d606340c02621aa13a7364cc80dfe235b6af4ef7ab6036c16bde902917c3ad596ae816d9e63fd1f2b28dcddcfeb1076b8e5c84681fcd9a8419780b3ebb113b5ecc4f6013946ac43c5
2020-01-05 12:54:55,455 - DEBUG - COM4: parsed_packet {event: ProvEcdhRequest, data: {'context_id': 0, 'peer_public': bytearray(b'\xa98+\x04\xcch\x1c\x88\xe9.\xe3\'\x01Q\xb8\xe6G\xb2Ap"\x92\xdd-`c@\xc0&!\xaa\x13\xa76L\xc8\r\xfe#[j\xf4\xefz\xb6\x03l\x16\xbd\xe9\x02\x91|:\xd5\x96\xae\x81m\x9ec\xfd\x1f+'), 'node_private': bytearray(b'(\xdc\xdd\xcf\xeb\x10v\xb8\xe5\xc8F\x81\xfc\xd9\xa8A\x97\x80\xb3\xeb\xb1\x13\xb5\xec\xc4\xf6\x019F\xacC\xc5')}}
2020-01-05 12:54:55,456 - INFO - COM4: ECDH request received
2020-01-05 12:54:55,457 - DEBUG - COM4: TX: 226800038edf27a4d45d5d5301945782a0a314fdaf7a693bea2906f1d5e22da9e85bdd
2020-01-05 12:54:55,463 - DEBUG - COM4: RX: 0484680000
2020-01-05 12:54:55,464 - DEBUG - COM4: parsed_packet {event: CmdRsp, data: {'opcode': 104, 'status': 0, 'data': bytearray(b'\x00')}}
2020-01-05 12:54:55,464 - INFO - COM4: EcdhSecret: {'context': 0}
2020-01-05 12:54:57,791 - DEBUG - COM4: RX: 2cc50000000000000014000000552cde8712bcfd606a641b5cd91ef99718eed9c2a56add85049ffc3c59ad0e12
2020-01-05 12:54:57,792 - DEBUG - COM4: parsed_packet {event: ProvComplete, data: {'context_id': 0, 'iv_index': 0, 'net_key_index': 0, 'address': 20, 'iv_update_flag': 0, 'key_refresh_flag': 0, 'device_key': bytearray(b'U,\xde\x87\x12\xbc\xfd`jd\x1b\\\xd9\x1e\xf9\x97'), 'net_key': bytearray(b'\x18\xee\xd9\xc2\xa5j\xdd\x85\x04\x9f\xfc<Y\xad\x0e\x12')}}
2020-01-05 12:54:57,792 - INFO - COM4: Provisioning complete
2020-01-05 12:54:57,792 - INFO - COM4: 	Address(es): 0x14-0x14
2020-01-05 12:54:57,792 - INFO - COM4: 	Device key: 552cde8712bcfd606a641b5cd91ef997
2020-01-05 12:54:57,793 - INFO - COM4: 	Network key: 18eed9c2a56add85049ffc3c59ad0e12
2020-01-05 12:54:57,793 - INFO - COM4: Adding device key to subnet 0
2020-01-05 12:54:57,793 - INFO - COM4: Adding publication address of root element
2020-01-05 12:54:57,793 - DEBUG - COM4: TX: 159c14000000552cde8712bcfd606a641b5cd91ef997
2020-01-05 12:54:57,794 - DEBUG - COM4: TX: 03a41400
2020-01-05 12:54:57,797 - DEBUG - COM4: RX: 05849c000800
2020-01-05 12:54:57,798 - DEBUG - COM4: parsed_packet {event: CmdRsp, data: {'opcode': 156, 'status': 0, 'data': bytearray(b'\x08\x00')}}
2020-01-05 12:54:57,798 - INFO - COM4: DevkeyAdd: {'devkey_handle': 8}
2020-01-05 12:54:57,799 - DEBUG - COM4: RX: 0584a4000000
2020-01-05 12:54:57,799 - DEBUG - COM4: parsed_packet {event: CmdRsp, data: {'opcode': 164, 'status': 0, 'data': bytearray(b'\x00\x00')}}
2020-01-05 12:54:57,799 - INFO - COM4: AddrPublicationAdd: {'address_handle': 0}
2020-01-05 12:54:57,898 - DEBUG - COM4: RX: 03c20000
2020-01-05 12:54:57,898 - DEBUG - COM4: parsed_packet {event: ProvLinkClosed, data: {'context_id': 0, 'close_reason': 0}}
2020-01-05 12:54:57,898 - INFO - COM4: Provisioning link closed
2020-01-05 12:55:51,307 - DEBUG - COM4: RX: 00
2020-01-05 12:55:51,308 - ERROR - COM4: Invalid packet: bytearray(b'\x00')
2020-01-05 12:55:51,721 - DEBUG - COM4: RX: 04810200fe
2020-01-05 12:55:51,721 - DEBUG - COM4: parsed_packet {event: DeviceStarted, data: {'operating_mode': 2, 'hw_error': 0, 'data_credit_available': 254}}
2020-01-05 12:55:51,722 - INFO - COM4: Device rebooted.
