2019-12-29 15:34:05,140 - DEBUG - COM4: TX: 616916d6612fd332fb6330eb3d4093ba5566eb5022b03e742f8455a9c36d8e965b98eddf6c80d7659b3a861159c9776aa5adbc007f0783dfbe09c53654c2819ef660f4e78148f98534203e1b88ce2d2aab7635f5a516c765825cbd1740cb860928a0
2019-12-29 15:34:05,153 - DEBUG - COM4: RX: 03846900
2019-12-29 15:34:05,153 - DEBUG - COM4: parsed_packet {event: CmdRsp, data: {'opcode': 105, 'status': 0, 'data': bytearray(b'')}}
2019-12-29 15:34:05,154 - DEBUG - COM4: TX: 059f01000100
2019-12-29 15:34:05,154 - INFO - COM4: Success
2019-12-29 15:34:05,156 - DEBUG - COM4: RX: 03849f8e
2019-12-29 15:34:05,165 - DEBUG - COM4: parsed_packet {event: CmdRsp, data: {'opcode': 159, 'status': 142, 'data': bytearray(b'')}}
2019-12-29 15:34:05,165 - DEBUG - COM4: TX: 1392000018eed9c2a56add85049ffc3c59ad0e12
2019-12-29 15:34:05,165 - ERROR - COM4: None: ERROR_REJECTED
2019-12-29 15:34:05,168 - DEBUG - COM4: RX: 03849281
2019-12-29 15:34:05,168 - DEBUG - COM4: parsed_packet {event: CmdRsp, data: {'opcode': 146, 'status': 129, 'data': bytearray(b'')}}
2019-12-29 15:34:05,168 - DEBUG - COM4: TX: 1597000000004f68ad85d9f48ac8589df665b6b49b8a
2019-12-29 15:34:05,168 - ERROR - COM4: SubnetAdd: ERROR_INTERNAL
2019-12-29 15:34:05,172 - DEBUG - COM4: RX: 03849781
2019-12-29 15:34:05,172 - DEBUG - COM4: parsed_packet {event: CmdRsp, data: {'opcode': 151, 'status': 129, 'data': bytearray(b'')}}
2019-12-29 15:34:05,172 - ERROR - COM4: AppkeyAdd: ERROR_INTERNAL
2019-12-29 15:34:05,172 - DEBUG - COM4: TX: 1597010000002aa2a6ded5a0798ceab5787ca3ae39fc
2019-12-29 15:34:05,176 - DEBUG - COM4: RX: 03849781
2019-12-29 15:34:05,177 - DEBUG - COM4: parsed_packet {event: CmdRsp, data: {'opcode': 151, 'status': 129, 'data': bytearray(b'')}}
2019-12-29 15:34:05,177 - ERROR - COM4: AppkeyAdd: ERROR_INTERNAL
2019-12-29 15:34:07,141 - DEBUG - COM4: TX: 0161
2019-12-29 15:34:07,143 - DEBUG - COM4: RX: 03846100
2019-12-29 15:34:07,143 - DEBUG - COM4: parsed_packet {event: CmdRsp, data: {'opcode': 97, 'status': 0, 'data': bytearray(b'')}}
2019-12-29 15:34:07,143 - INFO - COM4: Success
2019-12-29 15:34:08,954 - DEBUG - COM4: RX: 1ac0d5b91bba0508344a809923e28a48b06dce0001c09923e28ac8
2019-12-29 15:34:08,954 - DEBUG - COM4: parsed_packet {event: ProvUnprovisionedReceived, data: {'uuid': bytearray(b'\xd5\xb9\x1b\xba\x05\x084J\x80\x99#\xe2\x8aH\xb0m'), 'rssi': -50, 'gatt_supported': 0, 'adv_addr_type': 1, 'adv_addr': bytearray(b'\xc0\x99#\xe2\x8a\xc8')}}
2019-12-29 15:34:08,955 - INFO - COM4: Received UUID d5b91bba0508344a809923e28a48b06d with RSSI: -50 dB
2019-12-29 15:34:10,938 - DEBUG - COM4: RX: 1ac0d5b91bba0508344a809923e28a48b06dd70001c09923e28ac8
2019-12-29 15:34:10,938 - DEBUG - COM4: parsed_packet {event: ProvUnprovisionedReceived, data: {'uuid': bytearray(b'\xd5\xb9\x1b\xba\x05\x084J\x80\x99#\xe2\x8aH\xb0m'), 'rssi': -41, 'gatt_supported': 0, 'adv_addr_type': 1, 'adv_addr': bytearray(b'\xc0\x99#\xe2\x8a\xc8')}}
2019-12-29 15:34:12,141 - DEBUG - COM4: TX: 0162
2019-12-29 15:34:12,142 - DEBUG - COM4: RX: 03846200
2019-12-29 15:34:12,142 - DEBUG - COM4: parsed_packet {event: CmdRsp, data: {'opcode': 98, 'status': 0, 'data': bytearray(b'')}}
2019-12-29 15:34:12,142 - INFO - COM4: Success
2019-12-29 15:34:49,456 - DEBUG - COM4: log Opening port COM4, baudrate 115200, rtscts True
