2019-12-29 18:05:25,734 - DEBUG - COM4: TX: 6169f17498a0f7f3c176ea99a28a3983cb1bff03906b6abd18c20f0b9c29237fd9565fba0d05bb25984f0ef1dbd7915a20175c91cc5ae88c3ebe9ae0d7ff2034f36efe14a2c2ed07b82af8f47e51b955c89601dcbdb3951677b37eb0a518b2d594e7
2019-12-29 18:05:25,746 - DEBUG - COM4: RX: 03846900
2019-12-29 18:05:25,746 - DEBUG - COM4: parsed_packet {event: CmdRsp, data: {'opcode': 105, 'status': 0, 'data': bytearray(b'')}}
2019-12-29 18:05:25,746 - DEBUG - COM4: TX: 059f01000100
2019-12-29 18:05:25,746 - INFO - COM4: Success
2019-12-29 18:05:25,749 - DEBUG - COM4: RX: 03849f8e
2019-12-29 18:05:25,759 - DEBUG - COM4: parsed_packet {event: CmdRsp, data: {'opcode': 159, 'status': 142, 'data': bytearray(b'')}}
2019-12-29 18:05:25,759 - DEBUG - COM4: TX: 1392000018eed9c2a56add85049ffc3c59ad0e12
2019-12-29 18:05:25,759 - ERROR - COM4: None: ERROR_REJECTED
2019-12-29 18:05:25,762 - DEBUG - COM4: RX: 03849281
2019-12-29 18:05:25,762 - DEBUG - COM4: parsed_packet {event: CmdRsp, data: {'opcode': 146, 'status': 129, 'data': bytearray(b'')}}
2019-12-29 18:05:25,762 - DEBUG - COM4: TX: 1597000000004f68ad85d9f48ac8589df665b6b49b8a
2019-12-29 18:05:25,762 - ERROR - COM4: SubnetAdd: ERROR_INTERNAL
2019-12-29 18:05:25,766 - DEBUG - COM4: RX: 03849781
2019-12-29 18:05:25,766 - DEBUG - COM4: parsed_packet {event: CmdRsp, data: {'opcode': 151, 'status': 129, 'data': bytearray(b'')}}
2019-12-29 18:05:25,767 - DEBUG - COM4: TX: 1597010000002aa2a6ded5a0798ceab5787ca3ae39fc
2019-12-29 18:05:25,766 - ERROR - COM4: AppkeyAdd: ERROR_INTERNAL
2019-12-29 18:05:25,770 - DEBUG - COM4: RX: 03849781
2019-12-29 18:05:25,770 - DEBUG - COM4: parsed_packet {event: CmdRsp, data: {'opcode': 151, 'status': 129, 'data': bytearray(b'')}}
2019-12-29 18:05:25,770 - ERROR - COM4: AppkeyAdd: ERROR_INTERNAL
2019-12-29 18:05:27,734 - DEBUG - COM4: TX: 159c10000000c8789d5965ef5e10d3164fd1b70ba326
2019-12-29 18:05:27,738 - DEBUG - COM4: RX: 05849c000800
2019-12-29 18:05:27,738 - DEBUG - COM4: parsed_packet {event: CmdRsp, data: {'opcode': 156, 'status': 0, 'data': bytearray(b'\x08\x00')}}
2019-12-29 18:05:27,739 - DEBUG - COM4: TX: 03a41000
2019-12-29 18:05:27,738 - INFO - COM4: DevkeyAdd: {'devkey_handle': 8}
2019-12-29 18:05:27,741 - DEBUG - COM4: RX: 0584a4000000
2019-12-29 18:05:27,741 - DEBUG - COM4: parsed_packet {event: CmdRsp, data: {'opcode': 164, 'status': 0, 'data': bytearray(b'\x00\x00')}}
2019-12-29 18:05:27,741 - INFO - COM4: AddrPublicationAdd: {'address_handle': 0}
2019-12-29 18:05:28,735 - DEBUG - COM4: TX: 61691976060dd7b95cbfcf9ce3c64f982b1b45bb1b606e01867d8ad50ab57550a4416ee44f4cd635c637919ac5ce99eef63257cdd4d80246d7194bf9d65f7c6520d1936093f01e2087b516d0c97186855b13767e75aca2b2413b383cf2aa74446458
2019-12-29 18:05:28,746 - DEBUG - COM4: RX: 03846900
2019-12-29 18:05:28,746 - DEBUG - COM4: parsed_packet {event: CmdRsp, data: {'opcode': 105, 'status': 0, 'data': bytearray(b'')}}
2019-12-29 18:05:28,747 - DEBUG - COM4: TX: 059f01000100
2019-12-29 18:05:28,746 - INFO - COM4: Success
2019-12-29 18:05:28,749 - DEBUG - COM4: RX: 03849f8e
2019-12-29 18:05:28,749 - DEBUG - COM4: parsed_packet {event: CmdRsp, data: {'opcode': 159, 'status': 142, 'data': bytearray(b'')}}
2019-12-29 18:05:28,750 - DEBUG - COM4: TX: 1392000018eed9c2a56add85049ffc3c59ad0e12
2019-12-29 18:05:28,749 - ERROR - COM4: None: ERROR_REJECTED
2019-12-29 18:05:28,753 - DEBUG - COM4: RX: 03849281
2019-12-29 18:05:28,754 - DEBUG - COM4: parsed_packet {event: CmdRsp, data: {'opcode': 146, 'status': 129, 'data': bytearray(b'')}}
2019-12-29 18:05:28,754 - DEBUG - COM4: TX: 1597000000004f68ad85d9f48ac8589df665b6b49b8a
2019-12-29 18:05:28,754 - ERROR - COM4: SubnetAdd: ERROR_INTERNAL
2019-12-29 18:05:28,758 - DEBUG - COM4: RX: 03849781
2019-12-29 18:05:28,758 - DEBUG - COM4: parsed_packet {event: CmdRsp, data: {'opcode': 151, 'status': 129, 'data': bytearray(b'')}}
2019-12-29 18:05:28,759 - DEBUG - COM4: TX: 1597010000002aa2a6ded5a0798ceab5787ca3ae39fc
2019-12-29 18:05:28,758 - ERROR - COM4: AppkeyAdd: ERROR_INTERNAL
2019-12-29 18:05:28,762 - DEBUG - COM4: RX: 03849781
2019-12-29 18:05:28,762 - DEBUG - COM4: parsed_packet {event: CmdRsp, data: {'opcode': 151, 'status': 129, 'data': bytearray(b'')}}
2019-12-29 18:05:28,763 - DEBUG - COM4: TX: 2d6300d5b91bba0508344a809923e28a48b06d18eed9c2a56add85049ffc3c59ad0e120000000000001500000000
2019-12-29 18:05:28,762 - ERROR - COM4: AppkeyAdd: ERROR_INTERNAL
2019-12-29 18:05:28,769 - DEBUG - COM4: RX: 0484630000
2019-12-29 18:05:28,769 - DEBUG - COM4: parsed_packet {event: CmdRsp, data: {'opcode': 99, 'status': 0, 'data': bytearray(b'\x00')}}
2019-12-29 18:05:28,769 - INFO - COM4: Provision: {'context': 0}
2019-12-29 18:05:28,808 - DEBUG - COM4: RX: 02c100
2019-12-29 18:05:28,808 - DEBUG - COM4: parsed_packet {event: ProvLinkEstablished, data: {'context_id': 0}}
2019-12-29 18:05:28,808 - INFO - COM4: Link established
2019-12-29 18:05:28,809 - INFO - COM4: Link established
2019-12-29 18:05:28,862 - DEBUG - COM4: RX: 0bc300010001000000000000
2019-12-29 18:05:28,862 - DEBUG - COM4: parsed_packet {event: ProvCapsReceived, data: {'context_id': 0, 'num_elements': 1, 'public_key_type': 0, 'static_oob_types': 1, 'output_oob_size': 0, 'output_oob_actions': 0, 'input_oob_size': 0, 'input_oob_actions': 0}}
2019-12-29 18:05:28,862 - INFO - COM4: Received capabilities
2019-12-29 18:05:28,863 - INFO - COM4: Number of elements: 1
2019-12-29 18:05:28,863 - INFO - COM4: Received capabilities
2019-12-29 18:05:28,863 - INFO - COM4: Number of elements: 1
2019-12-29 18:05:28,863 - DEBUG - COM4: TX: 056600000000
2019-12-29 18:05:28,864 - DEBUG - COM4: TX: 056600000000
2019-12-29 18:05:28,866 - DEBUG - COM4: RX: 0484660000
2019-12-29 18:05:28,866 - DEBUG - COM4: parsed_packet {event: CmdRsp, data: {'opcode': 102, 'status': 0, 'data': bytearray(b'\x00')}}
2019-12-29 18:05:28,866 - INFO - COM4: OobUse: {'context': 0}
2019-12-29 18:05:28,867 - DEBUG - COM4: RX: 03846683
2019-12-29 18:05:28,867 - DEBUG - COM4: parsed_packet {event: CmdRsp, data: {'opcode': 102, 'status': 131, 'data': bytearray(b'')}}
2019-12-29 18:05:28,868 - ERROR - COM4: OobUse: ERROR_INVALID_STATE
2019-12-29 18:05:29,065 - DEBUG - COM4: RX: 62c70087aaff3a4847d40dcc8a2d6071467cc7dc0c5332711ee2da97f9bdbbfb9290ed0526418f34928de19f0ca521269ec2aaa1571d38792f56a8106d50e727bd24991976060dd7b95cbfcf9ce3c64f982b1b45bb1b606e01867d8ad50ab57550a441
2019-12-29 18:05:29,066 - DEBUG - COM4: parsed_packet {event: ProvEcdhRequest, data: {'context_id': 0, 'peer_public': bytearray(b"\x87\xaa\xff:HG\xd4\r\xcc\x8a-`qF|\xc7\xdc\x0cS2q\x1e\xe2\xda\x97\xf9\xbd\xbb\xfb\x92\x90\xed\x05&A\x8f4\x92\x8d\xe1\x9f\x0c\xa5!&\x9e\xc2\xaa\xa1W\x1d8y/V\xa8\x10mP\xe7\'\xbd$\x99"), 'node_private': bytearray(b'\x19v\x06\r\xd7\xb9\\\xbf\xcf\x9c\xe3\xc6O\x98+\x1bE\xbb\x1b`n\x01\x86}\x8a\xd5\n\xb5uP\xa4A')}}
2019-12-29 18:05:29,066 - INFO - COM4: ECDH request received
2019-12-29 18:05:29,070 - DEBUG - COM4: TX: 226800194aed1b5198ba8cb5fb06e8b615407c3bb119999eb088bfe101a0f8d0633e70
2019-12-29 18:05:29,070 - INFO - COM4: ECDH request received
2019-12-29 18:05:29,071 - DEBUG - COM4: TX: 226800194aed1b5198ba8cb5fb06e8b615407c3bb119999eb088bfe101a0f8d0633e70
2019-12-29 18:05:29,076 - DEBUG - COM4: RX: 0484680000
2019-12-29 18:05:29,076 - DEBUG - COM4: parsed_packet {event: CmdRsp, data: {'opcode': 104, 'status': 0, 'data': bytearray(b'\x00')}}
2019-12-29 18:05:29,076 - INFO - COM4: EcdhSecret: {'context': 0}
2019-12-29 18:05:29,078 - DEBUG - COM4: RX: 03846883
2019-12-29 18:05:29,078 - DEBUG - COM4: parsed_packet {event: CmdRsp, data: {'opcode': 104, 'status': 131, 'data': bytearray(b'')}}
2019-12-29 18:05:29,078 - ERROR - COM4: EcdhSecret: ERROR_INVALID_STATE
2019-12-29 18:05:29,397 - DEBUG - COM4: RX: 2cc500000000000000150000006e62cb55fafc52e1a82bc826cc9fe8bc18eed9c2a56add85049ffc3c59ad0e12
2019-12-29 18:05:29,397 - DEBUG - COM4: parsed_packet {event: ProvComplete, data: {'context_id': 0, 'iv_index': 0, 'net_key_index': 0, 'address': 21, 'iv_update_flag': 0, 'key_refresh_flag': 0, 'device_key': bytearray(b'nb\xcbU\xfa\xfcR\xe1\xa8+\xc8&\xcc\x9f\xe8\xbc'), 'net_key': bytearray(b'\x18\xee\xd9\xc2\xa5j\xdd\x85\x04\x9f\xfc<Y\xad\x0e\x12')}}
2019-12-29 18:05:29,397 - INFO - COM4: Provisioning complete
2019-12-29 18:05:29,397 - INFO - COM4: 	Address(es): 0x15-0x15
2019-12-29 18:05:29,398 - INFO - COM4: 	Device key: 6e62cb55fafc52e1a82bc826cc9fe8bc
2019-12-29 18:05:29,398 - INFO - COM4: 	Network key: 18eed9c2a56add85049ffc3c59ad0e12
2019-12-29 18:05:29,398 - INFO - COM4: Adding device key to subnet 0
2019-12-29 18:05:29,399 - INFO - COM4: Adding publication address of root element
2019-12-29 18:05:29,401 - DEBUG - COM4: TX: 159c150000006e62cb55fafc52e1a82bc826cc9fe8bc
2019-12-29 18:05:29,401 - ERROR - COM4: Exception in pkt handler <bound method Provisioner.__event_handler of <mesh.provisioning.Provisioner object at 0x000001709AC1E0D0>>
2019-12-29 18:05:29,401 - DEBUG - COM4: TX: 03a41500
2019-12-29 18:05:29,402 - ERROR - COM4: traceback: Traceback (most recent call last):
  File "C:\Tools\NRF\nrf5_SDK_for_Mesh_v3.2.0_src\scripts\interactive_pyaci_ohne_IPython\aci\aci_uart.py", line 88, in process_packet
    fun(packet)
  File "C:\Tools\NRF\nrf5_SDK_for_Mesh_v3.2.0_src\scripts\interactive_pyaci_ohne_IPython\mesh\provisioning.py", line 338, in __event_handler
    self.store(self.__session_data)
  File "C:\Tools\NRF\nrf5_SDK_for_Mesh_v3.2.0_src\scripts\interactive_pyaci_ohne_IPython\mesh\provisioning.py", line 347, in store
    self.prov_db.nodes.append(mt.Node(**self.__session_data))
TypeError: __init__() missing 5 required positional arguments: 'UUID', 'unicast_address', 'net_keys', 'config_complete', and 'security'

2019-12-29 18:05:29,403 - INFO - COM4: Provisioning complete
2019-12-29 18:05:29,403 - INFO - COM4: 	Address(es): 0x15-0x15
2019-12-29 18:05:29,403 - INFO - COM4: 	Device key: 6e62cb55fafc52e1a82bc826cc9fe8bc
2019-12-29 18:05:29,403 - INFO - COM4: 	Network key: 18eed9c2a56add85049ffc3c59ad0e12
2019-12-29 18:05:29,404 - INFO - COM4: Adding device key to subnet 0
2019-12-29 18:05:29,404 - INFO - COM4: Adding publication address of root element
2019-12-29 18:05:29,410 - DEBUG - COM4: RX: 05849c000900
2019-12-29 18:05:29,410 - DEBUG - COM4: parsed_packet {event: CmdRsp, data: {'opcode': 156, 'status': 0, 'data': bytearray(b'\t\x00')}}
2019-12-29 18:05:29,410 - DEBUG - COM4: TX: 159c150000006e62cb55fafc52e1a82bc826cc9fe8bc
2019-12-29 18:05:29,410 - INFO - COM4: DevkeyAdd: {'devkey_handle': 9}
2019-12-29 18:05:29,411 - DEBUG - COM4: RX: 0584a4000100
2019-12-29 18:05:29,411 - DEBUG - COM4: parsed_packet {event: CmdRsp, data: {'opcode': 164, 'status': 0, 'data': bytearray(b'\x01\x00')}}
2019-12-29 18:05:29,411 - DEBUG - COM4: TX: 03a41500
2019-12-29 18:05:29,411 - INFO - COM4: AddrPublicationAdd: {'address_handle': 1}
2019-12-29 18:05:29,414 - DEBUG - COM4: RX: 03849c8e
2019-12-29 18:05:29,414 - DEBUG - COM4: parsed_packet {event: CmdRsp, data: {'opcode': 156, 'status': 142, 'data': bytearray(b'')}}
2019-12-29 18:05:29,414 - ERROR - COM4: DevkeyAdd: ERROR_REJECTED
2019-12-29 18:05:29,415 - DEBUG - COM4: RX: 0584a4000100
2019-12-29 18:05:29,415 - DEBUG - COM4: parsed_packet {event: CmdRsp, data: {'opcode': 164, 'status': 0, 'data': bytearray(b'\x01\x00')}}
2019-12-29 18:05:29,415 - INFO - COM4: AddrPublicationAdd: {'address_handle': 1}
2019-12-29 18:05:29,499 - DEBUG - COM4: RX: 03c20000
2019-12-29 18:05:29,499 - DEBUG - COM4: parsed_packet {event: ProvLinkClosed, data: {'context_id': 0, 'close_reason': 0}}
2019-12-29 18:05:29,500 - INFO - COM4: Provisioning link closed
2019-12-29 18:05:29,500 - INFO - COM4: Provisioning link closed
