2019-12-30 18:05:13,891 - DEBUG - COM4: TX: 61699f93c46392414d770f7836d91557daaeca781887675757d2cf5bd003e7af559c1a59f851a91487ba3a6fd99168cb18ccbbfa9ffce418920f823d1127be91433a7ea59426353bff023815d51539fd70bfa90ed0982b259fc2d1446ee540a993ba
2019-12-30 18:05:13,902 - DEBUG - COM4: RX: 03846900
2019-12-30 18:05:13,903 - DEBUG - COM4: parsed_packet {event: CmdRsp, data: {'opcode': 105, 'status': 0, 'data': bytearray(b'')}}
2019-12-30 18:05:13,904 - DEBUG - COM4: TX: 059f01000100
2019-12-30 18:05:13,903 - INFO - COM4: Success
2019-12-30 18:05:13,906 - DEBUG - COM4: RX: 03849f8e
2019-12-30 18:05:13,914 - DEBUG - COM4: parsed_packet {event: CmdRsp, data: {'opcode': 159, 'status': 142, 'data': bytearray(b'')}}
2019-12-30 18:05:13,915 - DEBUG - COM4: TX: 1392000018eed9c2a56add85049ffc3c59ad0e12
2019-12-30 18:05:13,914 - ERROR - COM4: None: ERROR_REJECTED
2019-12-30 18:05:13,918 - DEBUG - COM4: RX: 03849281
2019-12-30 18:05:13,919 - DEBUG - COM4: parsed_packet {event: CmdRsp, data: {'opcode': 146, 'status': 129, 'data': bytearray(b'')}}
2019-12-30 18:05:13,919 - DEBUG - COM4: TX: 1597000000004f68ad85d9f48ac8589df665b6b49b8a
2019-12-30 18:05:13,919 - ERROR - COM4: SubnetAdd: ERROR_INTERNAL
2019-12-30 18:05:13,922 - DEBUG - COM4: RX: 03849781
2019-12-30 18:05:13,923 - DEBUG - COM4: parsed_packet {event: CmdRsp, data: {'opcode': 151, 'status': 129, 'data': bytearray(b'')}}
2019-12-30 18:05:13,923 - DEBUG - COM4: TX: 1597010000002aa2a6ded5a0798ceab5787ca3ae39fc
2019-12-30 18:05:13,923 - ERROR - COM4: AppkeyAdd: ERROR_INTERNAL
2019-12-30 18:05:13,926 - DEBUG - COM4: RX: 03849781
2019-12-30 18:05:13,927 - DEBUG - COM4: parsed_packet {event: CmdRsp, data: {'opcode': 151, 'status': 129, 'data': bytearray(b'')}}
2019-12-30 18:05:13,927 - ERROR - COM4: AppkeyAdd: ERROR_INTERNAL
