2019-12-29 10:34:39,292 - DEBUG - COM4: TX: 6169888c2b25e21817a70fc7ff780e0f9fe37388ee89739c154c712adc305268e93986dccbd9d3b3cfa367ab06f1b1791724f98abb0bba0af8a9696f7f2d06686cbe7ca72c33baf07f432805855d4c9e39602cadcfc6afa9edb568baa40bd99ef761
2019-12-29 10:34:39,308 - DEBUG - COM4: RX: 03846900
2019-12-29 10:34:39,308 - DEBUG - COM4: parsed_packet {event: CmdRsp, data: {'opcode': 105, 'status': 0, 'data': bytearray(b'')}}
2019-12-29 10:34:39,308 - DEBUG - COM4: TX: 059f01000100
2019-12-29 10:34:39,308 - INFO - COM4: Success
2019-12-29 10:34:39,308 - DEBUG - COM4: RX: 03849f8e
2019-12-29 10:34:39,326 - DEBUG - COM4: parsed_packet {event: CmdRsp, data: {'opcode': 159, 'status': 142, 'data': bytearray(b'')}}
2019-12-29 10:34:39,326 - DEBUG - COM4: TX: 1392000018eed9c2a56add85049ffc3c59ad0e12
2019-12-29 10:34:39,326 - ERROR - COM4: None: ERROR_REJECTED
2019-12-29 10:34:39,326 - DEBUG - COM4: RX: 03849281
2019-12-29 10:34:39,326 - DEBUG - COM4: parsed_packet {event: CmdRsp, data: {'opcode': 146, 'status': 129, 'data': bytearray(b'')}}
2019-12-29 10:34:39,326 - DEBUG - COM4: TX: 1597000000004f68ad85d9f48ac8589df665b6b49b8a
2019-12-29 10:34:39,326 - ERROR - COM4: SubnetAdd: ERROR_INTERNAL
2019-12-29 10:34:39,326 - DEBUG - COM4: RX: 03849781
2019-12-29 10:34:39,326 - DEBUG - COM4: parsed_packet {event: CmdRsp, data: {'opcode': 151, 'status': 129, 'data': bytearray(b'')}}
2019-12-29 10:34:39,326 - DEBUG - COM4: TX: 1597010000002aa2a6ded5a0798ceab5787ca3ae39fc
2019-12-29 10:34:39,326 - ERROR - COM4: AppkeyAdd: ERROR_INTERNAL
2019-12-29 10:34:39,326 - DEBUG - COM4: RX: 03849781
2019-12-29 10:34:39,326 - DEBUG - COM4: parsed_packet {event: CmdRsp, data: {'opcode': 151, 'status': 129, 'data': bytearray(b'')}}
2019-12-29 10:34:39,326 - ERROR - COM4: AppkeyAdd: ERROR_INTERNAL
2019-12-29 10:34:41,303 - DEBUG - COM4: TX: 0161
2019-12-29 10:34:41,303 - DEBUG - COM4: RX: 03846100
2019-12-29 10:34:41,303 - DEBUG - COM4: parsed_packet {event: CmdRsp, data: {'opcode': 97, 'status': 0, 'data': bytearray(b'')}}
2019-12-29 10:34:41,303 - INFO - COM4: Success
2019-12-29 10:34:42,237 - DEBUG - COM4: RX: 1ac0d5b91bba0508344a809923e28a48b06dcf0001c09923e28ac8
2019-12-29 10:34:42,237 - DEBUG - COM4: parsed_packet {event: ProvUnprovisionedReceived, data: {'uuid': bytearray(b'\xd5\xb9\x1b\xba\x05\x084J\x80\x99#\xe2\x8aH\xb0m'), 'rssi': -49, 'gatt_supported': 0, 'adv_addr_type': 1, 'adv_addr': bytearray(b'\xc0\x99#\xe2\x8a\xc8')}}
2019-12-29 10:34:42,237 - INFO - COM4: Received UUID d5b91bba0508344a809923e28a48b06d with RSSI: -49 dB
2019-12-29 10:34:44,246 - DEBUG - COM4: RX: 1ac0d5b91bba0508344a809923e28a48b06dcd0001c09923e28ac8
2019-12-29 10:34:44,246 - DEBUG - COM4: parsed_packet {event: ProvUnprovisionedReceived, data: {'uuid': bytearray(b'\xd5\xb9\x1b\xba\x05\x084J\x80\x99#\xe2\x8aH\xb0m'), 'rssi': -51, 'gatt_supported': 0, 'adv_addr_type': 1, 'adv_addr': bytearray(b'\xc0\x99#\xe2\x8a\xc8')}}
2019-12-29 10:34:46,250 - DEBUG - COM4: RX: 1ac0d5b91bba0508344a809923e28a48b06dd10001c09923e28ac8
2019-12-29 10:34:46,250 - DEBUG - COM4: parsed_packet {event: ProvUnprovisionedReceived, data: {'uuid': bytearray(b'\xd5\xb9\x1b\xba\x05\x084J\x80\x99#\xe2\x8aH\xb0m'), 'rssi': -47, 'gatt_supported': 0, 'adv_addr_type': 1, 'adv_addr': bytearray(b'\xc0\x99#\xe2\x8a\xc8')}}
2019-12-29 10:34:46,312 - DEBUG - COM4: TX: 0162
2019-12-29 10:34:46,312 - DEBUG - COM4: exited read event
