2019-12-29 12:16:47,554 - DEBUG - COM4: TX: 61691392276c2f520e39ee1f82f080e2247127c1edacae5d103a7f6087e4ec96e5157b44ef112ac6289429c22e49dbca0ae0ee3061d3c6f991161501cadd55212f2ebd6aa79f6a7e29df6740d477350c482aa7c825de3d5e9e2ad3384aedc1abb1c8
2019-12-29 12:16:47,556 - DEBUG - COM4: RX: 03846900
2019-12-29 12:16:47,556 - DEBUG - COM4: parsed_packet {event: CmdRsp, data: {'opcode': 105, 'status': 0, 'data': bytearray(b'')}}
2019-12-29 12:16:47,556 - DEBUG - COM4: TX: 059f01000100
2019-12-29 12:16:47,556 - INFO - COM4: Success
2019-12-29 12:16:47,556 - DEBUG - COM4: RX: 03849f8e
2019-12-29 12:16:47,576 - DEBUG - COM4: parsed_packet {event: CmdRsp, data: {'opcode': 159, 'status': 142, 'data': bytearray(b'')}}
2019-12-29 12:16:47,576 - DEBUG - COM4: TX: 1392000018eed9c2a56add85049ffc3c59ad0e12
2019-12-29 12:16:47,576 - ERROR - COM4: None: ERROR_REJECTED
2019-12-29 12:16:47,576 - DEBUG - COM4: RX: 03849281
2019-12-29 12:16:47,576 - DEBUG - COM4: parsed_packet {event: CmdRsp, data: {'opcode': 146, 'status': 129, 'data': bytearray(b'')}}
2019-12-29 12:16:47,576 - DEBUG - COM4: TX: 1597000000004f68ad85d9f48ac8589df665b6b49b8a
2019-12-29 12:16:47,576 - ERROR - COM4: SubnetAdd: ERROR_INTERNAL
2019-12-29 12:16:47,576 - DEBUG - COM4: RX: 03849781
2019-12-29 12:16:47,576 - DEBUG - COM4: parsed_packet {event: CmdRsp, data: {'opcode': 151, 'status': 129, 'data': bytearray(b'')}}
2019-12-29 12:16:47,576 - DEBUG - COM4: TX: 1597010000002aa2a6ded5a0798ceab5787ca3ae39fc
2019-12-29 12:16:47,576 - ERROR - COM4: AppkeyAdd: ERROR_INTERNAL
2019-12-29 12:16:47,576 - DEBUG - COM4: RX: 03849781
2019-12-29 12:16:47,576 - DEBUG - COM4: parsed_packet {event: CmdRsp, data: {'opcode': 151, 'status': 129, 'data': bytearray(b'')}}
2019-12-29 12:16:47,576 - ERROR - COM4: AppkeyAdd: ERROR_INTERNAL
2019-12-29 12:16:49,565 - DEBUG - COM4: TX: 0161
2019-12-29 12:16:49,567 - DEBUG - COM4: RX: 03846100
2019-12-29 12:16:49,567 - DEBUG - COM4: parsed_packet {event: CmdRsp, data: {'opcode': 97, 'status': 0, 'data': bytearray(b'')}}
2019-12-29 12:16:49,567 - INFO - COM4: Success
2019-12-29 12:16:51,057 - DEBUG - COM4: RX: 1ac0d5b91bba0508344a809923e28a48b06dce0001c09923e28ac8
2019-12-29 12:16:51,058 - DEBUG - COM4: parsed_packet {event: ProvUnprovisionedReceived, data: {'uuid': bytearray(b'\xd5\xb9\x1b\xba\x05\x084J\x80\x99#\xe2\x8aH\xb0m'), 'rssi': -50, 'gatt_supported': 0, 'adv_addr_type': 1, 'adv_addr': bytearray(b'\xc0\x99#\xe2\x8a\xc8')}}
2019-12-29 12:16:51,058 - INFO - COM4: Received UUID d5b91bba0508344a809923e28a48b06d with RSSI: -50 dB
2019-12-29 12:16:53,056 - DEBUG - COM4: RX: 1ac0d5b91bba0508344a809923e28a48b06dd30001c09923e28ac8
2019-12-29 12:16:53,057 - DEBUG - COM4: parsed_packet {event: ProvUnprovisionedReceived, data: {'uuid': bytearray(b'\xd5\xb9\x1b\xba\x05\x084J\x80\x99#\xe2\x8aH\xb0m'), 'rssi': -45, 'gatt_supported': 0, 'adv_addr_type': 1, 'adv_addr': bytearray(b'\xc0\x99#\xe2\x8a\xc8')}}
2019-12-29 12:16:54,565 - DEBUG - COM4: TX: 0162
2019-12-29 12:16:54,567 - DEBUG - COM4: RX: 03846200
2019-12-29 12:16:54,567 - DEBUG - COM4: parsed_packet {event: CmdRsp, data: {'opcode': 98, 'status': 0, 'data': bytearray(b'')}}
2019-12-29 12:16:54,567 - INFO - COM4: Success
2019-12-29 12:18:29,512 - DEBUG - COM4: log Opening port COM4, baudrate 115200, rtscts True
