2020-01-20 16:50:06,522 - DEBUG - COM3: TX: 61694b1e44a1c444c6d4eac212dd73feb9fe6479d95c6d21f2688938fadabecb41282e7c0e8ec47e0f426e5b1e74ff533dcdfa3fae662636806ae754965cd8f7c3492092e1fe5ab2a9dc8319543a6fab096961e3499b54c29637b167c862a8e6d450
2020-01-20 16:50:06,534 - DEBUG - COM3: RX: 03846900
2020-01-20 16:50:06,534 - DEBUG - COM3: parsed_packet {event: CmdRsp, data: {'opcode': 105, 'status': 0, 'data': bytearray(b'')}}
2020-01-20 16:50:06,535 - DEBUG - COM3: TX: 059f01000100
2020-01-20 16:50:06,534 - INFO - COM3: Success
2020-01-20 16:50:06,537 - DEBUG - COM3: RX: 03849f8e
2020-01-20 16:50:06,546 - DEBUG - COM3: parsed_packet {event: CmdRsp, data: {'opcode': 159, 'status': 142, 'data': bytearray(b'')}}
2020-01-20 16:50:06,546 - DEBUG - COM3: TX: 1392000018eed9c2a56add85049ffc3c59ad0e12
2020-01-20 16:50:06,546 - ERROR - COM3: None: ERROR_REJECTED
2020-01-20 16:50:06,550 - DEBUG - COM3: RX: 03849281
2020-01-20 16:50:06,550 - DEBUG - COM3: parsed_packet {event: CmdRsp, data: {'opcode': 146, 'status': 129, 'data': bytearray(b'')}}
2020-01-20 16:50:06,550 - DEBUG - COM3: TX: 1597000000004f68ad85d9f48ac8589df665b6b49b8a
2020-01-20 16:50:06,550 - ERROR - COM3: SubnetAdd: ERROR_INTERNAL
2020-01-20 16:50:06,554 - DEBUG - COM3: RX: 03849781
2020-01-20 16:50:06,554 - DEBUG - COM3: parsed_packet {event: CmdRsp, data: {'opcode': 151, 'status': 129, 'data': bytearray(b'')}}
2020-01-20 16:50:06,554 - DEBUG - COM3: TX: 1597010000002aa2a6ded5a0798ceab5787ca3ae39fc
2020-01-20 16:50:06,554 - ERROR - COM3: AppkeyAdd: ERROR_INTERNAL
2020-01-20 16:50:06,558 - DEBUG - COM3: RX: 03849781
2020-01-20 16:50:06,558 - DEBUG - COM3: parsed_packet {event: CmdRsp, data: {'opcode': 151, 'status': 129, 'data': bytearray(b'')}}
2020-01-20 16:50:06,558 - ERROR - COM3: AppkeyAdd: ERROR_INTERNAL
2020-01-20 16:50:09,138 - DEBUG - COM3.ConfigurationClient: Sending opcode: 8008, data: 00
2020-01-20 16:50:09,138 - DEBUG - COM3: TX: 0eab08000100000008000000800800
2020-01-20 16:50:09,142 - DEBUG - COM3: RX: 0784ab001d000000
2020-01-20 16:50:09,142 - DEBUG - COM3: parsed_packet {event: CmdRsp, data: {'opcode': 171, 'status': 0, 'data': bytearray(b'\x1d\x00\x00\x00')}}
2020-01-20 16:50:09,143 - INFO - COM3: PacketSend: {'token': 29}
2020-01-20 16:50:09,149 - DEBUG - COM3: RX: 05d21d000000
2020-01-20 16:50:09,149 - DEBUG - COM3: parsed_packet {event: MeshTxComplete, data: {'token': 29}}
2020-01-20 16:50:09,149 - INFO - COM3: {event: MeshTxComplete, data: {'token': 29}}
2020-01-20 16:50:09,201 - DEBUG - COM3: RX: 30d03e000100080000000401c09923e28ac8c31c00020059000000000028000f0000000300000002000210000001000010
2020-01-20 16:50:09,202 - DEBUG - COM3: parsed_packet {event: MeshMessageReceivedUnicast, data: {'src': 62, 'dst': 1, 'appkey_handle': 8, 'subnet_handle': 0, 'ttl': 4, 'adv_addr_type': 1, 'adv_addr': bytearray(b'\xc0\x99#\xe2\x8a\xc8'), 'rssi': -61, 'actual_length': 28, 'data': bytearray(b'\x02\x00Y\x00\x00\x00\x00\x00(\x00\x0f\x00\x00\x00\x03\x00\x00\x00\x02\x00\x02\x10\x00\x00\x01\x00\x00\x10')}}
2020-01-20 16:50:09,212 - INFO - COM3.ConfigurationClient: Received composition data (page 0x00): {
  "cid": "0059",
  "pid": "0000",
  "vid": "0000",
  "crpl": 40,
  "features": {
    "relay": 0,
    "proxy": 0,
    "friend": 0,
    "low_power": 0
  },
  "elements": [
    {
      "index": 0,
      "location": "0000",
      "models": [
        {
          "modelId": "0000"
        },
        {
          "modelId": "0002"
        },
        {
          "modelId": "1002"
        }
      ]
    },
    {
      "index": 1,
      "location": "0000",
      "models": [
        {
          "modelId": "1000"
        }
      ]
    }
  ]
}
2020-01-20 16:50:09,213 - DEBUG - COM3: Message Opcode bytearray(b'\x02'), Data bytearray(b'\x00Y\x00\x00\x00\x00\x00(\x00\x0f\x00\x00\x00\x03\x00\x00\x00\x02\x00\x02\x10\x00\x00\x01\x00\x00\x10') unknown for model <mesh.access.Access object at 0x0000029D88DF0610>.
2020-01-20 16:50:11,151 - DEBUG - COM3.ConfigurationClient: Sending opcode: 00, data: 0000004f68ad85d9f48ac8589df665b6b49b8a
2020-01-20 16:50:11,151 - DEBUG - COM3: TX: 1fab08000100000008000000000000004f68ad85d9f48ac8589df665b6b49b8a
2020-01-20 16:50:11,151 - DEBUG - COM3: RX: 0784ab001e000000
2020-01-20 16:50:11,151 - DEBUG - COM3: parsed_packet {event: CmdRsp, data: {'opcode': 171, 'status': 0, 'data': bytearray(b'\x1e\x00\x00\x00')}}
2020-01-20 16:50:11,151 - INFO - COM3: PacketSend: {'token': 30}
2020-01-20 16:50:11,198 - DEBUG - COM3: RX: 05d21e000000
2020-01-20 16:50:11,198 - DEBUG - COM3: parsed_packet {event: MeshTxComplete, data: {'token': 30}}
2020-01-20 16:50:11,198 - INFO - COM3: {event: MeshTxComplete, data: {'token': 30}}
2020-01-20 16:50:11,231 - DEBUG - COM3: RX: 1ad03e000100080000000401c09923e28ac8be0600800300000000
2020-01-20 16:50:11,231 - DEBUG - COM3: parsed_packet {event: MeshMessageReceivedUnicast, data: {'src': 62, 'dst': 1, 'appkey_handle': 8, 'subnet_handle': 0, 'ttl': 4, 'adv_addr_type': 1, 'adv_addr': bytearray(b'\xc0\x99#\xe2\x8a\xc8'), 'rssi': -66, 'actual_length': 6, 'data': bytearray(b'\x80\x03\x00\x00\x00\x00')}}
2020-01-20 16:50:11,231 - INFO - COM3.ConfigurationClient: Appkey status: AccessStatus.SUCCESS
2020-01-20 16:50:11,242 - INFO - COM3.ConfigurationClient: Appkey add 0 succeded for subnet 0 at node 003e
2020-01-20 16:50:11,242 - DEBUG - COM3: Message Opcode bytearray(b'\x80\x03'), Data bytearray(b'\x00\x00\x00\x00') unknown for model <mesh.access.Access object at 0x0000029D88DF0610>.
2020-01-20 16:50:12,155 - DEBUG - COM3.ConfigurationClient: Sending opcode: 803d, data: 3f0000000010
2020-01-20 16:50:12,155 - DEBUG - COM3: TX: 13ab08000100000008000000803d3f0000000010
2020-01-20 16:50:12,155 - DEBUG - COM3: RX: 0784ab001f000000
2020-01-20 16:50:12,155 - DEBUG - COM3: parsed_packet {event: CmdRsp, data: {'opcode': 171, 'status': 0, 'data': bytearray(b'\x1f\x00\x00\x00')}}
2020-01-20 16:50:12,155 - INFO - COM3: PacketSend: {'token': 31}
2020-01-20 16:50:12,155 - DEBUG - COM3: RX: 05d21f000000
2020-01-20 16:50:12,155 - DEBUG - COM3: parsed_packet {event: MeshTxComplete, data: {'token': 31}}
2020-01-20 16:50:12,171 - INFO - COM3: {event: MeshTxComplete, data: {'token': 31}}
2020-01-20 16:50:12,171 - DEBUG - COM3: RX: 1dd03e000100080000000401c09923e28ac8c60900803e003f0000000010
2020-01-20 16:50:12,171 - DEBUG - COM3: parsed_packet {event: MeshMessageReceivedUnicast, data: {'src': 62, 'dst': 1, 'appkey_handle': 8, 'subnet_handle': 0, 'ttl': 4, 'adv_addr_type': 1, 'adv_addr': bytearray(b'\xc0\x99#\xe2\x8a\xc8'), 'rssi': -58, 'actual_length': 9, 'data': bytearray(b'\x80>\x00?\x00\x00\x00\x00\x10')}}
2020-01-20 16:50:12,171 - INFO - COM3.ConfigurationClient: Model app bind status: AccessStatus.SUCCESS
2020-01-20 16:50:12,171 - INFO - COM3.ConfigurationClient: Appkey bind 0 to model 1000 at 003f
2020-01-20 16:50:12,171 - DEBUG - COM3: Message Opcode bytearray(b'\x80>'), Data bytearray(b'\x00?\x00\x00\x00\x00\x10') unknown for model <mesh.access.Access object at 0x0000029D88DF0610>.
2020-01-20 16:50:13,158 - DEBUG - COM3.GenericOnOffClient: Sending opcode: 8202, data: 0000
2020-01-20 16:50:13,158 - DEBUG - COM3: TX: 0fab0000010000000800000082020000
2020-01-20 16:50:13,161 - DEBUG - COM3: RX: 0784ab0020000000
2020-01-20 16:50:13,163 - DEBUG - COM3: parsed_packet {event: CmdRsp, data: {'opcode': 171, 'status': 0, 'data': bytearray(b' \x00\x00\x00')}}
2020-01-20 16:50:13,163 - INFO - COM3: PacketSend: {'token': 32}
2020-01-20 16:50:13,166 - DEBUG - COM3: RX: 05d220000000
2020-01-20 16:50:13,166 - DEBUG - COM3: parsed_packet {event: MeshTxComplete, data: {'token': 32}}
2020-01-20 16:50:13,167 - INFO - COM3: {event: MeshTxComplete, data: {'token': 32}}
2020-01-20 16:50:19,885 - DEBUG - COM3.ConfigurationClient: Sending opcode: 8008, data: 00
2020-01-20 16:50:19,885 - DEBUG - COM3: TX: 0eab08000100000008000000800800
2020-01-20 16:50:19,889 - DEBUG - COM3: RX: 0784ab0021000000
2020-01-20 16:50:19,889 - DEBUG - COM3: parsed_packet {event: CmdRsp, data: {'opcode': 171, 'status': 0, 'data': bytearray(b'!\x00\x00\x00')}}
2020-01-20 16:50:19,889 - INFO - COM3: PacketSend: {'token': 33}
2020-01-20 16:50:19,902 - DEBUG - COM3: RX: 05d221000000
2020-01-20 16:50:19,902 - DEBUG - COM3: parsed_packet {event: MeshTxComplete, data: {'token': 33}}
2020-01-20 16:50:19,903 - INFO - COM3: {event: MeshTxComplete, data: {'token': 33}}
2020-01-20 16:50:19,965 - DEBUG - COM3: RX: 30d03e000100080000000401c09923e28ac8c41c00020059000000000028000f0000000300000002000210000001000010
2020-01-20 16:50:19,965 - DEBUG - COM3: parsed_packet {event: MeshMessageReceivedUnicast, data: {'src': 62, 'dst': 1, 'appkey_handle': 8, 'subnet_handle': 0, 'ttl': 4, 'adv_addr_type': 1, 'adv_addr': bytearray(b'\xc0\x99#\xe2\x8a\xc8'), 'rssi': -60, 'actual_length': 28, 'data': bytearray(b'\x02\x00Y\x00\x00\x00\x00\x00(\x00\x0f\x00\x00\x00\x03\x00\x00\x00\x02\x00\x02\x10\x00\x00\x01\x00\x00\x10')}}
2020-01-20 16:50:19,974 - INFO - COM3.ConfigurationClient: Received composition data (page 0x00): {
  "cid": "0059",
  "pid": "0000",
  "vid": "0000",
  "crpl": 40,
  "features": {
    "relay": 0,
    "proxy": 0,
    "friend": 0,
    "low_power": 0
  },
  "elements": [
    {
      "index": 0,
      "location": "0000",
      "models": [
        {
          "modelId": "0000"
        },
        {
          "modelId": "0002"
        },
        {
          "modelId": "1002"
        }
      ]
    },
    {
      "index": 1,
      "location": "0000",
      "models": [
        {
          "modelId": "1000"
        }
      ]
    }
  ]
}
2020-01-20 16:50:19,975 - DEBUG - COM3: Message Opcode bytearray(b'\x02'), Data bytearray(b'\x00Y\x00\x00\x00\x00\x00(\x00\x0f\x00\x00\x00\x03\x00\x00\x00\x02\x00\x02\x10\x00\x00\x01\x00\x00\x10') unknown for model <mesh.access.Access object at 0x0000029D88DF0610>.
2020-01-20 16:50:19,975 - DEBUG - COM3: Message Opcode bytearray(b'\x02'), Data bytearray(b'\x00Y\x00\x00\x00\x00\x00(\x00\x0f\x00\x00\x00\x03\x00\x00\x00\x02\x00\x02\x10\x00\x00\x01\x00\x00\x10') unknown for model <mesh.access.Access object at 0x0000029D88DF0610>.
2020-01-20 16:50:21,894 - DEBUG - COM3.ConfigurationClient: Sending opcode: 00, data: 0000004f68ad85d9f48ac8589df665b6b49b8a
2020-01-20 16:50:21,894 - DEBUG - COM3: TX: 1fab08000100000008000000000000004f68ad85d9f48ac8589df665b6b49b8a
2020-01-20 16:50:21,894 - DEBUG - COM3: RX: 0784ab0022000000
2020-01-20 16:50:21,894 - DEBUG - COM3: parsed_packet {event: CmdRsp, data: {'opcode': 171, 'status': 0, 'data': bytearray(b'"\x00\x00\x00')}}
2020-01-20 16:50:21,894 - INFO - COM3: PacketSend: {'token': 34}
2020-01-20 16:50:21,941 - DEBUG - COM3: RX: 05d222000000
2020-01-20 16:50:21,941 - DEBUG - COM3: parsed_packet {event: MeshTxComplete, data: {'token': 34}}
2020-01-20 16:50:21,941 - INFO - COM3: {event: MeshTxComplete, data: {'token': 34}}
2020-01-20 16:50:21,968 - DEBUG - COM3: RX: 1ad03e000100080000000401c09923e28ac8bd0600800300000000
2020-01-20 16:50:21,968 - DEBUG - COM3: parsed_packet {event: MeshMessageReceivedUnicast, data: {'src': 62, 'dst': 1, 'appkey_handle': 8, 'subnet_handle': 0, 'ttl': 4, 'adv_addr_type': 1, 'adv_addr': bytearray(b'\xc0\x99#\xe2\x8a\xc8'), 'rssi': -67, 'actual_length': 6, 'data': bytearray(b'\x80\x03\x00\x00\x00\x00')}}
2020-01-20 16:50:21,968 - INFO - COM3.ConfigurationClient: Appkey status: AccessStatus.SUCCESS
2020-01-20 16:50:21,987 - INFO - COM3.ConfigurationClient: Appkey add 0 succeded for subnet 0 at node 003e
2020-01-20 16:50:21,987 - DEBUG - COM3: Message Opcode bytearray(b'\x80\x03'), Data bytearray(b'\x00\x00\x00\x00') unknown for model <mesh.access.Access object at 0x0000029D88DF0610>.
2020-01-20 16:50:21,987 - DEBUG - COM3: Message Opcode bytearray(b'\x80\x03'), Data bytearray(b'\x00\x00\x00\x00') unknown for model <mesh.access.Access object at 0x0000029D88DF0610>.
2020-01-20 16:50:22,895 - DEBUG - COM3.ConfigurationClient: Sending opcode: 803d, data: 3f0000000010
2020-01-20 16:50:22,895 - DEBUG - COM3: TX: 13ab08000100000008000000803d3f0000000010
2020-01-20 16:50:22,899 - DEBUG - COM3: RX: 0784ab0023000000
2020-01-20 16:50:22,899 - DEBUG - COM3: parsed_packet {event: CmdRsp, data: {'opcode': 171, 'status': 0, 'data': bytearray(b'#\x00\x00\x00')}}
2020-01-20 16:50:22,900 - INFO - COM3: PacketSend: {'token': 35}
2020-01-20 16:50:22,908 - DEBUG - COM3: RX: 05d223000000
2020-01-20 16:50:22,909 - DEBUG - COM3: parsed_packet {event: MeshTxComplete, data: {'token': 35}}
2020-01-20 16:50:22,909 - INFO - COM3: {event: MeshTxComplete, data: {'token': 35}}
2020-01-20 16:50:22,925 - DEBUG - COM3: RX: 1dd03e000100080000000401c09923e28ac8bd0900803e003f0000000010
2020-01-20 16:50:22,925 - DEBUG - COM3: parsed_packet {event: MeshMessageReceivedUnicast, data: {'src': 62, 'dst': 1, 'appkey_handle': 8, 'subnet_handle': 0, 'ttl': 4, 'adv_addr_type': 1, 'adv_addr': bytearray(b'\xc0\x99#\xe2\x8a\xc8'), 'rssi': -67, 'actual_length': 9, 'data': bytearray(b'\x80>\x00?\x00\x00\x00\x00\x10')}}
2020-01-20 16:50:22,925 - INFO - COM3.ConfigurationClient: Model app bind status: AccessStatus.SUCCESS
2020-01-20 16:50:22,933 - INFO - COM3.ConfigurationClient: Appkey bind 0 to model 1000 at 003f
2020-01-20 16:50:22,934 - DEBUG - COM3: Message Opcode bytearray(b'\x80>'), Data bytearray(b'\x00?\x00\x00\x00\x00\x10') unknown for model <mesh.access.Access object at 0x0000029D88DF0610>.
2020-01-20 16:50:22,934 - DEBUG - COM3: Message Opcode bytearray(b'\x80>'), Data bytearray(b'\x00?\x00\x00\x00\x00\x10') unknown for model <mesh.access.Access object at 0x0000029D88DF0610>.
2020-01-20 16:50:23,905 - DEBUG - COM3.GenericOnOffClient: Sending opcode: 8202, data: 0100
2020-01-20 16:50:23,905 - DEBUG - COM3: TX: 0fab0000010000000800000082020100
2020-01-20 16:50:23,905 - DEBUG - COM3: RX: 0784ab0024000000
2020-01-20 16:50:23,905 - DEBUG - COM3: parsed_packet {event: CmdRsp, data: {'opcode': 171, 'status': 0, 'data': bytearray(b'$\x00\x00\x00')}}
2020-01-20 16:50:23,905 - INFO - COM3: PacketSend: {'token': 36}
2020-01-20 16:50:23,921 - DEBUG - COM3: RX: 05d224000000
2020-01-20 16:50:23,921 - DEBUG - COM3: parsed_packet {event: MeshTxComplete, data: {'token': 36}}
2020-01-20 16:50:23,921 - INFO - COM3: {event: MeshTxComplete, data: {'token': 36}}
