2020-01-20 10:27:18,105 - DEBUG - COM3: TX: 61697f56323f3420f4c7d1db93653a290279c8c0fd72e93448a62b977ebbee6da3fc3c0224c221acb9bbff30f905ca6ee3b2945abb181a1df6e81f9b384bcf42007fa4ed71ec0eb617563bbb413cbed69dd1373a067895227ebfad54fd908d05bbf1
2020-01-20 10:27:18,116 - DEBUG - COM3: RX: 03846900
2020-01-20 10:27:18,116 - DEBUG - COM3: parsed_packet {event: CmdRsp, data: {'opcode': 105, 'status': 0, 'data': bytearray(b'')}}
2020-01-20 10:27:18,117 - DEBUG - COM3: TX: 059f01000100
2020-01-20 10:27:18,116 - INFO - COM3: Success
2020-01-20 10:27:18,119 - DEBUG - COM3: RX: 03849f00
2020-01-20 10:27:18,122 - DEBUG - COM3: parsed_packet {event: CmdRsp, data: {'opcode': 159, 'status': 0, 'data': bytearray(b'')}}
2020-01-20 10:27:18,123 - DEBUG - COM3: TX: 1392000018eed9c2a56add85049ffc3c59ad0e12
2020-01-20 10:27:18,122 - INFO - COM3: Success
2020-01-20 10:27:18,127 - DEBUG - COM3: RX: 058492000000
2020-01-20 10:27:18,127 - DEBUG - COM3: parsed_packet {event: CmdRsp, data: {'opcode': 146, 'status': 0, 'data': bytearray(b'\x00\x00')}}
2020-01-20 10:27:18,127 - DEBUG - COM3: TX: 1597000000004f68ad85d9f48ac8589df665b6b49b8a
2020-01-20 10:27:18,127 - INFO - COM3: SubnetAdd: {'subnet_handle': 0}
2020-01-20 10:27:18,131 - DEBUG - COM3: RX: 058497000000
2020-01-20 10:27:18,131 - DEBUG - COM3: parsed_packet {event: CmdRsp, data: {'opcode': 151, 'status': 0, 'data': bytearray(b'\x00\x00')}}
2020-01-20 10:27:18,131 - DEBUG - COM3: TX: 1597010000002aa2a6ded5a0798ceab5787ca3ae39fc
2020-01-20 10:27:18,131 - INFO - COM3: AppkeyAdd: {'appkey_handle': 0}
2020-01-20 10:27:18,135 - DEBUG - COM3: RX: 058497000100
2020-01-20 10:27:18,135 - DEBUG - COM3: parsed_packet {event: CmdRsp, data: {'opcode': 151, 'status': 0, 'data': bytearray(b'\x01\x00')}}
2020-01-20 10:27:18,135 - INFO - COM3: AppkeyAdd: {'appkey_handle': 1}
2020-01-20 10:27:35,615 - DEBUG - COM3: TX: 0161
2020-01-20 10:27:35,617 - DEBUG - COM3: RX: 03846100
2020-01-20 10:27:35,617 - DEBUG - COM3: parsed_packet {event: CmdRsp, data: {'opcode': 97, 'status': 0, 'data': bytearray(b'')}}
2020-01-20 10:27:35,617 - INFO - COM3: Success
2020-01-20 10:27:36,058 - DEBUG - COM3: RX: 1ac0d9cfbd4418e74240b492f8f01d1cd1acc10001b492f8f01ddc
2020-01-20 10:27:36,058 - DEBUG - COM3: parsed_packet {event: ProvUnprovisionedReceived, data: {'uuid': bytearray(b'\xd9\xcf\xbdD\x18\xe7B@\xb4\x92\xf8\xf0\x1d\x1c\xd1\xac'), 'rssi': -63, 'gatt_supported': 0, 'adv_addr_type': 1, 'adv_addr': bytearray(b'\xb4\x92\xf8\xf0\x1d\xdc')}}
2020-01-20 10:27:36,058 - INFO - COM3: Received UUID d9cfbd4418e74240b492f8f01d1cd1ac with RSSI: -63 dB
2020-01-20 10:27:36,128 - DEBUG - COM3: RX: 1ac0c86a88bbfa034047a539d04a8ded330fc100012539d04a8ded
2020-01-20 10:27:36,128 - DEBUG - COM3: parsed_packet {event: ProvUnprovisionedReceived, data: {'uuid': bytearray(b'\xc8j\x88\xbb\xfa\x03@G\xa59\xd0J\x8d\xed3\x0f'), 'rssi': -63, 'gatt_supported': 0, 'adv_addr_type': 1, 'adv_addr': bytearray(b'%9\xd0J\x8d\xed')}}
2020-01-20 10:27:36,128 - INFO - COM3: Received UUID c86a88bbfa034047a539d04a8ded330f with RSSI: -63 dB
2020-01-20 10:27:37,515 - DEBUG - COM3: RX: 1ac0d5b91bba0508344a809923e28a48b06dbf0001c09923e28ac8
2020-01-20 10:27:37,515 - DEBUG - COM3: parsed_packet {event: ProvUnprovisionedReceived, data: {'uuid': bytearray(b'\xd5\xb9\x1b\xba\x05\x084J\x80\x99#\xe2\x8aH\xb0m'), 'rssi': -65, 'gatt_supported': 0, 'adv_addr_type': 1, 'adv_addr': bytearray(b'\xc0\x99#\xe2\x8a\xc8')}}
2020-01-20 10:27:37,515 - INFO - COM3: Received UUID d5b91bba0508344a809923e28a48b06d with RSSI: -65 dB
2020-01-20 10:27:38,066 - DEBUG - COM3: RX: 1ac0d9cfbd4418e74240b492f8f01d1cd1acbf0001b492f8f01ddc
2020-01-20 10:27:38,067 - DEBUG - COM3: parsed_packet {event: ProvUnprovisionedReceived, data: {'uuid': bytearray(b'\xd9\xcf\xbdD\x18\xe7B@\xb4\x92\xf8\xf0\x1d\x1c\xd1\xac'), 'rssi': -65, 'gatt_supported': 0, 'adv_addr_type': 1, 'adv_addr': bytearray(b'\xb4\x92\xf8\xf0\x1d\xdc')}}
2020-01-20 10:27:38,135 - DEBUG - COM3: RX: 1ac0c86a88bbfa034047a539d04a8ded330fc700012539d04a8ded
2020-01-20 10:27:38,136 - DEBUG - COM3: parsed_packet {event: ProvUnprovisionedReceived, data: {'uuid': bytearray(b'\xc8j\x88\xbb\xfa\x03@G\xa59\xd0J\x8d\xed3\x0f'), 'rssi': -57, 'gatt_supported': 0, 'adv_addr_type': 1, 'adv_addr': bytearray(b'%9\xd0J\x8d\xed')}}
2020-01-20 10:27:39,518 - DEBUG - COM3: RX: 1ac0d5b91bba0508344a809923e28a48b06dc80001c09923e28ac8
2020-01-20 10:27:39,518 - DEBUG - COM3: parsed_packet {event: ProvUnprovisionedReceived, data: {'uuid': bytearray(b'\xd5\xb9\x1b\xba\x05\x084J\x80\x99#\xe2\x8aH\xb0m'), 'rssi': -56, 'gatt_supported': 0, 'adv_addr_type': 1, 'adv_addr': bytearray(b'\xc0\x99#\xe2\x8a\xc8')}}
2020-01-20 10:27:40,068 - DEBUG - COM3: RX: 1ac0d9cfbd4418e74240b492f8f01d1cd1acbf0001b492f8f01ddc
2020-01-20 10:27:40,069 - DEBUG - COM3: parsed_packet {event: ProvUnprovisionedReceived, data: {'uuid': bytearray(b'\xd9\xcf\xbdD\x18\xe7B@\xb4\x92\xf8\xf0\x1d\x1c\xd1\xac'), 'rssi': -65, 'gatt_supported': 0, 'adv_addr_type': 1, 'adv_addr': bytearray(b'\xb4\x92\xf8\xf0\x1d\xdc')}}
2020-01-20 10:27:40,144 - DEBUG - COM3: RX: 1ac0c86a88bbfa034047a539d04a8ded330fbe00012539d04a8ded
2020-01-20 10:27:40,144 - DEBUG - COM3: parsed_packet {event: ProvUnprovisionedReceived, data: {'uuid': bytearray(b'\xc8j\x88\xbb\xfa\x03@G\xa59\xd0J\x8d\xed3\x0f'), 'rssi': -66, 'gatt_supported': 0, 'adv_addr_type': 1, 'adv_addr': bytearray(b'%9\xd0J\x8d\xed')}}
2020-01-20 10:27:40,616 - DEBUG - COM3: TX: 0162
2020-01-20 10:27:40,617 - DEBUG - COM3: RX: 03846200
2020-01-20 10:27:40,617 - DEBUG - COM3: parsed_packet {event: CmdRsp, data: {'opcode': 98, 'status': 0, 'data': bytearray(b'')}}
2020-01-20 10:27:40,617 - INFO - COM3: Success
