2020-01-20 11:14:08,272 - DEBUG - COM3: TX: 6169eb97e46980c9caff47c53ff89ae73cc5c40e849e8c92c585d7ef3a4908efecf25458e4306a90f92752504c1f11657afa74138adfbc35397319cbd30bfff59425209db2f32a4521bf4e2b90ada536d6b68e629cf86281070d8ade6fffc4967f7e
2020-01-20 11:14:08,282 - DEBUG - COM3: RX: 03846900
2020-01-20 11:14:08,282 - DEBUG - COM3: parsed_packet {event: CmdRsp, data: {'opcode': 105, 'status': 0, 'data': bytearray(b'')}}
2020-01-20 11:14:08,284 - DEBUG - COM3: TX: 059f01000100
2020-01-20 11:14:08,282 - INFO - COM3: Success
2020-01-20 11:14:08,286 - DEBUG - COM3: RX: 03849f00
2020-01-20 11:14:08,288 - DEBUG - COM3: parsed_packet {event: CmdRsp, data: {'opcode': 159, 'status': 0, 'data': bytearray(b'')}}
2020-01-20 11:14:08,288 - DEBUG - COM3: TX: 1392000018eed9c2a56add85049ffc3c59ad0e12
2020-01-20 11:14:08,288 - INFO - COM3: Success
2020-01-20 11:14:08,292 - DEBUG - COM3: RX: 058492000000
2020-01-20 11:14:08,292 - DEBUG - COM3: parsed_packet {event: CmdRsp, data: {'opcode': 146, 'status': 0, 'data': bytearray(b'\x00\x00')}}
2020-01-20 11:14:08,292 - DEBUG - COM3: TX: 1597000000004f68ad85d9f48ac8589df665b6b49b8a
2020-01-20 11:14:08,292 - INFO - COM3: SubnetAdd: {'subnet_handle': 0}
2020-01-20 11:14:08,296 - DEBUG - COM3: RX: 058497000000
2020-01-20 11:14:08,296 - DEBUG - COM3: parsed_packet {event: CmdRsp, data: {'opcode': 151, 'status': 0, 'data': bytearray(b'\x00\x00')}}
2020-01-20 11:14:08,296 - DEBUG - COM3: TX: 1597010000002aa2a6ded5a0798ceab5787ca3ae39fc
2020-01-20 11:14:08,296 - INFO - COM3: AppkeyAdd: {'appkey_handle': 0}
2020-01-20 11:14:08,300 - DEBUG - COM3: RX: 058497000100
2020-01-20 11:14:08,300 - DEBUG - COM3: parsed_packet {event: CmdRsp, data: {'opcode': 151, 'status': 0, 'data': bytearray(b'\x01\x00')}}
2020-01-20 11:14:08,300 - INFO - COM3: AppkeyAdd: {'appkey_handle': 1}
2020-01-20 11:14:23,120 - DEBUG - COM3: TX: 0161
2020-01-20 11:14:23,122 - DEBUG - COM3: RX: 03846100
2020-01-20 11:14:23,122 - DEBUG - COM3: parsed_packet {event: CmdRsp, data: {'opcode': 97, 'status': 0, 'data': bytearray(b'')}}
2020-01-20 11:14:23,122 - INFO - COM3: Success
2020-01-20 11:14:23,140 - DEBUG - COM3: RX: 1ac0d5b91bba0508344a809923e28a48b06dc80001c09923e28ac8
2020-01-20 11:14:23,140 - DEBUG - COM3: parsed_packet {event: ProvUnprovisionedReceived, data: {'uuid': bytearray(b'\xd5\xb9\x1b\xba\x05\x084J\x80\x99#\xe2\x8aH\xb0m'), 'rssi': -56, 'gatt_supported': 0, 'adv_addr_type': 1, 'adv_addr': bytearray(b'\xc0\x99#\xe2\x8a\xc8')}}
2020-01-20 11:14:23,140 - INFO - COM3: Received UUID d5b91bba0508344a809923e28a48b06d with RSSI: -56 dB
2020-01-20 11:14:23,342 - DEBUG - COM3: RX: 1ac0d9cfbd4418e74240b492f8f01d1cd1acc10001b492f8f01ddc
2020-01-20 11:14:23,342 - DEBUG - COM3: parsed_packet {event: ProvUnprovisionedReceived, data: {'uuid': bytearray(b'\xd9\xcf\xbdD\x18\xe7B@\xb4\x92\xf8\xf0\x1d\x1c\xd1\xac'), 'rssi': -63, 'gatt_supported': 0, 'adv_addr_type': 1, 'adv_addr': bytearray(b'\xb4\x92\xf8\xf0\x1d\xdc')}}
2020-01-20 11:14:23,342 - INFO - COM3: Received UUID d9cfbd4418e74240b492f8f01d1cd1ac with RSSI: -63 dB
2020-01-20 11:14:24,607 - DEBUG - COM3: RX: 1ac0c86a88bbfa034047a539d04a8ded330fc400012539d04a8ded
2020-01-20 11:14:24,607 - DEBUG - COM3: parsed_packet {event: ProvUnprovisionedReceived, data: {'uuid': bytearray(b'\xc8j\x88\xbb\xfa\x03@G\xa59\xd0J\x8d\xed3\x0f'), 'rssi': -60, 'gatt_supported': 0, 'adv_addr_type': 1, 'adv_addr': bytearray(b'%9\xd0J\x8d\xed')}}
2020-01-20 11:14:24,607 - INFO - COM3: Received UUID c86a88bbfa034047a539d04a8ded330f with RSSI: -60 dB
2020-01-20 11:14:25,144 - DEBUG - COM3: RX: 1ac0d5b91bba0508344a809923e28a48b06dc40001c09923e28ac8
2020-01-20 11:14:25,144 - DEBUG - COM3: parsed_packet {event: ProvUnprovisionedReceived, data: {'uuid': bytearray(b'\xd5\xb9\x1b\xba\x05\x084J\x80\x99#\xe2\x8aH\xb0m'), 'rssi': -60, 'gatt_supported': 0, 'adv_addr_type': 1, 'adv_addr': bytearray(b'\xc0\x99#\xe2\x8a\xc8')}}
2020-01-20 11:14:25,345 - DEBUG - COM3: RX: 1ac0d9cfbd4418e74240b492f8f01d1cd1acc30001b492f8f01ddc
2020-01-20 11:14:25,345 - DEBUG - COM3: parsed_packet {event: ProvUnprovisionedReceived, data: {'uuid': bytearray(b'\xd9\xcf\xbdD\x18\xe7B@\xb4\x92\xf8\xf0\x1d\x1c\xd1\xac'), 'rssi': -61, 'gatt_supported': 0, 'adv_addr_type': 1, 'adv_addr': bytearray(b'\xb4\x92\xf8\xf0\x1d\xdc')}}
2020-01-20 11:14:26,616 - DEBUG - COM3: RX: 1ac0c86a88bbfa034047a539d04a8ded330fc000012539d04a8ded
2020-01-20 11:14:26,617 - DEBUG - COM3: parsed_packet {event: ProvUnprovisionedReceived, data: {'uuid': bytearray(b'\xc8j\x88\xbb\xfa\x03@G\xa59\xd0J\x8d\xed3\x0f'), 'rssi': -64, 'gatt_supported': 0, 'adv_addr_type': 1, 'adv_addr': bytearray(b'%9\xd0J\x8d\xed')}}
2020-01-20 11:14:27,150 - DEBUG - COM3: RX: 1ac0d5b91bba0508344a809923e28a48b06dc20001c09923e28ac8
2020-01-20 11:14:27,150 - DEBUG - COM3: parsed_packet {event: ProvUnprovisionedReceived, data: {'uuid': bytearray(b'\xd5\xb9\x1b\xba\x05\x084J\x80\x99#\xe2\x8aH\xb0m'), 'rssi': -62, 'gatt_supported': 0, 'adv_addr_type': 1, 'adv_addr': bytearray(b'\xc0\x99#\xe2\x8a\xc8')}}
2020-01-20 11:14:27,347 - DEBUG - COM3: RX: 1ac0d9cfbd4418e74240b492f8f01d1cd1acb80001b492f8f01ddc
2020-01-20 11:14:27,347 - DEBUG - COM3: parsed_packet {event: ProvUnprovisionedReceived, data: {'uuid': bytearray(b'\xd9\xcf\xbdD\x18\xe7B@\xb4\x92\xf8\xf0\x1d\x1c\xd1\xac'), 'rssi': -72, 'gatt_supported': 0, 'adv_addr_type': 1, 'adv_addr': bytearray(b'\xb4\x92\xf8\xf0\x1d\xdc')}}
2020-01-20 11:14:28,120 - DEBUG - COM3: TX: 0162
2020-01-20 11:14:28,121 - DEBUG - COM3: RX: 03846200
2020-01-20 11:14:28,121 - DEBUG - COM3: parsed_packet {event: CmdRsp, data: {'opcode': 98, 'status': 0, 'data': bytearray(b'')}}
2020-01-20 11:14:28,121 - INFO - COM3: Success
2020-01-20 11:14:43,266 - DEBUG - COM3: TX: 2d6300d9cfbd4418e74240b492f8f01d1cd1ac18eed9c2a56add85049ffc3c59ad0e120000000000001f00000000
2020-01-20 11:14:43,272 - DEBUG - COM3: RX: 0484630000
2020-01-20 11:14:43,272 - DEBUG - COM3: parsed_packet {event: CmdRsp, data: {'opcode': 99, 'status': 0, 'data': bytearray(b'\x00')}}
2020-01-20 11:14:43,272 - INFO - COM3: Provision: {'context': 0}
2020-01-20 11:14:43,285 - DEBUG - COM3: RX: 02c100
2020-01-20 11:14:43,285 - DEBUG - COM3: parsed_packet {event: ProvLinkEstablished, data: {'context_id': 0}}
2020-01-20 11:14:43,286 - INFO - COM3: Link established
2020-01-20 11:14:43,334 - DEBUG - COM3: RX: 0bc300050001000000000000
2020-01-20 11:14:43,334 - DEBUG - COM3: parsed_packet {event: ProvCapsReceived, data: {'context_id': 0, 'num_elements': 5, 'public_key_type': 0, 'static_oob_types': 1, 'output_oob_size': 0, 'output_oob_actions': 0, 'input_oob_size': 0, 'input_oob_actions': 0}}
2020-01-20 11:14:43,335 - INFO - COM3: Received capabilities
2020-01-20 11:14:43,335 - INFO - COM3: Number of elements: 5
2020-01-20 11:14:43,335 - DEBUG - COM3: TX: 056600000000
2020-01-20 11:14:43,337 - DEBUG - COM3: RX: 0484660000
2020-01-20 11:14:43,338 - DEBUG - COM3: parsed_packet {event: CmdRsp, data: {'opcode': 102, 'status': 0, 'data': bytearray(b'\x00')}}
2020-01-20 11:14:43,338 - INFO - COM3: OobUse: {'context': 0}
2020-01-20 11:14:43,552 - DEBUG - COM3: RX: 62c7002052631b1aabeed3f02c5f9c7f698cc56236669bcaccf4f919d60634e5bcaef889aba252fa0d5513a195f540d7f72fddfa2541ef2c58fe8d6f874590a3900d50eb97e46980c9caff47c53ff89ae73cc5c40e849e8c92c585d7ef3a4908efecf2
2020-01-20 11:14:43,552 - DEBUG - COM3: parsed_packet {event: ProvEcdhRequest, data: {'context_id': 0, 'peer_public': bytearray(b' Rc\x1b\x1a\xab\xee\xd3\xf0,_\x9c\x7fi\x8c\xc5b6f\x9b\xca\xcc\xf4\xf9\x19\xd6\x064\xe5\xbc\xae\xf8\x89\xab\xa2R\xfa\rU\x13\xa1\x95\xf5@\xd7\xf7/\xdd\xfa%A\xef,X\xfe\x8do\x87E\x90\xa3\x90\rP'), 'node_private': bytearray(b'\xeb\x97\xe4i\x80\xc9\xca\xffG\xc5?\xf8\x9a\xe7<\xc5\xc4\x0e\x84\x9e\x8c\x92\xc5\x85\xd7\xef:I\x08\xef\xec\xf2')}}
2020-01-20 11:14:43,553 - INFO - COM3: ECDH request received
2020-01-20 11:14:43,554 - DEBUG - COM3: TX: 2268003d9b498bbfb2fa60e9819a35d6d16aba1652e2fcc47f20b67db93c3f5f7338a3
2020-01-20 11:14:43,560 - DEBUG - COM3: RX: 0484680000
2020-01-20 11:14:43,560 - DEBUG - COM3: parsed_packet {event: CmdRsp, data: {'opcode': 104, 'status': 0, 'data': bytearray(b'\x00')}}
2020-01-20 11:14:43,561 - INFO - COM3: EcdhSecret: {'context': 0}
2020-01-20 11:14:45,913 - DEBUG - COM3: RX: 2cc5000000000000001f00000012ffa5f004c20397c5191c5c138da3a018eed9c2a56add85049ffc3c59ad0e12
2020-01-20 11:14:45,913 - DEBUG - COM3: parsed_packet {event: ProvComplete, data: {'context_id': 0, 'iv_index': 0, 'net_key_index': 0, 'address': 31, 'iv_update_flag': 0, 'key_refresh_flag': 0, 'device_key': bytearray(b'\x12\xff\xa5\xf0\x04\xc2\x03\x97\xc5\x19\x1c\\\x13\x8d\xa3\xa0'), 'net_key': bytearray(b'\x18\xee\xd9\xc2\xa5j\xdd\x85\x04\x9f\xfc<Y\xad\x0e\x12')}}
2020-01-20 11:14:45,914 - INFO - COM3: Provisioning complete
2020-01-20 11:14:45,914 - INFO - COM3: 	Address(es): 0x1f-0x23
2020-01-20 11:14:45,914 - INFO - COM3: 	Device key: 12ffa5f004c20397c5191c5c138da3a0
2020-01-20 11:14:45,915 - INFO - COM3: 	Network key: 18eed9c2a56add85049ffc3c59ad0e12
2020-01-20 11:14:45,915 - INFO - COM3: Adding device key to subnet 0
2020-01-20 11:14:45,915 - INFO - COM3: Adding publication address of root element
2020-01-20 11:14:45,916 - DEBUG - COM3: TX: 159c1f00000012ffa5f004c20397c5191c5c138da3a0
2020-01-20 11:14:45,916 - DEBUG - COM3: TX: 03a41f00
2020-01-20 11:14:45,921 - DEBUG - COM3: RX: 05849c000800
2020-01-20 11:14:45,921 - DEBUG - COM3: parsed_packet {event: CmdRsp, data: {'opcode': 156, 'status': 0, 'data': bytearray(b'\x08\x00')}}
2020-01-20 11:14:45,921 - INFO - COM3: DevkeyAdd: {'devkey_handle': 8}
2020-01-20 11:14:45,922 - DEBUG - COM3: RX: 0584a4000000
2020-01-20 11:14:45,922 - DEBUG - COM3: parsed_packet {event: CmdRsp, data: {'opcode': 164, 'status': 0, 'data': bytearray(b'\x00\x00')}}
2020-01-20 11:14:45,922 - INFO - COM3: AddrPublicationAdd: {'address_handle': 0}
2020-01-20 11:14:46,007 - DEBUG - COM3: RX: 03c20000
2020-01-20 11:14:46,007 - DEBUG - COM3: parsed_packet {event: ProvLinkClosed, data: {'context_id': 0, 'close_reason': 0}}
2020-01-20 11:14:46,007 - INFO - COM3: Provisioning link closed
2020-01-20 11:15:21,450 - DEBUG - COM3.ConfigurationClient: Sending opcode: 8008, data: 00
2020-01-20 11:15:21,450 - DEBUG - COM3: TX: 0eab08000100000008000000800800
2020-01-20 11:15:21,453 - DEBUG - COM3: RX: 0784ab0001000000
2020-01-20 11:15:21,453 - DEBUG - COM3: parsed_packet {event: CmdRsp, data: {'opcode': 171, 'status': 0, 'data': bytearray(b'\x01\x00\x00\x00')}}
2020-01-20 11:15:21,453 - INFO - COM3: PacketSend: {'token': 1}
2020-01-20 11:15:21,470 - DEBUG - COM3: RX: 05d201000000
2020-01-20 11:15:21,470 - DEBUG - COM3: parsed_packet {event: MeshTxComplete, data: {'token': 1}}
2020-01-20 11:15:21,471 - INFO - COM3: {event: MeshTxComplete, data: {'token': 1}}
2020-01-20 11:15:21,539 - DEBUG - COM3: RX: 2ad01f000100080000000401b492f8f01ddcba1600020059000000000028000f0000000300000002000210
2020-01-20 11:15:21,540 - DEBUG - COM3: parsed_packet {event: MeshMessageReceivedUnicast, data: {'src': 31, 'dst': 1, 'appkey_handle': 8, 'subnet_handle': 0, 'ttl': 4, 'adv_addr_type': 1, 'adv_addr': bytearray(b'\xb4\x92\xf8\xf0\x1d\xdc'), 'rssi': -70, 'actual_length': 22, 'data': bytearray(b'\x02\x00Y\x00\x00\x00\x00\x00(\x00\x0f\x00\x00\x00\x03\x00\x00\x00\x02\x00\x02\x10')}}
2020-01-20 11:15:21,548 - INFO - COM3.ConfigurationClient: Received composition data (page 0x00): {
  "cid": "0059",
  "pid": "0000",
  "vid": "0000",
  "crpl": 40,
  "features": {
    "relay": 0,
    "proxy": 0,
    "friend": 0,
    "low_power": 0
  },
  "elements": [
    {
      "index": 0,
      "location": "0000",
      "models": [
        {
          "modelId": "0000"
        },
        {
          "modelId": "0002"
        },
        {
          "modelId": "1002"
        }
      ]
    }
  ]
}
2020-01-20 11:15:21,548 - DEBUG - COM3: Message Opcode bytearray(b'\x02'), Data bytearray(b'\x00Y\x00\x00\x00\x00\x00(\x00\x0f\x00\x00\x00\x03\x00\x00\x00\x02\x00\x02\x10') unknown for model <mesh.access.Access object at 0x000001D8FF280760>.
2020-01-20 11:15:21,549 - DEBUG - COM3: Message Opcode bytearray(b'\x02'), Data bytearray(b'\x00Y\x00\x00\x00\x00\x00(\x00\x0f\x00\x00\x00\x03\x00\x00\x00\x02\x00\x02\x10') unknown for model <mesh.access.Access object at 0x000001D8FF280760>.
2020-01-20 11:15:23,450 - DEBUG - COM3.ConfigurationClient: Sending opcode: 00, data: 0000004f68ad85d9f48ac8589df665b6b49b8a
2020-01-20 11:15:23,450 - DEBUG - COM3: TX: 1fab08000100000008000000000000004f68ad85d9f48ac8589df665b6b49b8a
2020-01-20 11:15:23,456 - DEBUG - COM3: RX: 0784ab0002000000
2020-01-20 11:15:23,456 - DEBUG - COM3: parsed_packet {event: CmdRsp, data: {'opcode': 171, 'status': 0, 'data': bytearray(b'\x02\x00\x00\x00')}}
2020-01-20 11:15:23,456 - INFO - COM3: PacketSend: {'token': 2}
2020-01-20 11:15:23,498 - DEBUG - COM3: RX: 05d202000000
2020-01-20 11:15:23,499 - DEBUG - COM3: parsed_packet {event: MeshTxComplete, data: {'token': 2}}
2020-01-20 11:15:23,499 - INFO - COM3: {event: MeshTxComplete, data: {'token': 2}}
2020-01-20 11:15:23,527 - DEBUG - COM3: RX: 1ad01f000100080000000401b492f8f01ddcc20600800300000000
2020-01-20 11:15:23,527 - DEBUG - COM3: parsed_packet {event: MeshMessageReceivedUnicast, data: {'src': 31, 'dst': 1, 'appkey_handle': 8, 'subnet_handle': 0, 'ttl': 4, 'adv_addr_type': 1, 'adv_addr': bytearray(b'\xb4\x92\xf8\xf0\x1d\xdc'), 'rssi': -62, 'actual_length': 6, 'data': bytearray(b'\x80\x03\x00\x00\x00\x00')}}
2020-01-20 11:15:23,527 - INFO - COM3.ConfigurationClient: Appkey status: AccessStatus.SUCCESS
2020-01-20 11:15:23,533 - INFO - COM3.ConfigurationClient: Appkey add 0 succeded for subnet 0 at node 001f
2020-01-20 11:15:23,534 - DEBUG - COM3: Message Opcode bytearray(b'\x80\x03'), Data bytearray(b'\x00\x00\x00\x00') unknown for model <mesh.access.Access object at 0x000001D8FF280760>.
2020-01-20 11:15:23,534 - DEBUG - COM3: Message Opcode bytearray(b'\x80\x03'), Data bytearray(b'\x00\x00\x00\x00') unknown for model <mesh.access.Access object at 0x000001D8FF280760>.
2020-01-20 11:15:24,450 - DEBUG - COM3.ConfigurationClient: Sending opcode: 803d, data: 1f0000000210
2020-01-20 11:15:24,450 - DEBUG - COM3: TX: 13ab08000100000008000000803d1f0000000210
2020-01-20 11:15:24,454 - DEBUG - COM3: RX: 0784ab0003000000
2020-01-20 11:15:24,454 - DEBUG - COM3: parsed_packet {event: CmdRsp, data: {'opcode': 171, 'status': 0, 'data': bytearray(b'\x03\x00\x00\x00')}}
2020-01-20 11:15:24,454 - INFO - COM3: PacketSend: {'token': 3}
2020-01-20 11:15:24,464 - DEBUG - COM3: RX: 05d203000000
2020-01-20 11:15:24,464 - DEBUG - COM3: parsed_packet {event: MeshTxComplete, data: {'token': 3}}
2020-01-20 11:15:24,464 - INFO - COM3: {event: MeshTxComplete, data: {'token': 3}}
2020-01-20 11:20:06,380 - DEBUG - COM3: RX: 00
2020-01-20 11:20:06,381 - ERROR - COM3: Invalid packet: bytearray(b'\x00')
2020-01-20 11:20:06,796 - DEBUG - COM3: RX: 04810200fe
2020-01-20 11:20:06,796 - DEBUG - COM3: parsed_packet {event: DeviceStarted, data: {'operating_mode': 2, 'hw_error': 0, 'data_credit_available': 254}}
2020-01-20 11:20:06,796 - INFO - COM3: Device rebooted.
