2020-01-20 09:40:22,032 - DEBUG - COM3: TX: 6169f3ab38a8d85efdf33e83cc7916b9f96fd0964d6ace6ac0a2f5d5e0fda9e72522ceef63c2290a4228923d9540e756a222b9ac02108aa5ad3579447a6ca391ca737cd2d39a8c97ccf533a41c14d0f0cc556cd5767314a8c329d78d58007ca4f12e
2020-01-20 09:40:22,044 - DEBUG - COM3: RX: 03846900
2020-01-20 09:40:22,044 - DEBUG - COM3: parsed_packet {event: CmdRsp, data: {'opcode': 105, 'status': 0, 'data': bytearray(b'')}}
2020-01-20 09:40:22,044 - DEBUG - COM3: TX: 059f01000100
2020-01-20 09:40:22,044 - INFO - COM3: Success
2020-01-20 09:40:22,047 - DEBUG - COM3: RX: 03849f8e
2020-01-20 09:40:22,050 - DEBUG - COM3: parsed_packet {event: CmdRsp, data: {'opcode': 159, 'status': 142, 'data': bytearray(b'')}}
2020-01-20 09:40:22,051 - DEBUG - COM3: TX: 1392000018eed9c2a56add85049ffc3c59ad0e12
2020-01-20 09:40:22,050 - ERROR - COM3: None: ERROR_REJECTED
2020-01-20 09:40:22,054 - DEBUG - COM3: RX: 03849281
2020-01-20 09:40:22,054 - DEBUG - COM3: parsed_packet {event: CmdRsp, data: {'opcode': 146, 'status': 129, 'data': bytearray(b'')}}
2020-01-20 09:40:22,054 - DEBUG - COM3: TX: 1597000000004f68ad85d9f48ac8589df665b6b49b8a
2020-01-20 09:40:22,054 - ERROR - COM3: SubnetAdd: ERROR_INTERNAL
2020-01-20 09:40:22,058 - DEBUG - COM3: RX: 03849781
2020-01-20 09:40:22,058 - DEBUG - COM3: parsed_packet {event: CmdRsp, data: {'opcode': 151, 'status': 129, 'data': bytearray(b'')}}
2020-01-20 09:40:22,058 - DEBUG - COM3: TX: 1597010000002aa2a6ded5a0798ceab5787ca3ae39fc
2020-01-20 09:40:22,058 - ERROR - COM3: AppkeyAdd: ERROR_INTERNAL
2020-01-20 09:40:22,062 - DEBUG - COM3: RX: 03849781
2020-01-20 09:40:22,062 - DEBUG - COM3: parsed_packet {event: CmdRsp, data: {'opcode': 151, 'status': 129, 'data': bytearray(b'')}}
2020-01-20 09:40:22,062 - ERROR - COM3: AppkeyAdd: ERROR_INTERNAL
