2020-01-20 14:25:47,541 - DEBUG - COM3: TX: 6169a6fa359ff05d802e301d578611b995000b5531ac532fab463e5b2fad73d62ba8546661ac7371b19e994fd2c90b92b77fc1ab99d53b09749d36c0a1a8b904ba51163d419fb73db57bbbac060c98048cc62338cd732a2b6c2c48f4acb6f2ce3b9c
2020-01-20 14:25:47,552 - DEBUG - COM3: RX: 03846900
2020-01-20 14:25:47,552 - DEBUG - COM3: parsed_packet {event: CmdRsp, data: {'opcode': 105, 'status': 0, 'data': bytearray(b'')}}
2020-01-20 14:25:47,553 - DEBUG - COM3: TX: 059f01000100
2020-01-20 14:25:47,553 - INFO - COM3: Success
2020-01-20 14:25:47,555 - DEBUG - COM3: RX: 03849f00
2020-01-20 14:25:47,564 - DEBUG - COM3: parsed_packet {event: CmdRsp, data: {'opcode': 159, 'status': 0, 'data': bytearray(b'')}}
2020-01-20 14:25:47,564 - DEBUG - COM3: TX: 1392000018eed9c2a56add85049ffc3c59ad0e12
2020-01-20 14:25:47,564 - INFO - COM3: Success
2020-01-20 14:25:47,569 - DEBUG - COM3: RX: 058492000000
2020-01-20 14:25:47,569 - DEBUG - COM3: parsed_packet {event: CmdRsp, data: {'opcode': 146, 'status': 0, 'data': bytearray(b'\x00\x00')}}
2020-01-20 14:25:47,570 - DEBUG - COM3: TX: 1597000000004f68ad85d9f48ac8589df665b6b49b8a
2020-01-20 14:25:47,569 - INFO - COM3: SubnetAdd: {'subnet_handle': 0}
2020-01-20 14:25:47,574 - DEBUG - COM3: RX: 058497000000
2020-01-20 14:25:47,574 - DEBUG - COM3: parsed_packet {event: CmdRsp, data: {'opcode': 151, 'status': 0, 'data': bytearray(b'\x00\x00')}}
2020-01-20 14:25:47,574 - DEBUG - COM3: TX: 1597010000002aa2a6ded5a0798ceab5787ca3ae39fc
2020-01-20 14:25:47,574 - INFO - COM3: AppkeyAdd: {'appkey_handle': 0}
2020-01-20 14:25:47,579 - DEBUG - COM3: RX: 058497000100
2020-01-20 14:25:47,579 - DEBUG - COM3: parsed_packet {event: CmdRsp, data: {'opcode': 151, 'status': 0, 'data': bytearray(b'\x01\x00')}}
2020-01-20 14:25:47,579 - INFO - COM3: AppkeyAdd: {'appkey_handle': 1}
2020-01-20 14:25:58,305 - DEBUG - COM3: TX: 0161
2020-01-20 14:25:58,305 - DEBUG - COM3: RX: 03846100
2020-01-20 14:25:58,305 - DEBUG - COM3: parsed_packet {event: CmdRsp, data: {'opcode': 97, 'status': 0, 'data': bytearray(b'')}}
2020-01-20 14:25:58,305 - INFO - COM3: Success
2020-01-20 14:25:58,321 - DEBUG - COM3: RX: 1ac064348854c4ba6d4b9577d61386619776c400019577d61386e1
2020-01-20 14:25:58,321 - DEBUG - COM3: parsed_packet {event: ProvUnprovisionedReceived, data: {'uuid': bytearray(b'd4\x88T\xc4\xbamK\x95w\xd6\x13\x86a\x97v'), 'rssi': -60, 'gatt_supported': 0, 'adv_addr_type': 1, 'adv_addr': bytearray(b'\x95w\xd6\x13\x86\xe1')}}
2020-01-20 14:25:58,321 - INFO - COM3: Received UUID 64348854c4ba6d4b9577d61386619776 with RSSI: -60 dB
2020-01-20 14:25:58,431 - DEBUG - COM3: RX: 1ac0d5b91bba0508344a809923e28a48b06dc30001c09923e28ac8
2020-01-20 14:25:58,431 - DEBUG - COM3: parsed_packet {event: ProvUnprovisionedReceived, data: {'uuid': bytearray(b'\xd5\xb9\x1b\xba\x05\x084J\x80\x99#\xe2\x8aH\xb0m'), 'rssi': -61, 'gatt_supported': 0, 'adv_addr_type': 1, 'adv_addr': bytearray(b'\xc0\x99#\xe2\x8a\xc8')}}
2020-01-20 14:25:58,431 - INFO - COM3: Received UUID d5b91bba0508344a809923e28a48b06d with RSSI: -61 dB
2020-01-20 14:25:58,625 - DEBUG - COM3: RX: 1ac0d9cfbd4418e74240b492f8f01d1cd1acc20001b492f8f01ddc
2020-01-20 14:25:58,625 - DEBUG - COM3: parsed_packet {event: ProvUnprovisionedReceived, data: {'uuid': bytearray(b'\xd9\xcf\xbdD\x18\xe7B@\xb4\x92\xf8\xf0\x1d\x1c\xd1\xac'), 'rssi': -62, 'gatt_supported': 0, 'adv_addr_type': 1, 'adv_addr': bytearray(b'\xb4\x92\xf8\xf0\x1d\xdc')}}
2020-01-20 14:25:58,625 - INFO - COM3: Received UUID d9cfbd4418e74240b492f8f01d1cd1ac with RSSI: -62 dB
2020-01-20 14:26:00,082 - DEBUG - COM3: RX: 1ac0c86a88bbfa034047a539d04a8ded330fc600012539d04a8ded
2020-01-20 14:26:00,082 - DEBUG - COM3: parsed_packet {event: ProvUnprovisionedReceived, data: {'uuid': bytearray(b'\xc8j\x88\xbb\xfa\x03@G\xa59\xd0J\x8d\xed3\x0f'), 'rssi': -58, 'gatt_supported': 0, 'adv_addr_type': 1, 'adv_addr': bytearray(b'%9\xd0J\x8d\xed')}}
2020-01-20 14:26:00,082 - INFO - COM3: Received UUID c86a88bbfa034047a539d04a8ded330f with RSSI: -58 dB
2020-01-20 14:26:00,329 - DEBUG - COM3: RX: 1ac064348854c4ba6d4b9577d61386619776c200019577d61386e1
2020-01-20 14:26:00,330 - DEBUG - COM3: parsed_packet {event: ProvUnprovisionedReceived, data: {'uuid': bytearray(b'd4\x88T\xc4\xbamK\x95w\xd6\x13\x86a\x97v'), 'rssi': -62, 'gatt_supported': 0, 'adv_addr_type': 1, 'adv_addr': bytearray(b'\x95w\xd6\x13\x86\xe1')}}
2020-01-20 14:26:00,446 - DEBUG - COM3: RX: 1ac0d5b91bba0508344a809923e28a48b06dc70001c09923e28ac8
2020-01-20 14:26:00,446 - DEBUG - COM3: parsed_packet {event: ProvUnprovisionedReceived, data: {'uuid': bytearray(b'\xd5\xb9\x1b\xba\x05\x084J\x80\x99#\xe2\x8aH\xb0m'), 'rssi': -57, 'gatt_supported': 0, 'adv_addr_type': 1, 'adv_addr': bytearray(b'\xc0\x99#\xe2\x8a\xc8')}}
2020-01-20 14:26:00,643 - DEBUG - COM3: RX: 1ac0d9cfbd4418e74240b492f8f01d1cd1acc40001b492f8f01ddc
2020-01-20 14:26:00,643 - DEBUG - COM3: parsed_packet {event: ProvUnprovisionedReceived, data: {'uuid': bytearray(b'\xd9\xcf\xbdD\x18\xe7B@\xb4\x92\xf8\xf0\x1d\x1c\xd1\xac'), 'rssi': -60, 'gatt_supported': 0, 'adv_addr_type': 1, 'adv_addr': bytearray(b'\xb4\x92\xf8\xf0\x1d\xdc')}}
2020-01-20 14:26:02,092 - DEBUG - COM3: RX: 1ac0c86a88bbfa034047a539d04a8ded330fb200012539d04a8ded
2020-01-20 14:26:02,093 - DEBUG - COM3: parsed_packet {event: ProvUnprovisionedReceived, data: {'uuid': bytearray(b'\xc8j\x88\xbb\xfa\x03@G\xa59\xd0J\x8d\xed3\x0f'), 'rssi': -78, 'gatt_supported': 0, 'adv_addr_type': 1, 'adv_addr': bytearray(b'%9\xd0J\x8d\xed')}}
2020-01-20 14:26:02,338 - DEBUG - COM3: RX: 1ac064348854c4ba6d4b9577d61386619776c200019577d61386e1
2020-01-20 14:26:02,338 - DEBUG - COM3: parsed_packet {event: ProvUnprovisionedReceived, data: {'uuid': bytearray(b'd4\x88T\xc4\xbamK\x95w\xd6\x13\x86a\x97v'), 'rssi': -62, 'gatt_supported': 0, 'adv_addr_type': 1, 'adv_addr': bytearray(b'\x95w\xd6\x13\x86\xe1')}}
2020-01-20 14:26:02,450 - DEBUG - COM3: RX: 1ac0d5b91bba0508344a809923e28a48b06dab0001c09923e28ac8
2020-01-20 14:26:02,450 - DEBUG - COM3: parsed_packet {event: ProvUnprovisionedReceived, data: {'uuid': bytearray(b'\xd5\xb9\x1b\xba\x05\x084J\x80\x99#\xe2\x8aH\xb0m'), 'rssi': -85, 'gatt_supported': 0, 'adv_addr_type': 1, 'adv_addr': bytearray(b'\xc0\x99#\xe2\x8a\xc8')}}
2020-01-20 14:26:02,645 - DEBUG - COM3: RX: 1ac0d9cfbd4418e74240b492f8f01d1cd1acba0001b492f8f01ddc
2020-01-20 14:26:02,645 - DEBUG - COM3: parsed_packet {event: ProvUnprovisionedReceived, data: {'uuid': bytearray(b'\xd9\xcf\xbdD\x18\xe7B@\xb4\x92\xf8\xf0\x1d\x1c\xd1\xac'), 'rssi': -70, 'gatt_supported': 0, 'adv_addr_type': 1, 'adv_addr': bytearray(b'\xb4\x92\xf8\xf0\x1d\xdc')}}
2020-01-20 14:26:03,313 - DEBUG - COM3: TX: 0162
2020-01-20 14:26:03,313 - DEBUG - COM3: RX: 03846200
2020-01-20 14:26:03,313 - DEBUG - COM3: parsed_packet {event: CmdRsp, data: {'opcode': 98, 'status': 0, 'data': bytearray(b'')}}
2020-01-20 14:26:03,313 - INFO - COM3: Success
2020-01-20 14:26:16,927 - DEBUG - COM3: TX: 2d6300d9cfbd4418e74240b492f8f01d1cd1ac18eed9c2a56add85049ffc3c59ad0e120000000000001200000000
2020-01-20 14:26:16,927 - DEBUG - COM3: RX: 0484630000
2020-01-20 14:26:16,927 - DEBUG - COM3: parsed_packet {event: CmdRsp, data: {'opcode': 99, 'status': 0, 'data': bytearray(b'\x00')}}
2020-01-20 14:26:16,927 - INFO - COM3: Provision: {'context': 0}
2020-01-20 14:26:16,942 - DEBUG - COM3: RX: 02c100
2020-01-20 14:26:16,942 - DEBUG - COM3: parsed_packet {event: ProvLinkEstablished, data: {'context_id': 0}}
2020-01-20 14:26:16,942 - INFO - COM3: Link established
2020-01-20 14:26:17,013 - DEBUG - COM3: RX: 0bc300050001000000000000
2020-01-20 14:26:17,013 - DEBUG - COM3: parsed_packet {event: ProvCapsReceived, data: {'context_id': 0, 'num_elements': 5, 'public_key_type': 0, 'static_oob_types': 1, 'output_oob_size': 0, 'output_oob_actions': 0, 'input_oob_size': 0, 'input_oob_actions': 0}}
2020-01-20 14:26:17,013 - INFO - COM3: Received capabilities
2020-01-20 14:26:17,013 - INFO - COM3: Number of elements: 5
2020-01-20 14:26:17,014 - DEBUG - COM3: TX: 056600000000
2020-01-20 14:26:17,016 - DEBUG - COM3: RX: 0484660000
2020-01-20 14:26:17,016 - DEBUG - COM3: parsed_packet {event: CmdRsp, data: {'opcode': 102, 'status': 0, 'data': bytearray(b'\x00')}}
2020-01-20 14:26:17,016 - INFO - COM3: OobUse: {'context': 0}
2020-01-20 14:26:17,201 - DEBUG - COM3: RX: 62c700d9584160249b6867a166406cd88ff9da07a8dfddc2994b58b7db1ce065db3393e084882e7fafd85c66d1006a598d634ba346ecab0f5093ce31b62b9441c14c97a6fa359ff05d802e301d578611b995000b5531ac532fab463e5b2fad73d62ba8
2020-01-20 14:26:17,201 - DEBUG - COM3: parsed_packet {event: ProvEcdhRequest, data: {'context_id': 0, 'peer_public': bytearray(b'\xd9XA`$\x9bhg\xa1f@l\xd8\x8f\xf9\xda\x07\xa8\xdf\xdd\xc2\x99KX\xb7\xdb\x1c\xe0e\xdb3\x93\xe0\x84\x88.\x7f\xaf\xd8\\f\xd1\x00jY\x8dcK\xa3F\xec\xab\x0fP\x93\xce1\xb6+\x94A\xc1L\x97'), 'node_private': bytearray(b'\xa6\xfa5\x9f\xf0]\x80.0\x1dW\x86\x11\xb9\x95\x00\x0bU1\xacS/\xabF>[/\xads\xd6+\xa8')}}
2020-01-20 14:26:17,202 - INFO - COM3: ECDH request received
2020-01-20 14:26:17,203 - DEBUG - COM3: TX: 22680021d6b69905d166ab366b2572df023ec65c7e0bba5ce83a907793b80f33762dae
2020-01-20 14:26:17,208 - DEBUG - COM3: RX: 0484680000
2020-01-20 14:26:17,209 - DEBUG - COM3: parsed_packet {event: CmdRsp, data: {'opcode': 104, 'status': 0, 'data': bytearray(b'\x00')}}
2020-01-20 14:26:17,209 - INFO - COM3: EcdhSecret: {'context': 0}
2020-01-20 14:26:17,553 - DEBUG - COM3: RX: 2cc500000000000000120000009a52d7204f42b6a4b1a3eec24e74fd7718eed9c2a56add85049ffc3c59ad0e12
2020-01-20 14:26:17,553 - DEBUG - COM3: parsed_packet {event: ProvComplete, data: {'context_id': 0, 'iv_index': 0, 'net_key_index': 0, 'address': 18, 'iv_update_flag': 0, 'key_refresh_flag': 0, 'device_key': bytearray(b'\x9aR\xd7 OB\xb6\xa4\xb1\xa3\xee\xc2Nt\xfdw'), 'net_key': bytearray(b'\x18\xee\xd9\xc2\xa5j\xdd\x85\x04\x9f\xfc<Y\xad\x0e\x12')}}
2020-01-20 14:26:17,553 - INFO - COM3: Provisioning complete
2020-01-20 14:26:17,554 - INFO - COM3: 	Address(es): 0x12-0x16
2020-01-20 14:26:17,554 - INFO - COM3: 	Device key: 9a52d7204f42b6a4b1a3eec24e74fd77
2020-01-20 14:26:17,554 - INFO - COM3: 	Network key: 18eed9c2a56add85049ffc3c59ad0e12
2020-01-20 14:26:17,554 - INFO - COM3: Adding device key to subnet 0
2020-01-20 14:26:17,554 - INFO - COM3: Adding publication address of root element
2020-01-20 14:26:17,555 - DEBUG - COM3: TX: 159c120000009a52d7204f42b6a4b1a3eec24e74fd77
2020-01-20 14:26:17,555 - DEBUG - COM3: TX: 03a41200
2020-01-20 14:26:17,561 - DEBUG - COM3: RX: 05849c000800
2020-01-20 14:26:17,561 - DEBUG - COM3: parsed_packet {event: CmdRsp, data: {'opcode': 156, 'status': 0, 'data': bytearray(b'\x08\x00')}}
2020-01-20 14:26:17,562 - INFO - COM3: DevkeyAdd: {'devkey_handle': 8}
2020-01-20 14:26:17,562 - DEBUG - COM3: RX: 0584a4000000
2020-01-20 14:26:17,563 - DEBUG - COM3: parsed_packet {event: CmdRsp, data: {'opcode': 164, 'status': 0, 'data': bytearray(b'\x00\x00')}}
2020-01-20 14:26:17,563 - INFO - COM3: AddrPublicationAdd: {'address_handle': 0}
2020-01-20 14:26:17,651 - DEBUG - COM3: RX: 03c20000
2020-01-20 14:26:17,652 - DEBUG - COM3: parsed_packet {event: ProvLinkClosed, data: {'context_id': 0, 'close_reason': 0}}
2020-01-20 14:26:17,652 - INFO - COM3: Provisioning link closed
2020-01-20 14:26:43,937 - DEBUG - COM3.ConfigurationClient: Sending opcode: 8008, data: 00
2020-01-20 14:26:43,937 - DEBUG - COM3: TX: 0eab08000100000008000000800800
2020-01-20 14:26:43,941 - DEBUG - COM3: RX: 0784ab0001000000
2020-01-20 14:26:43,941 - DEBUG - COM3: parsed_packet {event: CmdRsp, data: {'opcode': 171, 'status': 0, 'data': bytearray(b'\x01\x00\x00\x00')}}
2020-01-20 14:26:43,941 - INFO - COM3: PacketSend: {'token': 1}
2020-01-20 14:26:43,943 - DEBUG - COM3: RX: 05d201000000
2020-01-20 14:26:43,943 - DEBUG - COM3: parsed_packet {event: MeshTxComplete, data: {'token': 1}}
2020-01-20 14:26:43,943 - INFO - COM3: {event: MeshTxComplete, data: {'token': 1}}
2020-01-20 14:26:43,993 - DEBUG - COM3: RX: 2ad012000100080000000401b492f8f01ddcb71600020059000000000028000f0000000300000002000210
2020-01-20 14:26:43,993 - DEBUG - COM3: parsed_packet {event: MeshMessageReceivedUnicast, data: {'src': 18, 'dst': 1, 'appkey_handle': 8, 'subnet_handle': 0, 'ttl': 4, 'adv_addr_type': 1, 'adv_addr': bytearray(b'\xb4\x92\xf8\xf0\x1d\xdc'), 'rssi': -73, 'actual_length': 22, 'data': bytearray(b'\x02\x00Y\x00\x00\x00\x00\x00(\x00\x0f\x00\x00\x00\x03\x00\x00\x00\x02\x00\x02\x10')}}
2020-01-20 14:26:43,999 - INFO - COM3.ConfigurationClient: Received composition data (page 0x00): {
  "cid": "0059",
  "pid": "0000",
  "vid": "0000",
  "crpl": 40,
  "features": {
    "relay": 0,
    "proxy": 0,
    "friend": 0,
    "low_power": 0
  },
  "elements": [
    {
      "index": 0,
      "location": "0000",
      "models": [
        {
          "modelId": "0000"
        },
        {
          "modelId": "0002"
        },
        {
          "modelId": "1002"
        }
      ]
    }
  ]
}
2020-01-20 14:26:44,000 - DEBUG - COM3: Message Opcode bytearray(b'\x02'), Data bytearray(b'\x00Y\x00\x00\x00\x00\x00(\x00\x0f\x00\x00\x00\x03\x00\x00\x00\x02\x00\x02\x10') unknown for model <mesh.access.Access object at 0x000001A44C9A1760>.
2020-01-20 14:26:44,000 - DEBUG - COM3: Message Opcode bytearray(b'\x02'), Data bytearray(b'\x00Y\x00\x00\x00\x00\x00(\x00\x0f\x00\x00\x00\x03\x00\x00\x00\x02\x00\x02\x10') unknown for model <mesh.access.Access object at 0x000001A44C9A1760>.
2020-01-20 14:26:45,943 - DEBUG - COM3.ConfigurationClient: Sending opcode: 00, data: 0000004f68ad85d9f48ac8589df665b6b49b8a
2020-01-20 14:26:45,943 - DEBUG - COM3: TX: 1fab08000100000008000000000000004f68ad85d9f48ac8589df665b6b49b8a
2020-01-20 14:26:45,943 - DEBUG - COM3: RX: 0784ab0002000000
2020-01-20 14:26:45,943 - DEBUG - COM3: parsed_packet {event: CmdRsp, data: {'opcode': 171, 'status': 0, 'data': bytearray(b'\x02\x00\x00\x00')}}
2020-01-20 14:26:45,943 - INFO - COM3: PacketSend: {'token': 2}
2020-01-20 14:26:46,014 - DEBUG - COM3: RX: 1ad012000100080000000401b492f8f01ddcbf0600800300000000
2020-01-20 14:26:46,014 - DEBUG - COM3: parsed_packet {event: MeshMessageReceivedUnicast, data: {'src': 18, 'dst': 1, 'appkey_handle': 8, 'subnet_handle': 0, 'ttl': 4, 'adv_addr_type': 1, 'adv_addr': bytearray(b'\xb4\x92\xf8\xf0\x1d\xdc'), 'rssi': -65, 'actual_length': 6, 'data': bytearray(b'\x80\x03\x00\x00\x00\x00')}}
2020-01-20 14:26:46,014 - INFO - COM3.ConfigurationClient: Appkey status: AccessStatus.SUCCESS
2020-01-20 14:26:46,014 - INFO - COM3.ConfigurationClient: Appkey add 0 succeded for subnet 0 at node 0012
2020-01-20 14:26:46,014 - DEBUG - COM3: Message Opcode bytearray(b'\x80\x03'), Data bytearray(b'\x00\x00\x00\x00') unknown for model <mesh.access.Access object at 0x000001A44C9A1760>.
2020-01-20 14:26:46,014 - DEBUG - COM3: Message Opcode bytearray(b'\x80\x03'), Data bytearray(b'\x00\x00\x00\x00') unknown for model <mesh.access.Access object at 0x000001A44C9A1760>.
2020-01-20 14:26:46,847 - DEBUG - COM3: RX: 05d202000000
2020-01-20 14:26:46,847 - DEBUG - COM3: parsed_packet {event: MeshTxComplete, data: {'token': 2}}
2020-01-20 14:26:46,847 - INFO - COM3: {event: MeshTxComplete, data: {'token': 2}}
2020-01-20 14:26:46,947 - DEBUG - COM3.ConfigurationClient: Sending opcode: 803d, data: 120000000210
2020-01-20 14:26:46,947 - DEBUG - COM3: TX: 13ab08000100000008000000803d120000000210
2020-01-20 14:26:46,947 - DEBUG - COM3: RX: 0784ab0003000000
2020-01-20 14:26:46,947 - DEBUG - COM3: parsed_packet {event: CmdRsp, data: {'opcode': 171, 'status': 0, 'data': bytearray(b'\x03\x00\x00\x00')}}
2020-01-20 14:26:46,947 - INFO - COM3: PacketSend: {'token': 3}
2020-01-20 14:26:46,947 - DEBUG - COM3: RX: 05d203000000
2020-01-20 14:26:46,947 - DEBUG - COM3: parsed_packet {event: MeshTxComplete, data: {'token': 3}}
2020-01-20 14:26:46,947 - INFO - COM3: {event: MeshTxComplete, data: {'token': 3}}
2020-01-20 14:26:46,972 - DEBUG - COM3: RX: 1dd012000100080000000401b492f8f01ddcc10900803e00120000000210
2020-01-20 14:26:46,972 - DEBUG - COM3: parsed_packet {event: MeshMessageReceivedUnicast, data: {'src': 18, 'dst': 1, 'appkey_handle': 8, 'subnet_handle': 0, 'ttl': 4, 'adv_addr_type': 1, 'adv_addr': bytearray(b'\xb4\x92\xf8\xf0\x1d\xdc'), 'rssi': -63, 'actual_length': 9, 'data': bytearray(b'\x80>\x00\x12\x00\x00\x00\x02\x10')}}
2020-01-20 14:26:46,973 - INFO - COM3.ConfigurationClient: Model app bind status: AccessStatus.SUCCESS
2020-01-20 14:26:46,977 - INFO - COM3.ConfigurationClient: Appkey bind 0 to model 1002 at 0012
2020-01-20 14:26:46,978 - DEBUG - COM3: Message Opcode bytearray(b'\x80>'), Data bytearray(b'\x00\x12\x00\x00\x00\x02\x10') unknown for model <mesh.access.Access object at 0x000001A44C9A1760>.
2020-01-20 14:26:46,978 - DEBUG - COM3: Message Opcode bytearray(b'\x80>'), Data bytearray(b'\x00\x12\x00\x00\x00\x02\x10') unknown for model <mesh.access.Access object at 0x000001A44C9A1760>.
2020-01-20 14:26:50,960 - INFO - COM3.NodeConfigClient: Send Data1: 16
2020-01-20 14:26:50,960 - INFO - COM3.NodeConfigClient: Send Data2: 0
2020-01-20 14:26:50,960 - INFO - COM3.NodeConfigClient: Send Data3: 0
2020-01-20 14:26:50,960 - INFO - COM3.NodeConfigClient: Send Data4: 0
2020-01-20 14:26:50,960 - INFO - COM3.NodeConfigClient: Send Data: bytearray(b'\x00\x00\x00\x10\x00')
2020-01-20 14:26:50,960 - DEBUG - COM3.NodeConfigClient: Sending opcode: 8206, data: 0000001000
2020-01-20 14:26:50,960 - DEBUG - COM3: TX: 12ab0000010000000800000082060000001000
2020-01-20 14:26:50,960 - DEBUG - COM3: RX: 0784ab0004000000
2020-01-20 14:26:50,960 - DEBUG - COM3: parsed_packet {event: CmdRsp, data: {'opcode': 171, 'status': 0, 'data': bytearray(b'\x04\x00\x00\x00')}}
2020-01-20 14:26:50,960 - INFO - COM3: PacketSend: {'token': 4}
2020-01-20 14:26:50,976 - DEBUG - COM3: RX: 05d204000000
2020-01-20 14:26:50,976 - DEBUG - COM3: parsed_packet {event: MeshTxComplete, data: {'token': 4}}
2020-01-20 14:26:50,976 - INFO - COM3: {event: MeshTxComplete, data: {'token': 4}}
2020-01-20 14:26:51,972 - DEBUG - COM3.ConfigurationClient: Sending opcode: 8049, data: 
2020-01-20 14:26:51,972 - DEBUG - COM3: TX: 0dab080001000000080000008049
2020-01-20 14:26:51,972 - DEBUG - COM3: RX: 0784ab0005000000
2020-01-20 14:26:51,972 - DEBUG - COM3: parsed_packet {event: CmdRsp, data: {'opcode': 171, 'status': 0, 'data': bytearray(b'\x05\x00\x00\x00')}}
2020-01-20 14:26:51,972 - INFO - COM3: PacketSend: {'token': 5}
2020-01-20 14:26:51,988 - DEBUG - COM3: RX: 05d205000000
2020-01-20 14:26:51,988 - DEBUG - COM3: parsed_packet {event: MeshTxComplete, data: {'token': 5}}
2020-01-20 14:26:51,988 - INFO - COM3: {event: MeshTxComplete, data: {'token': 5}}
2020-01-20 14:26:52,019 - DEBUG - COM3: RX: 16d012000100080000000401b492f8f01ddcc10200804a
2020-01-20 14:26:52,019 - DEBUG - COM3: parsed_packet {event: MeshMessageReceivedUnicast, data: {'src': 18, 'dst': 1, 'appkey_handle': 8, 'subnet_handle': 0, 'ttl': 4, 'adv_addr_type': 1, 'adv_addr': bytearray(b'\xb4\x92\xf8\xf0\x1d\xdc'), 'rssi': -63, 'actual_length': 2, 'data': bytearray(b'\x80J')}}
2020-01-20 14:26:52,019 - INFO - COM3.ConfigurationClient: Node 0012 was reset
2020-01-20 14:26:52,019 - DEBUG - COM3: Message Opcode bytearray(b'\x80J'), Data bytearray(b'') unknown for model <mesh.access.Access object at 0x000001A44C9A1760>.
2020-01-20 14:26:52,019 - DEBUG - COM3: Message Opcode bytearray(b'\x80J'), Data bytearray(b'') unknown for model <mesh.access.Access object at 0x000001A44C9A1760>.
2020-01-20 14:28:38,129 - DEBUG - COM3: RX: 00
2020-01-20 14:28:38,129 - ERROR - COM3: Invalid packet: bytearray(b'\x00')
2020-01-20 14:28:38,554 - DEBUG - COM3: RX: 04810200fe
2020-01-20 14:28:38,554 - DEBUG - COM3: parsed_packet {event: DeviceStarted, data: {'operating_mode': 2, 'hw_error': 0, 'data_credit_available': 254}}
2020-01-20 14:28:38,555 - INFO - COM3: Device rebooted.
