2020-01-20 13:55:37,911 - DEBUG - COM3: TX: 6169dd63214b72f526b8ad9f0d7f6f2e07add508aceba52e3e98c2de46daafdcd0162643a6c0857672fcbb60089782e584f2f0c105800f6265da46bb4bbd8588cfe4e609a0b76af8539707de3ed59d303f06dfe45859e42daa0d3c7cfcf8ba0c1954
2020-01-20 13:55:37,922 - DEBUG - COM3: RX: 03846900
2020-01-20 13:55:37,923 - DEBUG - COM3: parsed_packet {event: CmdRsp, data: {'opcode': 105, 'status': 0, 'data': bytearray(b'')}}
2020-01-20 13:55:37,923 - DEBUG - COM3: TX: 059f01000100
2020-01-20 13:55:37,923 - INFO - COM3: Success
2020-01-20 13:55:37,926 - DEBUG - COM3: RX: 03849f8e
2020-01-20 13:55:37,935 - DEBUG - COM3: parsed_packet {event: CmdRsp, data: {'opcode': 159, 'status': 142, 'data': bytearray(b'')}}
2020-01-20 13:55:37,935 - DEBUG - COM3: TX: 1392000018eed9c2a56add85049ffc3c59ad0e12
2020-01-20 13:55:37,935 - ERROR - COM3: None: ERROR_REJECTED
2020-01-20 13:55:37,938 - DEBUG - COM3: RX: 03849281
2020-01-20 13:55:37,938 - DEBUG - COM3: parsed_packet {event: CmdRsp, data: {'opcode': 146, 'status': 129, 'data': bytearray(b'')}}
2020-01-20 13:55:37,939 - DEBUG - COM3: TX: 1597000000004f68ad85d9f48ac8589df665b6b49b8a
2020-01-20 13:55:37,938 - ERROR - COM3: SubnetAdd: ERROR_INTERNAL
2020-01-20 13:55:37,942 - DEBUG - COM3: RX: 03849781
2020-01-20 13:55:37,942 - DEBUG - COM3: parsed_packet {event: CmdRsp, data: {'opcode': 151, 'status': 129, 'data': bytearray(b'')}}
2020-01-20 13:55:37,943 - DEBUG - COM3: TX: 1597010000002aa2a6ded5a0798ceab5787ca3ae39fc
2020-01-20 13:55:37,942 - ERROR - COM3: AppkeyAdd: ERROR_INTERNAL
2020-01-20 13:55:37,946 - DEBUG - COM3: RX: 03849781
2020-01-20 13:55:37,946 - DEBUG - COM3: parsed_packet {event: CmdRsp, data: {'opcode': 151, 'status': 129, 'data': bytearray(b'')}}
2020-01-20 13:55:37,946 - ERROR - COM3: AppkeyAdd: ERROR_INTERNAL
