2020-01-20 10:29:20,249 - DEBUG - COM3: TX: 61692c89d3f61c0b3a2712d3d83752421545771a02aecaee4a8eb67df6f0b1658eca8da708f29accc5bc7ea1b357826a03e8159700b03d2540e4af3c1b58246d0177ac211e127e46a12bada3000dddae79e0038812c0c2ac4d4a1b8585e6d54c3ade
2020-01-20 10:29:20,260 - DEBUG - COM3: RX: 03846900
2020-01-20 10:29:20,260 - DEBUG - COM3: parsed_packet {event: CmdRsp, data: {'opcode': 105, 'status': 0, 'data': bytearray(b'')}}
2020-01-20 10:29:20,261 - DEBUG - COM3: TX: 059f01000100
2020-01-20 10:29:20,260 - INFO - COM3: Success
2020-01-20 10:29:20,263 - DEBUG - COM3: RX: 03849f00
2020-01-20 10:29:20,272 - DEBUG - COM3: parsed_packet {event: CmdRsp, data: {'opcode': 159, 'status': 0, 'data': bytearray(b'')}}
2020-01-20 10:29:20,272 - DEBUG - COM3: TX: 1392000018eed9c2a56add85049ffc3c59ad0e12
2020-01-20 10:29:20,272 - INFO - COM3: Success
2020-01-20 10:29:20,276 - DEBUG - COM3: RX: 058492000000
2020-01-20 10:29:20,276 - DEBUG - COM3: parsed_packet {event: CmdRsp, data: {'opcode': 146, 'status': 0, 'data': bytearray(b'\x00\x00')}}
2020-01-20 10:29:20,277 - DEBUG - COM3: TX: 1597000000004f68ad85d9f48ac8589df665b6b49b8a
2020-01-20 10:29:20,276 - INFO - COM3: SubnetAdd: {'subnet_handle': 0}
2020-01-20 10:29:20,281 - DEBUG - COM3: RX: 058497000000
2020-01-20 10:29:20,281 - DEBUG - COM3: parsed_packet {event: CmdRsp, data: {'opcode': 151, 'status': 0, 'data': bytearray(b'\x00\x00')}}
2020-01-20 10:29:20,281 - DEBUG - COM3: TX: 1597010000002aa2a6ded5a0798ceab5787ca3ae39fc
2020-01-20 10:29:20,281 - INFO - COM3: AppkeyAdd: {'appkey_handle': 0}
2020-01-20 10:29:20,286 - DEBUG - COM3: RX: 058497000100
2020-01-20 10:29:20,286 - DEBUG - COM3: parsed_packet {event: CmdRsp, data: {'opcode': 151, 'status': 0, 'data': bytearray(b'\x01\x00')}}
2020-01-20 10:29:20,286 - INFO - COM3: AppkeyAdd: {'appkey_handle': 1}
2020-01-20 10:29:43,075 - DEBUG - COM3: TX: 0161
2020-01-20 10:29:43,078 - DEBUG - COM3: RX: 03846100
2020-01-20 10:29:43,078 - DEBUG - COM3: parsed_packet {event: CmdRsp, data: {'opcode': 97, 'status': 0, 'data': bytearray(b'')}}
2020-01-20 10:29:43,078 - INFO - COM3: Success
2020-01-20 10:29:43,825 - DEBUG - COM3: RX: 1ac0d5b91bba0508344a809923e28a48b06dc00001c09923e28ac8
2020-01-20 10:29:43,825 - DEBUG - COM3: parsed_packet {event: ProvUnprovisionedReceived, data: {'uuid': bytearray(b'\xd5\xb9\x1b\xba\x05\x084J\x80\x99#\xe2\x8aH\xb0m'), 'rssi': -64, 'gatt_supported': 0, 'adv_addr_type': 1, 'adv_addr': bytearray(b'\xc0\x99#\xe2\x8a\xc8')}}
2020-01-20 10:29:43,825 - INFO - COM3: Received UUID d5b91bba0508344a809923e28a48b06d with RSSI: -64 dB
2020-01-20 10:29:44,316 - DEBUG - COM3: RX: 1ac0d9cfbd4418e74240b492f8f01d1cd1acc10001b492f8f01ddc
2020-01-20 10:29:44,316 - DEBUG - COM3: parsed_packet {event: ProvUnprovisionedReceived, data: {'uuid': bytearray(b'\xd9\xcf\xbdD\x18\xe7B@\xb4\x92\xf8\xf0\x1d\x1c\xd1\xac'), 'rssi': -63, 'gatt_supported': 0, 'adv_addr_type': 1, 'adv_addr': bytearray(b'\xb4\x92\xf8\xf0\x1d\xdc')}}
2020-01-20 10:29:44,316 - INFO - COM3: Received UUID d9cfbd4418e74240b492f8f01d1cd1ac with RSSI: -63 dB
2020-01-20 10:29:44,421 - DEBUG - COM3: RX: 1ac0c86a88bbfa034047a539d04a8ded330fc000012539d04a8ded
2020-01-20 10:29:44,421 - DEBUG - COM3: parsed_packet {event: ProvUnprovisionedReceived, data: {'uuid': bytearray(b'\xc8j\x88\xbb\xfa\x03@G\xa59\xd0J\x8d\xed3\x0f'), 'rssi': -64, 'gatt_supported': 0, 'adv_addr_type': 1, 'adv_addr': bytearray(b'%9\xd0J\x8d\xed')}}
2020-01-20 10:29:44,421 - INFO - COM3: Received UUID c86a88bbfa034047a539d04a8ded330f with RSSI: -64 dB
2020-01-20 10:29:45,826 - DEBUG - COM3: RX: 1ac0d5b91bba0508344a809923e28a48b06dc70001c09923e28ac8
2020-01-20 10:29:45,826 - DEBUG - COM3: parsed_packet {event: ProvUnprovisionedReceived, data: {'uuid': bytearray(b'\xd5\xb9\x1b\xba\x05\x084J\x80\x99#\xe2\x8aH\xb0m'), 'rssi': -57, 'gatt_supported': 0, 'adv_addr_type': 1, 'adv_addr': bytearray(b'\xc0\x99#\xe2\x8a\xc8')}}
2020-01-20 10:29:46,319 - DEBUG - COM3: RX: 1ac0d9cfbd4418e74240b492f8f01d1cd1acbf0001b492f8f01ddc
2020-01-20 10:29:46,319 - DEBUG - COM3: parsed_packet {event: ProvUnprovisionedReceived, data: {'uuid': bytearray(b'\xd9\xcf\xbdD\x18\xe7B@\xb4\x92\xf8\xf0\x1d\x1c\xd1\xac'), 'rssi': -65, 'gatt_supported': 0, 'adv_addr_type': 1, 'adv_addr': bytearray(b'\xb4\x92\xf8\xf0\x1d\xdc')}}
2020-01-20 10:29:46,423 - DEBUG - COM3: RX: 1ac0c86a88bbfa034047a539d04a8ded330fc700012539d04a8ded
2020-01-20 10:29:46,424 - DEBUG - COM3: parsed_packet {event: ProvUnprovisionedReceived, data: {'uuid': bytearray(b'\xc8j\x88\xbb\xfa\x03@G\xa59\xd0J\x8d\xed3\x0f'), 'rssi': -57, 'gatt_supported': 0, 'adv_addr_type': 1, 'adv_addr': bytearray(b'%9\xd0J\x8d\xed')}}
2020-01-20 10:29:47,834 - DEBUG - COM3: RX: 1ac0d5b91bba0508344a809923e28a48b06dc60001c09923e28ac8
2020-01-20 10:29:47,834 - DEBUG - COM3: parsed_packet {event: ProvUnprovisionedReceived, data: {'uuid': bytearray(b'\xd5\xb9\x1b\xba\x05\x084J\x80\x99#\xe2\x8aH\xb0m'), 'rssi': -58, 'gatt_supported': 0, 'adv_addr_type': 1, 'adv_addr': bytearray(b'\xc0\x99#\xe2\x8a\xc8')}}
2020-01-20 10:29:48,076 - DEBUG - COM3: TX: 0162
2020-01-20 10:29:48,078 - DEBUG - COM3: RX: 03846200
2020-01-20 10:29:48,078 - DEBUG - COM3: parsed_packet {event: CmdRsp, data: {'opcode': 98, 'status': 0, 'data': bytearray(b'')}}
2020-01-20 10:29:48,078 - INFO - COM3: Success
2020-01-20 10:30:48,016 - DEBUG - COM3: RX: 00
2020-01-20 10:30:48,016 - ERROR - COM3: Invalid packet: bytearray(b'\x00')
2020-01-20 10:30:48,432 - DEBUG - COM3: RX: 04810200fe
2020-01-20 10:30:48,432 - DEBUG - COM3: parsed_packet {event: DeviceStarted, data: {'operating_mode': 2, 'hw_error': 0, 'data_credit_available': 254}}
2020-01-20 10:30:48,432 - INFO - COM3: Device rebooted.
