2020-01-20 14:11:38,011 - DEBUG - COM3: TX: 61698cbaa29bd7084e041d185df6eb94cf7fb312dc7cc660af987721dddff6969a0bcdaf6d9cc2296de19671cdcc69a518e8f11114c7e62611aa118af1f058fe3cad2fb857ebdb5e3960f665ccac967af23581c0f0087d4935ede00d73f4548dc748
2020-01-20 14:11:38,022 - DEBUG - COM3: RX: 03846900
2020-01-20 14:11:38,022 - DEBUG - COM3: parsed_packet {event: CmdRsp, data: {'opcode': 105, 'status': 0, 'data': bytearray(b'')}}
2020-01-20 14:11:38,023 - DEBUG - COM3: TX: 059f01000100
2020-01-20 14:11:38,023 - INFO - COM3: Success
2020-01-20 14:11:38,025 - DEBUG - COM3: RX: 03849f8e
2020-01-20 14:11:38,034 - DEBUG - COM3: parsed_packet {event: CmdRsp, data: {'opcode': 159, 'status': 142, 'data': bytearray(b'')}}
2020-01-20 14:11:38,034 - DEBUG - COM3: TX: 1392000018eed9c2a56add85049ffc3c59ad0e12
2020-01-20 14:11:38,034 - ERROR - COM3: None: ERROR_REJECTED
2020-01-20 14:11:38,038 - DEBUG - COM3: RX: 03849281
2020-01-20 14:11:38,038 - DEBUG - COM3: parsed_packet {event: CmdRsp, data: {'opcode': 146, 'status': 129, 'data': bytearray(b'')}}
2020-01-20 14:11:38,039 - DEBUG - COM3: TX: 1597000000004f68ad85d9f48ac8589df665b6b49b8a
2020-01-20 14:11:38,039 - ERROR - COM3: SubnetAdd: ERROR_INTERNAL
2020-01-20 14:11:38,042 - DEBUG - COM3: RX: 03849781
2020-01-20 14:11:38,043 - DEBUG - COM3: parsed_packet {event: CmdRsp, data: {'opcode': 151, 'status': 129, 'data': bytearray(b'')}}
2020-01-20 14:11:38,043 - DEBUG - COM3: TX: 1597010000002aa2a6ded5a0798ceab5787ca3ae39fc
2020-01-20 14:11:38,043 - ERROR - COM3: AppkeyAdd: ERROR_INTERNAL
2020-01-20 14:11:38,047 - DEBUG - COM3: RX: 03849781
2020-01-20 14:11:38,047 - DEBUG - COM3: parsed_packet {event: CmdRsp, data: {'opcode': 151, 'status': 129, 'data': bytearray(b'')}}
2020-01-20 14:11:38,048 - ERROR - COM3: AppkeyAdd: ERROR_INTERNAL
