2020-01-20 11:43:46,335 - DEBUG - COM3: TX: 616940d1d9fd776c0cdfe926ce511a3ee9b718da8964143fb5b68db10dd81a1ebba638d2ea4c4be83019d0c2359d4af7bf80103eba4f71041937dbf47c9ad539cf893bcc3bcd52cdfe7a7438327b78f7061d5acb6ed9a12ba725583dae5ef2fc3dd3
2020-01-20 11:43:46,347 - DEBUG - COM3: RX: 03846900
2020-01-20 11:43:46,347 - DEBUG - COM3: parsed_packet {event: CmdRsp, data: {'opcode': 105, 'status': 0, 'data': bytearray(b'')}}
2020-01-20 11:43:46,348 - DEBUG - COM3: TX: 059f01000100
2020-01-20 11:43:46,347 - INFO - COM3: Success
2020-01-20 11:43:46,350 - DEBUG - COM3: RX: 03849f00
2020-01-20 11:43:46,359 - DEBUG - COM3: parsed_packet {event: CmdRsp, data: {'opcode': 159, 'status': 0, 'data': bytearray(b'')}}
2020-01-20 11:43:46,359 - DEBUG - COM3: TX: 1392000018eed9c2a56add85049ffc3c59ad0e12
2020-01-20 11:43:46,359 - INFO - COM3: Success
2020-01-20 11:43:46,364 - DEBUG - COM3: RX: 058492000000
2020-01-20 11:43:46,364 - DEBUG - COM3: parsed_packet {event: CmdRsp, data: {'opcode': 146, 'status': 0, 'data': bytearray(b'\x00\x00')}}
2020-01-20 11:43:46,364 - DEBUG - COM3: TX: 1597000000004f68ad85d9f48ac8589df665b6b49b8a
2020-01-20 11:43:46,364 - INFO - COM3: SubnetAdd: {'subnet_handle': 0}
2020-01-20 11:43:46,368 - DEBUG - COM3: RX: 058497000000
2020-01-20 11:43:46,368 - DEBUG - COM3: parsed_packet {event: CmdRsp, data: {'opcode': 151, 'status': 0, 'data': bytearray(b'\x00\x00')}}
2020-01-20 11:43:46,368 - DEBUG - COM3: TX: 1597010000002aa2a6ded5a0798ceab5787ca3ae39fc
2020-01-20 11:43:46,368 - INFO - COM3: AppkeyAdd: {'appkey_handle': 0}
2020-01-20 11:43:46,373 - DEBUG - COM3: RX: 058497000100
2020-01-20 11:43:46,373 - DEBUG - COM3: parsed_packet {event: CmdRsp, data: {'opcode': 151, 'status': 0, 'data': bytearray(b'\x01\x00')}}
2020-01-20 11:43:46,373 - INFO - COM3: AppkeyAdd: {'appkey_handle': 1}
2020-01-20 11:43:53,885 - DEBUG - COM3: TX: 0161
2020-01-20 11:43:53,886 - DEBUG - COM3: RX: 03846100
2020-01-20 11:43:53,887 - DEBUG - COM3: parsed_packet {event: CmdRsp, data: {'opcode': 97, 'status': 0, 'data': bytearray(b'')}}
2020-01-20 11:43:53,887 - INFO - COM3: Success
2020-01-20 11:43:54,534 - DEBUG - COM3: RX: 1ac0d9cfbd4418e74240b492f8f01d1cd1acc40001b492f8f01ddc
2020-01-20 11:43:54,535 - DEBUG - COM3: parsed_packet {event: ProvUnprovisionedReceived, data: {'uuid': bytearray(b'\xd9\xcf\xbdD\x18\xe7B@\xb4\x92\xf8\xf0\x1d\x1c\xd1\xac'), 'rssi': -60, 'gatt_supported': 0, 'adv_addr_type': 1, 'adv_addr': bytearray(b'\xb4\x92\xf8\xf0\x1d\xdc')}}
2020-01-20 11:43:54,535 - INFO - COM3: Received UUID d9cfbd4418e74240b492f8f01d1cd1ac with RSSI: -60 dB
2020-01-20 11:43:54,618 - DEBUG - COM3: RX: 1ac0c86a88bbfa034047a539d04a8ded330fc400012539d04a8ded
2020-01-20 11:43:54,618 - DEBUG - COM3: parsed_packet {event: ProvUnprovisionedReceived, data: {'uuid': bytearray(b'\xc8j\x88\xbb\xfa\x03@G\xa59\xd0J\x8d\xed3\x0f'), 'rssi': -60, 'gatt_supported': 0, 'adv_addr_type': 1, 'adv_addr': bytearray(b'%9\xd0J\x8d\xed')}}
2020-01-20 11:43:54,619 - INFO - COM3: Received UUID c86a88bbfa034047a539d04a8ded330f with RSSI: -60 dB
2020-01-20 11:43:54,854 - DEBUG - COM3: RX: 1ac0d5b91bba0508344a809923e28a48b06dc70001c09923e28ac8
2020-01-20 11:43:54,855 - DEBUG - COM3: parsed_packet {event: ProvUnprovisionedReceived, data: {'uuid': bytearray(b'\xd5\xb9\x1b\xba\x05\x084J\x80\x99#\xe2\x8aH\xb0m'), 'rssi': -57, 'gatt_supported': 0, 'adv_addr_type': 1, 'adv_addr': bytearray(b'\xc0\x99#\xe2\x8a\xc8')}}
2020-01-20 11:43:54,855 - INFO - COM3: Received UUID d5b91bba0508344a809923e28a48b06d with RSSI: -57 dB
2020-01-20 11:43:56,539 - DEBUG - COM3: RX: 1ac0d9cfbd4418e74240b492f8f01d1cd1acc20001b492f8f01ddc
2020-01-20 11:43:56,539 - DEBUG - COM3: parsed_packet {event: ProvUnprovisionedReceived, data: {'uuid': bytearray(b'\xd9\xcf\xbdD\x18\xe7B@\xb4\x92\xf8\xf0\x1d\x1c\xd1\xac'), 'rssi': -62, 'gatt_supported': 0, 'adv_addr_type': 1, 'adv_addr': bytearray(b'\xb4\x92\xf8\xf0\x1d\xdc')}}
2020-01-20 11:43:56,629 - DEBUG - COM3: RX: 1ac0c86a88bbfa034047a539d04a8ded330fc400012539d04a8ded
2020-01-20 11:43:56,629 - DEBUG - COM3: parsed_packet {event: ProvUnprovisionedReceived, data: {'uuid': bytearray(b'\xc8j\x88\xbb\xfa\x03@G\xa59\xd0J\x8d\xed3\x0f'), 'rssi': -60, 'gatt_supported': 0, 'adv_addr_type': 1, 'adv_addr': bytearray(b'%9\xd0J\x8d\xed')}}
2020-01-20 11:43:56,861 - DEBUG - COM3: RX: 1ac0d5b91bba0508344a809923e28a48b06dca0001c09923e28ac8
2020-01-20 11:43:56,862 - DEBUG - COM3: parsed_packet {event: ProvUnprovisionedReceived, data: {'uuid': bytearray(b'\xd5\xb9\x1b\xba\x05\x084J\x80\x99#\xe2\x8aH\xb0m'), 'rssi': -54, 'gatt_supported': 0, 'adv_addr_type': 1, 'adv_addr': bytearray(b'\xc0\x99#\xe2\x8a\xc8')}}
2020-01-20 11:43:58,544 - DEBUG - COM3: RX: 1ac0d9cfbd4418e74240b492f8f01d1cd1acae0001b492f8f01ddc
2020-01-20 11:43:58,544 - DEBUG - COM3: parsed_packet {event: ProvUnprovisionedReceived, data: {'uuid': bytearray(b'\xd9\xcf\xbdD\x18\xe7B@\xb4\x92\xf8\xf0\x1d\x1c\xd1\xac'), 'rssi': -82, 'gatt_supported': 0, 'adv_addr_type': 1, 'adv_addr': bytearray(b'\xb4\x92\xf8\xf0\x1d\xdc')}}
2020-01-20 11:43:58,862 - DEBUG - COM3: RX: 1ac0d5b91bba0508344a809923e28a48b06dc20001c09923e28ac8
2020-01-20 11:43:58,862 - DEBUG - COM3: parsed_packet {event: ProvUnprovisionedReceived, data: {'uuid': bytearray(b'\xd5\xb9\x1b\xba\x05\x084J\x80\x99#\xe2\x8aH\xb0m'), 'rssi': -62, 'gatt_supported': 0, 'adv_addr_type': 1, 'adv_addr': bytearray(b'\xc0\x99#\xe2\x8a\xc8')}}
2020-01-20 11:43:58,885 - DEBUG - COM3: TX: 0162
2020-01-20 11:43:58,886 - DEBUG - COM3: RX: 03846200
2020-01-20 11:43:58,887 - DEBUG - COM3: parsed_packet {event: CmdRsp, data: {'opcode': 98, 'status': 0, 'data': bytearray(b'')}}
2020-01-20 11:43:58,887 - INFO - COM3: Success
2020-01-20 11:44:10,363 - DEBUG - COM3: TX: 2d6300d9cfbd4418e74240b492f8f01d1cd1ac18eed9c2a56add85049ffc3c59ad0e120000000000002200000000
2020-01-20 11:44:10,368 - DEBUG - COM3: RX: 0484630000
2020-01-20 11:44:10,369 - DEBUG - COM3: parsed_packet {event: CmdRsp, data: {'opcode': 99, 'status': 0, 'data': bytearray(b'\x00')}}
2020-01-20 11:44:10,369 - INFO - COM3: Provision: {'context': 0}
2020-01-20 11:44:10,399 - DEBUG - COM3: RX: 02c100
2020-01-20 11:44:10,399 - DEBUG - COM3: parsed_packet {event: ProvLinkEstablished, data: {'context_id': 0}}
2020-01-20 11:44:10,399 - INFO - COM3: Link established
2020-01-20 11:44:10,450 - DEBUG - COM3: RX: 0bc300050001000000000000
2020-01-20 11:44:10,450 - DEBUG - COM3: parsed_packet {event: ProvCapsReceived, data: {'context_id': 0, 'num_elements': 5, 'public_key_type': 0, 'static_oob_types': 1, 'output_oob_size': 0, 'output_oob_actions': 0, 'input_oob_size': 0, 'input_oob_actions': 0}}
2020-01-20 11:44:10,450 - INFO - COM3: Received capabilities
2020-01-20 11:44:10,450 - INFO - COM3: Number of elements: 5
2020-01-20 11:44:10,451 - DEBUG - COM3: TX: 056600000000
2020-01-20 11:44:10,453 - DEBUG - COM3: RX: 0484660000
2020-01-20 11:44:10,454 - DEBUG - COM3: parsed_packet {event: CmdRsp, data: {'opcode': 102, 'status': 0, 'data': bytearray(b'\x00')}}
2020-01-20 11:44:10,454 - INFO - COM3: OobUse: {'context': 0}
2020-01-20 11:44:10,647 - DEBUG - COM3: RX: 62c700a554f2381576efef60ec476c456fd4be729537dc577cba5f426f5782c0c36ea0652647662ba852c9407fe052a318af6fbe49ca2a82074a46270a886b3db571d540d1d9fd776c0cdfe926ce511a3ee9b718da8964143fb5b68db10dd81a1ebba6
2020-01-20 11:44:10,647 - DEBUG - COM3: parsed_packet {event: ProvEcdhRequest, data: {'context_id': 0, 'peer_public': bytearray(b"\xa5T\xf28\x15v\xef\xef`\xecGlEo\xd4\xber\x957\xdcW|\xba_BoW\x82\xc0\xc3n\xa0e&Gf+\xa8R\xc9@\x7f\xe0R\xa3\x18\xafo\xbeI\xca*\x82\x07JF\'\n\x88k=\xb5q\xd5"), 'node_private': bytearray(b'@\xd1\xd9\xfdwl\x0c\xdf\xe9&\xceQ\x1a>\xe9\xb7\x18\xda\x89d\x14?\xb5\xb6\x8d\xb1\r\xd8\x1a\x1e\xbb\xa6')}}
2020-01-20 11:44:10,647 - INFO - COM3: ECDH request received
2020-01-20 11:44:10,649 - DEBUG - COM3: TX: 226800aa3ec1fa65f562343167a122675919a6f6c0932ffac3fb588422e045c0f0ad30
2020-01-20 11:44:10,654 - DEBUG - COM3: RX: 0484680000
2020-01-20 11:44:10,654 - DEBUG - COM3: parsed_packet {event: CmdRsp, data: {'opcode': 104, 'status': 0, 'data': bytearray(b'\x00')}}
2020-01-20 11:44:10,654 - INFO - COM3: EcdhSecret: {'context': 0}
2020-01-20 11:44:16,990 - DEBUG - COM3: RX: 2cc50000000000000022000000b0093577acdc8ed8c7390ce49267b0a418eed9c2a56add85049ffc3c59ad0e12
2020-01-20 11:44:16,990 - DEBUG - COM3: parsed_packet {event: ProvComplete, data: {'context_id': 0, 'iv_index': 0, 'net_key_index': 0, 'address': 34, 'iv_update_flag': 0, 'key_refresh_flag': 0, 'device_key': bytearray(b'\xb0\t5w\xac\xdc\x8e\xd8\xc79\x0c\xe4\x92g\xb0\xa4'), 'net_key': bytearray(b'\x18\xee\xd9\xc2\xa5j\xdd\x85\x04\x9f\xfc<Y\xad\x0e\x12')}}
2020-01-20 11:44:16,990 - INFO - COM3: Provisioning complete
2020-01-20 11:44:16,991 - INFO - COM3: 	Address(es): 0x22-0x26
2020-01-20 11:44:16,991 - INFO - COM3: 	Device key: b0093577acdc8ed8c7390ce49267b0a4
2020-01-20 11:44:16,991 - INFO - COM3: 	Network key: 18eed9c2a56add85049ffc3c59ad0e12
2020-01-20 11:44:16,992 - INFO - COM3: Adding device key to subnet 0
2020-01-20 11:44:16,992 - DEBUG - COM3: TX: 159c22000000b0093577acdc8ed8c7390ce49267b0a4
2020-01-20 11:44:16,992 - INFO - COM3: Adding publication address of root element
2020-01-20 11:44:16,993 - DEBUG - COM3: TX: 03a42200
2020-01-20 11:44:17,000 - DEBUG - COM3: RX: 05849c000800
2020-01-20 11:44:17,000 - DEBUG - COM3: parsed_packet {event: CmdRsp, data: {'opcode': 156, 'status': 0, 'data': bytearray(b'\x08\x00')}}
2020-01-20 11:44:17,000 - INFO - COM3: DevkeyAdd: {'devkey_handle': 8}
2020-01-20 11:44:17,000 - DEBUG - COM3: RX: 0584a4000000
2020-01-20 11:44:17,000 - DEBUG - COM3: parsed_packet {event: CmdRsp, data: {'opcode': 164, 'status': 0, 'data': bytearray(b'\x00\x00')}}
2020-01-20 11:44:17,000 - INFO - COM3: AddrPublicationAdd: {'address_handle': 0}
2020-01-20 11:44:17,092 - DEBUG - COM3: RX: 03c20000
2020-01-20 11:44:17,092 - DEBUG - COM3: parsed_packet {event: ProvLinkClosed, data: {'context_id': 0, 'close_reason': 0}}
2020-01-20 11:44:17,092 - INFO - COM3: Provisioning link closed
2020-01-20 11:45:05,006 - DEBUG - COM3.ConfigurationClient: Sending opcode: 8008, data: 00
2020-01-20 11:45:05,006 - DEBUG - COM3: TX: 0eab08000100000008000000800800
2020-01-20 11:45:05,010 - DEBUG - COM3: RX: 0784ab0001000000
2020-01-20 11:45:05,010 - DEBUG - COM3: parsed_packet {event: CmdRsp, data: {'opcode': 171, 'status': 0, 'data': bytearray(b'\x01\x00\x00\x00')}}
2020-01-20 11:45:05,010 - INFO - COM3: PacketSend: {'token': 1}
2020-01-20 11:45:05,016 - DEBUG - COM3: RX: 05d201000000
2020-01-20 11:45:05,016 - DEBUG - COM3: parsed_packet {event: MeshTxComplete, data: {'token': 1}}
2020-01-20 11:45:05,016 - INFO - COM3: {event: MeshTxComplete, data: {'token': 1}}
2020-01-20 11:45:05,095 - DEBUG - COM3: RX: 2ad022000100080000000401b492f8f01ddcb01600020059000000000028000f0000000300000002000210
2020-01-20 11:45:05,095 - DEBUG - COM3: parsed_packet {event: MeshMessageReceivedUnicast, data: {'src': 34, 'dst': 1, 'appkey_handle': 8, 'subnet_handle': 0, 'ttl': 4, 'adv_addr_type': 1, 'adv_addr': bytearray(b'\xb4\x92\xf8\xf0\x1d\xdc'), 'rssi': -80, 'actual_length': 22, 'data': bytearray(b'\x02\x00Y\x00\x00\x00\x00\x00(\x00\x0f\x00\x00\x00\x03\x00\x00\x00\x02\x00\x02\x10')}}
2020-01-20 11:45:05,105 - INFO - COM3.ConfigurationClient: Received composition data (page 0x00): {
  "cid": "0059",
  "pid": "0000",
  "vid": "0000",
  "crpl": 40,
  "features": {
    "relay": 0,
    "proxy": 0,
    "friend": 0,
    "low_power": 0
  },
  "elements": [
    {
      "index": 0,
      "location": "0000",
      "models": [
        {
          "modelId": "0000"
        },
        {
          "modelId": "0002"
        },
        {
          "modelId": "1002"
        }
      ]
    }
  ]
}
2020-01-20 11:45:05,106 - DEBUG - COM3: Message Opcode bytearray(b'\x02'), Data bytearray(b'\x00Y\x00\x00\x00\x00\x00(\x00\x0f\x00\x00\x00\x03\x00\x00\x00\x02\x00\x02\x10') unknown for model <mesh.access.Access object at 0x000001FD8C910760>.
2020-01-20 11:45:07,007 - DEBUG - COM3.ConfigurationClient: Sending opcode: 00, data: 0000004f68ad85d9f48ac8589df665b6b49b8a
2020-01-20 11:45:07,007 - DEBUG - COM3: TX: 1fab08000100000008000000000000004f68ad85d9f48ac8589df665b6b49b8a
2020-01-20 11:45:07,013 - DEBUG - COM3: RX: 0784ab0002000000
2020-01-20 11:45:07,013 - DEBUG - COM3: parsed_packet {event: CmdRsp, data: {'opcode': 171, 'status': 0, 'data': bytearray(b'\x02\x00\x00\x00')}}
2020-01-20 11:45:07,013 - INFO - COM3: PacketSend: {'token': 2}
2020-01-20 11:45:07,633 - DEBUG - COM3: RX: 05d202000000
2020-01-20 11:45:07,633 - DEBUG - COM3: parsed_packet {event: MeshTxComplete, data: {'token': 2}}
2020-01-20 11:45:07,634 - INFO - COM3: {event: MeshTxComplete, data: {'token': 2}}
2020-01-20 11:45:08,007 - DEBUG - COM3.ConfigurationClient: Sending opcode: 803d, data: 220000000210
2020-01-20 11:45:08,007 - DEBUG - COM3: TX: 13ab08000100000008000000803d220000000210
2020-01-20 11:45:08,011 - DEBUG - COM3: RX: 0784ab0003000000
2020-01-20 11:45:08,012 - DEBUG - COM3: parsed_packet {event: CmdRsp, data: {'opcode': 171, 'status': 0, 'data': bytearray(b'\x03\x00\x00\x00')}}
2020-01-20 11:45:08,012 - INFO - COM3: PacketSend: {'token': 3}
2020-01-20 11:45:08,027 - DEBUG - COM3: RX: 05d203000000
2020-01-20 11:45:08,027 - DEBUG - COM3: parsed_packet {event: MeshTxComplete, data: {'token': 3}}
2020-01-20 11:45:08,027 - INFO - COM3: {event: MeshTxComplete, data: {'token': 3}}
2020-01-20 11:45:08,035 - DEBUG - COM3: RX: 1dd022000100080000000401b492f8f01ddcc50900803e00220000000210
2020-01-20 11:45:08,035 - DEBUG - COM3: parsed_packet {event: MeshMessageReceivedUnicast, data: {'src': 34, 'dst': 1, 'appkey_handle': 8, 'subnet_handle': 0, 'ttl': 4, 'adv_addr_type': 1, 'adv_addr': bytearray(b'\xb4\x92\xf8\xf0\x1d\xdc'), 'rssi': -59, 'actual_length': 9, 'data': bytearray(b'\x80>\x00"\x00\x00\x00\x02\x10')}}
2020-01-20 11:45:08,035 - INFO - COM3.ConfigurationClient: Model app bind status: AccessStatus.SUCCESS
2020-01-20 11:45:08,041 - INFO - COM3.ConfigurationClient: Appkey bind 0 to model 1002 at 0022
2020-01-20 11:45:08,042 - DEBUG - COM3: Message Opcode bytearray(b'\x80>'), Data bytearray(b'\x00"\x00\x00\x00\x02\x10') unknown for model <mesh.access.Access object at 0x000001FD8C910760>.
2020-01-20 11:47:54,506 - DEBUG - COM3: RX: 00
2020-01-20 11:47:54,506 - ERROR - COM3: Invalid packet: bytearray(b'\x00')
2020-01-20 11:47:54,921 - DEBUG - COM3: RX: 04810200fe
2020-01-20 11:47:54,922 - DEBUG - COM3: parsed_packet {event: DeviceStarted, data: {'operating_mode': 2, 'hw_error': 0, 'data_credit_available': 254}}
2020-01-20 11:47:54,922 - INFO - COM3: Device rebooted.
