2020-01-20 09:59:25,668 - DEBUG - COM3: TX: 61696ee24644a9a1cced182eb0fe2854a2fc47bd796afb28f7f313a916427204b94397e6f1ea56ebeac35e4041c87f8654d9bc440b34af8e84094da2ab08cbe4634a469b56bd51bc33d0f3ec17481093a14a638a35d683e2487cb5f6b50ff862f3bc
2020-01-20 09:59:25,679 - DEBUG - COM3: RX: 03846900
2020-01-20 09:59:25,680 - DEBUG - COM3: parsed_packet {event: CmdRsp, data: {'opcode': 105, 'status': 0, 'data': bytearray(b'')}}
2020-01-20 09:59:25,680 - DEBUG - COM3: TX: 059f01000100
2020-01-20 09:59:25,680 - INFO - COM3: Success
2020-01-20 09:59:25,682 - DEBUG - COM3: RX: 03849f00
2020-01-20 09:59:25,691 - DEBUG - COM3: parsed_packet {event: CmdRsp, data: {'opcode': 159, 'status': 0, 'data': bytearray(b'')}}
2020-01-20 09:59:25,691 - DEBUG - COM3: TX: 1392000018eed9c2a56add85049ffc3c59ad0e12
2020-01-20 09:59:25,691 - INFO - COM3: Success
2020-01-20 09:59:25,695 - DEBUG - COM3: RX: 058492000000
2020-01-20 09:59:25,695 - DEBUG - COM3: parsed_packet {event: CmdRsp, data: {'opcode': 146, 'status': 0, 'data': bytearray(b'\x00\x00')}}
2020-01-20 09:59:25,695 - DEBUG - COM3: TX: 1597000000004f68ad85d9f48ac8589df665b6b49b8a
2020-01-20 09:59:25,695 - INFO - COM3: SubnetAdd: {'subnet_handle': 0}
2020-01-20 09:59:25,699 - DEBUG - COM3: RX: 058497000000
2020-01-20 09:59:25,699 - DEBUG - COM3: parsed_packet {event: CmdRsp, data: {'opcode': 151, 'status': 0, 'data': bytearray(b'\x00\x00')}}
2020-01-20 09:59:25,700 - DEBUG - COM3: TX: 1597010000002aa2a6ded5a0798ceab5787ca3ae39fc
2020-01-20 09:59:25,699 - INFO - COM3: AppkeyAdd: {'appkey_handle': 0}
2020-01-20 09:59:25,704 - DEBUG - COM3: RX: 058497000100
2020-01-20 09:59:25,704 - DEBUG - COM3: parsed_packet {event: CmdRsp, data: {'opcode': 151, 'status': 0, 'data': bytearray(b'\x01\x00')}}
2020-01-20 09:59:25,704 - INFO - COM3: AppkeyAdd: {'appkey_handle': 1}
2020-01-20 09:59:54,127 - DEBUG - COM3: TX: 61698604f50827b1d1f408ee907cc24010031913957658f532c4a0b72a2c18cac18a9f2640905b41f1ec4e68b0b405a8067ab36352582088c79b7251064caf65090ec4313e81f6d30032bc51a69dafdbc7415b5d96b79aac64c35bf635f77ee20ac7
2020-01-20 09:59:54,138 - DEBUG - COM3: RX: 03846900
2020-01-20 09:59:54,139 - DEBUG - COM3: parsed_packet {event: CmdRsp, data: {'opcode': 105, 'status': 0, 'data': bytearray(b'')}}
2020-01-20 09:59:54,139 - DEBUG - COM3: TX: 059f01000100
2020-01-20 09:59:54,139 - INFO - COM3: Success
2020-01-20 09:59:54,141 - DEBUG - COM3: RX: 03849f8e
2020-01-20 09:59:54,142 - DEBUG - COM3: parsed_packet {event: CmdRsp, data: {'opcode': 159, 'status': 142, 'data': bytearray(b'')}}
2020-01-20 09:59:54,142 - DEBUG - COM3: TX: 1392000018eed9c2a56add85049ffc3c59ad0e12
2020-01-20 09:59:54,142 - ERROR - COM3: None: ERROR_REJECTED
2020-01-20 09:59:54,145 - DEBUG - COM3: RX: 03849281
2020-01-20 09:59:54,146 - DEBUG - COM3: parsed_packet {event: CmdRsp, data: {'opcode': 146, 'status': 129, 'data': bytearray(b'')}}
2020-01-20 09:59:54,146 - DEBUG - COM3: TX: 1597000000004f68ad85d9f48ac8589df665b6b49b8a
2020-01-20 09:59:54,146 - ERROR - COM3: SubnetAdd: ERROR_INTERNAL
2020-01-20 09:59:54,150 - DEBUG - COM3: RX: 03849781
2020-01-20 09:59:54,150 - DEBUG - COM3: parsed_packet {event: CmdRsp, data: {'opcode': 151, 'status': 129, 'data': bytearray(b'')}}
2020-01-20 09:59:54,150 - DEBUG - COM3: TX: 1597010000002aa2a6ded5a0798ceab5787ca3ae39fc
2020-01-20 09:59:54,150 - ERROR - COM3: AppkeyAdd: ERROR_INTERNAL
2020-01-20 09:59:54,154 - DEBUG - COM3: RX: 03849781
2020-01-20 09:59:54,154 - DEBUG - COM3: parsed_packet {event: CmdRsp, data: {'opcode': 151, 'status': 129, 'data': bytearray(b'')}}
2020-01-20 09:59:54,154 - ERROR - COM3: AppkeyAdd: ERROR_INTERNAL
2020-01-20 10:01:33,738 - DEBUG - COM3: RX: 00
2020-01-20 10:01:33,738 - ERROR - COM3: Invalid packet: bytearray(b'\x00')
2020-01-20 10:01:34,152 - DEBUG - COM3: RX: 04810200fe
2020-01-20 10:01:34,152 - DEBUG - COM3: parsed_packet {event: DeviceStarted, data: {'operating_mode': 2, 'hw_error': 0, 'data_credit_available': 254}}
2020-01-20 10:01:34,152 - INFO - COM3: Device rebooted.
