2020-01-20 15:11:24,955 - DEBUG - COM3: TX: 6169d262d988bf02b35d1140b34f7c662adc3e92a239dbcf7789273dd45532a570cb929507ac65920e55eb9479425eb951400a4f13e6be09df9fe7e321db9f47d57f28c0c0129131b8c44851d68acbf17702aa3605f53ce4cac7148127bf182d8d5c
2020-01-20 15:11:24,967 - DEBUG - COM3: RX: 03846900
2020-01-20 15:11:24,967 - DEBUG - COM3: parsed_packet {event: CmdRsp, data: {'opcode': 105, 'status': 0, 'data': bytearray(b'')}}
2020-01-20 15:11:24,967 - DEBUG - COM3: TX: 059f01000100
2020-01-20 15:11:24,967 - INFO - COM3: Success
2020-01-20 15:11:24,969 - DEBUG - COM3: RX: 03849f00
2020-01-20 15:11:24,979 - DEBUG - COM3: parsed_packet {event: CmdRsp, data: {'opcode': 159, 'status': 0, 'data': bytearray(b'')}}
2020-01-20 15:11:24,979 - DEBUG - COM3: TX: 1392000018eed9c2a56add85049ffc3c59ad0e12
2020-01-20 15:11:24,979 - INFO - COM3: Success
2020-01-20 15:11:24,984 - DEBUG - COM3: RX: 058492000000
2020-01-20 15:11:24,984 - DEBUG - COM3: parsed_packet {event: CmdRsp, data: {'opcode': 146, 'status': 0, 'data': bytearray(b'\x00\x00')}}
2020-01-20 15:11:24,984 - DEBUG - COM3: TX: 1597000000004f68ad85d9f48ac8589df665b6b49b8a
2020-01-20 15:11:24,984 - INFO - COM3: SubnetAdd: {'subnet_handle': 0}
2020-01-20 15:11:24,988 - DEBUG - COM3: RX: 058497000000
2020-01-20 15:11:24,989 - DEBUG - COM3: parsed_packet {event: CmdRsp, data: {'opcode': 151, 'status': 0, 'data': bytearray(b'\x00\x00')}}
2020-01-20 15:11:24,989 - DEBUG - COM3: TX: 1597010000002aa2a6ded5a0798ceab5787ca3ae39fc
2020-01-20 15:11:24,989 - INFO - COM3: AppkeyAdd: {'appkey_handle': 0}
2020-01-20 15:11:24,993 - DEBUG - COM3: RX: 058497000100
2020-01-20 15:11:24,994 - DEBUG - COM3: parsed_packet {event: CmdRsp, data: {'opcode': 151, 'status': 0, 'data': bytearray(b'\x01\x00')}}
2020-01-20 15:11:24,994 - INFO - COM3: AppkeyAdd: {'appkey_handle': 1}
2020-01-20 15:11:38,008 - DEBUG - COM3: TX: 0161
2020-01-20 15:11:38,009 - DEBUG - COM3: RX: 03846100
2020-01-20 15:11:38,010 - DEBUG - COM3: parsed_packet {event: CmdRsp, data: {'opcode': 97, 'status': 0, 'data': bytearray(b'')}}
2020-01-20 15:11:38,010 - INFO - COM3: Success
2020-01-20 15:11:39,098 - DEBUG - COM3: RX: 1ac0d5b91bba0508344a809923e28a48b06dc20001c09923e28ac8
2020-01-20 15:11:39,098 - DEBUG - COM3: parsed_packet {event: ProvUnprovisionedReceived, data: {'uuid': bytearray(b'\xd5\xb9\x1b\xba\x05\x084J\x80\x99#\xe2\x8aH\xb0m'), 'rssi': -62, 'gatt_supported': 0, 'adv_addr_type': 1, 'adv_addr': bytearray(b'\xc0\x99#\xe2\x8a\xc8')}}
2020-01-20 15:11:39,098 - INFO - COM3: Received UUID d5b91bba0508344a809923e28a48b06d with RSSI: -62 dB
2020-01-20 15:11:39,812 - DEBUG - COM3: RX: 1ac0c86a88bbfa034047a539d04a8ded330fc300012539d04a8ded
2020-01-20 15:11:39,812 - DEBUG - COM3: parsed_packet {event: ProvUnprovisionedReceived, data: {'uuid': bytearray(b'\xc8j\x88\xbb\xfa\x03@G\xa59\xd0J\x8d\xed3\x0f'), 'rssi': -61, 'gatt_supported': 0, 'adv_addr_type': 1, 'adv_addr': bytearray(b'%9\xd0J\x8d\xed')}}
2020-01-20 15:11:39,812 - INFO - COM3: Received UUID c86a88bbfa034047a539d04a8ded330f with RSSI: -61 dB
2020-01-20 15:11:41,113 - DEBUG - COM3: RX: 1ac0d5b91bba0508344a809923e28a48b06dc30001c09923e28ac8
2020-01-20 15:11:41,113 - DEBUG - COM3: parsed_packet {event: ProvUnprovisionedReceived, data: {'uuid': bytearray(b'\xd5\xb9\x1b\xba\x05\x084J\x80\x99#\xe2\x8aH\xb0m'), 'rssi': -61, 'gatt_supported': 0, 'adv_addr_type': 1, 'adv_addr': bytearray(b'\xc0\x99#\xe2\x8a\xc8')}}
2020-01-20 15:11:41,832 - DEBUG - COM3: RX: 1ac0c86a88bbfa034047a539d04a8ded330fc500012539d04a8ded
2020-01-20 15:11:41,832 - DEBUG - COM3: parsed_packet {event: ProvUnprovisionedReceived, data: {'uuid': bytearray(b'\xc8j\x88\xbb\xfa\x03@G\xa59\xd0J\x8d\xed3\x0f'), 'rssi': -59, 'gatt_supported': 0, 'adv_addr_type': 1, 'adv_addr': bytearray(b'%9\xd0J\x8d\xed')}}
2020-01-20 15:11:43,020 - DEBUG - COM3: TX: 0162
2020-01-20 15:11:43,020 - DEBUG - COM3: RX: 03846200
2020-01-20 15:11:43,020 - DEBUG - COM3: parsed_packet {event: CmdRsp, data: {'opcode': 98, 'status': 0, 'data': bytearray(b'')}}
2020-01-20 15:11:43,020 - INFO - COM3: Success
2020-01-20 15:12:01,564 - DEBUG - COM3: TX: 2d6300c86a88bbfa034047a539d04a8ded330f18eed9c2a56add85049ffc3c59ad0e120000000000001e00000000
2020-01-20 15:12:01,564 - DEBUG - COM3: RX: 0484630000
2020-01-20 15:12:01,564 - DEBUG - COM3: parsed_packet {event: CmdRsp, data: {'opcode': 99, 'status': 0, 'data': bytearray(b'\x00')}}
2020-01-20 15:12:01,564 - INFO - COM3: Provision: {'context': 0}
2020-01-20 15:12:01,580 - DEBUG - COM3: RX: 02c100
2020-01-20 15:12:01,580 - DEBUG - COM3: parsed_packet {event: ProvLinkEstablished, data: {'context_id': 0}}
2020-01-20 15:12:01,580 - INFO - COM3: Link established
2020-01-20 15:12:01,619 - DEBUG - COM3: RX: 0bc300050001000000000000
2020-01-20 15:12:01,619 - DEBUG - COM3: parsed_packet {event: ProvCapsReceived, data: {'context_id': 0, 'num_elements': 5, 'public_key_type': 0, 'static_oob_types': 1, 'output_oob_size': 0, 'output_oob_actions': 0, 'input_oob_size': 0, 'input_oob_actions': 0}}
2020-01-20 15:12:01,619 - INFO - COM3: Received capabilities
2020-01-20 15:12:01,619 - INFO - COM3: Number of elements: 5
2020-01-20 15:12:01,619 - DEBUG - COM3: TX: 056600000000
2020-01-20 15:12:01,627 - DEBUG - COM3: RX: 0484660000
2020-01-20 15:12:01,627 - DEBUG - COM3: parsed_packet {event: CmdRsp, data: {'opcode': 102, 'status': 0, 'data': bytearray(b'\x00')}}
2020-01-20 15:12:01,627 - INFO - COM3: OobUse: {'context': 0}
2020-01-20 15:12:01,830 - DEBUG - COM3: RX: 62c70094b4762b655036dbb38bc3702bfcbe777bc3e2e04100a527f91bf3e352c8aa0ad727a469a200b8404a51aa3e6dd3554ea53536d41606fae19aef0901eb778227d262d988bf02b35d1140b34f7c662adc3e92a239dbcf7789273dd45532a570cb
2020-01-20 15:12:01,830 - DEBUG - COM3: parsed_packet {event: ProvEcdhRequest, data: {'context_id': 0, 'peer_public': bytearray(b"\x94\xb4v+eP6\xdb\xb3\x8b\xc3p+\xfc\xbew{\xc3\xe2\xe0A\x00\xa5\'\xf9\x1b\xf3\xe3R\xc8\xaa\n\xd7\'\xa4i\xa2\x00\xb8@JQ\xaa>m\xd3UN\xa556\xd4\x16\x06\xfa\xe1\x9a\xef\t\x01\xebw\x82\'"), 'node_private': bytearray(b"\xd2b\xd9\x88\xbf\x02\xb3]\x11@\xb3O|f*\xdc>\x92\xa29\xdb\xcfw\x89\'=\xd4U2\xa5p\xcb")}}
2020-01-20 15:12:01,831 - INFO - COM3: ECDH request received
2020-01-20 15:12:01,832 - DEBUG - COM3: TX: 226800fb8c7a3febb6a61315303e6ab8978469257832f29992908028f565aa66242f08
2020-01-20 15:12:01,837 - DEBUG - COM3: RX: 0484680000
2020-01-20 15:12:01,837 - DEBUG - COM3: parsed_packet {event: CmdRsp, data: {'opcode': 104, 'status': 0, 'data': bytearray(b'\x00')}}
2020-01-20 15:12:01,838 - INFO - COM3: EcdhSecret: {'context': 0}
2020-01-20 15:12:04,196 - DEBUG - COM3: RX: 2cc5000000000000001e000000e3e42a95105a86956debc449a030bdd118eed9c2a56add85049ffc3c59ad0e12
2020-01-20 15:12:04,196 - DEBUG - COM3: parsed_packet {event: ProvComplete, data: {'context_id': 0, 'iv_index': 0, 'net_key_index': 0, 'address': 30, 'iv_update_flag': 0, 'key_refresh_flag': 0, 'device_key': bytearray(b'\xe3\xe4*\x95\x10Z\x86\x95m\xeb\xc4I\xa00\xbd\xd1'), 'net_key': bytearray(b'\x18\xee\xd9\xc2\xa5j\xdd\x85\x04\x9f\xfc<Y\xad\x0e\x12')}}
2020-01-20 15:12:04,196 - INFO - COM3: Provisioning complete
2020-01-20 15:12:04,196 - INFO - COM3: 	Address(es): 0x1e-0x22
2020-01-20 15:12:04,196 - INFO - COM3: 	Device key: e3e42a95105a86956debc449a030bdd1
2020-01-20 15:12:04,196 - INFO - COM3: 	Network key: 18eed9c2a56add85049ffc3c59ad0e12
2020-01-20 15:12:04,196 - INFO - COM3: Adding device key to subnet 0
2020-01-20 15:12:04,196 - INFO - COM3: Adding publication address of root element
2020-01-20 15:12:04,196 - DEBUG - COM3: TX: 159c1e000000e3e42a95105a86956debc449a030bdd1
2020-01-20 15:12:04,196 - DEBUG - COM3: TX: 03a41e00
2020-01-20 15:12:04,196 - DEBUG - COM3: RX: 05849c000800
2020-01-20 15:12:04,196 - DEBUG - COM3: parsed_packet {event: CmdRsp, data: {'opcode': 156, 'status': 0, 'data': bytearray(b'\x08\x00')}}
2020-01-20 15:12:04,196 - INFO - COM3: DevkeyAdd: {'devkey_handle': 8}
2020-01-20 15:12:04,196 - DEBUG - COM3: RX: 0584a4000000
2020-01-20 15:12:04,196 - DEBUG - COM3: parsed_packet {event: CmdRsp, data: {'opcode': 164, 'status': 0, 'data': bytearray(b'\x00\x00')}}
2020-01-20 15:12:04,196 - INFO - COM3: AddrPublicationAdd: {'address_handle': 0}
2020-01-20 15:12:04,303 - DEBUG - COM3: RX: 03c20000
2020-01-20 15:12:04,304 - DEBUG - COM3: parsed_packet {event: ProvLinkClosed, data: {'context_id': 0, 'close_reason': 0}}
2020-01-20 15:12:04,304 - INFO - COM3: Provisioning link closed
2020-01-20 15:16:46,270 - DEBUG - COM3: RX: 00
2020-01-20 15:16:46,271 - ERROR - COM3: Invalid packet: bytearray(b'\x00')
2020-01-20 15:16:46,686 - DEBUG - COM3: RX: 04810200fe
2020-01-20 15:16:46,686 - DEBUG - COM3: parsed_packet {event: DeviceStarted, data: {'operating_mode': 2, 'hw_error': 0, 'data_credit_available': 254}}
2020-01-20 15:16:46,686 - INFO - COM3: Device rebooted.
