2020-01-20 11:47:59,136 - DEBUG - COM3: TX: 6169cd84c477f5e2c6541001b4843182f2074343e3fe0e53d81ffe5b7ccd9459831adc043f7223c5a63e97c0808107d75fa78cff0986fdb26b0600376cd84751480e1d1e314cb0414c69f8d7810e60dd9773d629a4f770db1e9fb759ff8d30f51c8b
2020-01-20 11:47:59,147 - DEBUG - COM3: RX: 03846900
2020-01-20 11:47:59,147 - DEBUG - COM3: parsed_packet {event: CmdRsp, data: {'opcode': 105, 'status': 0, 'data': bytearray(b'')}}
2020-01-20 11:47:59,148 - DEBUG - COM3: TX: 059f01000100
2020-01-20 11:47:59,148 - INFO - COM3: Success
2020-01-20 11:47:59,150 - DEBUG - COM3: RX: 03849f00
2020-01-20 11:47:59,158 - DEBUG - COM3: parsed_packet {event: CmdRsp, data: {'opcode': 159, 'status': 0, 'data': bytearray(b'')}}
2020-01-20 11:47:59,158 - DEBUG - COM3: TX: 1392000018eed9c2a56add85049ffc3c59ad0e12
2020-01-20 11:47:59,158 - INFO - COM3: Success
2020-01-20 11:47:59,162 - DEBUG - COM3: RX: 058492000000
2020-01-20 11:47:59,162 - DEBUG - COM3: parsed_packet {event: CmdRsp, data: {'opcode': 146, 'status': 0, 'data': bytearray(b'\x00\x00')}}
2020-01-20 11:47:59,163 - DEBUG - COM3: TX: 1597000000004f68ad85d9f48ac8589df665b6b49b8a
2020-01-20 11:47:59,163 - INFO - COM3: SubnetAdd: {'subnet_handle': 0}
2020-01-20 11:47:59,167 - DEBUG - COM3: RX: 058497000000
2020-01-20 11:47:59,167 - DEBUG - COM3: parsed_packet {event: CmdRsp, data: {'opcode': 151, 'status': 0, 'data': bytearray(b'\x00\x00')}}
2020-01-20 11:47:59,167 - DEBUG - COM3: TX: 1597010000002aa2a6ded5a0798ceab5787ca3ae39fc
2020-01-20 11:47:59,167 - INFO - COM3: AppkeyAdd: {'appkey_handle': 0}
2020-01-20 11:47:59,171 - DEBUG - COM3: RX: 058497000100
2020-01-20 11:47:59,171 - DEBUG - COM3: parsed_packet {event: CmdRsp, data: {'opcode': 151, 'status': 0, 'data': bytearray(b'\x01\x00')}}
2020-01-20 11:47:59,171 - INFO - COM3: AppkeyAdd: {'appkey_handle': 1}
2020-01-20 11:48:06,128 - DEBUG - COM3: TX: 0161
2020-01-20 11:48:06,130 - DEBUG - COM3: RX: 03846100
2020-01-20 11:48:06,130 - DEBUG - COM3: parsed_packet {event: CmdRsp, data: {'opcode': 97, 'status': 0, 'data': bytearray(b'')}}
2020-01-20 11:48:06,130 - INFO - COM3: Success
2020-01-20 11:48:07,243 - DEBUG - COM3: RX: 1ac0c86a88bbfa034047a539d04a8ded330fc500012539d04a8ded
2020-01-20 11:48:07,243 - DEBUG - COM3: parsed_packet {event: ProvUnprovisionedReceived, data: {'uuid': bytearray(b'\xc8j\x88\xbb\xfa\x03@G\xa59\xd0J\x8d\xed3\x0f'), 'rssi': -59, 'gatt_supported': 0, 'adv_addr_type': 1, 'adv_addr': bytearray(b'%9\xd0J\x8d\xed')}}
2020-01-20 11:48:07,244 - INFO - COM3: Received UUID c86a88bbfa034047a539d04a8ded330f with RSSI: -59 dB
2020-01-20 11:48:07,449 - DEBUG - COM3: RX: 1ac0d5b91bba0508344a809923e28a48b06dc20001c09923e28ac8
2020-01-20 11:48:07,449 - DEBUG - COM3: parsed_packet {event: ProvUnprovisionedReceived, data: {'uuid': bytearray(b'\xd5\xb9\x1b\xba\x05\x084J\x80\x99#\xe2\x8aH\xb0m'), 'rssi': -62, 'gatt_supported': 0, 'adv_addr_type': 1, 'adv_addr': bytearray(b'\xc0\x99#\xe2\x8a\xc8')}}
2020-01-20 11:48:07,450 - INFO - COM3: Received UUID d5b91bba0508344a809923e28a48b06d with RSSI: -62 dB
2020-01-20 11:48:09,245 - DEBUG - COM3: RX: 1ac0c86a88bbfa034047a539d04a8ded330fc400012539d04a8ded
2020-01-20 11:48:09,245 - DEBUG - COM3: parsed_packet {event: ProvUnprovisionedReceived, data: {'uuid': bytearray(b'\xc8j\x88\xbb\xfa\x03@G\xa59\xd0J\x8d\xed3\x0f'), 'rssi': -60, 'gatt_supported': 0, 'adv_addr_type': 1, 'adv_addr': bytearray(b'%9\xd0J\x8d\xed')}}
2020-01-20 11:48:09,452 - DEBUG - COM3: RX: 1ac0d5b91bba0508344a809923e28a48b06dc10001c09923e28ac8
2020-01-20 11:48:09,452 - DEBUG - COM3: parsed_packet {event: ProvUnprovisionedReceived, data: {'uuid': bytearray(b'\xd5\xb9\x1b\xba\x05\x084J\x80\x99#\xe2\x8aH\xb0m'), 'rssi': -63, 'gatt_supported': 0, 'adv_addr_type': 1, 'adv_addr': bytearray(b'\xc0\x99#\xe2\x8a\xc8')}}
2020-01-20 11:48:11,129 - DEBUG - COM3: TX: 0162
2020-01-20 11:48:11,131 - DEBUG - COM3: RX: 03846200
2020-01-20 11:48:11,131 - DEBUG - COM3: parsed_packet {event: CmdRsp, data: {'opcode': 98, 'status': 0, 'data': bytearray(b'')}}
2020-01-20 11:48:11,131 - INFO - COM3: Success
2020-01-20 11:48:19,344 - DEBUG - COM3: TX: 2d6300c86a88bbfa034047a539d04a8ded330f18eed9c2a56add85049ffc3c59ad0e120000000000002300000000
2020-01-20 11:48:19,350 - DEBUG - COM3: RX: 0484630000
2020-01-20 11:48:19,351 - DEBUG - COM3: parsed_packet {event: CmdRsp, data: {'opcode': 99, 'status': 0, 'data': bytearray(b'\x00')}}
2020-01-20 11:48:19,351 - INFO - COM3: Provision: {'context': 0}
2020-01-20 11:48:19,367 - DEBUG - COM3: RX: 02c100
2020-01-20 11:48:19,367 - DEBUG - COM3: parsed_packet {event: ProvLinkEstablished, data: {'context_id': 0}}
2020-01-20 11:48:19,367 - INFO - COM3: Link established
2020-01-20 11:48:19,422 - DEBUG - COM3: RX: 0bc300050001000000000000
2020-01-20 11:48:19,422 - DEBUG - COM3: parsed_packet {event: ProvCapsReceived, data: {'context_id': 0, 'num_elements': 5, 'public_key_type': 0, 'static_oob_types': 1, 'output_oob_size': 0, 'output_oob_actions': 0, 'input_oob_size': 0, 'input_oob_actions': 0}}
2020-01-20 11:48:19,422 - INFO - COM3: Received capabilities
2020-01-20 11:48:19,422 - INFO - COM3: Number of elements: 5
2020-01-20 11:48:19,423 - DEBUG - COM3: TX: 056600000000
2020-01-20 11:48:19,425 - DEBUG - COM3: RX: 0484660000
2020-01-20 11:48:19,425 - DEBUG - COM3: parsed_packet {event: CmdRsp, data: {'opcode': 102, 'status': 0, 'data': bytearray(b'\x00')}}
2020-01-20 11:48:19,425 - INFO - COM3: OobUse: {'context': 0}
2020-01-20 11:48:19,608 - DEBUG - COM3: RX: 62c700528465daa40979f36e5f1c29c442657d4c22e14a1581323a0712083501cc456fb322e065b6c6f083e6a8f971ff35602fb700e401d94038dddeb1cdd5c18cf4cbcd84c477f5e2c6541001b4843182f2074343e3fe0e53d81ffe5b7ccd9459831a
2020-01-20 11:48:19,608 - DEBUG - COM3: parsed_packet {event: ProvEcdhRequest, data: {'context_id': 0, 'peer_public': bytearray(b'R\x84e\xda\xa4\ty\xf3n_\x1c)\xc4Be}L"\xe1J\x15\x812:\x07\x12\x085\x01\xccEo\xb3"\xe0e\xb6\xc6\xf0\x83\xe6\xa8\xf9q\xff5`/\xb7\x00\xe4\x01\xd9@8\xdd\xde\xb1\xcd\xd5\xc1\x8c\xf4\xcb'), 'node_private': bytearray(b'\xcd\x84\xc4w\xf5\xe2\xc6T\x10\x01\xb4\x841\x82\xf2\x07CC\xe3\xfe\x0eS\xd8\x1f\xfe[|\xcd\x94Y\x83\x1a')}}
2020-01-20 11:48:19,608 - INFO - COM3: ECDH request received
2020-01-20 11:48:19,609 - DEBUG - COM3: TX: 22680037ffdcfa33b7d9acba2ec9173168bbd8081f52583e1c2117d1664380b2e5da1b
2020-01-20 11:48:19,615 - DEBUG - COM3: RX: 0484680000
2020-01-20 11:48:19,615 - DEBUG - COM3: parsed_packet {event: CmdRsp, data: {'opcode': 104, 'status': 0, 'data': bytearray(b'\x00')}}
2020-01-20 11:48:19,615 - INFO - COM3: EcdhSecret: {'context': 0}
2020-01-20 11:48:19,952 - DEBUG - COM3: RX: 2cc50000000000000023000000708184eba66b889f2647d0deaa2f0e3618eed9c2a56add85049ffc3c59ad0e12
2020-01-20 11:48:19,952 - DEBUG - COM3: parsed_packet {event: ProvComplete, data: {'context_id': 0, 'iv_index': 0, 'net_key_index': 0, 'address': 35, 'iv_update_flag': 0, 'key_refresh_flag': 0, 'device_key': bytearray(b'p\x81\x84\xeb\xa6k\x88\x9f&G\xd0\xde\xaa/\x0e6'), 'net_key': bytearray(b'\x18\xee\xd9\xc2\xa5j\xdd\x85\x04\x9f\xfc<Y\xad\x0e\x12')}}
2020-01-20 11:48:19,952 - INFO - COM3: Provisioning complete
2020-01-20 11:48:19,952 - INFO - COM3: 	Address(es): 0x23-0x27
2020-01-20 11:48:19,952 - INFO - COM3: 	Device key: 708184eba66b889f2647d0deaa2f0e36
2020-01-20 11:48:19,953 - INFO - COM3: 	Network key: 18eed9c2a56add85049ffc3c59ad0e12
2020-01-20 11:48:19,953 - INFO - COM3: Adding device key to subnet 0
2020-01-20 11:48:19,953 - DEBUG - COM3: TX: 159c23000000708184eba66b889f2647d0deaa2f0e36
2020-01-20 11:48:19,953 - INFO - COM3: Adding publication address of root element
2020-01-20 11:48:19,954 - DEBUG - COM3: TX: 03a42300
2020-01-20 11:48:19,961 - DEBUG - COM3: RX: 05849c000800
2020-01-20 11:48:19,961 - DEBUG - COM3: parsed_packet {event: CmdRsp, data: {'opcode': 156, 'status': 0, 'data': bytearray(b'\x08\x00')}}
2020-01-20 11:48:19,962 - INFO - COM3: DevkeyAdd: {'devkey_handle': 8}
2020-01-20 11:48:19,962 - DEBUG - COM3: RX: 0584a4000000
2020-01-20 11:48:19,963 - DEBUG - COM3: parsed_packet {event: CmdRsp, data: {'opcode': 164, 'status': 0, 'data': bytearray(b'\x00\x00')}}
2020-01-20 11:48:19,963 - INFO - COM3: AddrPublicationAdd: {'address_handle': 0}
2020-01-20 11:48:20,059 - DEBUG - COM3: RX: 03c20000
2020-01-20 11:48:20,059 - DEBUG - COM3: parsed_packet {event: ProvLinkClosed, data: {'context_id': 0, 'close_reason': 0}}
2020-01-20 11:48:20,060 - INFO - COM3: Provisioning link closed
2020-01-20 11:48:54,616 - DEBUG - COM3.ConfigurationClient: Sending opcode: 8008, data: 00
2020-01-20 11:48:54,616 - DEBUG - COM3: TX: 0eab08000100000008000000800800
2020-01-20 11:48:54,620 - DEBUG - COM3: RX: 0784ab0001000000
2020-01-20 11:48:54,620 - DEBUG - COM3: parsed_packet {event: CmdRsp, data: {'opcode': 171, 'status': 0, 'data': bytearray(b'\x01\x00\x00\x00')}}
2020-01-20 11:48:54,620 - INFO - COM3: PacketSend: {'token': 1}
2020-01-20 11:48:54,638 - DEBUG - COM3: RX: 05d201000000
2020-01-20 11:48:54,638 - DEBUG - COM3: parsed_packet {event: MeshTxComplete, data: {'token': 1}}
2020-01-20 11:48:54,639 - INFO - COM3: {event: MeshTxComplete, data: {'token': 1}}
2020-01-20 11:48:54,737 - DEBUG - COM3: RX: 2ad0230001000800000004012539d04a8dedc81600020059000000000028000f0000000300000002000210
2020-01-20 11:48:54,737 - DEBUG - COM3: parsed_packet {event: MeshMessageReceivedUnicast, data: {'src': 35, 'dst': 1, 'appkey_handle': 8, 'subnet_handle': 0, 'ttl': 4, 'adv_addr_type': 1, 'adv_addr': bytearray(b'%9\xd0J\x8d\xed'), 'rssi': -56, 'actual_length': 22, 'data': bytearray(b'\x02\x00Y\x00\x00\x00\x00\x00(\x00\x0f\x00\x00\x00\x03\x00\x00\x00\x02\x00\x02\x10')}}
2020-01-20 11:48:54,744 - INFO - COM3.ConfigurationClient: Received composition data (page 0x00): {
  "cid": "0059",
  "pid": "0000",
  "vid": "0000",
  "crpl": 40,
  "features": {
    "relay": 0,
    "proxy": 0,
    "friend": 0,
    "low_power": 0
  },
  "elements": [
    {
      "index": 0,
      "location": "0000",
      "models": [
        {
          "modelId": "0000"
        },
        {
          "modelId": "0002"
        },
        {
          "modelId": "1002"
        }
      ]
    }
  ]
}
2020-01-20 11:48:54,745 - DEBUG - COM3: Message Opcode bytearray(b'\x02'), Data bytearray(b'\x00Y\x00\x00\x00\x00\x00(\x00\x0f\x00\x00\x00\x03\x00\x00\x00\x02\x00\x02\x10') unknown for model <mesh.access.Access object at 0x0000023681D40760>.
2020-01-20 11:48:56,616 - DEBUG - COM3.ConfigurationClient: Sending opcode: 00, data: 0000004f68ad85d9f48ac8589df665b6b49b8a
2020-01-20 11:48:56,616 - DEBUG - COM3: TX: 1fab08000100000008000000000000004f68ad85d9f48ac8589df665b6b49b8a
2020-01-20 11:48:56,622 - DEBUG - COM3: RX: 0784ab0002000000
2020-01-20 11:48:56,622 - DEBUG - COM3: parsed_packet {event: CmdRsp, data: {'opcode': 171, 'status': 0, 'data': bytearray(b'\x02\x00\x00\x00')}}
2020-01-20 11:48:56,622 - INFO - COM3: PacketSend: {'token': 2}
2020-01-20 11:48:56,676 - DEBUG - COM3: RX: 05d202000000
2020-01-20 11:48:56,677 - DEBUG - COM3: parsed_packet {event: MeshTxComplete, data: {'token': 2}}
2020-01-20 11:48:56,677 - INFO - COM3: {event: MeshTxComplete, data: {'token': 2}}
2020-01-20 11:48:56,703 - DEBUG - COM3: RX: 1ad0230001000800000004012539d04a8dedc70600800300000000
2020-01-20 11:48:56,704 - DEBUG - COM3: parsed_packet {event: MeshMessageReceivedUnicast, data: {'src': 35, 'dst': 1, 'appkey_handle': 8, 'subnet_handle': 0, 'ttl': 4, 'adv_addr_type': 1, 'adv_addr': bytearray(b'%9\xd0J\x8d\xed'), 'rssi': -57, 'actual_length': 6, 'data': bytearray(b'\x80\x03\x00\x00\x00\x00')}}
2020-01-20 11:48:56,704 - INFO - COM3.ConfigurationClient: Appkey status: AccessStatus.SUCCESS
2020-01-20 11:48:56,712 - INFO - COM3.ConfigurationClient: Appkey add 0 succeded for subnet 0 at node 0023
2020-01-20 11:48:56,712 - DEBUG - COM3: Message Opcode bytearray(b'\x80\x03'), Data bytearray(b'\x00\x00\x00\x00') unknown for model <mesh.access.Access object at 0x0000023681D40760>.
2020-01-20 11:48:57,617 - DEBUG - COM3.ConfigurationClient: Sending opcode: 803d, data: 230000000210
2020-01-20 11:48:57,617 - DEBUG - COM3: TX: 13ab08000100000008000000803d230000000210
2020-01-20 11:48:57,622 - DEBUG - COM3: RX: 0784ab0003000000
2020-01-20 11:48:57,622 - DEBUG - COM3: parsed_packet {event: CmdRsp, data: {'opcode': 171, 'status': 0, 'data': bytearray(b'\x03\x00\x00\x00')}}
2020-01-20 11:48:57,623 - INFO - COM3: PacketSend: {'token': 3}
2020-01-20 11:48:57,641 - DEBUG - COM3: RX: 05d203000000
2020-01-20 11:48:57,641 - DEBUG - COM3: parsed_packet {event: MeshTxComplete, data: {'token': 3}}
2020-01-20 11:48:57,641 - INFO - COM3: {event: MeshTxComplete, data: {'token': 3}}
2020-01-20 11:48:57,654 - DEBUG - COM3: RX: 1dd0230001000800000004012539d04a8dedc40900803e00230000000210
2020-01-20 11:48:57,654 - DEBUG - COM3: parsed_packet {event: MeshMessageReceivedUnicast, data: {'src': 35, 'dst': 1, 'appkey_handle': 8, 'subnet_handle': 0, 'ttl': 4, 'adv_addr_type': 1, 'adv_addr': bytearray(b'%9\xd0J\x8d\xed'), 'rssi': -60, 'actual_length': 9, 'data': bytearray(b'\x80>\x00#\x00\x00\x00\x02\x10')}}
2020-01-20 11:48:57,654 - INFO - COM3.ConfigurationClient: Model app bind status: AccessStatus.SUCCESS
2020-01-20 11:48:57,661 - INFO - COM3.ConfigurationClient: Appkey bind 0 to model 1002 at 0023
2020-01-20 11:48:57,662 - DEBUG - COM3: Message Opcode bytearray(b'\x80>'), Data bytearray(b'\x00#\x00\x00\x00\x02\x10') unknown for model <mesh.access.Access object at 0x0000023681D40760>.
