2019-11-29 16:05:08,079 - DEBUG - COM3: TX: 616944887d64324d5b5f61af42d33b91459c374b0492b2ad327681fbda4346e53edb59526a0f003252ef6545d614ce24fbffdafc813f4124390f46680ea8838bd9b29dabc9c927c2d06bd3924c778c0fa7cb7e4d0f74fb13de9ad3acca0b13858645
2019-11-29 16:05:08,091 - DEBUG - COM3: RX: 03846900
2019-11-29 16:05:08,091 - DEBUG - COM3: parsed_packet {event: CmdRsp, data: {'opcode': 105, 'status': 0, 'data': bytearray(b'')}}
2019-11-29 16:05:08,092 - DEBUG - COM3: TX: 059f01000100
2019-11-29 16:05:08,092 - INFO - COM3: Success
2019-11-29 16:05:08,095 - DEBUG - COM3: RX: 03849f8e
2019-11-29 16:05:08,095 - DEBUG - COM3: parsed_packet {event: CmdRsp, data: {'opcode': 159, 'status': 142, 'data': bytearray(b'')}}
2019-11-29 16:05:08,095 - DEBUG - COM3: TX: 1392000018eed9c2a56add85049ffc3c59ad0e12
2019-11-29 16:05:08,095 - ERROR - COM3: None: ERROR_REJECTED
2019-11-29 16:05:08,099 - DEBUG - COM3: RX: 03849281
2019-11-29 16:05:08,099 - DEBUG - COM3: parsed_packet {event: CmdRsp, data: {'opcode': 146, 'status': 129, 'data': bytearray(b'')}}
2019-11-29 16:05:08,099 - DEBUG - COM3: TX: 1597000000004f68ad85d9f48ac8589df665b6b49b8a
2019-11-29 16:05:08,099 - ERROR - COM3: SubnetAdd: ERROR_INTERNAL
2019-11-29 16:05:08,103 - DEBUG - COM3: RX: 03849781
2019-11-29 16:05:08,103 - DEBUG - COM3: parsed_packet {event: CmdRsp, data: {'opcode': 151, 'status': 129, 'data': bytearray(b'')}}
2019-11-29 16:05:08,103 - DEBUG - COM3: TX: 1597010000002aa2a6ded5a0798ceab5787ca3ae39fc
2019-11-29 16:05:08,103 - ERROR - COM3: AppkeyAdd: ERROR_INTERNAL
2019-11-29 16:05:08,107 - DEBUG - COM3: RX: 03849781
2019-11-29 16:05:08,107 - DEBUG - COM3: parsed_packet {event: CmdRsp, data: {'opcode': 151, 'status': 129, 'data': bytearray(b'')}}
2019-11-29 16:05:08,107 - ERROR - COM3: AppkeyAdd: ERROR_INTERNAL
2019-11-29 16:05:12,323 - DEBUG - COM3: exited read event
