2020-01-20 16:01:34,494 - DEBUG - COM3: TX: 61691ee9a5884089132f6ee3cd6afa15b4478673032e701ff09a32cb427296beaa01f03fc77a008570ca5e5947140cb62145664f216519fd5d6b91de0bb1eec4f8d623b8867028e503cb61bbcb75a21cf015fb8e0397ecef7ce2e2d2d8f5ccc1a4e7
2020-01-20 16:01:34,506 - DEBUG - COM3: RX: 03846900
2020-01-20 16:01:34,506 - DEBUG - COM3: parsed_packet {event: CmdRsp, data: {'opcode': 105, 'status': 0, 'data': bytearray(b'')}}
2020-01-20 16:01:34,507 - DEBUG - COM3: TX: 059f01000100
2020-01-20 16:01:34,507 - INFO - COM3: Success
2020-01-20 16:01:34,509 - DEBUG - COM3: RX: 03849f00
2020-01-20 16:01:34,518 - DEBUG - COM3: parsed_packet {event: CmdRsp, data: {'opcode': 159, 'status': 0, 'data': bytearray(b'')}}
2020-01-20 16:01:34,518 - DEBUG - COM3: TX: 1392000018eed9c2a56add85049ffc3c59ad0e12
2020-01-20 16:01:34,518 - INFO - COM3: Success
2020-01-20 16:01:34,522 - DEBUG - COM3: RX: 058492000000
2020-01-20 16:01:34,523 - DEBUG - COM3: parsed_packet {event: CmdRsp, data: {'opcode': 146, 'status': 0, 'data': bytearray(b'\x00\x00')}}
2020-01-20 16:01:34,523 - DEBUG - COM3: TX: 1597000000004f68ad85d9f48ac8589df665b6b49b8a
2020-01-20 16:01:34,523 - INFO - COM3: SubnetAdd: {'subnet_handle': 0}
2020-01-20 16:01:34,527 - DEBUG - COM3: RX: 058497000000
2020-01-20 16:01:34,528 - DEBUG - COM3: parsed_packet {event: CmdRsp, data: {'opcode': 151, 'status': 0, 'data': bytearray(b'\x00\x00')}}
2020-01-20 16:01:34,528 - DEBUG - COM3: TX: 1597010000002aa2a6ded5a0798ceab5787ca3ae39fc
2020-01-20 16:01:34,528 - INFO - COM3: AppkeyAdd: {'appkey_handle': 0}
2020-01-20 16:01:34,532 - DEBUG - COM3: RX: 058497000100
2020-01-20 16:01:34,532 - DEBUG - COM3: parsed_packet {event: CmdRsp, data: {'opcode': 151, 'status': 0, 'data': bytearray(b'\x01\x00')}}
2020-01-20 16:01:34,532 - INFO - COM3: AppkeyAdd: {'appkey_handle': 1}
2020-01-20 16:01:39,563 - DEBUG - COM3: TX: 0161
2020-01-20 16:01:39,564 - DEBUG - COM3: RX: 03846100
2020-01-20 16:01:39,565 - DEBUG - COM3: parsed_packet {event: CmdRsp, data: {'opcode': 97, 'status': 0, 'data': bytearray(b'')}}
2020-01-20 16:01:39,565 - INFO - COM3: Success
2020-01-20 16:01:41,232 - DEBUG - COM3: RX: 1ac0d5b91bba0508344a809923e28a48b06dc10001c09923e28ac8
2020-01-20 16:01:41,232 - DEBUG - COM3: parsed_packet {event: ProvUnprovisionedReceived, data: {'uuid': bytearray(b'\xd5\xb9\x1b\xba\x05\x084J\x80\x99#\xe2\x8aH\xb0m'), 'rssi': -63, 'gatt_supported': 0, 'adv_addr_type': 1, 'adv_addr': bytearray(b'\xc0\x99#\xe2\x8a\xc8')}}
2020-01-20 16:01:41,232 - INFO - COM3: Received UUID d5b91bba0508344a809923e28a48b06d with RSSI: -63 dB
2020-01-20 16:01:43,242 - DEBUG - COM3: RX: 1ac0d5b91bba0508344a809923e28a48b06dc70001c09923e28ac8
2020-01-20 16:01:43,242 - DEBUG - COM3: parsed_packet {event: ProvUnprovisionedReceived, data: {'uuid': bytearray(b'\xd5\xb9\x1b\xba\x05\x084J\x80\x99#\xe2\x8aH\xb0m'), 'rssi': -57, 'gatt_supported': 0, 'adv_addr_type': 1, 'adv_addr': bytearray(b'\xc0\x99#\xe2\x8a\xc8')}}
2020-01-20 16:01:44,566 - DEBUG - COM3: TX: 0162
2020-01-20 16:01:44,566 - DEBUG - COM3: RX: 03846200
2020-01-20 16:01:44,566 - DEBUG - COM3: parsed_packet {event: CmdRsp, data: {'opcode': 98, 'status': 0, 'data': bytearray(b'')}}
2020-01-20 16:01:44,566 - INFO - COM3: Success
2020-01-20 16:02:03,843 - DEBUG - COM3: TX: 2d6300d5b91bba0508344a809923e28a48b06d18eed9c2a56add85049ffc3c59ad0e120000000000003a00000000
2020-01-20 16:02:03,843 - DEBUG - COM3: RX: 0484630000
2020-01-20 16:02:03,843 - DEBUG - COM3: parsed_packet {event: CmdRsp, data: {'opcode': 99, 'status': 0, 'data': bytearray(b'\x00')}}
2020-01-20 16:02:03,843 - INFO - COM3: Provision: {'context': 0}
2020-01-20 16:02:03,843 - DEBUG - COM3: RX: 02c100
2020-01-20 16:02:03,843 - DEBUG - COM3: parsed_packet {event: ProvLinkEstablished, data: {'context_id': 0}}
2020-01-20 16:02:03,843 - INFO - COM3: Link established
2020-01-20 16:02:03,916 - DEBUG - COM3: RX: 0bc300050001000000000000
2020-01-20 16:02:03,917 - DEBUG - COM3: parsed_packet {event: ProvCapsReceived, data: {'context_id': 0, 'num_elements': 5, 'public_key_type': 0, 'static_oob_types': 1, 'output_oob_size': 0, 'output_oob_actions': 0, 'input_oob_size': 0, 'input_oob_actions': 0}}
2020-01-20 16:02:03,917 - INFO - COM3: Received capabilities
2020-01-20 16:02:03,917 - INFO - COM3: Number of elements: 5
2020-01-20 16:02:03,918 - DEBUG - COM3: TX: 056600000000
2020-01-20 16:02:03,920 - DEBUG - COM3: RX: 0484660000
2020-01-20 16:02:03,920 - DEBUG - COM3: parsed_packet {event: CmdRsp, data: {'opcode': 102, 'status': 0, 'data': bytearray(b'\x00')}}
2020-01-20 16:02:03,921 - INFO - COM3: OobUse: {'context': 0}
2020-01-20 16:02:04,127 - DEBUG - COM3: RX: 62c700eb5cad1e7bd154a55ffdb7019893b898af3b2d51480e8fa7aa7cba752aecf1470dd790796a8a1585d205144ec558945d835e7d8ad135df9c9e1ebc59bb5eba6d1ee9a5884089132f6ee3cd6afa15b4478673032e701ff09a32cb427296beaa01
2020-01-20 16:02:04,127 - DEBUG - COM3: parsed_packet {event: ProvEcdhRequest, data: {'context_id': 0, 'peer_public': bytearray(b'\xeb\\\xad\x1e{\xd1T\xa5_\xfd\xb7\x01\x98\x93\xb8\x98\xaf;-QH\x0e\x8f\xa7\xaa|\xbau*\xec\xf1G\r\xd7\x90yj\x8a\x15\x85\xd2\x05\x14N\xc5X\x94]\x83^}\x8a\xd15\xdf\x9c\x9e\x1e\xbcY\xbb^\xbam'), 'node_private': bytearray(b'\x1e\xe9\xa5\x88@\x89\x13/n\xe3\xcdj\xfa\x15\xb4G\x86s\x03.p\x1f\xf0\x9a2\xcbBr\x96\xbe\xaa\x01')}}
2020-01-20 16:02:04,128 - INFO - COM3: ECDH request received
2020-01-20 16:02:04,140 - DEBUG - COM3: TX: 2268009d3b28198c129a2d2b010bda69f66e8900196be07e940a7cc07326ded3658dd3
2020-01-20 16:02:04,145 - DEBUG - COM3: RX: 0484680000
2020-01-20 16:02:04,145 - DEBUG - COM3: parsed_packet {event: CmdRsp, data: {'opcode': 104, 'status': 0, 'data': bytearray(b'\x00')}}
2020-01-20 16:02:04,146 - INFO - COM3: EcdhSecret: {'context': 0}
2020-01-20 16:02:04,476 - DEBUG - COM3: RX: 2cc5000000000000003a000000e0a9907d4b1416459ddcb777938955ea18eed9c2a56add85049ffc3c59ad0e12
2020-01-20 16:02:04,476 - DEBUG - COM3: parsed_packet {event: ProvComplete, data: {'context_id': 0, 'iv_index': 0, 'net_key_index': 0, 'address': 58, 'iv_update_flag': 0, 'key_refresh_flag': 0, 'device_key': bytearray(b'\xe0\xa9\x90}K\x14\x16E\x9d\xdc\xb7w\x93\x89U\xea'), 'net_key': bytearray(b'\x18\xee\xd9\xc2\xa5j\xdd\x85\x04\x9f\xfc<Y\xad\x0e\x12')}}
2020-01-20 16:02:04,476 - INFO - COM3: Provisioning complete
2020-01-20 16:02:04,476 - INFO - COM3: 	Address(es): 0x3a-0x3e
2020-01-20 16:02:04,476 - INFO - COM3: 	Device key: e0a9907d4b1416459ddcb777938955ea
2020-01-20 16:02:04,476 - INFO - COM3: 	Network key: 18eed9c2a56add85049ffc3c59ad0e12
2020-01-20 16:02:04,476 - INFO - COM3: Adding device key to subnet 0
2020-01-20 16:02:04,492 - DEBUG - COM3: TX: 159c3a000000e0a9907d4b1416459ddcb777938955ea
2020-01-20 16:02:04,492 - INFO - COM3: Adding publication address of root element
2020-01-20 16:02:04,492 - DEBUG - COM3: TX: 03a43a00
2020-01-20 16:02:04,492 - DEBUG - COM3: RX: 05849c000800
2020-01-20 16:02:04,492 - DEBUG - COM3: parsed_packet {event: CmdRsp, data: {'opcode': 156, 'status': 0, 'data': bytearray(b'\x08\x00')}}
2020-01-20 16:02:04,492 - INFO - COM3: DevkeyAdd: {'devkey_handle': 8}
2020-01-20 16:02:04,492 - DEBUG - COM3: RX: 0584a4000000
2020-01-20 16:02:04,492 - DEBUG - COM3: parsed_packet {event: CmdRsp, data: {'opcode': 164, 'status': 0, 'data': bytearray(b'\x00\x00')}}
2020-01-20 16:02:04,492 - INFO - COM3: AddrPublicationAdd: {'address_handle': 0}
2020-01-20 16:02:04,605 - DEBUG - COM3: RX: 03c20000
2020-01-20 16:02:04,606 - DEBUG - COM3: parsed_packet {event: ProvLinkClosed, data: {'context_id': 0, 'close_reason': 0}}
2020-01-20 16:02:04,606 - INFO - COM3: Provisioning link closed
2020-01-20 16:02:28,983 - DEBUG - COM3.ConfigurationClient: Sending opcode: 8008, data: 00
2020-01-20 16:02:28,983 - DEBUG - COM3: TX: 0eab08000100000008000000800800
2020-01-20 16:02:28,986 - DEBUG - COM3: RX: 0784ab0001000000
2020-01-20 16:02:28,987 - DEBUG - COM3: parsed_packet {event: CmdRsp, data: {'opcode': 171, 'status': 0, 'data': bytearray(b'\x01\x00\x00\x00')}}
2020-01-20 16:02:28,987 - INFO - COM3: PacketSend: {'token': 1}
2020-01-20 16:02:28,988 - DEBUG - COM3: RX: 05d201000000
2020-01-20 16:02:28,989 - DEBUG - COM3: parsed_packet {event: MeshTxComplete, data: {'token': 1}}
2020-01-20 16:02:28,989 - INFO - COM3: {event: MeshTxComplete, data: {'token': 1}}
2020-01-20 16:02:29,063 - DEBUG - COM3: RX: 2ad03a000100080000000401c09923e28ac8c31600020059000000000028000f0000000300000002000210
2020-01-20 16:02:29,064 - DEBUG - COM3: parsed_packet {event: MeshMessageReceivedUnicast, data: {'src': 58, 'dst': 1, 'appkey_handle': 8, 'subnet_handle': 0, 'ttl': 4, 'adv_addr_type': 1, 'adv_addr': bytearray(b'\xc0\x99#\xe2\x8a\xc8'), 'rssi': -61, 'actual_length': 22, 'data': bytearray(b'\x02\x00Y\x00\x00\x00\x00\x00(\x00\x0f\x00\x00\x00\x03\x00\x00\x00\x02\x00\x02\x10')}}
2020-01-20 16:02:29,073 - INFO - COM3.ConfigurationClient: Received composition data (page 0x00): {
  "cid": "0059",
  "pid": "0000",
  "vid": "0000",
  "crpl": 40,
  "features": {
    "relay": 0,
    "proxy": 0,
    "friend": 0,
    "low_power": 0
  },
  "elements": [
    {
      "index": 0,
      "location": "0000",
      "models": [
        {
          "modelId": "0000"
        },
        {
          "modelId": "0002"
        },
        {
          "modelId": "1002"
        }
      ]
    }
  ]
}
2020-01-20 16:02:29,074 - DEBUG - COM3: Message Opcode bytearray(b'\x02'), Data bytearray(b'\x00Y\x00\x00\x00\x00\x00(\x00\x0f\x00\x00\x00\x03\x00\x00\x00\x02\x00\x02\x10') unknown for model <mesh.access.Access object at 0x000001AAF66A0640>.
2020-01-20 16:02:29,074 - DEBUG - COM3: Message Opcode bytearray(b'\x02'), Data bytearray(b'\x00Y\x00\x00\x00\x00\x00(\x00\x0f\x00\x00\x00\x03\x00\x00\x00\x02\x00\x02\x10') unknown for model <mesh.access.Access object at 0x000001AAF66A0640>.
2020-01-20 16:02:30,987 - DEBUG - COM3.ConfigurationClient: Sending opcode: 00, data: 0000004f68ad85d9f48ac8589df665b6b49b8a
2020-01-20 16:02:30,987 - DEBUG - COM3: TX: 1fab08000100000008000000000000004f68ad85d9f48ac8589df665b6b49b8a
2020-01-20 16:02:30,987 - DEBUG - COM3: RX: 0784ab0002000000
2020-01-20 16:02:30,987 - DEBUG - COM3: parsed_packet {event: CmdRsp, data: {'opcode': 171, 'status': 0, 'data': bytearray(b'\x02\x00\x00\x00')}}
2020-01-20 16:02:30,987 - INFO - COM3: PacketSend: {'token': 2}
2020-01-20 16:02:31,018 - DEBUG - COM3: RX: 05d202000000
2020-01-20 16:02:31,018 - DEBUG - COM3: parsed_packet {event: MeshTxComplete, data: {'token': 2}}
2020-01-20 16:02:31,018 - INFO - COM3: {event: MeshTxComplete, data: {'token': 2}}
2020-01-20 16:02:31,050 - DEBUG - COM3: RX: 1ad03a000100080000000401c09923e28ac8c60600800300000000
2020-01-20 16:02:31,050 - DEBUG - COM3: parsed_packet {event: MeshMessageReceivedUnicast, data: {'src': 58, 'dst': 1, 'appkey_handle': 8, 'subnet_handle': 0, 'ttl': 4, 'adv_addr_type': 1, 'adv_addr': bytearray(b'\xc0\x99#\xe2\x8a\xc8'), 'rssi': -58, 'actual_length': 6, 'data': bytearray(b'\x80\x03\x00\x00\x00\x00')}}
2020-01-20 16:02:31,051 - INFO - COM3.ConfigurationClient: Appkey status: AccessStatus.SUCCESS
2020-01-20 16:02:31,058 - INFO - COM3.ConfigurationClient: Appkey add 0 succeded for subnet 0 at node 003a
2020-01-20 16:02:31,058 - DEBUG - COM3: Message Opcode bytearray(b'\x80\x03'), Data bytearray(b'\x00\x00\x00\x00') unknown for model <mesh.access.Access object at 0x000001AAF66A0640>.
2020-01-20 16:02:31,058 - DEBUG - COM3: Message Opcode bytearray(b'\x80\x03'), Data bytearray(b'\x00\x00\x00\x00') unknown for model <mesh.access.Access object at 0x000001AAF66A0640>.
2020-01-20 16:02:31,995 - DEBUG - COM3.ConfigurationClient: Sending opcode: 803d, data: 3a0000000210
2020-01-20 16:02:31,995 - DEBUG - COM3: TX: 13ab08000100000008000000803d3a0000000210
2020-01-20 16:02:31,995 - DEBUG - COM3: RX: 0784ab0003000000
2020-01-20 16:02:31,995 - DEBUG - COM3: parsed_packet {event: CmdRsp, data: {'opcode': 171, 'status': 0, 'data': bytearray(b'\x03\x00\x00\x00')}}
2020-01-20 16:02:31,995 - INFO - COM3: PacketSend: {'token': 3}
2020-01-20 16:02:32,011 - DEBUG - COM3: RX: 05d203000000
2020-01-20 16:02:32,011 - DEBUG - COM3: parsed_packet {event: MeshTxComplete, data: {'token': 3}}
2020-01-20 16:02:32,011 - INFO - COM3: {event: MeshTxComplete, data: {'token': 3}}
2020-01-20 16:02:32,027 - DEBUG - COM3: RX: 1dd03a000100080000000401c09923e28ac8c60900803e003a0000000210
2020-01-20 16:02:32,027 - DEBUG - COM3: parsed_packet {event: MeshMessageReceivedUnicast, data: {'src': 58, 'dst': 1, 'appkey_handle': 8, 'subnet_handle': 0, 'ttl': 4, 'adv_addr_type': 1, 'adv_addr': bytearray(b'\xc0\x99#\xe2\x8a\xc8'), 'rssi': -58, 'actual_length': 9, 'data': bytearray(b'\x80>\x00:\x00\x00\x00\x02\x10')}}
2020-01-20 16:02:32,027 - INFO - COM3.ConfigurationClient: Model app bind status: AccessStatus.SUCCESS
2020-01-20 16:02:32,042 - INFO - COM3.ConfigurationClient: Appkey bind 0 to model 1002 at 003a
2020-01-20 16:02:32,042 - DEBUG - COM3: Message Opcode bytearray(b'\x80>'), Data bytearray(b'\x00:\x00\x00\x00\x02\x10') unknown for model <mesh.access.Access object at 0x000001AAF66A0640>.
2020-01-20 16:02:32,042 - DEBUG - COM3: Message Opcode bytearray(b'\x80>'), Data bytearray(b'\x00:\x00\x00\x00\x02\x10') unknown for model <mesh.access.Access object at 0x000001AAF66A0640>.
2020-01-20 16:02:36,031 - INFO - COM3.NodeConfigClient: Send Data1: 16
2020-01-20 16:02:36,031 - INFO - COM3.NodeConfigClient: Send Data2: 0
2020-01-20 16:02:36,031 - INFO - COM3.NodeConfigClient: Send Data3: 0
2020-01-20 16:02:36,032 - INFO - COM3.NodeConfigClient: Send Data4: 0
2020-01-20 16:02:36,032 - INFO - COM3.NodeConfigClient: Send Data: bytearray(b'\x00\x00\x00\x10\x00')
2020-01-20 16:02:36,032 - DEBUG - COM3.NodeConfigClient: Sending opcode: 8206, data: 0000001000
2020-01-20 16:02:36,032 - DEBUG - COM3: TX: 12ab0000010000000800000082060000001000
2020-01-20 16:02:36,032 - DEBUG - COM3: RX: 0784ab0004000000
2020-01-20 16:02:36,032 - DEBUG - COM3: parsed_packet {event: CmdRsp, data: {'opcode': 171, 'status': 0, 'data': bytearray(b'\x04\x00\x00\x00')}}
2020-01-20 16:02:36,032 - INFO - COM3: PacketSend: {'token': 4}
2020-01-20 16:02:36,032 - DEBUG - COM3: RX: 05d204000000
2020-01-20 16:02:36,032 - DEBUG - COM3: parsed_packet {event: MeshTxComplete, data: {'token': 4}}
2020-01-20 16:02:36,032 - INFO - COM3: {event: MeshTxComplete, data: {'token': 4}}
2020-01-20 16:02:36,032 - DEBUG - COM3: RX: 18d03a000100000000000401c09923e28ac8c3040082080000
2020-01-20 16:02:36,032 - DEBUG - COM3: parsed_packet {event: MeshMessageReceivedUnicast, data: {'src': 58, 'dst': 1, 'appkey_handle': 0, 'subnet_handle': 0, 'ttl': 4, 'adv_addr_type': 1, 'adv_addr': bytearray(b'\xc0\x99#\xe2\x8a\xc8'), 'rssi': -61, 'actual_length': 4, 'data': bytearray(b'\x82\x08\x00\x00')}}
2020-01-20 16:02:36,032 - DEBUG - COM3: Message Opcode bytearray(b'\x82\x08'), Data bytearray(b'\x00\x00') unknown for model <mesh.access.Access object at 0x000001AAF66A0640>.
2020-01-20 16:02:36,032 - INFO - COM3.NodeConfigClient: Present Level: bytearray(b'\x00\x00') Target Level: bytearray(b'\x00\x00')
2020-01-20 16:02:36,032 - DEBUG - COM3: Message Opcode bytearray(b'\x82\x08'), Data bytearray(b'\x00\x00') unknown for model <mesh.access.Access object at 0x000001AAF66A0640>.
2020-01-20 16:02:41,040 - DEBUG - COM3.ConfigurationClient: Sending opcode: 8049, data: 
2020-01-20 16:02:41,040 - DEBUG - COM3: TX: 0dab080001000000080000008049
2020-01-20 16:02:41,040 - DEBUG - COM3: RX: 0784ab0005000000
2020-01-20 16:02:41,040 - DEBUG - COM3: parsed_packet {event: CmdRsp, data: {'opcode': 171, 'status': 0, 'data': bytearray(b'\x05\x00\x00\x00')}}
2020-01-20 16:02:41,040 - INFO - COM3: PacketSend: {'token': 5}
2020-01-20 16:02:41,040 - DEBUG - COM3: RX: 05d205000000
2020-01-20 16:02:41,040 - DEBUG - COM3: parsed_packet {event: MeshTxComplete, data: {'token': 5}}
2020-01-20 16:02:41,040 - INFO - COM3: {event: MeshTxComplete, data: {'token': 5}}
2020-01-20 16:02:41,072 - DEBUG - COM3: RX: 16d03a000100080000000401c09923e28ac8c30200804a
2020-01-20 16:02:41,072 - DEBUG - COM3: parsed_packet {event: MeshMessageReceivedUnicast, data: {'src': 58, 'dst': 1, 'appkey_handle': 8, 'subnet_handle': 0, 'ttl': 4, 'adv_addr_type': 1, 'adv_addr': bytearray(b'\xc0\x99#\xe2\x8a\xc8'), 'rssi': -61, 'actual_length': 2, 'data': bytearray(b'\x80J')}}
2020-01-20 16:02:41,072 - INFO - COM3.ConfigurationClient: Node 003a was reset
2020-01-20 16:02:41,072 - DEBUG - COM3: Message Opcode bytearray(b'\x80J'), Data bytearray(b'') unknown for model <mesh.access.Access object at 0x000001AAF66A0640>.
2020-01-20 16:02:41,072 - DEBUG - COM3: Message Opcode bytearray(b'\x80J'), Data bytearray(b'') unknown for model <mesh.access.Access object at 0x000001AAF66A0640>.
2020-01-20 16:02:51,944 - DEBUG - COM3: RX: 00
2020-01-20 16:02:51,944 - ERROR - COM3: Invalid packet: bytearray(b'\x00')
2020-01-20 16:02:52,368 - DEBUG - COM3: RX: 04810200fe
2020-01-20 16:02:52,368 - DEBUG - COM3: parsed_packet {event: DeviceStarted, data: {'operating_mode': 2, 'hw_error': 0, 'data_credit_available': 254}}
2020-01-20 16:02:52,368 - INFO - COM3: Device rebooted.
