2020-01-20 14:01:25,945 - DEBUG - COM3: TX: 6169917af7109d407b188dbf41077eaf31fa9fd7e6448366670c02551b3b835c37403e47b6fd455d799b8687c6976510b30a6353fed9a8abc0bc911e79d0da4c38ca8a1a69807a295d4e8cb0a7be5930557fcadefe53f9b9fd7e92c068ceaeb3032d
2020-01-20 14:01:25,956 - DEBUG - COM3: RX: 03846900
2020-01-20 14:01:25,956 - DEBUG - COM3: parsed_packet {event: CmdRsp, data: {'opcode': 105, 'status': 0, 'data': bytearray(b'')}}
2020-01-20 14:01:25,956 - DEBUG - COM3: TX: 059f01000100
2020-01-20 14:01:25,956 - INFO - COM3: Success
2020-01-20 14:01:25,959 - DEBUG - COM3: RX: 03849f8e
2020-01-20 14:01:25,967 - DEBUG - COM3: parsed_packet {event: CmdRsp, data: {'opcode': 159, 'status': 142, 'data': bytearray(b'')}}
2020-01-20 14:01:25,967 - DEBUG - COM3: TX: 1392000018eed9c2a56add85049ffc3c59ad0e12
2020-01-20 14:01:25,967 - ERROR - COM3: None: ERROR_REJECTED
2020-01-20 14:01:25,971 - DEBUG - COM3: RX: 03849281
2020-01-20 14:01:25,971 - DEBUG - COM3: parsed_packet {event: CmdRsp, data: {'opcode': 146, 'status': 129, 'data': bytearray(b'')}}
2020-01-20 14:01:25,972 - DEBUG - COM3: TX: 1597000000004f68ad85d9f48ac8589df665b6b49b8a
2020-01-20 14:01:25,971 - ERROR - COM3: SubnetAdd: ERROR_INTERNAL
2020-01-20 14:01:25,975 - DEBUG - COM3: RX: 03849781
2020-01-20 14:01:25,975 - DEBUG - COM3: parsed_packet {event: CmdRsp, data: {'opcode': 151, 'status': 129, 'data': bytearray(b'')}}
2020-01-20 14:01:25,975 - DEBUG - COM3: TX: 1597010000002aa2a6ded5a0798ceab5787ca3ae39fc
2020-01-20 14:01:25,975 - ERROR - COM3: AppkeyAdd: ERROR_INTERNAL
2020-01-20 14:01:25,979 - DEBUG - COM3: RX: 03849781
2020-01-20 14:01:25,979 - DEBUG - COM3: parsed_packet {event: CmdRsp, data: {'opcode': 151, 'status': 129, 'data': bytearray(b'')}}
2020-01-20 14:01:25,979 - ERROR - COM3: AppkeyAdd: ERROR_INTERNAL
