2020-01-20 10:24:37,993 - DEBUG - COM3: TX: 6169d96d9baa2114c314168c9c5faa0805c8f2d8ea05b6bc147bdd7c84aef1879abcf871762cfe73049827631c4af2261fd546fd6f29de945aa5264d803ffcd5bdca9a93945ac81963bbba1597ed7f90dbeb858e8d1038287cefaf6389e4689247a4
2020-01-20 10:24:38,004 - DEBUG - COM3: RX: 03846900
2020-01-20 10:24:38,004 - DEBUG - COM3: parsed_packet {event: CmdRsp, data: {'opcode': 105, 'status': 0, 'data': bytearray(b'')}}
2020-01-20 10:24:38,004 - DEBUG - COM3: TX: 059f01000100
2020-01-20 10:24:38,004 - INFO - COM3: Success
2020-01-20 10:24:38,007 - DEBUG - COM3: RX: 03849f00
2020-01-20 10:24:38,015 - DEBUG - COM3: parsed_packet {event: CmdRsp, data: {'opcode': 159, 'status': 0, 'data': bytearray(b'')}}
2020-01-20 10:24:38,015 - DEBUG - COM3: TX: 1392000018eed9c2a56add85049ffc3c59ad0e12
2020-01-20 10:24:38,015 - INFO - COM3: Success
2020-01-20 10:24:38,019 - DEBUG - COM3: RX: 058492000000
2020-01-20 10:24:38,019 - DEBUG - COM3: parsed_packet {event: CmdRsp, data: {'opcode': 146, 'status': 0, 'data': bytearray(b'\x00\x00')}}
2020-01-20 10:24:38,019 - DEBUG - COM3: TX: 1597000000004f68ad85d9f48ac8589df665b6b49b8a
2020-01-20 10:24:38,019 - INFO - COM3: SubnetAdd: {'subnet_handle': 0}
2020-01-20 10:24:38,023 - DEBUG - COM3: RX: 058497000000
2020-01-20 10:24:38,023 - DEBUG - COM3: parsed_packet {event: CmdRsp, data: {'opcode': 151, 'status': 0, 'data': bytearray(b'\x00\x00')}}
2020-01-20 10:24:38,023 - DEBUG - COM3: TX: 1597010000002aa2a6ded5a0798ceab5787ca3ae39fc
2020-01-20 10:24:38,023 - INFO - COM3: AppkeyAdd: {'appkey_handle': 0}
2020-01-20 10:24:38,027 - DEBUG - COM3: RX: 058497000100
2020-01-20 10:24:38,028 - DEBUG - COM3: parsed_packet {event: CmdRsp, data: {'opcode': 151, 'status': 0, 'data': bytearray(b'\x01\x00')}}
2020-01-20 10:24:38,028 - INFO - COM3: AppkeyAdd: {'appkey_handle': 1}
2020-01-20 10:25:13,227 - DEBUG - COM3: RX: 00
2020-01-20 10:25:13,227 - ERROR - COM3: Invalid packet: bytearray(b'\x00')
2020-01-20 10:25:13,641 - DEBUG - COM3: RX: 04810200fe
2020-01-20 10:25:13,642 - DEBUG - COM3: parsed_packet {event: DeviceStarted, data: {'operating_mode': 2, 'hw_error': 0, 'data_credit_available': 254}}
2020-01-20 10:25:13,642 - INFO - COM3: Device rebooted.
