2020-01-20 13:57:15,515 - DEBUG - COM3: TX: 6169252a857d47942c69aeb303d5384d0b8c827ccb6ed5906e6876f850a6d7fa38a49128e6ddc044ba82f3d21552963d6a54b22f673a46d7d922a7bf1555c3b25882ad471f972bb20a1b8f4467ab9ba8ca7762586a91873ad47d31be88024f05b89b
2020-01-20 13:57:15,526 - DEBUG - COM3: RX: 03846900
2020-01-20 13:57:15,527 - DEBUG - COM3: parsed_packet {event: CmdRsp, data: {'opcode': 105, 'status': 0, 'data': bytearray(b'')}}
2020-01-20 13:57:15,527 - DEBUG - COM3: TX: 059f01000100
2020-01-20 13:57:15,527 - INFO - COM3: Success
2020-01-20 13:57:15,529 - DEBUG - COM3: RX: 03849f8e
2020-01-20 13:57:15,532 - DEBUG - COM3: parsed_packet {event: CmdRsp, data: {'opcode': 159, 'status': 142, 'data': bytearray(b'')}}
2020-01-20 13:57:15,532 - DEBUG - COM3: TX: 1392000018eed9c2a56add85049ffc3c59ad0e12
2020-01-20 13:57:15,532 - ERROR - COM3: None: ERROR_REJECTED
2020-01-20 13:57:15,535 - DEBUG - COM3: RX: 03849281
2020-01-20 13:57:15,535 - DEBUG - COM3: parsed_packet {event: CmdRsp, data: {'opcode': 146, 'status': 129, 'data': bytearray(b'')}}
2020-01-20 13:57:15,535 - DEBUG - COM3: TX: 1597000000004f68ad85d9f48ac8589df665b6b49b8a
2020-01-20 13:57:15,535 - ERROR - COM3: SubnetAdd: ERROR_INTERNAL
2020-01-20 13:57:15,539 - DEBUG - COM3: RX: 03849781
2020-01-20 13:57:15,539 - DEBUG - COM3: parsed_packet {event: CmdRsp, data: {'opcode': 151, 'status': 129, 'data': bytearray(b'')}}
2020-01-20 13:57:15,540 - DEBUG - COM3: TX: 1597010000002aa2a6ded5a0798ceab5787ca3ae39fc
2020-01-20 13:57:15,539 - ERROR - COM3: AppkeyAdd: ERROR_INTERNAL
2020-01-20 13:57:15,543 - DEBUG - COM3: RX: 03849781
2020-01-20 13:57:15,544 - DEBUG - COM3: parsed_packet {event: CmdRsp, data: {'opcode': 151, 'status': 129, 'data': bytearray(b'')}}
2020-01-20 13:57:15,544 - ERROR - COM3: AppkeyAdd: ERROR_INTERNAL
