2020-01-20 14:28:46,902 - DEBUG - COM3: TX: 6169f41b5facd20f9edfb8e03ce0577cee9fc0bb4c08a984d7abcfcfcce23ebf95227b80417e69209499e579673acad732e2bc0739b4da78b1735ec9cd83daca9ab9d53b2637c2d0e6bfcd7cde9b938a3813bda5f8435f477186db3852cc2f7aa432
2020-01-20 14:28:46,913 - DEBUG - COM3: RX: 03846900
2020-01-20 14:28:46,913 - DEBUG - COM3: parsed_packet {event: CmdRsp, data: {'opcode': 105, 'status': 0, 'data': bytearray(b'')}}
2020-01-20 14:28:46,914 - DEBUG - COM3: TX: 059f01000100
2020-01-20 14:28:46,914 - INFO - COM3: Success
2020-01-20 14:28:46,915 - DEBUG - COM3: RX: 03849f00
2020-01-20 14:28:46,923 - DEBUG - COM3: parsed_packet {event: CmdRsp, data: {'opcode': 159, 'status': 0, 'data': bytearray(b'')}}
2020-01-20 14:28:46,923 - DEBUG - COM3: TX: 1392000018eed9c2a56add85049ffc3c59ad0e12
2020-01-20 14:28:46,923 - INFO - COM3: Success
2020-01-20 14:28:46,927 - DEBUG - COM3: RX: 058492000000
2020-01-20 14:28:46,927 - DEBUG - COM3: parsed_packet {event: CmdRsp, data: {'opcode': 146, 'status': 0, 'data': bytearray(b'\x00\x00')}}
2020-01-20 14:28:46,928 - DEBUG - COM3: TX: 1597000000004f68ad85d9f48ac8589df665b6b49b8a
2020-01-20 14:28:46,927 - INFO - COM3: SubnetAdd: {'subnet_handle': 0}
2020-01-20 14:28:46,932 - DEBUG - COM3: RX: 058497000000
2020-01-20 14:28:46,932 - DEBUG - COM3: parsed_packet {event: CmdRsp, data: {'opcode': 151, 'status': 0, 'data': bytearray(b'\x00\x00')}}
2020-01-20 14:28:46,933 - DEBUG - COM3: TX: 1597010000002aa2a6ded5a0798ceab5787ca3ae39fc
2020-01-20 14:28:46,932 - INFO - COM3: AppkeyAdd: {'appkey_handle': 0}
2020-01-20 14:28:46,937 - DEBUG - COM3: RX: 058497000100
2020-01-20 14:28:46,937 - DEBUG - COM3: parsed_packet {event: CmdRsp, data: {'opcode': 151, 'status': 0, 'data': bytearray(b'\x01\x00')}}
2020-01-20 14:28:46,937 - INFO - COM3: AppkeyAdd: {'appkey_handle': 1}
2020-01-20 14:28:54,109 - DEBUG - COM3: TX: 0161
2020-01-20 14:28:54,110 - DEBUG - COM3: RX: 03846100
2020-01-20 14:28:54,110 - DEBUG - COM3: parsed_packet {event: CmdRsp, data: {'opcode': 97, 'status': 0, 'data': bytearray(b'')}}
2020-01-20 14:28:54,111 - INFO - COM3: Success
2020-01-20 14:28:54,502 - DEBUG - COM3: RX: 1ac0c86a88bbfa034047a539d04a8ded330fb800012539d04a8ded
2020-01-20 14:28:54,502 - DEBUG - COM3: parsed_packet {event: ProvUnprovisionedReceived, data: {'uuid': bytearray(b'\xc8j\x88\xbb\xfa\x03@G\xa59\xd0J\x8d\xed3\x0f'), 'rssi': -72, 'gatt_supported': 0, 'adv_addr_type': 1, 'adv_addr': bytearray(b'%9\xd0J\x8d\xed')}}
2020-01-20 14:28:54,502 - INFO - COM3: Received UUID c86a88bbfa034047a539d04a8ded330f with RSSI: -72 dB
2020-01-20 14:28:54,788 - DEBUG - COM3: RX: 1ac064348854c4ba6d4b9577d61386619776c300019577d61386e1
2020-01-20 14:28:54,788 - DEBUG - COM3: parsed_packet {event: ProvUnprovisionedReceived, data: {'uuid': bytearray(b'd4\x88T\xc4\xbamK\x95w\xd6\x13\x86a\x97v'), 'rssi': -61, 'gatt_supported': 0, 'adv_addr_type': 1, 'adv_addr': bytearray(b'\x95w\xd6\x13\x86\xe1')}}
2020-01-20 14:28:54,788 - INFO - COM3: Received UUID 64348854c4ba6d4b9577d61386619776 with RSSI: -61 dB
2020-01-20 14:28:54,874 - DEBUG - COM3: RX: 1ac0d5b91bba0508344a809923e28a48b06dc60001c09923e28ac8
2020-01-20 14:28:54,875 - DEBUG - COM3: parsed_packet {event: ProvUnprovisionedReceived, data: {'uuid': bytearray(b'\xd5\xb9\x1b\xba\x05\x084J\x80\x99#\xe2\x8aH\xb0m'), 'rssi': -58, 'gatt_supported': 0, 'adv_addr_type': 1, 'adv_addr': bytearray(b'\xc0\x99#\xe2\x8a\xc8')}}
2020-01-20 14:28:54,875 - INFO - COM3: Received UUID d5b91bba0508344a809923e28a48b06d with RSSI: -58 dB
2020-01-20 14:28:54,976 - DEBUG - COM3: RX: 1ac0d9cfbd4418e74240b492f8f01d1cd1acc70001b492f8f01ddc
2020-01-20 14:28:54,976 - DEBUG - COM3: parsed_packet {event: ProvUnprovisionedReceived, data: {'uuid': bytearray(b'\xd9\xcf\xbdD\x18\xe7B@\xb4\x92\xf8\xf0\x1d\x1c\xd1\xac'), 'rssi': -57, 'gatt_supported': 0, 'adv_addr_type': 1, 'adv_addr': bytearray(b'\xb4\x92\xf8\xf0\x1d\xdc')}}
2020-01-20 14:28:54,977 - INFO - COM3: Received UUID d9cfbd4418e74240b492f8f01d1cd1ac with RSSI: -57 dB
2020-01-20 14:28:56,507 - DEBUG - COM3: RX: 1ac0c86a88bbfa034047a539d04a8ded330fc300012539d04a8ded
2020-01-20 14:28:56,508 - DEBUG - COM3: parsed_packet {event: ProvUnprovisionedReceived, data: {'uuid': bytearray(b'\xc8j\x88\xbb\xfa\x03@G\xa59\xd0J\x8d\xed3\x0f'), 'rssi': -61, 'gatt_supported': 0, 'adv_addr_type': 1, 'adv_addr': bytearray(b'%9\xd0J\x8d\xed')}}
2020-01-20 14:28:56,797 - DEBUG - COM3: RX: 1ac064348854c4ba6d4b9577d61386619776c300019577d61386e1
2020-01-20 14:28:56,798 - DEBUG - COM3: parsed_packet {event: ProvUnprovisionedReceived, data: {'uuid': bytearray(b'd4\x88T\xc4\xbamK\x95w\xd6\x13\x86a\x97v'), 'rssi': -61, 'gatt_supported': 0, 'adv_addr_type': 1, 'adv_addr': bytearray(b'\x95w\xd6\x13\x86\xe1')}}
2020-01-20 14:28:56,878 - DEBUG - COM3: RX: 1ac0d5b91bba0508344a809923e28a48b06dc40001c09923e28ac8
2020-01-20 14:28:56,878 - DEBUG - COM3: parsed_packet {event: ProvUnprovisionedReceived, data: {'uuid': bytearray(b'\xd5\xb9\x1b\xba\x05\x084J\x80\x99#\xe2\x8aH\xb0m'), 'rssi': -60, 'gatt_supported': 0, 'adv_addr_type': 1, 'adv_addr': bytearray(b'\xc0\x99#\xe2\x8a\xc8')}}
2020-01-20 14:28:56,977 - DEBUG - COM3: RX: 1ac0d9cfbd4418e74240b492f8f01d1cd1acc60001b492f8f01ddc
2020-01-20 14:28:56,977 - DEBUG - COM3: parsed_packet {event: ProvUnprovisionedReceived, data: {'uuid': bytearray(b'\xd9\xcf\xbdD\x18\xe7B@\xb4\x92\xf8\xf0\x1d\x1c\xd1\xac'), 'rssi': -58, 'gatt_supported': 0, 'adv_addr_type': 1, 'adv_addr': bytearray(b'\xb4\x92\xf8\xf0\x1d\xdc')}}
2020-01-20 14:28:58,512 - DEBUG - COM3: RX: 1ac0c86a88bbfa034047a539d04a8ded330fc500012539d04a8ded
2020-01-20 14:28:58,513 - DEBUG - COM3: parsed_packet {event: ProvUnprovisionedReceived, data: {'uuid': bytearray(b'\xc8j\x88\xbb\xfa\x03@G\xa59\xd0J\x8d\xed3\x0f'), 'rssi': -59, 'gatt_supported': 0, 'adv_addr_type': 1, 'adv_addr': bytearray(b'%9\xd0J\x8d\xed')}}
2020-01-20 14:28:58,806 - DEBUG - COM3: RX: 1ac064348854c4ba6d4b9577d61386619776c600019577d61386e1
2020-01-20 14:28:58,807 - DEBUG - COM3: parsed_packet {event: ProvUnprovisionedReceived, data: {'uuid': bytearray(b'd4\x88T\xc4\xbamK\x95w\xd6\x13\x86a\x97v'), 'rssi': -58, 'gatt_supported': 0, 'adv_addr_type': 1, 'adv_addr': bytearray(b'\x95w\xd6\x13\x86\xe1')}}
2020-01-20 14:28:58,886 - DEBUG - COM3: RX: 1ac0d5b91bba0508344a809923e28a48b06db70001c09923e28ac8
2020-01-20 14:28:58,886 - DEBUG - COM3: parsed_packet {event: ProvUnprovisionedReceived, data: {'uuid': bytearray(b'\xd5\xb9\x1b\xba\x05\x084J\x80\x99#\xe2\x8aH\xb0m'), 'rssi': -73, 'gatt_supported': 0, 'adv_addr_type': 1, 'adv_addr': bytearray(b'\xc0\x99#\xe2\x8a\xc8')}}
2020-01-20 14:28:58,988 - DEBUG - COM3: RX: 1ac0d9cfbd4418e74240b492f8f01d1cd1acb90001b492f8f01ddc
2020-01-20 14:28:58,988 - DEBUG - COM3: parsed_packet {event: ProvUnprovisionedReceived, data: {'uuid': bytearray(b'\xd9\xcf\xbdD\x18\xe7B@\xb4\x92\xf8\xf0\x1d\x1c\xd1\xac'), 'rssi': -71, 'gatt_supported': 0, 'adv_addr_type': 1, 'adv_addr': bytearray(b'\xb4\x92\xf8\xf0\x1d\xdc')}}
2020-01-20 14:28:59,109 - DEBUG - COM3: TX: 0162
2020-01-20 14:28:59,110 - DEBUG - COM3: RX: 03846200
2020-01-20 14:28:59,110 - DEBUG - COM3: parsed_packet {event: CmdRsp, data: {'opcode': 98, 'status': 0, 'data': bytearray(b'')}}
2020-01-20 14:28:59,110 - INFO - COM3: Success
2020-01-20 14:29:05,276 - DEBUG - COM3: TX: 2d6300d9cfbd4418e74240b492f8f01d1cd1ac18eed9c2a56add85049ffc3c59ad0e120000000000001300000000
2020-01-20 14:29:05,282 - DEBUG - COM3: RX: 0484630000
2020-01-20 14:29:05,282 - DEBUG - COM3: parsed_packet {event: CmdRsp, data: {'opcode': 99, 'status': 0, 'data': bytearray(b'\x00')}}
2020-01-20 14:29:05,282 - INFO - COM3: Provision: {'context': 0}
2020-01-20 14:29:05,294 - DEBUG - COM3: RX: 02c100
2020-01-20 14:29:05,295 - DEBUG - COM3: parsed_packet {event: ProvLinkEstablished, data: {'context_id': 0}}
2020-01-20 14:29:05,295 - INFO - COM3: Link established
2020-01-20 14:29:05,346 - DEBUG - COM3: RX: 0bc300050001000000000000
2020-01-20 14:29:05,346 - DEBUG - COM3: parsed_packet {event: ProvCapsReceived, data: {'context_id': 0, 'num_elements': 5, 'public_key_type': 0, 'static_oob_types': 1, 'output_oob_size': 0, 'output_oob_actions': 0, 'input_oob_size': 0, 'input_oob_actions': 0}}
2020-01-20 14:29:05,347 - INFO - COM3: Received capabilities
2020-01-20 14:29:05,347 - INFO - COM3: Number of elements: 5
2020-01-20 14:29:05,347 - DEBUG - COM3: TX: 056600000000
2020-01-20 14:29:05,349 - DEBUG - COM3: RX: 0484660000
2020-01-20 14:29:05,350 - DEBUG - COM3: parsed_packet {event: CmdRsp, data: {'opcode': 102, 'status': 0, 'data': bytearray(b'\x00')}}
2020-01-20 14:29:05,350 - INFO - COM3: OobUse: {'context': 0}
2020-01-20 14:29:05,559 - DEBUG - COM3: RX: 62c700c23f1beefec0205401960c773e0ef25388ead4e0747a699f8e0ce74d165ce35afaf5cea57819d49ac955173dccea6b3ec8cc77fcb76b0423884639860c8709fff41b5facd20f9edfb8e03ce0577cee9fc0bb4c08a984d7abcfcfcce23ebf9522
2020-01-20 14:29:05,559 - DEBUG - COM3: parsed_packet {event: ProvEcdhRequest, data: {'context_id': 0, 'peer_public': bytearray(b'\xc2?\x1b\xee\xfe\xc0 T\x01\x96\x0cw>\x0e\xf2S\x88\xea\xd4\xe0tzi\x9f\x8e\x0c\xe7M\x16\\\xe3Z\xfa\xf5\xce\xa5x\x19\xd4\x9a\xc9U\x17=\xcc\xeak>\xc8\xccw\xfc\xb7k\x04#\x88F9\x86\x0c\x87\t\xff'), 'node_private': bytearray(b'\xf4\x1b_\xac\xd2\x0f\x9e\xdf\xb8\xe0<\xe0W|\xee\x9f\xc0\xbbL\x08\xa9\x84\xd7\xab\xcf\xcf\xcc\xe2>\xbf\x95"')}}
2020-01-20 14:29:05,559 - INFO - COM3: ECDH request received
2020-01-20 14:29:05,560 - DEBUG - COM3: TX: 226800d4a91f16ad1a1cfa828a1fdcdaf2222f8011c41dff4dd3a1b4560869cf1251a2
2020-01-20 14:29:05,566 - DEBUG - COM3: RX: 0484680000
2020-01-20 14:29:05,566 - DEBUG - COM3: parsed_packet {event: CmdRsp, data: {'opcode': 104, 'status': 0, 'data': bytearray(b'\x00')}}
2020-01-20 14:29:05,566 - INFO - COM3: EcdhSecret: {'context': 0}
2020-01-20 14:29:07,915 - DEBUG - COM3: RX: 2cc500000000000000130000004c1fadab6bc9ac4b102d613f0d758e1418eed9c2a56add85049ffc3c59ad0e12
2020-01-20 14:29:07,915 - DEBUG - COM3: parsed_packet {event: ProvComplete, data: {'context_id': 0, 'iv_index': 0, 'net_key_index': 0, 'address': 19, 'iv_update_flag': 0, 'key_refresh_flag': 0, 'device_key': bytearray(b'L\x1f\xad\xabk\xc9\xacK\x10-a?\ru\x8e\x14'), 'net_key': bytearray(b'\x18\xee\xd9\xc2\xa5j\xdd\x85\x04\x9f\xfc<Y\xad\x0e\x12')}}
2020-01-20 14:29:07,915 - INFO - COM3: Provisioning complete
2020-01-20 14:29:07,915 - INFO - COM3: 	Address(es): 0x13-0x17
2020-01-20 14:29:07,915 - INFO - COM3: 	Device key: 4c1fadab6bc9ac4b102d613f0d758e14
2020-01-20 14:29:07,916 - INFO - COM3: 	Network key: 18eed9c2a56add85049ffc3c59ad0e12
2020-01-20 14:29:07,916 - INFO - COM3: Adding device key to subnet 0
2020-01-20 14:29:07,916 - DEBUG - COM3: TX: 159c130000004c1fadab6bc9ac4b102d613f0d758e14
2020-01-20 14:29:07,916 - INFO - COM3: Adding publication address of root element
2020-01-20 14:29:07,916 - DEBUG - COM3: TX: 03a41300
2020-01-20 14:29:07,920 - DEBUG - COM3: RX: 05849c000800
2020-01-20 14:29:07,920 - DEBUG - COM3: parsed_packet {event: CmdRsp, data: {'opcode': 156, 'status': 0, 'data': bytearray(b'\x08\x00')}}
2020-01-20 14:29:07,920 - INFO - COM3: DevkeyAdd: {'devkey_handle': 8}
2020-01-20 14:29:07,920 - DEBUG - COM3: RX: 0584a4000000
2020-01-20 14:29:07,921 - DEBUG - COM3: parsed_packet {event: CmdRsp, data: {'opcode': 164, 'status': 0, 'data': bytearray(b'\x00\x00')}}
2020-01-20 14:29:07,921 - INFO - COM3: AddrPublicationAdd: {'address_handle': 0}
2020-01-20 14:29:08,022 - DEBUG - COM3: RX: 03c20000
2020-01-20 14:29:08,022 - DEBUG - COM3: parsed_packet {event: ProvLinkClosed, data: {'context_id': 0, 'close_reason': 0}}
2020-01-20 14:29:08,023 - INFO - COM3: Provisioning link closed
2020-01-20 14:29:58,200 - DEBUG - COM3.ConfigurationClient: Sending opcode: 8008, data: 00
2020-01-20 14:29:58,200 - DEBUG - COM3: TX: 0eab08000100000008000000800800
2020-01-20 14:29:58,204 - DEBUG - COM3: RX: 0784ab0001000000
2020-01-20 14:29:58,204 - DEBUG - COM3: parsed_packet {event: CmdRsp, data: {'opcode': 171, 'status': 0, 'data': bytearray(b'\x01\x00\x00\x00')}}
2020-01-20 14:29:58,204 - INFO - COM3: PacketSend: {'token': 1}
2020-01-20 14:29:58,215 - DEBUG - COM3: RX: 05d201000000
2020-01-20 14:29:58,215 - DEBUG - COM3: parsed_packet {event: MeshTxComplete, data: {'token': 1}}
2020-01-20 14:29:58,215 - INFO - COM3: {event: MeshTxComplete, data: {'token': 1}}
2020-01-20 14:30:00,202 - DEBUG - COM3.ConfigurationClient: Sending opcode: 00, data: 0000004f68ad85d9f48ac8589df665b6b49b8a
2020-01-20 14:30:00,202 - DEBUG - COM3: TX: 1fab08000100000008000000000000004f68ad85d9f48ac8589df665b6b49b8a
2020-01-20 14:30:00,202 - DEBUG - COM3: RX: 0784ab0002000000
2020-01-20 14:30:00,202 - DEBUG - COM3: parsed_packet {event: CmdRsp, data: {'opcode': 171, 'status': 0, 'data': bytearray(b'\x02\x00\x00\x00')}}
2020-01-20 14:30:00,202 - INFO - COM3: PacketSend: {'token': 2}
2020-01-20 14:30:00,836 - DEBUG - COM3: RX: 05d202000000
2020-01-20 14:30:00,836 - DEBUG - COM3: parsed_packet {event: MeshTxComplete, data: {'token': 2}}
2020-01-20 14:30:00,836 - INFO - COM3: {event: MeshTxComplete, data: {'token': 2}}
2020-01-20 14:30:00,852 - DEBUG - COM3: RX: 1ad013000100080000000401b492f8f01ddcc90600800300000000
2020-01-20 14:30:00,852 - DEBUG - COM3: parsed_packet {event: MeshMessageReceivedUnicast, data: {'src': 19, 'dst': 1, 'appkey_handle': 8, 'subnet_handle': 0, 'ttl': 4, 'adv_addr_type': 1, 'adv_addr': bytearray(b'\xb4\x92\xf8\xf0\x1d\xdc'), 'rssi': -55, 'actual_length': 6, 'data': bytearray(b'\x80\x03\x00\x00\x00\x00')}}
2020-01-20 14:30:00,852 - INFO - COM3.ConfigurationClient: Appkey status: AccessStatus.SUCCESS
2020-01-20 14:30:00,852 - INFO - COM3.ConfigurationClient: Appkey add 0 succeded for subnet 0 at node 0013
2020-01-20 14:30:00,852 - DEBUG - COM3: Message Opcode bytearray(b'\x80\x03'), Data bytearray(b'\x00\x00\x00\x00') unknown for model <mesh.access.Access object at 0x000001B66E441760>.
2020-01-20 14:30:00,852 - DEBUG - COM3: Message Opcode bytearray(b'\x80\x03'), Data bytearray(b'\x00\x00\x00\x00') unknown for model <mesh.access.Access object at 0x000001B66E441760>.
2020-01-20 14:30:01,203 - DEBUG - COM3.ConfigurationClient: Sending opcode: 803d, data: 130000000210
2020-01-20 14:30:01,203 - DEBUG - COM3: TX: 13ab08000100000008000000803d130000000210
2020-01-20 14:30:01,207 - DEBUG - COM3: RX: 0784ab0003000000
2020-01-20 14:30:01,207 - DEBUG - COM3: parsed_packet {event: CmdRsp, data: {'opcode': 171, 'status': 0, 'data': bytearray(b'\x03\x00\x00\x00')}}
2020-01-20 14:30:01,208 - INFO - COM3: PacketSend: {'token': 3}
2020-01-20 14:30:01,228 - DEBUG - COM3: RX: 05d203000000
2020-01-20 14:30:01,228 - DEBUG - COM3: parsed_packet {event: MeshTxComplete, data: {'token': 3}}
2020-01-20 14:30:01,228 - INFO - COM3: {event: MeshTxComplete, data: {'token': 3}}
2020-01-20 14:30:01,247 - DEBUG - COM3: RX: 1dd013000100080000000401b492f8f01ddcc90900803e00130000000210
2020-01-20 14:30:01,248 - DEBUG - COM3: parsed_packet {event: MeshMessageReceivedUnicast, data: {'src': 19, 'dst': 1, 'appkey_handle': 8, 'subnet_handle': 0, 'ttl': 4, 'adv_addr_type': 1, 'adv_addr': bytearray(b'\xb4\x92\xf8\xf0\x1d\xdc'), 'rssi': -55, 'actual_length': 9, 'data': bytearray(b'\x80>\x00\x13\x00\x00\x00\x02\x10')}}
2020-01-20 14:30:01,248 - INFO - COM3.ConfigurationClient: Model app bind status: AccessStatus.SUCCESS
2020-01-20 14:30:01,248 - ERROR - COM3: Exception in pkt handler <bound method Access.__event_handler of <mesh.access.Access object at 0x000001B66E441760>>
2020-01-20 14:30:01,250 - ERROR - COM3: traceback: Traceback (most recent call last):
  File "C:\Tools\NRF\nrf5_SDK_for_Mesh_v3.2.0_src\scripts\interactive_pyaci_ohne_IPython\aci\aci_uart.py", line 88, in process_packet
    fun(packet)
  File "C:\Tools\NRF\nrf5_SDK_for_Mesh_v3.2.0_src\scripts\interactive_pyaci_ohne_IPython\mesh\access.py", line 218, in __event_handler
    handler(opcode, message)
  File "C:\Tools\NRF\nrf5_SDK_for_Mesh_v3.2.0_src\scripts\interactive_pyaci_ohne_IPython\models\config.py", line 649, in __model_app_status_handler
    model = self.model_get(element_address, model_id)
  File "C:\Tools\NRF\nrf5_SDK_for_Mesh_v3.2.0_src\scripts\interactive_pyaci_ohne_IPython\models\config.py", line 454, in model_get
    raise RuntimeError("Could not find model %r with element address %04x" %
RuntimeError: Could not find model 1002 with element address 0013

2020-01-20 14:30:05,206 - INFO - COM3.NodeConfigClient: Send Data1: 16
2020-01-20 14:30:05,206 - INFO - COM3.NodeConfigClient: Send Data2: 0
2020-01-20 14:30:05,206 - INFO - COM3.NodeConfigClient: Send Data3: 0
2020-01-20 14:30:05,206 - INFO - COM3.NodeConfigClient: Send Data4: 0
2020-01-20 14:30:05,206 - INFO - COM3.NodeConfigClient: Send Data: bytearray(b'\x00\x00\x00\x10\x00')
2020-01-20 14:30:05,206 - DEBUG - COM3.NodeConfigClient: Sending opcode: 8206, data: 0000001000
2020-01-20 14:30:05,206 - DEBUG - COM3: TX: 12ab0000010000000800000082060000001000
2020-01-20 14:30:05,206 - DEBUG - COM3: RX: 0784ab0004000000
2020-01-20 14:30:05,206 - DEBUG - COM3: parsed_packet {event: CmdRsp, data: {'opcode': 171, 'status': 0, 'data': bytearray(b'\x04\x00\x00\x00')}}
2020-01-20 14:30:05,206 - INFO - COM3: PacketSend: {'token': 4}
2020-01-20 14:30:05,222 - DEBUG - COM3: RX: 05d204000000
2020-01-20 14:30:05,222 - DEBUG - COM3: parsed_packet {event: MeshTxComplete, data: {'token': 4}}
2020-01-20 14:30:05,222 - INFO - COM3: {event: MeshTxComplete, data: {'token': 4}}
2020-01-20 14:30:05,222 - DEBUG - COM3: RX: 18d013000100000000000401b492f8f01ddcbb040082080000
2020-01-20 14:30:05,222 - DEBUG - COM3: parsed_packet {event: MeshMessageReceivedUnicast, data: {'src': 19, 'dst': 1, 'appkey_handle': 0, 'subnet_handle': 0, 'ttl': 4, 'adv_addr_type': 1, 'adv_addr': bytearray(b'\xb4\x92\xf8\xf0\x1d\xdc'), 'rssi': -69, 'actual_length': 4, 'data': bytearray(b'\x82\x08\x00\x00')}}
2020-01-20 14:30:05,222 - DEBUG - COM3: Message Opcode bytearray(b'\x82\x08'), Data bytearray(b'\x00\x00') unknown for model <mesh.access.Access object at 0x000001B66E441760>.
2020-01-20 14:30:05,222 - INFO - COM3.NodeConfigClient: Present Level: bytearray(b'\x00\x00') Target Level: bytearray(b'\x00\x00')
2020-01-20 14:30:05,222 - DEBUG - COM3: Message Opcode bytearray(b'\x82\x08'), Data bytearray(b'\x00\x00') unknown for model <mesh.access.Access object at 0x000001B66E441760>.
2020-01-20 14:30:10,215 - DEBUG - COM3.ConfigurationClient: Sending opcode: 8049, data: 
2020-01-20 14:30:10,215 - DEBUG - COM3: TX: 0dab080001000000080000008049
2020-01-20 14:30:10,215 - DEBUG - COM3: RX: 0784ab0005000000
2020-01-20 14:30:10,215 - DEBUG - COM3: parsed_packet {event: CmdRsp, data: {'opcode': 171, 'status': 0, 'data': bytearray(b'\x05\x00\x00\x00')}}
2020-01-20 14:30:10,215 - INFO - COM3: PacketSend: {'token': 5}
2020-01-20 14:30:10,215 - DEBUG - COM3: RX: 05d205000000
2020-01-20 14:30:10,215 - DEBUG - COM3: parsed_packet {event: MeshTxComplete, data: {'token': 5}}
2020-01-20 14:30:10,215 - INFO - COM3: {event: MeshTxComplete, data: {'token': 5}}
2020-01-20 14:30:10,215 - DEBUG - COM3: RX: 16d013000100080000000401b492f8f01ddcc40200804a
2020-01-20 14:30:10,215 - DEBUG - COM3: parsed_packet {event: MeshMessageReceivedUnicast, data: {'src': 19, 'dst': 1, 'appkey_handle': 8, 'subnet_handle': 0, 'ttl': 4, 'adv_addr_type': 1, 'adv_addr': bytearray(b'\xb4\x92\xf8\xf0\x1d\xdc'), 'rssi': -60, 'actual_length': 2, 'data': bytearray(b'\x80J')}}
2020-01-20 14:30:10,215 - INFO - COM3.ConfigurationClient: Node 0013 was reset
2020-01-20 14:30:10,215 - DEBUG - COM3: Message Opcode bytearray(b'\x80J'), Data bytearray(b'') unknown for model <mesh.access.Access object at 0x000001B66E441760>.
2020-01-20 14:30:10,230 - DEBUG - COM3: Message Opcode bytearray(b'\x80J'), Data bytearray(b'') unknown for model <mesh.access.Access object at 0x000001B66E441760>.
