2020-01-20 09:52:04,979 - DEBUG - COM3: TX: 6169205c1f1cc3b4e8d8df63555367bdbe570d6086159df77aaf3a67888fc52c6ffa474a4c3430f51894dc0ce25d4d2d11a9d94e31e9e310e05cc08d30d515ef0e469500c8e3bd804d879edc15827629b0681864f6c846d0593f0b8abd486b62f363
2020-01-20 09:52:04,990 - DEBUG - COM3: RX: 03846900
2020-01-20 09:52:04,991 - DEBUG - COM3: parsed_packet {event: CmdRsp, data: {'opcode': 105, 'status': 0, 'data': bytearray(b'')}}
2020-01-20 09:52:04,991 - DEBUG - COM3: TX: 059f01000100
2020-01-20 09:52:04,991 - INFO - COM3: Success
2020-01-20 09:52:04,993 - DEBUG - COM3: RX: 03849f00
2020-01-20 09:52:05,002 - DEBUG - COM3: parsed_packet {event: CmdRsp, data: {'opcode': 159, 'status': 0, 'data': bytearray(b'')}}
2020-01-20 09:52:05,002 - DEBUG - COM3: TX: 1392000018eed9c2a56add85049ffc3c59ad0e12
2020-01-20 09:52:05,002 - INFO - COM3: Success
2020-01-20 09:52:05,006 - DEBUG - COM3: RX: 058492000000
2020-01-20 09:52:05,007 - DEBUG - COM3: parsed_packet {event: CmdRsp, data: {'opcode': 146, 'status': 0, 'data': bytearray(b'\x00\x00')}}
2020-01-20 09:52:05,007 - DEBUG - COM3: TX: 1597000000004f68ad85d9f48ac8589df665b6b49b8a
2020-01-20 09:52:05,007 - INFO - COM3: SubnetAdd: {'subnet_handle': 0}
2020-01-20 09:52:05,010 - DEBUG - COM3: RX: 058497000000
2020-01-20 09:52:05,010 - DEBUG - COM3: parsed_packet {event: CmdRsp, data: {'opcode': 151, 'status': 0, 'data': bytearray(b'\x00\x00')}}
2020-01-20 09:52:05,011 - DEBUG - COM3: TX: 1597010000002aa2a6ded5a0798ceab5787ca3ae39fc
2020-01-20 09:52:05,010 - INFO - COM3: AppkeyAdd: {'appkey_handle': 0}
2020-01-20 09:52:05,015 - DEBUG - COM3: RX: 058497000100
2020-01-20 09:52:05,015 - DEBUG - COM3: parsed_packet {event: CmdRsp, data: {'opcode': 151, 'status': 0, 'data': bytearray(b'\x01\x00')}}
2020-01-20 09:52:05,015 - INFO - COM3: AppkeyAdd: {'appkey_handle': 1}
2020-01-20 09:52:12,005 - DEBUG - COM3: TX: 0161
2020-01-20 09:52:12,007 - DEBUG - COM3: RX: 03846100
2020-01-20 09:52:12,007 - DEBUG - COM3: parsed_packet {event: CmdRsp, data: {'opcode': 97, 'status': 0, 'data': bytearray(b'')}}
2020-01-20 09:52:12,007 - INFO - COM3: Success
2020-01-20 09:52:12,209 - DEBUG - COM3: RX: 1ac0d5b91bba0508344a809923e28a48b06dc30001c09923e28ac8
2020-01-20 09:52:12,210 - DEBUG - COM3: parsed_packet {event: ProvUnprovisionedReceived, data: {'uuid': bytearray(b'\xd5\xb9\x1b\xba\x05\x084J\x80\x99#\xe2\x8aH\xb0m'), 'rssi': -61, 'gatt_supported': 0, 'adv_addr_type': 1, 'adv_addr': bytearray(b'\xc0\x99#\xe2\x8a\xc8')}}
2020-01-20 09:52:12,210 - INFO - COM3: Received UUID d5b91bba0508344a809923e28a48b06d with RSSI: -61 dB
2020-01-20 09:52:12,865 - DEBUG - COM3: RX: 1ac0c86a88bbfa034047a539d04a8ded330fc900012539d04a8ded
2020-01-20 09:52:12,865 - DEBUG - COM3: parsed_packet {event: ProvUnprovisionedReceived, data: {'uuid': bytearray(b'\xc8j\x88\xbb\xfa\x03@G\xa59\xd0J\x8d\xed3\x0f'), 'rssi': -55, 'gatt_supported': 0, 'adv_addr_type': 1, 'adv_addr': bytearray(b'%9\xd0J\x8d\xed')}}
2020-01-20 09:52:12,865 - INFO - COM3: Received UUID c86a88bbfa034047a539d04a8ded330f with RSSI: -55 dB
2020-01-20 09:52:12,909 - DEBUG - COM3: RX: 1ac0d9cfbd4418e74240b492f8f01d1cd1acb40001b492f8f01ddc
2020-01-20 09:52:12,909 - DEBUG - COM3: parsed_packet {event: ProvUnprovisionedReceived, data: {'uuid': bytearray(b'\xd9\xcf\xbdD\x18\xe7B@\xb4\x92\xf8\xf0\x1d\x1c\xd1\xac'), 'rssi': -76, 'gatt_supported': 0, 'adv_addr_type': 1, 'adv_addr': bytearray(b'\xb4\x92\xf8\xf0\x1d\xdc')}}
2020-01-20 09:52:12,909 - INFO - COM3: Received UUID d9cfbd4418e74240b492f8f01d1cd1ac with RSSI: -76 dB
2020-01-20 09:52:14,216 - DEBUG - COM3: RX: 1ac0d5b91bba0508344a809923e28a48b06dbb0001c09923e28ac8
2020-01-20 09:52:14,216 - DEBUG - COM3: parsed_packet {event: ProvUnprovisionedReceived, data: {'uuid': bytearray(b'\xd5\xb9\x1b\xba\x05\x084J\x80\x99#\xe2\x8aH\xb0m'), 'rssi': -69, 'gatt_supported': 0, 'adv_addr_type': 1, 'adv_addr': bytearray(b'\xc0\x99#\xe2\x8a\xc8')}}
2020-01-20 09:52:14,867 - DEBUG - COM3: RX: 1ac0c86a88bbfa034047a539d04a8ded330fc200012539d04a8ded
2020-01-20 09:52:14,868 - DEBUG - COM3: parsed_packet {event: ProvUnprovisionedReceived, data: {'uuid': bytearray(b'\xc8j\x88\xbb\xfa\x03@G\xa59\xd0J\x8d\xed3\x0f'), 'rssi': -62, 'gatt_supported': 0, 'adv_addr_type': 1, 'adv_addr': bytearray(b'%9\xd0J\x8d\xed')}}
2020-01-20 09:52:14,917 - DEBUG - COM3: RX: 1ac0d9cfbd4418e74240b492f8f01d1cd1acbd0001b492f8f01ddc
2020-01-20 09:52:14,917 - DEBUG - COM3: parsed_packet {event: ProvUnprovisionedReceived, data: {'uuid': bytearray(b'\xd9\xcf\xbdD\x18\xe7B@\xb4\x92\xf8\xf0\x1d\x1c\xd1\xac'), 'rssi': -67, 'gatt_supported': 0, 'adv_addr_type': 1, 'adv_addr': bytearray(b'\xb4\x92\xf8\xf0\x1d\xdc')}}
2020-01-20 09:52:16,219 - DEBUG - COM3: RX: 1ac0d5b91bba0508344a809923e28a48b06dbf0001c09923e28ac8
2020-01-20 09:52:16,219 - DEBUG - COM3: parsed_packet {event: ProvUnprovisionedReceived, data: {'uuid': bytearray(b'\xd5\xb9\x1b\xba\x05\x084J\x80\x99#\xe2\x8aH\xb0m'), 'rssi': -65, 'gatt_supported': 0, 'adv_addr_type': 1, 'adv_addr': bytearray(b'\xc0\x99#\xe2\x8a\xc8')}}
2020-01-20 09:52:16,919 - DEBUG - COM3: RX: 1ac0d9cfbd4418e74240b492f8f01d1cd1acbf0001b492f8f01ddc
2020-01-20 09:52:16,919 - DEBUG - COM3: parsed_packet {event: ProvUnprovisionedReceived, data: {'uuid': bytearray(b'\xd9\xcf\xbdD\x18\xe7B@\xb4\x92\xf8\xf0\x1d\x1c\xd1\xac'), 'rssi': -65, 'gatt_supported': 0, 'adv_addr_type': 1, 'adv_addr': bytearray(b'\xb4\x92\xf8\xf0\x1d\xdc')}}
2020-01-20 09:52:17,006 - DEBUG - COM3: TX: 0162
2020-01-20 09:52:17,007 - DEBUG - COM3: RX: 03846200
2020-01-20 09:52:17,007 - DEBUG - COM3: parsed_packet {event: CmdRsp, data: {'opcode': 98, 'status': 0, 'data': bytearray(b'')}}
2020-01-20 09:52:17,007 - INFO - COM3: Success
2020-01-20 09:52:22,355 - DEBUG - COM3: TX: 0161
2020-01-20 09:52:22,356 - DEBUG - COM3: RX: 03846100
2020-01-20 09:52:22,357 - DEBUG - COM3: parsed_packet {event: CmdRsp, data: {'opcode': 97, 'status': 0, 'data': bytearray(b'')}}
2020-01-20 09:52:22,357 - INFO - COM3: Success
2020-01-20 09:52:22,891 - DEBUG - COM3: RX: 1ac0c86a88bbfa034047a539d04a8ded330fbf00012539d04a8ded
2020-01-20 09:52:22,891 - DEBUG - COM3: parsed_packet {event: ProvUnprovisionedReceived, data: {'uuid': bytearray(b'\xc8j\x88\xbb\xfa\x03@G\xa59\xd0J\x8d\xed3\x0f'), 'rssi': -65, 'gatt_supported': 0, 'adv_addr_type': 1, 'adv_addr': bytearray(b'%9\xd0J\x8d\xed')}}
2020-01-20 09:52:24,240 - DEBUG - COM3: RX: 1ac0d5b91bba0508344a809923e28a48b06dc40001c09923e28ac8
2020-01-20 09:52:24,240 - DEBUG - COM3: parsed_packet {event: ProvUnprovisionedReceived, data: {'uuid': bytearray(b'\xd5\xb9\x1b\xba\x05\x084J\x80\x99#\xe2\x8aH\xb0m'), 'rssi': -60, 'gatt_supported': 0, 'adv_addr_type': 1, 'adv_addr': bytearray(b'\xc0\x99#\xe2\x8a\xc8')}}
2020-01-20 09:52:24,892 - DEBUG - COM3: RX: 1ac0c86a88bbfa034047a539d04a8ded330fc700012539d04a8ded
2020-01-20 09:52:24,892 - DEBUG - COM3: parsed_packet {event: ProvUnprovisionedReceived, data: {'uuid': bytearray(b'\xc8j\x88\xbb\xfa\x03@G\xa59\xd0J\x8d\xed3\x0f'), 'rssi': -57, 'gatt_supported': 0, 'adv_addr_type': 1, 'adv_addr': bytearray(b'%9\xd0J\x8d\xed')}}
2020-01-20 09:52:24,937 - DEBUG - COM3: RX: 1ac0d9cfbd4418e74240b492f8f01d1cd1acaf0001b492f8f01ddc
2020-01-20 09:52:24,937 - DEBUG - COM3: parsed_packet {event: ProvUnprovisionedReceived, data: {'uuid': bytearray(b'\xd9\xcf\xbdD\x18\xe7B@\xb4\x92\xf8\xf0\x1d\x1c\xd1\xac'), 'rssi': -81, 'gatt_supported': 0, 'adv_addr_type': 1, 'adv_addr': bytearray(b'\xb4\x92\xf8\xf0\x1d\xdc')}}
2020-01-20 09:52:26,249 - DEBUG - COM3: RX: 1ac0d5b91bba0508344a809923e28a48b06dc10001c09923e28ac8
2020-01-20 09:52:26,249 - DEBUG - COM3: parsed_packet {event: ProvUnprovisionedReceived, data: {'uuid': bytearray(b'\xd5\xb9\x1b\xba\x05\x084J\x80\x99#\xe2\x8aH\xb0m'), 'rssi': -63, 'gatt_supported': 0, 'adv_addr_type': 1, 'adv_addr': bytearray(b'\xc0\x99#\xe2\x8a\xc8')}}
2020-01-20 09:52:26,892 - DEBUG - COM3: RX: 1ac0c86a88bbfa034047a539d04a8ded330fc100012539d04a8ded
2020-01-20 09:52:26,892 - DEBUG - COM3: parsed_packet {event: ProvUnprovisionedReceived, data: {'uuid': bytearray(b'\xc8j\x88\xbb\xfa\x03@G\xa59\xd0J\x8d\xed3\x0f'), 'rssi': -63, 'gatt_supported': 0, 'adv_addr_type': 1, 'adv_addr': bytearray(b'%9\xd0J\x8d\xed')}}
2020-01-20 09:52:26,940 - DEBUG - COM3: RX: 1ac0d9cfbd4418e74240b492f8f01d1cd1acbd0001b492f8f01ddc
2020-01-20 09:52:26,940 - DEBUG - COM3: parsed_packet {event: ProvUnprovisionedReceived, data: {'uuid': bytearray(b'\xd9\xcf\xbdD\x18\xe7B@\xb4\x92\xf8\xf0\x1d\x1c\xd1\xac'), 'rssi': -67, 'gatt_supported': 0, 'adv_addr_type': 1, 'adv_addr': bytearray(b'\xb4\x92\xf8\xf0\x1d\xdc')}}
2020-01-20 09:52:27,356 - DEBUG - COM3: TX: 0162
2020-01-20 09:52:27,357 - DEBUG - COM3: RX: 03846200
2020-01-20 09:52:27,357 - DEBUG - COM3: parsed_packet {event: CmdRsp, data: {'opcode': 98, 'status': 0, 'data': bytearray(b'')}}
2020-01-20 09:52:27,357 - INFO - COM3: Success
