2019-11-29 15:46:18,589 - DEBUG - COM3: TX: 6169e1cda02fffc2fb296e398577c61b0bfc5de43b4d38324010eadf94ca88b9f392131399220a32726f5e56a6abe4f2cc93beb23ce04bdcf374102ca1c26bdfabd223b94376bf450e1254a52d7c47ca80ddb96a0b3b9d4735c0bcb9aac499edad6a
2019-11-29 15:46:18,589 - DEBUG - COM3: RX: 03846900
2019-11-29 15:46:18,589 - DEBUG - COM3: parsed_packet {event: CmdRsp, data: {'opcode': 105, 'status': 0, 'data': bytearray(b'')}}
2019-11-29 15:46:18,589 - DEBUG - COM3: TX: 059f01000100
2019-11-29 15:46:18,589 - INFO - COM3: Success
2019-11-29 15:46:18,589 - DEBUG - COM3: RX: 03849f00
2019-11-29 15:46:18,605 - DEBUG - COM3: parsed_packet {event: CmdRsp, data: {'opcode': 159, 'status': 0, 'data': bytearray(b'')}}
2019-11-29 15:46:18,605 - DEBUG - COM3: TX: 1392000018eed9c2a56add85049ffc3c59ad0e12
2019-11-29 15:46:18,605 - INFO - COM3: Success
2019-11-29 15:46:18,605 - DEBUG - COM3: RX: 058492000000
2019-11-29 15:46:18,605 - DEBUG - COM3: parsed_packet {event: CmdRsp, data: {'opcode': 146, 'status': 0, 'data': bytearray(b'\x00\x00')}}
2019-11-29 15:46:18,605 - DEBUG - COM3: TX: 1597000000004f68ad85d9f48ac8589df665b6b49b8a
2019-11-29 15:46:18,605 - INFO - COM3: SubnetAdd: {'subnet_handle': 0}
2019-11-29 15:46:18,605 - DEBUG - COM3: RX: 058497000000
2019-11-29 15:46:18,605 - DEBUG - COM3: parsed_packet {event: CmdRsp, data: {'opcode': 151, 'status': 0, 'data': bytearray(b'\x00\x00')}}
2019-11-29 15:46:18,605 - DEBUG - COM3: TX: 1597010000002aa2a6ded5a0798ceab5787ca3ae39fc
2019-11-29 15:46:18,605 - INFO - COM3: AppkeyAdd: {'appkey_handle': 0}
2019-11-29 15:46:18,605 - DEBUG - COM3: RX: 058497000100
2019-11-29 15:46:18,605 - DEBUG - COM3: parsed_packet {event: CmdRsp, data: {'opcode': 151, 'status': 0, 'data': bytearray(b'\x01\x00')}}
2019-11-29 15:46:18,621 - INFO - COM3: AppkeyAdd: {'appkey_handle': 1}
2019-11-29 15:46:46,939 - DEBUG - COM3: TX: 0161
2019-11-29 15:46:46,943 - DEBUG - COM3: RX: 03846100
2019-11-29 15:46:46,943 - DEBUG - COM3: parsed_packet {event: CmdRsp, data: {'opcode': 97, 'status': 0, 'data': bytearray(b'')}}
2019-11-29 15:46:46,944 - INFO - COM3: Success
2019-11-29 15:46:48,793 - DEBUG - COM3: RX: 1ac064348854c4ba6d4b9577d61386619776cb00019577d61386e1
2019-11-29 15:46:48,793 - DEBUG - COM3: parsed_packet {event: ProvUnprovisionedReceived, data: {'uuid': bytearray(b'd4\x88T\xc4\xbamK\x95w\xd6\x13\x86a\x97v'), 'rssi': -53, 'gatt_supported': 0, 'adv_addr_type': 1, 'adv_addr': bytearray(b'\x95w\xd6\x13\x86\xe1')}}
2019-11-29 15:46:48,793 - INFO - COM3: Received UUID 64348854c4ba6d4b9577d61386619776 with RSSI: -53 dB
2019-11-29 15:46:50,800 - DEBUG - COM3: RX: 1ac064348854c4ba6d4b9577d61386619776c100019577d61386e1
2019-11-29 15:46:50,800 - DEBUG - COM3: parsed_packet {event: ProvUnprovisionedReceived, data: {'uuid': bytearray(b'd4\x88T\xc4\xbamK\x95w\xd6\x13\x86a\x97v'), 'rssi': -63, 'gatt_supported': 0, 'adv_addr_type': 1, 'adv_addr': bytearray(b'\x95w\xd6\x13\x86\xe1')}}
2019-11-29 15:46:52,807 - DEBUG - COM3: RX: 1ac064348854c4ba6d4b9577d61386619776ca00019577d61386e1
2019-11-29 15:46:52,807 - DEBUG - COM3: parsed_packet {event: ProvUnprovisionedReceived, data: {'uuid': bytearray(b'd4\x88T\xc4\xbamK\x95w\xd6\x13\x86a\x97v'), 'rssi': -54, 'gatt_supported': 0, 'adv_addr_type': 1, 'adv_addr': bytearray(b'\x95w\xd6\x13\x86\xe1')}}
2019-11-29 15:46:54,805 - DEBUG - COM3: RX: 1ac064348854c4ba6d4b9577d61386619776ce00019577d61386e1
2019-11-29 15:46:54,805 - DEBUG - COM3: parsed_packet {event: ProvUnprovisionedReceived, data: {'uuid': bytearray(b'd4\x88T\xc4\xbamK\x95w\xd6\x13\x86a\x97v'), 'rssi': -50, 'gatt_supported': 0, 'adv_addr_type': 1, 'adv_addr': bytearray(b'\x95w\xd6\x13\x86\xe1')}}
2019-11-29 15:46:56,458 - DEBUG - COM3: TX: 0162
2019-11-29 15:46:56,467 - DEBUG - COM3: RX: 03846200
2019-11-29 15:46:56,467 - DEBUG - COM3: parsed_packet {event: CmdRsp, data: {'opcode': 98, 'status': 0, 'data': bytearray(b'')}}
2019-11-29 15:46:56,467 - INFO - COM3: Success
2019-11-29 15:47:05,714 - DEBUG - COM3: TX: 2d630064348854c4ba6d4b9577d6138661977618eed9c2a56add85049ffc3c59ad0e120000000000001300000000
2019-11-29 15:47:05,728 - DEBUG - COM3: RX: 0484630000
2019-11-29 15:47:05,728 - DEBUG - COM3: parsed_packet {event: CmdRsp, data: {'opcode': 99, 'status': 0, 'data': bytearray(b'\x00')}}
2019-11-29 15:47:05,728 - INFO - COM3: Provision: {'context': 0}
2019-11-29 15:47:05,745 - DEBUG - COM3: RX: 02c100
2019-11-29 15:47:05,745 - DEBUG - COM3: parsed_packet {event: ProvLinkEstablished, data: {'context_id': 0}}
2019-11-29 15:47:05,745 - INFO - COM3: Link established
2019-11-29 15:47:05,792 - DEBUG - COM3: RX: 0bc300050001000000000000
2019-11-29 15:47:05,792 - DEBUG - COM3: parsed_packet {event: ProvCapsReceived, data: {'context_id': 0, 'num_elements': 5, 'public_key_type': 0, 'static_oob_types': 1, 'output_oob_size': 0, 'output_oob_actions': 0, 'input_oob_size': 0, 'input_oob_actions': 0}}
2019-11-29 15:47:05,792 - INFO - COM3: Received capabilities
2019-11-29 15:47:05,792 - INFO - COM3: Number of elements: 5
2019-11-29 15:47:05,792 - DEBUG - COM3: TX: 056600000000
2019-11-29 15:47:05,792 - DEBUG - COM3: RX: 0484660000
2019-11-29 15:47:05,792 - DEBUG - COM3: parsed_packet {event: CmdRsp, data: {'opcode': 102, 'status': 0, 'data': bytearray(b'\x00')}}
2019-11-29 15:47:05,792 - INFO - COM3: OobUse: {'context': 0}
2019-11-29 15:47:07,986 - DEBUG - COM3: RX: 62c700dec4af9205a8ce7e78c9d74098567a45be3477308060326805ba36dfdd13051fc875fd1b5cefbe938273fef8d6571e7db9f41c46fcd177d5646a0d891dc73302e1cda02fffc2fb296e398577c61b0bfc5de43b4d38324010eadf94ca88b9f392
2019-11-29 15:47:07,986 - DEBUG - COM3: parsed_packet {event: ProvEcdhRequest, data: {'context_id': 0, 'peer_public': bytearray(b'\xde\xc4\xaf\x92\x05\xa8\xce~x\xc9\xd7@\x98VzE\xbe4w0\x80`2h\x05\xba6\xdf\xdd\x13\x05\x1f\xc8u\xfd\x1b\\\xef\xbe\x93\x82s\xfe\xf8\xd6W\x1e}\xb9\xf4\x1cF\xfc\xd1w\xd5dj\r\x89\x1d\xc73\x02'), 'node_private': bytearray(b'\xe1\xcd\xa0/\xff\xc2\xfb)n9\x85w\xc6\x1b\x0b\xfc]\xe4;M82@\x10\xea\xdf\x94\xca\x88\xb9\xf3\x92')}}
2019-11-29 15:47:07,986 - INFO - COM3: ECDH request received
2019-11-29 15:47:07,986 - DEBUG - COM3: TX: 2268009becc46d241bfeec5ef8e0c9d121147350677fb15630b530180d52232417cef6
2019-11-29 15:47:08,001 - DEBUG - COM3: RX: 0484680000
2019-11-29 15:47:08,001 - DEBUG - COM3: parsed_packet {event: CmdRsp, data: {'opcode': 104, 'status': 0, 'data': bytearray(b'\x00')}}
2019-11-29 15:47:08,001 - INFO - COM3: EcdhSecret: {'context': 0}
2019-11-29 15:47:08,354 - DEBUG - COM3: RX: 2cc500000000000000130000007f687596a06787a75bcbcb0a67395aa318eed9c2a56add85049ffc3c59ad0e12
2019-11-29 15:47:08,354 - DEBUG - COM3: parsed_packet {event: ProvComplete, data: {'context_id': 0, 'iv_index': 0, 'net_key_index': 0, 'address': 19, 'iv_update_flag': 0, 'key_refresh_flag': 0, 'device_key': bytearray(b'\x7fhu\x96\xa0g\x87\xa7[\xcb\xcb\ng9Z\xa3'), 'net_key': bytearray(b'\x18\xee\xd9\xc2\xa5j\xdd\x85\x04\x9f\xfc<Y\xad\x0e\x12')}}
2019-11-29 15:47:08,355 - INFO - COM3: Provisioning complete
2019-11-29 15:47:08,356 - INFO - COM3: 	Address(es): 0x13-0x17
2019-11-29 15:47:08,356 - INFO - COM3: 	Device key: 7f687596a06787a75bcbcb0a67395aa3
2019-11-29 15:47:08,357 - INFO - COM3: 	Network key: 18eed9c2a56add85049ffc3c59ad0e12
2019-11-29 15:47:08,357 - INFO - COM3: Adding device key to subnet 0
2019-11-29 15:47:08,358 - DEBUG - COM3: TX: 159c130000007f687596a06787a75bcbcb0a67395aa3
2019-11-29 15:47:08,358 - INFO - COM3: Adding publication address of root element
2019-11-29 15:47:08,359 - DEBUG - COM3: TX: 03a41300
2019-11-29 15:47:08,364 - DEBUG - COM3: RX: 05849c000800
2019-11-29 15:47:08,365 - DEBUG - COM3: parsed_packet {event: CmdRsp, data: {'opcode': 156, 'status': 0, 'data': bytearray(b'\x08\x00')}}
2019-11-29 15:47:08,365 - INFO - COM3: DevkeyAdd: {'devkey_handle': 8}
2019-11-29 15:47:08,366 - DEBUG - COM3: RX: 0584a4000000
2019-11-29 15:47:08,366 - DEBUG - COM3: parsed_packet {event: CmdRsp, data: {'opcode': 164, 'status': 0, 'data': bytearray(b'\x00\x00')}}
2019-11-29 15:47:08,367 - INFO - COM3: AddrPublicationAdd: {'address_handle': 0}
2019-11-29 15:47:08,456 - DEBUG - COM3: RX: 03c20000
2019-11-29 15:47:08,456 - DEBUG - COM3: parsed_packet {event: ProvLinkClosed, data: {'context_id': 0, 'close_reason': 0}}
2019-11-29 15:47:08,457 - INFO - COM3: Provisioning link closed
2019-11-29 15:47:47,227 - DEBUG - COM3.ConfigurationClient: Sending opcode: 8008, data: 00
2019-11-29 15:47:47,227 - DEBUG - COM3: TX: 0eab08000100000008000000800800
2019-11-29 15:47:47,232 - DEBUG - COM3: RX: 0784ab0003000000
2019-11-29 15:47:47,232 - DEBUG - COM3: parsed_packet {event: CmdRsp, data: {'opcode': 171, 'status': 0, 'data': bytearray(b'\x03\x00\x00\x00')}}
2019-11-29 15:47:47,232 - INFO - COM3: PacketSend: {'token': 3}
2019-11-29 15:47:47,236 - DEBUG - COM3: RX: 05d203000000
2019-11-29 15:47:47,236 - DEBUG - COM3: parsed_packet {event: MeshTxComplete, data: {'token': 3}}
2019-11-29 15:47:47,236 - INFO - COM3: {event: MeshTxComplete, data: {'token': 3}}
2019-11-29 15:47:47,311 - DEBUG - COM3: RX: 2ad0130001000800000004019577d61386e1c9160002005900000000002800030000000300000002000210
2019-11-29 15:47:47,311 - DEBUG - COM3: parsed_packet {event: MeshMessageReceivedUnicast, data: {'src': 19, 'dst': 1, 'appkey_handle': 8, 'subnet_handle': 0, 'ttl': 4, 'adv_addr_type': 1, 'adv_addr': bytearray(b'\x95w\xd6\x13\x86\xe1'), 'rssi': -55, 'actual_length': 22, 'data': bytearray(b'\x02\x00Y\x00\x00\x00\x00\x00(\x00\x03\x00\x00\x00\x03\x00\x00\x00\x02\x00\x02\x10')}}
2019-11-29 15:47:47,311 - INFO - COM3.ConfigurationClient: Received composition data (page 0x00): {
  "cid": "0059",
  "pid": "0000",
  "vid": "0000",
  "crpl": 40,
  "features": {
    "relay": 0,
    "proxy": 0,
    "friend": 2,
    "low_power": 2
  },
  "elements": [
    {
      "index": 0,
      "location": "0000",
      "models": [
        {
          "modelId": "0000"
        },
        {
          "modelId": "0002"
        },
        {
          "modelId": "1002"
        }
      ]
    }
  ]
}
2019-11-29 15:47:59,136 - DEBUG - COM3.ConfigurationClient: Sending opcode: 00, data: 0000004f68ad85d9f48ac8589df665b6b49b8a
2019-11-29 15:47:59,136 - DEBUG - COM3.ConfigurationClient: Sending opcode: 803d, data: 130000000210
2019-11-29 15:47:59,136 - DEBUG - COM3: TX: 1fab08000100000008000000000000004f68ad85d9f48ac8589df665b6b49b8a
2019-11-29 15:47:59,136 - DEBUG - COM3: TX: 13ab08000100000008000000803d130000000210
2019-11-29 15:47:59,147 - DEBUG - COM3: RX: 0784ab0004000000
2019-11-29 15:47:59,147 - DEBUG - COM3: parsed_packet {event: CmdRsp, data: {'opcode': 171, 'status': 0, 'data': bytearray(b'\x04\x00\x00\x00')}}
2019-11-29 15:47:59,148 - INFO - COM3: PacketSend: {'token': 4}
2019-11-29 15:47:59,149 - DEBUG - COM3: RX: 0784ab0005000000
2019-11-29 15:47:59,149 - DEBUG - COM3: parsed_packet {event: CmdRsp, data: {'opcode': 171, 'status': 0, 'data': bytearray(b'\x05\x00\x00\x00')}}
2019-11-29 15:47:59,149 - INFO - COM3: PacketSend: {'token': 5}
2019-11-29 15:47:59,198 - DEBUG - COM3: RX: 05d204000000
2019-11-29 15:47:59,198 - DEBUG - COM3: parsed_packet {event: MeshTxComplete, data: {'token': 4}}
2019-11-29 15:47:59,198 - INFO - COM3: {event: MeshTxComplete, data: {'token': 4}}
2019-11-29 15:47:59,213 - DEBUG - COM3: RX: 05d205000000
2019-11-29 15:47:59,213 - DEBUG - COM3: parsed_packet {event: MeshTxComplete, data: {'token': 5}}
2019-11-29 15:47:59,213 - INFO - COM3: {event: MeshTxComplete, data: {'token': 5}}
2019-11-29 15:47:59,229 - DEBUG - COM3: RX: 1ad0130001000800000004019577d61386e1ca0600800300000000
2019-11-29 15:47:59,229 - DEBUG - COM3: parsed_packet {event: MeshMessageReceivedUnicast, data: {'src': 19, 'dst': 1, 'appkey_handle': 8, 'subnet_handle': 0, 'ttl': 4, 'adv_addr_type': 1, 'adv_addr': bytearray(b'\x95w\xd6\x13\x86\xe1'), 'rssi': -54, 'actual_length': 6, 'data': bytearray(b'\x80\x03\x00\x00\x00\x00')}}
2019-11-29 15:47:59,229 - INFO - COM3.ConfigurationClient: Appkey status: AccessStatus.SUCCESS
2019-11-29 15:47:59,229 - INFO - COM3.ConfigurationClient: Appkey bind 0 succeded for subnet 0 at node 0013
2019-11-29 15:48:35,272 - INFO - COM3.NodeConfigClient: Send Data1: 18
2019-11-29 15:48:35,272 - INFO - COM3.NodeConfigClient: Send Data2: 52
2019-11-29 15:48:35,272 - INFO - COM3.NodeConfigClient: Send Data3: 86
2019-11-29 15:48:35,272 - INFO - COM3.NodeConfigClient: Send Data4: 120
2019-11-29 15:48:35,278 - INFO - COM3.NodeConfigClient: Send Data: bytearray(b'\x124Vx\x00')
2019-11-29 15:48:35,278 - DEBUG - COM3.NodeConfigClient: Sending opcode: 8206, data: 1234567800
2019-11-29 15:48:35,278 - DEBUG - COM3: TX: 12ab0000010000000800000082061234567800
2019-11-29 15:48:35,283 - DEBUG - COM3: RX: 0784ab0006000000
2019-11-29 15:48:35,283 - DEBUG - COM3: parsed_packet {event: CmdRsp, data: {'opcode': 171, 'status': 0, 'data': bytearray(b'\x06\x00\x00\x00')}}
2019-11-29 15:48:35,283 - INFO - COM3: PacketSend: {'token': 6}
2019-11-29 15:48:35,285 - DEBUG - COM3: RX: 05d206000000
2019-11-29 15:48:35,285 - DEBUG - COM3: parsed_packet {event: MeshTxComplete, data: {'token': 6}}
2019-11-29 15:48:35,285 - INFO - COM3: {event: MeshTxComplete, data: {'token': 6}}
2019-11-29 15:48:52,533 - INFO - COM3.NodeConfigClient: Send Data1: 18
2019-11-29 15:48:52,533 - INFO - COM3.NodeConfigClient: Send Data2: 52
2019-11-29 15:48:52,533 - INFO - COM3.NodeConfigClient: Send Data3: 86
2019-11-29 15:48:52,533 - INFO - COM3.NodeConfigClient: Send Data4: 120
2019-11-29 15:48:52,539 - INFO - COM3.NodeConfigClient: Send Data: bytearray(b'\x124Vx\x01')
2019-11-29 15:48:52,539 - DEBUG - COM3.NodeConfigClient: Sending opcode: 8206, data: 1234567801
2019-11-29 15:48:52,539 - DEBUG - COM3: TX: 12ab0000010000000800000082061234567801
2019-11-29 15:48:52,544 - DEBUG - COM3: RX: 0784ab0007000000
2019-11-29 15:48:52,544 - DEBUG - COM3: parsed_packet {event: CmdRsp, data: {'opcode': 171, 'status': 0, 'data': bytearray(b'\x07\x00\x00\x00')}}
2019-11-29 15:48:52,544 - INFO - COM3: PacketSend: {'token': 7}
2019-11-29 15:48:52,546 - DEBUG - COM3: RX: 05d207000000
2019-11-29 15:48:52,562 - DEBUG - COM3: parsed_packet {event: MeshTxComplete, data: {'token': 7}}
2019-11-29 15:48:52,562 - INFO - COM3: {event: MeshTxComplete, data: {'token': 7}}
2019-11-29 15:49:30,356 - DEBUG - COM3.ConfigurationClient: Sending opcode: 8008, data: 00
2019-11-29 15:49:30,356 - DEBUG - COM3: TX: 0eab08000100000008000000800800
2019-11-29 15:49:30,363 - DEBUG - COM3: RX: 0784ab0008000000
2019-11-29 15:49:30,363 - DEBUG - COM3: parsed_packet {event: CmdRsp, data: {'opcode': 171, 'status': 0, 'data': bytearray(b'\x08\x00\x00\x00')}}
2019-11-29 15:49:30,364 - INFO - COM3: PacketSend: {'token': 8}
2019-11-29 15:49:30,367 - DEBUG - COM3: RX: 05d208000000
2019-11-29 15:49:30,367 - DEBUG - COM3: parsed_packet {event: MeshTxComplete, data: {'token': 8}}
2019-11-29 15:49:30,367 - INFO - COM3: {event: MeshTxComplete, data: {'token': 8}}
2019-11-29 15:49:30,429 - DEBUG - COM3: RX: 2ad0130001000800000004019577d61386e1cb160002005900000000002800030000000300000002000210
2019-11-29 15:49:30,429 - DEBUG - COM3: parsed_packet {event: MeshMessageReceivedUnicast, data: {'src': 19, 'dst': 1, 'appkey_handle': 8, 'subnet_handle': 0, 'ttl': 4, 'adv_addr_type': 1, 'adv_addr': bytearray(b'\x95w\xd6\x13\x86\xe1'), 'rssi': -53, 'actual_length': 22, 'data': bytearray(b'\x02\x00Y\x00\x00\x00\x00\x00(\x00\x03\x00\x00\x00\x03\x00\x00\x00\x02\x00\x02\x10')}}
2019-11-29 15:49:30,429 - INFO - COM3.ConfigurationClient: Received composition data (page 0x00): {
  "cid": "0059",
  "pid": "0000",
  "vid": "0000",
  "crpl": 40,
  "features": {
    "relay": 0,
    "proxy": 0,
    "friend": 2,
    "low_power": 2
  },
  "elements": [
    {
      "index": 0,
      "location": "0000",
      "models": [
        {
          "modelId": "0000"
        },
        {
          "modelId": "0002"
        },
        {
          "modelId": "1002"
        }
      ]
    }
  ]
}
2019-11-29 15:49:30,429 - DEBUG - COM3: Message Opcode bytearray(b'\x02'), Data bytearray(b'\x00Y\x00\x00\x00\x00\x00(\x00\x03\x00\x00\x00\x03\x00\x00\x00\x02\x00\x02\x10') unknown for model <mesh.access.Access object at 0x000001FB701A87F0>.
2019-11-29 15:49:46,922 - DEBUG - COM3.ConfigurationClient: Sending opcode: 8049, data: 
2019-11-29 15:49:46,922 - DEBUG - COM3: TX: 0dab080001000000080000008049
2019-11-29 15:49:46,922 - DEBUG - COM3: RX: 0784ab0009000000
2019-11-29 15:49:46,922 - DEBUG - COM3: parsed_packet {event: CmdRsp, data: {'opcode': 171, 'status': 0, 'data': bytearray(b'\t\x00\x00\x00')}}
2019-11-29 15:49:46,922 - INFO - COM3: PacketSend: {'token': 9}
2019-11-29 15:49:46,938 - DEBUG - COM3: RX: 05d209000000
2019-11-29 15:49:46,938 - DEBUG - COM3: parsed_packet {event: MeshTxComplete, data: {'token': 9}}
2019-11-29 15:49:46,938 - INFO - COM3: {event: MeshTxComplete, data: {'token': 9}}
2019-11-29 15:50:39,037 - DEBUG - COM3: exited read event
