2020-01-20 10:25:15,403 - DEBUG - COM3: TX: 6169ff0e0c5e050ecfb82b4cbee0e28a50966610e9ecfb7cbc6b85a08d8d4dea40c15f8d9532259f12f8ab8ca36f12121b259a2b00fb7be8657ea83167d0f3ee48e23a9325249c0ba6c2e0f34c6b7c59010e4439cecc4edfccba0ffe77238d971ea0
2020-01-20 10:25:15,414 - DEBUG - COM3: RX: 03846900
2020-01-20 10:25:15,415 - DEBUG - COM3: parsed_packet {event: CmdRsp, data: {'opcode': 105, 'status': 0, 'data': bytearray(b'')}}
2020-01-20 10:25:15,415 - DEBUG - COM3: TX: 059f01000100
2020-01-20 10:25:15,415 - INFO - COM3: Success
2020-01-20 10:25:15,417 - DEBUG - COM3: RX: 03849f00
2020-01-20 10:25:15,421 - DEBUG - COM3: parsed_packet {event: CmdRsp, data: {'opcode': 159, 'status': 0, 'data': bytearray(b'')}}
2020-01-20 10:25:15,421 - DEBUG - COM3: TX: 1392000018eed9c2a56add85049ffc3c59ad0e12
2020-01-20 10:25:15,421 - INFO - COM3: Success
2020-01-20 10:25:15,425 - DEBUG - COM3: RX: 058492000000
2020-01-20 10:25:15,426 - DEBUG - COM3: parsed_packet {event: CmdRsp, data: {'opcode': 146, 'status': 0, 'data': bytearray(b'\x00\x00')}}
2020-01-20 10:25:15,426 - DEBUG - COM3: TX: 1597000000004f68ad85d9f48ac8589df665b6b49b8a
2020-01-20 10:25:15,426 - INFO - COM3: SubnetAdd: {'subnet_handle': 0}
2020-01-20 10:25:15,431 - DEBUG - COM3: RX: 058497000000
2020-01-20 10:25:15,431 - DEBUG - COM3: parsed_packet {event: CmdRsp, data: {'opcode': 151, 'status': 0, 'data': bytearray(b'\x00\x00')}}
2020-01-20 10:25:15,431 - DEBUG - COM3: TX: 1597010000002aa2a6ded5a0798ceab5787ca3ae39fc
2020-01-20 10:25:15,431 - INFO - COM3: AppkeyAdd: {'appkey_handle': 0}
2020-01-20 10:25:15,434 - DEBUG - COM3: RX: 058497000100
2020-01-20 10:25:15,435 - DEBUG - COM3: parsed_packet {event: CmdRsp, data: {'opcode': 151, 'status': 0, 'data': bytearray(b'\x01\x00')}}
2020-01-20 10:25:15,435 - INFO - COM3: AppkeyAdd: {'appkey_handle': 1}
2020-01-20 10:25:26,883 - DEBUG - COM3: TX: 0161
2020-01-20 10:25:26,885 - DEBUG - COM3: RX: 03846100
2020-01-20 10:25:26,885 - DEBUG - COM3: parsed_packet {event: CmdRsp, data: {'opcode': 97, 'status': 0, 'data': bytearray(b'')}}
2020-01-20 10:25:26,885 - INFO - COM3: Success
2020-01-20 10:25:27,165 - DEBUG - COM3: RX: 1ac0d5b91bba0508344a809923e28a48b06dbb0001c09923e28ac8
2020-01-20 10:25:27,165 - DEBUG - COM3: parsed_packet {event: ProvUnprovisionedReceived, data: {'uuid': bytearray(b'\xd5\xb9\x1b\xba\x05\x084J\x80\x99#\xe2\x8aH\xb0m'), 'rssi': -69, 'gatt_supported': 0, 'adv_addr_type': 1, 'adv_addr': bytearray(b'\xc0\x99#\xe2\x8a\xc8')}}
2020-01-20 10:25:27,165 - INFO - COM3: Received UUID d5b91bba0508344a809923e28a48b06d with RSSI: -69 dB
2020-01-20 10:25:27,756 - DEBUG - COM3: RX: 1ac0d9cfbd4418e74240b492f8f01d1cd1aca70001b492f8f01ddc
2020-01-20 10:25:27,756 - DEBUG - COM3: parsed_packet {event: ProvUnprovisionedReceived, data: {'uuid': bytearray(b'\xd9\xcf\xbdD\x18\xe7B@\xb4\x92\xf8\xf0\x1d\x1c\xd1\xac'), 'rssi': -89, 'gatt_supported': 0, 'adv_addr_type': 1, 'adv_addr': bytearray(b'\xb4\x92\xf8\xf0\x1d\xdc')}}
2020-01-20 10:25:27,756 - INFO - COM3: Received UUID d9cfbd4418e74240b492f8f01d1cd1ac with RSSI: -89 dB
2020-01-20 10:25:27,810 - DEBUG - COM3: RX: 1ac0c86a88bbfa034047a539d04a8ded330fbf00012539d04a8ded
2020-01-20 10:25:27,810 - DEBUG - COM3: parsed_packet {event: ProvUnprovisionedReceived, data: {'uuid': bytearray(b'\xc8j\x88\xbb\xfa\x03@G\xa59\xd0J\x8d\xed3\x0f'), 'rssi': -65, 'gatt_supported': 0, 'adv_addr_type': 1, 'adv_addr': bytearray(b'%9\xd0J\x8d\xed')}}
2020-01-20 10:25:27,810 - INFO - COM3: Received UUID c86a88bbfa034047a539d04a8ded330f with RSSI: -65 dB
2020-01-20 10:25:28,039 - DEBUG - COM3: RX: 1ac064348854c4ba6d4b9577d61386619776c800019577d61386e1
2020-01-20 10:25:28,039 - DEBUG - COM3: parsed_packet {event: ProvUnprovisionedReceived, data: {'uuid': bytearray(b'd4\x88T\xc4\xbamK\x95w\xd6\x13\x86a\x97v'), 'rssi': -56, 'gatt_supported': 0, 'adv_addr_type': 1, 'adv_addr': bytearray(b'\x95w\xd6\x13\x86\xe1')}}
2020-01-20 10:25:28,040 - INFO - COM3: Received UUID 64348854c4ba6d4b9577d61386619776 with RSSI: -56 dB
2020-01-20 10:25:29,170 - DEBUG - COM3: RX: 1ac0d5b91bba0508344a809923e28a48b06dbd0001c09923e28ac8
2020-01-20 10:25:29,170 - DEBUG - COM3: parsed_packet {event: ProvUnprovisionedReceived, data: {'uuid': bytearray(b'\xd5\xb9\x1b\xba\x05\x084J\x80\x99#\xe2\x8aH\xb0m'), 'rssi': -67, 'gatt_supported': 0, 'adv_addr_type': 1, 'adv_addr': bytearray(b'\xc0\x99#\xe2\x8a\xc8')}}
2020-01-20 10:25:29,762 - DEBUG - COM3: RX: 1ac0d9cfbd4418e74240b492f8f01d1cd1acc30001b492f8f01ddc
2020-01-20 10:25:29,762 - DEBUG - COM3: parsed_packet {event: ProvUnprovisionedReceived, data: {'uuid': bytearray(b'\xd9\xcf\xbdD\x18\xe7B@\xb4\x92\xf8\xf0\x1d\x1c\xd1\xac'), 'rssi': -61, 'gatt_supported': 0, 'adv_addr_type': 1, 'adv_addr': bytearray(b'\xb4\x92\xf8\xf0\x1d\xdc')}}
2020-01-20 10:25:29,819 - DEBUG - COM3: RX: 1ac0c86a88bbfa034047a539d04a8ded330fc200012539d04a8ded
2020-01-20 10:25:29,819 - DEBUG - COM3: parsed_packet {event: ProvUnprovisionedReceived, data: {'uuid': bytearray(b'\xc8j\x88\xbb\xfa\x03@G\xa59\xd0J\x8d\xed3\x0f'), 'rssi': -62, 'gatt_supported': 0, 'adv_addr_type': 1, 'adv_addr': bytearray(b'%9\xd0J\x8d\xed')}}
2020-01-20 10:25:31,178 - DEBUG - COM3: RX: 1ac0d5b91bba0508344a809923e28a48b06dc20001c09923e28ac8
2020-01-20 10:25:31,178 - DEBUG - COM3: parsed_packet {event: ProvUnprovisionedReceived, data: {'uuid': bytearray(b'\xd5\xb9\x1b\xba\x05\x084J\x80\x99#\xe2\x8aH\xb0m'), 'rssi': -62, 'gatt_supported': 0, 'adv_addr_type': 1, 'adv_addr': bytearray(b'\xc0\x99#\xe2\x8a\xc8')}}
2020-01-20 10:25:31,764 - DEBUG - COM3: RX: 1ac0d9cfbd4418e74240b492f8f01d1cd1acb70001b492f8f01ddc
2020-01-20 10:25:31,764 - DEBUG - COM3: parsed_packet {event: ProvUnprovisionedReceived, data: {'uuid': bytearray(b'\xd9\xcf\xbdD\x18\xe7B@\xb4\x92\xf8\xf0\x1d\x1c\xd1\xac'), 'rssi': -73, 'gatt_supported': 0, 'adv_addr_type': 1, 'adv_addr': bytearray(b'\xb4\x92\xf8\xf0\x1d\xdc')}}
2020-01-20 10:25:31,823 - DEBUG - COM3: RX: 1ac0c86a88bbfa034047a539d04a8ded330fbb00012539d04a8ded
2020-01-20 10:25:31,823 - DEBUG - COM3: parsed_packet {event: ProvUnprovisionedReceived, data: {'uuid': bytearray(b'\xc8j\x88\xbb\xfa\x03@G\xa59\xd0J\x8d\xed3\x0f'), 'rssi': -69, 'gatt_supported': 0, 'adv_addr_type': 1, 'adv_addr': bytearray(b'%9\xd0J\x8d\xed')}}
2020-01-20 10:25:31,883 - DEBUG - COM3: TX: 0162
2020-01-20 10:25:31,884 - DEBUG - COM3: RX: 03846200
2020-01-20 10:25:31,885 - DEBUG - COM3: parsed_packet {event: CmdRsp, data: {'opcode': 98, 'status': 0, 'data': bytearray(b'')}}
2020-01-20 10:25:31,885 - INFO - COM3: Success
2020-01-20 10:27:15,356 - DEBUG - COM3: RX: 00
2020-01-20 10:27:15,357 - ERROR - COM3: Invalid packet: bytearray(b'\x00')
2020-01-20 10:27:15,773 - DEBUG - COM3: RX: 04810200fe
2020-01-20 10:27:15,773 - DEBUG - COM3: parsed_packet {event: DeviceStarted, data: {'operating_mode': 2, 'hw_error': 0, 'data_credit_available': 254}}
2020-01-20 10:27:15,773 - INFO - COM3: Device rebooted.
