2020-01-20 15:06:31,064 - DEBUG - COM3: TX: 616982ed93fb0201d1c379345b97a08389bbc5bbb1af962c118f330db80e32c8502a81c014809279682f0155382fffb2a05bd91a2833a163d71880e6f4712c9731a207430477592a9a0652f3bd5f8104d51af643a8e54499895d6173b050912a63ce
2020-01-20 15:06:31,076 - DEBUG - COM3: RX: 03846900
2020-01-20 15:06:31,076 - DEBUG - COM3: parsed_packet {event: CmdRsp, data: {'opcode': 105, 'status': 0, 'data': bytearray(b'')}}
2020-01-20 15:06:31,076 - DEBUG - COM3: TX: 059f01000100
2020-01-20 15:06:31,076 - INFO - COM3: Success
2020-01-20 15:06:31,079 - DEBUG - COM3: RX: 03849f00
2020-01-20 15:06:31,089 - DEBUG - COM3: parsed_packet {event: CmdRsp, data: {'opcode': 159, 'status': 0, 'data': bytearray(b'')}}
2020-01-20 15:06:31,089 - DEBUG - COM3: TX: 1392000018eed9c2a56add85049ffc3c59ad0e12
2020-01-20 15:06:31,089 - INFO - COM3: Success
2020-01-20 15:06:31,094 - DEBUG - COM3: RX: 058492000000
2020-01-20 15:06:31,094 - DEBUG - COM3: parsed_packet {event: CmdRsp, data: {'opcode': 146, 'status': 0, 'data': bytearray(b'\x00\x00')}}
2020-01-20 15:06:31,095 - DEBUG - COM3: TX: 1597000000004f68ad85d9f48ac8589df665b6b49b8a
2020-01-20 15:06:31,094 - INFO - COM3: SubnetAdd: {'subnet_handle': 0}
2020-01-20 15:06:31,099 - DEBUG - COM3: RX: 058497000000
2020-01-20 15:06:31,099 - DEBUG - COM3: parsed_packet {event: CmdRsp, data: {'opcode': 151, 'status': 0, 'data': bytearray(b'\x00\x00')}}
2020-01-20 15:06:31,099 - DEBUG - COM3: TX: 1597010000002aa2a6ded5a0798ceab5787ca3ae39fc
2020-01-20 15:06:31,099 - INFO - COM3: AppkeyAdd: {'appkey_handle': 0}
2020-01-20 15:06:31,103 - DEBUG - COM3: RX: 058497000100
2020-01-20 15:06:31,103 - DEBUG - COM3: parsed_packet {event: CmdRsp, data: {'opcode': 151, 'status': 0, 'data': bytearray(b'\x01\x00')}}
2020-01-20 15:06:31,103 - INFO - COM3: AppkeyAdd: {'appkey_handle': 1}
2020-01-20 15:08:27,900 - DEBUG - COM3: RX: 00
2020-01-20 15:08:27,900 - ERROR - COM3: Invalid packet: bytearray(b'\x00')
2020-01-20 15:08:28,318 - DEBUG - COM3: RX: 04810200fe
2020-01-20 15:08:28,318 - DEBUG - COM3: parsed_packet {event: DeviceStarted, data: {'operating_mode': 2, 'hw_error': 0, 'data_credit_available': 254}}
2020-01-20 15:08:28,318 - INFO - COM3: Device rebooted.
