2020-01-20 11:29:56,668 - DEBUG - COM3: TX: 6169acff3a36719b32400d7d3908cae355e92cbb9b7e0cfd13998b4937f955ccc2139580dfd02068b5aa8d7bb7d63379e9ef3b000fc09e89123dc22b27d93da02b4813e4e7541e908d1e95c572b96fbaf05e3a3a7bcfa9adaa23c0cb1ca25b4c8a7e
2020-01-20 11:29:56,679 - DEBUG - COM3: RX: 03846900
2020-01-20 11:29:56,679 - DEBUG - COM3: parsed_packet {event: CmdRsp, data: {'opcode': 105, 'status': 0, 'data': bytearray(b'')}}
2020-01-20 11:29:56,680 - DEBUG - COM3: TX: 059f01000100
2020-01-20 11:29:56,679 - INFO - COM3: Success
2020-01-20 11:29:56,682 - DEBUG - COM3: RX: 03849f00
2020-01-20 11:29:56,685 - DEBUG - COM3: parsed_packet {event: CmdRsp, data: {'opcode': 159, 'status': 0, 'data': bytearray(b'')}}
2020-01-20 11:29:56,686 - DEBUG - COM3: TX: 1392000018eed9c2a56add85049ffc3c59ad0e12
2020-01-20 11:29:56,685 - INFO - COM3: Success
2020-01-20 11:29:56,690 - DEBUG - COM3: RX: 058492000000
2020-01-20 11:29:56,690 - DEBUG - COM3: parsed_packet {event: CmdRsp, data: {'opcode': 146, 'status': 0, 'data': bytearray(b'\x00\x00')}}
2020-01-20 11:29:56,691 - DEBUG - COM3: TX: 1597000000004f68ad85d9f48ac8589df665b6b49b8a
2020-01-20 11:29:56,690 - INFO - COM3: SubnetAdd: {'subnet_handle': 0}
2020-01-20 11:29:56,694 - DEBUG - COM3: RX: 058497000000
2020-01-20 11:29:56,694 - DEBUG - COM3: parsed_packet {event: CmdRsp, data: {'opcode': 151, 'status': 0, 'data': bytearray(b'\x00\x00')}}
2020-01-20 11:29:56,694 - DEBUG - COM3: TX: 1597010000002aa2a6ded5a0798ceab5787ca3ae39fc
2020-01-20 11:29:56,694 - INFO - COM3: AppkeyAdd: {'appkey_handle': 0}
2020-01-20 11:29:56,698 - DEBUG - COM3: RX: 058497000100
2020-01-20 11:29:56,698 - DEBUG - COM3: parsed_packet {event: CmdRsp, data: {'opcode': 151, 'status': 0, 'data': bytearray(b'\x01\x00')}}
2020-01-20 11:29:56,698 - INFO - COM3: AppkeyAdd: {'appkey_handle': 1}
2020-01-20 11:30:03,212 - DEBUG - COM3: TX: 0161
2020-01-20 11:30:03,214 - DEBUG - COM3: RX: 03846100
2020-01-20 11:30:03,214 - DEBUG - COM3: parsed_packet {event: CmdRsp, data: {'opcode': 97, 'status': 0, 'data': bytearray(b'')}}
2020-01-20 11:30:03,214 - INFO - COM3: Success
2020-01-20 11:30:04,898 - DEBUG - COM3: RX: 1ac0c86a88bbfa034047a539d04a8ded330fc700012539d04a8ded
2020-01-20 11:30:04,898 - DEBUG - COM3: parsed_packet {event: ProvUnprovisionedReceived, data: {'uuid': bytearray(b'\xc8j\x88\xbb\xfa\x03@G\xa59\xd0J\x8d\xed3\x0f'), 'rssi': -57, 'gatt_supported': 0, 'adv_addr_type': 1, 'adv_addr': bytearray(b'%9\xd0J\x8d\xed')}}
2020-01-20 11:30:04,898 - INFO - COM3: Received UUID c86a88bbfa034047a539d04a8ded330f with RSSI: -57 dB
2020-01-20 11:30:08,213 - DEBUG - COM3: TX: 0162
2020-01-20 11:30:08,215 - DEBUG - COM3: RX: 03846200
2020-01-20 11:30:08,215 - DEBUG - COM3: parsed_packet {event: CmdRsp, data: {'opcode': 98, 'status': 0, 'data': bytearray(b'')}}
2020-01-20 11:30:08,215 - INFO - COM3: Success
2020-01-20 11:30:52,650 - DEBUG - COM3: TX: 2d6300c86a88bbfa034047a539d04a8ded330f18eed9c2a56add85049ffc3c59ad0e120000000000002100000000
2020-01-20 11:30:52,656 - DEBUG - COM3: RX: 0484630000
2020-01-20 11:30:52,656 - DEBUG - COM3: parsed_packet {event: CmdRsp, data: {'opcode': 99, 'status': 0, 'data': bytearray(b'\x00')}}
2020-01-20 11:30:52,656 - INFO - COM3: Provision: {'context': 0}
2020-01-20 11:30:52,668 - DEBUG - COM3: RX: 02c100
2020-01-20 11:30:52,668 - DEBUG - COM3: parsed_packet {event: ProvLinkEstablished, data: {'context_id': 0}}
2020-01-20 11:30:52,669 - INFO - COM3: Link established
2020-01-20 11:30:52,721 - DEBUG - COM3: RX: 0bc300050001000000000000
2020-01-20 11:30:52,721 - DEBUG - COM3: parsed_packet {event: ProvCapsReceived, data: {'context_id': 0, 'num_elements': 5, 'public_key_type': 0, 'static_oob_types': 1, 'output_oob_size': 0, 'output_oob_actions': 0, 'input_oob_size': 0, 'input_oob_actions': 0}}
2020-01-20 11:30:52,722 - INFO - COM3: Received capabilities
2020-01-20 11:30:52,722 - INFO - COM3: Number of elements: 5
2020-01-20 11:30:52,723 - DEBUG - COM3: TX: 056600000000
2020-01-20 11:30:52,725 - DEBUG - COM3: RX: 0484660000
2020-01-20 11:30:52,725 - DEBUG - COM3: parsed_packet {event: CmdRsp, data: {'opcode': 102, 'status': 0, 'data': bytearray(b'\x00')}}
2020-01-20 11:30:52,726 - INFO - COM3: OobUse: {'context': 0}
2020-01-20 11:30:54,927 - DEBUG - COM3: RX: 62c700a94559b659b28d8470f26fe0b3d1db56c4f54321c1a5dfbb634c644251dc49da87b74615d26a566cb59b701acbd2067a4ac2653ac1837ddacec9bc73b48965aaacff3a36719b32400d7d3908cae355e92cbb9b7e0cfd13998b4937f955ccc213
2020-01-20 11:30:54,927 - DEBUG - COM3: parsed_packet {event: ProvEcdhRequest, data: {'context_id': 0, 'peer_public': bytearray(b'\xa9EY\xb6Y\xb2\x8d\x84p\xf2o\xe0\xb3\xd1\xdbV\xc4\xf5C!\xc1\xa5\xdf\xbbcLdBQ\xdcI\xda\x87\xb7F\x15\xd2jVl\xb5\x9bp\x1a\xcb\xd2\x06zJ\xc2e:\xc1\x83}\xda\xce\xc9\xbcs\xb4\x89e\xaa'), 'node_private': bytearray(b'\xac\xff:6q\x9b2@\r}9\x08\xca\xe3U\xe9,\xbb\x9b~\x0c\xfd\x13\x99\x8bI7\xf9U\xcc\xc2\x13')}}
2020-01-20 11:30:54,928 - INFO - COM3: ECDH request received
2020-01-20 11:30:54,929 - DEBUG - COM3: TX: 2268002b19ea1df16d85ff9f44e76b0d40a17e37febb28c92975a8eec80bcfd2ed89f0
2020-01-20 11:30:54,935 - DEBUG - COM3: RX: 0484680000
2020-01-20 11:30:54,935 - DEBUG - COM3: parsed_packet {event: CmdRsp, data: {'opcode': 104, 'status': 0, 'data': bytearray(b'\x00')}}
2020-01-20 11:30:54,935 - INFO - COM3: EcdhSecret: {'context': 0}
2020-01-20 11:30:55,272 - DEBUG - COM3: RX: 2cc5000000000000002100000001024c9b9b046da8fc4b51931ff63f4518eed9c2a56add85049ffc3c59ad0e12
2020-01-20 11:30:55,272 - DEBUG - COM3: parsed_packet {event: ProvComplete, data: {'context_id': 0, 'iv_index': 0, 'net_key_index': 0, 'address': 33, 'iv_update_flag': 0, 'key_refresh_flag': 0, 'device_key': bytearray(b'\x01\x02L\x9b\x9b\x04m\xa8\xfcKQ\x93\x1f\xf6?E'), 'net_key': bytearray(b'\x18\xee\xd9\xc2\xa5j\xdd\x85\x04\x9f\xfc<Y\xad\x0e\x12')}}
2020-01-20 11:30:55,273 - INFO - COM3: Provisioning complete
2020-01-20 11:30:55,273 - INFO - COM3: 	Address(es): 0x21-0x25
2020-01-20 11:30:55,273 - INFO - COM3: 	Device key: 01024c9b9b046da8fc4b51931ff63f45
2020-01-20 11:30:55,274 - INFO - COM3: 	Network key: 18eed9c2a56add85049ffc3c59ad0e12
2020-01-20 11:30:55,274 - INFO - COM3: Adding device key to subnet 0
2020-01-20 11:30:55,274 - DEBUG - COM3: TX: 159c2100000001024c9b9b046da8fc4b51931ff63f45
2020-01-20 11:30:55,274 - INFO - COM3: Adding publication address of root element
2020-01-20 11:30:55,275 - DEBUG - COM3: TX: 03a42100
2020-01-20 11:30:55,288 - DEBUG - COM3: RX: 05849c000800
2020-01-20 11:30:55,288 - DEBUG - COM3: parsed_packet {event: CmdRsp, data: {'opcode': 156, 'status': 0, 'data': bytearray(b'\x08\x00')}}
2020-01-20 11:30:55,289 - INFO - COM3: DevkeyAdd: {'devkey_handle': 8}
2020-01-20 11:30:55,289 - DEBUG - COM3: RX: 0584a4000000
2020-01-20 11:30:55,290 - DEBUG - COM3: parsed_packet {event: CmdRsp, data: {'opcode': 164, 'status': 0, 'data': bytearray(b'\x00\x00')}}
2020-01-20 11:30:55,290 - INFO - COM3: AddrPublicationAdd: {'address_handle': 0}
2020-01-20 11:30:55,388 - DEBUG - COM3: RX: 03c20000
2020-01-20 11:30:55,388 - DEBUG - COM3: parsed_packet {event: ProvLinkClosed, data: {'context_id': 0, 'close_reason': 0}}
2020-01-20 11:30:55,388 - INFO - COM3: Provisioning link closed
2020-01-20 11:32:09,523 - DEBUG - COM3.ConfigurationClient: Sending opcode: 8008, data: 00
2020-01-20 11:32:09,523 - DEBUG - COM3: TX: 0eab08000100000008000000800800
2020-01-20 11:32:09,527 - DEBUG - COM3: RX: 0784ab0001000000
2020-01-20 11:32:09,527 - DEBUG - COM3: parsed_packet {event: CmdRsp, data: {'opcode': 171, 'status': 0, 'data': bytearray(b'\x01\x00\x00\x00')}}
2020-01-20 11:32:09,527 - INFO - COM3: PacketSend: {'token': 1}
2020-01-20 11:32:09,541 - DEBUG - COM3: RX: 05d201000000
2020-01-20 11:32:09,541 - DEBUG - COM3: parsed_packet {event: MeshTxComplete, data: {'token': 1}}
2020-01-20 11:32:09,541 - INFO - COM3: {event: MeshTxComplete, data: {'token': 1}}
2020-01-20 11:32:09,609 - DEBUG - COM3: RX: 2ad0210001000800000004012539d04a8dedc71600020059000000000028000f0000000300000002000210
2020-01-20 11:32:09,609 - DEBUG - COM3: parsed_packet {event: MeshMessageReceivedUnicast, data: {'src': 33, 'dst': 1, 'appkey_handle': 8, 'subnet_handle': 0, 'ttl': 4, 'adv_addr_type': 1, 'adv_addr': bytearray(b'%9\xd0J\x8d\xed'), 'rssi': -57, 'actual_length': 22, 'data': bytearray(b'\x02\x00Y\x00\x00\x00\x00\x00(\x00\x0f\x00\x00\x00\x03\x00\x00\x00\x02\x00\x02\x10')}}
2020-01-20 11:32:09,615 - INFO - COM3.ConfigurationClient: Received composition data (page 0x00): {
  "cid": "0059",
  "pid": "0000",
  "vid": "0000",
  "crpl": 40,
  "features": {
    "relay": 0,
    "proxy": 0,
    "friend": 0,
    "low_power": 0
  },
  "elements": [
    {
      "index": 0,
      "location": "0000",
      "models": [
        {
          "modelId": "0000"
        },
        {
          "modelId": "0002"
        },
        {
          "modelId": "1002"
        }
      ]
    }
  ]
}
2020-01-20 11:32:09,616 - DEBUG - COM3: Message Opcode bytearray(b'\x02'), Data bytearray(b'\x00Y\x00\x00\x00\x00\x00(\x00\x0f\x00\x00\x00\x03\x00\x00\x00\x02\x00\x02\x10') unknown for model <mesh.access.Access object at 0x0000020A91EB0760>.
2020-01-20 11:32:09,616 - DEBUG - COM3: Message Opcode bytearray(b'\x02'), Data bytearray(b'\x00Y\x00\x00\x00\x00\x00(\x00\x0f\x00\x00\x00\x03\x00\x00\x00\x02\x00\x02\x10') unknown for model <mesh.access.Access object at 0x0000020A91EB0760>.
2020-01-20 11:32:11,523 - DEBUG - COM3.ConfigurationClient: Sending opcode: 00, data: 0000004f68ad85d9f48ac8589df665b6b49b8a
2020-01-20 11:32:11,523 - DEBUG - COM3: TX: 1fab08000100000008000000000000004f68ad85d9f48ac8589df665b6b49b8a
2020-01-20 11:32:11,529 - DEBUG - COM3: RX: 0784ab0002000000
2020-01-20 11:32:11,529 - DEBUG - COM3: parsed_packet {event: CmdRsp, data: {'opcode': 171, 'status': 0, 'data': bytearray(b'\x02\x00\x00\x00')}}
2020-01-20 11:32:11,529 - INFO - COM3: PacketSend: {'token': 2}
2020-01-20 11:32:11,582 - DEBUG - COM3: RX: 05d202000000
2020-01-20 11:32:11,582 - DEBUG - COM3: parsed_packet {event: MeshTxComplete, data: {'token': 2}}
2020-01-20 11:32:11,582 - INFO - COM3: {event: MeshTxComplete, data: {'token': 2}}
2020-01-20 11:32:11,608 - DEBUG - COM3: RX: 1ad0210001000800000004012539d04a8dedc80600800300000000
2020-01-20 11:32:11,609 - DEBUG - COM3: parsed_packet {event: MeshMessageReceivedUnicast, data: {'src': 33, 'dst': 1, 'appkey_handle': 8, 'subnet_handle': 0, 'ttl': 4, 'adv_addr_type': 1, 'adv_addr': bytearray(b'%9\xd0J\x8d\xed'), 'rssi': -56, 'actual_length': 6, 'data': bytearray(b'\x80\x03\x00\x00\x00\x00')}}
2020-01-20 11:32:11,609 - INFO - COM3.ConfigurationClient: Appkey status: AccessStatus.SUCCESS
2020-01-20 11:32:11,617 - INFO - COM3.ConfigurationClient: Appkey add 0 succeded for subnet 0 at node 0021
2020-01-20 11:32:11,618 - DEBUG - COM3: Message Opcode bytearray(b'\x80\x03'), Data bytearray(b'\x00\x00\x00\x00') unknown for model <mesh.access.Access object at 0x0000020A91EB0760>.
2020-01-20 11:32:11,618 - DEBUG - COM3: Message Opcode bytearray(b'\x80\x03'), Data bytearray(b'\x00\x00\x00\x00') unknown for model <mesh.access.Access object at 0x0000020A91EB0760>.
2020-01-20 11:32:12,523 - DEBUG - COM3.ConfigurationClient: Sending opcode: 803d, data: 210000000210
2020-01-20 11:32:12,523 - DEBUG - COM3: TX: 13ab08000100000008000000803d210000000210
2020-01-20 11:32:12,528 - DEBUG - COM3: RX: 0784ab0003000000
2020-01-20 11:32:12,528 - DEBUG - COM3: parsed_packet {event: CmdRsp, data: {'opcode': 171, 'status': 0, 'data': bytearray(b'\x03\x00\x00\x00')}}
2020-01-20 11:32:12,528 - INFO - COM3: PacketSend: {'token': 3}
2020-01-20 11:32:12,530 - DEBUG - COM3: RX: 05d203000000
2020-01-20 11:32:12,530 - DEBUG - COM3: parsed_packet {event: MeshTxComplete, data: {'token': 3}}
2020-01-20 11:32:12,530 - INFO - COM3: {event: MeshTxComplete, data: {'token': 3}}
2020-01-20 11:32:12,535 - DEBUG - COM3: RX: 1dd0210001000800000004012539d04a8dedc80900803e00210000000210
2020-01-20 11:32:12,535 - DEBUG - COM3: parsed_packet {event: MeshMessageReceivedUnicast, data: {'src': 33, 'dst': 1, 'appkey_handle': 8, 'subnet_handle': 0, 'ttl': 4, 'adv_addr_type': 1, 'adv_addr': bytearray(b'%9\xd0J\x8d\xed'), 'rssi': -56, 'actual_length': 9, 'data': bytearray(b'\x80>\x00!\x00\x00\x00\x02\x10')}}
2020-01-20 11:32:12,535 - INFO - COM3.ConfigurationClient: Model app bind status: AccessStatus.SUCCESS
2020-01-20 11:32:12,541 - INFO - COM3.ConfigurationClient: Appkey bind 0 to model 1002 at 0021
2020-01-20 11:32:12,542 - DEBUG - COM3: Message Opcode bytearray(b'\x80>'), Data bytearray(b'\x00!\x00\x00\x00\x02\x10') unknown for model <mesh.access.Access object at 0x0000020A91EB0760>.
2020-01-20 11:32:12,542 - DEBUG - COM3: Message Opcode bytearray(b'\x80>'), Data bytearray(b'\x00!\x00\x00\x00\x02\x10') unknown for model <mesh.access.Access object at 0x0000020A91EB0760>.
2020-01-20 11:43:43,406 - DEBUG - COM3: RX: 00
2020-01-20 11:43:43,406 - ERROR - COM3: Invalid packet: bytearray(b'\x00')
2020-01-20 11:43:43,820 - DEBUG - COM3: RX: 04810200fe
2020-01-20 11:43:43,821 - DEBUG - COM3: parsed_packet {event: DeviceStarted, data: {'operating_mode': 2, 'hw_error': 0, 'data_credit_available': 254}}
2020-01-20 11:43:43,821 - INFO - COM3: Device rebooted.
