2020-01-20 10:55:30,440 - DEBUG - COM3: TX: 6169294a3310fd0b4aeaedc76733c0f45f4a04c7facdf57e24d8ff2b60f72760e51d016f3f8526f4c703e76217f7ca76d2f998fd6c42b56544f925b1aa7a1c773256d1ca642eb7bf3aa9d45e2e17b6a977fa71d91f2c9295a2cd81d0887a4e4cea2c
2020-01-20 10:55:30,452 - DEBUG - COM3: RX: 03846900
2020-01-20 10:55:30,452 - DEBUG - COM3: parsed_packet {event: CmdRsp, data: {'opcode': 105, 'status': 0, 'data': bytearray(b'')}}
2020-01-20 10:55:30,453 - DEBUG - COM3: TX: 059f01000100
2020-01-20 10:55:30,453 - INFO - COM3: Success
2020-01-20 10:55:30,455 - DEBUG - COM3: RX: 03849f00
2020-01-20 10:55:30,465 - DEBUG - COM3: parsed_packet {event: CmdRsp, data: {'opcode': 159, 'status': 0, 'data': bytearray(b'')}}
2020-01-20 10:55:30,466 - DEBUG - COM3: TX: 1392000018eed9c2a56add85049ffc3c59ad0e12
2020-01-20 10:55:30,465 - INFO - COM3: Success
2020-01-20 10:55:30,470 - DEBUG - COM3: RX: 058492000000
2020-01-20 10:55:30,470 - DEBUG - COM3: parsed_packet {event: CmdRsp, data: {'opcode': 146, 'status': 0, 'data': bytearray(b'\x00\x00')}}
2020-01-20 10:55:30,471 - DEBUG - COM3: TX: 1597000000004f68ad85d9f48ac8589df665b6b49b8a
2020-01-20 10:55:30,470 - INFO - COM3: SubnetAdd: {'subnet_handle': 0}
2020-01-20 10:55:30,474 - DEBUG - COM3: RX: 058497000000
2020-01-20 10:55:30,474 - DEBUG - COM3: parsed_packet {event: CmdRsp, data: {'opcode': 151, 'status': 0, 'data': bytearray(b'\x00\x00')}}
2020-01-20 10:55:30,475 - DEBUG - COM3: TX: 1597010000002aa2a6ded5a0798ceab5787ca3ae39fc
2020-01-20 10:55:30,475 - INFO - COM3: AppkeyAdd: {'appkey_handle': 0}
2020-01-20 10:55:30,479 - DEBUG - COM3: RX: 058497000100
2020-01-20 10:55:30,479 - DEBUG - COM3: parsed_packet {event: CmdRsp, data: {'opcode': 151, 'status': 0, 'data': bytearray(b'\x01\x00')}}
2020-01-20 10:55:30,480 - INFO - COM3: AppkeyAdd: {'appkey_handle': 1}
2020-01-20 10:55:43,201 - DEBUG - COM3: TX: 0161
2020-01-20 10:55:43,202 - DEBUG - COM3: RX: 03846100
2020-01-20 10:55:43,202 - DEBUG - COM3: parsed_packet {event: CmdRsp, data: {'opcode': 97, 'status': 0, 'data': bytearray(b'')}}
2020-01-20 10:55:43,202 - INFO - COM3: Success
2020-01-20 10:55:44,315 - DEBUG - COM3: RX: 1ac0c86a88bbfa034047a539d04a8ded330fba00012539d04a8ded
2020-01-20 10:55:44,315 - DEBUG - COM3: parsed_packet {event: ProvUnprovisionedReceived, data: {'uuid': bytearray(b'\xc8j\x88\xbb\xfa\x03@G\xa59\xd0J\x8d\xed3\x0f'), 'rssi': -70, 'gatt_supported': 0, 'adv_addr_type': 1, 'adv_addr': bytearray(b'%9\xd0J\x8d\xed')}}
2020-01-20 10:55:44,315 - INFO - COM3: Received UUID c86a88bbfa034047a539d04a8ded330f with RSSI: -70 dB
2020-01-20 10:55:44,349 - DEBUG - COM3: RX: 1ac064348854c4ba6d4b9577d61386619776bb00019577d61386e1
2020-01-20 10:55:44,350 - DEBUG - COM3: parsed_packet {event: ProvUnprovisionedReceived, data: {'uuid': bytearray(b'd4\x88T\xc4\xbamK\x95w\xd6\x13\x86a\x97v'), 'rssi': -69, 'gatt_supported': 0, 'adv_addr_type': 1, 'adv_addr': bytearray(b'\x95w\xd6\x13\x86\xe1')}}
2020-01-20 10:55:44,350 - INFO - COM3: Received UUID 64348854c4ba6d4b9577d61386619776 with RSSI: -69 dB
2020-01-20 10:55:46,320 - DEBUG - COM3: RX: 1ac0c86a88bbfa034047a539d04a8ded330fc200012539d04a8ded
2020-01-20 10:55:46,320 - DEBUG - COM3: parsed_packet {event: ProvUnprovisionedReceived, data: {'uuid': bytearray(b'\xc8j\x88\xbb\xfa\x03@G\xa59\xd0J\x8d\xed3\x0f'), 'rssi': -62, 'gatt_supported': 0, 'adv_addr_type': 1, 'adv_addr': bytearray(b'%9\xd0J\x8d\xed')}}
2020-01-20 10:55:46,352 - DEBUG - COM3: RX: 1ac064348854c4ba6d4b9577d61386619776c800019577d61386e1
2020-01-20 10:55:46,352 - DEBUG - COM3: parsed_packet {event: ProvUnprovisionedReceived, data: {'uuid': bytearray(b'd4\x88T\xc4\xbamK\x95w\xd6\x13\x86a\x97v'), 'rssi': -56, 'gatt_supported': 0, 'adv_addr_type': 1, 'adv_addr': bytearray(b'\x95w\xd6\x13\x86\xe1')}}
2020-01-20 10:55:48,201 - DEBUG - COM3: TX: 0162
2020-01-20 10:55:48,203 - DEBUG - COM3: RX: 03846200
2020-01-20 10:55:48,203 - DEBUG - COM3: parsed_packet {event: CmdRsp, data: {'opcode': 98, 'status': 0, 'data': bytearray(b'')}}
2020-01-20 10:55:48,203 - INFO - COM3: Success
2020-01-20 10:55:58,766 - DEBUG - COM3: TX: 2d6300c86a88bbfa034047a539d04a8ded330f18eed9c2a56add85049ffc3c59ad0e120000000000001e00000000
2020-01-20 10:55:58,772 - DEBUG - COM3: RX: 0484630000
2020-01-20 10:55:58,772 - DEBUG - COM3: parsed_packet {event: CmdRsp, data: {'opcode': 99, 'status': 0, 'data': bytearray(b'\x00')}}
2020-01-20 10:55:58,772 - INFO - COM3: Provision: {'context': 0}
2020-01-20 10:55:58,802 - DEBUG - COM3: RX: 02c100
2020-01-20 10:55:58,803 - DEBUG - COM3: parsed_packet {event: ProvLinkEstablished, data: {'context_id': 0}}
2020-01-20 10:55:58,803 - INFO - COM3: Link established
2020-01-20 10:55:58,854 - DEBUG - COM3: RX: 0bc300050001000000000000
2020-01-20 10:55:58,854 - DEBUG - COM3: parsed_packet {event: ProvCapsReceived, data: {'context_id': 0, 'num_elements': 5, 'public_key_type': 0, 'static_oob_types': 1, 'output_oob_size': 0, 'output_oob_actions': 0, 'input_oob_size': 0, 'input_oob_actions': 0}}
2020-01-20 10:55:58,855 - INFO - COM3: Received capabilities
2020-01-20 10:55:58,855 - INFO - COM3: Number of elements: 5
2020-01-20 10:55:58,856 - DEBUG - COM3: TX: 056600000000
2020-01-20 10:55:58,858 - DEBUG - COM3: RX: 0484660000
2020-01-20 10:55:58,858 - DEBUG - COM3: parsed_packet {event: CmdRsp, data: {'opcode': 102, 'status': 0, 'data': bytearray(b'\x00')}}
2020-01-20 10:55:58,858 - INFO - COM3: OobUse: {'context': 0}
2020-01-20 10:56:01,088 - DEBUG - COM3: RX: 62c700c563fd0f585df074c6b4deb87f1847a06674e52a90c3bc076aa3ab542141973e06dc258d5262029f3a3ad1ca6c604951faaf1c3419be0e23b4204adedce287fc294a3310fd0b4aeaedc76733c0f45f4a04c7facdf57e24d8ff2b60f72760e51d
2020-01-20 10:56:01,088 - DEBUG - COM3: parsed_packet {event: ProvEcdhRequest, data: {'context_id': 0, 'peer_public': bytearray(b'\xc5c\xfd\x0fX]\xf0t\xc6\xb4\xde\xb8\x7f\x18G\xa0ft\xe5*\x90\xc3\xbc\x07j\xa3\xabT!A\x97>\x06\xdc%\x8dRb\x02\x9f::\xd1\xcal`IQ\xfa\xaf\x1c4\x19\xbe\x0e#\xb4 J\xde\xdc\xe2\x87\xfc'), 'node_private': bytearray(b")J3\x10\xfd\x0bJ\xea\xed\xc7g3\xc0\xf4_J\x04\xc7\xfa\xcd\xf5~$\xd8\xff+`\xf7\'`\xe5\x1d")}}
2020-01-20 10:56:01,088 - INFO - COM3: ECDH request received
2020-01-20 10:56:01,089 - DEBUG - COM3: TX: 226800724053fb38d6003ccec386d5eb023e639c0e086bdcef9e9c821a677530269c8a
2020-01-20 10:56:01,095 - DEBUG - COM3: RX: 0484680000
2020-01-20 10:56:01,095 - DEBUG - COM3: parsed_packet {event: CmdRsp, data: {'opcode': 104, 'status': 0, 'data': bytearray(b'\x00')}}
2020-01-20 10:56:01,095 - INFO - COM3: EcdhSecret: {'context': 0}
2020-01-20 10:56:03,445 - DEBUG - COM3: RX: 2cc5000000000000001e000000af90426fc018e0fbb7f43b235d0277ae18eed9c2a56add85049ffc3c59ad0e12
2020-01-20 10:56:03,445 - DEBUG - COM3: parsed_packet {event: ProvComplete, data: {'context_id': 0, 'iv_index': 0, 'net_key_index': 0, 'address': 30, 'iv_update_flag': 0, 'key_refresh_flag': 0, 'device_key': bytearray(b'\xaf\x90Bo\xc0\x18\xe0\xfb\xb7\xf4;#]\x02w\xae'), 'net_key': bytearray(b'\x18\xee\xd9\xc2\xa5j\xdd\x85\x04\x9f\xfc<Y\xad\x0e\x12')}}
2020-01-20 10:56:03,446 - INFO - COM3: Provisioning complete
2020-01-20 10:56:03,446 - INFO - COM3: 	Address(es): 0x1e-0x22
2020-01-20 10:56:03,446 - INFO - COM3: 	Device key: af90426fc018e0fbb7f43b235d0277ae
2020-01-20 10:56:03,446 - INFO - COM3: 	Network key: 18eed9c2a56add85049ffc3c59ad0e12
2020-01-20 10:56:03,446 - INFO - COM3: Adding device key to subnet 0
2020-01-20 10:56:03,446 - DEBUG - COM3: TX: 159c1e000000af90426fc018e0fbb7f43b235d0277ae
2020-01-20 10:56:03,446 - INFO - COM3: Adding publication address of root element
2020-01-20 10:56:03,447 - DEBUG - COM3: TX: 03a41e00
2020-01-20 10:56:03,452 - DEBUG - COM3: RX: 05849c000800
2020-01-20 10:56:03,452 - DEBUG - COM3: parsed_packet {event: CmdRsp, data: {'opcode': 156, 'status': 0, 'data': bytearray(b'\x08\x00')}}
2020-01-20 10:56:03,452 - INFO - COM3: DevkeyAdd: {'devkey_handle': 8}
2020-01-20 10:56:03,453 - DEBUG - COM3: RX: 0584a4000000
2020-01-20 10:56:03,453 - DEBUG - COM3: parsed_packet {event: CmdRsp, data: {'opcode': 164, 'status': 0, 'data': bytearray(b'\x00\x00')}}
2020-01-20 10:56:03,453 - INFO - COM3: AddrPublicationAdd: {'address_handle': 0}
2020-01-20 10:56:03,559 - DEBUG - COM3: RX: 03c20000
2020-01-20 10:56:03,559 - DEBUG - COM3: parsed_packet {event: ProvLinkClosed, data: {'context_id': 0, 'close_reason': 0}}
2020-01-20 10:56:03,559 - INFO - COM3: Provisioning link closed
2020-01-20 10:56:58,069 - DEBUG - COM3.ConfigurationClient: Sending opcode: 8008, data: 00
2020-01-20 10:56:58,069 - DEBUG - COM3.ConfigurationClient: Sending opcode: 00, data: 0000004f68ad85d9f48ac8589df665b6b49b8a
2020-01-20 10:56:58,069 - DEBUG - COM3: TX: 0eab08000100000008000000800800
2020-01-20 10:56:58,069 - DEBUG - COM3.ConfigurationClient: Sending opcode: 803d, data: 1e0000000210
2020-01-20 10:56:58,069 - DEBUG - COM3: TX: 1fab08000100000008000000000000004f68ad85d9f48ac8589df665b6b49b8a
2020-01-20 10:56:58,073 - DEBUG - COM3: RX: 0784ab0001000000
2020-01-20 10:56:58,073 - DEBUG - COM3: parsed_packet {event: CmdRsp, data: {'opcode': 171, 'status': 0, 'data': bytearray(b'\x01\x00\x00\x00')}}
2020-01-20 10:56:58,073 - DEBUG - COM3: TX: 13ab08000100000008000000803d1e0000000210
2020-01-20 10:56:58,073 - INFO - COM3: PacketSend: {'token': 1}
2020-01-20 10:56:58,076 - DEBUG - COM3: RX: 0784ab0002000000
2020-01-20 10:56:58,076 - DEBUG - COM3: parsed_packet {event: CmdRsp, data: {'opcode': 171, 'status': 0, 'data': bytearray(b'\x02\x00\x00\x00')}}
2020-01-20 10:56:58,076 - INFO - COM3: PacketSend: {'token': 2}
2020-01-20 10:56:58,078 - DEBUG - COM3: RX: 0784ab0003000000
2020-01-20 10:56:58,078 - DEBUG - COM3: parsed_packet {event: CmdRsp, data: {'opcode': 171, 'status': 0, 'data': bytearray(b'\x03\x00\x00\x00')}}
2020-01-20 10:56:58,078 - INFO - COM3: PacketSend: {'token': 3}
2020-01-20 10:56:58,083 - DEBUG - COM3: RX: 05d201000000
2020-01-20 10:56:58,083 - DEBUG - COM3: parsed_packet {event: MeshTxComplete, data: {'token': 1}}
2020-01-20 10:56:58,083 - INFO - COM3: {event: MeshTxComplete, data: {'token': 1}}
2020-01-20 10:56:58,141 - DEBUG - COM3: RX: 2ad01e0001000800000004012539d04a8dedc71600020059000000000028000f0000000300000002000210
2020-01-20 10:56:58,141 - DEBUG - COM3: parsed_packet {event: MeshMessageReceivedUnicast, data: {'src': 30, 'dst': 1, 'appkey_handle': 8, 'subnet_handle': 0, 'ttl': 4, 'adv_addr_type': 1, 'adv_addr': bytearray(b'%9\xd0J\x8d\xed'), 'rssi': -57, 'actual_length': 22, 'data': bytearray(b'\x02\x00Y\x00\x00\x00\x00\x00(\x00\x0f\x00\x00\x00\x03\x00\x00\x00\x02\x00\x02\x10')}}
2020-01-20 10:56:58,148 - INFO - COM3.ConfigurationClient: Received composition data (page 0x00): {
  "cid": "0059",
  "pid": "0000",
  "vid": "0000",
  "crpl": 40,
  "features": {
    "relay": 0,
    "proxy": 0,
    "friend": 0,
    "low_power": 0
  },
  "elements": [
    {
      "index": 0,
      "location": "0000",
      "models": [
        {
          "modelId": "0000"
        },
        {
          "modelId": "0002"
        },
        {
          "modelId": "1002"
        }
      ]
    }
  ]
}
2020-01-20 10:56:58,149 - DEBUG - COM3: Message Opcode bytearray(b'\x02'), Data bytearray(b'\x00Y\x00\x00\x00\x00\x00(\x00\x0f\x00\x00\x00\x03\x00\x00\x00\x02\x00\x02\x10') unknown for model <mesh.access.Access object at 0x000001D329EB0760>.
2020-01-20 10:56:58,149 - DEBUG - COM3: Message Opcode bytearray(b'\x02'), Data bytearray(b'\x00Y\x00\x00\x00\x00\x00(\x00\x0f\x00\x00\x00\x03\x00\x00\x00\x02\x00\x02\x10') unknown for model <mesh.access.Access object at 0x000001D329EB0760>.
2020-01-20 10:56:58,149 - DEBUG - COM3: RX: 05d203000000
2020-01-20 10:56:58,149 - DEBUG - COM3: parsed_packet {event: MeshTxComplete, data: {'token': 3}}
2020-01-20 10:56:58,149 - INFO - COM3: {event: MeshTxComplete, data: {'token': 3}}
2020-01-20 10:56:58,162 - DEBUG - COM3: RX: 05d202000000
2020-01-20 10:56:58,162 - DEBUG - COM3: parsed_packet {event: MeshTxComplete, data: {'token': 2}}
2020-01-20 10:56:58,163 - INFO - COM3: {event: MeshTxComplete, data: {'token': 2}}
2020-01-20 10:56:58,217 - DEBUG - COM3: RX: 1dd01e0001000800000004012539d04a8dedc70900803e001e0000000210
2020-01-20 10:56:58,217 - DEBUG - COM3: parsed_packet {event: MeshMessageReceivedUnicast, data: {'src': 30, 'dst': 1, 'appkey_handle': 8, 'subnet_handle': 0, 'ttl': 4, 'adv_addr_type': 1, 'adv_addr': bytearray(b'%9\xd0J\x8d\xed'), 'rssi': -57, 'actual_length': 9, 'data': bytearray(b'\x80>\x00\x1e\x00\x00\x00\x02\x10')}}
2020-01-20 10:56:58,217 - INFO - COM3.ConfigurationClient: Model app bind status: AccessStatus.SUCCESS
2020-01-20 10:56:58,222 - INFO - COM3.ConfigurationClient: Appkey bind 0 to model 1002 at 001e
2020-01-20 10:56:58,223 - DEBUG - COM3: Message Opcode bytearray(b'\x80>'), Data bytearray(b'\x00\x1e\x00\x00\x00\x02\x10') unknown for model <mesh.access.Access object at 0x000001D329EB0760>.
2020-01-20 10:56:58,223 - DEBUG - COM3: Message Opcode bytearray(b'\x80>'), Data bytearray(b'\x00\x1e\x00\x00\x00\x02\x10') unknown for model <mesh.access.Access object at 0x000001D329EB0760>.
2020-01-20 10:59:05,294 - DEBUG - COM3: RX: 00
2020-01-20 10:59:05,295 - ERROR - COM3: Invalid packet: bytearray(b'\x00')
2020-01-20 10:59:05,710 - DEBUG - COM3: RX: 04810200fe
2020-01-20 10:59:05,710 - DEBUG - COM3: parsed_packet {event: DeviceStarted, data: {'operating_mode': 2, 'hw_error': 0, 'data_credit_available': 254}}
2020-01-20 10:59:05,710 - INFO - COM3: Device rebooted.
