2020-01-20 15:51:19,602 - DEBUG - COM3: TX: 6169218a92f28b913443956426439de17d8a23a1bfbff17c2f47a006e37bfb77cdb4c575797b2674884dc8b9cfc348169ade8f5fe9f785a629a46fb65911b2edf32a64234a42fadec6a7e9831bba394b220d667fcd3e0c9c1e9f7cdd4c1c0ae51241
2020-01-20 15:51:19,613 - DEBUG - COM3: RX: 03846900
2020-01-20 15:51:19,614 - DEBUG - COM3: parsed_packet {event: CmdRsp, data: {'opcode': 105, 'status': 0, 'data': bytearray(b'')}}
2020-01-20 15:51:19,614 - DEBUG - COM3: TX: 059f01000100
2020-01-20 15:51:19,614 - INFO - COM3: Success
2020-01-20 15:51:19,616 - DEBUG - COM3: RX: 03849f00
2020-01-20 15:51:19,626 - DEBUG - COM3: parsed_packet {event: CmdRsp, data: {'opcode': 159, 'status': 0, 'data': bytearray(b'')}}
2020-01-20 15:51:19,626 - DEBUG - COM3: TX: 1392000018eed9c2a56add85049ffc3c59ad0e12
2020-01-20 15:51:19,626 - INFO - COM3: Success
2020-01-20 15:51:19,631 - DEBUG - COM3: RX: 058492000000
2020-01-20 15:51:19,631 - DEBUG - COM3: parsed_packet {event: CmdRsp, data: {'opcode': 146, 'status': 0, 'data': bytearray(b'\x00\x00')}}
2020-01-20 15:51:19,632 - DEBUG - COM3: TX: 1597000000004f68ad85d9f48ac8589df665b6b49b8a
2020-01-20 15:51:19,631 - INFO - COM3: SubnetAdd: {'subnet_handle': 0}
2020-01-20 15:51:19,636 - DEBUG - COM3: RX: 058497000000
2020-01-20 15:51:19,636 - DEBUG - COM3: parsed_packet {event: CmdRsp, data: {'opcode': 151, 'status': 0, 'data': bytearray(b'\x00\x00')}}
2020-01-20 15:51:19,636 - DEBUG - COM3: TX: 1597010000002aa2a6ded5a0798ceab5787ca3ae39fc
2020-01-20 15:51:19,636 - INFO - COM3: AppkeyAdd: {'appkey_handle': 0}
2020-01-20 15:51:19,640 - DEBUG - COM3: RX: 058497000100
2020-01-20 15:51:19,640 - DEBUG - COM3: parsed_packet {event: CmdRsp, data: {'opcode': 151, 'status': 0, 'data': bytearray(b'\x01\x00')}}
2020-01-20 15:51:19,641 - INFO - COM3: AppkeyAdd: {'appkey_handle': 1}
2020-01-20 15:51:24,894 - DEBUG - COM3: TX: 0161
2020-01-20 15:51:24,895 - DEBUG - COM3: RX: 03846100
2020-01-20 15:51:24,895 - DEBUG - COM3: parsed_packet {event: CmdRsp, data: {'opcode': 97, 'status': 0, 'data': bytearray(b'')}}
2020-01-20 15:51:24,895 - INFO - COM3: Success
2020-01-20 15:51:25,689 - DEBUG - COM3: RX: 1ac0d5b91bba0508344a809923e28a48b06dc70001c09923e28ac8
2020-01-20 15:51:25,689 - DEBUG - COM3: parsed_packet {event: ProvUnprovisionedReceived, data: {'uuid': bytearray(b'\xd5\xb9\x1b\xba\x05\x084J\x80\x99#\xe2\x8aH\xb0m'), 'rssi': -57, 'gatt_supported': 0, 'adv_addr_type': 1, 'adv_addr': bytearray(b'\xc0\x99#\xe2\x8a\xc8')}}
2020-01-20 15:51:25,689 - INFO - COM3: Received UUID d5b91bba0508344a809923e28a48b06d with RSSI: -57 dB
2020-01-20 15:51:26,126 - DEBUG - COM3: RX: 1ac0c86a88bbfa034047a539d04a8ded330fba00012539d04a8ded
2020-01-20 15:51:26,126 - DEBUG - COM3: parsed_packet {event: ProvUnprovisionedReceived, data: {'uuid': bytearray(b'\xc8j\x88\xbb\xfa\x03@G\xa59\xd0J\x8d\xed3\x0f'), 'rssi': -70, 'gatt_supported': 0, 'adv_addr_type': 1, 'adv_addr': bytearray(b'%9\xd0J\x8d\xed')}}
2020-01-20 15:51:26,126 - INFO - COM3: Received UUID c86a88bbfa034047a539d04a8ded330f with RSSI: -70 dB
2020-01-20 15:51:27,006 - DEBUG - COM3: RX: 1ac064348854c4ba6d4b9577d61386619776bf00019577d61386e1
2020-01-20 15:51:27,006 - DEBUG - COM3: parsed_packet {event: ProvUnprovisionedReceived, data: {'uuid': bytearray(b'd4\x88T\xc4\xbamK\x95w\xd6\x13\x86a\x97v'), 'rssi': -65, 'gatt_supported': 0, 'adv_addr_type': 1, 'adv_addr': bytearray(b'\x95w\xd6\x13\x86\xe1')}}
2020-01-20 15:51:27,006 - INFO - COM3: Received UUID 64348854c4ba6d4b9577d61386619776 with RSSI: -65 dB
2020-01-20 15:51:27,701 - DEBUG - COM3: RX: 1ac0d5b91bba0508344a809923e28a48b06db90001c09923e28ac8
2020-01-20 15:51:27,702 - DEBUG - COM3: parsed_packet {event: ProvUnprovisionedReceived, data: {'uuid': bytearray(b'\xd5\xb9\x1b\xba\x05\x084J\x80\x99#\xe2\x8aH\xb0m'), 'rssi': -71, 'gatt_supported': 0, 'adv_addr_type': 1, 'adv_addr': bytearray(b'\xc0\x99#\xe2\x8a\xc8')}}
2020-01-20 15:51:28,123 - DEBUG - COM3: RX: 1ac0c86a88bbfa034047a539d04a8ded330fc700012539d04a8ded
2020-01-20 15:51:28,123 - DEBUG - COM3: parsed_packet {event: ProvUnprovisionedReceived, data: {'uuid': bytearray(b'\xc8j\x88\xbb\xfa\x03@G\xa59\xd0J\x8d\xed3\x0f'), 'rssi': -57, 'gatt_supported': 0, 'adv_addr_type': 1, 'adv_addr': bytearray(b'%9\xd0J\x8d\xed')}}
2020-01-20 15:51:29,003 - DEBUG - COM3: RX: 1ac064348854c4ba6d4b9577d61386619776c600019577d61386e1
2020-01-20 15:51:29,003 - DEBUG - COM3: parsed_packet {event: ProvUnprovisionedReceived, data: {'uuid': bytearray(b'd4\x88T\xc4\xbamK\x95w\xd6\x13\x86a\x97v'), 'rssi': -58, 'gatt_supported': 0, 'adv_addr_type': 1, 'adv_addr': bytearray(b'\x95w\xd6\x13\x86\xe1')}}
2020-01-20 15:51:29,704 - DEBUG - COM3: RX: 1ac0d5b91bba0508344a809923e28a48b06dc90001c09923e28ac8
2020-01-20 15:51:29,705 - DEBUG - COM3: parsed_packet {event: ProvUnprovisionedReceived, data: {'uuid': bytearray(b'\xd5\xb9\x1b\xba\x05\x084J\x80\x99#\xe2\x8aH\xb0m'), 'rssi': -55, 'gatt_supported': 0, 'adv_addr_type': 1, 'adv_addr': bytearray(b'\xc0\x99#\xe2\x8a\xc8')}}
2020-01-20 15:51:29,895 - DEBUG - COM3: TX: 0162
2020-01-20 15:51:29,896 - DEBUG - COM3: RX: 03846200
2020-01-20 15:51:29,897 - DEBUG - COM3: parsed_packet {event: CmdRsp, data: {'opcode': 98, 'status': 0, 'data': bytearray(b'')}}
2020-01-20 15:51:29,897 - INFO - COM3: Success
2020-01-20 15:51:54,574 - DEBUG - COM3: TX: 2d6300c86a88bbfa034047a539d04a8ded330f18eed9c2a56add85049ffc3c59ad0e120000000000003500000000
2020-01-20 15:51:54,574 - DEBUG - COM3: RX: 0484630000
2020-01-20 15:51:54,574 - DEBUG - COM3: parsed_packet {event: CmdRsp, data: {'opcode': 99, 'status': 0, 'data': bytearray(b'\x00')}}
2020-01-20 15:51:54,574 - INFO - COM3: Provision: {'context': 0}
2020-01-20 15:51:54,590 - DEBUG - COM3: RX: 02c100
2020-01-20 15:51:54,590 - DEBUG - COM3: parsed_packet {event: ProvLinkEstablished, data: {'context_id': 0}}
2020-01-20 15:51:54,590 - INFO - COM3: Link established
2020-01-20 15:51:54,646 - DEBUG - COM3: RX: 0bc300050001000000000000
2020-01-20 15:51:54,646 - DEBUG - COM3: parsed_packet {event: ProvCapsReceived, data: {'context_id': 0, 'num_elements': 5, 'public_key_type': 0, 'static_oob_types': 1, 'output_oob_size': 0, 'output_oob_actions': 0, 'input_oob_size': 0, 'input_oob_actions': 0}}
2020-01-20 15:51:54,647 - INFO - COM3: Received capabilities
2020-01-20 15:51:54,647 - INFO - COM3: Number of elements: 5
2020-01-20 15:51:54,647 - DEBUG - COM3: TX: 056600000000
2020-01-20 15:51:54,649 - DEBUG - COM3: RX: 0484660000
2020-01-20 15:51:54,650 - DEBUG - COM3: parsed_packet {event: CmdRsp, data: {'opcode': 102, 'status': 0, 'data': bytearray(b'\x00')}}
2020-01-20 15:51:54,650 - INFO - COM3: OobUse: {'context': 0}
2020-01-20 15:51:54,858 - DEBUG - COM3: RX: 62c700c65ca59712bca6dae8b99db9441cb88e94fd5beec0ed464b4d3bb6f4007e757798c3ee4f121f7ea574ec235914562f8bc7954a64e412cd5acc222096fc589a01218a92f28b913443956426439de17d8a23a1bfbff17c2f47a006e37bfb77cdb4
2020-01-20 15:51:54,859 - DEBUG - COM3: parsed_packet {event: ProvEcdhRequest, data: {'context_id': 0, 'peer_public': bytearray(b'\xc6\\\xa5\x97\x12\xbc\xa6\xda\xe8\xb9\x9d\xb9D\x1c\xb8\x8e\x94\xfd[\xee\xc0\xedFKM;\xb6\xf4\x00~uw\x98\xc3\xeeO\x12\x1f~\xa5t\xec#Y\x14V/\x8b\xc7\x95Jd\xe4\x12\xcdZ\xcc" \x96\xfcX\x9a\x01'), 'node_private': bytearray(b'!\x8a\x92\xf2\x8b\x914C\x95d&C\x9d\xe1}\x8a#\xa1\xbf\xbf\xf1|/G\xa0\x06\xe3{\xfbw\xcd\xb4')}}
2020-01-20 15:51:54,859 - INFO - COM3: ECDH request received
2020-01-20 15:51:54,860 - DEBUG - COM3: TX: 22680091337fccd8113932606ccdabd1c55b32d9c28f9ffe8f143188ec6780d7d210ed
2020-01-20 15:51:54,866 - DEBUG - COM3: RX: 0484680000
2020-01-20 15:51:54,866 - DEBUG - COM3: parsed_packet {event: CmdRsp, data: {'opcode': 104, 'status': 0, 'data': bytearray(b'\x00')}}
2020-01-20 15:51:54,867 - INFO - COM3: EcdhSecret: {'context': 0}
2020-01-20 15:51:55,190 - DEBUG - COM3: RX: 2cc50000000000000035000000a507dbf079a84c86f371a15e8fb71b8918eed9c2a56add85049ffc3c59ad0e12
2020-01-20 15:51:55,191 - DEBUG - COM3: parsed_packet {event: ProvComplete, data: {'context_id': 0, 'iv_index': 0, 'net_key_index': 0, 'address': 53, 'iv_update_flag': 0, 'key_refresh_flag': 0, 'device_key': bytearray(b'\xa5\x07\xdb\xf0y\xa8L\x86\xf3q\xa1^\x8f\xb7\x1b\x89'), 'net_key': bytearray(b'\x18\xee\xd9\xc2\xa5j\xdd\x85\x04\x9f\xfc<Y\xad\x0e\x12')}}
2020-01-20 15:51:55,191 - INFO - COM3: Provisioning complete
2020-01-20 15:51:55,191 - INFO - COM3: 	Address(es): 0x35-0x39
2020-01-20 15:51:55,192 - INFO - COM3: 	Device key: a507dbf079a84c86f371a15e8fb71b89
2020-01-20 15:51:55,192 - INFO - COM3: 	Network key: 18eed9c2a56add85049ffc3c59ad0e12
2020-01-20 15:51:55,192 - INFO - COM3: Adding device key to subnet 0
2020-01-20 15:51:55,193 - INFO - COM3: Adding publication address of root element
2020-01-20 15:51:55,193 - DEBUG - COM3: TX: 159c35000000a507dbf079a84c86f371a15e8fb71b89
2020-01-20 15:51:55,193 - DEBUG - COM3: TX: 03a43500
2020-01-20 15:51:55,201 - DEBUG - COM3: RX: 05849c000800
2020-01-20 15:51:55,202 - DEBUG - COM3: parsed_packet {event: CmdRsp, data: {'opcode': 156, 'status': 0, 'data': bytearray(b'\x08\x00')}}
2020-01-20 15:51:55,202 - INFO - COM3: DevkeyAdd: {'devkey_handle': 8}
2020-01-20 15:51:55,202 - DEBUG - COM3: RX: 0584a4000000
2020-01-20 15:51:55,202 - DEBUG - COM3: parsed_packet {event: CmdRsp, data: {'opcode': 164, 'status': 0, 'data': bytearray(b'\x00\x00')}}
2020-01-20 15:51:55,202 - INFO - COM3: AddrPublicationAdd: {'address_handle': 0}
2020-01-20 15:51:55,297 - DEBUG - COM3: RX: 03c20000
2020-01-20 15:51:55,298 - DEBUG - COM3: parsed_packet {event: ProvLinkClosed, data: {'context_id': 0, 'close_reason': 0}}
2020-01-20 15:51:55,298 - INFO - COM3: Provisioning link closed
2020-01-20 15:52:19,300 - DEBUG - COM3.ConfigurationClient: Sending opcode: 8008, data: 00
2020-01-20 15:52:19,301 - DEBUG - COM3: TX: 0eab08000100000008000000800800
2020-01-20 15:52:19,304 - DEBUG - COM3: RX: 0784ab0001000000
2020-01-20 15:52:19,304 - DEBUG - COM3: parsed_packet {event: CmdRsp, data: {'opcode': 171, 'status': 0, 'data': bytearray(b'\x01\x00\x00\x00')}}
2020-01-20 15:52:19,305 - INFO - COM3: PacketSend: {'token': 1}
2020-01-20 15:52:19,323 - DEBUG - COM3: RX: 05d201000000
2020-01-20 15:52:19,323 - DEBUG - COM3: parsed_packet {event: MeshTxComplete, data: {'token': 1}}
2020-01-20 15:52:19,323 - INFO - COM3: {event: MeshTxComplete, data: {'token': 1}}
2020-01-20 15:52:21,302 - DEBUG - COM3.ConfigurationClient: Sending opcode: 00, data: 0000004f68ad85d9f48ac8589df665b6b49b8a
2020-01-20 15:52:21,302 - DEBUG - COM3: TX: 1fab08000100000008000000000000004f68ad85d9f48ac8589df665b6b49b8a
2020-01-20 15:52:21,308 - DEBUG - COM3: RX: 0784ab0002000000
2020-01-20 15:52:21,308 - DEBUG - COM3: parsed_packet {event: CmdRsp, data: {'opcode': 171, 'status': 0, 'data': bytearray(b'\x02\x00\x00\x00')}}
2020-01-20 15:52:21,308 - INFO - COM3: PacketSend: {'token': 2}
2020-01-20 15:52:21,349 - DEBUG - COM3: RX: 05d202000000
2020-01-20 15:52:21,349 - DEBUG - COM3: parsed_packet {event: MeshTxComplete, data: {'token': 2}}
2020-01-20 15:52:21,349 - INFO - COM3: {event: MeshTxComplete, data: {'token': 2}}
2020-01-20 15:52:21,377 - DEBUG - COM3: RX: 1ad0350001000800000004012539d04a8dedb70600800300000000
2020-01-20 15:52:21,378 - DEBUG - COM3: parsed_packet {event: MeshMessageReceivedUnicast, data: {'src': 53, 'dst': 1, 'appkey_handle': 8, 'subnet_handle': 0, 'ttl': 4, 'adv_addr_type': 1, 'adv_addr': bytearray(b'%9\xd0J\x8d\xed'), 'rssi': -73, 'actual_length': 6, 'data': bytearray(b'\x80\x03\x00\x00\x00\x00')}}
2020-01-20 15:52:21,378 - INFO - COM3.ConfigurationClient: Appkey status: AccessStatus.SUCCESS
2020-01-20 15:52:21,387 - INFO - COM3.ConfigurationClient: Appkey add 0 succeded for subnet 0 at node 0035
2020-01-20 15:52:21,387 - DEBUG - COM3: Message Opcode bytearray(b'\x80\x03'), Data bytearray(b'\x00\x00\x00\x00') unknown for model <mesh.access.Access object at 0x0000021A33220640>.
2020-01-20 15:52:21,387 - DEBUG - COM3: Message Opcode bytearray(b'\x80\x03'), Data bytearray(b'\x00\x00\x00\x00') unknown for model <mesh.access.Access object at 0x0000021A33220640>.
2020-01-20 15:52:22,302 - DEBUG - COM3.ConfigurationClient: Sending opcode: 803d, data: 360000000010
2020-01-20 15:52:22,302 - DEBUG - COM3: TX: 13ab08000100000008000000803d360000000010
2020-01-20 15:52:22,306 - DEBUG - COM3: RX: 0784ab0003000000
2020-01-20 15:52:22,306 - DEBUG - COM3: parsed_packet {event: CmdRsp, data: {'opcode': 171, 'status': 0, 'data': bytearray(b'\x03\x00\x00\x00')}}
2020-01-20 15:52:22,306 - INFO - COM3: PacketSend: {'token': 3}
2020-01-20 15:52:22,322 - DEBUG - COM3: RX: 05d203000000
2020-01-20 15:52:22,322 - DEBUG - COM3: parsed_packet {event: MeshTxComplete, data: {'token': 3}}
2020-01-20 15:52:22,322 - INFO - COM3: {event: MeshTxComplete, data: {'token': 3}}
2020-01-20 15:52:22,329 - DEBUG - COM3: RX: 1dd0350001000800000004012539d04a8dedc40900803e00360000000010
2020-01-20 15:52:22,329 - DEBUG - COM3: parsed_packet {event: MeshMessageReceivedUnicast, data: {'src': 53, 'dst': 1, 'appkey_handle': 8, 'subnet_handle': 0, 'ttl': 4, 'adv_addr_type': 1, 'adv_addr': bytearray(b'%9\xd0J\x8d\xed'), 'rssi': -60, 'actual_length': 9, 'data': bytearray(b'\x80>\x006\x00\x00\x00\x00\x10')}}
2020-01-20 15:52:22,329 - INFO - COM3.ConfigurationClient: Model app bind status: AccessStatus.SUCCESS
2020-01-20 15:52:22,329 - ERROR - COM3: Exception in pkt handler <bound method Access.__event_handler of <mesh.access.Access object at 0x0000021A33220640>>
2020-01-20 15:52:22,331 - ERROR - COM3: traceback: Traceback (most recent call last):
  File "C:\Tools\NRF\nrf5_SDK_for_Mesh_v3.2.0_src\scripts\interactive_pyaci_ohne_IPython\aci\aci_uart.py", line 88, in process_packet
    fun(packet)
  File "C:\Tools\NRF\nrf5_SDK_for_Mesh_v3.2.0_src\scripts\interactive_pyaci_ohne_IPython\mesh\access.py", line 218, in __event_handler
    handler(opcode, message)
  File "C:\Tools\NRF\nrf5_SDK_for_Mesh_v3.2.0_src\scripts\interactive_pyaci_ohne_IPython\models\config.py", line 649, in __model_app_status_handler
    model = self.model_get(element_address, model_id)
  File "C:\Tools\NRF\nrf5_SDK_for_Mesh_v3.2.0_src\scripts\interactive_pyaci_ohne_IPython\models\config.py", line 454, in model_get
    raise RuntimeError("Could not find model %r with element address %04x" %
RuntimeError: Could not find model 1000 with element address 0036

2020-01-20 16:01:31,923 - DEBUG - COM3: RX: 00
2020-01-20 16:01:31,923 - ERROR - COM3: Invalid packet: bytearray(b'\x00')
2020-01-20 16:01:32,340 - DEBUG - COM3: RX: 04810200fe
2020-01-20 16:01:32,340 - DEBUG - COM3: parsed_packet {event: DeviceStarted, data: {'operating_mode': 2, 'hw_error': 0, 'data_credit_available': 254}}
2020-01-20 16:01:32,340 - INFO - COM3: Device rebooted.
