2020-01-20 14:13:05,248 - DEBUG - COM3: TX: 6169dcd49740d150ba624ec39d8ed8347ab47051d69b6e7df52ceaa926707064a18a77d0e19173bd01aabfd126579572537dea963ead61cf27be4df8bad2e2d7b2915ead8fb1f2d7cc3bf6fe089848c53f7a4a8c130d7d7df9dace6dbfe0a66d4c4e
2020-01-20 14:13:05,260 - DEBUG - COM3: RX: 03846900
2020-01-20 14:13:05,260 - DEBUG - COM3: parsed_packet {event: CmdRsp, data: {'opcode': 105, 'status': 0, 'data': bytearray(b'')}}
2020-01-20 14:13:05,261 - DEBUG - COM3: TX: 059f01000100
2020-01-20 14:13:05,261 - INFO - COM3: Success
2020-01-20 14:13:05,263 - DEBUG - COM3: RX: 03849f8e
2020-01-20 14:13:05,267 - DEBUG - COM3: parsed_packet {event: CmdRsp, data: {'opcode': 159, 'status': 142, 'data': bytearray(b'')}}
2020-01-20 14:13:05,267 - DEBUG - COM3: TX: 1392000018eed9c2a56add85049ffc3c59ad0e12
2020-01-20 14:13:05,267 - ERROR - COM3: None: ERROR_REJECTED
2020-01-20 14:13:05,270 - DEBUG - COM3: RX: 03849281
2020-01-20 14:13:05,271 - DEBUG - COM3: parsed_packet {event: CmdRsp, data: {'opcode': 146, 'status': 129, 'data': bytearray(b'')}}
2020-01-20 14:13:05,271 - DEBUG - COM3: TX: 1597000000004f68ad85d9f48ac8589df665b6b49b8a
2020-01-20 14:13:05,271 - ERROR - COM3: SubnetAdd: ERROR_INTERNAL
2020-01-20 14:13:05,274 - DEBUG - COM3: RX: 03849781
2020-01-20 14:13:05,275 - DEBUG - COM3: parsed_packet {event: CmdRsp, data: {'opcode': 151, 'status': 129, 'data': bytearray(b'')}}
2020-01-20 14:13:05,275 - DEBUG - COM3: TX: 1597010000002aa2a6ded5a0798ceab5787ca3ae39fc
2020-01-20 14:13:05,275 - ERROR - COM3: AppkeyAdd: ERROR_INTERNAL
2020-01-20 14:13:05,278 - DEBUG - COM3: RX: 03849781
2020-01-20 14:13:05,279 - DEBUG - COM3: parsed_packet {event: CmdRsp, data: {'opcode': 151, 'status': 129, 'data': bytearray(b'')}}
2020-01-20 14:13:05,279 - ERROR - COM3: AppkeyAdd: ERROR_INTERNAL
