2020-01-20 10:14:23,106 - DEBUG - COM3: TX: 616968798c5b6158a1c07e96630ad283f56c91d7608e2a8d9d70dbd3ebd265d7ee9273c897756fe4957b09db07b1b320843f28de5590ee14eee430ad17813bcb2eb13206fdeeaf4a1823d207d7dc03811b865f8fd6c71734ec184ada362a54a8aaf7
2020-01-20 10:14:23,117 - DEBUG - COM3: RX: 03846900
2020-01-20 10:14:23,118 - DEBUG - COM3: parsed_packet {event: CmdRsp, data: {'opcode': 105, 'status': 0, 'data': bytearray(b'')}}
2020-01-20 10:14:23,118 - DEBUG - COM3: TX: 059f01000100
2020-01-20 10:14:23,118 - INFO - COM3: Success
2020-01-20 10:14:23,120 - DEBUG - COM3: RX: 03849f00
2020-01-20 10:14:23,130 - DEBUG - COM3: parsed_packet {event: CmdRsp, data: {'opcode': 159, 'status': 0, 'data': bytearray(b'')}}
2020-01-20 10:14:23,130 - DEBUG - COM3: TX: 1392000018eed9c2a56add85049ffc3c59ad0e12
2020-01-20 10:14:23,130 - INFO - COM3: Success
2020-01-20 10:14:23,134 - DEBUG - COM3: RX: 058492000000
2020-01-20 10:14:23,135 - DEBUG - COM3: parsed_packet {event: CmdRsp, data: {'opcode': 146, 'status': 0, 'data': bytearray(b'\x00\x00')}}
2020-01-20 10:14:23,135 - DEBUG - COM3: TX: 1597000000004f68ad85d9f48ac8589df665b6b49b8a
2020-01-20 10:14:23,135 - INFO - COM3: SubnetAdd: {'subnet_handle': 0}
2020-01-20 10:14:23,139 - DEBUG - COM3: RX: 058497000000
2020-01-20 10:14:23,139 - DEBUG - COM3: parsed_packet {event: CmdRsp, data: {'opcode': 151, 'status': 0, 'data': bytearray(b'\x00\x00')}}
2020-01-20 10:14:23,139 - DEBUG - COM3: TX: 1597010000002aa2a6ded5a0798ceab5787ca3ae39fc
2020-01-20 10:14:23,139 - INFO - COM3: AppkeyAdd: {'appkey_handle': 0}
2020-01-20 10:14:23,143 - DEBUG - COM3: RX: 058497000100
2020-01-20 10:14:23,143 - DEBUG - COM3: parsed_packet {event: CmdRsp, data: {'opcode': 151, 'status': 0, 'data': bytearray(b'\x01\x00')}}
2020-01-20 10:14:23,144 - INFO - COM3: AppkeyAdd: {'appkey_handle': 1}
2020-01-20 10:14:53,297 - DEBUG - COM3: log Opening port COM3, baudrate 115200, rtscts True
