2020-01-20 10:17:38,520 - DEBUG - COM3: TX: 6169966e1c9358ae9ed542f53014fe5af8eeef6f49ddc0edc872258135ae57600031dd20b7afaba5f770ee6d72cfaba51c2a625d1419cc74088e8e5fa5919a2836b0006c6918931082e854d440f53c66d9df903664976d3e0b916c811dadf69458ea
2020-01-20 10:17:38,531 - DEBUG - COM3: RX: 03846900
2020-01-20 10:17:38,531 - DEBUG - COM3: parsed_packet {event: CmdRsp, data: {'opcode': 105, 'status': 0, 'data': bytearray(b'')}}
2020-01-20 10:17:38,532 - DEBUG - COM3: TX: 059f01000100
2020-01-20 10:17:38,531 - INFO - COM3: Success
2020-01-20 10:17:38,534 - DEBUG - COM3: RX: 03849f8e
2020-01-20 10:17:38,536 - DEBUG - COM3: parsed_packet {event: CmdRsp, data: {'opcode': 159, 'status': 142, 'data': bytearray(b'')}}
2020-01-20 10:17:38,536 - DEBUG - COM3: TX: 1392000018eed9c2a56add85049ffc3c59ad0e12
2020-01-20 10:17:38,536 - ERROR - COM3: None: ERROR_REJECTED
2020-01-20 10:17:38,540 - DEBUG - COM3: RX: 03849281
2020-01-20 10:17:38,540 - DEBUG - COM3: parsed_packet {event: CmdRsp, data: {'opcode': 146, 'status': 129, 'data': bytearray(b'')}}
2020-01-20 10:17:38,540 - DEBUG - COM3: TX: 1597000000004f68ad85d9f48ac8589df665b6b49b8a
2020-01-20 10:17:38,540 - ERROR - COM3: SubnetAdd: ERROR_INTERNAL
2020-01-20 10:17:38,544 - DEBUG - COM3: RX: 03849781
2020-01-20 10:17:38,544 - DEBUG - COM3: parsed_packet {event: CmdRsp, data: {'opcode': 151, 'status': 129, 'data': bytearray(b'')}}
2020-01-20 10:17:38,544 - DEBUG - COM3: TX: 1597010000002aa2a6ded5a0798ceab5787ca3ae39fc
2020-01-20 10:17:38,544 - ERROR - COM3: AppkeyAdd: ERROR_INTERNAL
2020-01-20 10:17:38,548 - DEBUG - COM3: RX: 03849781
2020-01-20 10:17:38,548 - DEBUG - COM3: parsed_packet {event: CmdRsp, data: {'opcode': 151, 'status': 129, 'data': bytearray(b'')}}
2020-01-20 10:17:38,548 - ERROR - COM3: AppkeyAdd: ERROR_INTERNAL
2020-01-20 10:17:40,787 - DEBUG - COM3: RX: 00
2020-01-20 10:17:40,788 - ERROR - COM3: Invalid packet: bytearray(b'\x00')
2020-01-20 10:17:41,202 - DEBUG - COM3: RX: 04810200fe
2020-01-20 10:17:41,203 - DEBUG - COM3: parsed_packet {event: DeviceStarted, data: {'operating_mode': 2, 'hw_error': 0, 'data_credit_available': 254}}
2020-01-20 10:17:41,203 - INFO - COM3: Device rebooted.
2020-01-20 10:17:44,909 - DEBUG - COM3: TX: 616900c185ca763772d9d72713f3df8206a13fb844a851f1d4050fbad128be58128e45e0970b4ee9eacbe346ff57d139506dfba3c340bff4547e3c2e5d69a396f82600806de835c00b3c358509825c6357399950cd2776bc4a99f8258e0e802bfbca
2020-01-20 10:17:44,920 - DEBUG - COM3: RX: 03846900
2020-01-20 10:17:44,920 - DEBUG - COM3: parsed_packet {event: CmdRsp, data: {'opcode': 105, 'status': 0, 'data': bytearray(b'')}}
2020-01-20 10:17:44,921 - DEBUG - COM3: TX: 059f01000100
2020-01-20 10:17:44,921 - INFO - COM3: Success
2020-01-20 10:17:44,923 - DEBUG - COM3: RX: 03849f00
2020-01-20 10:17:44,923 - DEBUG - COM3: parsed_packet {event: CmdRsp, data: {'opcode': 159, 'status': 0, 'data': bytearray(b'')}}
2020-01-20 10:17:44,923 - DEBUG - COM3: TX: 1392000018eed9c2a56add85049ffc3c59ad0e12
2020-01-20 10:17:44,923 - INFO - COM3: Success
2020-01-20 10:17:44,927 - DEBUG - COM3: RX: 058492000000
2020-01-20 10:17:44,927 - DEBUG - COM3: parsed_packet {event: CmdRsp, data: {'opcode': 146, 'status': 0, 'data': bytearray(b'\x00\x00')}}
2020-01-20 10:17:44,927 - DEBUG - COM3: TX: 1597000000004f68ad85d9f48ac8589df665b6b49b8a
2020-01-20 10:17:44,927 - INFO - COM3: SubnetAdd: {'subnet_handle': 0}
2020-01-20 10:17:44,931 - DEBUG - COM3: RX: 058497000000
2020-01-20 10:17:44,932 - DEBUG - COM3: parsed_packet {event: CmdRsp, data: {'opcode': 151, 'status': 0, 'data': bytearray(b'\x00\x00')}}
2020-01-20 10:17:44,933 - DEBUG - COM3: TX: 1597010000002aa2a6ded5a0798ceab5787ca3ae39fc
2020-01-20 10:17:44,932 - INFO - COM3: AppkeyAdd: {'appkey_handle': 0}
2020-01-20 10:17:44,936 - DEBUG - COM3: RX: 058497000100
2020-01-20 10:17:44,936 - DEBUG - COM3: parsed_packet {event: CmdRsp, data: {'opcode': 151, 'status': 0, 'data': bytearray(b'\x01\x00')}}
2020-01-20 10:17:44,936 - INFO - COM3: AppkeyAdd: {'appkey_handle': 1}
2020-01-20 10:18:57,687 - DEBUG - COM3: RX: 00
2020-01-20 10:18:57,687 - ERROR - COM3: Invalid packet: bytearray(b'\x00')
2020-01-20 10:18:58,103 - DEBUG - COM3: RX: 04810200fe
2020-01-20 10:18:58,103 - DEBUG - COM3: parsed_packet {event: DeviceStarted, data: {'operating_mode': 2, 'hw_error': 0, 'data_credit_available': 254}}
2020-01-20 10:18:58,103 - INFO - COM3: Device rebooted.
