2020-01-20 09:47:41,285 - DEBUG - COM3: TX: 6169a1e66348b461bf0cdf580ad4aade1cf05ea327cd15852fecf88859df111edfa00a241313f6dd01906aecd971074690e7284f80d95e9cae056d16b3c8fa610418ed8af005991c698e8ed79c05a23866d82ad75f0c75075cd68e063345fadd7e5c
2020-01-20 09:47:41,296 - DEBUG - COM3: RX: 03846900
2020-01-20 09:47:41,296 - DEBUG - COM3: parsed_packet {event: CmdRsp, data: {'opcode': 105, 'status': 0, 'data': bytearray(b'')}}
2020-01-20 09:47:41,296 - DEBUG - COM3: TX: 059f01000100
2020-01-20 09:47:41,296 - INFO - COM3: Success
2020-01-20 09:47:41,299 - DEBUG - COM3: RX: 03849f8e
2020-01-20 09:47:41,309 - DEBUG - COM3: parsed_packet {event: CmdRsp, data: {'opcode': 159, 'status': 142, 'data': bytearray(b'')}}
2020-01-20 09:47:41,309 - DEBUG - COM3: TX: 1392000018eed9c2a56add85049ffc3c59ad0e12
2020-01-20 09:47:41,309 - ERROR - COM3: None: ERROR_REJECTED
2020-01-20 09:47:41,313 - DEBUG - COM3: RX: 03849281
2020-01-20 09:47:41,313 - DEBUG - COM3: parsed_packet {event: CmdRsp, data: {'opcode': 146, 'status': 129, 'data': bytearray(b'')}}
2020-01-20 09:47:41,313 - DEBUG - COM3: TX: 1597000000004f68ad85d9f48ac8589df665b6b49b8a
2020-01-20 09:47:41,313 - ERROR - COM3: SubnetAdd: ERROR_INTERNAL
2020-01-20 09:47:41,317 - DEBUG - COM3: RX: 03849781
2020-01-20 09:47:41,317 - DEBUG - COM3: parsed_packet {event: CmdRsp, data: {'opcode': 151, 'status': 129, 'data': bytearray(b'')}}
2020-01-20 09:47:41,317 - DEBUG - COM3: TX: 1597010000002aa2a6ded5a0798ceab5787ca3ae39fc
2020-01-20 09:47:41,317 - ERROR - COM3: AppkeyAdd: ERROR_INTERNAL
2020-01-20 09:47:41,321 - DEBUG - COM3: RX: 03849781
2020-01-20 09:47:41,321 - DEBUG - COM3: parsed_packet {event: CmdRsp, data: {'opcode': 151, 'status': 129, 'data': bytearray(b'')}}
2020-01-20 09:47:41,321 - ERROR - COM3: AppkeyAdd: ERROR_INTERNAL
2020-01-20 09:47:50,046 - DEBUG - COM3: RX: 00
2020-01-20 09:47:50,046 - ERROR - COM3: Invalid packet: bytearray(b'\x00')
2020-01-20 09:47:50,462 - DEBUG - COM3: RX: 04810200fe
2020-01-20 09:47:50,462 - DEBUG - COM3: parsed_packet {event: DeviceStarted, data: {'operating_mode': 2, 'hw_error': 0, 'data_credit_available': 254}}
2020-01-20 09:47:50,462 - INFO - COM3: Device rebooted.
2020-01-20 09:47:56,150 - DEBUG - COM3: TX: 6169c3a90de7c9342eed6801a128702fa2b88054f75549038a5e44e768d357b75124a456149c4bb1d1d56cbe7901df610d0705367be5303a18849c029176c9a994137e7e1cc97c1c7f550271d1accff5872482fb024b406a1d076db15a1fa952868a
2020-01-20 09:47:56,161 - DEBUG - COM3: RX: 03846900
2020-01-20 09:47:56,161 - DEBUG - COM3: parsed_packet {event: CmdRsp, data: {'opcode': 105, 'status': 0, 'data': bytearray(b'')}}
2020-01-20 09:47:56,162 - DEBUG - COM3: TX: 059f01000100
2020-01-20 09:47:56,161 - INFO - COM3: Success
2020-01-20 09:47:56,164 - DEBUG - COM3: RX: 03849f00
2020-01-20 09:47:56,164 - DEBUG - COM3: parsed_packet {event: CmdRsp, data: {'opcode': 159, 'status': 0, 'data': bytearray(b'')}}
2020-01-20 09:47:56,164 - DEBUG - COM3: TX: 1392000018eed9c2a56add85049ffc3c59ad0e12
2020-01-20 09:47:56,164 - INFO - COM3: Success
2020-01-20 09:47:56,168 - DEBUG - COM3: RX: 058492000000
2020-01-20 09:47:56,168 - DEBUG - COM3: parsed_packet {event: CmdRsp, data: {'opcode': 146, 'status': 0, 'data': bytearray(b'\x00\x00')}}
2020-01-20 09:47:56,168 - DEBUG - COM3: TX: 1597000000004f68ad85d9f48ac8589df665b6b49b8a
2020-01-20 09:47:56,168 - INFO - COM3: SubnetAdd: {'subnet_handle': 0}
2020-01-20 09:47:56,172 - DEBUG - COM3: RX: 058497000000
2020-01-20 09:47:56,172 - DEBUG - COM3: parsed_packet {event: CmdRsp, data: {'opcode': 151, 'status': 0, 'data': bytearray(b'\x00\x00')}}
2020-01-20 09:47:56,172 - DEBUG - COM3: TX: 1597010000002aa2a6ded5a0798ceab5787ca3ae39fc
2020-01-20 09:47:56,172 - INFO - COM3: AppkeyAdd: {'appkey_handle': 0}
2020-01-20 09:47:56,176 - DEBUG - COM3: RX: 058497000100
2020-01-20 09:47:56,176 - DEBUG - COM3: parsed_packet {event: CmdRsp, data: {'opcode': 151, 'status': 0, 'data': bytearray(b'\x01\x00')}}
2020-01-20 09:47:56,176 - INFO - COM3: AppkeyAdd: {'appkey_handle': 1}
2020-01-20 09:48:00,157 - DEBUG - COM3: TX: 0161
2020-01-20 09:48:00,158 - DEBUG - COM3: RX: 03846100
2020-01-20 09:48:00,158 - DEBUG - COM3: parsed_packet {event: CmdRsp, data: {'opcode': 97, 'status': 0, 'data': bytearray(b'')}}
2020-01-20 09:48:00,158 - INFO - COM3: Success
2020-01-20 09:48:00,187 - DEBUG - COM3: RX: 1ac0c86a88bbfa034047a539d04a8ded330fba00012539d04a8ded
2020-01-20 09:48:00,188 - DEBUG - COM3: parsed_packet {event: ProvUnprovisionedReceived, data: {'uuid': bytearray(b'\xc8j\x88\xbb\xfa\x03@G\xa59\xd0J\x8d\xed3\x0f'), 'rssi': -70, 'gatt_supported': 0, 'adv_addr_type': 1, 'adv_addr': bytearray(b'%9\xd0J\x8d\xed')}}
2020-01-20 09:48:00,188 - INFO - COM3: Received UUID c86a88bbfa034047a539d04a8ded330f with RSSI: -70 dB
2020-01-20 09:48:00,309 - DEBUG - COM3: RX: 1ac0d9cfbd4418e74240b492f8f01d1cd1acc00001b492f8f01ddc
2020-01-20 09:48:00,309 - DEBUG - COM3: parsed_packet {event: ProvUnprovisionedReceived, data: {'uuid': bytearray(b'\xd9\xcf\xbdD\x18\xe7B@\xb4\x92\xf8\xf0\x1d\x1c\xd1\xac'), 'rssi': -64, 'gatt_supported': 0, 'adv_addr_type': 1, 'adv_addr': bytearray(b'\xb4\x92\xf8\xf0\x1d\xdc')}}
2020-01-20 09:48:00,309 - INFO - COM3: Received UUID d9cfbd4418e74240b492f8f01d1cd1ac with RSSI: -64 dB
2020-01-20 09:48:01,667 - DEBUG - COM3: RX: 1ac0d5b91bba0508344a809923e28a48b06dc80001c09923e28ac8
2020-01-20 09:48:01,667 - DEBUG - COM3: parsed_packet {event: ProvUnprovisionedReceived, data: {'uuid': bytearray(b'\xd5\xb9\x1b\xba\x05\x084J\x80\x99#\xe2\x8aH\xb0m'), 'rssi': -56, 'gatt_supported': 0, 'adv_addr_type': 1, 'adv_addr': bytearray(b'\xc0\x99#\xe2\x8a\xc8')}}
2020-01-20 09:48:01,668 - INFO - COM3: Received UUID d5b91bba0508344a809923e28a48b06d with RSSI: -56 dB
2020-01-20 09:48:02,195 - DEBUG - COM3: RX: 1ac0c86a88bbfa034047a539d04a8ded330fc700012539d04a8ded
2020-01-20 09:48:02,196 - DEBUG - COM3: parsed_packet {event: ProvUnprovisionedReceived, data: {'uuid': bytearray(b'\xc8j\x88\xbb\xfa\x03@G\xa59\xd0J\x8d\xed3\x0f'), 'rssi': -57, 'gatt_supported': 0, 'adv_addr_type': 1, 'adv_addr': bytearray(b'%9\xd0J\x8d\xed')}}
2020-01-20 09:48:02,308 - DEBUG - COM3: RX: 1ac0d9cfbd4418e74240b492f8f01d1cd1acbb0001b492f8f01ddc
2020-01-20 09:48:02,309 - DEBUG - COM3: parsed_packet {event: ProvUnprovisionedReceived, data: {'uuid': bytearray(b'\xd9\xcf\xbdD\x18\xe7B@\xb4\x92\xf8\xf0\x1d\x1c\xd1\xac'), 'rssi': -69, 'gatt_supported': 0, 'adv_addr_type': 1, 'adv_addr': bytearray(b'\xb4\x92\xf8\xf0\x1d\xdc')}}
2020-01-20 09:48:03,668 - DEBUG - COM3: RX: 1ac0d5b91bba0508344a809923e28a48b06dc00001c09923e28ac8
2020-01-20 09:48:03,669 - DEBUG - COM3: parsed_packet {event: ProvUnprovisionedReceived, data: {'uuid': bytearray(b'\xd5\xb9\x1b\xba\x05\x084J\x80\x99#\xe2\x8aH\xb0m'), 'rssi': -64, 'gatt_supported': 0, 'adv_addr_type': 1, 'adv_addr': bytearray(b'\xc0\x99#\xe2\x8a\xc8')}}
2020-01-20 09:48:04,205 - DEBUG - COM3: RX: 1ac0c86a88bbfa034047a539d04a8ded330fc100012539d04a8ded
2020-01-20 09:48:04,205 - DEBUG - COM3: parsed_packet {event: ProvUnprovisionedReceived, data: {'uuid': bytearray(b'\xc8j\x88\xbb\xfa\x03@G\xa59\xd0J\x8d\xed3\x0f'), 'rssi': -63, 'gatt_supported': 0, 'adv_addr_type': 1, 'adv_addr': bytearray(b'%9\xd0J\x8d\xed')}}
2020-01-20 09:48:04,322 - DEBUG - COM3: RX: 1ac0d9cfbd4418e74240b492f8f01d1cd1acb90001b492f8f01ddc
2020-01-20 09:48:04,322 - DEBUG - COM3: parsed_packet {event: ProvUnprovisionedReceived, data: {'uuid': bytearray(b'\xd9\xcf\xbdD\x18\xe7B@\xb4\x92\xf8\xf0\x1d\x1c\xd1\xac'), 'rssi': -71, 'gatt_supported': 0, 'adv_addr_type': 1, 'adv_addr': bytearray(b'\xb4\x92\xf8\xf0\x1d\xdc')}}
2020-01-20 09:48:05,157 - DEBUG - COM3: TX: 0162
2020-01-20 09:48:05,159 - DEBUG - COM3: RX: 03846200
2020-01-20 09:48:05,159 - DEBUG - COM3: parsed_packet {event: CmdRsp, data: {'opcode': 98, 'status': 0, 'data': bytearray(b'')}}
2020-01-20 09:48:05,160 - INFO - COM3: Success
2020-01-20 09:48:19,741 - DEBUG - COM3: TX: 0161
2020-01-20 09:48:19,742 - DEBUG - COM3: RX: 03846100
2020-01-20 09:48:19,742 - DEBUG - COM3: parsed_packet {event: CmdRsp, data: {'opcode': 97, 'status': 0, 'data': bytearray(b'')}}
2020-01-20 09:48:19,742 - INFO - COM3: Success
2020-01-20 09:48:20,235 - DEBUG - COM3: RX: 1ac0c86a88bbfa034047a539d04a8ded330fc700012539d04a8ded
2020-01-20 09:48:20,235 - DEBUG - COM3: parsed_packet {event: ProvUnprovisionedReceived, data: {'uuid': bytearray(b'\xc8j\x88\xbb\xfa\x03@G\xa59\xd0J\x8d\xed3\x0f'), 'rssi': -57, 'gatt_supported': 0, 'adv_addr_type': 1, 'adv_addr': bytearray(b'%9\xd0J\x8d\xed')}}
2020-01-20 09:48:20,356 - DEBUG - COM3: RX: 1ac0d9cfbd4418e74240b492f8f01d1cd1acb70001b492f8f01ddc
2020-01-20 09:48:20,356 - DEBUG - COM3: parsed_packet {event: ProvUnprovisionedReceived, data: {'uuid': bytearray(b'\xd9\xcf\xbdD\x18\xe7B@\xb4\x92\xf8\xf0\x1d\x1c\xd1\xac'), 'rssi': -73, 'gatt_supported': 0, 'adv_addr_type': 1, 'adv_addr': bytearray(b'\xb4\x92\xf8\xf0\x1d\xdc')}}
2020-01-20 09:48:21,706 - DEBUG - COM3: RX: 1ac0d5b91bba0508344a809923e28a48b06dbd0001c09923e28ac8
2020-01-20 09:48:21,706 - DEBUG - COM3: parsed_packet {event: ProvUnprovisionedReceived, data: {'uuid': bytearray(b'\xd5\xb9\x1b\xba\x05\x084J\x80\x99#\xe2\x8aH\xb0m'), 'rssi': -67, 'gatt_supported': 0, 'adv_addr_type': 1, 'adv_addr': bytearray(b'\xc0\x99#\xe2\x8a\xc8')}}
2020-01-20 09:48:22,365 - DEBUG - COM3: RX: 1ac0d9cfbd4418e74240b492f8f01d1cd1acb60001b492f8f01ddc
2020-01-20 09:48:22,366 - DEBUG - COM3: parsed_packet {event: ProvUnprovisionedReceived, data: {'uuid': bytearray(b'\xd9\xcf\xbdD\x18\xe7B@\xb4\x92\xf8\xf0\x1d\x1c\xd1\xac'), 'rssi': -74, 'gatt_supported': 0, 'adv_addr_type': 1, 'adv_addr': bytearray(b'\xb4\x92\xf8\xf0\x1d\xdc')}}
2020-01-20 09:48:24,250 - DEBUG - COM3: RX: 1ac0c86a88bbfa034047a539d04a8ded330fbf00012539d04a8ded
2020-01-20 09:48:24,250 - DEBUG - COM3: parsed_packet {event: ProvUnprovisionedReceived, data: {'uuid': bytearray(b'\xc8j\x88\xbb\xfa\x03@G\xa59\xd0J\x8d\xed3\x0f'), 'rssi': -65, 'gatt_supported': 0, 'adv_addr_type': 1, 'adv_addr': bytearray(b'%9\xd0J\x8d\xed')}}
2020-01-20 09:48:24,366 - DEBUG - COM3: RX: 1ac0d9cfbd4418e74240b492f8f01d1cd1acc10001b492f8f01ddc
2020-01-20 09:48:24,366 - DEBUG - COM3: parsed_packet {event: ProvUnprovisionedReceived, data: {'uuid': bytearray(b'\xd9\xcf\xbdD\x18\xe7B@\xb4\x92\xf8\xf0\x1d\x1c\xd1\xac'), 'rssi': -63, 'gatt_supported': 0, 'adv_addr_type': 1, 'adv_addr': bytearray(b'\xb4\x92\xf8\xf0\x1d\xdc')}}
2020-01-20 09:48:24,741 - DEBUG - COM3: TX: 0162
2020-01-20 09:48:24,743 - DEBUG - COM3: RX: 03846200
2020-01-20 09:48:24,743 - DEBUG - COM3: parsed_packet {event: CmdRsp, data: {'opcode': 98, 'status': 0, 'data': bytearray(b'')}}
2020-01-20 09:48:24,744 - INFO - COM3: Success
2020-01-20 09:49:27,106 - DEBUG - COM3: TX: 0161
2020-01-20 09:49:27,107 - DEBUG - COM3: RX: 03846100
2020-01-20 09:49:27,107 - DEBUG - COM3: parsed_packet {event: CmdRsp, data: {'opcode': 97, 'status': 0, 'data': bytearray(b'')}}
2020-01-20 09:49:27,107 - INFO - COM3: Success
2020-01-20 09:49:27,849 - DEBUG - COM3: RX: 1ac0d5b91bba0508344a809923e28a48b06dbd0001c09923e28ac8
2020-01-20 09:49:27,850 - DEBUG - COM3: parsed_packet {event: ProvUnprovisionedReceived, data: {'uuid': bytearray(b'\xd5\xb9\x1b\xba\x05\x084J\x80\x99#\xe2\x8aH\xb0m'), 'rssi': -67, 'gatt_supported': 0, 'adv_addr_type': 1, 'adv_addr': bytearray(b'\xc0\x99#\xe2\x8a\xc8')}}
2020-01-20 09:49:28,452 - DEBUG - COM3: RX: 1ac0c86a88bbfa034047a539d04a8ded330fc300012539d04a8ded
2020-01-20 09:49:28,453 - DEBUG - COM3: parsed_packet {event: ProvUnprovisionedReceived, data: {'uuid': bytearray(b'\xc8j\x88\xbb\xfa\x03@G\xa59\xd0J\x8d\xed3\x0f'), 'rssi': -61, 'gatt_supported': 0, 'adv_addr_type': 1, 'adv_addr': bytearray(b'%9\xd0J\x8d\xed')}}
2020-01-20 09:49:28,500 - DEBUG - COM3: RX: 1ac0d9cfbd4418e74240b492f8f01d1cd1acc00001b492f8f01ddc
2020-01-20 09:49:28,500 - DEBUG - COM3: parsed_packet {event: ProvUnprovisionedReceived, data: {'uuid': bytearray(b'\xd9\xcf\xbdD\x18\xe7B@\xb4\x92\xf8\xf0\x1d\x1c\xd1\xac'), 'rssi': -64, 'gatt_supported': 0, 'adv_addr_type': 1, 'adv_addr': bytearray(b'\xb4\x92\xf8\xf0\x1d\xdc')}}
2020-01-20 09:49:29,853 - DEBUG - COM3: RX: 1ac0d5b91bba0508344a809923e28a48b06dbc0001c09923e28ac8
2020-01-20 09:49:29,854 - DEBUG - COM3: parsed_packet {event: ProvUnprovisionedReceived, data: {'uuid': bytearray(b'\xd5\xb9\x1b\xba\x05\x084J\x80\x99#\xe2\x8aH\xb0m'), 'rssi': -68, 'gatt_supported': 0, 'adv_addr_type': 1, 'adv_addr': bytearray(b'\xc0\x99#\xe2\x8a\xc8')}}
2020-01-20 09:49:30,454 - DEBUG - COM3: RX: 1ac0c86a88bbfa034047a539d04a8ded330fb400012539d04a8ded
2020-01-20 09:49:30,454 - DEBUG - COM3: parsed_packet {event: ProvUnprovisionedReceived, data: {'uuid': bytearray(b'\xc8j\x88\xbb\xfa\x03@G\xa59\xd0J\x8d\xed3\x0f'), 'rssi': -76, 'gatt_supported': 0, 'adv_addr_type': 1, 'adv_addr': bytearray(b'%9\xd0J\x8d\xed')}}
2020-01-20 09:49:30,500 - DEBUG - COM3: RX: 1ac0d9cfbd4418e74240b492f8f01d1cd1acb00001b492f8f01ddc
2020-01-20 09:49:30,500 - DEBUG - COM3: parsed_packet {event: ProvUnprovisionedReceived, data: {'uuid': bytearray(b'\xd9\xcf\xbdD\x18\xe7B@\xb4\x92\xf8\xf0\x1d\x1c\xd1\xac'), 'rssi': -80, 'gatt_supported': 0, 'adv_addr_type': 1, 'adv_addr': bytearray(b'\xb4\x92\xf8\xf0\x1d\xdc')}}
2020-01-20 09:49:31,861 - DEBUG - COM3: RX: 1ac0d5b91bba0508344a809923e28a48b06dc50001c09923e28ac8
2020-01-20 09:49:31,861 - DEBUG - COM3: parsed_packet {event: ProvUnprovisionedReceived, data: {'uuid': bytearray(b'\xd5\xb9\x1b\xba\x05\x084J\x80\x99#\xe2\x8aH\xb0m'), 'rssi': -59, 'gatt_supported': 0, 'adv_addr_type': 1, 'adv_addr': bytearray(b'\xc0\x99#\xe2\x8a\xc8')}}
2020-01-20 09:49:32,107 - DEBUG - COM3: TX: 0162
2020-01-20 09:49:32,109 - DEBUG - COM3: RX: 03846200
2020-01-20 09:49:32,109 - DEBUG - COM3: parsed_packet {event: CmdRsp, data: {'opcode': 98, 'status': 0, 'data': bytearray(b'')}}
2020-01-20 09:49:32,109 - INFO - COM3: Success
2020-01-20 09:52:01,146 - DEBUG - COM3: RX: 00
2020-01-20 09:52:01,147 - ERROR - COM3: Invalid packet: bytearray(b'\x00')
2020-01-20 09:52:01,562 - DEBUG - COM3: RX: 04810200fe
2020-01-20 09:52:01,562 - DEBUG - COM3: parsed_packet {event: DeviceStarted, data: {'operating_mode': 2, 'hw_error': 0, 'data_credit_available': 254}}
2020-01-20 09:52:01,563 - INFO - COM3: Device rebooted.
