2020-01-20 14:15:27,445 - DEBUG - COM3: TX: 6169e01b43dbdfcb53f37b369e8f43279b7de9871782f5aab36a0841ae3f235151dd9ed4c524e9188d0e842c9ec81844e3761551edb3b96368154c3e038f69defff7fce51787fe0ff7e0ac94cc1823de1fabaa38fb044250043fcaed9c3be118e35b
2020-01-20 14:15:27,456 - DEBUG - COM3: RX: 03846900
2020-01-20 14:15:27,456 - DEBUG - COM3: parsed_packet {event: CmdRsp, data: {'opcode': 105, 'status': 0, 'data': bytearray(b'')}}
2020-01-20 14:15:27,456 - DEBUG - COM3: TX: 059f01000100
2020-01-20 14:15:27,456 - INFO - COM3: Success
2020-01-20 14:15:27,458 - DEBUG - COM3: RX: 03849f8e
2020-01-20 14:15:27,468 - DEBUG - COM3: parsed_packet {event: CmdRsp, data: {'opcode': 159, 'status': 142, 'data': bytearray(b'')}}
2020-01-20 14:15:27,468 - DEBUG - COM3: TX: 1392000018eed9c2a56add85049ffc3c59ad0e12
2020-01-20 14:15:27,468 - ERROR - COM3: None: ERROR_REJECTED
2020-01-20 14:15:27,472 - DEBUG - COM3: RX: 03849281
2020-01-20 14:15:27,472 - DEBUG - COM3: parsed_packet {event: CmdRsp, data: {'opcode': 146, 'status': 129, 'data': bytearray(b'')}}
2020-01-20 14:15:27,472 - DEBUG - COM3: TX: 1597000000004f68ad85d9f48ac8589df665b6b49b8a
2020-01-20 14:15:27,472 - ERROR - COM3: SubnetAdd: ERROR_INTERNAL
2020-01-20 14:15:27,476 - DEBUG - COM3: RX: 03849781
2020-01-20 14:15:27,476 - DEBUG - COM3: parsed_packet {event: CmdRsp, data: {'opcode': 151, 'status': 129, 'data': bytearray(b'')}}
2020-01-20 14:15:27,476 - DEBUG - COM3: TX: 1597010000002aa2a6ded5a0798ceab5787ca3ae39fc
2020-01-20 14:15:27,476 - ERROR - COM3: AppkeyAdd: ERROR_INTERNAL
2020-01-20 14:15:27,480 - DEBUG - COM3: RX: 03849781
2020-01-20 14:15:27,480 - DEBUG - COM3: parsed_packet {event: CmdRsp, data: {'opcode': 151, 'status': 129, 'data': bytearray(b'')}}
2020-01-20 14:15:27,480 - ERROR - COM3: AppkeyAdd: ERROR_INTERNAL
