2020-01-20 16:12:29,995 - DEBUG - COM3: TX: 6169e1b39d5ef9c22b9bd57aa7be0f72ea9e08f799fe941ed38e6f9433c828b00946f5f8f79977aee72f67be961d32e9b323126a9d6d165f6dc9f527addd5a686d5d8e97845239bc28512994f96fea08d6380166d432b04864b8bfc8a30f46214245
2020-01-20 16:12:30,006 - DEBUG - COM3: RX: 03846900
2020-01-20 16:12:30,007 - DEBUG - COM3: parsed_packet {event: CmdRsp, data: {'opcode': 105, 'status': 0, 'data': bytearray(b'')}}
2020-01-20 16:12:30,007 - DEBUG - COM3: TX: 059f01000100
2020-01-20 16:12:30,007 - INFO - COM3: Success
2020-01-20 16:12:30,010 - DEBUG - COM3: RX: 03849f8e
2020-01-20 16:12:30,019 - DEBUG - COM3: parsed_packet {event: CmdRsp, data: {'opcode': 159, 'status': 142, 'data': bytearray(b'')}}
2020-01-20 16:12:30,019 - DEBUG - COM3: TX: 1392000018eed9c2a56add85049ffc3c59ad0e12
2020-01-20 16:12:30,019 - ERROR - COM3: None: ERROR_REJECTED
2020-01-20 16:12:30,022 - DEBUG - COM3: RX: 03849281
2020-01-20 16:12:30,023 - DEBUG - COM3: parsed_packet {event: CmdRsp, data: {'opcode': 146, 'status': 129, 'data': bytearray(b'')}}
2020-01-20 16:12:30,023 - DEBUG - COM3: TX: 1597000000004f68ad85d9f48ac8589df665b6b49b8a
2020-01-20 16:12:30,023 - ERROR - COM3: SubnetAdd: ERROR_INTERNAL
2020-01-20 16:12:30,026 - DEBUG - COM3: RX: 03849781
2020-01-20 16:12:30,027 - DEBUG - COM3: parsed_packet {event: CmdRsp, data: {'opcode': 151, 'status': 129, 'data': bytearray(b'')}}
2020-01-20 16:12:30,027 - DEBUG - COM3: TX: 1597010000002aa2a6ded5a0798ceab5787ca3ae39fc
2020-01-20 16:12:30,027 - ERROR - COM3: AppkeyAdd: ERROR_INTERNAL
2020-01-20 16:12:30,031 - DEBUG - COM3: RX: 03849781
2020-01-20 16:12:30,032 - DEBUG - COM3: parsed_packet {event: CmdRsp, data: {'opcode': 151, 'status': 129, 'data': bytearray(b'')}}
2020-01-20 16:12:30,032 - ERROR - COM3: AppkeyAdd: ERROR_INTERNAL
2020-01-20 16:12:35,050 - DEBUG - COM3.ConfigurationClient: Sending opcode: 8008, data: 00
2020-01-20 16:12:35,051 - DEBUG - COM3: TX: 0eab08000100000008000000800800
2020-01-20 16:12:35,054 - DEBUG - COM3: RX: 0784ab0021000000
2020-01-20 16:12:35,054 - DEBUG - COM3: parsed_packet {event: CmdRsp, data: {'opcode': 171, 'status': 0, 'data': bytearray(b'!\x00\x00\x00')}}
2020-01-20 16:12:35,054 - INFO - COM3: PacketSend: {'token': 33}
2020-01-20 16:12:35,068 - DEBUG - COM3: RX: 05d221000000
2020-01-20 16:12:35,068 - DEBUG - COM3: parsed_packet {event: MeshTxComplete, data: {'token': 33}}
2020-01-20 16:12:35,069 - INFO - COM3: {event: MeshTxComplete, data: {'token': 33}}
2020-01-20 16:12:35,124 - DEBUG - COM3: RX: 30d03b000100080000000401c09923e28ac8c21c00020059000000000028000f0000000300000002000210000001000010
2020-01-20 16:12:35,124 - DEBUG - COM3: parsed_packet {event: MeshMessageReceivedUnicast, data: {'src': 59, 'dst': 1, 'appkey_handle': 8, 'subnet_handle': 0, 'ttl': 4, 'adv_addr_type': 1, 'adv_addr': bytearray(b'\xc0\x99#\xe2\x8a\xc8'), 'rssi': -62, 'actual_length': 28, 'data': bytearray(b'\x02\x00Y\x00\x00\x00\x00\x00(\x00\x0f\x00\x00\x00\x03\x00\x00\x00\x02\x00\x02\x10\x00\x00\x01\x00\x00\x10')}}
2020-01-20 16:12:35,134 - INFO - COM3.ConfigurationClient: Received composition data (page 0x00): {
  "cid": "0059",
  "pid": "0000",
  "vid": "0000",
  "crpl": 40,
  "features": {
    "relay": 0,
    "proxy": 0,
    "friend": 0,
    "low_power": 0
  },
  "elements": [
    {
      "index": 0,
      "location": "0000",
      "models": [
        {
          "modelId": "0000"
        },
        {
          "modelId": "0002"
        },
        {
          "modelId": "1002"
        }
      ]
    },
    {
      "index": 1,
      "location": "0000",
      "models": [
        {
          "modelId": "1000"
        }
      ]
    }
  ]
}
2020-01-20 16:12:35,135 - DEBUG - COM3: Message Opcode bytearray(b'\x02'), Data bytearray(b'\x00Y\x00\x00\x00\x00\x00(\x00\x0f\x00\x00\x00\x03\x00\x00\x00\x02\x00\x02\x10\x00\x00\x01\x00\x00\x10') unknown for model <mesh.access.Access object at 0x000001FC216D0640>.
2020-01-20 16:12:35,135 - DEBUG - COM3: Message Opcode bytearray(b'\x02'), Data bytearray(b'\x00Y\x00\x00\x00\x00\x00(\x00\x0f\x00\x00\x00\x03\x00\x00\x00\x02\x00\x02\x10\x00\x00\x01\x00\x00\x10') unknown for model <mesh.access.Access object at 0x000001FC216D0640>.
2020-01-20 16:12:37,051 - DEBUG - COM3.ConfigurationClient: Sending opcode: 00, data: 0000004f68ad85d9f48ac8589df665b6b49b8a
2020-01-20 16:12:37,051 - DEBUG - COM3: TX: 1fab08000100000008000000000000004f68ad85d9f48ac8589df665b6b49b8a
2020-01-20 16:12:37,056 - DEBUG - COM3: RX: 0784ab0022000000
2020-01-20 16:12:37,056 - DEBUG - COM3: parsed_packet {event: CmdRsp, data: {'opcode': 171, 'status': 0, 'data': bytearray(b'"\x00\x00\x00')}}
2020-01-20 16:12:37,056 - INFO - COM3: PacketSend: {'token': 34}
2020-01-20 16:12:37,101 - DEBUG - COM3: RX: 05d222000000
2020-01-20 16:12:37,101 - DEBUG - COM3: parsed_packet {event: MeshTxComplete, data: {'token': 34}}
2020-01-20 16:12:37,101 - INFO - COM3: {event: MeshTxComplete, data: {'token': 34}}
2020-01-20 16:12:37,131 - DEBUG - COM3: RX: 1ad03b000100080000000401c09923e28ac8c30600800300000000
2020-01-20 16:12:37,131 - DEBUG - COM3: parsed_packet {event: MeshMessageReceivedUnicast, data: {'src': 59, 'dst': 1, 'appkey_handle': 8, 'subnet_handle': 0, 'ttl': 4, 'adv_addr_type': 1, 'adv_addr': bytearray(b'\xc0\x99#\xe2\x8a\xc8'), 'rssi': -61, 'actual_length': 6, 'data': bytearray(b'\x80\x03\x00\x00\x00\x00')}}
2020-01-20 16:12:37,131 - INFO - COM3.ConfigurationClient: Appkey status: AccessStatus.SUCCESS
2020-01-20 16:12:37,141 - INFO - COM3.ConfigurationClient: Appkey add 0 succeded for subnet 0 at node 003b
2020-01-20 16:12:37,141 - DEBUG - COM3: Message Opcode bytearray(b'\x80\x03'), Data bytearray(b'\x00\x00\x00\x00') unknown for model <mesh.access.Access object at 0x000001FC216D0640>.
2020-01-20 16:12:37,142 - DEBUG - COM3: Message Opcode bytearray(b'\x80\x03'), Data bytearray(b'\x00\x00\x00\x00') unknown for model <mesh.access.Access object at 0x000001FC216D0640>.
2020-01-20 16:12:38,061 - DEBUG - COM3.ConfigurationClient: Sending opcode: 803d, data: 3c0000000010
2020-01-20 16:12:38,061 - DEBUG - COM3: TX: 13ab08000100000008000000803d3c0000000010
2020-01-20 16:12:38,061 - DEBUG - COM3: RX: 0784ab0023000000
2020-01-20 16:12:38,061 - DEBUG - COM3: parsed_packet {event: CmdRsp, data: {'opcode': 171, 'status': 0, 'data': bytearray(b'#\x00\x00\x00')}}
2020-01-20 16:12:38,061 - INFO - COM3: PacketSend: {'token': 35}
2020-01-20 16:12:38,061 - DEBUG - COM3: RX: 05d223000000
2020-01-20 16:12:38,061 - DEBUG - COM3: parsed_packet {event: MeshTxComplete, data: {'token': 35}}
2020-01-20 16:12:38,061 - INFO - COM3: {event: MeshTxComplete, data: {'token': 35}}
2020-01-20 16:12:38,076 - DEBUG - COM3: RX: 1dd03b000100080000000401c09923e28ac8c40900803e003c0000000010
2020-01-20 16:12:38,076 - DEBUG - COM3: parsed_packet {event: MeshMessageReceivedUnicast, data: {'src': 59, 'dst': 1, 'appkey_handle': 8, 'subnet_handle': 0, 'ttl': 4, 'adv_addr_type': 1, 'adv_addr': bytearray(b'\xc0\x99#\xe2\x8a\xc8'), 'rssi': -60, 'actual_length': 9, 'data': bytearray(b'\x80>\x00<\x00\x00\x00\x00\x10')}}
2020-01-20 16:12:38,076 - INFO - COM3.ConfigurationClient: Model app bind status: AccessStatus.SUCCESS
2020-01-20 16:12:38,092 - INFO - COM3.ConfigurationClient: Appkey bind 0 to model 1000 at 003c
2020-01-20 16:12:38,092 - DEBUG - COM3: Message Opcode bytearray(b'\x80>'), Data bytearray(b'\x00<\x00\x00\x00\x00\x10') unknown for model <mesh.access.Access object at 0x000001FC216D0640>.
2020-01-20 16:12:38,092 - DEBUG - COM3: Message Opcode bytearray(b'\x80>'), Data bytearray(b'\x00<\x00\x00\x00\x00\x10') unknown for model <mesh.access.Access object at 0x000001FC216D0640>.
2020-01-20 16:12:39,070 - DEBUG - COM3.GenericOnOffClient: Sending opcode: 8202, data: 0100
2020-01-20 16:12:39,070 - DEBUG - COM3: TX: 0fab0000010000000800000082020100
2020-01-20 16:12:39,070 - DEBUG - COM3: RX: 0784ab0024000000
2020-01-20 16:12:39,070 - DEBUG - COM3: parsed_packet {event: CmdRsp, data: {'opcode': 171, 'status': 0, 'data': bytearray(b'$\x00\x00\x00')}}
2020-01-20 16:12:39,070 - INFO - COM3: PacketSend: {'token': 36}
2020-01-20 16:12:39,086 - DEBUG - COM3: RX: 05d224000000
2020-01-20 16:12:39,086 - DEBUG - COM3: parsed_packet {event: MeshTxComplete, data: {'token': 36}}
2020-01-20 16:12:39,086 - INFO - COM3: {event: MeshTxComplete, data: {'token': 36}}
