2019-11-29 10:17:12,238 - DEBUG - COM3: TX: 61695ac07b8c5f788a4c50d83cf1d647b7f865a2dbc61331752ae868e71c6758a1200629446ea3d121de968ac6ce3dceef80b56e5df6efcbe854609a11f502485ed095f58cd0677c52d81091eee0989e539901ccbb41399a0d05c7fcb2e007ecec9c
2019-11-29 10:17:12,250 - DEBUG - COM3: RX: 03846900
2019-11-29 10:17:12,250 - DEBUG - COM3: parsed_packet {event: CmdRsp, data: {'opcode': 105, 'status': 0, 'data': bytearray(b'')}}
2019-11-29 10:17:12,251 - DEBUG - COM3: TX: 059f01000100
2019-11-29 10:17:12,251 - INFO - COM3: Success
2019-11-29 10:17:12,253 - DEBUG - COM3: RX: 03849f8e
2019-11-29 10:17:12,257 - DEBUG - COM3: parsed_packet {event: CmdRsp, data: {'opcode': 159, 'status': 142, 'data': bytearray(b'')}}
2019-11-29 10:17:12,257 - DEBUG - COM3: TX: 1392000018eed9c2a56add85049ffc3c59ad0e12
2019-11-29 10:17:12,257 - ERROR - COM3: None: ERROR_REJECTED
2019-11-29 10:17:12,260 - DEBUG - COM3: RX: 03849281
2019-11-29 10:17:12,260 - DEBUG - COM3: parsed_packet {event: CmdRsp, data: {'opcode': 146, 'status': 129, 'data': bytearray(b'')}}
2019-11-29 10:17:12,260 - DEBUG - COM3: TX: 1597000000004f68ad85d9f48ac8589df665b6b49b8a
2019-11-29 10:17:12,260 - ERROR - COM3: SubnetAdd: ERROR_INTERNAL
2019-11-29 10:17:12,265 - DEBUG - COM3: RX: 03849781
2019-11-29 10:17:12,265 - DEBUG - COM3: parsed_packet {event: CmdRsp, data: {'opcode': 151, 'status': 129, 'data': bytearray(b'')}}
2019-11-29 10:17:12,265 - DEBUG - COM3: TX: 1597010000002aa2a6ded5a0798ceab5787ca3ae39fc
2019-11-29 10:17:12,265 - ERROR - COM3: AppkeyAdd: ERROR_INTERNAL
2019-11-29 10:17:12,269 - DEBUG - COM3: RX: 03849781
2019-11-29 10:17:12,269 - DEBUG - COM3: parsed_packet {event: CmdRsp, data: {'opcode': 151, 'status': 129, 'data': bytearray(b'')}}
2019-11-29 10:17:12,269 - ERROR - COM3: AppkeyAdd: ERROR_INTERNAL
2019-11-29 10:17:16,779 - DEBUG - COM3: exited read event
2019-11-29 10:17:27,948 - DEBUG - COM3: TX: 616913c12434cab6a344aae7d120140ab8f22f78a041821f58c391afac37faff3fa39e2a386c0fa0e0d522a05fd061af697dd459f0aa07da8b8d9afc9aaca300e8a69b94266505642983010d75a20d39940daeff52594c83eb0789434e9a7c5354d8
2019-11-29 10:17:27,959 - DEBUG - COM3: RX: 03846900
2019-11-29 10:17:27,960 - DEBUG - COM3: parsed_packet {event: CmdRsp, data: {'opcode': 105, 'status': 0, 'data': bytearray(b'')}}
2019-11-29 10:17:27,960 - DEBUG - COM3: TX: 059f01000100
2019-11-29 10:17:27,960 - INFO - COM3: Success
2019-11-29 10:17:27,962 - DEBUG - COM3: RX: 03849f00
2019-11-29 10:17:27,962 - DEBUG - COM3: parsed_packet {event: CmdRsp, data: {'opcode': 159, 'status': 0, 'data': bytearray(b'')}}
2019-11-29 10:17:27,962 - DEBUG - COM3: TX: 1392000018eed9c2a56add85049ffc3c59ad0e12
2019-11-29 10:17:27,962 - INFO - COM3: Success
2019-11-29 10:17:27,967 - DEBUG - COM3: RX: 058492000000
2019-11-29 10:17:27,967 - DEBUG - COM3: parsed_packet {event: CmdRsp, data: {'opcode': 146, 'status': 0, 'data': bytearray(b'\x00\x00')}}
2019-11-29 10:17:27,967 - DEBUG - COM3: TX: 1597000000004f68ad85d9f48ac8589df665b6b49b8a
2019-11-29 10:17:27,967 - INFO - COM3: SubnetAdd: {'subnet_handle': 0}
2019-11-29 10:17:27,970 - DEBUG - COM3: RX: 058497000000
2019-11-29 10:17:27,970 - DEBUG - COM3: parsed_packet {event: CmdRsp, data: {'opcode': 151, 'status': 0, 'data': bytearray(b'\x00\x00')}}
2019-11-29 10:17:27,971 - DEBUG - COM3: TX: 1597010000002aa2a6ded5a0798ceab5787ca3ae39fc
2019-11-29 10:17:27,970 - INFO - COM3: AppkeyAdd: {'appkey_handle': 0}
2019-11-29 10:17:27,975 - DEBUG - COM3: RX: 058497000100
2019-11-29 10:17:27,975 - DEBUG - COM3: parsed_packet {event: CmdRsp, data: {'opcode': 151, 'status': 0, 'data': bytearray(b'\x01\x00')}}
2019-11-29 10:17:27,975 - INFO - COM3: AppkeyAdd: {'appkey_handle': 1}
2019-11-29 10:17:39,878 - DEBUG - COM3: TX: 159c10000000c8789d5965ef5e10d3164fd1b70ba326
2019-11-29 10:17:39,882 - DEBUG - COM3: RX: 05849c000800
2019-11-29 10:17:39,882 - DEBUG - COM3: parsed_packet {event: CmdRsp, data: {'opcode': 156, 'status': 0, 'data': bytearray(b'\x08\x00')}}
2019-11-29 10:17:39,883 - DEBUG - COM3: TX: 03a41000
2019-11-29 10:17:39,882 - INFO - COM3: DevkeyAdd: {'devkey_handle': 8}
2019-11-29 10:17:39,905 - DEBUG - COM3: RX: 0584a4000000
2019-11-29 10:17:39,905 - DEBUG - COM3: parsed_packet {event: CmdRsp, data: {'opcode': 164, 'status': 0, 'data': bytearray(b'\x00\x00')}}
2019-11-29 10:17:39,906 - INFO - COM3: AddrPublicationAdd: {'address_handle': 0}
2019-11-29 10:17:49,971 - DEBUG - COM3.ConfigurationClient: Sending opcode: 8008, data: 00
2019-11-29 10:17:49,971 - DEBUG - COM3: TX: 0eab08000100000008000000800800
2019-11-29 10:17:49,976 - DEBUG - COM3: RX: 0784ab0001000000
2019-11-29 10:17:49,976 - DEBUG - COM3: parsed_packet {event: CmdRsp, data: {'opcode': 171, 'status': 0, 'data': bytearray(b'\x01\x00\x00\x00')}}
2019-11-29 10:17:49,976 - INFO - COM3: PacketSend: {'token': 1}
2019-11-29 10:17:49,984 - DEBUG - COM3: RX: 05d201000000
2019-11-29 10:17:49,984 - DEBUG - COM3: parsed_packet {event: MeshTxComplete, data: {'token': 1}}
2019-11-29 10:17:49,984 - INFO - COM3: {event: MeshTxComplete, data: {'token': 1}}
2019-11-29 10:17:50,061 - DEBUG - COM3: RX: 2ad010000100080000000401e79830d96ff9c2160002005900000000002800070000000300000002000010
2019-11-29 10:17:50,061 - DEBUG - COM3: parsed_packet {event: MeshMessageReceivedUnicast, data: {'src': 16, 'dst': 1, 'appkey_handle': 8, 'subnet_handle': 0, 'ttl': 4, 'adv_addr_type': 1, 'adv_addr': bytearray(b'\xe7\x980\xd9o\xf9'), 'rssi': -62, 'actual_length': 22, 'data': bytearray(b'\x02\x00Y\x00\x00\x00\x00\x00(\x00\x07\x00\x00\x00\x03\x00\x00\x00\x02\x00\x00\x10')}}
2019-11-29 10:17:50,066 - INFO - COM3.ConfigurationClient: Received composition data (page 0x00): {
  "cid": "0059",
  "pid": "0000",
  "vid": "0000",
  "crpl": 40,
  "features": {
    "relay": 0,
    "proxy": 0,
    "friend": 0,
    "low_power": 2
  },
  "elements": [
    {
      "index": 0,
      "location": "0000",
      "models": [
        {
          "modelId": "0000"
        },
        {
          "modelId": "0002"
        },
        {
          "modelId": "1000"
        }
      ]
    }
  ]
}
2019-11-29 10:21:15,731 - DEBUG - COM3.ConfigurationClient: Sending opcode: 800f, data: 
2019-11-29 10:21:15,732 - DEBUG - COM3: TX: 0dab08000100000008000000800f
2019-11-29 10:21:15,736 - DEBUG - COM3: RX: 0784ab0002000000
2019-11-29 10:21:15,736 - DEBUG - COM3: parsed_packet {event: CmdRsp, data: {'opcode': 171, 'status': 0, 'data': bytearray(b'\x02\x00\x00\x00')}}
2019-11-29 10:21:15,736 - INFO - COM3: PacketSend: {'token': 2}
2019-11-29 10:21:15,743 - DEBUG - COM3: RX: 05d202000000
2019-11-29 10:21:15,743 - DEBUG - COM3: parsed_packet {event: MeshTxComplete, data: {'token': 2}}
2019-11-29 10:21:15,743 - INFO - COM3: {event: MeshTxComplete, data: {'token': 2}}
2019-11-29 10:21:15,747 - DEBUG - COM3: RX: 17d010000100080000000401e79830d96ff9b60300801101
2019-11-29 10:21:15,747 - DEBUG - COM3: parsed_packet {event: MeshMessageReceivedUnicast, data: {'src': 16, 'dst': 1, 'appkey_handle': 8, 'subnet_handle': 0, 'ttl': 4, 'adv_addr_type': 1, 'adv_addr': bytearray(b'\xe7\x980\xd9o\xf9'), 'rssi': -74, 'actual_length': 3, 'data': bytearray(b'\x80\x11\x01')}}
2019-11-29 10:21:15,749 - INFO - COM3.ConfigurationClient: Friend state: 1
2019-11-29 11:06:01,975 - DEBUG - COM3.ConfigurationClient: Sending opcode: 800f, data: 
2019-11-29 11:06:01,975 - DEBUG - COM3: TX: 0dab08000100000008000000800f
2019-11-29 11:06:01,980 - DEBUG - COM3: RX: 0784ab0003000000
2019-11-29 11:06:01,980 - DEBUG - COM3: parsed_packet {event: CmdRsp, data: {'opcode': 171, 'status': 0, 'data': bytearray(b'\x03\x00\x00\x00')}}
2019-11-29 11:06:01,981 - INFO - COM3: PacketSend: {'token': 3}
2019-11-29 11:06:01,988 - DEBUG - COM3: RX: 05d203000000
2019-11-29 11:06:01,988 - DEBUG - COM3: parsed_packet {event: MeshTxComplete, data: {'token': 3}}
2019-11-29 11:06:01,988 - INFO - COM3: {event: MeshTxComplete, data: {'token': 3}}
