2020-01-20 17:26:41,318 - DEBUG - COM3: TX: 6169118f1789f7d5f7b59643469704278fc5752280d22a3db57ece9bcc817f31f0a85e205a3c1e15f1aa2f1f44720ad6c3679db1255f00495936b3ea05e2bb5c9077b0fe70a3a19a49cdeac51277341ca4dfca2406e601282571718009d5c0b2e0a4
2020-01-20 17:26:41,329 - DEBUG - COM3: RX: 03846900
2020-01-20 17:26:41,329 - DEBUG - COM3: parsed_packet {event: CmdRsp, data: {'opcode': 105, 'status': 0, 'data': bytearray(b'')}}
2020-01-20 17:26:41,330 - DEBUG - COM3: TX: 059f01000100
2020-01-20 17:26:41,329 - INFO - COM3: Success
2020-01-20 17:26:41,332 - DEBUG - COM3: RX: 03849f00
2020-01-20 17:26:41,341 - DEBUG - COM3: parsed_packet {event: CmdRsp, data: {'opcode': 159, 'status': 0, 'data': bytearray(b'')}}
2020-01-20 17:26:41,341 - DEBUG - COM3: TX: 1392000018eed9c2a56add85049ffc3c59ad0e12
2020-01-20 17:26:41,341 - INFO - COM3: Success
2020-01-20 17:26:41,346 - DEBUG - COM3: RX: 058492000000
2020-01-20 17:26:41,346 - DEBUG - COM3: parsed_packet {event: CmdRsp, data: {'opcode': 146, 'status': 0, 'data': bytearray(b'\x00\x00')}}
2020-01-20 17:26:41,346 - DEBUG - COM3: TX: 1597000000004f68ad85d9f48ac8589df665b6b49b8a
2020-01-20 17:26:41,346 - INFO - COM3: SubnetAdd: {'subnet_handle': 0}
2020-01-20 17:26:41,349 - DEBUG - COM3: RX: 058497000000
2020-01-20 17:26:41,350 - DEBUG - COM3: parsed_packet {event: CmdRsp, data: {'opcode': 151, 'status': 0, 'data': bytearray(b'\x00\x00')}}
2020-01-20 17:26:41,350 - DEBUG - COM3: TX: 1597010000002aa2a6ded5a0798ceab5787ca3ae39fc
2020-01-20 17:26:41,350 - INFO - COM3: AppkeyAdd: {'appkey_handle': 0}
2020-01-20 17:26:41,353 - DEBUG - COM3: RX: 058497000100
2020-01-20 17:26:41,354 - DEBUG - COM3: parsed_packet {event: CmdRsp, data: {'opcode': 151, 'status': 0, 'data': bytearray(b'\x01\x00')}}
2020-01-20 17:26:41,354 - INFO - COM3: AppkeyAdd: {'appkey_handle': 1}
2020-01-20 17:26:46,079 - DEBUG - COM3: TX: 0161
2020-01-20 17:26:46,080 - DEBUG - COM3: RX: 03846100
2020-01-20 17:26:46,081 - DEBUG - COM3: parsed_packet {event: CmdRsp, data: {'opcode': 97, 'status': 0, 'data': bytearray(b'')}}
2020-01-20 17:26:46,081 - INFO - COM3: Success
2020-01-20 17:26:46,332 - DEBUG - COM3: RX: 1ac0d5b91bba0508344a809923e28a48b06dc40001c09923e28ac8
2020-01-20 17:26:46,332 - DEBUG - COM3: parsed_packet {event: ProvUnprovisionedReceived, data: {'uuid': bytearray(b'\xd5\xb9\x1b\xba\x05\x084J\x80\x99#\xe2\x8aH\xb0m'), 'rssi': -60, 'gatt_supported': 0, 'adv_addr_type': 1, 'adv_addr': bytearray(b'\xc0\x99#\xe2\x8a\xc8')}}
2020-01-20 17:26:46,332 - INFO - COM3: Received UUID d5b91bba0508344a809923e28a48b06d with RSSI: -60 dB
2020-01-20 17:26:47,480 - DEBUG - COM3: RX: 1ac0c86a88bbfa034047a539d04a8ded330fbf00012539d04a8ded
2020-01-20 17:26:47,480 - DEBUG - COM3: parsed_packet {event: ProvUnprovisionedReceived, data: {'uuid': bytearray(b'\xc8j\x88\xbb\xfa\x03@G\xa59\xd0J\x8d\xed3\x0f'), 'rssi': -65, 'gatt_supported': 0, 'adv_addr_type': 1, 'adv_addr': bytearray(b'%9\xd0J\x8d\xed')}}
2020-01-20 17:26:47,480 - INFO - COM3: Received UUID c86a88bbfa034047a539d04a8ded330f with RSSI: -65 dB
2020-01-20 17:26:48,326 - DEBUG - COM3: RX: 1ac0d5b91bba0508344a809923e28a48b06dbc0001c09923e28ac8
2020-01-20 17:26:48,326 - DEBUG - COM3: parsed_packet {event: ProvUnprovisionedReceived, data: {'uuid': bytearray(b'\xd5\xb9\x1b\xba\x05\x084J\x80\x99#\xe2\x8aH\xb0m'), 'rssi': -68, 'gatt_supported': 0, 'adv_addr_type': 1, 'adv_addr': bytearray(b'\xc0\x99#\xe2\x8a\xc8')}}
2020-01-20 17:26:49,493 - DEBUG - COM3: RX: 1ac0c86a88bbfa034047a539d04a8ded330fba00012539d04a8ded
2020-01-20 17:26:49,493 - DEBUG - COM3: parsed_packet {event: ProvUnprovisionedReceived, data: {'uuid': bytearray(b'\xc8j\x88\xbb\xfa\x03@G\xa59\xd0J\x8d\xed3\x0f'), 'rssi': -70, 'gatt_supported': 0, 'adv_addr_type': 1, 'adv_addr': bytearray(b'%9\xd0J\x8d\xed')}}
2020-01-20 17:26:50,340 - DEBUG - COM3: RX: 1ac0d5b91bba0508344a809923e28a48b06dc70001c09923e28ac8
2020-01-20 17:26:50,340 - DEBUG - COM3: parsed_packet {event: ProvUnprovisionedReceived, data: {'uuid': bytearray(b'\xd5\xb9\x1b\xba\x05\x084J\x80\x99#\xe2\x8aH\xb0m'), 'rssi': -57, 'gatt_supported': 0, 'adv_addr_type': 1, 'adv_addr': bytearray(b'\xc0\x99#\xe2\x8a\xc8')}}
2020-01-20 17:26:51,080 - DEBUG - COM3: TX: 0162
2020-01-20 17:26:51,082 - DEBUG - COM3: RX: 03846200
2020-01-20 17:26:51,082 - DEBUG - COM3: parsed_packet {event: CmdRsp, data: {'opcode': 98, 'status': 0, 'data': bytearray(b'')}}
2020-01-20 17:26:51,082 - INFO - COM3: Success
2020-01-20 17:27:02,626 - DEBUG - COM3: TX: 2d6300c86a88bbfa034047a539d04a8ded330f18eed9c2a56add85049ffc3c59ad0e120000000000004100000000
2020-01-20 17:27:02,626 - DEBUG - COM3: RX: 0484630000
2020-01-20 17:27:02,626 - DEBUG - COM3: parsed_packet {event: CmdRsp, data: {'opcode': 99, 'status': 0, 'data': bytearray(b'\x00')}}
2020-01-20 17:27:02,626 - INFO - COM3: Provision: {'context': 0}
2020-01-20 17:27:02,658 - DEBUG - COM3: RX: 02c100
2020-01-20 17:27:02,658 - DEBUG - COM3: parsed_packet {event: ProvLinkEstablished, data: {'context_id': 0}}
2020-01-20 17:27:02,658 - INFO - COM3: Link established
2020-01-20 17:27:02,724 - DEBUG - COM3: RX: 0bc300050001000000000000
2020-01-20 17:27:02,724 - DEBUG - COM3: parsed_packet {event: ProvCapsReceived, data: {'context_id': 0, 'num_elements': 5, 'public_key_type': 0, 'static_oob_types': 1, 'output_oob_size': 0, 'output_oob_actions': 0, 'input_oob_size': 0, 'input_oob_actions': 0}}
2020-01-20 17:27:02,724 - INFO - COM3: Received capabilities
2020-01-20 17:27:02,725 - INFO - COM3: Number of elements: 5
2020-01-20 17:27:02,725 - DEBUG - COM3: TX: 056600000000
2020-01-20 17:27:02,728 - DEBUG - COM3: RX: 0484660000
2020-01-20 17:27:02,728 - DEBUG - COM3: parsed_packet {event: CmdRsp, data: {'opcode': 102, 'status': 0, 'data': bytearray(b'\x00')}}
2020-01-20 17:27:02,729 - INFO - COM3: OobUse: {'context': 0}
2020-01-20 17:27:04,929 - DEBUG - COM3: RX: 62c7007847cedb644181e27acf3deb313a8389e0b6c29675022028de6627a0d527edf0af0ef966bb6d52c1fbb62eccada06a81489c7343c75ac197487b84d4ba2b3047118f1789f7d5f7b59643469704278fc5752280d22a3db57ece9bcc817f31f0a8
2020-01-20 17:27:04,929 - DEBUG - COM3: parsed_packet {event: ProvEcdhRequest, data: {'context_id': 0, 'peer_public': bytearray(b"xG\xce\xdbdA\x81\xe2z\xcf=\xeb1:\x83\x89\xe0\xb6\xc2\x96u\x02 (\xdef\'\xa0\xd5\'\xed\xf0\xaf\x0e\xf9f\xbbmR\xc1\xfb\xb6.\xcc\xad\xa0j\x81H\x9csC\xc7Z\xc1\x97H{\x84\xd4\xba+0G"), 'node_private': bytearray(b'\x11\x8f\x17\x89\xf7\xd5\xf7\xb5\x96CF\x97\x04\'\x8f\xc5u"\x80\xd2*=\xb5~\xce\x9b\xcc\x81\x7f1\xf0\xa8')}}
2020-01-20 17:27:04,929 - INFO - COM3: ECDH request received
2020-01-20 17:27:04,929 - DEBUG - COM3: TX: 226800737d8da117a2258dcd773e6aaf12282b272a038dfe55832a8b62dbf68e693a8b
2020-01-20 17:27:04,929 - DEBUG - COM3: RX: 0484680000
2020-01-20 17:27:04,929 - DEBUG - COM3: parsed_packet {event: CmdRsp, data: {'opcode': 104, 'status': 0, 'data': bytearray(b'\x00')}}
2020-01-20 17:27:04,929 - INFO - COM3: EcdhSecret: {'context': 0}
2020-01-20 17:27:09,272 - DEBUG - COM3: RX: 2cc50000000000000041000000f7e86643ab6313ef93f48c9773b934d218eed9c2a56add85049ffc3c59ad0e12
2020-01-20 17:27:09,272 - DEBUG - COM3: parsed_packet {event: ProvComplete, data: {'context_id': 0, 'iv_index': 0, 'net_key_index': 0, 'address': 65, 'iv_update_flag': 0, 'key_refresh_flag': 0, 'device_key': bytearray(b'\xf7\xe8fC\xabc\x13\xef\x93\xf4\x8c\x97s\xb94\xd2'), 'net_key': bytearray(b'\x18\xee\xd9\xc2\xa5j\xdd\x85\x04\x9f\xfc<Y\xad\x0e\x12')}}
2020-01-20 17:27:09,272 - INFO - COM3: Provisioning complete
2020-01-20 17:27:09,272 - INFO - COM3: 	Address(es): 0x41-0x45
2020-01-20 17:27:09,272 - INFO - COM3: 	Device key: f7e86643ab6313ef93f48c9773b934d2
2020-01-20 17:27:09,272 - INFO - COM3: 	Network key: 18eed9c2a56add85049ffc3c59ad0e12
2020-01-20 17:27:09,272 - INFO - COM3: Adding device key to subnet 0
2020-01-20 17:27:09,272 - DEBUG - COM3: TX: 159c41000000f7e86643ab6313ef93f48c9773b934d2
2020-01-20 17:27:09,272 - INFO - COM3: Adding publication address of root element
2020-01-20 17:27:09,272 - DEBUG - COM3: TX: 03a44100
2020-01-20 17:27:09,272 - DEBUG - COM3: RX: 05849c000800
2020-01-20 17:27:09,288 - DEBUG - COM3: parsed_packet {event: CmdRsp, data: {'opcode': 156, 'status': 0, 'data': bytearray(b'\x08\x00')}}
2020-01-20 17:27:09,288 - INFO - COM3: DevkeyAdd: {'devkey_handle': 8}
2020-01-20 17:27:09,288 - DEBUG - COM3: RX: 0584a4000000
2020-01-20 17:27:09,288 - DEBUG - COM3: parsed_packet {event: CmdRsp, data: {'opcode': 164, 'status': 0, 'data': bytearray(b'\x00\x00')}}
2020-01-20 17:27:09,288 - INFO - COM3: AddrPublicationAdd: {'address_handle': 0}
2020-01-20 17:27:09,372 - DEBUG - COM3: RX: 03c20000
2020-01-20 17:27:09,372 - DEBUG - COM3: parsed_packet {event: ProvLinkClosed, data: {'context_id': 0, 'close_reason': 0}}
2020-01-20 17:27:09,373 - INFO - COM3: Provisioning link closed
2020-01-20 17:27:27,739 - DEBUG - COM3.ConfigurationClient: Sending opcode: 8008, data: 00
2020-01-20 17:27:27,739 - DEBUG - COM3: TX: 0eab08000100000008000000800800
2020-01-20 17:27:27,742 - DEBUG - COM3: RX: 0784ab0001000000
2020-01-20 17:27:27,742 - DEBUG - COM3: parsed_packet {event: CmdRsp, data: {'opcode': 171, 'status': 0, 'data': bytearray(b'\x01\x00\x00\x00')}}
2020-01-20 17:27:27,742 - INFO - COM3: PacketSend: {'token': 1}
2020-01-20 17:27:27,754 - DEBUG - COM3: RX: 05d201000000
2020-01-20 17:27:27,754 - DEBUG - COM3: parsed_packet {event: MeshTxComplete, data: {'token': 1}}
2020-01-20 17:27:27,754 - INFO - COM3: {event: MeshTxComplete, data: {'token': 1}}
2020-01-20 17:27:27,815 - DEBUG - COM3: RX: 2ad0410001000800000004012539d04a8dedc11600020059000000000028000f0000000300000002000210
2020-01-20 17:27:27,815 - DEBUG - COM3: parsed_packet {event: MeshMessageReceivedUnicast, data: {'src': 65, 'dst': 1, 'appkey_handle': 8, 'subnet_handle': 0, 'ttl': 4, 'adv_addr_type': 1, 'adv_addr': bytearray(b'%9\xd0J\x8d\xed'), 'rssi': -63, 'actual_length': 22, 'data': bytearray(b'\x02\x00Y\x00\x00\x00\x00\x00(\x00\x0f\x00\x00\x00\x03\x00\x00\x00\x02\x00\x02\x10')}}
2020-01-20 17:27:27,825 - INFO - COM3.ConfigurationClient: Received composition data (page 0x00): {
  "cid": "0059",
  "pid": "0000",
  "vid": "0000",
  "crpl": 40,
  "features": {
    "relay": 0,
    "proxy": 0,
    "friend": 0,
    "low_power": 0
  },
  "elements": [
    {
      "index": 0,
      "location": "0000",
      "models": [
        {
          "modelId": "0000"
        },
        {
          "modelId": "0002"
        },
        {
          "modelId": "1002"
        }
      ]
    }
  ]
}
2020-01-20 17:27:27,825 - DEBUG - COM3: Message Opcode bytearray(b'\x02'), Data bytearray(b'\x00Y\x00\x00\x00\x00\x00(\x00\x0f\x00\x00\x00\x03\x00\x00\x00\x02\x00\x02\x10') unknown for model <mesh.access.Access object at 0x000001B4FF090610>.
2020-01-20 17:27:29,741 - DEBUG - COM3.ConfigurationClient: Sending opcode: 00, data: 0000004f68ad85d9f48ac8589df665b6b49b8a
2020-01-20 17:27:29,741 - DEBUG - COM3: TX: 1fab08000100000008000000000000004f68ad85d9f48ac8589df665b6b49b8a
2020-01-20 17:27:29,741 - DEBUG - COM3: RX: 0784ab0002000000
2020-01-20 17:27:29,741 - DEBUG - COM3: parsed_packet {event: CmdRsp, data: {'opcode': 171, 'status': 0, 'data': bytearray(b'\x02\x00\x00\x00')}}
2020-01-20 17:27:29,741 - INFO - COM3: PacketSend: {'token': 2}
2020-01-20 17:27:29,787 - DEBUG - COM3: RX: 05d202000000
2020-01-20 17:27:29,787 - DEBUG - COM3: parsed_packet {event: MeshTxComplete, data: {'token': 2}}
2020-01-20 17:27:29,787 - INFO - COM3: {event: MeshTxComplete, data: {'token': 2}}
2020-01-20 17:27:29,817 - DEBUG - COM3: RX: 1ad0410001000800000004012539d04a8dedc00600800300000000
2020-01-20 17:27:29,817 - DEBUG - COM3: parsed_packet {event: MeshMessageReceivedUnicast, data: {'src': 65, 'dst': 1, 'appkey_handle': 8, 'subnet_handle': 0, 'ttl': 4, 'adv_addr_type': 1, 'adv_addr': bytearray(b'%9\xd0J\x8d\xed'), 'rssi': -64, 'actual_length': 6, 'data': bytearray(b'\x80\x03\x00\x00\x00\x00')}}
2020-01-20 17:27:29,817 - INFO - COM3.ConfigurationClient: Appkey status: AccessStatus.SUCCESS
2020-01-20 17:27:29,817 - INFO - COM3.ConfigurationClient: Appkey add 0 succeded for subnet 0 at node 0041
2020-01-20 17:27:29,817 - DEBUG - COM3: Message Opcode bytearray(b'\x80\x03'), Data bytearray(b'\x00\x00\x00\x00') unknown for model <mesh.access.Access object at 0x000001B4FF090610>.
2020-01-20 17:27:30,751 - DEBUG - COM3.ConfigurationClient: Sending opcode: 803d, data: 410000000210
2020-01-20 17:27:30,751 - DEBUG - COM3: TX: 13ab08000100000008000000803d410000000210
2020-01-20 17:27:30,751 - DEBUG - COM3: RX: 0784ab0003000000
2020-01-20 17:27:30,751 - DEBUG - COM3: parsed_packet {event: CmdRsp, data: {'opcode': 171, 'status': 0, 'data': bytearray(b'\x03\x00\x00\x00')}}
2020-01-20 17:27:30,751 - INFO - COM3: PacketSend: {'token': 3}
2020-01-20 17:27:30,751 - DEBUG - COM3: RX: 05d203000000
2020-01-20 17:27:30,751 - DEBUG - COM3: parsed_packet {event: MeshTxComplete, data: {'token': 3}}
2020-01-20 17:27:30,751 - INFO - COM3: {event: MeshTxComplete, data: {'token': 3}}
2020-01-20 17:27:30,769 - DEBUG - COM3: RX: 1dd0410001000800000004012539d04a8dedbf0900803e00410000000210
2020-01-20 17:27:30,769 - DEBUG - COM3: parsed_packet {event: MeshMessageReceivedUnicast, data: {'src': 65, 'dst': 1, 'appkey_handle': 8, 'subnet_handle': 0, 'ttl': 4, 'adv_addr_type': 1, 'adv_addr': bytearray(b'%9\xd0J\x8d\xed'), 'rssi': -65, 'actual_length': 9, 'data': bytearray(b'\x80>\x00A\x00\x00\x00\x02\x10')}}
2020-01-20 17:27:30,769 - INFO - COM3.ConfigurationClient: Model app bind status: AccessStatus.SUCCESS
2020-01-20 17:27:30,785 - INFO - COM3.ConfigurationClient: Appkey bind 0 to model 1002 at 0041
2020-01-20 17:27:30,785 - DEBUG - COM3: Message Opcode bytearray(b'\x80>'), Data bytearray(b'\x00A\x00\x00\x00\x02\x10') unknown for model <mesh.access.Access object at 0x000001B4FF090610>.
2020-01-20 17:27:34,769 - INFO - COM3.NodeConfigClient: Send Data1: 16
2020-01-20 17:27:34,769 - INFO - COM3.NodeConfigClient: Send Data2: 0
2020-01-20 17:27:34,769 - INFO - COM3.NodeConfigClient: Send Data3: 0
2020-01-20 17:27:34,769 - INFO - COM3.NodeConfigClient: Send Data4: 0
2020-01-20 17:27:34,769 - INFO - COM3.NodeConfigClient: Send Data: bytearray(b'\x00\x00\x00\x10\x00')
2020-01-20 17:27:34,769 - DEBUG - COM3.NodeConfigClient: Sending opcode: 8206, data: 0000001000
2020-01-20 17:27:34,769 - DEBUG - COM3: TX: 12ab0000010000000800000082060000001000
2020-01-20 17:27:34,769 - DEBUG - COM3: RX: 0784ab0004000000
2020-01-20 17:27:34,769 - DEBUG - COM3: parsed_packet {event: CmdRsp, data: {'opcode': 171, 'status': 0, 'data': bytearray(b'\x04\x00\x00\x00')}}
2020-01-20 17:27:34,769 - INFO - COM3: PacketSend: {'token': 4}
2020-01-20 17:27:34,785 - DEBUG - COM3: RX: 05d204000000
2020-01-20 17:27:34,785 - DEBUG - COM3: parsed_packet {event: MeshTxComplete, data: {'token': 4}}
2020-01-20 17:27:34,785 - INFO - COM3: {event: MeshTxComplete, data: {'token': 4}}
2020-01-20 17:27:34,800 - DEBUG - COM3: RX: 18d0410001000000000004012539d04a8dedc2040082080000
2020-01-20 17:27:34,800 - DEBUG - COM3: parsed_packet {event: MeshMessageReceivedUnicast, data: {'src': 65, 'dst': 1, 'appkey_handle': 0, 'subnet_handle': 0, 'ttl': 4, 'adv_addr_type': 1, 'adv_addr': bytearray(b'%9\xd0J\x8d\xed'), 'rssi': -62, 'actual_length': 4, 'data': bytearray(b'\x82\x08\x00\x00')}}
2020-01-20 17:27:34,800 - DEBUG - COM3: Message Opcode bytearray(b'\x82\x08'), Data bytearray(b'\x00\x00') unknown for model <mesh.access.Access object at 0x000001B4FF090610>.
2020-01-20 17:27:34,800 - INFO - COM3.NodeConfigClient: Present Level: bytearray(b'\x00\x00') Target Level: bytearray(b'\x00\x00')
2020-01-20 17:27:39,776 - DEBUG - COM3.ConfigurationClient: Sending opcode: 8049, data: 
2020-01-20 17:27:39,776 - DEBUG - COM3: TX: 0dab080001000000080000008049
2020-01-20 17:27:39,776 - DEBUG - COM3: RX: 0784ab0005000000
2020-01-20 17:27:39,776 - DEBUG - COM3: parsed_packet {event: CmdRsp, data: {'opcode': 171, 'status': 0, 'data': bytearray(b'\x05\x00\x00\x00')}}
2020-01-20 17:27:39,776 - INFO - COM3: PacketSend: {'token': 5}
2020-01-20 17:27:39,791 - DEBUG - COM3: RX: 05d205000000
2020-01-20 17:27:39,791 - DEBUG - COM3: parsed_packet {event: MeshTxComplete, data: {'token': 5}}
2020-01-20 17:27:39,791 - INFO - COM3: {event: MeshTxComplete, data: {'token': 5}}
2020-01-20 17:27:39,807 - DEBUG - COM3: RX: 16d0410001000800000004012539d04a8dedc30200804a
2020-01-20 17:27:39,807 - DEBUG - COM3: parsed_packet {event: MeshMessageReceivedUnicast, data: {'src': 65, 'dst': 1, 'appkey_handle': 8, 'subnet_handle': 0, 'ttl': 4, 'adv_addr_type': 1, 'adv_addr': bytearray(b'%9\xd0J\x8d\xed'), 'rssi': -61, 'actual_length': 2, 'data': bytearray(b'\x80J')}}
2020-01-20 17:27:39,807 - INFO - COM3.ConfigurationClient: Node 0041 was reset
2020-01-20 17:27:39,807 - DEBUG - COM3: Message Opcode bytearray(b'\x80J'), Data bytearray(b'') unknown for model <mesh.access.Access object at 0x000001B4FF090610>.
2020-01-20 17:27:58,779 - DEBUG - COM3: RX: 00
2020-01-20 17:27:58,795 - ERROR - COM3: Invalid packet: bytearray(b'\x00')
2020-01-20 17:27:59,208 - DEBUG - COM3: RX: 04810200fe
2020-01-20 17:27:59,208 - DEBUG - COM3: parsed_packet {event: DeviceStarted, data: {'operating_mode': 2, 'hw_error': 0, 'data_credit_available': 254}}
2020-01-20 17:27:59,208 - INFO - COM3: Device rebooted.
