2019-11-29 15:23:41,726 - DEBUG - COM3: TX: 616947cae7c3b30bd741e0d17b8b443fcb7f77a5cf973146c42e5ae8a321d2e74b2d7f9c0378103250188560506d35c77d4e4bd4d146464618b5c3b11c989571d51ff9aa0cc932902ac582621c80c5f8822b9c2a58d2237ebed6c5dcbd4b91c01f42
2019-11-29 15:23:41,741 - DEBUG - COM3: RX: 03846900
2019-11-29 15:23:41,741 - DEBUG - COM3: parsed_packet {event: CmdRsp, data: {'opcode': 105, 'status': 0, 'data': bytearray(b'')}}
2019-11-29 15:23:41,741 - DEBUG - COM3: TX: 059f01000100
2019-11-29 15:23:41,741 - INFO - COM3: Success
2019-11-29 15:23:41,741 - DEBUG - COM3: RX: 03849f00
2019-11-29 15:23:41,741 - DEBUG - COM3: parsed_packet {event: CmdRsp, data: {'opcode': 159, 'status': 0, 'data': bytearray(b'')}}
2019-11-29 15:23:41,741 - DEBUG - COM3: TX: 1392000018eed9c2a56add85049ffc3c59ad0e12
2019-11-29 15:23:41,741 - INFO - COM3: Success
2019-11-29 15:23:41,757 - DEBUG - COM3: RX: 058492000000
2019-11-29 15:23:41,757 - DEBUG - COM3: parsed_packet {event: CmdRsp, data: {'opcode': 146, 'status': 0, 'data': bytearray(b'\x00\x00')}}
2019-11-29 15:23:41,757 - DEBUG - COM3: TX: 1597000000004f68ad85d9f48ac8589df665b6b49b8a
2019-11-29 15:23:41,757 - INFO - COM3: SubnetAdd: {'subnet_handle': 0}
2019-11-29 15:23:41,757 - DEBUG - COM3: RX: 058497000000
2019-11-29 15:23:41,757 - DEBUG - COM3: parsed_packet {event: CmdRsp, data: {'opcode': 151, 'status': 0, 'data': bytearray(b'\x00\x00')}}
2019-11-29 15:23:41,757 - DEBUG - COM3: TX: 1597010000002aa2a6ded5a0798ceab5787ca3ae39fc
2019-11-29 15:23:41,757 - INFO - COM3: AppkeyAdd: {'appkey_handle': 0}
2019-11-29 15:23:41,757 - DEBUG - COM3: RX: 058497000100
2019-11-29 15:23:41,757 - DEBUG - COM3: parsed_packet {event: CmdRsp, data: {'opcode': 151, 'status': 0, 'data': bytearray(b'\x01\x00')}}
2019-11-29 15:23:41,757 - INFO - COM3: AppkeyAdd: {'appkey_handle': 1}
2019-11-29 15:23:46,746 - DEBUG - COM3: TX: 159c11000000b37ab612635388e635cc014c3a9a3a38
2019-11-29 15:23:46,751 - DEBUG - COM3: RX: 05849c000800
2019-11-29 15:23:46,751 - DEBUG - COM3: parsed_packet {event: CmdRsp, data: {'opcode': 156, 'status': 0, 'data': bytearray(b'\x08\x00')}}
2019-11-29 15:23:46,752 - DEBUG - COM3: TX: 03a41100
2019-11-29 15:23:46,752 - INFO - COM3: DevkeyAdd: {'devkey_handle': 8}
2019-11-29 15:23:46,753 - DEBUG - COM3: RX: 0584a4000000
2019-11-29 15:23:46,753 - DEBUG - COM3: parsed_packet {event: CmdRsp, data: {'opcode': 164, 'status': 0, 'data': bytearray(b'\x00\x00')}}
2019-11-29 15:23:46,754 - INFO - COM3: AddrPublicationAdd: {'address_handle': 0}
2019-11-29 15:24:24,867 - DEBUG - COM3.ConfigurationClient: Sending opcode: 8008, data: 00
2019-11-29 15:24:24,867 - DEBUG - COM3: TX: 0eab08000100000008000000800800
2019-11-29 15:24:24,878 - DEBUG - COM3: RX: 0784ab0001000000
2019-11-29 15:24:24,878 - DEBUG - COM3: parsed_packet {event: CmdRsp, data: {'opcode': 171, 'status': 0, 'data': bytearray(b'\x01\x00\x00\x00')}}
2019-11-29 15:24:24,879 - INFO - COM3: PacketSend: {'token': 1}
2019-11-29 15:24:24,882 - DEBUG - COM3: RX: 05d201000000
2019-11-29 15:24:24,882 - DEBUG - COM3: parsed_packet {event: MeshTxComplete, data: {'token': 1}}
2019-11-29 15:24:24,882 - INFO - COM3: {event: MeshTxComplete, data: {'token': 1}}
2019-11-29 15:24:24,945 - DEBUG - COM3: RX: 2ad0110001000800000004019577d61386e1c0160002005900000000002800030000000300000002000210
2019-11-29 15:24:24,960 - DEBUG - COM3: parsed_packet {event: MeshMessageReceivedUnicast, data: {'src': 17, 'dst': 1, 'appkey_handle': 8, 'subnet_handle': 0, 'ttl': 4, 'adv_addr_type': 1, 'adv_addr': bytearray(b'\x95w\xd6\x13\x86\xe1'), 'rssi': -64, 'actual_length': 22, 'data': bytearray(b'\x02\x00Y\x00\x00\x00\x00\x00(\x00\x03\x00\x00\x00\x03\x00\x00\x00\x02\x00\x02\x10')}}
2019-11-29 15:24:24,960 - INFO - COM3.ConfigurationClient: Received composition data (page 0x00): {
  "cid": "0059",
  "pid": "0000",
  "vid": "0000",
  "crpl": 40,
  "features": {
    "relay": 0,
    "proxy": 0,
    "friend": 2,
    "low_power": 2
  },
  "elements": [
    {
      "index": 0,
      "location": "0000",
      "models": [
        {
          "modelId": "0000"
        },
        {
          "modelId": "0002"
        },
        {
          "modelId": "1002"
        }
      ]
    }
  ]
}
2019-11-29 15:24:24,960 - DEBUG - COM3: Message Opcode bytearray(b'\x02'), Data bytearray(b'\x00Y\x00\x00\x00\x00\x00(\x00\x03\x00\x00\x00\x03\x00\x00\x00\x02\x00\x02\x10') unknown for model <mesh.access.Access object at 0x00000266CF1987F0>.
2019-11-29 15:24:50,897 - INFO - COM3.NodeConfigClient: Send Data: bytearray(b'\x124Vx\x02')
2019-11-29 15:24:50,897 - DEBUG - COM3.NodeConfigClient: Sending opcode: 8206, data: 1234567802
2019-11-29 15:24:50,897 - DEBUG - COM3: TX: 12ab0000010000000800000082061234567802
2019-11-29 15:24:50,914 - DEBUG - COM3: RX: 0784ab0002000000
2019-11-29 15:24:50,914 - DEBUG - COM3: parsed_packet {event: CmdRsp, data: {'opcode': 171, 'status': 0, 'data': bytearray(b'\x02\x00\x00\x00')}}
2019-11-29 15:24:50,915 - INFO - COM3: PacketSend: {'token': 2}
2019-11-29 15:24:50,916 - DEBUG - COM3: RX: 05d202000000
2019-11-29 15:24:50,916 - DEBUG - COM3: parsed_packet {event: MeshTxComplete, data: {'token': 2}}
2019-11-29 15:24:50,916 - INFO - COM3: {event: MeshTxComplete, data: {'token': 2}}
2019-11-29 15:25:13,867 - DEBUG - COM3.NodeConfigClient: Sending opcode: 8205, data: 
2019-11-29 15:25:13,867 - DEBUG - COM3: TX: 0dab000001000000080000008205
2019-11-29 15:25:13,874 - DEBUG - COM3: RX: 0784ab0003000000
2019-11-29 15:25:13,874 - DEBUG - COM3: parsed_packet {event: CmdRsp, data: {'opcode': 171, 'status': 0, 'data': bytearray(b'\x03\x00\x00\x00')}}
2019-11-29 15:25:13,874 - INFO - COM3: PacketSend: {'token': 3}
2019-11-29 15:25:13,878 - DEBUG - COM3: RX: 05d203000000
2019-11-29 15:25:13,878 - DEBUG - COM3: parsed_packet {event: MeshTxComplete, data: {'token': 3}}
2019-11-29 15:25:13,878 - INFO - COM3: {event: MeshTxComplete, data: {'token': 3}}
2019-11-29 15:25:13,894 - DEBUG - COM3: RX: 18d0110001000000000004019577d61386e1bd040082080000
2019-11-29 15:25:13,894 - DEBUG - COM3: parsed_packet {event: MeshMessageReceivedUnicast, data: {'src': 17, 'dst': 1, 'appkey_handle': 0, 'subnet_handle': 0, 'ttl': 4, 'adv_addr_type': 1, 'adv_addr': bytearray(b'\x95w\xd6\x13\x86\xe1'), 'rssi': -67, 'actual_length': 4, 'data': bytearray(b'\x82\x08\x00\x00')}}
2019-11-29 15:25:13,894 - DEBUG - COM3: Message Opcode bytearray(b'\x82\x08'), Data bytearray(b'\x00\x00') unknown for model <mesh.access.Access object at 0x00000266CF1987F0>.
2019-11-29 15:25:13,894 - INFO - COM3.NodeConfigClient: Present Level: bytearray(b'\x00\x00') Target Level: bytearray(b'\x00\x00')
2019-11-29 15:26:28,212 - DEBUG - COM3.ConfigurationClient: Sending opcode: 8049, data: 
2019-11-29 15:26:28,212 - DEBUG - COM3: TX: 0dab080001000000080000008049
2019-11-29 15:26:28,224 - DEBUG - COM3: RX: 0784ab0004000000
2019-11-29 15:26:28,224 - DEBUG - COM3: parsed_packet {event: CmdRsp, data: {'opcode': 171, 'status': 0, 'data': bytearray(b'\x04\x00\x00\x00')}}
2019-11-29 15:26:28,225 - INFO - COM3: PacketSend: {'token': 4}
2019-11-29 15:26:28,229 - DEBUG - COM3: RX: 05d204000000
2019-11-29 15:26:28,229 - DEBUG - COM3: parsed_packet {event: MeshTxComplete, data: {'token': 4}}
2019-11-29 15:26:28,229 - INFO - COM3: {event: MeshTxComplete, data: {'token': 4}}
2019-11-29 15:26:28,229 - DEBUG - COM3: RX: 16d0110001000800000004019577d61386e1cb0200804a
2019-11-29 15:26:28,229 - DEBUG - COM3: parsed_packet {event: MeshMessageReceivedUnicast, data: {'src': 17, 'dst': 1, 'appkey_handle': 8, 'subnet_handle': 0, 'ttl': 4, 'adv_addr_type': 1, 'adv_addr': bytearray(b'\x95w\xd6\x13\x86\xe1'), 'rssi': -53, 'actual_length': 2, 'data': bytearray(b'\x80J')}}
2019-11-29 15:26:28,229 - INFO - COM3.ConfigurationClient: Node 0011 was reset
2019-11-29 15:26:28,229 - DEBUG - COM3: Message Opcode bytearray(b'\x80J'), Data bytearray(b'') unknown for model <mesh.access.Access object at 0x00000266CF1987F0>.
2019-11-29 15:27:31,358 - DEBUG - COM3: TX: 0161
2019-11-29 15:27:31,362 - DEBUG - COM3: RX: 03846100
2019-11-29 15:27:31,363 - DEBUG - COM3: parsed_packet {event: CmdRsp, data: {'opcode': 97, 'status': 0, 'data': bytearray(b'')}}
2019-11-29 15:27:31,363 - INFO - COM3: Success
2019-11-29 15:27:32,799 - DEBUG - COM3: RX: 1ac064348854c4ba6d4b9577d61386619776c600019577d61386e1
2019-11-29 15:27:32,799 - DEBUG - COM3: parsed_packet {event: ProvUnprovisionedReceived, data: {'uuid': bytearray(b'd4\x88T\xc4\xbamK\x95w\xd6\x13\x86a\x97v'), 'rssi': -58, 'gatt_supported': 0, 'adv_addr_type': 1, 'adv_addr': bytearray(b'\x95w\xd6\x13\x86\xe1')}}
2019-11-29 15:27:32,799 - INFO - COM3: Received UUID 64348854c4ba6d4b9577d61386619776 with RSSI: -58 dB
2019-11-29 15:27:34,806 - DEBUG - COM3: RX: 1ac064348854c4ba6d4b9577d61386619776c900019577d61386e1
2019-11-29 15:27:34,806 - DEBUG - COM3: parsed_packet {event: ProvUnprovisionedReceived, data: {'uuid': bytearray(b'd4\x88T\xc4\xbamK\x95w\xd6\x13\x86a\x97v'), 'rssi': -55, 'gatt_supported': 0, 'adv_addr_type': 1, 'adv_addr': bytearray(b'\x95w\xd6\x13\x86\xe1')}}
2019-11-29 15:27:36,818 - DEBUG - COM3: RX: 1ac064348854c4ba6d4b9577d61386619776bf00019577d61386e1
2019-11-29 15:27:36,818 - DEBUG - COM3: parsed_packet {event: ProvUnprovisionedReceived, data: {'uuid': bytearray(b'd4\x88T\xc4\xbamK\x95w\xd6\x13\x86a\x97v'), 'rssi': -65, 'gatt_supported': 0, 'adv_addr_type': 1, 'adv_addr': bytearray(b'\x95w\xd6\x13\x86\xe1')}}
2019-11-29 15:27:38,804 - DEBUG - COM3: RX: 1ac064348854c4ba6d4b9577d61386619776c700019577d61386e1
2019-11-29 15:27:38,804 - DEBUG - COM3: parsed_packet {event: ProvUnprovisionedReceived, data: {'uuid': bytearray(b'd4\x88T\xc4\xbamK\x95w\xd6\x13\x86a\x97v'), 'rssi': -57, 'gatt_supported': 0, 'adv_addr_type': 1, 'adv_addr': bytearray(b'\x95w\xd6\x13\x86\xe1')}}
2019-11-29 15:27:40,815 - DEBUG - COM3: RX: 1ac064348854c4ba6d4b9577d61386619776c800019577d61386e1
2019-11-29 15:27:40,815 - DEBUG - COM3: parsed_packet {event: ProvUnprovisionedReceived, data: {'uuid': bytearray(b'd4\x88T\xc4\xbamK\x95w\xd6\x13\x86a\x97v'), 'rssi': -56, 'gatt_supported': 0, 'adv_addr_type': 1, 'adv_addr': bytearray(b'\x95w\xd6\x13\x86\xe1')}}
2019-11-29 15:27:41,327 - DEBUG - COM3: TX: 0162
2019-11-29 15:27:41,331 - DEBUG - COM3: RX: 03846200
2019-11-29 15:27:41,332 - DEBUG - COM3: parsed_packet {event: CmdRsp, data: {'opcode': 98, 'status': 0, 'data': bytearray(b'')}}
2019-11-29 15:27:41,332 - INFO - COM3: Success
2019-11-29 15:27:46,641 - DEBUG - COM3: TX: 2d630064348854c4ba6d4b9577d6138661977618eed9c2a56add85049ffc3c59ad0e120000000000001200000000
2019-11-29 15:27:46,655 - DEBUG - COM3: RX: 0484630000
2019-11-29 15:27:46,655 - DEBUG - COM3: parsed_packet {event: CmdRsp, data: {'opcode': 99, 'status': 0, 'data': bytearray(b'\x00')}}
2019-11-29 15:27:46,655 - INFO - COM3: Provision: {'context': 0}
2019-11-29 15:27:46,657 - DEBUG - COM3: RX: 02c100
2019-11-29 15:27:46,672 - DEBUG - COM3: parsed_packet {event: ProvLinkEstablished, data: {'context_id': 0}}
2019-11-29 15:27:46,672 - INFO - COM3: Link established
2019-11-29 15:27:46,719 - DEBUG - COM3: RX: 0bc300050001000000000000
2019-11-29 15:27:46,719 - DEBUG - COM3: parsed_packet {event: ProvCapsReceived, data: {'context_id': 0, 'num_elements': 5, 'public_key_type': 0, 'static_oob_types': 1, 'output_oob_size': 0, 'output_oob_actions': 0, 'input_oob_size': 0, 'input_oob_actions': 0}}
2019-11-29 15:27:46,719 - INFO - COM3: Received capabilities
2019-11-29 15:27:46,719 - INFO - COM3: Number of elements: 5
2019-11-29 15:27:46,719 - DEBUG - COM3: TX: 056600000000
2019-11-29 15:27:46,719 - DEBUG - COM3: RX: 0484660000
2019-11-29 15:27:46,719 - DEBUG - COM3: parsed_packet {event: CmdRsp, data: {'opcode': 102, 'status': 0, 'data': bytearray(b'\x00')}}
2019-11-29 15:27:46,719 - INFO - COM3: OobUse: {'context': 0}
2019-11-29 15:27:50,970 - DEBUG - COM3: RX: 62c7002aec0e2a0780afa4157d10ab6f065c7614d897d7b3696f4dda90509e116ace099bdd78bb7c02003f0b053d5efcee25f40c8307486b55b69caad99a3b650fa49c47cae7c3b30bd741e0d17b8b443fcb7f77a5cf973146c42e5ae8a321d2e74b2d
2019-11-29 15:27:50,970 - DEBUG - COM3: parsed_packet {event: ProvEcdhRequest, data: {'context_id': 0, 'peer_public': bytearray(b'*\xec\x0e*\x07\x80\xaf\xa4\x15}\x10\xabo\x06\\v\x14\xd8\x97\xd7\xb3ioM\xda\x90P\x9e\x11j\xce\t\x9b\xddx\xbb|\x02\x00?\x0b\x05=^\xfc\xee%\xf4\x0c\x83\x07HkU\xb6\x9c\xaa\xd9\x9a;e\x0f\xa4\x9c'), 'node_private': bytearray(b'G\xca\xe7\xc3\xb3\x0b\xd7A\xe0\xd1{\x8bD?\xcb\x7fw\xa5\xcf\x971F\xc4.Z\xe8\xa3!\xd2\xe7K-')}}
2019-11-29 15:27:50,971 - INFO - COM3: ECDH request received
2019-11-29 15:27:50,973 - DEBUG - COM3: TX: 2268004d4ac05507b26bd6c7b5d7e05530e590206bcbd2f994d0ceb91187ee7d94225b
2019-11-29 15:27:50,978 - DEBUG - COM3: RX: 0484680000
2019-11-29 15:27:50,978 - DEBUG - COM3: parsed_packet {event: CmdRsp, data: {'opcode': 104, 'status': 0, 'data': bytearray(b'\x00')}}
2019-11-29 15:27:50,979 - INFO - COM3: EcdhSecret: {'context': 0}
2019-11-29 15:27:53,300 - DEBUG - COM3: RX: 2cc50000000000000012000000a31d3c6872195695c03c8b15be707b0818eed9c2a56add85049ffc3c59ad0e12
2019-11-29 15:27:53,300 - DEBUG - COM3: parsed_packet {event: ProvComplete, data: {'context_id': 0, 'iv_index': 0, 'net_key_index': 0, 'address': 18, 'iv_update_flag': 0, 'key_refresh_flag': 0, 'device_key': bytearray(b'\xa3\x1d<hr\x19V\x95\xc0<\x8b\x15\xbep{\x08'), 'net_key': bytearray(b'\x18\xee\xd9\xc2\xa5j\xdd\x85\x04\x9f\xfc<Y\xad\x0e\x12')}}
2019-11-29 15:27:53,301 - INFO - COM3: Provisioning complete
2019-11-29 15:27:53,302 - INFO - COM3: 	Address(es): 0x12-0x16
2019-11-29 15:27:53,302 - INFO - COM3: 	Device key: a31d3c6872195695c03c8b15be707b08
2019-11-29 15:27:53,303 - INFO - COM3: 	Network key: 18eed9c2a56add85049ffc3c59ad0e12
2019-11-29 15:27:53,303 - INFO - COM3: Adding device key to subnet 0
2019-11-29 15:27:53,304 - DEBUG - COM3: TX: 159c12000000a31d3c6872195695c03c8b15be707b08
2019-11-29 15:27:53,304 - INFO - COM3: Adding publication address of root element
2019-11-29 15:27:53,305 - DEBUG - COM3: TX: 03a41200
2019-11-29 15:27:53,311 - DEBUG - COM3: RX: 05849c000900
2019-11-29 15:27:53,311 - DEBUG - COM3: parsed_packet {event: CmdRsp, data: {'opcode': 156, 'status': 0, 'data': bytearray(b'\t\x00')}}
2019-11-29 15:27:53,311 - INFO - COM3: DevkeyAdd: {'devkey_handle': 9}
2019-11-29 15:27:53,313 - DEBUG - COM3: RX: 0584a4000100
2019-11-29 15:27:53,313 - DEBUG - COM3: parsed_packet {event: CmdRsp, data: {'opcode': 164, 'status': 0, 'data': bytearray(b'\x01\x00')}}
2019-11-29 15:27:53,313 - INFO - COM3: AddrPublicationAdd: {'address_handle': 1}
2019-11-29 15:27:53,392 - DEBUG - COM3: RX: 03c20000
2019-11-29 15:27:53,392 - DEBUG - COM3: parsed_packet {event: ProvLinkClosed, data: {'context_id': 0, 'close_reason': 0}}
2019-11-29 15:27:53,392 - INFO - COM3: Provisioning link closed
2019-11-29 15:28:37,150 - DEBUG - COM3.ConfigurationClient: Sending opcode: 8008, data: 00
2019-11-29 15:28:37,150 - DEBUG - COM3: TX: 0eab09000100010008000000800800
2019-11-29 15:28:37,154 - DEBUG - COM3: RX: 0784ab0005000000
2019-11-29 15:28:37,155 - DEBUG - COM3: parsed_packet {event: CmdRsp, data: {'opcode': 171, 'status': 0, 'data': bytearray(b'\x05\x00\x00\x00')}}
2019-11-29 15:28:37,155 - INFO - COM3: PacketSend: {'token': 5}
2019-11-29 15:28:37,174 - DEBUG - COM3: RX: 05d205000000
2019-11-29 15:28:37,175 - DEBUG - COM3: parsed_packet {event: MeshTxComplete, data: {'token': 5}}
2019-11-29 15:28:37,175 - INFO - COM3: {event: MeshTxComplete, data: {'token': 5}}
2019-11-29 15:28:37,244 - DEBUG - COM3: RX: 2ad0120001000900000004019577d61386e1c5160002005900000000002800030000000300000002000210
2019-11-29 15:28:37,244 - DEBUG - COM3: parsed_packet {event: MeshMessageReceivedUnicast, data: {'src': 18, 'dst': 1, 'appkey_handle': 9, 'subnet_handle': 0, 'ttl': 4, 'adv_addr_type': 1, 'adv_addr': bytearray(b'\x95w\xd6\x13\x86\xe1'), 'rssi': -59, 'actual_length': 22, 'data': bytearray(b'\x02\x00Y\x00\x00\x00\x00\x00(\x00\x03\x00\x00\x00\x03\x00\x00\x00\x02\x00\x02\x10')}}
2019-11-29 15:28:37,248 - INFO - COM3.ConfigurationClient: Received composition data (page 0x00): {
  "cid": "0059",
  "pid": "0000",
  "vid": "0000",
  "crpl": 40,
  "features": {
    "relay": 0,
    "proxy": 0,
    "friend": 2,
    "low_power": 2
  },
  "elements": [
    {
      "index": 0,
      "location": "0000",
      "models": [
        {
          "modelId": "0000"
        },
        {
          "modelId": "0002"
        },
        {
          "modelId": "1002"
        }
      ]
    }
  ]
}
2019-11-29 15:28:37,253 - DEBUG - COM3: Message Opcode bytearray(b'\x02'), Data bytearray(b'\x00Y\x00\x00\x00\x00\x00(\x00\x03\x00\x00\x00\x03\x00\x00\x00\x02\x00\x02\x10') unknown for model <mesh.access.Access object at 0x00000266CF1987F0>.
2019-11-29 15:28:37,256 - INFO - COM3.ConfigurationClient: Received composition data (page 0x00): {
  "cid": "0059",
  "pid": "0000",
  "vid": "0000",
  "crpl": 40,
  "features": {
    "relay": 0,
    "proxy": 0,
    "friend": 2,
    "low_power": 2
  },
  "elements": [
    {
      "index": 0,
      "location": "0000",
      "models": [
        {
          "modelId": "0000"
        },
        {
          "modelId": "0002"
        },
        {
          "modelId": "1002"
        }
      ]
    }
  ]
}
2019-11-29 15:28:47,247 - DEBUG - COM3.ConfigurationClient: Sending opcode: 00, data: 0000004f68ad85d9f48ac8589df665b6b49b8a
2019-11-29 15:28:47,247 - DEBUG - COM3: TX: 1fab09000100010008000000000000004f68ad85d9f48ac8589df665b6b49b8a
2019-11-29 15:28:47,247 - DEBUG - COM3: RX: 0784ab0006000000
2019-11-29 15:28:47,247 - DEBUG - COM3: parsed_packet {event: CmdRsp, data: {'opcode': 171, 'status': 0, 'data': bytearray(b'\x06\x00\x00\x00')}}
2019-11-29 15:28:47,247 - INFO - COM3: PacketSend: {'token': 6}
2019-11-29 15:28:47,294 - DEBUG - COM3: RX: 05d206000000
2019-11-29 15:28:47,294 - DEBUG - COM3: parsed_packet {event: MeshTxComplete, data: {'token': 6}}
2019-11-29 15:28:47,294 - INFO - COM3: {event: MeshTxComplete, data: {'token': 6}}
2019-11-29 15:28:47,310 - DEBUG - COM3: RX: 1ad0120001000900000004019577d61386e1cc0600800300000000
2019-11-29 15:28:47,310 - DEBUG - COM3: parsed_packet {event: MeshMessageReceivedUnicast, data: {'src': 18, 'dst': 1, 'appkey_handle': 9, 'subnet_handle': 0, 'ttl': 4, 'adv_addr_type': 1, 'adv_addr': bytearray(b'\x95w\xd6\x13\x86\xe1'), 'rssi': -52, 'actual_length': 6, 'data': bytearray(b'\x80\x03\x00\x00\x00\x00')}}
2019-11-29 15:28:47,310 - INFO - COM3.ConfigurationClient: Appkey status: AccessStatus.SUCCESS
2019-11-29 15:28:47,325 - INFO - COM3.ConfigurationClient: Appkey None 0 succeded for subnet 0 at node 0012
2019-11-29 15:28:47,325 - DEBUG - COM3: Message Opcode bytearray(b'\x80\x03'), Data bytearray(b'\x00\x00\x00\x00') unknown for model <mesh.access.Access object at 0x00000266CF1987F0>.
2019-11-29 15:28:47,325 - INFO - COM3.ConfigurationClient: Appkey status: AccessStatus.SUCCESS
2019-11-29 15:28:47,325 - INFO - COM3.ConfigurationClient: Appkey add 0 succeded for subnet 0 at node 0012
2019-11-29 15:29:02,817 - DEBUG - COM3.ConfigurationClient: Sending opcode: 803d, data: 120000000210
2019-11-29 15:29:02,817 - DEBUG - COM3: TX: 13ab09000100010008000000803d120000000210
2019-11-29 15:29:02,823 - DEBUG - COM3: RX: 0784ab0007000000
2019-11-29 15:29:02,823 - DEBUG - COM3: parsed_packet {event: CmdRsp, data: {'opcode': 171, 'status': 0, 'data': bytearray(b'\x07\x00\x00\x00')}}
2019-11-29 15:29:02,823 - INFO - COM3: PacketSend: {'token': 7}
2019-11-29 15:29:02,829 - DEBUG - COM3: RX: 05d207000000
2019-11-29 15:29:02,829 - DEBUG - COM3: parsed_packet {event: MeshTxComplete, data: {'token': 7}}
2019-11-29 15:29:02,830 - INFO - COM3: {event: MeshTxComplete, data: {'token': 7}}
2019-11-29 15:29:09,370 - DEBUG - COM3.ConfigurationClient: Sending opcode: 803d, data: 120000000210
2019-11-29 15:29:09,370 - DEBUG - COM3: TX: 13ab09000100010008000000803d120000000210
2019-11-29 15:29:09,382 - DEBUG - COM3: RX: 0784ab0008000000
2019-11-29 15:29:09,383 - DEBUG - COM3: parsed_packet {event: CmdRsp, data: {'opcode': 171, 'status': 0, 'data': bytearray(b'\x08\x00\x00\x00')}}
2019-11-29 15:29:09,383 - INFO - COM3: PacketSend: {'token': 8}
2019-11-29 15:29:09,403 - DEBUG - COM3: RX: 05d208000000
2019-11-29 15:29:09,403 - DEBUG - COM3: parsed_packet {event: MeshTxComplete, data: {'token': 8}}
2019-11-29 15:29:09,403 - INFO - COM3: {event: MeshTxComplete, data: {'token': 8}}
2019-11-29 15:29:09,403 - DEBUG - COM3: RX: 1dd0120001000900000004019577d61386e1c70900803e00120000000210
2019-11-29 15:29:09,403 - DEBUG - COM3: parsed_packet {event: MeshMessageReceivedUnicast, data: {'src': 18, 'dst': 1, 'appkey_handle': 9, 'subnet_handle': 0, 'ttl': 4, 'adv_addr_type': 1, 'adv_addr': bytearray(b'\x95w\xd6\x13\x86\xe1'), 'rssi': -57, 'actual_length': 9, 'data': bytearray(b'\x80>\x00\x12\x00\x00\x00\x02\x10')}}
2019-11-29 15:29:09,403 - INFO - COM3.ConfigurationClient: Model app bind status: AccessStatus.SUCCESS
2019-11-29 15:29:09,418 - INFO - COM3.ConfigurationClient: Appkey None 0 to model 1002 at 0012
2019-11-29 15:29:09,418 - DEBUG - COM3: Message Opcode bytearray(b'\x80>'), Data bytearray(b'\x00\x12\x00\x00\x00\x02\x10') unknown for model <mesh.access.Access object at 0x00000266CF1987F0>.
2019-11-29 15:29:09,418 - INFO - COM3.ConfigurationClient: Model app bind status: AccessStatus.SUCCESS
2019-11-29 15:29:09,418 - INFO - COM3.ConfigurationClient: Appkey bind 0 to model 1002 at 0012
2019-11-29 15:29:42,766 - INFO - COM3.NodeConfigClient: Send Data: bytearray(b'\x124Vx\x00')
2019-11-29 15:29:42,766 - DEBUG - COM3.NodeConfigClient: Sending opcode: 8206, data: 1234567800
2019-11-29 15:29:42,766 - DEBUG - COM3: TX: 12ab0000010001000800000082061234567800
2019-11-29 15:29:42,780 - DEBUG - COM3: RX: 0784ab0009000000
2019-11-29 15:29:42,780 - DEBUG - COM3: parsed_packet {event: CmdRsp, data: {'opcode': 171, 'status': 0, 'data': bytearray(b'\t\x00\x00\x00')}}
2019-11-29 15:29:42,780 - INFO - COM3: PacketSend: {'token': 9}
2019-11-29 15:29:42,781 - DEBUG - COM3: RX: 05d209000000
2019-11-29 15:29:42,781 - DEBUG - COM3: parsed_packet {event: MeshTxComplete, data: {'token': 9}}
2019-11-29 15:29:42,781 - INFO - COM3: {event: MeshTxComplete, data: {'token': 9}}
2019-11-29 15:29:42,783 - DEBUG - COM3: RX: 18d0120001000000000004019577d61386e1c2040082081234
2019-11-29 15:29:42,783 - DEBUG - COM3: parsed_packet {event: MeshMessageReceivedUnicast, data: {'src': 18, 'dst': 1, 'appkey_handle': 0, 'subnet_handle': 0, 'ttl': 4, 'adv_addr_type': 1, 'adv_addr': bytearray(b'\x95w\xd6\x13\x86\xe1'), 'rssi': -62, 'actual_length': 4, 'data': bytearray(b'\x82\x08\x124')}}
2019-11-29 15:29:42,783 - DEBUG - COM3: Message Opcode bytearray(b'\x82\x08'), Data bytearray(b'\x124') unknown for model <mesh.access.Access object at 0x00000266CF1987F0>.
2019-11-29 15:29:42,783 - INFO - COM3.NodeConfigClient: Present Level: bytearray(b'\x124') Target Level: bytearray(b'\x124')
2019-11-29 15:29:42,783 - DEBUG - COM3: Message Opcode bytearray(b'\x82\x08'), Data bytearray(b'\x124') unknown for model <mesh.access.Access object at 0x00000266CF1987F0>.
2019-11-29 15:29:42,783 - INFO - COM3.NodeConfigClient: Present Level: bytearray(b'\x124') Target Level: bytearray(b'\x124')
2019-11-29 15:29:55,871 - DEBUG - COM3.ConfigurationClient: Sending opcode: 8049, data: 
2019-11-29 15:29:55,871 - DEBUG - COM3: TX: 0dab090001000100080000008049
2019-11-29 15:29:55,877 - DEBUG - COM3: RX: 0784ab000a000000
2019-11-29 15:29:55,877 - DEBUG - COM3: parsed_packet {event: CmdRsp, data: {'opcode': 171, 'status': 0, 'data': bytearray(b'\n\x00\x00\x00')}}
2019-11-29 15:29:55,877 - INFO - COM3: PacketSend: {'token': 10}
2019-11-29 15:29:55,881 - DEBUG - COM3: RX: 05d20a000000
2019-11-29 15:29:55,881 - DEBUG - COM3: parsed_packet {event: MeshTxComplete, data: {'token': 10}}
2019-11-29 15:29:55,881 - INFO - COM3: {event: MeshTxComplete, data: {'token': 10}}
2019-11-29 15:29:55,897 - DEBUG - COM3: RX: 16d0120001000900000004019577d61386e1c30200804a
2019-11-29 15:29:55,897 - DEBUG - COM3: parsed_packet {event: MeshMessageReceivedUnicast, data: {'src': 18, 'dst': 1, 'appkey_handle': 9, 'subnet_handle': 0, 'ttl': 4, 'adv_addr_type': 1, 'adv_addr': bytearray(b'\x95w\xd6\x13\x86\xe1'), 'rssi': -61, 'actual_length': 2, 'data': bytearray(b'\x80J')}}
2019-11-29 15:29:55,897 - INFO - COM3.ConfigurationClient: Node 0012 was reset
2019-11-29 15:29:55,897 - DEBUG - COM3: Message Opcode bytearray(b'\x80J'), Data bytearray(b'') unknown for model <mesh.access.Access object at 0x00000266CF1987F0>.
2019-11-29 15:29:55,897 - INFO - COM3.ConfigurationClient: Node 0012 was reset
2019-11-29 15:29:55,897 - DEBUG - COM3: Message Opcode bytearray(b'\x80J'), Data bytearray(b'') unknown for model <mesh.access.Access object at 0x00000266CF1987F0>.
2019-11-29 15:36:30,659 - DEBUG - COM3: exited read event
