2020-01-20 18:00:00,517 - DEBUG - COM3: TX: 6169b6c41f12c92178fef3f3889d008db740cbdc0d30fdf76b17c9f9d8b95ae86b44c567507f1fce8d7347fcc5a6d4542e2bc736310e249e4252e3c5fa22f32e3f944b9772b1b4ff95bafb0274a1a5f5aa1bbe0645de0903de4a7e7145849343085d
2020-01-20 18:00:00,529 - DEBUG - COM3: RX: 03846900
2020-01-20 18:00:00,529 - DEBUG - COM3: parsed_packet {event: CmdRsp, data: {'opcode': 105, 'status': 0, 'data': bytearray(b'')}}
2020-01-20 18:00:00,530 - DEBUG - COM3: TX: 059f01000100
2020-01-20 18:00:00,529 - INFO - COM3: Success
2020-01-20 18:00:00,532 - DEBUG - COM3: RX: 03849f8e
2020-01-20 18:00:00,542 - DEBUG - COM3: parsed_packet {event: CmdRsp, data: {'opcode': 159, 'status': 142, 'data': bytearray(b'')}}
2020-01-20 18:00:00,542 - DEBUG - COM3: TX: 1392000018eed9c2a56add85049ffc3c59ad0e12
2020-01-20 18:00:00,542 - ERROR - COM3: None: ERROR_REJECTED
2020-01-20 18:00:00,546 - DEBUG - COM3: RX: 03849281
2020-01-20 18:00:00,546 - DEBUG - COM3: parsed_packet {event: CmdRsp, data: {'opcode': 146, 'status': 129, 'data': bytearray(b'')}}
2020-01-20 18:00:00,546 - DEBUG - COM3: TX: 1597000000004f68ad85d9f48ac8589df665b6b49b8a
2020-01-20 18:00:00,546 - ERROR - COM3: SubnetAdd: ERROR_INTERNAL
2020-01-20 18:00:00,550 - DEBUG - COM3: RX: 03849781
2020-01-20 18:00:00,550 - DEBUG - COM3: parsed_packet {event: CmdRsp, data: {'opcode': 151, 'status': 129, 'data': bytearray(b'')}}
2020-01-20 18:00:00,550 - DEBUG - COM3: TX: 1597010000002aa2a6ded5a0798ceab5787ca3ae39fc
2020-01-20 18:00:00,550 - ERROR - COM3: AppkeyAdd: ERROR_INTERNAL
2020-01-20 18:00:00,554 - DEBUG - COM3: RX: 03849781
2020-01-20 18:00:00,554 - DEBUG - COM3: parsed_packet {event: CmdRsp, data: {'opcode': 151, 'status': 129, 'data': bytearray(b'')}}
2020-01-20 18:00:00,554 - ERROR - COM3: AppkeyAdd: ERROR_INTERNAL
2020-01-20 18:00:13,830 - DEBUG - COM3.ConfigurationClient: Sending opcode: 8008, data: 00
2020-01-20 18:00:13,830 - DEBUG - COM3: TX: 0eab08000100000008000000800800
2020-01-20 18:00:13,835 - DEBUG - COM3: RX: 0784ab0019000000
2020-01-20 18:00:13,835 - DEBUG - COM3: parsed_packet {event: CmdRsp, data: {'opcode': 171, 'status': 0, 'data': bytearray(b'\x19\x00\x00\x00')}}
2020-01-20 18:00:13,835 - INFO - COM3: PacketSend: {'token': 25}
2020-01-20 18:00:13,838 - DEBUG - COM3: RX: 05d219000000
2020-01-20 18:00:13,839 - DEBUG - COM3: parsed_packet {event: MeshTxComplete, data: {'token': 25}}
2020-01-20 18:00:13,839 - INFO - COM3: {event: MeshTxComplete, data: {'token': 25}}
2020-01-20 18:00:15,831 - DEBUG - COM3.ConfigurationClient: Sending opcode: 00, data: 0000004f68ad85d9f48ac8589df665b6b49b8a
2020-01-20 18:00:15,831 - DEBUG - COM3: TX: 1fab08000100000008000000000000004f68ad85d9f48ac8589df665b6b49b8a
2020-01-20 18:00:15,836 - DEBUG - COM3: RX: 0784ab001a000000
2020-01-20 18:00:15,837 - DEBUG - COM3: parsed_packet {event: CmdRsp, data: {'opcode': 171, 'status': 0, 'data': bytearray(b'\x1a\x00\x00\x00')}}
2020-01-20 18:00:15,837 - INFO - COM3: PacketSend: {'token': 26}
2020-01-20 18:00:16,845 - DEBUG - COM3.ConfigurationClient: Sending opcode: 803d, data: 430000000010
2020-01-20 18:00:16,845 - DEBUG - COM3: TX: 13ab08000100000008000000803d430000000010
2020-01-20 18:00:16,845 - DEBUG - COM3: RX: 0784ab001b000000
2020-01-20 18:00:16,845 - DEBUG - COM3: parsed_packet {event: CmdRsp, data: {'opcode': 171, 'status': 0, 'data': bytearray(b'\x1b\x00\x00\x00')}}
2020-01-20 18:00:16,845 - INFO - COM3: PacketSend: {'token': 27}
2020-01-20 18:00:16,861 - DEBUG - COM3: RX: 05d21b000000
2020-01-20 18:00:16,861 - DEBUG - COM3: parsed_packet {event: MeshTxComplete, data: {'token': 27}}
2020-01-20 18:00:16,861 - INFO - COM3: {event: MeshTxComplete, data: {'token': 27}}
2020-01-20 18:00:17,857 - DEBUG - COM3.GenericOnOffClient: Sending opcode: 8202, data: 0000
2020-01-20 18:00:17,857 - DEBUG - COM3: TX: 0fab0000010000000800000082020000
2020-01-20 18:00:17,857 - DEBUG - COM3: RX: 0784ab001c000000
2020-01-20 18:00:17,857 - DEBUG - COM3: parsed_packet {event: CmdRsp, data: {'opcode': 171, 'status': 0, 'data': bytearray(b'\x1c\x00\x00\x00')}}
2020-01-20 18:00:17,857 - INFO - COM3: PacketSend: {'token': 28}
2020-01-20 18:00:17,857 - DEBUG - COM3: RX: 05d21c000000
2020-01-20 18:00:17,857 - DEBUG - COM3: parsed_packet {event: MeshTxComplete, data: {'token': 28}}
2020-01-20 18:00:17,857 - INFO - COM3: {event: MeshTxComplete, data: {'token': 28}}
2020-01-20 18:00:35,915 - DEBUG - COM3.ConfigurationClient: Sending opcode: 8008, data: 00
2020-01-20 18:00:35,915 - DEBUG - COM3: TX: 0eab08000100000008000000800800
2020-01-20 18:00:35,919 - DEBUG - COM3: RX: 0784ab001d000000
2020-01-20 18:00:35,919 - DEBUG - COM3: parsed_packet {event: CmdRsp, data: {'opcode': 171, 'status': 0, 'data': bytearray(b'\x1d\x00\x00\x00')}}
2020-01-20 18:00:35,919 - INFO - COM3: PacketSend: {'token': 29}
2020-01-20 18:00:35,922 - DEBUG - COM3: RX: 05d21d000000
2020-01-20 18:00:35,923 - DEBUG - COM3: parsed_packet {event: MeshTxComplete, data: {'token': 29}}
2020-01-20 18:00:35,923 - INFO - COM3: {event: MeshTxComplete, data: {'token': 29}}
2020-01-20 18:00:37,915 - DEBUG - COM3.ConfigurationClient: Sending opcode: 00, data: 0000004f68ad85d9f48ac8589df665b6b49b8a
2020-01-20 18:00:37,915 - DEBUG - COM3: TX: 1fab08000100000008000000000000004f68ad85d9f48ac8589df665b6b49b8a
2020-01-20 18:00:37,920 - DEBUG - COM3: RX: 0784ab001e000000
2020-01-20 18:00:37,921 - DEBUG - COM3: parsed_packet {event: CmdRsp, data: {'opcode': 171, 'status': 0, 'data': bytearray(b'\x1e\x00\x00\x00')}}
2020-01-20 18:00:37,921 - INFO - COM3: PacketSend: {'token': 30}
2020-01-20 18:00:38,916 - DEBUG - COM3.ConfigurationClient: Sending opcode: 803d, data: 430000000010
2020-01-20 18:00:38,916 - DEBUG - COM3: TX: 13ab08000100000008000000803d430000000010
2020-01-20 18:00:38,920 - DEBUG - COM3: RX: 0784ab001f000000
2020-01-20 18:00:38,920 - DEBUG - COM3: parsed_packet {event: CmdRsp, data: {'opcode': 171, 'status': 0, 'data': bytearray(b'\x1f\x00\x00\x00')}}
2020-01-20 18:00:38,921 - INFO - COM3: PacketSend: {'token': 31}
2020-01-20 18:00:38,929 - DEBUG - COM3: RX: 05d21f000000
2020-01-20 18:00:38,929 - DEBUG - COM3: parsed_packet {event: MeshTxComplete, data: {'token': 31}}
2020-01-20 18:00:38,930 - INFO - COM3: {event: MeshTxComplete, data: {'token': 31}}
2020-01-20 18:00:39,926 - DEBUG - COM3.GenericOnOffClient: Sending opcode: 8202, data: 0101
2020-01-20 18:00:39,926 - DEBUG - COM3: TX: 0fab0000010000000800000082020101
2020-01-20 18:00:39,926 - DEBUG - COM3: RX: 0784ab0020000000
2020-01-20 18:00:39,926 - DEBUG - COM3: parsed_packet {event: CmdRsp, data: {'opcode': 171, 'status': 0, 'data': bytearray(b' \x00\x00\x00')}}
2020-01-20 18:00:39,926 - INFO - COM3: PacketSend: {'token': 32}
2020-01-20 18:00:39,941 - DEBUG - COM3: RX: 05d220000000
2020-01-20 18:00:39,941 - DEBUG - COM3: parsed_packet {event: MeshTxComplete, data: {'token': 32}}
2020-01-20 18:00:39,941 - INFO - COM3: {event: MeshTxComplete, data: {'token': 32}}
2020-01-20 18:02:58,859 - DEBUG - COM3: RX: 00
2020-01-20 18:02:58,859 - ERROR - COM3: Invalid packet: bytearray(b'\x00')
2020-01-20 18:02:59,264 - DEBUG - COM3: RX: 04810200fe
2020-01-20 18:02:59,264 - DEBUG - COM3: parsed_packet {event: DeviceStarted, data: {'operating_mode': 2, 'hw_error': 0, 'data_credit_available': 254}}
2020-01-20 18:02:59,264 - INFO - COM3: Device rebooted.
2020-01-20 18:03:03,859 - DEBUG - COM3: TX: 0161
2020-01-20 18:03:03,861 - DEBUG - COM3: RX: 03846100
2020-01-20 18:03:03,861 - DEBUG - COM3: parsed_packet {event: CmdRsp, data: {'opcode': 97, 'status': 0, 'data': bytearray(b'')}}
2020-01-20 18:03:03,861 - INFO - COM3: Success
2020-01-20 18:03:03,895 - DEBUG - COM3: RX: 1ac0c86a88bbfa034047a539d04a8ded330fc000012539d04a8ded
2020-01-20 18:03:03,895 - DEBUG - COM3: parsed_packet {event: ProvUnprovisionedReceived, data: {'uuid': bytearray(b'\xc8j\x88\xbb\xfa\x03@G\xa59\xd0J\x8d\xed3\x0f'), 'rssi': -64, 'gatt_supported': 0, 'adv_addr_type': 1, 'adv_addr': bytearray(b'%9\xd0J\x8d\xed')}}
2020-01-20 18:03:03,895 - INFO - COM3: Received UUID c86a88bbfa034047a539d04a8ded330f with RSSI: -64 dB
2020-01-20 18:03:05,229 - DEBUG - COM3: RX: 1ac0d9cfbd4418e74240b492f8f01d1cd1acc50001b492f8f01ddc
2020-01-20 18:03:05,229 - DEBUG - COM3: parsed_packet {event: ProvUnprovisionedReceived, data: {'uuid': bytearray(b'\xd9\xcf\xbdD\x18\xe7B@\xb4\x92\xf8\xf0\x1d\x1c\xd1\xac'), 'rssi': -59, 'gatt_supported': 0, 'adv_addr_type': 1, 'adv_addr': bytearray(b'\xb4\x92\xf8\xf0\x1d\xdc')}}
2020-01-20 18:03:05,229 - INFO - COM3: Received UUID d9cfbd4418e74240b492f8f01d1cd1ac with RSSI: -59 dB
2020-01-20 18:03:05,355 - DEBUG - COM3: RX: 1ac0d5b91bba0508344a809923e28a48b06dba0001c09923e28ac8
2020-01-20 18:03:05,355 - DEBUG - COM3: parsed_packet {event: ProvUnprovisionedReceived, data: {'uuid': bytearray(b'\xd5\xb9\x1b\xba\x05\x084J\x80\x99#\xe2\x8aH\xb0m'), 'rssi': -70, 'gatt_supported': 0, 'adv_addr_type': 1, 'adv_addr': bytearray(b'\xc0\x99#\xe2\x8a\xc8')}}
2020-01-20 18:03:05,356 - INFO - COM3: Received UUID d5b91bba0508344a809923e28a48b06d with RSSI: -70 dB
2020-01-20 18:03:05,897 - DEBUG - COM3: RX: 1ac0c86a88bbfa034047a539d04a8ded330faf00012539d04a8ded
2020-01-20 18:03:05,898 - DEBUG - COM3: parsed_packet {event: ProvUnprovisionedReceived, data: {'uuid': bytearray(b'\xc8j\x88\xbb\xfa\x03@G\xa59\xd0J\x8d\xed3\x0f'), 'rssi': -81, 'gatt_supported': 0, 'adv_addr_type': 1, 'adv_addr': bytearray(b'%9\xd0J\x8d\xed')}}
2020-01-20 18:03:07,233 - DEBUG - COM3: RX: 1ac0d9cfbd4418e74240b492f8f01d1cd1acc60001b492f8f01ddc
2020-01-20 18:03:07,234 - DEBUG - COM3: parsed_packet {event: ProvUnprovisionedReceived, data: {'uuid': bytearray(b'\xd9\xcf\xbdD\x18\xe7B@\xb4\x92\xf8\xf0\x1d\x1c\xd1\xac'), 'rssi': -58, 'gatt_supported': 0, 'adv_addr_type': 1, 'adv_addr': bytearray(b'\xb4\x92\xf8\xf0\x1d\xdc')}}
2020-01-20 18:03:07,362 - DEBUG - COM3: RX: 1ac0d5b91bba0508344a809923e28a48b06dc40001c09923e28ac8
2020-01-20 18:03:07,362 - DEBUG - COM3: parsed_packet {event: ProvUnprovisionedReceived, data: {'uuid': bytearray(b'\xd5\xb9\x1b\xba\x05\x084J\x80\x99#\xe2\x8aH\xb0m'), 'rssi': -60, 'gatt_supported': 0, 'adv_addr_type': 1, 'adv_addr': bytearray(b'\xc0\x99#\xe2\x8a\xc8')}}
2020-01-20 18:03:07,899 - DEBUG - COM3: RX: 1ac0c86a88bbfa034047a539d04a8ded330fbf00012539d04a8ded
2020-01-20 18:03:07,899 - DEBUG - COM3: parsed_packet {event: ProvUnprovisionedReceived, data: {'uuid': bytearray(b'\xc8j\x88\xbb\xfa\x03@G\xa59\xd0J\x8d\xed3\x0f'), 'rssi': -65, 'gatt_supported': 0, 'adv_addr_type': 1, 'adv_addr': bytearray(b'%9\xd0J\x8d\xed')}}
2020-01-20 18:03:08,859 - DEBUG - COM3: TX: 0162
2020-01-20 18:03:08,861 - DEBUG - COM3: RX: 03846200
2020-01-20 18:03:08,861 - DEBUG - COM3: parsed_packet {event: CmdRsp, data: {'opcode': 98, 'status': 0, 'data': bytearray(b'')}}
2020-01-20 18:03:08,861 - INFO - COM3: Success
2020-01-20 18:03:19,409 - DEBUG - COM3: TX: 2d6300d9cfbd4418e74240b492f8f01d1cd1ac18eed9c2a56add85049ffc3c59ad0e120000000000004400000000
2020-01-20 18:03:19,409 - DEBUG - COM3: RX: 0484630000
2020-01-20 18:03:19,409 - DEBUG - COM3: parsed_packet {event: CmdRsp, data: {'opcode': 99, 'status': 0, 'data': bytearray(b'\x00')}}
2020-01-20 18:03:19,409 - INFO - COM3: Provision: {'context': 0}
2020-01-20 18:03:19,459 - DEBUG - COM3: RX: 02c100
2020-01-20 18:03:19,459 - DEBUG - COM3: parsed_packet {event: ProvLinkEstablished, data: {'context_id': 0}}
2020-01-20 18:03:19,459 - INFO - COM3: Link established
2020-01-20 18:03:19,520 - DEBUG - COM3: RX: 0bc300050001000000000000
2020-01-20 18:03:19,520 - DEBUG - COM3: parsed_packet {event: ProvCapsReceived, data: {'context_id': 0, 'num_elements': 5, 'public_key_type': 0, 'static_oob_types': 1, 'output_oob_size': 0, 'output_oob_actions': 0, 'input_oob_size': 0, 'input_oob_actions': 0}}
2020-01-20 18:03:19,520 - INFO - COM3: Received capabilities
2020-01-20 18:03:19,520 - INFO - COM3: Number of elements: 5
2020-01-20 18:03:19,520 - DEBUG - COM3: TX: 056600000000
2020-01-20 18:03:19,528 - DEBUG - COM3: RX: 0484660000
2020-01-20 18:03:19,528 - DEBUG - COM3: parsed_packet {event: CmdRsp, data: {'opcode': 102, 'status': 0, 'data': bytearray(b'\x00')}}
2020-01-20 18:03:19,529 - INFO - COM3: OobUse: {'context': 0}
2020-01-20 18:03:19,733 - DEBUG - COM3: RX: 62c700866833fb506bdf96955dd281aae779e9c96c5c21bd5235042331237ce48c6a680e597d307c31c0d106e2dca671b6cd97c1a3a83cbce9cbd90cc61dc7d06daaa329b3176ae7490ab981a55ef3aba471378352901e04c6259b366e6751d8ec093e
2020-01-20 18:03:19,733 - DEBUG - COM3: parsed_packet {event: ProvEcdhRequest, data: {'context_id': 0, 'peer_public': bytearray(b'\x86h3\xfbPk\xdf\x96\x95]\xd2\x81\xaa\xe7y\xe9\xc9l\\!\xbdR5\x04#1#|\xe4\x8cjh\x0eY}0|1\xc0\xd1\x06\xe2\xdc\xa6q\xb6\xcd\x97\xc1\xa3\xa8<\xbc\xe9\xcb\xd9\x0c\xc6\x1d\xc7\xd0m\xaa\xa3'), 'node_private': bytearray(b')\xb3\x17j\xe7I\n\xb9\x81\xa5^\xf3\xab\xa4q7\x83R\x90\x1e\x04\xc6%\x9b6ngQ\xd8\xec\t>')}}
2020-01-20 18:03:19,733 - INFO - COM3: ECDH request received
2020-01-20 18:03:19,734 - DEBUG - COM3: TX: 22680068e0c4e5449b092a08ade5510b3188df74af96ca38a420708a38677872fe662b
2020-01-20 18:03:19,740 - DEBUG - COM3: RX: 0484680000
2020-01-20 18:03:19,740 - DEBUG - COM3: parsed_packet {event: CmdRsp, data: {'opcode': 104, 'status': 0, 'data': bytearray(b'\x00')}}
2020-01-20 18:03:19,740 - INFO - COM3: EcdhSecret: {'context': 0}
2020-01-20 18:03:24,063 - DEBUG - COM3: RX: 2cc5000000000000004400000038e98ef152d20e1d41885e5c3eab33f918eed9c2a56add85049ffc3c59ad0e12
2020-01-20 18:03:24,063 - DEBUG - COM3: parsed_packet {event: ProvComplete, data: {'context_id': 0, 'iv_index': 0, 'net_key_index': 0, 'address': 68, 'iv_update_flag': 0, 'key_refresh_flag': 0, 'device_key': bytearray(b'8\xe9\x8e\xf1R\xd2\x0e\x1dA\x88^\\>\xab3\xf9'), 'net_key': bytearray(b'\x18\xee\xd9\xc2\xa5j\xdd\x85\x04\x9f\xfc<Y\xad\x0e\x12')}}
2020-01-20 18:03:24,063 - INFO - COM3: Provisioning complete
2020-01-20 18:03:24,063 - INFO - COM3: 	Address(es): 0x44-0x48
2020-01-20 18:03:24,063 - INFO - COM3: 	Device key: 38e98ef152d20e1d41885e5c3eab33f9
2020-01-20 18:03:24,063 - INFO - COM3: 	Network key: 18eed9c2a56add85049ffc3c59ad0e12
2020-01-20 18:03:24,063 - INFO - COM3: Adding device key to subnet 0
2020-01-20 18:03:24,063 - INFO - COM3: Adding publication address of root element
2020-01-20 18:03:24,063 - DEBUG - COM3: TX: 159c4400000038e98ef152d20e1d41885e5c3eab33f9
2020-01-20 18:03:24,063 - DEBUG - COM3: TX: 03a44400
2020-01-20 18:03:24,063 - DEBUG - COM3: RX: 03849c8e
2020-01-20 18:03:24,063 - DEBUG - COM3: parsed_packet {event: CmdRsp, data: {'opcode': 156, 'status': 142, 'data': bytearray(b'')}}
2020-01-20 18:03:24,063 - ERROR - COM3: DevkeyAdd: ERROR_REJECTED
2020-01-20 18:03:24,079 - DEBUG - COM3: RX: 0584a4000000
2020-01-20 18:03:24,079 - DEBUG - COM3: parsed_packet {event: CmdRsp, data: {'opcode': 164, 'status': 0, 'data': bytearray(b'\x00\x00')}}
2020-01-20 18:03:24,079 - INFO - COM3: AddrPublicationAdd: {'address_handle': 0}
2020-01-20 18:03:24,185 - DEBUG - COM3: RX: 03c20000
2020-01-20 18:03:24,186 - DEBUG - COM3: parsed_packet {event: ProvLinkClosed, data: {'context_id': 0, 'close_reason': 0}}
2020-01-20 18:03:24,186 - INFO - COM3: Provisioning link closed
2020-01-20 18:03:44,122 - DEBUG - COM3.ConfigurationClient: Sending opcode: 8008, data: 00
2020-01-20 18:03:44,122 - DEBUG - COM3: TX: 0eab08000100000008000000800800
2020-01-20 18:03:44,124 - DEBUG - COM3: RX: 0384ab87
2020-01-20 18:03:44,124 - DEBUG - COM3: parsed_packet {event: CmdRsp, data: {'opcode': 171, 'status': 135, 'data': bytearray(b'')}}
2020-01-20 18:03:44,124 - ERROR - COM3: PacketSend: ERROR_INVALID_DATA
2020-01-20 18:03:46,125 - DEBUG - COM3.ConfigurationClient: Sending opcode: 00, data: 0000004f68ad85d9f48ac8589df665b6b49b8a
2020-01-20 18:03:46,125 - DEBUG - COM3: TX: 1fab08000100000008000000000000004f68ad85d9f48ac8589df665b6b49b8a
2020-01-20 18:03:46,125 - DEBUG - COM3: RX: 0384ab87
2020-01-20 18:03:46,125 - DEBUG - COM3: parsed_packet {event: CmdRsp, data: {'opcode': 171, 'status': 135, 'data': bytearray(b'')}}
2020-01-20 18:03:46,125 - ERROR - COM3: PacketSend: ERROR_INVALID_DATA
2020-01-20 18:03:47,132 - DEBUG - COM3.ConfigurationClient: Sending opcode: 803d, data: 440000000210
2020-01-20 18:03:47,132 - DEBUG - COM3: TX: 13ab08000100000008000000803d440000000210
2020-01-20 18:03:47,132 - DEBUG - COM3: RX: 0384ab87
2020-01-20 18:03:47,132 - DEBUG - COM3: parsed_packet {event: CmdRsp, data: {'opcode': 171, 'status': 135, 'data': bytearray(b'')}}
2020-01-20 18:03:47,132 - ERROR - COM3: PacketSend: ERROR_INVALID_DATA
2020-01-20 18:03:51,160 - INFO - COM3.NodeConfigClient: Send Data1: 16
2020-01-20 18:03:51,160 - INFO - COM3.NodeConfigClient: Send Data2: 0
2020-01-20 18:03:51,160 - INFO - COM3.NodeConfigClient: Send Data3: 0
2020-01-20 18:03:51,160 - INFO - COM3.NodeConfigClient: Send Data4: 0
2020-01-20 18:03:51,160 - INFO - COM3.NodeConfigClient: Send Data: bytearray(b'\x00\x00\x00\x10\x00')
2020-01-20 18:03:51,160 - DEBUG - COM3.NodeConfigClient: Sending opcode: 8206, data: 0000001000
2020-01-20 18:03:51,160 - DEBUG - COM3: TX: 12ab0000010000000800000082060000001000
2020-01-20 18:03:51,160 - DEBUG - COM3: RX: 0384ab87
2020-01-20 18:03:51,160 - DEBUG - COM3: parsed_packet {event: CmdRsp, data: {'opcode': 171, 'status': 135, 'data': bytearray(b'')}}
2020-01-20 18:03:51,160 - ERROR - COM3: PacketSend: ERROR_INVALID_DATA
2020-01-20 18:03:56,171 - DEBUG - COM3.ConfigurationClient: Sending opcode: 8049, data: 
2020-01-20 18:03:56,171 - DEBUG - COM3: TX: 0dab080001000000080000008049
2020-01-20 18:03:56,171 - DEBUG - COM3: RX: 0384ab87
2020-01-20 18:03:56,171 - DEBUG - COM3: parsed_packet {event: CmdRsp, data: {'opcode': 171, 'status': 135, 'data': bytearray(b'')}}
2020-01-20 18:03:56,171 - ERROR - COM3: PacketSend: ERROR_INVALID_DATA
2020-01-20 18:04:59,978 - DEBUG - COM3: RX: 00
2020-01-20 18:04:59,978 - ERROR - COM3: Invalid packet: bytearray(b'\x00')
2020-01-20 18:05:00,395 - DEBUG - COM3: RX: 04810200fe
2020-01-20 18:05:00,395 - DEBUG - COM3: parsed_packet {event: DeviceStarted, data: {'operating_mode': 2, 'hw_error': 0, 'data_credit_available': 254}}
2020-01-20 18:05:00,395 - INFO - COM3: Device rebooted.
