2020-01-20 17:07:48,089 - DEBUG - COM3: TX: 61692e92d575d9e3c6955c0728c6c9f03b572f8f609407e371e88b936ef7d3184e5a5d9141d2a3acb91bf386af83a5702068760b9b272810e403b745033fca574ad567202572c08b3212cf9a414fb3c5e2fbbd85cfecee0e12179a8fba8e21369002
2020-01-20 17:07:48,101 - DEBUG - COM3: RX: 03846900
2020-01-20 17:07:48,101 - DEBUG - COM3: parsed_packet {event: CmdRsp, data: {'opcode': 105, 'status': 0, 'data': bytearray(b'')}}
2020-01-20 17:07:48,102 - DEBUG - COM3: TX: 059f01000100
2020-01-20 17:07:48,102 - INFO - COM3: Success
2020-01-20 17:07:48,104 - DEBUG - COM3: RX: 03849f00
2020-01-20 17:07:48,104 - DEBUG - COM3: parsed_packet {event: CmdRsp, data: {'opcode': 159, 'status': 0, 'data': bytearray(b'')}}
2020-01-20 17:07:48,105 - DEBUG - COM3: TX: 1392000018eed9c2a56add85049ffc3c59ad0e12
2020-01-20 17:07:48,105 - INFO - COM3: Success
2020-01-20 17:07:48,109 - DEBUG - COM3: RX: 058492000000
2020-01-20 17:07:48,109 - DEBUG - COM3: parsed_packet {event: CmdRsp, data: {'opcode': 146, 'status': 0, 'data': bytearray(b'\x00\x00')}}
2020-01-20 17:07:48,109 - DEBUG - COM3: TX: 1597000000004f68ad85d9f48ac8589df665b6b49b8a
2020-01-20 17:07:48,109 - INFO - COM3: SubnetAdd: {'subnet_handle': 0}
2020-01-20 17:07:48,114 - DEBUG - COM3: RX: 058497000000
2020-01-20 17:07:48,114 - DEBUG - COM3: parsed_packet {event: CmdRsp, data: {'opcode': 151, 'status': 0, 'data': bytearray(b'\x00\x00')}}
2020-01-20 17:07:48,114 - DEBUG - COM3: TX: 1597010000002aa2a6ded5a0798ceab5787ca3ae39fc
2020-01-20 17:07:48,114 - INFO - COM3: AppkeyAdd: {'appkey_handle': 0}
2020-01-20 17:07:48,118 - DEBUG - COM3: RX: 058497000100
2020-01-20 17:07:48,118 - DEBUG - COM3: parsed_packet {event: CmdRsp, data: {'opcode': 151, 'status': 0, 'data': bytearray(b'\x01\x00')}}
2020-01-20 17:07:48,118 - INFO - COM3: AppkeyAdd: {'appkey_handle': 1}
2020-01-20 17:07:58,635 - DEBUG - COM3: TX: 0161
2020-01-20 17:07:58,636 - DEBUG - COM3: RX: 03846100
2020-01-20 17:07:58,636 - DEBUG - COM3: parsed_packet {event: CmdRsp, data: {'opcode': 97, 'status': 0, 'data': bytearray(b'')}}
2020-01-20 17:07:58,637 - INFO - COM3: Success
2020-01-20 17:07:58,646 - DEBUG - COM3: RX: 1ac0c86a88bbfa034047a539d04a8ded330fc000012539d04a8ded
2020-01-20 17:07:58,647 - DEBUG - COM3: parsed_packet {event: ProvUnprovisionedReceived, data: {'uuid': bytearray(b'\xc8j\x88\xbb\xfa\x03@G\xa59\xd0J\x8d\xed3\x0f'), 'rssi': -64, 'gatt_supported': 0, 'adv_addr_type': 1, 'adv_addr': bytearray(b'%9\xd0J\x8d\xed')}}
2020-01-20 17:07:58,647 - INFO - COM3: Received UUID c86a88bbfa034047a539d04a8ded330f with RSSI: -64 dB
2020-01-20 17:07:59,086 - DEBUG - COM3: RX: 1ac0d9cfbd4418e74240b492f8f01d1cd1acbb0001b492f8f01ddc
2020-01-20 17:07:59,087 - DEBUG - COM3: parsed_packet {event: ProvUnprovisionedReceived, data: {'uuid': bytearray(b'\xd9\xcf\xbdD\x18\xe7B@\xb4\x92\xf8\xf0\x1d\x1c\xd1\xac'), 'rssi': -69, 'gatt_supported': 0, 'adv_addr_type': 1, 'adv_addr': bytearray(b'\xb4\x92\xf8\xf0\x1d\xdc')}}
2020-01-20 17:07:59,087 - INFO - COM3: Received UUID d9cfbd4418e74240b492f8f01d1cd1ac with RSSI: -69 dB
2020-01-20 17:07:59,624 - DEBUG - COM3: RX: 1ac0d5b91bba0508344a809923e28a48b06dbb0001c09923e28ac8
2020-01-20 17:07:59,624 - DEBUG - COM3: parsed_packet {event: ProvUnprovisionedReceived, data: {'uuid': bytearray(b'\xd5\xb9\x1b\xba\x05\x084J\x80\x99#\xe2\x8aH\xb0m'), 'rssi': -69, 'gatt_supported': 0, 'adv_addr_type': 1, 'adv_addr': bytearray(b'\xc0\x99#\xe2\x8a\xc8')}}
2020-01-20 17:07:59,624 - INFO - COM3: Received UUID d5b91bba0508344a809923e28a48b06d with RSSI: -69 dB
2020-01-20 17:08:00,664 - DEBUG - COM3: RX: 1ac0c86a88bbfa034047a539d04a8ded330fba00012539d04a8ded
2020-01-20 17:08:00,664 - DEBUG - COM3: parsed_packet {event: ProvUnprovisionedReceived, data: {'uuid': bytearray(b'\xc8j\x88\xbb\xfa\x03@G\xa59\xd0J\x8d\xed3\x0f'), 'rssi': -70, 'gatt_supported': 0, 'adv_addr_type': 1, 'adv_addr': bytearray(b'%9\xd0J\x8d\xed')}}
2020-01-20 17:08:01,095 - DEBUG - COM3: RX: 1ac0d9cfbd4418e74240b492f8f01d1cd1acbe0001b492f8f01ddc
2020-01-20 17:08:01,095 - DEBUG - COM3: parsed_packet {event: ProvUnprovisionedReceived, data: {'uuid': bytearray(b'\xd9\xcf\xbdD\x18\xe7B@\xb4\x92\xf8\xf0\x1d\x1c\xd1\xac'), 'rssi': -66, 'gatt_supported': 0, 'adv_addr_type': 1, 'adv_addr': bytearray(b'\xb4\x92\xf8\xf0\x1d\xdc')}}
2020-01-20 17:08:01,630 - DEBUG - COM3: RX: 1ac0d5b91bba0508344a809923e28a48b06dc20001c09923e28ac8
2020-01-20 17:08:01,631 - DEBUG - COM3: parsed_packet {event: ProvUnprovisionedReceived, data: {'uuid': bytearray(b'\xd5\xb9\x1b\xba\x05\x084J\x80\x99#\xe2\x8aH\xb0m'), 'rssi': -62, 'gatt_supported': 0, 'adv_addr_type': 1, 'adv_addr': bytearray(b'\xc0\x99#\xe2\x8a\xc8')}}
2020-01-20 17:08:02,650 - DEBUG - COM3: RX: 1ac0c86a88bbfa034047a539d04a8ded330fbc00012539d04a8ded
2020-01-20 17:08:02,650 - DEBUG - COM3: parsed_packet {event: ProvUnprovisionedReceived, data: {'uuid': bytearray(b'\xc8j\x88\xbb\xfa\x03@G\xa59\xd0J\x8d\xed3\x0f'), 'rssi': -68, 'gatt_supported': 0, 'adv_addr_type': 1, 'adv_addr': bytearray(b'%9\xd0J\x8d\xed')}}
2020-01-20 17:08:03,095 - DEBUG - COM3: RX: 1ac0d9cfbd4418e74240b492f8f01d1cd1acbf0001b492f8f01ddc
2020-01-20 17:08:03,095 - DEBUG - COM3: parsed_packet {event: ProvUnprovisionedReceived, data: {'uuid': bytearray(b'\xd9\xcf\xbdD\x18\xe7B@\xb4\x92\xf8\xf0\x1d\x1c\xd1\xac'), 'rssi': -65, 'gatt_supported': 0, 'adv_addr_type': 1, 'adv_addr': bytearray(b'\xb4\x92\xf8\xf0\x1d\xdc')}}
2020-01-20 17:08:03,636 - DEBUG - COM3: TX: 0162
2020-01-20 17:08:03,638 - DEBUG - COM3: RX: 1ac0d5b91bba0508344a809923e28a48b06dbe0001c09923e28ac8
2020-01-20 17:08:03,639 - DEBUG - COM3: parsed_packet {event: ProvUnprovisionedReceived, data: {'uuid': bytearray(b'\xd5\xb9\x1b\xba\x05\x084J\x80\x99#\xe2\x8aH\xb0m'), 'rssi': -66, 'gatt_supported': 0, 'adv_addr_type': 1, 'adv_addr': bytearray(b'\xc0\x99#\xe2\x8a\xc8')}}
2020-01-20 17:08:03,639 - DEBUG - COM3: RX: 03846200
2020-01-20 17:08:03,639 - DEBUG - COM3: parsed_packet {event: CmdRsp, data: {'opcode': 98, 'status': 0, 'data': bytearray(b'')}}
2020-01-20 17:08:03,640 - INFO - COM3: Success
2020-01-20 17:08:25,598 - DEBUG - COM3: TX: 2d6300d9cfbd4418e74240b492f8f01d1cd1ac18eed9c2a56add85049ffc3c59ad0e120000000000004000000000
2020-01-20 17:08:25,604 - DEBUG - COM3: RX: 0484630000
2020-01-20 17:08:25,604 - DEBUG - COM3: parsed_packet {event: CmdRsp, data: {'opcode': 99, 'status': 0, 'data': bytearray(b'\x00')}}
2020-01-20 17:08:25,604 - INFO - COM3: Provision: {'context': 0}
2020-01-20 17:08:25,624 - DEBUG - COM3: RX: 02c100
2020-01-20 17:08:25,624 - DEBUG - COM3: parsed_packet {event: ProvLinkEstablished, data: {'context_id': 0}}
2020-01-20 17:08:25,624 - INFO - COM3: Link established
2020-01-20 17:08:25,674 - DEBUG - COM3: RX: 0bc300010001000000000000
2020-01-20 17:08:25,674 - DEBUG - COM3: parsed_packet {event: ProvCapsReceived, data: {'context_id': 0, 'num_elements': 1, 'public_key_type': 0, 'static_oob_types': 1, 'output_oob_size': 0, 'output_oob_actions': 0, 'input_oob_size': 0, 'input_oob_actions': 0}}
2020-01-20 17:08:25,675 - INFO - COM3: Received capabilities
2020-01-20 17:08:25,675 - INFO - COM3: Number of elements: 1
2020-01-20 17:08:25,675 - DEBUG - COM3: TX: 056600000000
2020-01-20 17:08:25,677 - DEBUG - COM3: RX: 0484660000
2020-01-20 17:08:25,677 - DEBUG - COM3: parsed_packet {event: CmdRsp, data: {'opcode': 102, 'status': 0, 'data': bytearray(b'\x00')}}
2020-01-20 17:08:25,677 - INFO - COM3: OobUse: {'context': 0}
2020-01-20 17:08:27,879 - DEBUG - COM3: RX: 62c7003da919a901161946a2602ae784b3114556550fbb8b6cf2254610c9414d125db0f8741649f43cb06db5d385d1e7e9a953673156dcd230251e5b25c7a91b61f14c2e92d575d9e3c6955c0728c6c9f03b572f8f609407e371e88b936ef7d3184e5a
2020-01-20 17:08:27,879 - DEBUG - COM3: parsed_packet {event: ProvEcdhRequest, data: {'context_id': 0, 'peer_public': bytearray(b'=\xa9\x19\xa9\x01\x16\x19F\xa2`*\xe7\x84\xb3\x11EVU\x0f\xbb\x8bl\xf2%F\x10\xc9AM\x12]\xb0\xf8t\x16I\xf4<\xb0m\xb5\xd3\x85\xd1\xe7\xe9\xa9Sg1V\xdc\xd20%\x1e[%\xc7\xa9\x1ba\xf1L'), 'node_private': bytearray(b'.\x92\xd5u\xd9\xe3\xc6\x95\\\x07(\xc6\xc9\xf0;W/\x8f`\x94\x07\xe3q\xe8\x8b\x93n\xf7\xd3\x18NZ')}}
2020-01-20 17:08:27,879 - INFO - COM3: ECDH request received
2020-01-20 17:08:27,879 - DEBUG - COM3: TX: 2268000edd88b62400fae572051e9ae95060756ad6c49a8dfcb4395f074d1bf77260fb
2020-01-20 17:08:27,895 - DEBUG - COM3: RX: 0484680000
2020-01-20 17:08:27,895 - DEBUG - COM3: parsed_packet {event: CmdRsp, data: {'opcode': 104, 'status': 0, 'data': bytearray(b'\x00')}}
2020-01-20 17:08:27,895 - INFO - COM3: EcdhSecret: {'context': 0}
2020-01-20 17:08:28,221 - DEBUG - COM3: RX: 2cc50000000000000040000000173c4a0d6d487804933609c7921093a018eed9c2a56add85049ffc3c59ad0e12
2020-01-20 17:08:28,221 - DEBUG - COM3: parsed_packet {event: ProvComplete, data: {'context_id': 0, 'iv_index': 0, 'net_key_index': 0, 'address': 64, 'iv_update_flag': 0, 'key_refresh_flag': 0, 'device_key': bytearray(b'\x17<J\rmHx\x04\x936\t\xc7\x92\x10\x93\xa0'), 'net_key': bytearray(b'\x18\xee\xd9\xc2\xa5j\xdd\x85\x04\x9f\xfc<Y\xad\x0e\x12')}}
2020-01-20 17:08:28,221 - INFO - COM3: Provisioning complete
2020-01-20 17:08:28,222 - INFO - COM3: 	Address(es): 0x40-0x40
2020-01-20 17:08:28,222 - INFO - COM3: 	Device key: 173c4a0d6d487804933609c7921093a0
2020-01-20 17:08:28,222 - INFO - COM3: 	Network key: 18eed9c2a56add85049ffc3c59ad0e12
2020-01-20 17:08:28,222 - INFO - COM3: Adding device key to subnet 0
2020-01-20 17:08:28,223 - DEBUG - COM3: TX: 159c40000000173c4a0d6d487804933609c7921093a0
2020-01-20 17:08:28,223 - INFO - COM3: Adding publication address of root element
2020-01-20 17:08:28,223 - DEBUG - COM3: TX: 03a44000
2020-01-20 17:08:28,235 - DEBUG - COM3: RX: 05849c000800
2020-01-20 17:08:28,235 - DEBUG - COM3: parsed_packet {event: CmdRsp, data: {'opcode': 156, 'status': 0, 'data': bytearray(b'\x08\x00')}}
2020-01-20 17:08:28,236 - INFO - COM3: DevkeyAdd: {'devkey_handle': 8}
2020-01-20 17:08:28,236 - DEBUG - COM3: RX: 0584a4000000
2020-01-20 17:08:28,236 - DEBUG - COM3: parsed_packet {event: CmdRsp, data: {'opcode': 164, 'status': 0, 'data': bytearray(b'\x00\x00')}}
2020-01-20 17:08:28,236 - INFO - COM3: AddrPublicationAdd: {'address_handle': 0}
2020-01-20 17:08:28,328 - DEBUG - COM3: RX: 03c20000
2020-01-20 17:08:28,329 - DEBUG - COM3: parsed_packet {event: ProvLinkClosed, data: {'context_id': 0, 'close_reason': 0}}
2020-01-20 17:08:28,329 - INFO - COM3: Provisioning link closed
2020-01-20 17:08:57,765 - DEBUG - COM3.ConfigurationClient: Sending opcode: 8008, data: 00
2020-01-20 17:08:57,765 - DEBUG - COM3: TX: 0eab08000100000008000000800800
2020-01-20 17:08:57,768 - DEBUG - COM3: RX: 0784ab0001000000
2020-01-20 17:08:57,768 - DEBUG - COM3: parsed_packet {event: CmdRsp, data: {'opcode': 171, 'status': 0, 'data': bytearray(b'\x01\x00\x00\x00')}}
2020-01-20 17:08:57,768 - INFO - COM3: PacketSend: {'token': 1}
2020-01-20 17:08:57,771 - DEBUG - COM3: RX: 05d201000000
2020-01-20 17:08:57,771 - DEBUG - COM3: parsed_packet {event: MeshTxComplete, data: {'token': 1}}
2020-01-20 17:08:57,771 - INFO - COM3: {event: MeshTxComplete, data: {'token': 1}}
2020-01-20 17:08:57,832 - DEBUG - COM3: RX: 2ad040000100080000000401b492f8f01ddcb7160002005900000000002800070000000300000002000010
2020-01-20 17:08:57,832 - DEBUG - COM3: parsed_packet {event: MeshMessageReceivedUnicast, data: {'src': 64, 'dst': 1, 'appkey_handle': 8, 'subnet_handle': 0, 'ttl': 4, 'adv_addr_type': 1, 'adv_addr': bytearray(b'\xb4\x92\xf8\xf0\x1d\xdc'), 'rssi': -73, 'actual_length': 22, 'data': bytearray(b'\x02\x00Y\x00\x00\x00\x00\x00(\x00\x07\x00\x00\x00\x03\x00\x00\x00\x02\x00\x00\x10')}}
2020-01-20 17:08:57,844 - INFO - COM3.ConfigurationClient: Received composition data (page 0x00): {
  "cid": "0059",
  "pid": "0000",
  "vid": "0000",
  "crpl": 40,
  "features": {
    "relay": 0,
    "proxy": 0,
    "friend": 0,
    "low_power": 2
  },
  "elements": [
    {
      "index": 0,
      "location": "0000",
      "models": [
        {
          "modelId": "0000"
        },
        {
          "modelId": "0002"
        },
        {
          "modelId": "1000"
        }
      ]
    }
  ]
}
2020-01-20 17:08:57,845 - DEBUG - COM3: Message Opcode bytearray(b'\x02'), Data bytearray(b'\x00Y\x00\x00\x00\x00\x00(\x00\x07\x00\x00\x00\x03\x00\x00\x00\x02\x00\x00\x10') unknown for model <mesh.access.Access object at 0x0000025660880610>.
2020-01-20 17:08:59,765 - DEBUG - COM3.ConfigurationClient: Sending opcode: 00, data: 0000004f68ad85d9f48ac8589df665b6b49b8a
2020-01-20 17:08:59,765 - DEBUG - COM3: TX: 1fab08000100000008000000000000004f68ad85d9f48ac8589df665b6b49b8a
2020-01-20 17:08:59,771 - DEBUG - COM3: RX: 0784ab0002000000
2020-01-20 17:08:59,771 - DEBUG - COM3: parsed_packet {event: CmdRsp, data: {'opcode': 171, 'status': 0, 'data': bytearray(b'\x02\x00\x00\x00')}}
2020-01-20 17:08:59,771 - INFO - COM3: PacketSend: {'token': 2}
2020-01-20 17:09:00,767 - DEBUG - COM3.ConfigurationClient: Sending opcode: 803d, data: 400000000010
2020-01-20 17:09:00,767 - DEBUG - COM3: TX: 13ab08000100000008000000803d400000000010
2020-01-20 17:09:00,767 - DEBUG - COM3: RX: 0784ab0003000000
2020-01-20 17:09:00,767 - DEBUG - COM3: parsed_packet {event: CmdRsp, data: {'opcode': 171, 'status': 0, 'data': bytearray(b'\x03\x00\x00\x00')}}
2020-01-20 17:09:00,767 - INFO - COM3: PacketSend: {'token': 3}
2020-01-20 17:09:00,790 - DEBUG - COM3: RX: 05d203000000
2020-01-20 17:09:00,790 - DEBUG - COM3: parsed_packet {event: MeshTxComplete, data: {'token': 3}}
2020-01-20 17:09:00,791 - INFO - COM3: {event: MeshTxComplete, data: {'token': 3}}
2020-01-20 17:09:00,796 - DEBUG - COM3: RX: 1dd040000100080000000401b492f8f01ddcc00900803e03400000000010
2020-01-20 17:09:00,796 - DEBUG - COM3: parsed_packet {event: MeshMessageReceivedUnicast, data: {'src': 64, 'dst': 1, 'appkey_handle': 8, 'subnet_handle': 0, 'ttl': 4, 'adv_addr_type': 1, 'adv_addr': bytearray(b'\xb4\x92\xf8\xf0\x1d\xdc'), 'rssi': -64, 'actual_length': 9, 'data': bytearray(b'\x80>\x03@\x00\x00\x00\x00\x10')}}
2020-01-20 17:09:00,796 - INFO - COM3.ConfigurationClient: Model app bind status: AccessStatus.INVALID_APPKEY_INDEX
2020-01-20 17:09:00,797 - DEBUG - COM3: Message Opcode bytearray(b'\x80>'), Data bytearray(b'\x03@\x00\x00\x00\x00\x10') unknown for model <mesh.access.Access object at 0x0000025660880610>.
2020-01-20 17:09:01,310 - DEBUG - COM3: RX: 05d202000000
2020-01-20 17:09:01,311 - DEBUG - COM3: parsed_packet {event: MeshTxComplete, data: {'token': 2}}
2020-01-20 17:09:01,311 - INFO - COM3: {event: MeshTxComplete, data: {'token': 2}}
2020-01-20 17:09:01,338 - DEBUG - COM3: RX: 1ad040000100080000000401b492f8f01ddcc10600800300000000
2020-01-20 17:09:01,338 - DEBUG - COM3: parsed_packet {event: MeshMessageReceivedUnicast, data: {'src': 64, 'dst': 1, 'appkey_handle': 8, 'subnet_handle': 0, 'ttl': 4, 'adv_addr_type': 1, 'adv_addr': bytearray(b'\xb4\x92\xf8\xf0\x1d\xdc'), 'rssi': -63, 'actual_length': 6, 'data': bytearray(b'\x80\x03\x00\x00\x00\x00')}}
2020-01-20 17:09:01,338 - INFO - COM3.ConfigurationClient: Appkey status: AccessStatus.SUCCESS
2020-01-20 17:09:01,354 - INFO - COM3.ConfigurationClient: Appkey bind 0 succeded for subnet 0 at node 0040
2020-01-20 17:09:01,354 - DEBUG - COM3: Message Opcode bytearray(b'\x80\x03'), Data bytearray(b'\x00\x00\x00\x00') unknown for model <mesh.access.Access object at 0x0000025660880610>.
2020-01-20 17:09:01,776 - DEBUG - COM3.GenericOnOffClient: Sending opcode: 8202, data: 0000
2020-01-20 17:09:01,776 - DEBUG - COM3: TX: 0fab0000010000000800000082020000
2020-01-20 17:09:01,776 - DEBUG - COM3: RX: 0784ab0004000000
2020-01-20 17:09:01,776 - DEBUG - COM3: parsed_packet {event: CmdRsp, data: {'opcode': 171, 'status': 0, 'data': bytearray(b'\x04\x00\x00\x00')}}
2020-01-20 17:09:01,776 - INFO - COM3: PacketSend: {'token': 4}
2020-01-20 17:09:01,776 - DEBUG - COM3: RX: 05d204000000
2020-01-20 17:09:01,776 - DEBUG - COM3: parsed_packet {event: MeshTxComplete, data: {'token': 4}}
2020-01-20 17:09:01,776 - INFO - COM3: {event: MeshTxComplete, data: {'token': 4}}
2020-01-20 17:09:13,482 - DEBUG - COM3.ConfigurationClient: Sending opcode: 8008, data: 00
2020-01-20 17:09:13,483 - DEBUG - COM3: TX: 0eab08000100000008000000800800
2020-01-20 17:09:13,486 - DEBUG - COM3: RX: 0784ab0005000000
2020-01-20 17:09:13,487 - DEBUG - COM3: parsed_packet {event: CmdRsp, data: {'opcode': 171, 'status': 0, 'data': bytearray(b'\x05\x00\x00\x00')}}
2020-01-20 17:09:13,487 - INFO - COM3: PacketSend: {'token': 5}
2020-01-20 17:09:13,488 - DEBUG - COM3: RX: 05d205000000
2020-01-20 17:09:13,489 - DEBUG - COM3: parsed_packet {event: MeshTxComplete, data: {'token': 5}}
2020-01-20 17:09:13,489 - INFO - COM3: {event: MeshTxComplete, data: {'token': 5}}
2020-01-20 17:09:13,554 - DEBUG - COM3: RX: 2ad040000100080000000401b492f8f01ddcc1160002005900000000002800070000000300000002000010
2020-01-20 17:09:13,554 - DEBUG - COM3: parsed_packet {event: MeshMessageReceivedUnicast, data: {'src': 64, 'dst': 1, 'appkey_handle': 8, 'subnet_handle': 0, 'ttl': 4, 'adv_addr_type': 1, 'adv_addr': bytearray(b'\xb4\x92\xf8\xf0\x1d\xdc'), 'rssi': -63, 'actual_length': 22, 'data': bytearray(b'\x02\x00Y\x00\x00\x00\x00\x00(\x00\x07\x00\x00\x00\x03\x00\x00\x00\x02\x00\x00\x10')}}
2020-01-20 17:09:13,565 - INFO - COM3.ConfigurationClient: Received composition data (page 0x00): {
  "cid": "0059",
  "pid": "0000",
  "vid": "0000",
  "crpl": 40,
  "features": {
    "relay": 0,
    "proxy": 0,
    "friend": 0,
    "low_power": 2
  },
  "elements": [
    {
      "index": 0,
      "location": "0000",
      "models": [
        {
          "modelId": "0000"
        },
        {
          "modelId": "0002"
        },
        {
          "modelId": "1000"
        }
      ]
    }
  ]
}
2020-01-20 17:09:13,566 - DEBUG - COM3: Message Opcode bytearray(b'\x02'), Data bytearray(b'\x00Y\x00\x00\x00\x00\x00(\x00\x07\x00\x00\x00\x03\x00\x00\x00\x02\x00\x00\x10') unknown for model <mesh.access.Access object at 0x0000025660880610>.
2020-01-20 17:09:13,566 - DEBUG - COM3: Message Opcode bytearray(b'\x02'), Data bytearray(b'\x00Y\x00\x00\x00\x00\x00(\x00\x07\x00\x00\x00\x03\x00\x00\x00\x02\x00\x00\x10') unknown for model <mesh.access.Access object at 0x0000025660880610>.
2020-01-20 17:09:15,483 - DEBUG - COM3.ConfigurationClient: Sending opcode: 00, data: 0000004f68ad85d9f48ac8589df665b6b49b8a
2020-01-20 17:09:15,483 - DEBUG - COM3: TX: 1fab08000100000008000000000000004f68ad85d9f48ac8589df665b6b49b8a
2020-01-20 17:09:15,488 - DEBUG - COM3: RX: 0784ab0006000000
2020-01-20 17:09:15,489 - DEBUG - COM3: parsed_packet {event: CmdRsp, data: {'opcode': 171, 'status': 0, 'data': bytearray(b'\x06\x00\x00\x00')}}
2020-01-20 17:09:15,489 - INFO - COM3: PacketSend: {'token': 6}
2020-01-20 17:09:15,546 - DEBUG - COM3: RX: 05d206000000
2020-01-20 17:09:15,546 - DEBUG - COM3: parsed_packet {event: MeshTxComplete, data: {'token': 6}}
2020-01-20 17:09:15,546 - INFO - COM3: {event: MeshTxComplete, data: {'token': 6}}
2020-01-20 17:09:15,579 - DEBUG - COM3: RX: 1ad040000100080000000401b492f8f01ddcba0600800300000000
2020-01-20 17:09:15,579 - DEBUG - COM3: parsed_packet {event: MeshMessageReceivedUnicast, data: {'src': 64, 'dst': 1, 'appkey_handle': 8, 'subnet_handle': 0, 'ttl': 4, 'adv_addr_type': 1, 'adv_addr': bytearray(b'\xb4\x92\xf8\xf0\x1d\xdc'), 'rssi': -70, 'actual_length': 6, 'data': bytearray(b'\x80\x03\x00\x00\x00\x00')}}
2020-01-20 17:09:15,579 - INFO - COM3.ConfigurationClient: Appkey status: AccessStatus.SUCCESS
2020-01-20 17:09:15,594 - INFO - COM3.ConfigurationClient: Appkey add 0 succeded for subnet 0 at node 0040
2020-01-20 17:09:15,594 - DEBUG - COM3: Message Opcode bytearray(b'\x80\x03'), Data bytearray(b'\x00\x00\x00\x00') unknown for model <mesh.access.Access object at 0x0000025660880610>.
2020-01-20 17:09:15,594 - DEBUG - COM3: Message Opcode bytearray(b'\x80\x03'), Data bytearray(b'\x00\x00\x00\x00') unknown for model <mesh.access.Access object at 0x0000025660880610>.
2020-01-20 17:09:16,497 - DEBUG - COM3.ConfigurationClient: Sending opcode: 803d, data: 400000000010
2020-01-20 17:09:16,497 - DEBUG - COM3: TX: 13ab08000100000008000000803d400000000010
2020-01-20 17:09:16,497 - DEBUG - COM3: RX: 0784ab0007000000
2020-01-20 17:09:16,497 - DEBUG - COM3: parsed_packet {event: CmdRsp, data: {'opcode': 171, 'status': 0, 'data': bytearray(b'\x07\x00\x00\x00')}}
2020-01-20 17:09:16,497 - INFO - COM3: PacketSend: {'token': 7}
2020-01-20 17:09:16,497 - DEBUG - COM3: RX: 05d207000000
2020-01-20 17:09:16,497 - DEBUG - COM3: parsed_packet {event: MeshTxComplete, data: {'token': 7}}
2020-01-20 17:09:16,497 - INFO - COM3: {event: MeshTxComplete, data: {'token': 7}}
2020-01-20 17:09:16,497 - DEBUG - COM3: RX: 1dd040000100080000000401b492f8f01ddcbe0900803e00400000000010
2020-01-20 17:09:16,497 - DEBUG - COM3: parsed_packet {event: MeshMessageReceivedUnicast, data: {'src': 64, 'dst': 1, 'appkey_handle': 8, 'subnet_handle': 0, 'ttl': 4, 'adv_addr_type': 1, 'adv_addr': bytearray(b'\xb4\x92\xf8\xf0\x1d\xdc'), 'rssi': -66, 'actual_length': 9, 'data': bytearray(b'\x80>\x00@\x00\x00\x00\x00\x10')}}
2020-01-20 17:09:16,497 - INFO - COM3.ConfigurationClient: Model app bind status: AccessStatus.SUCCESS
2020-01-20 17:09:16,513 - INFO - COM3.ConfigurationClient: Appkey bind 0 to model 1000 at 0040
2020-01-20 17:09:16,513 - DEBUG - COM3: Message Opcode bytearray(b'\x80>'), Data bytearray(b'\x00@\x00\x00\x00\x00\x10') unknown for model <mesh.access.Access object at 0x0000025660880610>.
2020-01-20 17:09:16,513 - DEBUG - COM3: Message Opcode bytearray(b'\x80>'), Data bytearray(b'\x00@\x00\x00\x00\x00\x10') unknown for model <mesh.access.Access object at 0x0000025660880610>.
2020-01-20 17:09:17,497 - DEBUG - COM3.GenericOnOffClient: Sending opcode: 8202, data: 0100
2020-01-20 17:09:17,497 - DEBUG - COM3: TX: 0fab0000010000000800000082020100
2020-01-20 17:09:17,497 - DEBUG - COM3: RX: 0784ab0008000000
2020-01-20 17:09:17,497 - DEBUG - COM3: parsed_packet {event: CmdRsp, data: {'opcode': 171, 'status': 0, 'data': bytearray(b'\x08\x00\x00\x00')}}
2020-01-20 17:09:17,497 - INFO - COM3: PacketSend: {'token': 8}
2020-01-20 17:09:17,497 - DEBUG - COM3: RX: 05d208000000
2020-01-20 17:09:17,497 - DEBUG - COM3: parsed_packet {event: MeshTxComplete, data: {'token': 8}}
2020-01-20 17:09:17,497 - INFO - COM3: {event: MeshTxComplete, data: {'token': 8}}
2020-01-20 17:09:17,513 - DEBUG - COM3: RX: 17d040000100000000000401b492f8f01ddcbd0300820401
2020-01-20 17:09:17,513 - DEBUG - COM3: parsed_packet {event: MeshMessageReceivedUnicast, data: {'src': 64, 'dst': 1, 'appkey_handle': 0, 'subnet_handle': 0, 'ttl': 4, 'adv_addr_type': 1, 'adv_addr': bytearray(b'\xb4\x92\xf8\xf0\x1d\xdc'), 'rssi': -67, 'actual_length': 3, 'data': bytearray(b'\x82\x04\x01')}}
2020-01-20 17:09:17,513 - DEBUG - COM3: Message Opcode bytearray(b'\x82\x04'), Data bytearray(b'\x01') unknown for model <mesh.access.Access object at 0x0000025660880610>.
2020-01-20 17:09:17,513 - DEBUG - COM3: Message Opcode bytearray(b'\x82\x04'), Data bytearray(b'\x01') unknown for model <mesh.access.Access object at 0x0000025660880610>.
2020-01-20 17:09:17,513 - INFO - COM3.GenericOnOffClient: Present OnOff: on
2020-01-20 17:09:17,513 - INFO - COM3.GenericOnOffClient: Present OnOff: on
2020-01-20 17:09:31,370 - DEBUG - COM3.ConfigurationClient: Sending opcode: 8008, data: 00
2020-01-20 17:09:31,371 - DEBUG - COM3: TX: 0eab08000100000008000000800800
2020-01-20 17:09:31,375 - DEBUG - COM3: RX: 0784ab0009000000
2020-01-20 17:09:31,375 - DEBUG - COM3: parsed_packet {event: CmdRsp, data: {'opcode': 171, 'status': 0, 'data': bytearray(b'\t\x00\x00\x00')}}
2020-01-20 17:09:31,375 - INFO - COM3: PacketSend: {'token': 9}
2020-01-20 17:09:31,393 - DEBUG - COM3: RX: 05d209000000
2020-01-20 17:09:31,393 - DEBUG - COM3: parsed_packet {event: MeshTxComplete, data: {'token': 9}}
2020-01-20 17:09:31,393 - INFO - COM3: {event: MeshTxComplete, data: {'token': 9}}
2020-01-20 17:09:31,456 - DEBUG - COM3: RX: 2ad040000100080000000401b492f8f01ddcc2160002005900000000002800070000000300000002000010
2020-01-20 17:09:31,456 - DEBUG - COM3: parsed_packet {event: MeshMessageReceivedUnicast, data: {'src': 64, 'dst': 1, 'appkey_handle': 8, 'subnet_handle': 0, 'ttl': 4, 'adv_addr_type': 1, 'adv_addr': bytearray(b'\xb4\x92\xf8\xf0\x1d\xdc'), 'rssi': -62, 'actual_length': 22, 'data': bytearray(b'\x02\x00Y\x00\x00\x00\x00\x00(\x00\x07\x00\x00\x00\x03\x00\x00\x00\x02\x00\x00\x10')}}
2020-01-20 17:09:31,468 - INFO - COM3.ConfigurationClient: Received composition data (page 0x00): {
  "cid": "0059",
  "pid": "0000",
  "vid": "0000",
  "crpl": 40,
  "features": {
    "relay": 0,
    "proxy": 0,
    "friend": 0,
    "low_power": 2
  },
  "elements": [
    {
      "index": 0,
      "location": "0000",
      "models": [
        {
          "modelId": "0000"
        },
        {
          "modelId": "0002"
        },
        {
          "modelId": "1000"
        }
      ]
    }
  ]
}
2020-01-20 17:09:31,468 - DEBUG - COM3: Message Opcode bytearray(b'\x02'), Data bytearray(b'\x00Y\x00\x00\x00\x00\x00(\x00\x07\x00\x00\x00\x03\x00\x00\x00\x02\x00\x00\x10') unknown for model <mesh.access.Access object at 0x0000025660880610>.
2020-01-20 17:09:31,468 - DEBUG - COM3: Message Opcode bytearray(b'\x02'), Data bytearray(b'\x00Y\x00\x00\x00\x00\x00(\x00\x07\x00\x00\x00\x03\x00\x00\x00\x02\x00\x00\x10') unknown for model <mesh.access.Access object at 0x0000025660880610>.
2020-01-20 17:09:31,468 - DEBUG - COM3: Message Opcode bytearray(b'\x02'), Data bytearray(b'\x00Y\x00\x00\x00\x00\x00(\x00\x07\x00\x00\x00\x03\x00\x00\x00\x02\x00\x00\x10') unknown for model <mesh.access.Access object at 0x0000025660880610>.
2020-01-20 17:09:33,371 - DEBUG - COM3.ConfigurationClient: Sending opcode: 00, data: 0000004f68ad85d9f48ac8589df665b6b49b8a
2020-01-20 17:09:33,371 - DEBUG - COM3: TX: 1fab08000100000008000000000000004f68ad85d9f48ac8589df665b6b49b8a
2020-01-20 17:09:33,376 - DEBUG - COM3: RX: 0784ab000a000000
2020-01-20 17:09:33,377 - DEBUG - COM3: parsed_packet {event: CmdRsp, data: {'opcode': 171, 'status': 0, 'data': bytearray(b'\n\x00\x00\x00')}}
2020-01-20 17:09:33,377 - INFO - COM3: PacketSend: {'token': 10}
2020-01-20 17:09:33,411 - DEBUG - COM3: RX: 05d20a000000
2020-01-20 17:09:33,411 - DEBUG - COM3: parsed_packet {event: MeshTxComplete, data: {'token': 10}}
2020-01-20 17:09:33,411 - INFO - COM3: {event: MeshTxComplete, data: {'token': 10}}
2020-01-20 17:09:33,437 - DEBUG - COM3: RX: 1ad040000100080000000401b492f8f01ddcbd0600800300000000
2020-01-20 17:09:33,437 - DEBUG - COM3: parsed_packet {event: MeshMessageReceivedUnicast, data: {'src': 64, 'dst': 1, 'appkey_handle': 8, 'subnet_handle': 0, 'ttl': 4, 'adv_addr_type': 1, 'adv_addr': bytearray(b'\xb4\x92\xf8\xf0\x1d\xdc'), 'rssi': -67, 'actual_length': 6, 'data': bytearray(b'\x80\x03\x00\x00\x00\x00')}}
2020-01-20 17:09:33,437 - INFO - COM3.ConfigurationClient: Appkey status: AccessStatus.SUCCESS
2020-01-20 17:09:33,447 - INFO - COM3.ConfigurationClient: Appkey add 0 succeded for subnet 0 at node 0040
2020-01-20 17:09:33,447 - DEBUG - COM3: Message Opcode bytearray(b'\x80\x03'), Data bytearray(b'\x00\x00\x00\x00') unknown for model <mesh.access.Access object at 0x0000025660880610>.
2020-01-20 17:09:33,447 - DEBUG - COM3: Message Opcode bytearray(b'\x80\x03'), Data bytearray(b'\x00\x00\x00\x00') unknown for model <mesh.access.Access object at 0x0000025660880610>.
2020-01-20 17:09:33,447 - DEBUG - COM3: Message Opcode bytearray(b'\x80\x03'), Data bytearray(b'\x00\x00\x00\x00') unknown for model <mesh.access.Access object at 0x0000025660880610>.
2020-01-20 17:09:34,372 - DEBUG - COM3.ConfigurationClient: Sending opcode: 803d, data: 400000000010
2020-01-20 17:09:34,372 - DEBUG - COM3: TX: 13ab08000100000008000000803d400000000010
2020-01-20 17:09:34,377 - DEBUG - COM3: RX: 0784ab000b000000
2020-01-20 17:09:34,377 - DEBUG - COM3: parsed_packet {event: CmdRsp, data: {'opcode': 171, 'status': 0, 'data': bytearray(b'\x0b\x00\x00\x00')}}
2020-01-20 17:09:34,377 - INFO - COM3: PacketSend: {'token': 11}
2020-01-20 17:09:34,380 - DEBUG - COM3: RX: 05d20b000000
2020-01-20 17:09:34,380 - DEBUG - COM3: parsed_packet {event: MeshTxComplete, data: {'token': 11}}
2020-01-20 17:09:34,380 - INFO - COM3: {event: MeshTxComplete, data: {'token': 11}}
2020-01-20 17:09:34,394 - DEBUG - COM3: RX: 1dd040000100080000000401b492f8f01ddcc10900803e00400000000010
2020-01-20 17:09:34,394 - DEBUG - COM3: parsed_packet {event: MeshMessageReceivedUnicast, data: {'src': 64, 'dst': 1, 'appkey_handle': 8, 'subnet_handle': 0, 'ttl': 4, 'adv_addr_type': 1, 'adv_addr': bytearray(b'\xb4\x92\xf8\xf0\x1d\xdc'), 'rssi': -63, 'actual_length': 9, 'data': bytearray(b'\x80>\x00@\x00\x00\x00\x00\x10')}}
2020-01-20 17:09:34,394 - INFO - COM3.ConfigurationClient: Model app bind status: AccessStatus.SUCCESS
2020-01-20 17:09:34,402 - INFO - COM3.ConfigurationClient: Appkey bind 0 to model 1000 at 0040
2020-01-20 17:09:34,403 - DEBUG - COM3: Message Opcode bytearray(b'\x80>'), Data bytearray(b'\x00@\x00\x00\x00\x00\x10') unknown for model <mesh.access.Access object at 0x0000025660880610>.
2020-01-20 17:09:34,403 - DEBUG - COM3: Message Opcode bytearray(b'\x80>'), Data bytearray(b'\x00@\x00\x00\x00\x00\x10') unknown for model <mesh.access.Access object at 0x0000025660880610>.
2020-01-20 17:09:34,403 - DEBUG - COM3: Message Opcode bytearray(b'\x80>'), Data bytearray(b'\x00@\x00\x00\x00\x00\x10') unknown for model <mesh.access.Access object at 0x0000025660880610>.
2020-01-20 17:09:35,375 - DEBUG - COM3.GenericOnOffClient: Sending opcode: 8202, data: 0000
2020-01-20 17:09:35,375 - DEBUG - COM3: TX: 0fab0000010000000800000082020000
2020-01-20 17:09:35,375 - DEBUG - COM3: RX: 0784ab000c000000
2020-01-20 17:09:35,375 - DEBUG - COM3: parsed_packet {event: CmdRsp, data: {'opcode': 171, 'status': 0, 'data': bytearray(b'\x0c\x00\x00\x00')}}
2020-01-20 17:09:35,375 - INFO - COM3: PacketSend: {'token': 12}
2020-01-20 17:09:35,375 - DEBUG - COM3: RX: 05d20c000000
2020-01-20 17:09:35,375 - DEBUG - COM3: parsed_packet {event: MeshTxComplete, data: {'token': 12}}
2020-01-20 17:09:35,375 - INFO - COM3: {event: MeshTxComplete, data: {'token': 12}}
2020-01-20 17:09:35,396 - DEBUG - COM3: RX: 17d040000100000000000401b492f8f01ddcc10300820400
2020-01-20 17:09:35,396 - DEBUG - COM3: parsed_packet {event: MeshMessageReceivedUnicast, data: {'src': 64, 'dst': 1, 'appkey_handle': 0, 'subnet_handle': 0, 'ttl': 4, 'adv_addr_type': 1, 'adv_addr': bytearray(b'\xb4\x92\xf8\xf0\x1d\xdc'), 'rssi': -63, 'actual_length': 3, 'data': bytearray(b'\x82\x04\x00')}}
2020-01-20 17:09:35,396 - DEBUG - COM3: Message Opcode bytearray(b'\x82\x04'), Data bytearray(b'\x00') unknown for model <mesh.access.Access object at 0x0000025660880610>.
2020-01-20 17:09:35,397 - DEBUG - COM3: Message Opcode bytearray(b'\x82\x04'), Data bytearray(b'\x00') unknown for model <mesh.access.Access object at 0x0000025660880610>.
2020-01-20 17:09:35,397 - INFO - COM3.GenericOnOffClient: off
2020-01-20 17:09:35,397 - INFO - COM3.GenericOnOffClient: off
2020-01-20 17:09:35,397 - INFO - COM3.GenericOnOffClient: off
2020-01-20 17:09:47,670 - DEBUG - COM3.ConfigurationClient: Sending opcode: 8008, data: 00
2020-01-20 17:09:47,670 - DEBUG - COM3: TX: 0eab08000100000008000000800800
2020-01-20 17:09:47,673 - DEBUG - COM3: RX: 0784ab000d000000
2020-01-20 17:09:47,673 - DEBUG - COM3: parsed_packet {event: CmdRsp, data: {'opcode': 171, 'status': 0, 'data': bytearray(b'\r\x00\x00\x00')}}
2020-01-20 17:09:47,674 - INFO - COM3: PacketSend: {'token': 13}
2020-01-20 17:09:47,680 - DEBUG - COM3: RX: 05d20d000000
2020-01-20 17:09:47,681 - DEBUG - COM3: parsed_packet {event: MeshTxComplete, data: {'token': 13}}
2020-01-20 17:09:47,681 - INFO - COM3: {event: MeshTxComplete, data: {'token': 13}}
2020-01-20 17:09:47,733 - DEBUG - COM3: RX: 2ad040000100080000000401b492f8f01ddcc0160002005900000000002800070000000300000002000010
2020-01-20 17:09:47,734 - DEBUG - COM3: parsed_packet {event: MeshMessageReceivedUnicast, data: {'src': 64, 'dst': 1, 'appkey_handle': 8, 'subnet_handle': 0, 'ttl': 4, 'adv_addr_type': 1, 'adv_addr': bytearray(b'\xb4\x92\xf8\xf0\x1d\xdc'), 'rssi': -64, 'actual_length': 22, 'data': bytearray(b'\x02\x00Y\x00\x00\x00\x00\x00(\x00\x07\x00\x00\x00\x03\x00\x00\x00\x02\x00\x00\x10')}}
2020-01-20 17:09:47,745 - INFO - COM3.ConfigurationClient: Received composition data (page 0x00): {
  "cid": "0059",
  "pid": "0000",
  "vid": "0000",
  "crpl": 40,
  "features": {
    "relay": 0,
    "proxy": 0,
    "friend": 0,
    "low_power": 2
  },
  "elements": [
    {
      "index": 0,
      "location": "0000",
      "models": [
        {
          "modelId": "0000"
        },
        {
          "modelId": "0002"
        },
        {
          "modelId": "1000"
        }
      ]
    }
  ]
}
2020-01-20 17:09:47,745 - DEBUG - COM3: Message Opcode bytearray(b'\x02'), Data bytearray(b'\x00Y\x00\x00\x00\x00\x00(\x00\x07\x00\x00\x00\x03\x00\x00\x00\x02\x00\x00\x10') unknown for model <mesh.access.Access object at 0x0000025660880610>.
2020-01-20 17:09:47,745 - DEBUG - COM3: Message Opcode bytearray(b'\x02'), Data bytearray(b'\x00Y\x00\x00\x00\x00\x00(\x00\x07\x00\x00\x00\x03\x00\x00\x00\x02\x00\x00\x10') unknown for model <mesh.access.Access object at 0x0000025660880610>.
2020-01-20 17:09:47,745 - DEBUG - COM3: Message Opcode bytearray(b'\x02'), Data bytearray(b'\x00Y\x00\x00\x00\x00\x00(\x00\x07\x00\x00\x00\x03\x00\x00\x00\x02\x00\x00\x10') unknown for model <mesh.access.Access object at 0x0000025660880610>.
2020-01-20 17:09:47,745 - DEBUG - COM3: Message Opcode bytearray(b'\x02'), Data bytearray(b'\x00Y\x00\x00\x00\x00\x00(\x00\x07\x00\x00\x00\x03\x00\x00\x00\x02\x00\x00\x10') unknown for model <mesh.access.Access object at 0x0000025660880610>.
2020-01-20 17:09:49,671 - DEBUG - COM3.ConfigurationClient: Sending opcode: 00, data: 0000004f68ad85d9f48ac8589df665b6b49b8a
2020-01-20 17:09:49,671 - DEBUG - COM3: TX: 1fab08000100000008000000000000004f68ad85d9f48ac8589df665b6b49b8a
2020-01-20 17:09:49,677 - DEBUG - COM3: RX: 0784ab000e000000
2020-01-20 17:09:49,677 - DEBUG - COM3: parsed_packet {event: CmdRsp, data: {'opcode': 171, 'status': 0, 'data': bytearray(b'\x0e\x00\x00\x00')}}
2020-01-20 17:09:49,678 - INFO - COM3: PacketSend: {'token': 14}
2020-01-20 17:09:49,716 - DEBUG - COM3: RX: 05d20e000000
2020-01-20 17:09:49,716 - DEBUG - COM3: parsed_packet {event: MeshTxComplete, data: {'token': 14}}
2020-01-20 17:09:49,716 - INFO - COM3: {event: MeshTxComplete, data: {'token': 14}}
2020-01-20 17:09:49,731 - DEBUG - COM3: RX: 1ad040000100080000000401b492f8f01ddcb80600800300000000
2020-01-20 17:09:49,731 - DEBUG - COM3: parsed_packet {event: MeshMessageReceivedUnicast, data: {'src': 64, 'dst': 1, 'appkey_handle': 8, 'subnet_handle': 0, 'ttl': 4, 'adv_addr_type': 1, 'adv_addr': bytearray(b'\xb4\x92\xf8\xf0\x1d\xdc'), 'rssi': -72, 'actual_length': 6, 'data': bytearray(b'\x80\x03\x00\x00\x00\x00')}}
2020-01-20 17:09:49,731 - INFO - COM3.ConfigurationClient: Appkey status: AccessStatus.SUCCESS
2020-01-20 17:09:49,747 - INFO - COM3.ConfigurationClient: Appkey add 0 succeded for subnet 0 at node 0040
2020-01-20 17:09:49,747 - DEBUG - COM3: Message Opcode bytearray(b'\x80\x03'), Data bytearray(b'\x00\x00\x00\x00') unknown for model <mesh.access.Access object at 0x0000025660880610>.
2020-01-20 17:09:49,747 - DEBUG - COM3: Message Opcode bytearray(b'\x80\x03'), Data bytearray(b'\x00\x00\x00\x00') unknown for model <mesh.access.Access object at 0x0000025660880610>.
2020-01-20 17:09:49,747 - DEBUG - COM3: Message Opcode bytearray(b'\x80\x03'), Data bytearray(b'\x00\x00\x00\x00') unknown for model <mesh.access.Access object at 0x0000025660880610>.
2020-01-20 17:09:49,747 - DEBUG - COM3: Message Opcode bytearray(b'\x80\x03'), Data bytearray(b'\x00\x00\x00\x00') unknown for model <mesh.access.Access object at 0x0000025660880610>.
2020-01-20 17:09:50,671 - DEBUG - COM3.ConfigurationClient: Sending opcode: 803d, data: 400000000010
2020-01-20 17:09:50,671 - DEBUG - COM3: TX: 13ab08000100000008000000803d400000000010
2020-01-20 17:09:50,675 - DEBUG - COM3: RX: 0784ab000f000000
2020-01-20 17:09:50,675 - DEBUG - COM3: parsed_packet {event: CmdRsp, data: {'opcode': 171, 'status': 0, 'data': bytearray(b'\x0f\x00\x00\x00')}}
2020-01-20 17:09:50,676 - INFO - COM3: PacketSend: {'token': 15}
2020-01-20 17:09:50,677 - DEBUG - COM3: RX: 05d20f000000
2020-01-20 17:09:50,677 - DEBUG - COM3: parsed_packet {event: MeshTxComplete, data: {'token': 15}}
2020-01-20 17:09:50,677 - INFO - COM3: {event: MeshTxComplete, data: {'token': 15}}
2020-01-20 17:09:50,677 - DEBUG - COM3: RX: 1dd040000100080000000401b492f8f01ddcba0900803e00400000000010
2020-01-20 17:09:50,677 - DEBUG - COM3: parsed_packet {event: MeshMessageReceivedUnicast, data: {'src': 64, 'dst': 1, 'appkey_handle': 8, 'subnet_handle': 0, 'ttl': 4, 'adv_addr_type': 1, 'adv_addr': bytearray(b'\xb4\x92\xf8\xf0\x1d\xdc'), 'rssi': -70, 'actual_length': 9, 'data': bytearray(b'\x80>\x00@\x00\x00\x00\x00\x10')}}
2020-01-20 17:09:50,677 - INFO - COM3.ConfigurationClient: Model app bind status: AccessStatus.SUCCESS
2020-01-20 17:09:50,693 - INFO - COM3.ConfigurationClient: Appkey bind 0 to model 1000 at 0040
2020-01-20 17:09:50,693 - DEBUG - COM3: Message Opcode bytearray(b'\x80>'), Data bytearray(b'\x00@\x00\x00\x00\x00\x10') unknown for model <mesh.access.Access object at 0x0000025660880610>.
2020-01-20 17:09:50,693 - DEBUG - COM3: Message Opcode bytearray(b'\x80>'), Data bytearray(b'\x00@\x00\x00\x00\x00\x10') unknown for model <mesh.access.Access object at 0x0000025660880610>.
2020-01-20 17:09:50,693 - DEBUG - COM3: Message Opcode bytearray(b'\x80>'), Data bytearray(b'\x00@\x00\x00\x00\x00\x10') unknown for model <mesh.access.Access object at 0x0000025660880610>.
2020-01-20 17:09:50,693 - DEBUG - COM3: Message Opcode bytearray(b'\x80>'), Data bytearray(b'\x00@\x00\x00\x00\x00\x10') unknown for model <mesh.access.Access object at 0x0000025660880610>.
2020-01-20 17:09:51,672 - DEBUG - COM3.GenericOnOffClient: Sending opcode: 8202, data: 0100
2020-01-20 17:09:51,672 - DEBUG - COM3: TX: 0fab0000010000000800000082020100
2020-01-20 17:09:51,676 - DEBUG - COM3: RX: 0784ab0010000000
2020-01-20 17:09:51,676 - DEBUG - COM3: parsed_packet {event: CmdRsp, data: {'opcode': 171, 'status': 0, 'data': bytearray(b'\x10\x00\x00\x00')}}
2020-01-20 17:09:51,677 - INFO - COM3: PacketSend: {'token': 16}
2020-01-20 17:09:51,678 - DEBUG - COM3: RX: 05d210000000
2020-01-20 17:09:51,678 - DEBUG - COM3: parsed_packet {event: MeshTxComplete, data: {'token': 16}}
2020-01-20 17:09:51,678 - INFO - COM3: {event: MeshTxComplete, data: {'token': 16}}
2020-01-20 17:09:51,688 - DEBUG - COM3: RX: 17d040000100000000000401b492f8f01ddcc10300820401
2020-01-20 17:09:51,688 - DEBUG - COM3: parsed_packet {event: MeshMessageReceivedUnicast, data: {'src': 64, 'dst': 1, 'appkey_handle': 0, 'subnet_handle': 0, 'ttl': 4, 'adv_addr_type': 1, 'adv_addr': bytearray(b'\xb4\x92\xf8\xf0\x1d\xdc'), 'rssi': -63, 'actual_length': 3, 'data': bytearray(b'\x82\x04\x01')}}
2020-01-20 17:09:51,688 - DEBUG - COM3: Message Opcode bytearray(b'\x82\x04'), Data bytearray(b'\x01') unknown for model <mesh.access.Access object at 0x0000025660880610>.
2020-01-20 17:09:51,688 - DEBUG - COM3: Message Opcode bytearray(b'\x82\x04'), Data bytearray(b'\x01') unknown for model <mesh.access.Access object at 0x0000025660880610>.
2020-01-20 17:09:51,688 - INFO - COM3.GenericOnOffClient: Present OnOff: on
2020-01-20 17:09:51,688 - INFO - COM3.GenericOnOffClient: Present OnOff: on
2020-01-20 17:09:51,688 - INFO - COM3.GenericOnOffClient: Present OnOff: on
2020-01-20 17:09:51,688 - INFO - COM3.GenericOnOffClient: Present OnOff: on
2020-01-20 17:26:38,526 - DEBUG - COM3: RX: 00
2020-01-20 17:26:38,526 - ERROR - COM3: Invalid packet: bytearray(b'\x00')
2020-01-20 17:26:38,950 - DEBUG - COM3: RX: 04810200fe
2020-01-20 17:26:38,950 - DEBUG - COM3: parsed_packet {event: DeviceStarted, data: {'operating_mode': 2, 'hw_error': 0, 'data_credit_available': 254}}
2020-01-20 17:26:38,950 - INFO - COM3: Device rebooted.
