2020-01-20 09:21:03,995 - DEBUG - COM3: TX: 61692114ee00f1cb2c118d41a6cb84177b4dc63254e62e3f4ec920ff4000f5fdb0267ac748f75ec8d328b1c1516b7144393d3c9543fcc9bf4555f64fdfcdc7631effe602320df34f96c688ec7dfff0a01bd65ca297465f535b0e29cb8333e61cf3c3
2020-01-20 09:21:04,007 - DEBUG - COM3: RX: 03846900
2020-01-20 09:21:04,007 - DEBUG - COM3: parsed_packet {event: CmdRsp, data: {'opcode': 105, 'status': 0, 'data': bytearray(b'')}}
2020-01-20 09:21:04,008 - DEBUG - COM3: TX: 059f01000100
2020-01-20 09:21:04,008 - INFO - COM3: Success
2020-01-20 09:21:04,010 - DEBUG - COM3: RX: 03849f8e
2020-01-20 09:21:04,010 - DEBUG - COM3: parsed_packet {event: CmdRsp, data: {'opcode': 159, 'status': 142, 'data': bytearray(b'')}}
2020-01-20 09:21:04,010 - DEBUG - COM3: TX: 1392000018eed9c2a56add85049ffc3c59ad0e12
2020-01-20 09:21:04,010 - ERROR - COM3: None: ERROR_REJECTED
2020-01-20 09:21:04,014 - DEBUG - COM3: RX: 03849281
2020-01-20 09:21:04,014 - DEBUG - COM3: parsed_packet {event: CmdRsp, data: {'opcode': 146, 'status': 129, 'data': bytearray(b'')}}
2020-01-20 09:21:04,014 - DEBUG - COM3: TX: 1597000000004f68ad85d9f48ac8589df665b6b49b8a
2020-01-20 09:21:04,014 - ERROR - COM3: SubnetAdd: ERROR_INTERNAL
2020-01-20 09:21:04,018 - DEBUG - COM3: RX: 03849781
2020-01-20 09:21:04,018 - DEBUG - COM3: parsed_packet {event: CmdRsp, data: {'opcode': 151, 'status': 129, 'data': bytearray(b'')}}
2020-01-20 09:21:04,018 - DEBUG - COM3: TX: 1597010000002aa2a6ded5a0798ceab5787ca3ae39fc
2020-01-20 09:21:04,018 - ERROR - COM3: AppkeyAdd: ERROR_INTERNAL
2020-01-20 09:21:04,023 - DEBUG - COM3: RX: 03849781
2020-01-20 09:21:04,023 - DEBUG - COM3: parsed_packet {event: CmdRsp, data: {'opcode': 151, 'status': 129, 'data': bytearray(b'')}}
2020-01-20 09:21:04,023 - ERROR - COM3: AppkeyAdd: ERROR_INTERNAL
2020-01-20 09:21:20,529 - DEBUG - COM3: TX: 2d6300d9cfbd4418e74240b492f8f01d1cd1ac18eed9c2a56add85049ffc3c59ad0e120000000000001600000000
2020-01-20 09:21:20,535 - DEBUG - COM3: RX: 0484630000
2020-01-20 09:21:20,535 - DEBUG - COM3: parsed_packet {event: CmdRsp, data: {'opcode': 99, 'status': 0, 'data': bytearray(b'\x00')}}
2020-01-20 09:21:20,535 - INFO - COM3: Provision: {'context': 0}
2020-01-20 09:21:20,570 - DEBUG - COM3: RX: 02c100
2020-01-20 09:21:20,570 - DEBUG - COM3: parsed_packet {event: ProvLinkEstablished, data: {'context_id': 0}}
2020-01-20 09:21:20,570 - INFO - COM3: Link established
2020-01-20 09:21:20,623 - DEBUG - COM3: RX: 0bc300050001000000000000
2020-01-20 09:21:20,623 - DEBUG - COM3: parsed_packet {event: ProvCapsReceived, data: {'context_id': 0, 'num_elements': 5, 'public_key_type': 0, 'static_oob_types': 1, 'output_oob_size': 0, 'output_oob_actions': 0, 'input_oob_size': 0, 'input_oob_actions': 0}}
2020-01-20 09:21:20,623 - INFO - COM3: Received capabilities
2020-01-20 09:21:20,624 - INFO - COM3: Number of elements: 5
2020-01-20 09:21:20,624 - DEBUG - COM3: TX: 056600000000
2020-01-20 09:21:20,626 - DEBUG - COM3: RX: 0484660000
2020-01-20 09:21:20,626 - DEBUG - COM3: parsed_packet {event: CmdRsp, data: {'opcode': 102, 'status': 0, 'data': bytearray(b'\x00')}}
2020-01-20 09:21:20,627 - INFO - COM3: OobUse: {'context': 0}
2020-01-20 09:21:26,913 - DEBUG - COM3: RX: 62c700700a93f584f1595c0ba0c0cd6554d33ad7ed862512e8a7ba36c4f97774a0690f8c4ca3f3d3c486a38959367c1f0f152d423bd19960c8f6460f6817c9b3aefa5e2114ee00f1cb2c118d41a6cb84177b4dc63254e62e3f4ec920ff4000f5fdb026
2020-01-20 09:21:26,913 - DEBUG - COM3: parsed_packet {event: ProvEcdhRequest, data: {'context_id': 0, 'peer_public': bytearray(b'p\n\x93\xf5\x84\xf1Y\\\x0b\xa0\xc0\xcdeT\xd3:\xd7\xed\x86%\x12\xe8\xa7\xba6\xc4\xf9wt\xa0i\x0f\x8cL\xa3\xf3\xd3\xc4\x86\xa3\x89Y6|\x1f\x0f\x15-B;\xd1\x99`\xc8\xf6F\x0fh\x17\xc9\xb3\xae\xfa^'), 'node_private': bytearray(b'!\x14\xee\x00\xf1\xcb,\x11\x8dA\xa6\xcb\x84\x17{M\xc62T\xe6.?N\xc9 \xff@\x00\xf5\xfd\xb0&')}}
2020-01-20 09:21:26,913 - INFO - COM3: ECDH request received
2020-01-20 09:21:26,914 - DEBUG - COM3: TX: 22680077ccb68abb8065b0c8c195d7a0abf2d74d89ef10429bdb528d5074509092c0d7
2020-01-20 09:21:26,919 - DEBUG - COM3: RX: 0484680000
2020-01-20 09:21:26,920 - DEBUG - COM3: parsed_packet {event: CmdRsp, data: {'opcode': 104, 'status': 0, 'data': bytearray(b'\x00')}}
2020-01-20 09:21:26,920 - INFO - COM3: EcdhSecret: {'context': 0}
2020-01-20 09:21:29,277 - DEBUG - COM3: RX: 2cc5000000000000001600000015b57a9965b72cb81982373d4615e60718eed9c2a56add85049ffc3c59ad0e12
2020-01-20 09:21:29,277 - DEBUG - COM3: parsed_packet {event: ProvComplete, data: {'context_id': 0, 'iv_index': 0, 'net_key_index': 0, 'address': 22, 'iv_update_flag': 0, 'key_refresh_flag': 0, 'device_key': bytearray(b'\x15\xb5z\x99e\xb7,\xb8\x19\x827=F\x15\xe6\x07'), 'net_key': bytearray(b'\x18\xee\xd9\xc2\xa5j\xdd\x85\x04\x9f\xfc<Y\xad\x0e\x12')}}
2020-01-20 09:21:29,277 - INFO - COM3: Provisioning complete
2020-01-20 09:21:29,278 - INFO - COM3: 	Address(es): 0x16-0x1a
2020-01-20 09:21:29,278 - INFO - COM3: 	Device key: 15b57a9965b72cb81982373d4615e607
2020-01-20 09:21:29,278 - INFO - COM3: 	Network key: 18eed9c2a56add85049ffc3c59ad0e12
2020-01-20 09:21:29,279 - INFO - COM3: Adding device key to subnet 0
2020-01-20 09:21:29,279 - DEBUG - COM3: TX: 159c1600000015b57a9965b72cb81982373d4615e607
2020-01-20 09:21:29,279 - INFO - COM3: Adding publication address of root element
2020-01-20 09:21:29,280 - DEBUG - COM3: TX: 03a41600
2020-01-20 09:21:29,292 - DEBUG - COM3: RX: 05849c000800
2020-01-20 09:21:29,292 - DEBUG - COM3: parsed_packet {event: CmdRsp, data: {'opcode': 156, 'status': 0, 'data': bytearray(b'\x08\x00')}}
2020-01-20 09:21:29,292 - INFO - COM3: DevkeyAdd: {'devkey_handle': 8}
2020-01-20 09:21:29,293 - DEBUG - COM3: RX: 0584a4000000
2020-01-20 09:21:29,293 - DEBUG - COM3: parsed_packet {event: CmdRsp, data: {'opcode': 164, 'status': 0, 'data': bytearray(b'\x00\x00')}}
2020-01-20 09:21:29,293 - INFO - COM3: AddrPublicationAdd: {'address_handle': 0}
2020-01-20 09:21:29,391 - DEBUG - COM3: RX: 03c20000
2020-01-20 09:21:29,391 - DEBUG - COM3: parsed_packet {event: ProvLinkClosed, data: {'context_id': 0, 'close_reason': 0}}
2020-01-20 09:21:29,391 - INFO - COM3: Provisioning link closed
2020-01-20 09:22:37,806 - DEBUG - COM3: TX: 159c1600000015b57a9965b72cb81982373d4615e607
2020-01-20 09:22:37,807 - DEBUG - COM3: TX: 03a41600
2020-01-20 09:22:37,809 - DEBUG - COM3: RX: 03849c8e
2020-01-20 09:22:37,810 - DEBUG - COM3: parsed_packet {event: CmdRsp, data: {'opcode': 156, 'status': 142, 'data': bytearray(b'')}}
2020-01-20 09:22:37,810 - ERROR - COM3: DevkeyAdd: ERROR_REJECTED
2020-01-20 09:22:37,811 - DEBUG - COM3: RX: 0584a4000000
2020-01-20 09:22:37,811 - DEBUG - COM3: parsed_packet {event: CmdRsp, data: {'opcode': 164, 'status': 0, 'data': bytearray(b'\x00\x00')}}
2020-01-20 09:22:37,811 - INFO - COM3: AddrPublicationAdd: {'address_handle': 0}
2020-01-20 09:22:38,807 - DEBUG - COM3.ConfigurationClient: Sending opcode: 8008, data: 00
2020-01-20 09:22:38,807 - DEBUG - COM3.ConfigurationClient: Sending opcode: 00, data: 0000004f68ad85d9f48ac8589df665b6b49b8a
2020-01-20 09:22:38,807 - DEBUG - COM3: TX: 0eab08000100000008000000800800
2020-01-20 09:22:38,807 - DEBUG - COM3.ConfigurationClient: Sending opcode: 803d, data: 160000000210
2020-01-20 09:22:38,807 - DEBUG - COM3: TX: 1fab08000100000008000000000000004f68ad85d9f48ac8589df665b6b49b8a
2020-01-20 09:22:38,811 - DEBUG - COM3: RX: 0784ab0001000000
2020-01-20 09:22:38,811 - DEBUG - COM3: parsed_packet {event: CmdRsp, data: {'opcode': 171, 'status': 0, 'data': bytearray(b'\x01\x00\x00\x00')}}
2020-01-20 09:22:38,811 - DEBUG - COM3: TX: 13ab08000100000008000000803d160000000210
2020-01-20 09:22:38,811 - INFO - COM3: PacketSend: {'token': 1}
2020-01-20 09:22:38,814 - DEBUG - COM3: RX: 0784ab0002000000
2020-01-20 09:22:38,814 - DEBUG - COM3: parsed_packet {event: CmdRsp, data: {'opcode': 171, 'status': 0, 'data': bytearray(b'\x02\x00\x00\x00')}}
2020-01-20 09:22:38,814 - INFO - COM3: PacketSend: {'token': 2}
2020-01-20 09:22:38,816 - DEBUG - COM3: RX: 0784ab0003000000
2020-01-20 09:22:38,816 - DEBUG - COM3: parsed_packet {event: CmdRsp, data: {'opcode': 171, 'status': 0, 'data': bytearray(b'\x03\x00\x00\x00')}}
2020-01-20 09:22:38,816 - INFO - COM3: PacketSend: {'token': 3}
2020-01-20 09:22:38,829 - DEBUG - COM3: RX: 05d201000000
2020-01-20 09:22:38,829 - DEBUG - COM3: parsed_packet {event: MeshTxComplete, data: {'token': 1}}
2020-01-20 09:22:38,829 - INFO - COM3: {event: MeshTxComplete, data: {'token': 1}}
2020-01-20 09:22:38,893 - DEBUG - COM3: RX: 2ad016000100080000000401b492f8f01ddcc01600020059000000000028000f0000000300000002000210
2020-01-20 09:22:38,893 - DEBUG - COM3: parsed_packet {event: MeshMessageReceivedUnicast, data: {'src': 22, 'dst': 1, 'appkey_handle': 8, 'subnet_handle': 0, 'ttl': 4, 'adv_addr_type': 1, 'adv_addr': bytearray(b'\xb4\x92\xf8\xf0\x1d\xdc'), 'rssi': -64, 'actual_length': 22, 'data': bytearray(b'\x02\x00Y\x00\x00\x00\x00\x00(\x00\x0f\x00\x00\x00\x03\x00\x00\x00\x02\x00\x02\x10')}}
2020-01-20 09:22:38,897 - INFO - COM3.ConfigurationClient: Received composition data (page 0x00): {
  "cid": "0059",
  "pid": "0000",
  "vid": "0000",
  "crpl": 40,
  "features": {
    "relay": 0,
    "proxy": 0,
    "friend": 0,
    "low_power": 0
  },
  "elements": [
    {
      "index": 0,
      "location": "0000",
      "models": [
        {
          "modelId": "0000"
        },
        {
          "modelId": "0002"
        },
        {
          "modelId": "1002"
        }
      ]
    }
  ]
}
2020-01-20 09:22:38,897 - DEBUG - COM3: Message Opcode bytearray(b'\x02'), Data bytearray(b'\x00Y\x00\x00\x00\x00\x00(\x00\x0f\x00\x00\x00\x03\x00\x00\x00\x02\x00\x02\x10') unknown for model <mesh.access.Access object at 0x0000020077830760>.
2020-01-20 09:22:38,898 - DEBUG - COM3: Message Opcode bytearray(b'\x02'), Data bytearray(b'\x00Y\x00\x00\x00\x00\x00(\x00\x0f\x00\x00\x00\x03\x00\x00\x00\x02\x00\x02\x10') unknown for model <mesh.access.Access object at 0x0000020077830760>.
2020-01-20 09:22:38,908 - DEBUG - COM3: RX: 05d203000000
2020-01-20 09:22:38,908 - DEBUG - COM3: parsed_packet {event: MeshTxComplete, data: {'token': 3}}
2020-01-20 09:22:38,908 - INFO - COM3: {event: MeshTxComplete, data: {'token': 3}}
2020-01-20 09:22:38,914 - DEBUG - COM3: RX: 1dd016000100080000000401b492f8f01ddcc00900803e03160000000210
2020-01-20 09:22:38,914 - DEBUG - COM3: parsed_packet {event: MeshMessageReceivedUnicast, data: {'src': 22, 'dst': 1, 'appkey_handle': 8, 'subnet_handle': 0, 'ttl': 4, 'adv_addr_type': 1, 'adv_addr': bytearray(b'\xb4\x92\xf8\xf0\x1d\xdc'), 'rssi': -64, 'actual_length': 9, 'data': bytearray(b'\x80>\x03\x16\x00\x00\x00\x02\x10')}}
2020-01-20 09:22:38,914 - INFO - COM3.ConfigurationClient: Model app bind status: AccessStatus.INVALID_APPKEY_INDEX
2020-01-20 09:22:38,915 - DEBUG - COM3: Message Opcode bytearray(b'\x80>'), Data bytearray(b'\x03\x16\x00\x00\x00\x02\x10') unknown for model <mesh.access.Access object at 0x0000020077830760>.
2020-01-20 09:22:38,915 - DEBUG - COM3: Message Opcode bytearray(b'\x80>'), Data bytearray(b'\x03\x16\x00\x00\x00\x02\x10') unknown for model <mesh.access.Access object at 0x0000020077830760>.
2020-01-20 09:22:39,446 - DEBUG - COM3: RX: 05d202000000
2020-01-20 09:22:39,446 - DEBUG - COM3: parsed_packet {event: MeshTxComplete, data: {'token': 2}}
2020-01-20 09:22:39,447 - INFO - COM3: {event: MeshTxComplete, data: {'token': 2}}
2020-01-20 09:22:39,469 - DEBUG - COM3: RX: 1ad016000100080000000401b492f8f01ddcbe0600800300000000
2020-01-20 09:22:39,469 - DEBUG - COM3: parsed_packet {event: MeshMessageReceivedUnicast, data: {'src': 22, 'dst': 1, 'appkey_handle': 8, 'subnet_handle': 0, 'ttl': 4, 'adv_addr_type': 1, 'adv_addr': bytearray(b'\xb4\x92\xf8\xf0\x1d\xdc'), 'rssi': -66, 'actual_length': 6, 'data': bytearray(b'\x80\x03\x00\x00\x00\x00')}}
2020-01-20 09:22:39,469 - INFO - COM3.ConfigurationClient: Appkey status: AccessStatus.SUCCESS
2020-01-20 09:22:39,477 - INFO - COM3.ConfigurationClient: Appkey bind 0 succeded for subnet 0 at node 0016
2020-01-20 09:22:39,478 - DEBUG - COM3: Message Opcode bytearray(b'\x80\x03'), Data bytearray(b'\x00\x00\x00\x00') unknown for model <mesh.access.Access object at 0x0000020077830760>.
2020-01-20 09:22:39,478 - DEBUG - COM3: Message Opcode bytearray(b'\x80\x03'), Data bytearray(b'\x00\x00\x00\x00') unknown for model <mesh.access.Access object at 0x0000020077830760>.
2020-01-20 09:28:02,531 - DEBUG - COM3: RX: 00
2020-01-20 09:28:02,531 - ERROR - COM3: Invalid packet: bytearray(b'\x00')
2020-01-20 09:28:02,946 - DEBUG - COM3: RX: 04810200fe
2020-01-20 09:28:02,946 - DEBUG - COM3: parsed_packet {event: DeviceStarted, data: {'operating_mode': 2, 'hw_error': 0, 'data_credit_available': 254}}
2020-01-20 09:28:02,947 - INFO - COM3: Device rebooted.
