2020-01-20 13:51:05,152 - DEBUG - COM3: TX: 61690c3093272a4cf51c73f6ca83cf9ffcc9c9108e359ac8915b2987c810b05ba56c9a8040ba3017e45e70818b1aafa2d130de30bbb4d9b74b576b987d92ed16e28c8c1074ad78a7d2436135c2668fd961dc0f749411be2cfb4d3253dbe4fa7cee7d
2020-01-20 13:51:05,163 - DEBUG - COM3: RX: 03846900
2020-01-20 13:51:05,163 - DEBUG - COM3: parsed_packet {event: CmdRsp, data: {'opcode': 105, 'status': 0, 'data': bytearray(b'')}}
2020-01-20 13:51:05,164 - DEBUG - COM3: TX: 059f01000100
2020-01-20 13:51:05,163 - INFO - COM3: Success
2020-01-20 13:51:05,166 - DEBUG - COM3: RX: 03849f00
2020-01-20 13:51:05,166 - DEBUG - COM3: parsed_packet {event: CmdRsp, data: {'opcode': 159, 'status': 0, 'data': bytearray(b'')}}
2020-01-20 13:51:05,167 - DEBUG - COM3: TX: 1392000018eed9c2a56add85049ffc3c59ad0e12
2020-01-20 13:51:05,166 - INFO - COM3: Success
2020-01-20 13:51:05,171 - DEBUG - COM3: RX: 058492000000
2020-01-20 13:51:05,171 - DEBUG - COM3: parsed_packet {event: CmdRsp, data: {'opcode': 146, 'status': 0, 'data': bytearray(b'\x00\x00')}}
2020-01-20 13:51:05,171 - DEBUG - COM3: TX: 1597000000004f68ad85d9f48ac8589df665b6b49b8a
2020-01-20 13:51:05,171 - INFO - COM3: SubnetAdd: {'subnet_handle': 0}
2020-01-20 13:51:05,175 - DEBUG - COM3: RX: 058497000000
2020-01-20 13:51:05,175 - DEBUG - COM3: parsed_packet {event: CmdRsp, data: {'opcode': 151, 'status': 0, 'data': bytearray(b'\x00\x00')}}
2020-01-20 13:51:05,175 - DEBUG - COM3: TX: 1597010000002aa2a6ded5a0798ceab5787ca3ae39fc
2020-01-20 13:51:05,175 - INFO - COM3: AppkeyAdd: {'appkey_handle': 0}
2020-01-20 13:51:05,180 - DEBUG - COM3: RX: 058497000100
2020-01-20 13:51:05,180 - DEBUG - COM3: parsed_packet {event: CmdRsp, data: {'opcode': 151, 'status': 0, 'data': bytearray(b'\x01\x00')}}
2020-01-20 13:51:05,180 - INFO - COM3: AppkeyAdd: {'appkey_handle': 1}
2020-01-20 13:51:14,887 - DEBUG - COM3: TX: 0161
2020-01-20 13:51:14,889 - DEBUG - COM3: RX: 03846100
2020-01-20 13:51:14,889 - DEBUG - COM3: parsed_packet {event: CmdRsp, data: {'opcode': 97, 'status': 0, 'data': bytearray(b'')}}
2020-01-20 13:51:14,889 - INFO - COM3: Success
2020-01-20 13:51:15,098 - DEBUG - COM3: RX: 1ac0c86a88bbfa034047a539d04a8ded330fbd00012539d04a8ded
2020-01-20 13:51:15,098 - DEBUG - COM3: parsed_packet {event: ProvUnprovisionedReceived, data: {'uuid': bytearray(b'\xc8j\x88\xbb\xfa\x03@G\xa59\xd0J\x8d\xed3\x0f'), 'rssi': -67, 'gatt_supported': 0, 'adv_addr_type': 1, 'adv_addr': bytearray(b'%9\xd0J\x8d\xed')}}
2020-01-20 13:51:15,099 - INFO - COM3: Received UUID c86a88bbfa034047a539d04a8ded330f with RSSI: -67 dB
2020-01-20 13:51:15,286 - DEBUG - COM3: RX: 1ac0d5b91bba0508344a809923e28a48b06db30001c09923e28ac8
2020-01-20 13:51:15,287 - DEBUG - COM3: parsed_packet {event: ProvUnprovisionedReceived, data: {'uuid': bytearray(b'\xd5\xb9\x1b\xba\x05\x084J\x80\x99#\xe2\x8aH\xb0m'), 'rssi': -77, 'gatt_supported': 0, 'adv_addr_type': 1, 'adv_addr': bytearray(b'\xc0\x99#\xe2\x8a\xc8')}}
2020-01-20 13:51:15,287 - INFO - COM3: Received UUID d5b91bba0508344a809923e28a48b06d with RSSI: -77 dB
2020-01-20 13:51:15,998 - DEBUG - COM3: RX: 1ac0d9cfbd4418e74240b492f8f01d1cd1acbe0001b492f8f01ddc
2020-01-20 13:51:15,998 - DEBUG - COM3: parsed_packet {event: ProvUnprovisionedReceived, data: {'uuid': bytearray(b'\xd9\xcf\xbdD\x18\xe7B@\xb4\x92\xf8\xf0\x1d\x1c\xd1\xac'), 'rssi': -66, 'gatt_supported': 0, 'adv_addr_type': 1, 'adv_addr': bytearray(b'\xb4\x92\xf8\xf0\x1d\xdc')}}
2020-01-20 13:51:15,998 - INFO - COM3: Received UUID d9cfbd4418e74240b492f8f01d1cd1ac with RSSI: -66 dB
2020-01-20 13:51:17,107 - DEBUG - COM3: RX: 1ac0c86a88bbfa034047a539d04a8ded330fbc00012539d04a8ded
2020-01-20 13:51:17,108 - DEBUG - COM3: parsed_packet {event: ProvUnprovisionedReceived, data: {'uuid': bytearray(b'\xc8j\x88\xbb\xfa\x03@G\xa59\xd0J\x8d\xed3\x0f'), 'rssi': -68, 'gatt_supported': 0, 'adv_addr_type': 1, 'adv_addr': bytearray(b'%9\xd0J\x8d\xed')}}
2020-01-20 13:51:17,286 - DEBUG - COM3: RX: 1ac0d5b91bba0508344a809923e28a48b06dc30001c09923e28ac8
2020-01-20 13:51:17,286 - DEBUG - COM3: parsed_packet {event: ProvUnprovisionedReceived, data: {'uuid': bytearray(b'\xd5\xb9\x1b\xba\x05\x084J\x80\x99#\xe2\x8aH\xb0m'), 'rssi': -61, 'gatt_supported': 0, 'adv_addr_type': 1, 'adv_addr': bytearray(b'\xc0\x99#\xe2\x8a\xc8')}}
2020-01-20 13:51:18,002 - DEBUG - COM3: RX: 1ac0d9cfbd4418e74240b492f8f01d1cd1acc40001b492f8f01ddc
2020-01-20 13:51:18,002 - DEBUG - COM3: parsed_packet {event: ProvUnprovisionedReceived, data: {'uuid': bytearray(b'\xd9\xcf\xbdD\x18\xe7B@\xb4\x92\xf8\xf0\x1d\x1c\xd1\xac'), 'rssi': -60, 'gatt_supported': 0, 'adv_addr_type': 1, 'adv_addr': bytearray(b'\xb4\x92\xf8\xf0\x1d\xdc')}}
2020-01-20 13:51:19,110 - DEBUG - COM3: RX: 1ac0c86a88bbfa034047a539d04a8ded330fc200012539d04a8ded
2020-01-20 13:51:19,110 - DEBUG - COM3: parsed_packet {event: ProvUnprovisionedReceived, data: {'uuid': bytearray(b'\xc8j\x88\xbb\xfa\x03@G\xa59\xd0J\x8d\xed3\x0f'), 'rssi': -62, 'gatt_supported': 0, 'adv_addr_type': 1, 'adv_addr': bytearray(b'%9\xd0J\x8d\xed')}}
2020-01-20 13:51:19,284 - DEBUG - COM3: RX: 1ac0d5b91bba0508344a809923e28a48b06db90001c09923e28ac8
2020-01-20 13:51:19,284 - DEBUG - COM3: parsed_packet {event: ProvUnprovisionedReceived, data: {'uuid': bytearray(b'\xd5\xb9\x1b\xba\x05\x084J\x80\x99#\xe2\x8aH\xb0m'), 'rssi': -71, 'gatt_supported': 0, 'adv_addr_type': 1, 'adv_addr': bytearray(b'\xc0\x99#\xe2\x8a\xc8')}}
2020-01-20 13:51:19,888 - DEBUG - COM3: TX: 0162
2020-01-20 13:51:19,888 - DEBUG - COM3: RX: 03846200
2020-01-20 13:51:19,890 - DEBUG - COM3: parsed_packet {event: CmdRsp, data: {'opcode': 98, 'status': 0, 'data': bytearray(b'')}}
2020-01-20 13:51:19,890 - INFO - COM3: Success
2020-01-20 13:51:34,310 - DEBUG - COM3: TX: 2d6300d9cfbd4418e74240b492f8f01d1cd1ac18eed9c2a56add85049ffc3c59ad0e120000000000001000000000
2020-01-20 13:51:34,316 - DEBUG - COM3: RX: 0484630000
2020-01-20 13:51:34,316 - DEBUG - COM3: parsed_packet {event: CmdRsp, data: {'opcode': 99, 'status': 0, 'data': bytearray(b'\x00')}}
2020-01-20 13:51:34,316 - INFO - COM3: Provision: {'context': 0}
2020-01-20 13:51:34,339 - DEBUG - COM3: RX: 02c100
2020-01-20 13:51:34,340 - DEBUG - COM3: parsed_packet {event: ProvLinkEstablished, data: {'context_id': 0}}
2020-01-20 13:51:34,340 - INFO - COM3: Link established
2020-01-20 13:51:34,388 - DEBUG - COM3: RX: 0bc300050001000000000000
2020-01-20 13:51:34,388 - DEBUG - COM3: parsed_packet {event: ProvCapsReceived, data: {'context_id': 0, 'num_elements': 5, 'public_key_type': 0, 'static_oob_types': 1, 'output_oob_size': 0, 'output_oob_actions': 0, 'input_oob_size': 0, 'input_oob_actions': 0}}
2020-01-20 13:51:34,388 - INFO - COM3: Received capabilities
2020-01-20 13:51:34,388 - INFO - COM3: Number of elements: 5
2020-01-20 13:51:34,388 - DEBUG - COM3: TX: 056600000000
2020-01-20 13:51:34,391 - DEBUG - COM3: RX: 0484660000
2020-01-20 13:51:34,391 - DEBUG - COM3: parsed_packet {event: CmdRsp, data: {'opcode': 102, 'status': 0, 'data': bytearray(b'\x00')}}
2020-01-20 13:51:34,391 - INFO - COM3: OobUse: {'context': 0}
2020-01-20 13:51:34,596 - DEBUG - COM3: RX: 62c700b429d482ab7600c44af2c27aa547b2987f0fccc9ca0c33e264d4be38d49c69462795f091fe40a79d4dcca14e77d342ca28e7d7999e9c534a1df4c322ab8a49b00c3093272a4cf51c73f6ca83cf9ffcc9c9108e359ac8915b2987c810b05ba56c
2020-01-20 13:51:34,596 - DEBUG - COM3: parsed_packet {event: ProvEcdhRequest, data: {'context_id': 0, 'peer_public': bytearray(b'\xb4)\xd4\x82\xabv\x00\xc4J\xf2\xc2z\xa5G\xb2\x98\x7f\x0f\xcc\xc9\xca\x0c3\xe2d\xd4\xbe8\xd4\x9ciF\'\x95\xf0\x91\xfe@\xa7\x9dM\xcc\xa1Nw\xd3B\xca(\xe7\xd7\x99\x9e\x9cSJ\x1d\xf4\xc3"\xab\x8aI\xb0'), 'node_private': bytearray(b"\x0c0\x93\'*L\xf5\x1cs\xf6\xca\x83\xcf\x9f\xfc\xc9\xc9\x10\x8e5\x9a\xc8\x91[)\x87\xc8\x10\xb0[\xa5l")}}
2020-01-20 13:51:34,596 - INFO - COM3: ECDH request received
2020-01-20 13:51:34,596 - DEBUG - COM3: TX: 2268003fc8328a94e62757736e929086812e2425aa36348440399967b44106a3613f4a
2020-01-20 13:51:34,596 - DEBUG - COM3: RX: 0484680000
2020-01-20 13:51:34,596 - DEBUG - COM3: parsed_packet {event: CmdRsp, data: {'opcode': 104, 'status': 0, 'data': bytearray(b'\x00')}}
2020-01-20 13:51:34,596 - INFO - COM3: EcdhSecret: {'context': 0}
2020-01-20 13:51:34,920 - DEBUG - COM3: RX: 2cc500000000000000100000006c40e0b55f0ef35f7934722d231e121218eed9c2a56add85049ffc3c59ad0e12
2020-01-20 13:51:34,920 - DEBUG - COM3: parsed_packet {event: ProvComplete, data: {'context_id': 0, 'iv_index': 0, 'net_key_index': 0, 'address': 16, 'iv_update_flag': 0, 'key_refresh_flag': 0, 'device_key': bytearray(b'l@\xe0\xb5_\x0e\xf3_y4r-#\x1e\x12\x12'), 'net_key': bytearray(b'\x18\xee\xd9\xc2\xa5j\xdd\x85\x04\x9f\xfc<Y\xad\x0e\x12')}}
2020-01-20 13:51:34,920 - INFO - COM3: Provisioning complete
2020-01-20 13:51:34,920 - INFO - COM3: 	Address(es): 0x10-0x14
2020-01-20 13:51:34,920 - INFO - COM3: 	Device key: 6c40e0b55f0ef35f7934722d231e1212
2020-01-20 13:51:34,920 - INFO - COM3: 	Network key: 18eed9c2a56add85049ffc3c59ad0e12
2020-01-20 13:51:34,920 - INFO - COM3: Adding device key to subnet 0
2020-01-20 13:51:34,920 - DEBUG - COM3: TX: 159c100000006c40e0b55f0ef35f7934722d231e1212
2020-01-20 13:51:34,920 - INFO - COM3: Adding publication address of root element
2020-01-20 13:51:34,936 - DEBUG - COM3: TX: 03a41000
2020-01-20 13:51:34,936 - DEBUG - COM3: RX: 05849c000800
2020-01-20 13:51:34,936 - DEBUG - COM3: parsed_packet {event: CmdRsp, data: {'opcode': 156, 'status': 0, 'data': bytearray(b'\x08\x00')}}
2020-01-20 13:51:34,936 - INFO - COM3: DevkeyAdd: {'devkey_handle': 8}
2020-01-20 13:51:34,936 - DEBUG - COM3: RX: 0584a4000000
2020-01-20 13:51:34,936 - DEBUG - COM3: parsed_packet {event: CmdRsp, data: {'opcode': 164, 'status': 0, 'data': bytearray(b'\x00\x00')}}
2020-01-20 13:51:34,936 - INFO - COM3: AddrPublicationAdd: {'address_handle': 0}
2020-01-20 13:51:35,051 - DEBUG - COM3: RX: 03c20000
2020-01-20 13:51:35,051 - DEBUG - COM3: parsed_packet {event: ProvLinkClosed, data: {'context_id': 0, 'close_reason': 0}}
2020-01-20 13:51:35,052 - INFO - COM3: Provisioning link closed
2020-01-20 13:52:10,098 - DEBUG - COM3.ConfigurationClient: Sending opcode: 8008, data: 00
2020-01-20 13:52:10,098 - DEBUG - COM3: TX: 0eab08000100000008000000800800
2020-01-20 13:52:10,102 - DEBUG - COM3: RX: 0784ab0001000000
2020-01-20 13:52:10,102 - DEBUG - COM3: parsed_packet {event: CmdRsp, data: {'opcode': 171, 'status': 0, 'data': bytearray(b'\x01\x00\x00\x00')}}
2020-01-20 13:52:10,102 - INFO - COM3: PacketSend: {'token': 1}
2020-01-20 13:52:10,118 - DEBUG - COM3: RX: 05d201000000
2020-01-20 13:52:10,118 - DEBUG - COM3: parsed_packet {event: MeshTxComplete, data: {'token': 1}}
2020-01-20 13:52:10,118 - INFO - COM3: {event: MeshTxComplete, data: {'token': 1}}
2020-01-20 13:52:10,187 - DEBUG - COM3: RX: 2ad010000100080000000401b492f8f01ddcc01600020059000000000028000f0000000300000002000210
2020-01-20 13:52:10,187 - DEBUG - COM3: parsed_packet {event: MeshMessageReceivedUnicast, data: {'src': 16, 'dst': 1, 'appkey_handle': 8, 'subnet_handle': 0, 'ttl': 4, 'adv_addr_type': 1, 'adv_addr': bytearray(b'\xb4\x92\xf8\xf0\x1d\xdc'), 'rssi': -64, 'actual_length': 22, 'data': bytearray(b'\x02\x00Y\x00\x00\x00\x00\x00(\x00\x0f\x00\x00\x00\x03\x00\x00\x00\x02\x00\x02\x10')}}
2020-01-20 13:52:10,192 - INFO - COM3.ConfigurationClient: Received composition data (page 0x00): {
  "cid": "0059",
  "pid": "0000",
  "vid": "0000",
  "crpl": 40,
  "features": {
    "relay": 0,
    "proxy": 0,
    "friend": 0,
    "low_power": 0
  },
  "elements": [
    {
      "index": 0,
      "location": "0000",
      "models": [
        {
          "modelId": "0000"
        },
        {
          "modelId": "0002"
        },
        {
          "modelId": "1002"
        }
      ]
    }
  ]
}
2020-01-20 13:52:10,192 - DEBUG - COM3: Message Opcode bytearray(b'\x02'), Data bytearray(b'\x00Y\x00\x00\x00\x00\x00(\x00\x0f\x00\x00\x00\x03\x00\x00\x00\x02\x00\x02\x10') unknown for model <mesh.access.Access object at 0x000002395B8D0760>.
2020-01-20 13:52:10,192 - DEBUG - COM3: Message Opcode bytearray(b'\x02'), Data bytearray(b'\x00Y\x00\x00\x00\x00\x00(\x00\x0f\x00\x00\x00\x03\x00\x00\x00\x02\x00\x02\x10') unknown for model <mesh.access.Access object at 0x000002395B8D0760>.
2020-01-20 13:52:12,106 - DEBUG - COM3.ConfigurationClient: Sending opcode: 00, data: 0000004f68ad85d9f48ac8589df665b6b49b8a
2020-01-20 13:52:12,106 - DEBUG - COM3: TX: 1fab08000100000008000000000000004f68ad85d9f48ac8589df665b6b49b8a
2020-01-20 13:52:12,106 - DEBUG - COM3: RX: 0784ab0002000000
2020-01-20 13:52:12,106 - DEBUG - COM3: parsed_packet {event: CmdRsp, data: {'opcode': 171, 'status': 0, 'data': bytearray(b'\x02\x00\x00\x00')}}
2020-01-20 13:52:12,106 - INFO - COM3: PacketSend: {'token': 2}
2020-01-20 13:52:12,719 - DEBUG - COM3: RX: 05d202000000
2020-01-20 13:52:12,719 - DEBUG - COM3: parsed_packet {event: MeshTxComplete, data: {'token': 2}}
2020-01-20 13:52:12,719 - INFO - COM3: {event: MeshTxComplete, data: {'token': 2}}
2020-01-20 13:52:12,750 - DEBUG - COM3: RX: 1ad010000100080000000401b492f8f01ddcc50600800300000000
2020-01-20 13:52:12,750 - DEBUG - COM3: parsed_packet {event: MeshMessageReceivedUnicast, data: {'src': 16, 'dst': 1, 'appkey_handle': 8, 'subnet_handle': 0, 'ttl': 4, 'adv_addr_type': 1, 'adv_addr': bytearray(b'\xb4\x92\xf8\xf0\x1d\xdc'), 'rssi': -59, 'actual_length': 6, 'data': bytearray(b'\x80\x03\x00\x00\x00\x00')}}
2020-01-20 13:52:12,750 - INFO - COM3.ConfigurationClient: Appkey status: AccessStatus.SUCCESS
2020-01-20 13:52:12,750 - INFO - COM3.ConfigurationClient: Appkey add 0 succeded for subnet 0 at node 0010
2020-01-20 13:52:12,750 - DEBUG - COM3: Message Opcode bytearray(b'\x80\x03'), Data bytearray(b'\x00\x00\x00\x00') unknown for model <mesh.access.Access object at 0x000002395B8D0760>.
2020-01-20 13:52:12,750 - DEBUG - COM3: Message Opcode bytearray(b'\x80\x03'), Data bytearray(b'\x00\x00\x00\x00') unknown for model <mesh.access.Access object at 0x000002395B8D0760>.
2020-01-20 13:52:13,106 - DEBUG - COM3.ConfigurationClient: Sending opcode: 803d, data: 100000000210
2020-01-20 13:52:13,106 - DEBUG - COM3: TX: 13ab08000100000008000000803d100000000210
2020-01-20 13:52:13,110 - DEBUG - COM3: RX: 0784ab0003000000
2020-01-20 13:52:13,110 - DEBUG - COM3: parsed_packet {event: CmdRsp, data: {'opcode': 171, 'status': 0, 'data': bytearray(b'\x03\x00\x00\x00')}}
2020-01-20 13:52:13,110 - INFO - COM3: PacketSend: {'token': 3}
2020-01-20 13:52:13,121 - DEBUG - COM3: RX: 05d203000000
2020-01-20 13:52:13,121 - DEBUG - COM3: parsed_packet {event: MeshTxComplete, data: {'token': 3}}
2020-01-20 13:52:13,121 - INFO - COM3: {event: MeshTxComplete, data: {'token': 3}}
2020-01-20 13:52:13,133 - DEBUG - COM3: RX: 1dd010000100080000000401b492f8f01ddcc70900803e00100000000210
2020-01-20 13:52:13,133 - DEBUG - COM3: parsed_packet {event: MeshMessageReceivedUnicast, data: {'src': 16, 'dst': 1, 'appkey_handle': 8, 'subnet_handle': 0, 'ttl': 4, 'adv_addr_type': 1, 'adv_addr': bytearray(b'\xb4\x92\xf8\xf0\x1d\xdc'), 'rssi': -57, 'actual_length': 9, 'data': bytearray(b'\x80>\x00\x10\x00\x00\x00\x02\x10')}}
2020-01-20 13:52:13,134 - INFO - COM3.ConfigurationClient: Model app bind status: AccessStatus.SUCCESS
2020-01-20 13:52:13,138 - INFO - COM3.ConfigurationClient: Appkey bind 0 to model 1002 at 0010
2020-01-20 13:52:13,138 - DEBUG - COM3: Message Opcode bytearray(b'\x80>'), Data bytearray(b'\x00\x10\x00\x00\x00\x02\x10') unknown for model <mesh.access.Access object at 0x000002395B8D0760>.
2020-01-20 13:52:13,138 - DEBUG - COM3: Message Opcode bytearray(b'\x80>'), Data bytearray(b'\x00\x10\x00\x00\x00\x02\x10') unknown for model <mesh.access.Access object at 0x000002395B8D0760>.
2020-01-20 13:52:17,123 - INFO - COM3.NodeConfigClient: Send Data1: 16
2020-01-20 13:52:17,123 - INFO - COM3.NodeConfigClient: Send Data2: 0
2020-01-20 13:52:17,123 - INFO - COM3.NodeConfigClient: Send Data3: 0
2020-01-20 13:52:17,123 - INFO - COM3.NodeConfigClient: Send Data4: 0
2020-01-20 13:52:17,123 - INFO - COM3.NodeConfigClient: Send Data: bytearray(b'\x00\x00\x00\x10\x00')
2020-01-20 13:52:17,123 - DEBUG - COM3.NodeConfigClient: Sending opcode: 8206, data: 0000001000
2020-01-20 13:52:17,123 - DEBUG - COM3: TX: 12ab0000010000000800000082060000001000
2020-01-20 13:52:17,123 - DEBUG - COM3: RX: 0784ab0004000000
2020-01-20 13:52:17,123 - DEBUG - COM3: parsed_packet {event: CmdRsp, data: {'opcode': 171, 'status': 0, 'data': bytearray(b'\x04\x00\x00\x00')}}
2020-01-20 13:52:17,123 - INFO - COM3: PacketSend: {'token': 4}
2020-01-20 13:52:17,139 - DEBUG - COM3: RX: 05d204000000
2020-01-20 13:52:17,139 - DEBUG - COM3: parsed_packet {event: MeshTxComplete, data: {'token': 4}}
2020-01-20 13:52:17,139 - INFO - COM3: {event: MeshTxComplete, data: {'token': 4}}
2020-01-20 13:52:17,155 - DEBUG - COM3: RX: 18d010000100000000000401b492f8f01ddcc0040082080000
2020-01-20 13:52:17,155 - DEBUG - COM3: parsed_packet {event: MeshMessageReceivedUnicast, data: {'src': 16, 'dst': 1, 'appkey_handle': 0, 'subnet_handle': 0, 'ttl': 4, 'adv_addr_type': 1, 'adv_addr': bytearray(b'\xb4\x92\xf8\xf0\x1d\xdc'), 'rssi': -64, 'actual_length': 4, 'data': bytearray(b'\x82\x08\x00\x00')}}
2020-01-20 13:52:17,155 - DEBUG - COM3: Message Opcode bytearray(b'\x82\x08'), Data bytearray(b'\x00\x00') unknown for model <mesh.access.Access object at 0x000002395B8D0760>.
2020-01-20 13:52:17,155 - INFO - COM3.NodeConfigClient: Present Level: bytearray(b'\x00\x00') Target Level: bytearray(b'\x00\x00')
2020-01-20 13:52:17,155 - DEBUG - COM3: Message Opcode bytearray(b'\x82\x08'), Data bytearray(b'\x00\x00') unknown for model <mesh.access.Access object at 0x000002395B8D0760>.
2020-01-20 13:52:18,126 - DEBUG - COM3.ConfigurationClient: Sending opcode: 8049, data: 
2020-01-20 13:52:18,126 - DEBUG - COM3: TX: 0dab080001000000080000008049
2020-01-20 13:52:18,126 - DEBUG - COM3: RX: 0784ab0005000000
2020-01-20 13:52:18,126 - DEBUG - COM3: parsed_packet {event: CmdRsp, data: {'opcode': 171, 'status': 0, 'data': bytearray(b'\x05\x00\x00\x00')}}
2020-01-20 13:52:18,126 - INFO - COM3: PacketSend: {'token': 5}
2020-01-20 13:52:18,142 - DEBUG - COM3: RX: 05d205000000
2020-01-20 13:52:18,142 - DEBUG - COM3: parsed_packet {event: MeshTxComplete, data: {'token': 5}}
2020-01-20 13:52:18,142 - INFO - COM3: {event: MeshTxComplete, data: {'token': 5}}
