2020-01-20 18:07:19,209 - DEBUG - COM3: TX: 61697d3ddc2080fed7d73500f2e9f862b0e2af24292065f9a4bc907f0357cc53f27ef1e7e193494b209088490802a48481106347a1a78ff553b5fd5c7146202e21167afcab1db4f3e804a112ae35807e5aa676e1db28e1e5e6f121a55601d00de48d
2020-01-20 18:07:19,220 - DEBUG - COM3: RX: 03846900
2020-01-20 18:07:19,221 - DEBUG - COM3: parsed_packet {event: CmdRsp, data: {'opcode': 105, 'status': 0, 'data': bytearray(b'')}}
2020-01-20 18:07:19,221 - DEBUG - COM3: TX: 059f01000100
2020-01-20 18:07:19,221 - INFO - COM3: Success
2020-01-20 18:07:19,223 - DEBUG - COM3: RX: 03849f00
2020-01-20 18:07:19,231 - DEBUG - COM3: parsed_packet {event: CmdRsp, data: {'opcode': 159, 'status': 0, 'data': bytearray(b'')}}
2020-01-20 18:07:19,231 - DEBUG - COM3: TX: 1392000018eed9c2a56add85049ffc3c59ad0e12
2020-01-20 18:07:19,231 - INFO - COM3: Success
2020-01-20 18:07:19,235 - DEBUG - COM3: RX: 058492000000
2020-01-20 18:07:19,235 - DEBUG - COM3: parsed_packet {event: CmdRsp, data: {'opcode': 146, 'status': 0, 'data': bytearray(b'\x00\x00')}}
2020-01-20 18:07:19,235 - DEBUG - COM3: TX: 1597000000004f68ad85d9f48ac8589df665b6b49b8a
2020-01-20 18:07:19,235 - INFO - COM3: SubnetAdd: {'subnet_handle': 0}
2020-01-20 18:07:19,240 - DEBUG - COM3: RX: 058497000000
2020-01-20 18:07:19,240 - DEBUG - COM3: parsed_packet {event: CmdRsp, data: {'opcode': 151, 'status': 0, 'data': bytearray(b'\x00\x00')}}
2020-01-20 18:07:19,240 - DEBUG - COM3: TX: 1597010000002aa2a6ded5a0798ceab5787ca3ae39fc
2020-01-20 18:07:19,240 - INFO - COM3: AppkeyAdd: {'appkey_handle': 0}
2020-01-20 18:07:19,244 - DEBUG - COM3: RX: 058497000100
2020-01-20 18:07:19,245 - DEBUG - COM3: parsed_packet {event: CmdRsp, data: {'opcode': 151, 'status': 0, 'data': bytearray(b'\x01\x00')}}
2020-01-20 18:07:19,245 - INFO - COM3: AppkeyAdd: {'appkey_handle': 1}
2020-01-20 18:07:21,255 - DEBUG - COM3: TX: 0161
2020-01-20 18:07:21,257 - DEBUG - COM3: RX: 03846100
2020-01-20 18:07:21,257 - DEBUG - COM3: parsed_packet {event: CmdRsp, data: {'opcode': 97, 'status': 0, 'data': bytearray(b'')}}
2020-01-20 18:07:21,257 - INFO - COM3: Success
2020-01-20 18:07:22,547 - DEBUG - COM3: RX: 1ac0c86a88bbfa034047a539d04a8ded330fbe00012539d04a8ded
2020-01-20 18:07:22,547 - DEBUG - COM3: parsed_packet {event: ProvUnprovisionedReceived, data: {'uuid': bytearray(b'\xc8j\x88\xbb\xfa\x03@G\xa59\xd0J\x8d\xed3\x0f'), 'rssi': -66, 'gatt_supported': 0, 'adv_addr_type': 1, 'adv_addr': bytearray(b'%9\xd0J\x8d\xed')}}
2020-01-20 18:07:22,547 - INFO - COM3: Received UUID c86a88bbfa034047a539d04a8ded330f with RSSI: -66 dB
2020-01-20 18:07:24,548 - DEBUG - COM3: RX: 1ac0c86a88bbfa034047a539d04a8ded330fbc00012539d04a8ded
2020-01-20 18:07:24,548 - DEBUG - COM3: parsed_packet {event: ProvUnprovisionedReceived, data: {'uuid': bytearray(b'\xc8j\x88\xbb\xfa\x03@G\xa59\xd0J\x8d\xed3\x0f'), 'rssi': -68, 'gatt_supported': 0, 'adv_addr_type': 1, 'adv_addr': bytearray(b'%9\xd0J\x8d\xed')}}
2020-01-20 18:07:26,255 - DEBUG - COM3: TX: 0162
2020-01-20 18:07:26,255 - DEBUG - COM3: RX: 03846200
2020-01-20 18:07:26,255 - DEBUG - COM3: parsed_packet {event: CmdRsp, data: {'opcode': 98, 'status': 0, 'data': bytearray(b'')}}
2020-01-20 18:07:26,255 - INFO - COM3: Success
2020-01-20 18:08:46,076 - DEBUG - COM3: RX: 00
2020-01-20 18:08:46,077 - ERROR - COM3: Invalid packet: bytearray(b'\x00')
2020-01-20 18:08:46,490 - DEBUG - COM3: RX: 04810200fe
2020-01-20 18:08:46,490 - DEBUG - COM3: parsed_packet {event: DeviceStarted, data: {'operating_mode': 2, 'hw_error': 0, 'data_credit_available': 254}}
2020-01-20 18:08:46,490 - INFO - COM3: Device rebooted.
