2019-11-29 15:17:21,658 - DEBUG - COM3: TX: 61698f8ec79b3202073760744e58038f87b6f60ba0808daeee1f2f62eedf940d3884be5f989ae1f2aa14d98d96e21b89067f0ce1afe96344eb3caff9725cc6cc9ff8d1eb768d7bd1d22dc5f4926a21fcd757bcd9b12b6730f66b12d681cf386580b4
2019-11-29 15:17:21,674 - DEBUG - COM3: RX: 03846900
2019-11-29 15:17:21,674 - DEBUG - COM3: parsed_packet {event: CmdRsp, data: {'opcode': 105, 'status': 0, 'data': bytearray(b'')}}
2019-11-29 15:17:21,674 - DEBUG - COM3: TX: 059f01000100
2019-11-29 15:17:21,674 - INFO - COM3: Success
2019-11-29 15:17:21,674 - DEBUG - COM3: RX: 03849f8e
2019-11-29 15:17:21,674 - DEBUG - COM3: parsed_packet {event: CmdRsp, data: {'opcode': 159, 'status': 142, 'data': bytearray(b'')}}
2019-11-29 15:17:21,674 - DEBUG - COM3: TX: 1392000018eed9c2a56add85049ffc3c59ad0e12
2019-11-29 15:17:21,674 - ERROR - COM3: None: ERROR_REJECTED
2019-11-29 15:17:21,690 - DEBUG - COM3: RX: 03849281
2019-11-29 15:17:21,690 - DEBUG - COM3: parsed_packet {event: CmdRsp, data: {'opcode': 146, 'status': 129, 'data': bytearray(b'')}}
2019-11-29 15:17:21,690 - DEBUG - COM3: TX: 1597000000004f68ad85d9f48ac8589df665b6b49b8a
2019-11-29 15:17:21,690 - ERROR - COM3: SubnetAdd: ERROR_INTERNAL
2019-11-29 15:17:21,690 - DEBUG - COM3: RX: 03849781
2019-11-29 15:17:21,690 - DEBUG - COM3: parsed_packet {event: CmdRsp, data: {'opcode': 151, 'status': 129, 'data': bytearray(b'')}}
2019-11-29 15:17:21,690 - DEBUG - COM3: TX: 1597010000002aa2a6ded5a0798ceab5787ca3ae39fc
2019-11-29 15:17:21,690 - ERROR - COM3: AppkeyAdd: ERROR_INTERNAL
2019-11-29 15:17:21,690 - DEBUG - COM3: RX: 03849781
2019-11-29 15:17:21,690 - DEBUG - COM3: parsed_packet {event: CmdRsp, data: {'opcode': 151, 'status': 129, 'data': bytearray(b'')}}
2019-11-29 15:17:21,690 - ERROR - COM3: AppkeyAdd: ERROR_INTERNAL
2019-11-29 15:23:31,048 - DEBUG - COM3: exited read event
