2020-01-20 16:09:34,491 - DEBUG - COM3: TX: 61693f6d78117eaf6f66ae3952f1b76c53712203118e15edfd5fcb315a6e4a87bf06026e18068b3aacb41d568f847dfc8c06ba3d4c9a0c0b7a59f05f3828a77683bbdc3a4b84a4f496cbe779691f5434994e91cf66b2c61241a9081e8735560fe7c2
2020-01-20 16:09:34,502 - DEBUG - COM3: RX: 03846900
2020-01-20 16:09:34,503 - DEBUG - COM3: parsed_packet {event: CmdRsp, data: {'opcode': 105, 'status': 0, 'data': bytearray(b'')}}
2020-01-20 16:09:34,503 - DEBUG - COM3: TX: 059f01000100
2020-01-20 16:09:34,503 - INFO - COM3: Success
2020-01-20 16:09:34,505 - DEBUG - COM3: RX: 03849f8e
2020-01-20 16:09:34,515 - DEBUG - COM3: parsed_packet {event: CmdRsp, data: {'opcode': 159, 'status': 142, 'data': bytearray(b'')}}
2020-01-20 16:09:34,515 - DEBUG - COM3: TX: 1392000018eed9c2a56add85049ffc3c59ad0e12
2020-01-20 16:09:34,515 - ERROR - COM3: None: ERROR_REJECTED
2020-01-20 16:09:34,518 - DEBUG - COM3: RX: 03849281
2020-01-20 16:09:34,519 - DEBUG - COM3: parsed_packet {event: CmdRsp, data: {'opcode': 146, 'status': 129, 'data': bytearray(b'')}}
2020-01-20 16:09:34,519 - DEBUG - COM3: TX: 1597000000004f68ad85d9f48ac8589df665b6b49b8a
2020-01-20 16:09:34,519 - ERROR - COM3: SubnetAdd: ERROR_INTERNAL
2020-01-20 16:09:34,522 - DEBUG - COM3: RX: 03849781
2020-01-20 16:09:34,523 - DEBUG - COM3: parsed_packet {event: CmdRsp, data: {'opcode': 151, 'status': 129, 'data': bytearray(b'')}}
2020-01-20 16:09:34,523 - DEBUG - COM3: TX: 1597010000002aa2a6ded5a0798ceab5787ca3ae39fc
2020-01-20 16:09:34,523 - ERROR - COM3: AppkeyAdd: ERROR_INTERNAL
2020-01-20 16:09:34,527 - DEBUG - COM3: RX: 03849781
2020-01-20 16:09:34,527 - DEBUG - COM3: parsed_packet {event: CmdRsp, data: {'opcode': 151, 'status': 129, 'data': bytearray(b'')}}
2020-01-20 16:09:34,527 - ERROR - COM3: AppkeyAdd: ERROR_INTERNAL
2020-01-20 16:09:50,420 - DEBUG - COM3.ConfigurationClient: Sending opcode: 8008, data: 00
2020-01-20 16:09:50,420 - DEBUG - COM3: TX: 0eab08000100000008000000800800
2020-01-20 16:09:50,424 - DEBUG - COM3: RX: 0784ab001b000000
2020-01-20 16:09:50,424 - DEBUG - COM3: parsed_packet {event: CmdRsp, data: {'opcode': 171, 'status': 0, 'data': bytearray(b'\x1b\x00\x00\x00')}}
2020-01-20 16:09:50,424 - INFO - COM3: PacketSend: {'token': 27}
2020-01-20 16:09:50,444 - DEBUG - COM3: RX: 05d21b000000
2020-01-20 16:09:50,445 - DEBUG - COM3: parsed_packet {event: MeshTxComplete, data: {'token': 27}}
2020-01-20 16:09:50,445 - INFO - COM3: {event: MeshTxComplete, data: {'token': 27}}
2020-01-20 16:09:50,508 - DEBUG - COM3: RX: 30d03b000100080000000401c09923e28ac8c71c00020059000000000028000f0000000300000002000210000001000010
2020-01-20 16:09:50,508 - DEBUG - COM3: parsed_packet {event: MeshMessageReceivedUnicast, data: {'src': 59, 'dst': 1, 'appkey_handle': 8, 'subnet_handle': 0, 'ttl': 4, 'adv_addr_type': 1, 'adv_addr': bytearray(b'\xc0\x99#\xe2\x8a\xc8'), 'rssi': -57, 'actual_length': 28, 'data': bytearray(b'\x02\x00Y\x00\x00\x00\x00\x00(\x00\x0f\x00\x00\x00\x03\x00\x00\x00\x02\x00\x02\x10\x00\x00\x01\x00\x00\x10')}}
2020-01-20 16:09:50,520 - INFO - COM3.ConfigurationClient: Received composition data (page 0x00): {
  "cid": "0059",
  "pid": "0000",
  "vid": "0000",
  "crpl": 40,
  "features": {
    "relay": 0,
    "proxy": 0,
    "friend": 0,
    "low_power": 0
  },
  "elements": [
    {
      "index": 0,
      "location": "0000",
      "models": [
        {
          "modelId": "0000"
        },
        {
          "modelId": "0002"
        },
        {
          "modelId": "1002"
        }
      ]
    },
    {
      "index": 1,
      "location": "0000",
      "models": [
        {
          "modelId": "1000"
        }
      ]
    }
  ]
}
2020-01-20 16:09:50,520 - DEBUG - COM3: Message Opcode bytearray(b'\x02'), Data bytearray(b'\x00Y\x00\x00\x00\x00\x00(\x00\x0f\x00\x00\x00\x03\x00\x00\x00\x02\x00\x02\x10\x00\x00\x01\x00\x00\x10') unknown for model <mesh.access.Access object at 0x000001D716D10640>.
2020-01-20 16:09:50,520 - DEBUG - COM3: Message Opcode bytearray(b'\x02'), Data bytearray(b'\x00Y\x00\x00\x00\x00\x00(\x00\x0f\x00\x00\x00\x03\x00\x00\x00\x02\x00\x02\x10\x00\x00\x01\x00\x00\x10') unknown for model <mesh.access.Access object at 0x000001D716D10640>.
2020-01-20 16:09:52,421 - DEBUG - COM3.ConfigurationClient: Sending opcode: 00, data: 0000004f68ad85d9f48ac8589df665b6b49b8a
2020-01-20 16:09:52,421 - DEBUG - COM3: TX: 1fab08000100000008000000000000004f68ad85d9f48ac8589df665b6b49b8a
2020-01-20 16:09:52,427 - DEBUG - COM3: RX: 0784ab001c000000
2020-01-20 16:09:52,427 - DEBUG - COM3: parsed_packet {event: CmdRsp, data: {'opcode': 171, 'status': 0, 'data': bytearray(b'\x1c\x00\x00\x00')}}
2020-01-20 16:09:52,427 - INFO - COM3: PacketSend: {'token': 28}
2020-01-20 16:09:52,463 - DEBUG - COM3: RX: 05d21c000000
2020-01-20 16:09:52,463 - DEBUG - COM3: parsed_packet {event: MeshTxComplete, data: {'token': 28}}
2020-01-20 16:09:52,463 - INFO - COM3: {event: MeshTxComplete, data: {'token': 28}}
2020-01-20 16:09:52,497 - DEBUG - COM3: RX: 1ad03b000100080000000401c09923e28ac8bc0600800300000000
2020-01-20 16:09:52,497 - DEBUG - COM3: parsed_packet {event: MeshMessageReceivedUnicast, data: {'src': 59, 'dst': 1, 'appkey_handle': 8, 'subnet_handle': 0, 'ttl': 4, 'adv_addr_type': 1, 'adv_addr': bytearray(b'\xc0\x99#\xe2\x8a\xc8'), 'rssi': -68, 'actual_length': 6, 'data': bytearray(b'\x80\x03\x00\x00\x00\x00')}}
2020-01-20 16:09:52,497 - INFO - COM3.ConfigurationClient: Appkey status: AccessStatus.SUCCESS
2020-01-20 16:09:52,513 - INFO - COM3.ConfigurationClient: Appkey add 0 succeded for subnet 0 at node 003b
2020-01-20 16:09:52,513 - DEBUG - COM3: Message Opcode bytearray(b'\x80\x03'), Data bytearray(b'\x00\x00\x00\x00') unknown for model <mesh.access.Access object at 0x000001D716D10640>.
2020-01-20 16:09:52,513 - DEBUG - COM3: Message Opcode bytearray(b'\x80\x03'), Data bytearray(b'\x00\x00\x00\x00') unknown for model <mesh.access.Access object at 0x000001D716D10640>.
2020-01-20 16:09:53,436 - DEBUG - COM3.ConfigurationClient: Sending opcode: 803d, data: 3c0000000010
2020-01-20 16:09:53,436 - DEBUG - COM3: TX: 13ab08000100000008000000803d3c0000000010
2020-01-20 16:09:53,436 - DEBUG - COM3: RX: 0784ab001d000000
2020-01-20 16:09:53,436 - DEBUG - COM3: parsed_packet {event: CmdRsp, data: {'opcode': 171, 'status': 0, 'data': bytearray(b'\x1d\x00\x00\x00')}}
2020-01-20 16:09:53,436 - INFO - COM3: PacketSend: {'token': 29}
2020-01-20 16:09:53,451 - DEBUG - COM3: RX: 05d21d000000
2020-01-20 16:09:53,451 - DEBUG - COM3: parsed_packet {event: MeshTxComplete, data: {'token': 29}}
2020-01-20 16:09:53,451 - INFO - COM3: {event: MeshTxComplete, data: {'token': 29}}
2020-01-20 16:09:53,451 - DEBUG - COM3: RX: 1dd03b000100080000000401c09923e28ac8bd0900803e003c0000000010
2020-01-20 16:09:53,451 - DEBUG - COM3: parsed_packet {event: MeshMessageReceivedUnicast, data: {'src': 59, 'dst': 1, 'appkey_handle': 8, 'subnet_handle': 0, 'ttl': 4, 'adv_addr_type': 1, 'adv_addr': bytearray(b'\xc0\x99#\xe2\x8a\xc8'), 'rssi': -67, 'actual_length': 9, 'data': bytearray(b'\x80>\x00<\x00\x00\x00\x00\x10')}}
2020-01-20 16:09:53,451 - INFO - COM3.ConfigurationClient: Model app bind status: AccessStatus.SUCCESS
2020-01-20 16:09:53,467 - INFO - COM3.ConfigurationClient: Appkey bind 0 to model 1000 at 003c
2020-01-20 16:09:53,467 - DEBUG - COM3: Message Opcode bytearray(b'\x80>'), Data bytearray(b'\x00<\x00\x00\x00\x00\x10') unknown for model <mesh.access.Access object at 0x000001D716D10640>.
2020-01-20 16:09:53,467 - DEBUG - COM3: Message Opcode bytearray(b'\x80>'), Data bytearray(b'\x00<\x00\x00\x00\x00\x10') unknown for model <mesh.access.Access object at 0x000001D716D10640>.
