2020-01-20 14:49:10,379 - DEBUG - COM3: TX: 6169db101f02db09e4ddcce7fbc0d029d615b667ce238ea3d493d5ca514440b89590ca92fc0f04323dcd769bc91f5efd97cdae21c3217675c8aa79f6ae1dce51f3f37671e36215bafc03a5ae7d4d324c72bf71cec3be67eaaed213ebe022e1e858d8
2020-01-20 14:49:10,390 - DEBUG - COM3: RX: 03846900
2020-01-20 14:49:10,391 - DEBUG - COM3: parsed_packet {event: CmdRsp, data: {'opcode': 105, 'status': 0, 'data': bytearray(b'')}}
2020-01-20 14:49:10,391 - DEBUG - COM3: TX: 059f01000100
2020-01-20 14:49:10,391 - INFO - COM3: Success
2020-01-20 14:49:10,393 - DEBUG - COM3: RX: 03849f00
2020-01-20 14:49:10,402 - DEBUG - COM3: parsed_packet {event: CmdRsp, data: {'opcode': 159, 'status': 0, 'data': bytearray(b'')}}
2020-01-20 14:49:10,402 - DEBUG - COM3: TX: 1392000018eed9c2a56add85049ffc3c59ad0e12
2020-01-20 14:49:10,402 - INFO - COM3: Success
2020-01-20 14:49:10,406 - DEBUG - COM3: RX: 058492000000
2020-01-20 14:49:10,406 - DEBUG - COM3: parsed_packet {event: CmdRsp, data: {'opcode': 146, 'status': 0, 'data': bytearray(b'\x00\x00')}}
2020-01-20 14:49:10,406 - DEBUG - COM3: TX: 1597000000004f68ad85d9f48ac8589df665b6b49b8a
2020-01-20 14:49:10,406 - INFO - COM3: SubnetAdd: {'subnet_handle': 0}
2020-01-20 14:49:10,410 - DEBUG - COM3: RX: 058497000000
2020-01-20 14:49:10,410 - DEBUG - COM3: parsed_packet {event: CmdRsp, data: {'opcode': 151, 'status': 0, 'data': bytearray(b'\x00\x00')}}
2020-01-20 14:49:10,410 - DEBUG - COM3: TX: 1597010000002aa2a6ded5a0798ceab5787ca3ae39fc
2020-01-20 14:49:10,410 - INFO - COM3: AppkeyAdd: {'appkey_handle': 0}
2020-01-20 14:49:10,414 - DEBUG - COM3: RX: 058497000100
2020-01-20 14:49:10,414 - DEBUG - COM3: parsed_packet {event: CmdRsp, data: {'opcode': 151, 'status': 0, 'data': bytearray(b'\x01\x00')}}
2020-01-20 14:49:10,414 - INFO - COM3: AppkeyAdd: {'appkey_handle': 1}
2020-01-20 14:49:17,232 - DEBUG - COM3: TX: 0161
2020-01-20 14:49:17,234 - DEBUG - COM3: RX: 03846100
2020-01-20 14:49:17,234 - DEBUG - COM3: parsed_packet {event: CmdRsp, data: {'opcode': 97, 'status': 0, 'data': bytearray(b'')}}
2020-01-20 14:49:17,234 - INFO - COM3: Success
2020-01-20 14:49:17,516 - DEBUG - COM3: RX: 1ac0c86a88bbfa034047a539d04a8ded330fc600012539d04a8ded
2020-01-20 14:49:17,517 - DEBUG - COM3: parsed_packet {event: ProvUnprovisionedReceived, data: {'uuid': bytearray(b'\xc8j\x88\xbb\xfa\x03@G\xa59\xd0J\x8d\xed3\x0f'), 'rssi': -58, 'gatt_supported': 0, 'adv_addr_type': 1, 'adv_addr': bytearray(b'%9\xd0J\x8d\xed')}}
2020-01-20 14:49:17,517 - INFO - COM3: Received UUID c86a88bbfa034047a539d04a8ded330f with RSSI: -58 dB
2020-01-20 14:49:17,542 - DEBUG - COM3: RX: 1ac0d9cfbd4418e74240b492f8f01d1cd1acc80001b492f8f01ddc
2020-01-20 14:49:17,542 - DEBUG - COM3: parsed_packet {event: ProvUnprovisionedReceived, data: {'uuid': bytearray(b'\xd9\xcf\xbdD\x18\xe7B@\xb4\x92\xf8\xf0\x1d\x1c\xd1\xac'), 'rssi': -56, 'gatt_supported': 0, 'adv_addr_type': 1, 'adv_addr': bytearray(b'\xb4\x92\xf8\xf0\x1d\xdc')}}
2020-01-20 14:49:17,542 - INFO - COM3: Received UUID d9cfbd4418e74240b492f8f01d1cd1ac with RSSI: -56 dB
2020-01-20 14:49:19,513 - DEBUG - COM3: RX: 1ac0c86a88bbfa034047a539d04a8ded330fc700012539d04a8ded
2020-01-20 14:49:19,513 - DEBUG - COM3: parsed_packet {event: ProvUnprovisionedReceived, data: {'uuid': bytearray(b'\xc8j\x88\xbb\xfa\x03@G\xa59\xd0J\x8d\xed3\x0f'), 'rssi': -57, 'gatt_supported': 0, 'adv_addr_type': 1, 'adv_addr': bytearray(b'%9\xd0J\x8d\xed')}}
2020-01-20 14:49:19,544 - DEBUG - COM3: RX: 1ac0d9cfbd4418e74240b492f8f01d1cd1acc30001b492f8f01ddc
2020-01-20 14:49:19,544 - DEBUG - COM3: parsed_packet {event: ProvUnprovisionedReceived, data: {'uuid': bytearray(b'\xd9\xcf\xbdD\x18\xe7B@\xb4\x92\xf8\xf0\x1d\x1c\xd1\xac'), 'rssi': -61, 'gatt_supported': 0, 'adv_addr_type': 1, 'adv_addr': bytearray(b'\xb4\x92\xf8\xf0\x1d\xdc')}}
2020-01-20 14:49:19,778 - DEBUG - COM3: RX: 1ac0d5b91bba0508344a809923e28a48b06dc50001c09923e28ac8
2020-01-20 14:49:19,778 - DEBUG - COM3: parsed_packet {event: ProvUnprovisionedReceived, data: {'uuid': bytearray(b'\xd5\xb9\x1b\xba\x05\x084J\x80\x99#\xe2\x8aH\xb0m'), 'rssi': -59, 'gatt_supported': 0, 'adv_addr_type': 1, 'adv_addr': bytearray(b'\xc0\x99#\xe2\x8a\xc8')}}
2020-01-20 14:49:19,778 - INFO - COM3: Received UUID d5b91bba0508344a809923e28a48b06d with RSSI: -59 dB
2020-01-20 14:49:21,529 - DEBUG - COM3: RX: 1ac0c86a88bbfa034047a539d04a8ded330fb600012539d04a8ded
2020-01-20 14:49:21,530 - DEBUG - COM3: parsed_packet {event: ProvUnprovisionedReceived, data: {'uuid': bytearray(b'\xc8j\x88\xbb\xfa\x03@G\xa59\xd0J\x8d\xed3\x0f'), 'rssi': -74, 'gatt_supported': 0, 'adv_addr_type': 1, 'adv_addr': bytearray(b'%9\xd0J\x8d\xed')}}
2020-01-20 14:49:21,799 - DEBUG - COM3: RX: 1ac0d5b91bba0508344a809923e28a48b06dbc0001c09923e28ac8
2020-01-20 14:49:21,799 - DEBUG - COM3: parsed_packet {event: ProvUnprovisionedReceived, data: {'uuid': bytearray(b'\xd5\xb9\x1b\xba\x05\x084J\x80\x99#\xe2\x8aH\xb0m'), 'rssi': -68, 'gatt_supported': 0, 'adv_addr_type': 1, 'adv_addr': bytearray(b'\xc0\x99#\xe2\x8a\xc8')}}
2020-01-20 14:49:22,237 - DEBUG - COM3: TX: 0162
2020-01-20 14:49:22,237 - DEBUG - COM3: RX: 03846200
2020-01-20 14:49:22,237 - DEBUG - COM3: parsed_packet {event: CmdRsp, data: {'opcode': 98, 'status': 0, 'data': bytearray(b'')}}
2020-01-20 14:49:22,237 - INFO - COM3: Success
2020-01-20 14:50:50,481 - DEBUG - COM3: TX: 2d6300d9cfbd4418e74240b492f8f01d1cd1ac18eed9c2a56add85049ffc3c59ad0e120000000000001800000000
2020-01-20 14:50:50,487 - DEBUG - COM3: RX: 0484630000
2020-01-20 14:50:50,487 - DEBUG - COM3: parsed_packet {event: CmdRsp, data: {'opcode': 99, 'status': 0, 'data': bytearray(b'\x00')}}
2020-01-20 14:50:50,487 - INFO - COM3: Provision: {'context': 0}
2020-01-20 14:50:50,516 - DEBUG - COM3: RX: 02c100
2020-01-20 14:50:50,516 - DEBUG - COM3: parsed_packet {event: ProvLinkEstablished, data: {'context_id': 0}}
2020-01-20 14:50:50,516 - INFO - COM3: Link established
2020-01-20 14:50:50,567 - DEBUG - COM3: RX: 0bc300050001000000000000
2020-01-20 14:50:50,567 - DEBUG - COM3: parsed_packet {event: ProvCapsReceived, data: {'context_id': 0, 'num_elements': 5, 'public_key_type': 0, 'static_oob_types': 1, 'output_oob_size': 0, 'output_oob_actions': 0, 'input_oob_size': 0, 'input_oob_actions': 0}}
2020-01-20 14:50:50,567 - INFO - COM3: Received capabilities
2020-01-20 14:50:50,568 - INFO - COM3: Number of elements: 5
2020-01-20 14:50:50,568 - DEBUG - COM3: TX: 056600000000
2020-01-20 14:50:50,570 - DEBUG - COM3: RX: 0484660000
2020-01-20 14:50:50,570 - DEBUG - COM3: parsed_packet {event: CmdRsp, data: {'opcode': 102, 'status': 0, 'data': bytearray(b'\x00')}}
2020-01-20 14:50:50,570 - INFO - COM3: OobUse: {'context': 0}
2020-01-20 14:50:52,800 - DEBUG - COM3: RX: 62c70037880430917703d3c004e8b171a971523a7d33faedd75952cc033136a40191a50338e53472bbc879a804e16c2415496bf537350011421f06dd34f7fb5e76fac3db101f02db09e4ddcce7fbc0d029d615b667ce238ea3d493d5ca514440b89590
2020-01-20 14:50:52,800 - DEBUG - COM3: parsed_packet {event: ProvEcdhRequest, data: {'context_id': 0, 'peer_public': bytearray(b'7\x88\x040\x91w\x03\xd3\xc0\x04\xe8\xb1q\xa9qR:}3\xfa\xed\xd7YR\xcc\x0316\xa4\x01\x91\xa5\x038\xe54r\xbb\xc8y\xa8\x04\xe1l$\x15Ik\xf575\x00\x11B\x1f\x06\xdd4\xf7\xfb^v\xfa\xc3'), 'node_private': bytearray(b'\xdb\x10\x1f\x02\xdb\t\xe4\xdd\xcc\xe7\xfb\xc0\xd0)\xd6\x15\xb6g\xce#\x8e\xa3\xd4\x93\xd5\xcaQD@\xb8\x95\x90')}}
2020-01-20 14:50:52,800 - INFO - COM3: ECDH request received
2020-01-20 14:50:52,800 - DEBUG - COM3: TX: 2268002510c0c65993bb69472ca6a470cd0c8c2f794053b3136e27792027eac769740b
2020-01-20 14:50:52,800 - DEBUG - COM3: RX: 0484680000
2020-01-20 14:50:52,800 - DEBUG - COM3: parsed_packet {event: CmdRsp, data: {'opcode': 104, 'status': 0, 'data': bytearray(b'\x00')}}
2020-01-20 14:50:52,800 - INFO - COM3: EcdhSecret: {'context': 0}
2020-01-20 14:50:55,163 - DEBUG - COM3: RX: 2cc5000000000000001800000073c110a59c3c8bd4b8dbd99d7fe3aa9b18eed9c2a56add85049ffc3c59ad0e12
2020-01-20 14:50:55,163 - DEBUG - COM3: parsed_packet {event: ProvComplete, data: {'context_id': 0, 'iv_index': 0, 'net_key_index': 0, 'address': 24, 'iv_update_flag': 0, 'key_refresh_flag': 0, 'device_key': bytearray(b's\xc1\x10\xa5\x9c<\x8b\xd4\xb8\xdb\xd9\x9d\x7f\xe3\xaa\x9b'), 'net_key': bytearray(b'\x18\xee\xd9\xc2\xa5j\xdd\x85\x04\x9f\xfc<Y\xad\x0e\x12')}}
2020-01-20 14:50:55,163 - INFO - COM3: Provisioning complete
2020-01-20 14:50:55,163 - INFO - COM3: 	Address(es): 0x18-0x1c
2020-01-20 14:50:55,163 - INFO - COM3: 	Device key: 73c110a59c3c8bd4b8dbd99d7fe3aa9b
2020-01-20 14:50:55,163 - INFO - COM3: 	Network key: 18eed9c2a56add85049ffc3c59ad0e12
2020-01-20 14:50:55,163 - INFO - COM3: Adding device key to subnet 0
2020-01-20 14:50:55,163 - DEBUG - COM3: TX: 159c1800000073c110a59c3c8bd4b8dbd99d7fe3aa9b
2020-01-20 14:50:55,163 - INFO - COM3: Adding publication address of root element
2020-01-20 14:50:55,163 - DEBUG - COM3: TX: 03a41800
2020-01-20 14:50:55,179 - DEBUG - COM3: RX: 05849c000800
2020-01-20 14:50:55,179 - DEBUG - COM3: parsed_packet {event: CmdRsp, data: {'opcode': 156, 'status': 0, 'data': bytearray(b'\x08\x00')}}
2020-01-20 14:50:55,179 - INFO - COM3: DevkeyAdd: {'devkey_handle': 8}
2020-01-20 14:50:55,179 - DEBUG - COM3: RX: 0584a4000000
2020-01-20 14:50:55,179 - DEBUG - COM3: parsed_packet {event: CmdRsp, data: {'opcode': 164, 'status': 0, 'data': bytearray(b'\x00\x00')}}
2020-01-20 14:50:55,179 - INFO - COM3: AddrPublicationAdd: {'address_handle': 0}
2020-01-20 14:50:55,261 - DEBUG - COM3: RX: 03c20000
2020-01-20 14:50:55,261 - DEBUG - COM3: parsed_packet {event: ProvLinkClosed, data: {'context_id': 0, 'close_reason': 0}}
2020-01-20 14:50:55,261 - INFO - COM3: Provisioning link closed
