2020-01-20 15:49:53,724 - DEBUG - COM3: TX: 616961eb6caa836c0624c44763def847be0a983b6006c3ba146b6ba3c2a304643d8def2a8ad721e5a1427a677122200777d5b2e4d8253849b900314bd86e84aa395b507e491372d4886b451fedc12db63c6c3610d6e7b0e114d6da76363dbf62e962
2020-01-20 15:49:53,735 - DEBUG - COM3: RX: 03846900
2020-01-20 15:49:53,736 - DEBUG - COM3: parsed_packet {event: CmdRsp, data: {'opcode': 105, 'status': 0, 'data': bytearray(b'')}}
2020-01-20 15:49:53,736 - DEBUG - COM3: TX: 059f01000100
2020-01-20 15:49:53,736 - INFO - COM3: Success
2020-01-20 15:49:53,738 - DEBUG - COM3: RX: 03849f00
2020-01-20 15:49:53,747 - DEBUG - COM3: parsed_packet {event: CmdRsp, data: {'opcode': 159, 'status': 0, 'data': bytearray(b'')}}
2020-01-20 15:49:53,747 - DEBUG - COM3: TX: 1392000018eed9c2a56add85049ffc3c59ad0e12
2020-01-20 15:49:53,747 - INFO - COM3: Success
2020-01-20 15:49:53,751 - DEBUG - COM3: RX: 058492000000
2020-01-20 15:49:53,752 - DEBUG - COM3: parsed_packet {event: CmdRsp, data: {'opcode': 146, 'status': 0, 'data': bytearray(b'\x00\x00')}}
2020-01-20 15:49:53,752 - DEBUG - COM3: TX: 1597000000004f68ad85d9f48ac8589df665b6b49b8a
2020-01-20 15:49:53,752 - INFO - COM3: SubnetAdd: {'subnet_handle': 0}
2020-01-20 15:49:53,755 - DEBUG - COM3: RX: 058497000000
2020-01-20 15:49:53,755 - DEBUG - COM3: parsed_packet {event: CmdRsp, data: {'opcode': 151, 'status': 0, 'data': bytearray(b'\x00\x00')}}
2020-01-20 15:49:53,756 - DEBUG - COM3: TX: 1597010000002aa2a6ded5a0798ceab5787ca3ae39fc
2020-01-20 15:49:53,756 - INFO - COM3: AppkeyAdd: {'appkey_handle': 0}
2020-01-20 15:49:53,759 - DEBUG - COM3: RX: 058497000100
2020-01-20 15:49:53,760 - DEBUG - COM3: parsed_packet {event: CmdRsp, data: {'opcode': 151, 'status': 0, 'data': bytearray(b'\x01\x00')}}
2020-01-20 15:49:53,760 - INFO - COM3: AppkeyAdd: {'appkey_handle': 1}
2020-01-20 15:49:57,585 - DEBUG - COM3: TX: 0161
2020-01-20 15:49:57,586 - DEBUG - COM3: RX: 03846100
2020-01-20 15:49:57,586 - DEBUG - COM3: parsed_packet {event: CmdRsp, data: {'opcode': 97, 'status': 0, 'data': bytearray(b'')}}
2020-01-20 15:49:57,586 - INFO - COM3: Success
2020-01-20 15:49:58,013 - DEBUG - COM3: RX: 1ac064348854c4ba6d4b9577d61386619776c700019577d61386e1
2020-01-20 15:49:58,013 - DEBUG - COM3: parsed_packet {event: ProvUnprovisionedReceived, data: {'uuid': bytearray(b'd4\x88T\xc4\xbamK\x95w\xd6\x13\x86a\x97v'), 'rssi': -57, 'gatt_supported': 0, 'adv_addr_type': 1, 'adv_addr': bytearray(b'\x95w\xd6\x13\x86\xe1')}}
2020-01-20 15:49:58,013 - INFO - COM3: Received UUID 64348854c4ba6d4b9577d61386619776 with RSSI: -57 dB
2020-01-20 15:49:59,460 - DEBUG - COM3: RX: 1ac0d5b91bba0508344a809923e28a48b06db70001c09923e28ac8
2020-01-20 15:49:59,460 - DEBUG - COM3: parsed_packet {event: ProvUnprovisionedReceived, data: {'uuid': bytearray(b'\xd5\xb9\x1b\xba\x05\x084J\x80\x99#\xe2\x8aH\xb0m'), 'rssi': -73, 'gatt_supported': 0, 'adv_addr_type': 1, 'adv_addr': bytearray(b'\xc0\x99#\xe2\x8a\xc8')}}
2020-01-20 15:49:59,460 - INFO - COM3: Received UUID d5b91bba0508344a809923e28a48b06d with RSSI: -73 dB
2020-01-20 15:49:59,488 - DEBUG - COM3: RX: 1ac0c86a88bbfa034047a539d04a8ded330fae00012539d04a8ded
2020-01-20 15:49:59,488 - DEBUG - COM3: parsed_packet {event: ProvUnprovisionedReceived, data: {'uuid': bytearray(b'\xc8j\x88\xbb\xfa\x03@G\xa59\xd0J\x8d\xed3\x0f'), 'rssi': -82, 'gatt_supported': 0, 'adv_addr_type': 1, 'adv_addr': bytearray(b'%9\xd0J\x8d\xed')}}
2020-01-20 15:49:59,488 - INFO - COM3: Received UUID c86a88bbfa034047a539d04a8ded330f with RSSI: -82 dB
2020-01-20 15:50:00,012 - DEBUG - COM3: RX: 1ac064348854c4ba6d4b9577d61386619776bf00019577d61386e1
2020-01-20 15:50:00,012 - DEBUG - COM3: parsed_packet {event: ProvUnprovisionedReceived, data: {'uuid': bytearray(b'd4\x88T\xc4\xbamK\x95w\xd6\x13\x86a\x97v'), 'rssi': -65, 'gatt_supported': 0, 'adv_addr_type': 1, 'adv_addr': bytearray(b'\x95w\xd6\x13\x86\xe1')}}
2020-01-20 15:50:01,469 - DEBUG - COM3: RX: 1ac0d5b91bba0508344a809923e28a48b06dc60001c09923e28ac8
2020-01-20 15:50:01,469 - DEBUG - COM3: parsed_packet {event: ProvUnprovisionedReceived, data: {'uuid': bytearray(b'\xd5\xb9\x1b\xba\x05\x084J\x80\x99#\xe2\x8aH\xb0m'), 'rssi': -58, 'gatt_supported': 0, 'adv_addr_type': 1, 'adv_addr': bytearray(b'\xc0\x99#\xe2\x8a\xc8')}}
2020-01-20 15:50:01,509 - DEBUG - COM3: RX: 1ac0c86a88bbfa034047a539d04a8ded330fc800012539d04a8ded
2020-01-20 15:50:01,509 - DEBUG - COM3: parsed_packet {event: ProvUnprovisionedReceived, data: {'uuid': bytearray(b'\xc8j\x88\xbb\xfa\x03@G\xa59\xd0J\x8d\xed3\x0f'), 'rssi': -56, 'gatt_supported': 0, 'adv_addr_type': 1, 'adv_addr': bytearray(b'%9\xd0J\x8d\xed')}}
2020-01-20 15:50:02,023 - DEBUG - COM3: RX: 1ac064348854c4ba6d4b9577d61386619776c400019577d61386e1
2020-01-20 15:50:02,023 - DEBUG - COM3: parsed_packet {event: ProvUnprovisionedReceived, data: {'uuid': bytearray(b'd4\x88T\xc4\xbamK\x95w\xd6\x13\x86a\x97v'), 'rssi': -60, 'gatt_supported': 0, 'adv_addr_type': 1, 'adv_addr': bytearray(b'\x95w\xd6\x13\x86\xe1')}}
2020-01-20 15:50:02,586 - DEBUG - COM3: TX: 0162
2020-01-20 15:50:02,588 - DEBUG - COM3: RX: 03846200
2020-01-20 15:50:02,588 - DEBUG - COM3: parsed_packet {event: CmdRsp, data: {'opcode': 98, 'status': 0, 'data': bytearray(b'')}}
2020-01-20 15:50:02,588 - INFO - COM3: Success
2020-01-20 15:50:12,840 - DEBUG - COM3: TX: 2d6300c86a88bbfa034047a539d04a8ded330f18eed9c2a56add85049ffc3c59ad0e120000000000003000000000
2020-01-20 15:50:12,840 - DEBUG - COM3: RX: 0484630000
2020-01-20 15:50:12,840 - DEBUG - COM3: parsed_packet {event: CmdRsp, data: {'opcode': 99, 'status': 0, 'data': bytearray(b'\x00')}}
2020-01-20 15:50:12,840 - INFO - COM3: Provision: {'context': 0}
2020-01-20 15:50:12,887 - DEBUG - COM3: RX: 02c100
2020-01-20 15:50:12,887 - DEBUG - COM3: parsed_packet {event: ProvLinkEstablished, data: {'context_id': 0}}
2020-01-20 15:50:12,887 - INFO - COM3: Link established
2020-01-20 15:50:12,955 - DEBUG - COM3: RX: 0bc300050001000000000000
2020-01-20 15:50:12,955 - DEBUG - COM3: parsed_packet {event: ProvCapsReceived, data: {'context_id': 0, 'num_elements': 5, 'public_key_type': 0, 'static_oob_types': 1, 'output_oob_size': 0, 'output_oob_actions': 0, 'input_oob_size': 0, 'input_oob_actions': 0}}
2020-01-20 15:50:12,956 - INFO - COM3: Received capabilities
2020-01-20 15:50:12,957 - INFO - COM3: Number of elements: 5
2020-01-20 15:50:12,958 - DEBUG - COM3: TX: 056600000000
2020-01-20 15:50:12,961 - DEBUG - COM3: RX: 0484660000
2020-01-20 15:50:12,962 - DEBUG - COM3: parsed_packet {event: CmdRsp, data: {'opcode': 102, 'status': 0, 'data': bytearray(b'\x00')}}
2020-01-20 15:50:12,962 - INFO - COM3: OobUse: {'context': 0}
2020-01-20 15:50:13,171 - DEBUG - COM3: RX: 62c700fd05cd49f5c06cacb09f400e6e6737a72c3345e957a19aea25639d24dfa803215941266ad5911cf8c87c1c4c01d8e541d8758c7a19e3576a5c859dd9bee29f6f61eb6caa836c0624c44763def847be0a983b6006c3ba146b6ba3c2a304643d8d
2020-01-20 15:50:13,171 - DEBUG - COM3: parsed_packet {event: ProvEcdhRequest, data: {'context_id': 0, 'peer_public': bytearray(b'\xfd\x05\xcdI\xf5\xc0l\xac\xb0\x9f@\x0eng7\xa7,3E\xe9W\xa1\x9a\xea%c\x9d$\xdf\xa8\x03!YA&j\xd5\x91\x1c\xf8\xc8|\x1cL\x01\xd8\xe5A\xd8u\x8cz\x19\xe3Wj\\\x85\x9d\xd9\xbe\xe2\x9fo'), 'node_private': bytearray(b'a\xebl\xaa\x83l\x06$\xc4Gc\xde\xf8G\xbe\n\x98;`\x06\xc3\xba\x14kk\xa3\xc2\xa3\x04d=\x8d')}}
2020-01-20 15:50:13,172 - INFO - COM3: ECDH request received
2020-01-20 15:50:13,176 - DEBUG - COM3: TX: 226800824773720bd9d76124c35eefdbb8b5631b81cac517819f92ce0037f750937b74
2020-01-20 15:50:13,181 - DEBUG - COM3: RX: 0484680000
2020-01-20 15:50:13,181 - DEBUG - COM3: parsed_packet {event: CmdRsp, data: {'opcode': 104, 'status': 0, 'data': bytearray(b'\x00')}}
2020-01-20 15:50:13,181 - INFO - COM3: EcdhSecret: {'context': 0}
2020-01-20 15:50:13,566 - DEBUG - COM3: RX: 2cc5000000000000003000000009174f912a9b1f1462afffe33f494a6b18eed9c2a56add85049ffc3c59ad0e12
2020-01-20 15:50:13,566 - DEBUG - COM3: parsed_packet {event: ProvComplete, data: {'context_id': 0, 'iv_index': 0, 'net_key_index': 0, 'address': 48, 'iv_update_flag': 0, 'key_refresh_flag': 0, 'device_key': bytearray(b'\t\x17O\x91*\x9b\x1f\x14b\xaf\xff\xe3?IJk'), 'net_key': bytearray(b'\x18\xee\xd9\xc2\xa5j\xdd\x85\x04\x9f\xfc<Y\xad\x0e\x12')}}
2020-01-20 15:50:13,566 - INFO - COM3: Provisioning complete
2020-01-20 15:50:13,566 - INFO - COM3: 	Address(es): 0x30-0x34
2020-01-20 15:50:13,566 - INFO - COM3: 	Device key: 09174f912a9b1f1462afffe33f494a6b
2020-01-20 15:50:13,566 - INFO - COM3: 	Network key: 18eed9c2a56add85049ffc3c59ad0e12
2020-01-20 15:50:13,566 - INFO - COM3: Adding device key to subnet 0
2020-01-20 15:50:13,566 - INFO - COM3: Adding publication address of root element
2020-01-20 15:50:13,566 - DEBUG - COM3: TX: 159c3000000009174f912a9b1f1462afffe33f494a6b
2020-01-20 15:50:13,566 - DEBUG - COM3: TX: 03a43000
2020-01-20 15:50:13,566 - DEBUG - COM3: RX: 05849c000800
2020-01-20 15:50:13,566 - DEBUG - COM3: parsed_packet {event: CmdRsp, data: {'opcode': 156, 'status': 0, 'data': bytearray(b'\x08\x00')}}
2020-01-20 15:50:13,566 - INFO - COM3: DevkeyAdd: {'devkey_handle': 8}
2020-01-20 15:50:13,566 - DEBUG - COM3: RX: 0584a4000000
2020-01-20 15:50:13,566 - DEBUG - COM3: parsed_packet {event: CmdRsp, data: {'opcode': 164, 'status': 0, 'data': bytearray(b'\x00\x00')}}
2020-01-20 15:50:13,566 - INFO - COM3: AddrPublicationAdd: {'address_handle': 0}
2020-01-20 15:50:13,673 - DEBUG - COM3: RX: 03c20000
2020-01-20 15:50:13,673 - DEBUG - COM3: parsed_packet {event: ProvLinkClosed, data: {'context_id': 0, 'close_reason': 0}}
2020-01-20 15:50:13,673 - INFO - COM3: Provisioning link closed
2020-01-20 15:50:44,328 - DEBUG - COM3.ConfigurationClient: Sending opcode: 8008, data: 00
2020-01-20 15:50:44,328 - DEBUG - COM3: TX: 0eab08000100000008000000800800
2020-01-20 15:50:44,331 - DEBUG - COM3: RX: 0784ab0001000000
2020-01-20 15:50:44,331 - DEBUG - COM3: parsed_packet {event: CmdRsp, data: {'opcode': 171, 'status': 0, 'data': bytearray(b'\x01\x00\x00\x00')}}
2020-01-20 15:50:44,331 - INFO - COM3: PacketSend: {'token': 1}
2020-01-20 15:50:44,337 - DEBUG - COM3: RX: 05d201000000
2020-01-20 15:50:44,338 - DEBUG - COM3: parsed_packet {event: MeshTxComplete, data: {'token': 1}}
2020-01-20 15:50:44,338 - INFO - COM3: {event: MeshTxComplete, data: {'token': 1}}
2020-01-20 15:50:46,336 - DEBUG - COM3.ConfigurationClient: Sending opcode: 00, data: 0000004f68ad85d9f48ac8589df665b6b49b8a
2020-01-20 15:50:46,336 - DEBUG - COM3: TX: 1fab08000100000008000000000000004f68ad85d9f48ac8589df665b6b49b8a
2020-01-20 15:50:46,336 - DEBUG - COM3: RX: 0784ab0002000000
2020-01-20 15:50:46,336 - DEBUG - COM3: parsed_packet {event: CmdRsp, data: {'opcode': 171, 'status': 0, 'data': bytearray(b'\x02\x00\x00\x00')}}
2020-01-20 15:50:46,336 - INFO - COM3: PacketSend: {'token': 2}
2020-01-20 15:50:46,367 - DEBUG - COM3: RX: 05d202000000
2020-01-20 15:50:46,367 - DEBUG - COM3: parsed_packet {event: MeshTxComplete, data: {'token': 2}}
2020-01-20 15:50:46,367 - INFO - COM3: {event: MeshTxComplete, data: {'token': 2}}
2020-01-20 15:50:46,407 - DEBUG - COM3: RX: 1ad0300001000800000004012539d04a8dedbd0600800300000000
2020-01-20 15:50:46,407 - DEBUG - COM3: parsed_packet {event: MeshMessageReceivedUnicast, data: {'src': 48, 'dst': 1, 'appkey_handle': 8, 'subnet_handle': 0, 'ttl': 4, 'adv_addr_type': 1, 'adv_addr': bytearray(b'%9\xd0J\x8d\xed'), 'rssi': -67, 'actual_length': 6, 'data': bytearray(b'\x80\x03\x00\x00\x00\x00')}}
2020-01-20 15:50:46,408 - INFO - COM3.ConfigurationClient: Appkey status: AccessStatus.SUCCESS
2020-01-20 15:50:46,409 - INFO - COM3.ConfigurationClient: Appkey add 0 succeded for subnet 0 at node 0030
2020-01-20 15:50:46,409 - DEBUG - COM3: Message Opcode bytearray(b'\x80\x03'), Data bytearray(b'\x00\x00\x00\x00') unknown for model <mesh.access.Access object at 0x0000022A86660640>.
2020-01-20 15:50:46,409 - DEBUG - COM3: Message Opcode bytearray(b'\x80\x03'), Data bytearray(b'\x00\x00\x00\x00') unknown for model <mesh.access.Access object at 0x0000022A86660640>.
2020-01-20 15:50:47,338 - DEBUG - COM3.ConfigurationClient: Sending opcode: 803d, data: 300000000210
2020-01-20 15:50:47,338 - DEBUG - COM3: TX: 13ab08000100000008000000803d300000000210
2020-01-20 15:50:47,338 - DEBUG - COM3: RX: 0784ab0003000000
2020-01-20 15:50:47,338 - DEBUG - COM3: parsed_packet {event: CmdRsp, data: {'opcode': 171, 'status': 0, 'data': bytearray(b'\x03\x00\x00\x00')}}
2020-01-20 15:50:47,338 - INFO - COM3: PacketSend: {'token': 3}
2020-01-20 15:50:47,338 - DEBUG - COM3: RX: 05d203000000
2020-01-20 15:50:47,338 - DEBUG - COM3: parsed_packet {event: MeshTxComplete, data: {'token': 3}}
2020-01-20 15:50:47,338 - INFO - COM3: {event: MeshTxComplete, data: {'token': 3}}
2020-01-20 15:50:47,369 - DEBUG - COM3: RX: 1dd0300001000800000004012539d04a8dedb60900803e00300000000210
2020-01-20 15:50:47,369 - DEBUG - COM3: parsed_packet {event: MeshMessageReceivedUnicast, data: {'src': 48, 'dst': 1, 'appkey_handle': 8, 'subnet_handle': 0, 'ttl': 4, 'adv_addr_type': 1, 'adv_addr': bytearray(b'%9\xd0J\x8d\xed'), 'rssi': -74, 'actual_length': 9, 'data': bytearray(b'\x80>\x000\x00\x00\x00\x02\x10')}}
2020-01-20 15:50:47,369 - INFO - COM3.ConfigurationClient: Model app bind status: AccessStatus.SUCCESS
2020-01-20 15:50:47,369 - ERROR - COM3: Exception in pkt handler <bound method Access.__event_handler of <mesh.access.Access object at 0x0000022A86660640>>
2020-01-20 15:50:47,369 - ERROR - COM3: traceback: Traceback (most recent call last):
  File "C:\Tools\NRF\nrf5_SDK_for_Mesh_v3.2.0_src\scripts\interactive_pyaci_ohne_IPython\aci\aci_uart.py", line 88, in process_packet
    fun(packet)
  File "C:\Tools\NRF\nrf5_SDK_for_Mesh_v3.2.0_src\scripts\interactive_pyaci_ohne_IPython\mesh\access.py", line 218, in __event_handler
    handler(opcode, message)
  File "C:\Tools\NRF\nrf5_SDK_for_Mesh_v3.2.0_src\scripts\interactive_pyaci_ohne_IPython\models\config.py", line 649, in __model_app_status_handler
    model = self.model_get(element_address, model_id)
  File "C:\Tools\NRF\nrf5_SDK_for_Mesh_v3.2.0_src\scripts\interactive_pyaci_ohne_IPython\models\config.py", line 454, in model_get
    raise RuntimeError("Could not find model %r with element address %04x" %
RuntimeError: Could not find model 1002 with element address 0030

2020-01-20 15:50:51,366 - INFO - COM3.NodeConfigClient: Send Data1: 16
2020-01-20 15:50:51,366 - INFO - COM3.NodeConfigClient: Send Data2: 0
2020-01-20 15:50:51,366 - INFO - COM3.NodeConfigClient: Send Data3: 0
2020-01-20 15:50:51,366 - INFO - COM3.NodeConfigClient: Send Data4: 0
2020-01-20 15:50:51,366 - INFO - COM3.NodeConfigClient: Send Data: bytearray(b'\x00\x00\x00\x10\x00')
2020-01-20 15:50:51,366 - DEBUG - COM3.NodeConfigClient: Sending opcode: 8206, data: 0000001000
2020-01-20 15:50:51,366 - DEBUG - COM3: TX: 12ab0000010000000800000082060000001000
2020-01-20 15:50:51,366 - DEBUG - COM3: RX: 0784ab0004000000
2020-01-20 15:50:51,366 - DEBUG - COM3: parsed_packet {event: CmdRsp, data: {'opcode': 171, 'status': 0, 'data': bytearray(b'\x04\x00\x00\x00')}}
2020-01-20 15:50:51,366 - INFO - COM3: PacketSend: {'token': 4}
2020-01-20 15:50:51,366 - DEBUG - COM3: RX: 05d204000000
2020-01-20 15:50:51,366 - DEBUG - COM3: parsed_packet {event: MeshTxComplete, data: {'token': 4}}
2020-01-20 15:50:51,366 - INFO - COM3: {event: MeshTxComplete, data: {'token': 4}}
2020-01-20 15:50:51,399 - DEBUG - COM3: RX: 18d0300001000000000004012539d04a8dedb9040082080000
2020-01-20 15:50:51,399 - DEBUG - COM3: parsed_packet {event: MeshMessageReceivedUnicast, data: {'src': 48, 'dst': 1, 'appkey_handle': 0, 'subnet_handle': 0, 'ttl': 4, 'adv_addr_type': 1, 'adv_addr': bytearray(b'%9\xd0J\x8d\xed'), 'rssi': -71, 'actual_length': 4, 'data': bytearray(b'\x82\x08\x00\x00')}}
2020-01-20 15:50:51,400 - DEBUG - COM3: Message Opcode bytearray(b'\x82\x08'), Data bytearray(b'\x00\x00') unknown for model <mesh.access.Access object at 0x0000022A86660640>.
2020-01-20 15:50:51,400 - INFO - COM3.NodeConfigClient: Present Level: bytearray(b'\x00\x00') Target Level: bytearray(b'\x00\x00')
2020-01-20 15:50:51,400 - DEBUG - COM3: Message Opcode bytearray(b'\x82\x08'), Data bytearray(b'\x00\x00') unknown for model <mesh.access.Access object at 0x0000022A86660640>.
2020-01-20 15:50:56,369 - DEBUG - COM3.ConfigurationClient: Sending opcode: 8049, data: 
2020-01-20 15:50:56,369 - DEBUG - COM3: TX: 0dab080001000000080000008049
2020-01-20 15:50:56,369 - DEBUG - COM3: RX: 0784ab0005000000
2020-01-20 15:50:56,369 - DEBUG - COM3: parsed_packet {event: CmdRsp, data: {'opcode': 171, 'status': 0, 'data': bytearray(b'\x05\x00\x00\x00')}}
2020-01-20 15:50:56,369 - INFO - COM3: PacketSend: {'token': 5}
2020-01-20 15:50:56,385 - DEBUG - COM3: RX: 05d205000000
2020-01-20 15:50:56,385 - DEBUG - COM3: parsed_packet {event: MeshTxComplete, data: {'token': 5}}
2020-01-20 15:50:56,385 - INFO - COM3: {event: MeshTxComplete, data: {'token': 5}}
2020-01-20 15:50:56,400 - DEBUG - COM3: RX: 16d0300001000800000004012539d04a8dedc60200804a
2020-01-20 15:50:56,400 - DEBUG - COM3: parsed_packet {event: MeshMessageReceivedUnicast, data: {'src': 48, 'dst': 1, 'appkey_handle': 8, 'subnet_handle': 0, 'ttl': 4, 'adv_addr_type': 1, 'adv_addr': bytearray(b'%9\xd0J\x8d\xed'), 'rssi': -58, 'actual_length': 2, 'data': bytearray(b'\x80J')}}
2020-01-20 15:50:56,400 - INFO - COM3.ConfigurationClient: Node 0030 was reset
2020-01-20 15:50:56,400 - DEBUG - COM3: Message Opcode bytearray(b'\x80J'), Data bytearray(b'') unknown for model <mesh.access.Access object at 0x0000022A86660640>.
2020-01-20 15:50:56,400 - DEBUG - COM3: Message Opcode bytearray(b'\x80J'), Data bytearray(b'') unknown for model <mesh.access.Access object at 0x0000022A86660640>.
2020-01-20 15:51:17,317 - DEBUG - COM3: RX: 00
2020-01-20 15:51:17,317 - ERROR - COM3: Invalid packet: bytearray(b'\x00')
2020-01-20 15:51:17,735 - DEBUG - COM3: RX: 04810200fe
2020-01-20 15:51:17,735 - DEBUG - COM3: parsed_packet {event: DeviceStarted, data: {'operating_mode': 2, 'hw_error': 0, 'data_credit_available': 254}}
2020-01-20 15:51:17,735 - INFO - COM3: Device rebooted.
