2020-01-20 18:08:51,572 - DEBUG - COM3: TX: 6169e4ab9a1bee4312287fd1c32d4fdfa8be786a1cd55c61820f2c8ec91dd04257959e5337cd215f868565ec881936078a24f69b35c511e4b87b82b64b4ba534389e72be3c1e5c7daba746baf9d50daa39910245aa459640b58100bb8180a37a3cbb
2020-01-20 18:08:51,584 - DEBUG - COM3: RX: 03846900
2020-01-20 18:08:51,584 - DEBUG - COM3: parsed_packet {event: CmdRsp, data: {'opcode': 105, 'status': 0, 'data': bytearray(b'')}}
2020-01-20 18:08:51,585 - DEBUG - COM3: TX: 059f01000100
2020-01-20 18:08:51,585 - INFO - COM3: Success
2020-01-20 18:08:51,587 - DEBUG - COM3: RX: 03849f00
2020-01-20 18:08:51,587 - DEBUG - COM3: parsed_packet {event: CmdRsp, data: {'opcode': 159, 'status': 0, 'data': bytearray(b'')}}
2020-01-20 18:08:51,588 - DEBUG - COM3: TX: 1392000018eed9c2a56add85049ffc3c59ad0e12
2020-01-20 18:08:51,588 - INFO - COM3: Success
2020-01-20 18:08:51,593 - DEBUG - COM3: RX: 058492000000
2020-01-20 18:08:51,593 - DEBUG - COM3: parsed_packet {event: CmdRsp, data: {'opcode': 146, 'status': 0, 'data': bytearray(b'\x00\x00')}}
2020-01-20 18:08:51,593 - DEBUG - COM3: TX: 1597000000004f68ad85d9f48ac8589df665b6b49b8a
2020-01-20 18:08:51,593 - INFO - COM3: SubnetAdd: {'subnet_handle': 0}
2020-01-20 18:08:51,597 - DEBUG - COM3: RX: 058497000000
2020-01-20 18:08:51,597 - DEBUG - COM3: parsed_packet {event: CmdRsp, data: {'opcode': 151, 'status': 0, 'data': bytearray(b'\x00\x00')}}
2020-01-20 18:08:51,598 - DEBUG - COM3: TX: 1597010000002aa2a6ded5a0798ceab5787ca3ae39fc
2020-01-20 18:08:51,597 - INFO - COM3: AppkeyAdd: {'appkey_handle': 0}
2020-01-20 18:08:51,602 - DEBUG - COM3: RX: 058497000100
2020-01-20 18:08:51,602 - DEBUG - COM3: parsed_packet {event: CmdRsp, data: {'opcode': 151, 'status': 0, 'data': bytearray(b'\x01\x00')}}
2020-01-20 18:08:51,602 - INFO - COM3: AppkeyAdd: {'appkey_handle': 1}
2020-01-20 18:09:12,464 - DEBUG - COM3.ConfigurationClient: Sending opcode: 8008, data: 00
2020-01-20 18:09:12,465 - DEBUG - COM3: TX: 0eab08000100000008000000800800
2020-01-20 18:09:12,468 - DEBUG - COM3: RX: 0384ab8e
2020-01-20 18:09:12,469 - DEBUG - COM3: parsed_packet {event: CmdRsp, data: {'opcode': 171, 'status': 142, 'data': bytearray(b'')}}
2020-01-20 18:09:12,469 - ERROR - COM3: PacketSend: ERROR_REJECTED
2020-01-20 18:09:14,465 - DEBUG - COM3.ConfigurationClient: Sending opcode: 00, data: 0000004f68ad85d9f48ac8589df665b6b49b8a
2020-01-20 18:09:14,465 - DEBUG - COM3: TX: 1fab08000100000008000000000000004f68ad85d9f48ac8589df665b6b49b8a
2020-01-20 18:09:14,470 - DEBUG - COM3: RX: 0384ab8e
2020-01-20 18:09:14,470 - DEBUG - COM3: parsed_packet {event: CmdRsp, data: {'opcode': 171, 'status': 142, 'data': bytearray(b'')}}
2020-01-20 18:09:14,471 - ERROR - COM3: PacketSend: ERROR_REJECTED
2020-01-20 18:09:17,936 - DEBUG - COM3: RX: 00
2020-01-20 18:09:17,936 - ERROR - COM3: Invalid packet: bytearray(b'\x00')
2020-01-20 18:09:18,351 - DEBUG - COM3: RX: 04810200fe
2020-01-20 18:09:18,351 - DEBUG - COM3: parsed_packet {event: DeviceStarted, data: {'operating_mode': 2, 'hw_error': 0, 'data_credit_available': 254}}
2020-01-20 18:09:18,351 - INFO - COM3: Device rebooted.
