2020-01-20 18:05:03,758 - DEBUG - COM3: TX: 6169ff2fa7a7a7582b2ef10ed1ff10a73c6e76156736817ccd5f5c9662c85dec6bac60c80bfced4f88d0f1d296c1cbe97fccf8fdbcf4a280603589cf957599a741ed3b42816d3d3d1baa53f81356013d0f6bcabcd05317c2341f7c37fca9cf2baa8a
2020-01-20 18:05:03,769 - DEBUG - COM3: RX: 03846900
2020-01-20 18:05:03,770 - DEBUG - COM3: parsed_packet {event: CmdRsp, data: {'opcode': 105, 'status': 0, 'data': bytearray(b'')}}
2020-01-20 18:05:03,770 - DEBUG - COM3: TX: 059f01000100
2020-01-20 18:05:03,770 - INFO - COM3: Success
2020-01-20 18:05:03,772 - DEBUG - COM3: RX: 03849f00
2020-01-20 18:05:03,781 - DEBUG - COM3: parsed_packet {event: CmdRsp, data: {'opcode': 159, 'status': 0, 'data': bytearray(b'')}}
2020-01-20 18:05:03,781 - DEBUG - COM3: TX: 1392000018eed9c2a56add85049ffc3c59ad0e12
2020-01-20 18:05:03,781 - INFO - COM3: Success
2020-01-20 18:05:03,786 - DEBUG - COM3: RX: 058492000000
2020-01-20 18:05:03,786 - DEBUG - COM3: parsed_packet {event: CmdRsp, data: {'opcode': 146, 'status': 0, 'data': bytearray(b'\x00\x00')}}
2020-01-20 18:05:03,786 - DEBUG - COM3: TX: 1597000000004f68ad85d9f48ac8589df665b6b49b8a
2020-01-20 18:05:03,786 - INFO - COM3: SubnetAdd: {'subnet_handle': 0}
2020-01-20 18:05:03,789 - DEBUG - COM3: RX: 058497000000
2020-01-20 18:05:03,789 - DEBUG - COM3: parsed_packet {event: CmdRsp, data: {'opcode': 151, 'status': 0, 'data': bytearray(b'\x00\x00')}}
2020-01-20 18:05:03,789 - DEBUG - COM3: TX: 1597010000002aa2a6ded5a0798ceab5787ca3ae39fc
2020-01-20 18:05:03,789 - INFO - COM3: AppkeyAdd: {'appkey_handle': 0}
2020-01-20 18:05:03,794 - DEBUG - COM3: RX: 058497000100
2020-01-20 18:05:03,794 - DEBUG - COM3: parsed_packet {event: CmdRsp, data: {'opcode': 151, 'status': 0, 'data': bytearray(b'\x01\x00')}}
2020-01-20 18:05:03,794 - INFO - COM3: AppkeyAdd: {'appkey_handle': 1}
2020-01-20 18:05:05,874 - DEBUG - COM3: TX: 0161
2020-01-20 18:05:05,875 - DEBUG - COM3: RX: 03846100
2020-01-20 18:05:05,876 - DEBUG - COM3: parsed_packet {event: CmdRsp, data: {'opcode': 97, 'status': 0, 'data': bytearray(b'')}}
2020-01-20 18:05:05,876 - INFO - COM3: Success
2020-01-20 18:05:06,200 - DEBUG - COM3: RX: 1ac0c86a88bbfa034047a539d04a8ded330fc100012539d04a8ded
2020-01-20 18:05:06,201 - DEBUG - COM3: parsed_packet {event: ProvUnprovisionedReceived, data: {'uuid': bytearray(b'\xc8j\x88\xbb\xfa\x03@G\xa59\xd0J\x8d\xed3\x0f'), 'rssi': -63, 'gatt_supported': 0, 'adv_addr_type': 1, 'adv_addr': bytearray(b'%9\xd0J\x8d\xed')}}
2020-01-20 18:05:06,201 - INFO - COM3: Received UUID c86a88bbfa034047a539d04a8ded330f with RSSI: -63 dB
2020-01-20 18:05:07,638 - DEBUG - COM3: RX: 1ac0d5b91bba0508344a809923e28a48b06dbc0001c09923e28ac8
2020-01-20 18:05:07,638 - DEBUG - COM3: parsed_packet {event: ProvUnprovisionedReceived, data: {'uuid': bytearray(b'\xd5\xb9\x1b\xba\x05\x084J\x80\x99#\xe2\x8aH\xb0m'), 'rssi': -68, 'gatt_supported': 0, 'adv_addr_type': 1, 'adv_addr': bytearray(b'\xc0\x99#\xe2\x8a\xc8')}}
2020-01-20 18:05:07,638 - INFO - COM3: Received UUID d5b91bba0508344a809923e28a48b06d with RSSI: -68 dB
2020-01-20 18:05:08,211 - DEBUG - COM3: RX: 1ac0c86a88bbfa034047a539d04a8ded330fb300012539d04a8ded
2020-01-20 18:05:08,211 - DEBUG - COM3: parsed_packet {event: ProvUnprovisionedReceived, data: {'uuid': bytearray(b'\xc8j\x88\xbb\xfa\x03@G\xa59\xd0J\x8d\xed3\x0f'), 'rssi': -77, 'gatt_supported': 0, 'adv_addr_type': 1, 'adv_addr': bytearray(b'%9\xd0J\x8d\xed')}}
2020-01-20 18:05:09,638 - DEBUG - COM3: RX: 1ac0d5b91bba0508344a809923e28a48b06dc30001c09923e28ac8
2020-01-20 18:05:09,638 - DEBUG - COM3: parsed_packet {event: ProvUnprovisionedReceived, data: {'uuid': bytearray(b'\xd5\xb9\x1b\xba\x05\x084J\x80\x99#\xe2\x8aH\xb0m'), 'rssi': -61, 'gatt_supported': 0, 'adv_addr_type': 1, 'adv_addr': bytearray(b'\xc0\x99#\xe2\x8a\xc8')}}
2020-01-20 18:05:10,215 - DEBUG - COM3: RX: 1ac0c86a88bbfa034047a539d04a8ded330fc100012539d04a8ded
2020-01-20 18:05:10,215 - DEBUG - COM3: parsed_packet {event: ProvUnprovisionedReceived, data: {'uuid': bytearray(b'\xc8j\x88\xbb\xfa\x03@G\xa59\xd0J\x8d\xed3\x0f'), 'rssi': -63, 'gatt_supported': 0, 'adv_addr_type': 1, 'adv_addr': bytearray(b'%9\xd0J\x8d\xed')}}
2020-01-20 18:05:10,874 - DEBUG - COM3: TX: 0162
2020-01-20 18:05:10,875 - DEBUG - COM3: RX: 03846200
2020-01-20 18:05:10,876 - DEBUG - COM3: parsed_packet {event: CmdRsp, data: {'opcode': 98, 'status': 0, 'data': bytearray(b'')}}
2020-01-20 18:05:10,876 - INFO - COM3: Success
2020-01-20 18:05:27,800 - DEBUG - COM3.ConfigurationClient: Sending opcode: 8008, data: 00
2020-01-20 18:05:27,800 - DEBUG - COM3: TX: 0eab08000100000008000000800800
2020-01-20 18:05:27,802 - DEBUG - COM3: RX: 0384ab8e
2020-01-20 18:05:27,803 - DEBUG - COM3: parsed_packet {event: CmdRsp, data: {'opcode': 171, 'status': 142, 'data': bytearray(b'')}}
2020-01-20 18:05:27,803 - ERROR - COM3: PacketSend: ERROR_REJECTED
2020-01-20 18:05:29,808 - DEBUG - COM3.ConfigurationClient: Sending opcode: 00, data: 0000004f68ad85d9f48ac8589df665b6b49b8a
2020-01-20 18:05:29,808 - DEBUG - COM3: TX: 1fab08000100000008000000000000004f68ad85d9f48ac8589df665b6b49b8a
2020-01-20 18:05:29,808 - DEBUG - COM3: RX: 0384ab8e
2020-01-20 18:05:29,808 - DEBUG - COM3: parsed_packet {event: CmdRsp, data: {'opcode': 171, 'status': 142, 'data': bytearray(b'')}}
2020-01-20 18:05:29,808 - ERROR - COM3: PacketSend: ERROR_REJECTED
2020-01-20 18:05:30,823 - DEBUG - COM3.ConfigurationClient: Sending opcode: 803d, data: 440000000210
2020-01-20 18:05:30,823 - DEBUG - COM3: TX: 13ab08000100000008000000803d440000000210
2020-01-20 18:05:30,823 - DEBUG - COM3: RX: 0384ab8e
2020-01-20 18:05:30,823 - DEBUG - COM3: parsed_packet {event: CmdRsp, data: {'opcode': 171, 'status': 142, 'data': bytearray(b'')}}
2020-01-20 18:05:30,823 - ERROR - COM3: PacketSend: ERROR_REJECTED
2020-01-20 18:05:34,839 - INFO - COM3.NodeConfigClient: Send Data1: 16
2020-01-20 18:05:34,839 - INFO - COM3.NodeConfigClient: Send Data2: 0
2020-01-20 18:05:34,839 - INFO - COM3.NodeConfigClient: Send Data3: 0
2020-01-20 18:05:34,839 - INFO - COM3.NodeConfigClient: Send Data4: 0
2020-01-20 18:05:34,839 - INFO - COM3.NodeConfigClient: Send Data: bytearray(b'\x00\x00\x00\x10\x00')
2020-01-20 18:05:34,839 - DEBUG - COM3.NodeConfigClient: Sending opcode: 8206, data: 0000001000
2020-01-20 18:05:34,839 - DEBUG - COM3: TX: 12ab0000010000000800000082060000001000
2020-01-20 18:05:34,839 - DEBUG - COM3: RX: 0384ab8e
2020-01-20 18:05:34,839 - DEBUG - COM3: parsed_packet {event: CmdRsp, data: {'opcode': 171, 'status': 142, 'data': bytearray(b'')}}
2020-01-20 18:05:34,839 - ERROR - COM3: PacketSend: ERROR_REJECTED
2020-01-20 18:05:39,839 - DEBUG - COM3.ConfigurationClient: Sending opcode: 8049, data: 
2020-01-20 18:05:39,839 - DEBUG - COM3: TX: 0dab080001000000080000008049
2020-01-20 18:05:39,842 - DEBUG - COM3: RX: 0384ab8e
2020-01-20 18:05:39,842 - DEBUG - COM3: parsed_packet {event: CmdRsp, data: {'opcode': 171, 'status': 142, 'data': bytearray(b'')}}
2020-01-20 18:05:39,843 - ERROR - COM3: PacketSend: ERROR_REJECTED
2020-01-20 18:05:45,578 - DEBUG - COM3: RX: 00
2020-01-20 18:05:45,578 - ERROR - COM3: Invalid packet: bytearray(b'\x00')
2020-01-20 18:05:45,993 - DEBUG - COM3: RX: 04810200fe
2020-01-20 18:05:45,993 - DEBUG - COM3: parsed_packet {event: DeviceStarted, data: {'operating_mode': 2, 'hw_error': 0, 'data_credit_available': 254}}
2020-01-20 18:05:45,994 - INFO - COM3: Device rebooted.
2020-01-20 18:05:48,502 - DEBUG - COM3: TX: 61691b7fbd638dd53213b07eb0e864e4066d0680e12ed8e05eace36c9d7da502a7f2cf92730123ad5f340fe26fc2c64de308818f6d36120beae935e2b24554af32734f081b24b0cbc43b3f07e350375d0667076e673074d2479de028c9813982ecf3
2020-01-20 18:05:48,513 - DEBUG - COM3: RX: 03846900
2020-01-20 18:05:48,513 - DEBUG - COM3: parsed_packet {event: CmdRsp, data: {'opcode': 105, 'status': 0, 'data': bytearray(b'')}}
2020-01-20 18:05:48,514 - DEBUG - COM3: TX: 059f01000100
2020-01-20 18:05:48,514 - INFO - COM3: Success
2020-01-20 18:05:48,516 - DEBUG - COM3: RX: 03849f00
2020-01-20 18:05:48,516 - DEBUG - COM3: parsed_packet {event: CmdRsp, data: {'opcode': 159, 'status': 0, 'data': bytearray(b'')}}
2020-01-20 18:05:48,516 - DEBUG - COM3: TX: 1392000018eed9c2a56add85049ffc3c59ad0e12
2020-01-20 18:05:48,516 - INFO - COM3: Success
2020-01-20 18:05:48,520 - DEBUG - COM3: RX: 058492000000
2020-01-20 18:05:48,520 - DEBUG - COM3: parsed_packet {event: CmdRsp, data: {'opcode': 146, 'status': 0, 'data': bytearray(b'\x00\x00')}}
2020-01-20 18:05:48,520 - DEBUG - COM3: TX: 1597000000004f68ad85d9f48ac8589df665b6b49b8a
2020-01-20 18:05:48,520 - INFO - COM3: SubnetAdd: {'subnet_handle': 0}
2020-01-20 18:05:48,524 - DEBUG - COM3: RX: 058497000000
2020-01-20 18:05:48,524 - DEBUG - COM3: parsed_packet {event: CmdRsp, data: {'opcode': 151, 'status': 0, 'data': bytearray(b'\x00\x00')}}
2020-01-20 18:05:48,524 - DEBUG - COM3: TX: 1597010000002aa2a6ded5a0798ceab5787ca3ae39fc
2020-01-20 18:05:48,524 - INFO - COM3: AppkeyAdd: {'appkey_handle': 0}
2020-01-20 18:05:48,528 - DEBUG - COM3: RX: 058497000100
2020-01-20 18:05:48,528 - DEBUG - COM3: parsed_packet {event: CmdRsp, data: {'opcode': 151, 'status': 0, 'data': bytearray(b'\x01\x00')}}
2020-01-20 18:05:48,528 - INFO - COM3: AppkeyAdd: {'appkey_handle': 1}
2020-01-20 18:05:50,627 - DEBUG - COM3: TX: 0161
2020-01-20 18:05:50,629 - DEBUG - COM3: RX: 03846100
2020-01-20 18:05:50,629 - DEBUG - COM3: parsed_packet {event: CmdRsp, data: {'opcode': 97, 'status': 0, 'data': bytearray(b'')}}
2020-01-20 18:05:50,630 - INFO - COM3: Success
2020-01-20 18:05:51,754 - DEBUG - COM3: RX: 1ac0d5b91bba0508344a809923e28a48b06dc10001c09923e28ac8
2020-01-20 18:05:51,754 - DEBUG - COM3: parsed_packet {event: ProvUnprovisionedReceived, data: {'uuid': bytearray(b'\xd5\xb9\x1b\xba\x05\x084J\x80\x99#\xe2\x8aH\xb0m'), 'rssi': -63, 'gatt_supported': 0, 'adv_addr_type': 1, 'adv_addr': bytearray(b'\xc0\x99#\xe2\x8a\xc8')}}
2020-01-20 18:05:51,754 - INFO - COM3: Received UUID d5b91bba0508344a809923e28a48b06d with RSSI: -63 dB
2020-01-20 18:05:52,315 - DEBUG - COM3: RX: 1ac0c86a88bbfa034047a539d04a8ded330fb700012539d04a8ded
2020-01-20 18:05:52,316 - DEBUG - COM3: parsed_packet {event: ProvUnprovisionedReceived, data: {'uuid': bytearray(b'\xc8j\x88\xbb\xfa\x03@G\xa59\xd0J\x8d\xed3\x0f'), 'rssi': -73, 'gatt_supported': 0, 'adv_addr_type': 1, 'adv_addr': bytearray(b'%9\xd0J\x8d\xed')}}
2020-01-20 18:05:52,316 - INFO - COM3: Received UUID c86a88bbfa034047a539d04a8ded330f with RSSI: -73 dB
2020-01-20 18:05:53,755 - DEBUG - COM3: RX: 1ac0d5b91bba0508344a809923e28a48b06dba0001c09923e28ac8
2020-01-20 18:05:53,755 - DEBUG - COM3: parsed_packet {event: ProvUnprovisionedReceived, data: {'uuid': bytearray(b'\xd5\xb9\x1b\xba\x05\x084J\x80\x99#\xe2\x8aH\xb0m'), 'rssi': -70, 'gatt_supported': 0, 'adv_addr_type': 1, 'adv_addr': bytearray(b'\xc0\x99#\xe2\x8a\xc8')}}
2020-01-20 18:05:54,322 - DEBUG - COM3: RX: 1ac0c86a88bbfa034047a539d04a8ded330fc100012539d04a8ded
2020-01-20 18:05:54,322 - DEBUG - COM3: parsed_packet {event: ProvUnprovisionedReceived, data: {'uuid': bytearray(b'\xc8j\x88\xbb\xfa\x03@G\xa59\xd0J\x8d\xed3\x0f'), 'rssi': -63, 'gatt_supported': 0, 'adv_addr_type': 1, 'adv_addr': bytearray(b'%9\xd0J\x8d\xed')}}
2020-01-20 18:05:55,627 - DEBUG - COM3: TX: 0162
2020-01-20 18:05:55,629 - DEBUG - COM3: RX: 03846200
2020-01-20 18:05:55,629 - DEBUG - COM3: parsed_packet {event: CmdRsp, data: {'opcode': 98, 'status': 0, 'data': bytearray(b'')}}
2020-01-20 18:05:55,629 - INFO - COM3: Success
2020-01-20 18:06:07,016 - DEBUG - COM3: TX: 2d6300d5b91bba0508344a809923e28a48b06d18eed9c2a56add85049ffc3c59ad0e120000000000004900000000
2020-01-20 18:06:07,016 - DEBUG - COM3: RX: 0484630000
2020-01-20 18:06:07,016 - DEBUG - COM3: parsed_packet {event: CmdRsp, data: {'opcode': 99, 'status': 0, 'data': bytearray(b'\x00')}}
2020-01-20 18:06:07,016 - INFO - COM3: Provision: {'context': 0}
2020-01-20 18:06:07,047 - DEBUG - COM3: RX: 02c100
2020-01-20 18:06:07,047 - DEBUG - COM3: parsed_packet {event: ProvLinkEstablished, data: {'context_id': 0}}
2020-01-20 18:06:07,047 - INFO - COM3: Link established
2020-01-20 18:06:07,093 - DEBUG - COM3: RX: 0bc300050001000000000000
2020-01-20 18:06:07,093 - DEBUG - COM3: parsed_packet {event: ProvCapsReceived, data: {'context_id': 0, 'num_elements': 5, 'public_key_type': 0, 'static_oob_types': 1, 'output_oob_size': 0, 'output_oob_actions': 0, 'input_oob_size': 0, 'input_oob_actions': 0}}
2020-01-20 18:06:07,093 - INFO - COM3: Received capabilities
2020-01-20 18:06:07,108 - INFO - COM3: Number of elements: 5
2020-01-20 18:06:07,108 - DEBUG - COM3: TX: 056600000000
2020-01-20 18:06:07,108 - DEBUG - COM3: RX: 0484660000
2020-01-20 18:06:07,108 - DEBUG - COM3: parsed_packet {event: CmdRsp, data: {'opcode': 102, 'status': 0, 'data': bytearray(b'\x00')}}
2020-01-20 18:06:07,108 - INFO - COM3: OobUse: {'context': 0}
2020-01-20 18:06:07,325 - DEBUG - COM3: RX: 62c70072c23d6d2d3b708bcd5a805cb9431173de27e88a70fbb7809c8d2e638174b68a3e5dce9898ad08ff84cd0f9bcd9e06b60a944fe7cfcd2565c3feb488d26b82a41b7fbd638dd53213b07eb0e864e4066d0680e12ed8e05eace36c9d7da502a7f2
2020-01-20 18:06:07,325 - DEBUG - COM3: parsed_packet {event: ProvEcdhRequest, data: {'context_id': 0, 'peer_public': bytearray(b"r\xc2=m-;p\x8b\xcdZ\x80\\\xb9C\x11s\xde\'\xe8\x8ap\xfb\xb7\x80\x9c\x8d.c\x81t\xb6\x8a>]\xce\x98\x98\xad\x08\xff\x84\xcd\x0f\x9b\xcd\x9e\x06\xb6\n\x94O\xe7\xcf\xcd%e\xc3\xfe\xb4\x88\xd2k\x82\xa4"), 'node_private': bytearray(b'\x1b\x7f\xbdc\x8d\xd52\x13\xb0~\xb0\xe8d\xe4\x06m\x06\x80\xe1.\xd8\xe0^\xac\xe3l\x9d}\xa5\x02\xa7\xf2')}}
2020-01-20 18:06:07,325 - INFO - COM3: ECDH request received
2020-01-20 18:06:07,325 - DEBUG - COM3: TX: 2268004a529238169832af2f71443fe30167f8dda496295af5f4d72b7cd7b152a2b9ed
2020-01-20 18:06:07,325 - DEBUG - COM3: RX: 0484680000
2020-01-20 18:06:07,325 - DEBUG - COM3: parsed_packet {event: CmdRsp, data: {'opcode': 104, 'status': 0, 'data': bytearray(b'\x00')}}
2020-01-20 18:06:07,325 - INFO - COM3: EcdhSecret: {'context': 0}
2020-01-20 18:06:07,660 - DEBUG - COM3: RX: 2cc5000000000000004900000034e5d96af97168e3ce653c0d6d620b3118eed9c2a56add85049ffc3c59ad0e12
2020-01-20 18:06:07,660 - DEBUG - COM3: parsed_packet {event: ProvComplete, data: {'context_id': 0, 'iv_index': 0, 'net_key_index': 0, 'address': 73, 'iv_update_flag': 0, 'key_refresh_flag': 0, 'device_key': bytearray(b'4\xe5\xd9j\xf9qh\xe3\xcee<\rmb\x0b1'), 'net_key': bytearray(b'\x18\xee\xd9\xc2\xa5j\xdd\x85\x04\x9f\xfc<Y\xad\x0e\x12')}}
2020-01-20 18:06:07,660 - INFO - COM3: Provisioning complete
2020-01-20 18:06:07,660 - INFO - COM3: 	Address(es): 0x49-0x4d
2020-01-20 18:06:07,660 - INFO - COM3: 	Device key: 34e5d96af97168e3ce653c0d6d620b31
2020-01-20 18:06:07,660 - INFO - COM3: 	Network key: 18eed9c2a56add85049ffc3c59ad0e12
2020-01-20 18:06:07,660 - INFO - COM3: Adding device key to subnet 0
2020-01-20 18:06:07,660 - DEBUG - COM3: TX: 159c4900000034e5d96af97168e3ce653c0d6d620b31
2020-01-20 18:06:07,660 - INFO - COM3: Adding publication address of root element
2020-01-20 18:06:07,660 - DEBUG - COM3: TX: 03a44900
2020-01-20 18:06:07,675 - DEBUG - COM3: RX: 05849c000800
2020-01-20 18:06:07,675 - DEBUG - COM3: parsed_packet {event: CmdRsp, data: {'opcode': 156, 'status': 0, 'data': bytearray(b'\x08\x00')}}
2020-01-20 18:06:07,675 - INFO - COM3: DevkeyAdd: {'devkey_handle': 8}
2020-01-20 18:06:07,675 - DEBUG - COM3: RX: 0584a4000000
2020-01-20 18:06:07,675 - DEBUG - COM3: parsed_packet {event: CmdRsp, data: {'opcode': 164, 'status': 0, 'data': bytearray(b'\x00\x00')}}
2020-01-20 18:06:07,675 - INFO - COM3: AddrPublicationAdd: {'address_handle': 0}
2020-01-20 18:06:07,764 - DEBUG - COM3: RX: 03c20000
2020-01-20 18:06:07,764 - DEBUG - COM3: parsed_packet {event: ProvLinkClosed, data: {'context_id': 0, 'close_reason': 0}}
2020-01-20 18:06:07,765 - INFO - COM3: Provisioning link closed
2020-01-20 18:06:23,284 - DEBUG - COM3.ConfigurationClient: Sending opcode: 8008, data: 00
2020-01-20 18:06:23,284 - DEBUG - COM3: TX: 0eab08000100000008000000800800
2020-01-20 18:06:23,287 - DEBUG - COM3: RX: 0784ab0001000000
2020-01-20 18:06:23,288 - DEBUG - COM3: parsed_packet {event: CmdRsp, data: {'opcode': 171, 'status': 0, 'data': bytearray(b'\x01\x00\x00\x00')}}
2020-01-20 18:06:23,288 - INFO - COM3: PacketSend: {'token': 1}
2020-01-20 18:06:23,307 - DEBUG - COM3: RX: 05d201000000
2020-01-20 18:06:23,307 - DEBUG - COM3: parsed_packet {event: MeshTxComplete, data: {'token': 1}}
2020-01-20 18:06:23,307 - INFO - COM3: {event: MeshTxComplete, data: {'token': 1}}
2020-01-20 18:06:23,363 - DEBUG - COM3: RX: 30d049000100080000000401c09923e28ac8b91c00020059000000000028000f0000000300000002000210000001000010
2020-01-20 18:06:23,364 - DEBUG - COM3: parsed_packet {event: MeshMessageReceivedUnicast, data: {'src': 73, 'dst': 1, 'appkey_handle': 8, 'subnet_handle': 0, 'ttl': 4, 'adv_addr_type': 1, 'adv_addr': bytearray(b'\xc0\x99#\xe2\x8a\xc8'), 'rssi': -71, 'actual_length': 28, 'data': bytearray(b'\x02\x00Y\x00\x00\x00\x00\x00(\x00\x0f\x00\x00\x00\x03\x00\x00\x00\x02\x00\x02\x10\x00\x00\x01\x00\x00\x10')}}
2020-01-20 18:06:23,376 - INFO - COM3.ConfigurationClient: Received composition data (page 0x00): {
  "cid": "0059",
  "pid": "0000",
  "vid": "0000",
  "crpl": 40,
  "features": {
    "relay": 0,
    "proxy": 0,
    "friend": 0,
    "low_power": 0
  },
  "elements": [
    {
      "index": 0,
      "location": "0000",
      "models": [
        {
          "modelId": "0000"
        },
        {
          "modelId": "0002"
        },
        {
          "modelId": "1002"
        }
      ]
    },
    {
      "index": 1,
      "location": "0000",
      "models": [
        {
          "modelId": "1000"
        }
      ]
    }
  ]
}
2020-01-20 18:06:23,377 - DEBUG - COM3: Message Opcode bytearray(b'\x02'), Data bytearray(b'\x00Y\x00\x00\x00\x00\x00(\x00\x0f\x00\x00\x00\x03\x00\x00\x00\x02\x00\x02\x10\x00\x00\x01\x00\x00\x10') unknown for model <mesh.access.Access object at 0x000001A959E50640>.
2020-01-20 18:06:23,377 - DEBUG - COM3: Message Opcode bytearray(b'\x02'), Data bytearray(b'\x00Y\x00\x00\x00\x00\x00(\x00\x0f\x00\x00\x00\x03\x00\x00\x00\x02\x00\x02\x10\x00\x00\x01\x00\x00\x10') unknown for model <mesh.access.Access object at 0x000001A959E50640>.
2020-01-20 18:06:25,285 - DEBUG - COM3.ConfigurationClient: Sending opcode: 00, data: 0000004f68ad85d9f48ac8589df665b6b49b8a
2020-01-20 18:06:25,285 - DEBUG - COM3: TX: 1fab08000100000008000000000000004f68ad85d9f48ac8589df665b6b49b8a
2020-01-20 18:06:25,290 - DEBUG - COM3: RX: 0784ab0002000000
2020-01-20 18:06:25,290 - DEBUG - COM3: parsed_packet {event: CmdRsp, data: {'opcode': 171, 'status': 0, 'data': bytearray(b'\x02\x00\x00\x00')}}
2020-01-20 18:06:25,290 - INFO - COM3: PacketSend: {'token': 2}
2020-01-20 18:06:25,358 - DEBUG - COM3: RX: 05d202000000
2020-01-20 18:06:25,358 - DEBUG - COM3: parsed_packet {event: MeshTxComplete, data: {'token': 2}}
2020-01-20 18:06:25,359 - INFO - COM3: {event: MeshTxComplete, data: {'token': 2}}
2020-01-20 18:06:25,388 - DEBUG - COM3: RX: 1ad049000100080000000401c09923e28ac8c30600800300000000
2020-01-20 18:06:25,388 - DEBUG - COM3: parsed_packet {event: MeshMessageReceivedUnicast, data: {'src': 73, 'dst': 1, 'appkey_handle': 8, 'subnet_handle': 0, 'ttl': 4, 'adv_addr_type': 1, 'adv_addr': bytearray(b'\xc0\x99#\xe2\x8a\xc8'), 'rssi': -61, 'actual_length': 6, 'data': bytearray(b'\x80\x03\x00\x00\x00\x00')}}
2020-01-20 18:06:25,388 - INFO - COM3.ConfigurationClient: Appkey status: AccessStatus.SUCCESS
2020-01-20 18:06:25,401 - INFO - COM3.ConfigurationClient: Appkey add 0 succeded for subnet 0 at node 0049
2020-01-20 18:06:25,401 - DEBUG - COM3: Message Opcode bytearray(b'\x80\x03'), Data bytearray(b'\x00\x00\x00\x00') unknown for model <mesh.access.Access object at 0x000001A959E50640>.
2020-01-20 18:06:25,402 - DEBUG - COM3: Message Opcode bytearray(b'\x80\x03'), Data bytearray(b'\x00\x00\x00\x00') unknown for model <mesh.access.Access object at 0x000001A959E50640>.
2020-01-20 18:06:26,298 - DEBUG - COM3.ConfigurationClient: Sending opcode: 803d, data: 490000000210
2020-01-20 18:06:26,298 - DEBUG - COM3: TX: 13ab08000100000008000000803d490000000210
2020-01-20 18:06:26,298 - DEBUG - COM3: RX: 0784ab0003000000
2020-01-20 18:06:26,298 - DEBUG - COM3: parsed_packet {event: CmdRsp, data: {'opcode': 171, 'status': 0, 'data': bytearray(b'\x03\x00\x00\x00')}}
2020-01-20 18:06:26,298 - INFO - COM3: PacketSend: {'token': 3}
2020-01-20 18:06:26,298 - DEBUG - COM3: RX: 05d203000000
2020-01-20 18:06:26,298 - DEBUG - COM3: parsed_packet {event: MeshTxComplete, data: {'token': 3}}
2020-01-20 18:06:26,298 - INFO - COM3: {event: MeshTxComplete, data: {'token': 3}}
2020-01-20 18:06:26,314 - DEBUG - COM3: RX: 1dd049000100080000000401c09923e28ac8c10900803e00490000000210
2020-01-20 18:06:26,314 - DEBUG - COM3: parsed_packet {event: MeshMessageReceivedUnicast, data: {'src': 73, 'dst': 1, 'appkey_handle': 8, 'subnet_handle': 0, 'ttl': 4, 'adv_addr_type': 1, 'adv_addr': bytearray(b'\xc0\x99#\xe2\x8a\xc8'), 'rssi': -63, 'actual_length': 9, 'data': bytearray(b'\x80>\x00I\x00\x00\x00\x02\x10')}}
2020-01-20 18:06:26,314 - INFO - COM3.ConfigurationClient: Model app bind status: AccessStatus.SUCCESS
2020-01-20 18:06:26,329 - INFO - COM3.ConfigurationClient: Appkey bind 0 to model 1002 at 0049
2020-01-20 18:06:26,329 - DEBUG - COM3: Message Opcode bytearray(b'\x80>'), Data bytearray(b'\x00I\x00\x00\x00\x02\x10') unknown for model <mesh.access.Access object at 0x000001A959E50640>.
2020-01-20 18:06:26,329 - DEBUG - COM3: Message Opcode bytearray(b'\x80>'), Data bytearray(b'\x00I\x00\x00\x00\x02\x10') unknown for model <mesh.access.Access object at 0x000001A959E50640>.
2020-01-20 18:06:30,320 - INFO - COM3.NodeConfigClient: Send Data1: 16
2020-01-20 18:06:30,320 - INFO - COM3.NodeConfigClient: Send Data2: 0
2020-01-20 18:06:30,320 - INFO - COM3.NodeConfigClient: Send Data3: 0
2020-01-20 18:06:30,320 - INFO - COM3.NodeConfigClient: Send Data4: 0
2020-01-20 18:06:30,320 - INFO - COM3.NodeConfigClient: Send Data: bytearray(b'\x00\x00\x00\x10\x00')
2020-01-20 18:06:30,320 - DEBUG - COM3.NodeConfigClient: Sending opcode: 8206, data: 0000001000
2020-01-20 18:06:30,320 - DEBUG - COM3: TX: 12ab0000010000000800000082060000001000
2020-01-20 18:06:30,320 - DEBUG - COM3: RX: 0784ab0004000000
2020-01-20 18:06:30,320 - DEBUG - COM3: parsed_packet {event: CmdRsp, data: {'opcode': 171, 'status': 0, 'data': bytearray(b'\x04\x00\x00\x00')}}
2020-01-20 18:06:30,320 - INFO - COM3: PacketSend: {'token': 4}
2020-01-20 18:06:30,335 - DEBUG - COM3: RX: 05d204000000
2020-01-20 18:06:30,335 - DEBUG - COM3: parsed_packet {event: MeshTxComplete, data: {'token': 4}}
2020-01-20 18:06:30,335 - INFO - COM3: {event: MeshTxComplete, data: {'token': 4}}
2020-01-20 18:06:30,351 - DEBUG - COM3: RX: 18d049000100000000000401c09923e28ac8c3040082080000
2020-01-20 18:06:30,351 - DEBUG - COM3: parsed_packet {event: MeshMessageReceivedUnicast, data: {'src': 73, 'dst': 1, 'appkey_handle': 0, 'subnet_handle': 0, 'ttl': 4, 'adv_addr_type': 1, 'adv_addr': bytearray(b'\xc0\x99#\xe2\x8a\xc8'), 'rssi': -61, 'actual_length': 4, 'data': bytearray(b'\x82\x08\x00\x00')}}
2020-01-20 18:06:30,351 - DEBUG - COM3: Message Opcode bytearray(b'\x82\x08'), Data bytearray(b'\x00\x00') unknown for model <mesh.access.Access object at 0x000001A959E50640>.
2020-01-20 18:06:30,351 - INFO - COM3.NodeConfigClient: Present Level: bytearray(b'\x00\x00') Target Level: bytearray(b'\x00\x00')
2020-01-20 18:06:30,351 - DEBUG - COM3: Message Opcode bytearray(b'\x82\x08'), Data bytearray(b'\x00\x00') unknown for model <mesh.access.Access object at 0x000001A959E50640>.
2020-01-20 18:06:35,330 - DEBUG - COM3.ConfigurationClient: Sending opcode: 8049, data: 
2020-01-20 18:06:35,330 - DEBUG - COM3: TX: 0dab080001000000080000008049
2020-01-20 18:06:35,330 - DEBUG - COM3: RX: 0784ab0005000000
2020-01-20 18:06:35,330 - DEBUG - COM3: parsed_packet {event: CmdRsp, data: {'opcode': 171, 'status': 0, 'data': bytearray(b'\x05\x00\x00\x00')}}
2020-01-20 18:06:35,330 - INFO - COM3: PacketSend: {'token': 5}
2020-01-20 18:06:35,346 - DEBUG - COM3: RX: 05d205000000
2020-01-20 18:06:35,346 - DEBUG - COM3: parsed_packet {event: MeshTxComplete, data: {'token': 5}}
2020-01-20 18:06:35,346 - INFO - COM3: {event: MeshTxComplete, data: {'token': 5}}
2020-01-20 18:07:16,358 - DEBUG - COM3: RX: 00
2020-01-20 18:07:16,358 - ERROR - COM3: Invalid packet: bytearray(b'\x00')
2020-01-20 18:07:16,772 - DEBUG - COM3: RX: 04810200fe
2020-01-20 18:07:16,772 - DEBUG - COM3: parsed_packet {event: DeviceStarted, data: {'operating_mode': 2, 'hw_error': 0, 'data_credit_available': 254}}
2020-01-20 18:07:16,773 - INFO - COM3: Device rebooted.
