2020-01-20 14:34:16,573 - DEBUG - COM3: TX: 6169754ba18bd9abc304d4bbaf811aa1373621eb01d227e6fc8c86bca24714b72b09fcfdc501661b96b962e60e7cd4effdd5dbb4064db84d6803223d8c10947d06a07e8ddb0e508626bb186bb9b23cd91b7cb42eb2d942552505974fa27d77083dc5
2020-01-20 14:34:16,584 - DEBUG - COM3: RX: 03846900
2020-01-20 14:34:16,584 - DEBUG - COM3: parsed_packet {event: CmdRsp, data: {'opcode': 105, 'status': 0, 'data': bytearray(b'')}}
2020-01-20 14:34:16,585 - DEBUG - COM3: TX: 059f01000100
2020-01-20 14:34:16,585 - INFO - COM3: Success
2020-01-20 14:34:16,587 - DEBUG - COM3: RX: 03849f8e
2020-01-20 14:34:16,595 - DEBUG - COM3: parsed_packet {event: CmdRsp, data: {'opcode': 159, 'status': 142, 'data': bytearray(b'')}}
2020-01-20 14:34:16,595 - DEBUG - COM3: TX: 1392000018eed9c2a56add85049ffc3c59ad0e12
2020-01-20 14:34:16,595 - ERROR - COM3: None: ERROR_REJECTED
2020-01-20 14:34:16,599 - DEBUG - COM3: RX: 03849281
2020-01-20 14:34:16,599 - DEBUG - COM3: parsed_packet {event: CmdRsp, data: {'opcode': 146, 'status': 129, 'data': bytearray(b'')}}
2020-01-20 14:34:16,599 - DEBUG - COM3: TX: 1597000000004f68ad85d9f48ac8589df665b6b49b8a
2020-01-20 14:34:16,599 - ERROR - COM3: SubnetAdd: ERROR_INTERNAL
2020-01-20 14:34:16,603 - DEBUG - COM3: RX: 03849781
2020-01-20 14:34:16,603 - DEBUG - COM3: parsed_packet {event: CmdRsp, data: {'opcode': 151, 'status': 129, 'data': bytearray(b'')}}
2020-01-20 14:34:16,603 - DEBUG - COM3: TX: 1597010000002aa2a6ded5a0798ceab5787ca3ae39fc
2020-01-20 14:34:16,603 - ERROR - COM3: AppkeyAdd: ERROR_INTERNAL
2020-01-20 14:34:16,607 - DEBUG - COM3: RX: 03849781
2020-01-20 14:34:16,607 - DEBUG - COM3: parsed_packet {event: CmdRsp, data: {'opcode': 151, 'status': 129, 'data': bytearray(b'')}}
2020-01-20 14:34:16,607 - ERROR - COM3: AppkeyAdd: ERROR_INTERNAL
2020-01-20 14:49:05,607 - DEBUG - COM3: RX: 00
2020-01-20 14:49:05,608 - ERROR - COM3: Invalid packet: bytearray(b'\x00')
2020-01-20 14:49:06,014 - DEBUG - COM3: RX: 04810200fe
2020-01-20 14:49:06,014 - DEBUG - COM3: parsed_packet {event: DeviceStarted, data: {'operating_mode': 2, 'hw_error': 0, 'data_credit_available': 254}}
2020-01-20 14:49:06,014 - INFO - COM3: Device rebooted.
