2020-01-20 11:27:43,738 - DEBUG - COM3: TX: 6169a4410f7b1414cb0a633ad006aa8654033ebb16581b618aca401bfac0c2f2a81524be086a97d6f11a5f0320e52a45cb76575a57cc2668b4a53f080564abce43922cbffd7e332cd4699ea04138a2e87f3a6b3e15d896299571887d17f1dc318cb7
2020-01-20 11:27:43,749 - DEBUG - COM3: RX: 03846900
2020-01-20 11:27:43,749 - DEBUG - COM3: parsed_packet {event: CmdRsp, data: {'opcode': 105, 'status': 0, 'data': bytearray(b'')}}
2020-01-20 11:27:43,750 - DEBUG - COM3: TX: 059f01000100
2020-01-20 11:27:43,750 - INFO - COM3: Success
2020-01-20 11:27:43,752 - DEBUG - COM3: RX: 03849f00
2020-01-20 11:27:43,760 - DEBUG - COM3: parsed_packet {event: CmdRsp, data: {'opcode': 159, 'status': 0, 'data': bytearray(b'')}}
2020-01-20 11:27:43,760 - DEBUG - COM3: TX: 1392000018eed9c2a56add85049ffc3c59ad0e12
2020-01-20 11:27:43,760 - INFO - COM3: Success
2020-01-20 11:27:43,764 - DEBUG - COM3: RX: 058492000000
2020-01-20 11:27:43,765 - DEBUG - COM3: parsed_packet {event: CmdRsp, data: {'opcode': 146, 'status': 0, 'data': bytearray(b'\x00\x00')}}
2020-01-20 11:27:43,765 - DEBUG - COM3: TX: 1597000000004f68ad85d9f48ac8589df665b6b49b8a
2020-01-20 11:27:43,765 - INFO - COM3: SubnetAdd: {'subnet_handle': 0}
2020-01-20 11:27:43,769 - DEBUG - COM3: RX: 058497000000
2020-01-20 11:27:43,769 - DEBUG - COM3: parsed_packet {event: CmdRsp, data: {'opcode': 151, 'status': 0, 'data': bytearray(b'\x00\x00')}}
2020-01-20 11:27:43,769 - DEBUG - COM3: TX: 1597010000002aa2a6ded5a0798ceab5787ca3ae39fc
2020-01-20 11:27:43,769 - INFO - COM3: AppkeyAdd: {'appkey_handle': 0}
2020-01-20 11:27:43,773 - DEBUG - COM3: RX: 058497000100
2020-01-20 11:27:43,773 - DEBUG - COM3: parsed_packet {event: CmdRsp, data: {'opcode': 151, 'status': 0, 'data': bytearray(b'\x01\x00')}}
2020-01-20 11:27:43,773 - INFO - COM3: AppkeyAdd: {'appkey_handle': 1}
2020-01-20 11:29:52,580 - DEBUG - COM3: RX: 00
2020-01-20 11:29:52,580 - ERROR - COM3: Invalid packet: bytearray(b'\x00')
2020-01-20 11:29:52,995 - DEBUG - COM3: RX: 04810200fe
2020-01-20 11:29:52,996 - DEBUG - COM3: parsed_packet {event: DeviceStarted, data: {'operating_mode': 2, 'hw_error': 0, 'data_credit_available': 254}}
2020-01-20 11:29:52,996 - INFO - COM3: Device rebooted.
