2020-01-20 14:58:38,097 - DEBUG - COM3: TX: 61690c1668bea5157a25eb756905fb12ca2477b4ab161dabffef9cb1433e8837dc240cd297237c577d2255eff2410afa63a54798ce52e03d9cef56ddfa71ed052866a284bf2057b2c854db47eff79772fa7798745bc13e996f72af9850390e8895b3
2020-01-20 14:58:38,108 - DEBUG - COM3: RX: 03846900
2020-01-20 14:58:38,108 - DEBUG - COM3: parsed_packet {event: CmdRsp, data: {'opcode': 105, 'status': 0, 'data': bytearray(b'')}}
2020-01-20 14:58:38,108 - DEBUG - COM3: TX: 059f01000100
2020-01-20 14:58:38,108 - INFO - COM3: Success
2020-01-20 14:58:38,111 - DEBUG - COM3: RX: 03849f8e
2020-01-20 14:58:38,113 - DEBUG - COM3: parsed_packet {event: CmdRsp, data: {'opcode': 159, 'status': 142, 'data': bytearray(b'')}}
2020-01-20 14:58:38,113 - DEBUG - COM3: TX: 1392000018eed9c2a56add85049ffc3c59ad0e12
2020-01-20 14:58:38,113 - ERROR - COM3: None: ERROR_REJECTED
2020-01-20 14:58:38,117 - DEBUG - COM3: RX: 03849281
2020-01-20 14:58:38,117 - DEBUG - COM3: parsed_packet {event: CmdRsp, data: {'opcode': 146, 'status': 129, 'data': bytearray(b'')}}
2020-01-20 14:58:38,117 - DEBUG - COM3: TX: 1597000000004f68ad85d9f48ac8589df665b6b49b8a
2020-01-20 14:58:38,117 - ERROR - COM3: SubnetAdd: ERROR_INTERNAL
2020-01-20 14:58:38,121 - DEBUG - COM3: RX: 03849781
2020-01-20 14:58:38,121 - DEBUG - COM3: parsed_packet {event: CmdRsp, data: {'opcode': 151, 'status': 129, 'data': bytearray(b'')}}
2020-01-20 14:58:38,121 - DEBUG - COM3: TX: 1597010000002aa2a6ded5a0798ceab5787ca3ae39fc
2020-01-20 14:58:38,121 - ERROR - COM3: AppkeyAdd: ERROR_INTERNAL
2020-01-20 14:58:38,125 - DEBUG - COM3: RX: 03849781
2020-01-20 14:58:38,125 - DEBUG - COM3: parsed_packet {event: CmdRsp, data: {'opcode': 151, 'status': 129, 'data': bytearray(b'')}}
2020-01-20 14:58:38,125 - ERROR - COM3: AppkeyAdd: ERROR_INTERNAL
