2020-01-20 14:09:46,173 - DEBUG - COM3: TX: 61696661b3c3f2fc90303e14bc5f32f64d823e2b85e7bfc400ec72c0d963744d0146c7e12f54396f642b984c4285a391164acaae00d7726fc99c20a3b692315fef4db2c921771a70804573427549032d5136cb9e9790e63449b4dc6b6fbe51c9dcb4
2020-01-20 14:09:46,173 - DEBUG - COM3: RX: 03846900
2020-01-20 14:09:46,188 - DEBUG - COM3: parsed_packet {event: CmdRsp, data: {'opcode': 105, 'status': 0, 'data': bytearray(b'')}}
2020-01-20 14:09:46,188 - DEBUG - COM3: TX: 059f01000100
2020-01-20 14:09:46,188 - INFO - COM3: Success
2020-01-20 14:09:46,191 - DEBUG - COM3: RX: 03849f8e
2020-01-20 14:09:46,195 - DEBUG - COM3: parsed_packet {event: CmdRsp, data: {'opcode': 159, 'status': 142, 'data': bytearray(b'')}}
2020-01-20 14:09:46,195 - DEBUG - COM3: TX: 1392000018eed9c2a56add85049ffc3c59ad0e12
2020-01-20 14:09:46,195 - ERROR - COM3: None: ERROR_REJECTED
2020-01-20 14:09:46,199 - DEBUG - COM3: RX: 03849281
2020-01-20 14:09:46,199 - DEBUG - COM3: parsed_packet {event: CmdRsp, data: {'opcode': 146, 'status': 129, 'data': bytearray(b'')}}
2020-01-20 14:09:46,200 - DEBUG - COM3: TX: 1597000000004f68ad85d9f48ac8589df665b6b49b8a
2020-01-20 14:09:46,199 - ERROR - COM3: SubnetAdd: ERROR_INTERNAL
2020-01-20 14:09:46,203 - DEBUG - COM3: RX: 03849781
2020-01-20 14:09:46,203 - DEBUG - COM3: parsed_packet {event: CmdRsp, data: {'opcode': 151, 'status': 129, 'data': bytearray(b'')}}
2020-01-20 14:09:46,204 - DEBUG - COM3: TX: 1597010000002aa2a6ded5a0798ceab5787ca3ae39fc
2020-01-20 14:09:46,204 - ERROR - COM3: AppkeyAdd: ERROR_INTERNAL
2020-01-20 14:09:46,207 - DEBUG - COM3: RX: 03849781
2020-01-20 14:09:46,207 - DEBUG - COM3: parsed_packet {event: CmdRsp, data: {'opcode': 151, 'status': 129, 'data': bytearray(b'')}}
2020-01-20 14:09:46,208 - ERROR - COM3: AppkeyAdd: ERROR_INTERNAL
