2019-12-29 17:29:15,680 - DEBUG - COM4: TX: 61697d70a04bcae8ca5695e208aa28f8e6537cc5528a717156693399f78c283cd3bcdc908e0d78724dd7026c1cb2f36c085c5e6570ddacb83bc08643f4a61c529fb7d0727a9d78380a768e27fe5600a06e488bb658db134bd1c7e2124929608cabde
2019-12-29 17:29:15,691 - DEBUG - COM4: RX: 03846900
2019-12-29 17:29:15,691 - DEBUG - COM4: parsed_packet {event: CmdRsp, data: {'opcode': 105, 'status': 0, 'data': bytearray(b'')}}
2019-12-29 17:29:15,691 - DEBUG - COM4: TX: 059f01000100
2019-12-29 17:29:15,691 - INFO - COM4: Success
2019-12-29 17:29:15,694 - DEBUG - COM4: RX: 03849f8e
2019-12-29 17:29:15,704 - DEBUG - COM4: parsed_packet {event: CmdRsp, data: {'opcode': 159, 'status': 142, 'data': bytearray(b'')}}
2019-12-29 17:29:15,704 - DEBUG - COM4: TX: 1392000018eed9c2a56add85049ffc3c59ad0e12
2019-12-29 17:29:15,704 - ERROR - COM4: None: ERROR_REJECTED
2019-12-29 17:29:15,707 - DEBUG - COM4: RX: 03849281
2019-12-29 17:29:15,707 - DEBUG - COM4: parsed_packet {event: CmdRsp, data: {'opcode': 146, 'status': 129, 'data': bytearray(b'')}}
2019-12-29 17:29:15,707 - DEBUG - COM4: TX: 1597000000004f68ad85d9f48ac8589df665b6b49b8a
2019-12-29 17:29:15,707 - ERROR - COM4: SubnetAdd: ERROR_INTERNAL
2019-12-29 17:29:15,711 - DEBUG - COM4: RX: 03849781
2019-12-29 17:29:15,712 - DEBUG - COM4: parsed_packet {event: CmdRsp, data: {'opcode': 151, 'status': 129, 'data': bytearray(b'')}}
2019-12-29 17:29:15,713 - DEBUG - COM4: TX: 1597010000002aa2a6ded5a0798ceab5787ca3ae39fc
2019-12-29 17:29:15,712 - ERROR - COM4: AppkeyAdd: ERROR_INTERNAL
2019-12-29 17:29:15,716 - DEBUG - COM4: RX: 03849781
2019-12-29 17:29:15,716 - DEBUG - COM4: parsed_packet {event: CmdRsp, data: {'opcode': 151, 'status': 129, 'data': bytearray(b'')}}
2019-12-29 17:29:15,716 - ERROR - COM4: AppkeyAdd: ERROR_INTERNAL
2019-12-29 17:29:17,680 - DEBUG - COM4: TX: 0161
2019-12-29 17:29:17,682 - DEBUG - COM4: RX: 03846100
2019-12-29 17:29:17,682 - DEBUG - COM4: parsed_packet {event: CmdRsp, data: {'opcode': 97, 'status': 0, 'data': bytearray(b'')}}
2019-12-29 17:29:17,682 - INFO - COM4: Success
2019-12-29 17:29:17,874 - DEBUG - COM4: RX: 1ac0d5b91bba0508344a809923e28a48b06dd70001c09923e28ac8
2019-12-29 17:29:17,875 - DEBUG - COM4: parsed_packet {event: ProvUnprovisionedReceived, data: {'uuid': bytearray(b'\xd5\xb9\x1b\xba\x05\x084J\x80\x99#\xe2\x8aH\xb0m'), 'rssi': -41, 'gatt_supported': 0, 'adv_addr_type': 1, 'adv_addr': bytearray(b'\xc0\x99#\xe2\x8a\xc8')}}
2019-12-29 17:29:17,875 - INFO - COM4: Received UUID d5b91bba0508344a809923e28a48b06d with RSSI: -41 dB
2019-12-29 17:29:19,876 - DEBUG - COM4: RX: 1ac0d5b91bba0508344a809923e28a48b06dd40001c09923e28ac8
2019-12-29 17:29:19,876 - DEBUG - COM4: parsed_packet {event: ProvUnprovisionedReceived, data: {'uuid': bytearray(b'\xd5\xb9\x1b\xba\x05\x084J\x80\x99#\xe2\x8aH\xb0m'), 'rssi': -44, 'gatt_supported': 0, 'adv_addr_type': 1, 'adv_addr': bytearray(b'\xc0\x99#\xe2\x8a\xc8')}}
2019-12-29 17:29:21,884 - DEBUG - COM4: RX: 1ac0d5b91bba0508344a809923e28a48b06dcf0001c09923e28ac8
2019-12-29 17:29:21,885 - DEBUG - COM4: parsed_packet {event: ProvUnprovisionedReceived, data: {'uuid': bytearray(b'\xd5\xb9\x1b\xba\x05\x084J\x80\x99#\xe2\x8aH\xb0m'), 'rssi': -49, 'gatt_supported': 0, 'adv_addr_type': 1, 'adv_addr': bytearray(b'\xc0\x99#\xe2\x8a\xc8')}}
2019-12-29 17:29:22,680 - DEBUG - COM4: TX: 0162
2019-12-29 17:29:22,682 - DEBUG - COM4: RX: 03846200
2019-12-29 17:29:22,682 - DEBUG - COM4: parsed_packet {event: CmdRsp, data: {'opcode': 98, 'status': 0, 'data': bytearray(b'')}}
2019-12-29 17:29:22,682 - INFO - COM4: Success
