2019-12-28 14:02:28,884 - DEBUG - COM4: TX: 6169177854a13f990bffa1e2de0568a4963dda03eb2351b928893869724273fe8bbb0a39260cae3c89f572d1b171a70f67404fcb17e95a782ef791d71be1b110cd1f17654eee992200d90788b5e0813793f23c001854f7c9edcbf83a06afe85c6957
2019-12-28 14:02:28,895 - DEBUG - COM4: RX: 03846900
2019-12-28 14:02:28,895 - DEBUG - COM4: parsed_packet {event: CmdRsp, data: {'opcode': 105, 'status': 0, 'data': bytearray(b'')}}
2019-12-28 14:02:28,896 - DEBUG - COM4: TX: 059f01000100
2019-12-28 14:02:28,895 - INFO - COM4: Success
2019-12-28 14:02:28,898 - DEBUG - COM4: RX: 03849f8e
2019-12-28 14:02:28,908 - DEBUG - COM4: parsed_packet {event: CmdRsp, data: {'opcode': 159, 'status': 142, 'data': bytearray(b'')}}
2019-12-28 14:02:28,908 - DEBUG - COM4: TX: 1392000018eed9c2a56add85049ffc3c59ad0e12
2019-12-28 14:02:28,908 - ERROR - COM4: None: ERROR_REJECTED
2019-12-28 14:02:28,911 - DEBUG - COM4: RX: 03849281
2019-12-28 14:02:28,911 - DEBUG - COM4: parsed_packet {event: CmdRsp, data: {'opcode': 146, 'status': 129, 'data': bytearray(b'')}}
2019-12-28 14:02:28,912 - DEBUG - COM4: TX: 1597000000004f68ad85d9f48ac8589df665b6b49b8a
2019-12-28 14:02:28,911 - ERROR - COM4: SubnetAdd: ERROR_INTERNAL
2019-12-28 14:02:28,915 - DEBUG - COM4: RX: 03849781
2019-12-28 14:02:28,916 - DEBUG - COM4: parsed_packet {event: CmdRsp, data: {'opcode': 151, 'status': 129, 'data': bytearray(b'')}}
2019-12-28 14:02:28,916 - DEBUG - COM4: TX: 1597010000002aa2a6ded5a0798ceab5787ca3ae39fc
2019-12-28 14:02:28,916 - ERROR - COM4: AppkeyAdd: ERROR_INTERNAL
2019-12-28 14:02:28,920 - DEBUG - COM4: RX: 03849781
2019-12-28 14:02:28,920 - DEBUG - COM4: parsed_packet {event: CmdRsp, data: {'opcode': 151, 'status': 129, 'data': bytearray(b'')}}
2019-12-28 14:02:28,921 - ERROR - COM4: AppkeyAdd: ERROR_INTERNAL
2019-12-28 14:02:30,883 - DEBUG - COM4: TX: 0161
2019-12-28 14:02:30,885 - DEBUG - COM4: RX: 03846100
2019-12-28 14:02:30,885 - DEBUG - COM4: parsed_packet {event: CmdRsp, data: {'opcode': 97, 'status': 0, 'data': bytearray(b'')}}
2019-12-28 14:02:30,886 - INFO - COM4: Success
2019-12-28 14:02:35,886 - DEBUG - COM4: TX: 0162
2019-12-28 14:02:35,889 - DEBUG - COM4: exited read event
2019-12-28 14:02:37,888 - INFO - COM4: cmd ScanStop, timeout waiting for event
