2019-12-29 11:39:13,771 - DEBUG - COM4: TX: 6169118477a6bf69079a564fd5d528c79abd47f00c163ab94bc60624edad270f8375a0399432d57ef6d079d19548d62fb139a08f1baf1f878c0ddc96c4731c5023450d8763a21a8bb97c73620d98d7ecf19e8cd82c06a08ddadb06bff05f462ac479
2019-12-29 11:39:13,793 - DEBUG - COM4: RX: 03846900
2019-12-29 11:39:13,793 - DEBUG - COM4: parsed_packet {event: CmdRsp, data: {'opcode': 105, 'status': 0, 'data': bytearray(b'')}}
2019-12-29 11:39:13,793 - INFO - COM4: Success
2019-12-29 11:39:13,794 - DEBUG - COM4: TX: 059f01000100
2019-12-29 11:39:13,796 - DEBUG - COM4: RX: 03849f00
2019-12-29 11:39:13,805 - DEBUG - COM4: parsed_packet {event: CmdRsp, data: {'opcode': 159, 'status': 0, 'data': bytearray(b'')}}
2019-12-29 11:39:13,805 - DEBUG - COM4: TX: 1392000018eed9c2a56add85049ffc3c59ad0e12
2019-12-29 11:39:13,805 - INFO - COM4: Success
2019-12-29 11:39:13,810 - DEBUG - COM4: RX: 058492000000
2019-12-29 11:39:13,810 - DEBUG - COM4: parsed_packet {event: CmdRsp, data: {'opcode': 146, 'status': 0, 'data': bytearray(b'\x00\x00')}}
2019-12-29 11:39:13,810 - DEBUG - COM4: TX: 1597000000004f68ad85d9f48ac8589df665b6b49b8a
2019-12-29 11:39:13,810 - INFO - COM4: SubnetAdd: {'subnet_handle': 0}
2019-12-29 11:39:13,814 - DEBUG - COM4: RX: 058497000000
2019-12-29 11:39:13,814 - DEBUG - COM4: parsed_packet {event: CmdRsp, data: {'opcode': 151, 'status': 0, 'data': bytearray(b'\x00\x00')}}
2019-12-29 11:39:13,814 - DEBUG - COM4: TX: 1597010000002aa2a6ded5a0798ceab5787ca3ae39fc
2019-12-29 11:39:13,814 - INFO - COM4: AppkeyAdd: {'appkey_handle': 0}
2019-12-29 11:39:13,816 - DEBUG - COM4: RX: 058497000100
2019-12-29 11:39:13,816 - DEBUG - COM4: parsed_packet {event: CmdRsp, data: {'opcode': 151, 'status': 0, 'data': bytearray(b'\x01\x00')}}
2019-12-29 11:39:13,816 - INFO - COM4: AppkeyAdd: {'appkey_handle': 1}
2019-12-29 11:39:15,774 - DEBUG - COM4: TX: 0161
2019-12-29 11:39:15,776 - DEBUG - COM4: RX: 03846100
2019-12-29 11:39:15,777 - DEBUG - COM4: parsed_packet {event: CmdRsp, data: {'opcode': 97, 'status': 0, 'data': bytearray(b'')}}
2019-12-29 11:39:15,777 - INFO - COM4: Success
2019-12-29 11:39:17,728 - DEBUG - COM4: RX: 1ac0d5b91bba0508344a809923e28a48b06dcf0001c09923e28ac8
2019-12-29 11:39:17,728 - DEBUG - COM4: parsed_packet {event: ProvUnprovisionedReceived, data: {'uuid': bytearray(b'\xd5\xb9\x1b\xba\x05\x084J\x80\x99#\xe2\x8aH\xb0m'), 'rssi': -49, 'gatt_supported': 0, 'adv_addr_type': 1, 'adv_addr': bytearray(b'\xc0\x99#\xe2\x8a\xc8')}}
2019-12-29 11:39:17,728 - INFO - COM4: Received UUID d5b91bba0508344a809923e28a48b06d with RSSI: -49 dB
2019-12-29 11:39:19,718 - DEBUG - COM4: RX: 1ac0d5b91bba0508344a809923e28a48b06dce0001c09923e28ac8
2019-12-29 11:39:19,718 - DEBUG - COM4: parsed_packet {event: ProvUnprovisionedReceived, data: {'uuid': bytearray(b'\xd5\xb9\x1b\xba\x05\x084J\x80\x99#\xe2\x8aH\xb0m'), 'rssi': -50, 'gatt_supported': 0, 'adv_addr_type': 1, 'adv_addr': bytearray(b'\xc0\x99#\xe2\x8a\xc8')}}
2019-12-29 11:39:20,779 - DEBUG - COM4: TX: 0162
2019-12-29 11:39:20,781 - DEBUG - COM4: RX: 03846200
2019-12-29 11:39:20,781 - DEBUG - COM4: parsed_packet {event: CmdRsp, data: {'opcode': 98, 'status': 0, 'data': bytearray(b'')}}
2019-12-29 11:39:20,782 - INFO - COM4: Success
