2019-12-29 17:08:21,744 - DEBUG - COM4: TX: 616958a9557f9f1c9994f522c72990e05feb6e0b4b075610022dbbefa60009110cc59473b384635a2271c8080cbbf2d23d15a3c62d9ded71febf64a7b795de3b99c2d8c8bdca9efe09e25b568ae4d0cd1f242f8c10fa0513090f4a4469811f80a803
2019-12-29 17:08:21,755 - DEBUG - COM4: RX: 03846900
2019-12-29 17:08:21,755 - DEBUG - COM4: parsed_packet {event: CmdRsp, data: {'opcode': 105, 'status': 0, 'data': bytearray(b'')}}
2019-12-29 17:08:21,756 - DEBUG - COM4: TX: 059f01000100
2019-12-29 17:08:21,755 - INFO - COM4: Success
2019-12-29 17:08:21,758 - DEBUG - COM4: RX: 03849f8e
2019-12-29 17:08:21,766 - DEBUG - COM4: parsed_packet {event: CmdRsp, data: {'opcode': 159, 'status': 142, 'data': bytearray(b'')}}
2019-12-29 17:08:21,766 - DEBUG - COM4: TX: 1392000018eed9c2a56add85049ffc3c59ad0e12
2019-12-29 17:08:21,766 - ERROR - COM4: None: ERROR_REJECTED
2019-12-29 17:08:21,769 - DEBUG - COM4: RX: 03849281
2019-12-29 17:08:21,769 - DEBUG - COM4: parsed_packet {event: CmdRsp, data: {'opcode': 146, 'status': 129, 'data': bytearray(b'')}}
2019-12-29 17:08:21,769 - DEBUG - COM4: TX: 1597000000004f68ad85d9f48ac8589df665b6b49b8a
2019-12-29 17:08:21,769 - ERROR - COM4: SubnetAdd: ERROR_INTERNAL
2019-12-29 17:08:21,773 - DEBUG - COM4: RX: 03849781
2019-12-29 17:08:21,773 - DEBUG - COM4: parsed_packet {event: CmdRsp, data: {'opcode': 151, 'status': 129, 'data': bytearray(b'')}}
2019-12-29 17:08:21,773 - DEBUG - COM4: TX: 1597010000002aa2a6ded5a0798ceab5787ca3ae39fc
2019-12-29 17:08:21,773 - ERROR - COM4: AppkeyAdd: ERROR_INTERNAL
2019-12-29 17:08:21,777 - DEBUG - COM4: RX: 03849781
2019-12-29 17:08:21,777 - DEBUG - COM4: parsed_packet {event: CmdRsp, data: {'opcode': 151, 'status': 129, 'data': bytearray(b'')}}
2019-12-29 17:08:21,778 - ERROR - COM4: AppkeyAdd: ERROR_INTERNAL
2019-12-29 17:08:23,744 - DEBUG - COM4: TX: 0161
2019-12-29 17:08:23,746 - DEBUG - COM4: RX: 03846100
2019-12-29 17:08:23,746 - DEBUG - COM4: parsed_packet {event: CmdRsp, data: {'opcode': 97, 'status': 0, 'data': bytearray(b'')}}
2019-12-29 17:08:23,746 - INFO - COM4: Success
2019-12-29 17:08:24,770 - DEBUG - COM4: RX: 1ac0d5b91bba0508344a809923e28a48b06dd80001c09923e28ac8
2019-12-29 17:08:24,770 - DEBUG - COM4: parsed_packet {event: ProvUnprovisionedReceived, data: {'uuid': bytearray(b'\xd5\xb9\x1b\xba\x05\x084J\x80\x99#\xe2\x8aH\xb0m'), 'rssi': -40, 'gatt_supported': 0, 'adv_addr_type': 1, 'adv_addr': bytearray(b'\xc0\x99#\xe2\x8a\xc8')}}
2019-12-29 17:08:24,771 - INFO - COM4: Received UUID d5b91bba0508344a809923e28a48b06d with RSSI: -40 dB
2019-12-29 17:08:26,774 - DEBUG - COM4: RX: 1ac0d5b91bba0508344a809923e28a48b06dd40001c09923e28ac8
2019-12-29 17:08:26,774 - DEBUG - COM4: parsed_packet {event: ProvUnprovisionedReceived, data: {'uuid': bytearray(b'\xd5\xb9\x1b\xba\x05\x084J\x80\x99#\xe2\x8aH\xb0m'), 'rssi': -44, 'gatt_supported': 0, 'adv_addr_type': 1, 'adv_addr': bytearray(b'\xc0\x99#\xe2\x8a\xc8')}}
2019-12-29 17:08:28,745 - DEBUG - COM4: TX: 0162
2019-12-29 17:08:28,747 - DEBUG - COM4: RX: 03846200
2019-12-29 17:08:28,747 - DEBUG - COM4: parsed_packet {event: CmdRsp, data: {'opcode': 98, 'status': 0, 'data': bytearray(b'')}}
2019-12-29 17:08:28,748 - INFO - COM4: Success
