2019-12-29 17:42:01,602 - DEBUG - COM4: TX: 61692ef30430707283a65024591410f8218464d87a05a516c383cbc3011cf1a13deaa6b1d395831f758e9dd26b6a1009909053640382f850c1ce82897f7fc4e119cfbf0073747aa35f8116419dbb0abc75a65bb69d0ec296c7efb0394524c02daa4e
2019-12-29 17:42:01,613 - DEBUG - COM4: RX: 03846900
2019-12-29 17:42:01,614 - DEBUG - COM4: parsed_packet {event: CmdRsp, data: {'opcode': 105, 'status': 0, 'data': bytearray(b'')}}
2019-12-29 17:42:01,614 - DEBUG - COM4: TX: 059f01000100
2019-12-29 17:42:01,614 - INFO - COM4: Success
2019-12-29 17:42:01,617 - DEBUG - COM4: RX: 03849f8e
2019-12-29 17:42:01,625 - DEBUG - COM4: parsed_packet {event: CmdRsp, data: {'opcode': 159, 'status': 142, 'data': bytearray(b'')}}
2019-12-29 17:42:01,625 - DEBUG - COM4: TX: 1392000018eed9c2a56add85049ffc3c59ad0e12
2019-12-29 17:42:01,625 - ERROR - COM4: None: ERROR_REJECTED
2019-12-29 17:42:01,629 - DEBUG - COM4: RX: 03849281
2019-12-29 17:42:01,630 - DEBUG - COM4: parsed_packet {event: CmdRsp, data: {'opcode': 146, 'status': 129, 'data': bytearray(b'')}}
2019-12-29 17:42:01,630 - DEBUG - COM4: TX: 1597000000004f68ad85d9f48ac8589df665b6b49b8a
2019-12-29 17:42:01,630 - ERROR - COM4: SubnetAdd: ERROR_INTERNAL
2019-12-29 17:42:01,634 - DEBUG - COM4: RX: 03849781
2019-12-29 17:42:01,634 - DEBUG - COM4: parsed_packet {event: CmdRsp, data: {'opcode': 151, 'status': 129, 'data': bytearray(b'')}}
2019-12-29 17:42:01,634 - DEBUG - COM4: TX: 1597010000002aa2a6ded5a0798ceab5787ca3ae39fc
2019-12-29 17:42:01,634 - ERROR - COM4: AppkeyAdd: ERROR_INTERNAL
2019-12-29 17:42:01,638 - DEBUG - COM4: RX: 03849781
2019-12-29 17:42:01,639 - DEBUG - COM4: parsed_packet {event: CmdRsp, data: {'opcode': 151, 'status': 129, 'data': bytearray(b'')}}
2019-12-29 17:42:01,639 - ERROR - COM4: AppkeyAdd: ERROR_INTERNAL
2019-12-29 17:42:03,602 - DEBUG - COM4: TX: 0161
2019-12-29 17:42:03,603 - DEBUG - COM4: RX: 03846100
2019-12-29 17:42:03,603 - DEBUG - COM4: parsed_packet {event: CmdRsp, data: {'opcode': 97, 'status': 0, 'data': bytearray(b'')}}
2019-12-29 17:42:03,604 - INFO - COM4: Success
2019-12-29 17:42:03,776 - DEBUG - COM4: RX: 1ac0d5b91bba0508344a809923e28a48b06dd10001c09923e28ac8
2019-12-29 17:42:03,776 - DEBUG - COM4: parsed_packet {event: ProvUnprovisionedReceived, data: {'uuid': bytearray(b'\xd5\xb9\x1b\xba\x05\x084J\x80\x99#\xe2\x8aH\xb0m'), 'rssi': -47, 'gatt_supported': 0, 'adv_addr_type': 1, 'adv_addr': bytearray(b'\xc0\x99#\xe2\x8a\xc8')}}
2019-12-29 17:42:03,777 - INFO - COM4: Received UUID d5b91bba0508344a809923e28a48b06d with RSSI: -47 dB
2019-12-29 17:42:05,779 - DEBUG - COM4: RX: 1ac0d5b91bba0508344a809923e28a48b06dd60001c09923e28ac8
2019-12-29 17:42:05,780 - DEBUG - COM4: parsed_packet {event: ProvUnprovisionedReceived, data: {'uuid': bytearray(b'\xd5\xb9\x1b\xba\x05\x084J\x80\x99#\xe2\x8aH\xb0m'), 'rssi': -42, 'gatt_supported': 0, 'adv_addr_type': 1, 'adv_addr': bytearray(b'\xc0\x99#\xe2\x8a\xc8')}}
2019-12-29 17:42:07,795 - DEBUG - COM4: RX: 1ac0d5b91bba0508344a809923e28a48b06dd20001c09923e28ac8
2019-12-29 17:42:07,795 - DEBUG - COM4: parsed_packet {event: ProvUnprovisionedReceived, data: {'uuid': bytearray(b'\xd5\xb9\x1b\xba\x05\x084J\x80\x99#\xe2\x8aH\xb0m'), 'rssi': -46, 'gatt_supported': 0, 'adv_addr_type': 1, 'adv_addr': bytearray(b'\xc0\x99#\xe2\x8a\xc8')}}
2019-12-29 17:42:08,602 - DEBUG - COM4: TX: 0162
2019-12-29 17:42:08,604 - DEBUG - COM4: RX: 03846200
2019-12-29 17:42:08,604 - DEBUG - COM4: parsed_packet {event: CmdRsp, data: {'opcode': 98, 'status': 0, 'data': bytearray(b'')}}
2019-12-29 17:42:08,604 - INFO - COM4: Success
