2019-12-29 11:29:38,961 - DEBUG - COM4: TX: 61692d699f9367ee64e6836223fbbc0ce4808001f74df0857ddcdb51a614ccd16ac0ae8677f6c195ce0ebf7bfa52775a01e109cc196b64ef6e33ec4f1903fa9cbcbc072f0e4aa58ef46126197932870048b6072b2c3814eb1c41dda1d9ca2be8bd9b
2019-12-29 11:29:38,987 - DEBUG - COM4: RX: 03846900
2019-12-29 11:29:38,987 - DEBUG - COM4: parsed_packet {event: CmdRsp, data: {'opcode': 105, 'status': 0, 'data': bytearray(b'')}}
2019-12-29 11:29:38,987 - DEBUG - COM4: TX: 059f01000100
2019-12-29 11:29:38,987 - INFO - COM4: Success
2019-12-29 11:29:38,990 - DEBUG - COM4: RX: 03849f00
2019-12-29 11:29:38,999 - DEBUG - COM4: parsed_packet {event: CmdRsp, data: {'opcode': 159, 'status': 0, 'data': bytearray(b'')}}
2019-12-29 11:29:38,999 - DEBUG - COM4: TX: 1392000018eed9c2a56add85049ffc3c59ad0e12
2019-12-29 11:29:38,999 - INFO - COM4: Success
2019-12-29 11:29:39,003 - DEBUG - COM4: RX: 058492000000
2019-12-29 11:29:39,004 - DEBUG - COM4: parsed_packet {event: CmdRsp, data: {'opcode': 146, 'status': 0, 'data': bytearray(b'\x00\x00')}}
2019-12-29 11:29:39,004 - DEBUG - COM4: TX: 1597000000004f68ad85d9f48ac8589df665b6b49b8a
2019-12-29 11:29:39,004 - INFO - COM4: SubnetAdd: {'subnet_handle': 0}
2019-12-29 11:29:39,008 - DEBUG - COM4: RX: 058497000000
2019-12-29 11:29:39,008 - DEBUG - COM4: parsed_packet {event: CmdRsp, data: {'opcode': 151, 'status': 0, 'data': bytearray(b'\x00\x00')}}
2019-12-29 11:29:39,008 - DEBUG - COM4: TX: 1597010000002aa2a6ded5a0798ceab5787ca3ae39fc
2019-12-29 11:29:39,008 - INFO - COM4: AppkeyAdd: {'appkey_handle': 0}
2019-12-29 11:29:39,011 - DEBUG - COM4: RX: 058497000100
2019-12-29 11:29:39,011 - DEBUG - COM4: parsed_packet {event: CmdRsp, data: {'opcode': 151, 'status': 0, 'data': bytearray(b'\x01\x00')}}
2019-12-29 11:29:39,012 - INFO - COM4: AppkeyAdd: {'appkey_handle': 1}
2019-12-29 11:29:40,966 - DEBUG - COM4: TX: 0161
2019-12-29 11:29:40,967 - DEBUG - COM4: RX: 03846100
2019-12-29 11:29:40,968 - DEBUG - COM4: parsed_packet {event: CmdRsp, data: {'opcode': 97, 'status': 0, 'data': bytearray(b'')}}
2019-12-29 11:29:40,968 - INFO - COM4: Success
2019-12-29 11:29:42,357 - DEBUG - COM4: RX: 1ac0d5b91bba0508344a809923e28a48b06dd30001c09923e28ac8
2019-12-29 11:29:42,358 - DEBUG - COM4: parsed_packet {event: ProvUnprovisionedReceived, data: {'uuid': bytearray(b'\xd5\xb9\x1b\xba\x05\x084J\x80\x99#\xe2\x8aH\xb0m'), 'rssi': -45, 'gatt_supported': 0, 'adv_addr_type': 1, 'adv_addr': bytearray(b'\xc0\x99#\xe2\x8a\xc8')}}
2019-12-29 11:29:42,358 - INFO - COM4: Received UUID d5b91bba0508344a809923e28a48b06d with RSSI: -45 dB
2019-12-29 11:29:44,364 - DEBUG - COM4: RX: 1ac0d5b91bba0508344a809923e28a48b06dd30001c09923e28ac8
2019-12-29 11:29:44,364 - DEBUG - COM4: parsed_packet {event: ProvUnprovisionedReceived, data: {'uuid': bytearray(b'\xd5\xb9\x1b\xba\x05\x084J\x80\x99#\xe2\x8aH\xb0m'), 'rssi': -45, 'gatt_supported': 0, 'adv_addr_type': 1, 'adv_addr': bytearray(b'\xc0\x99#\xe2\x8a\xc8')}}
2019-12-29 11:29:45,967 - DEBUG - COM4: TX: 0162
2019-12-29 11:29:45,969 - DEBUG - COM4: RX: 03846200
2019-12-29 11:29:45,970 - DEBUG - COM4: parsed_packet {event: CmdRsp, data: {'opcode': 98, 'status': 0, 'data': bytearray(b'')}}
2019-12-29 11:29:45,970 - INFO - COM4: Success
