2019-12-30 18:37:50,783 - DEBUG - COM4: TX: 6169cd3f988713f607451630caf13401138e28d08501a2f29b934aafbe6374049789d248d56cfe800942dcf37ed8852ac0e72f7f65e184a7b0415282e946a8a7b307294380dfcad1d0a70afdb2f3f5e5f09dafb967c11756bbc7367b0c01f3847d88
2019-12-30 18:37:50,794 - DEBUG - COM4: RX: 03846900
2019-12-30 18:37:50,794 - DEBUG - COM4: parsed_packet {event: CmdRsp, data: {'opcode': 105, 'status': 0, 'data': bytearray(b'')}}
2019-12-30 18:37:50,795 - DEBUG - COM4: TX: 059f01000100
2019-12-30 18:37:50,795 - INFO - COM4: Success
2019-12-30 18:37:50,797 - DEBUG - COM4: RX: 03849f8e
2019-12-30 18:37:50,806 - DEBUG - COM4: parsed_packet {event: CmdRsp, data: {'opcode': 159, 'status': 142, 'data': bytearray(b'')}}
2019-12-30 18:37:50,806 - DEBUG - COM4: TX: 1392000018eed9c2a56add85049ffc3c59ad0e12
2019-12-30 18:37:50,806 - ERROR - COM4: None: ERROR_REJECTED
2019-12-30 18:37:50,810 - DEBUG - COM4: RX: 03849281
2019-12-30 18:37:50,810 - DEBUG - COM4: parsed_packet {event: CmdRsp, data: {'opcode': 146, 'status': 129, 'data': bytearray(b'')}}
2019-12-30 18:37:50,810 - DEBUG - COM4: TX: 1597000000004f68ad85d9f48ac8589df665b6b49b8a
2019-12-30 18:37:50,810 - ERROR - COM4: SubnetAdd: ERROR_INTERNAL
2019-12-30 18:37:50,814 - DEBUG - COM4: RX: 03849781
2019-12-30 18:37:50,814 - DEBUG - COM4: parsed_packet {event: CmdRsp, data: {'opcode': 151, 'status': 129, 'data': bytearray(b'')}}
2019-12-30 18:37:50,815 - DEBUG - COM4: TX: 1597010000002aa2a6ded5a0798ceab5787ca3ae39fc
2019-12-30 18:37:50,814 - ERROR - COM4: AppkeyAdd: ERROR_INTERNAL
2019-12-30 18:37:50,819 - DEBUG - COM4: RX: 03849781
2019-12-30 18:37:50,819 - DEBUG - COM4: parsed_packet {event: CmdRsp, data: {'opcode': 151, 'status': 129, 'data': bytearray(b'')}}
2019-12-30 18:37:50,819 - ERROR - COM4: AppkeyAdd: ERROR_INTERNAL
