2019-12-29 17:00:35,684 - DEBUG - COM4: TX: 6169f6779f2e80f06ff077e39b51ed5e0753049f0619c62a7702125b770c491e6751cb58f888fff586d2b9e434e15759bda69cb8d2fbee1640aabeed518ac54ff377d857101015540bcf8bcaedd9c26a65b1183d34c96379329871cf53c42542e1c0
2019-12-29 17:00:35,695 - DEBUG - COM4: RX: 03846900
2019-12-29 17:00:35,695 - DEBUG - COM4: parsed_packet {event: CmdRsp, data: {'opcode': 105, 'status': 0, 'data': bytearray(b'')}}
2019-12-29 17:00:35,696 - DEBUG - COM4: TX: 059f01000100
2019-12-29 17:00:35,696 - INFO - COM4: Success
2019-12-29 17:00:35,699 - DEBUG - COM4: RX: 03849f00
2019-12-29 17:00:35,702 - DEBUG - COM4: parsed_packet {event: CmdRsp, data: {'opcode': 159, 'status': 0, 'data': bytearray(b'')}}
2019-12-29 17:00:35,702 - DEBUG - COM4: TX: 1392000018eed9c2a56add85049ffc3c59ad0e12
2019-12-29 17:00:35,702 - INFO - COM4: Success
2019-12-29 17:00:35,706 - DEBUG - COM4: RX: 058492000000
2019-12-29 17:00:35,706 - DEBUG - COM4: parsed_packet {event: CmdRsp, data: {'opcode': 146, 'status': 0, 'data': bytearray(b'\x00\x00')}}
2019-12-29 17:00:35,706 - DEBUG - COM4: TX: 1597000000004f68ad85d9f48ac8589df665b6b49b8a
2019-12-29 17:00:35,706 - INFO - COM4: SubnetAdd: {'subnet_handle': 0}
2019-12-29 17:00:35,710 - DEBUG - COM4: RX: 058497000000
2019-12-29 17:00:35,710 - DEBUG - COM4: parsed_packet {event: CmdRsp, data: {'opcode': 151, 'status': 0, 'data': bytearray(b'\x00\x00')}}
2019-12-29 17:00:35,710 - DEBUG - COM4: TX: 1597010000002aa2a6ded5a0798ceab5787ca3ae39fc
2019-12-29 17:00:35,710 - INFO - COM4: AppkeyAdd: {'appkey_handle': 0}
2019-12-29 17:00:35,714 - DEBUG - COM4: RX: 058497000100
2019-12-29 17:00:35,714 - DEBUG - COM4: parsed_packet {event: CmdRsp, data: {'opcode': 151, 'status': 0, 'data': bytearray(b'\x01\x00')}}
2019-12-29 17:00:35,714 - INFO - COM4: AppkeyAdd: {'appkey_handle': 1}
2019-12-29 17:00:37,685 - DEBUG - COM4: TX: 159c10000000c8789d5965ef5e10d3164fd1b70ba326
2019-12-29 17:00:37,689 - DEBUG - COM4: RX: 05849c000800
2019-12-29 17:00:37,689 - DEBUG - COM4: parsed_packet {event: CmdRsp, data: {'opcode': 156, 'status': 0, 'data': bytearray(b'\x08\x00')}}
2019-12-29 17:00:37,690 - DEBUG - COM4: TX: 03a41000
2019-12-29 17:00:37,690 - INFO - COM4: DevkeyAdd: {'devkey_handle': 8}
2019-12-29 17:00:37,692 - DEBUG - COM4: RX: 0584a4000000
2019-12-29 17:00:37,692 - DEBUG - COM4: parsed_packet {event: CmdRsp, data: {'opcode': 164, 'status': 0, 'data': bytearray(b'\x00\x00')}}
2019-12-29 17:00:37,692 - INFO - COM4: AddrPublicationAdd: {'address_handle': 0}
2019-12-29 17:00:38,685 - DEBUG - COM4: TX: 6169c75dffd09638695fe50d40ece94cbf4745e2432718704c17194f2721b1538d76eba18bac8a8b9092e1fe39fbe36b4fdbb82b355767488309c330d7665c6b511c589e980c3f6e0f328ba33fb67a2af1fe71e2e7ca84016c279b7018e7518bd5d3
2019-12-29 17:00:38,697 - DEBUG - COM4: RX: 03846900
2019-12-29 17:00:38,697 - DEBUG - COM4: parsed_packet {event: CmdRsp, data: {'opcode': 105, 'status': 0, 'data': bytearray(b'')}}
2019-12-29 17:00:38,697 - DEBUG - COM4: TX: 059f01000100
2019-12-29 17:00:38,697 - INFO - COM4: Success
2019-12-29 17:00:38,699 - DEBUG - COM4: RX: 03849f8e
2019-12-29 17:00:38,699 - DEBUG - COM4: parsed_packet {event: CmdRsp, data: {'opcode': 159, 'status': 142, 'data': bytearray(b'')}}
2019-12-29 17:00:38,699 - DEBUG - COM4: TX: 1392000018eed9c2a56add85049ffc3c59ad0e12
2019-12-29 17:00:38,699 - ERROR - COM4: None: ERROR_REJECTED
2019-12-29 17:00:38,703 - DEBUG - COM4: RX: 03849281
2019-12-29 17:00:38,703 - DEBUG - COM4: parsed_packet {event: CmdRsp, data: {'opcode': 146, 'status': 129, 'data': bytearray(b'')}}
2019-12-29 17:00:38,703 - DEBUG - COM4: TX: 1597000000004f68ad85d9f48ac8589df665b6b49b8a
2019-12-29 17:00:38,703 - ERROR - COM4: SubnetAdd: ERROR_INTERNAL
2019-12-29 17:00:38,707 - DEBUG - COM4: RX: 03849781
2019-12-29 17:00:38,707 - DEBUG - COM4: parsed_packet {event: CmdRsp, data: {'opcode': 151, 'status': 129, 'data': bytearray(b'')}}
2019-12-29 17:00:38,707 - DEBUG - COM4: TX: 1597010000002aa2a6ded5a0798ceab5787ca3ae39fc
2019-12-29 17:00:38,707 - ERROR - COM4: AppkeyAdd: ERROR_INTERNAL
2019-12-29 17:00:38,711 - DEBUG - COM4: RX: 03849781
2019-12-29 17:00:38,711 - DEBUG - COM4: parsed_packet {event: CmdRsp, data: {'opcode': 151, 'status': 129, 'data': bytearray(b'')}}
2019-12-29 17:00:38,711 - ERROR - COM4: AppkeyAdd: ERROR_INTERNAL
