2019-12-29 15:25:31,624 - DEBUG - COM4: TX: 61691e860452c5bc61be71e86990e341ae118cb97bac27d99231eff798864f8b5151a6c328d7b8d921517a2643a60b4c521336fc8492f2ea77c6e5577eb40c574e6f67b6d7ddf8bc3ca5aa8076390fce8390df4eef7536e29009538ec0266a36d7d7
2019-12-29 15:25:31,635 - DEBUG - COM4: RX: 03846900
2019-12-29 15:25:31,635 - DEBUG - COM4: parsed_packet {event: CmdRsp, data: {'opcode': 105, 'status': 0, 'data': bytearray(b'')}}
2019-12-29 15:25:31,636 - DEBUG - COM4: TX: 059f01000100
2019-12-29 15:25:31,636 - INFO - COM4: Success
2019-12-29 15:25:31,638 - DEBUG - COM4: RX: 03849f8e
2019-12-29 15:25:31,647 - DEBUG - COM4: parsed_packet {event: CmdRsp, data: {'opcode': 159, 'status': 142, 'data': bytearray(b'')}}
2019-12-29 15:25:31,647 - DEBUG - COM4: TX: 1392000018eed9c2a56add85049ffc3c59ad0e12
2019-12-29 15:25:31,647 - ERROR - COM4: None: ERROR_REJECTED
2019-12-29 15:25:31,650 - DEBUG - COM4: RX: 03849281
2019-12-29 15:25:31,650 - DEBUG - COM4: parsed_packet {event: CmdRsp, data: {'opcode': 146, 'status': 129, 'data': bytearray(b'')}}
2019-12-29 15:25:31,650 - DEBUG - COM4: TX: 1597000000004f68ad85d9f48ac8589df665b6b49b8a
2019-12-29 15:25:31,650 - ERROR - COM4: SubnetAdd: ERROR_INTERNAL
2019-12-29 15:25:31,654 - DEBUG - COM4: RX: 03849781
2019-12-29 15:25:31,654 - DEBUG - COM4: parsed_packet {event: CmdRsp, data: {'opcode': 151, 'status': 129, 'data': bytearray(b'')}}
2019-12-29 15:25:31,654 - DEBUG - COM4: TX: 1597010000002aa2a6ded5a0798ceab5787ca3ae39fc
2019-12-29 15:25:31,654 - ERROR - COM4: AppkeyAdd: ERROR_INTERNAL
2019-12-29 15:25:31,658 - DEBUG - COM4: RX: 03849781
2019-12-29 15:25:31,659 - DEBUG - COM4: parsed_packet {event: CmdRsp, data: {'opcode': 151, 'status': 129, 'data': bytearray(b'')}}
2019-12-29 15:25:31,659 - ERROR - COM4: AppkeyAdd: ERROR_INTERNAL
2019-12-29 15:25:33,624 - DEBUG - COM4: TX: 0161
2019-12-29 15:25:33,626 - DEBUG - COM4: RX: 03846100
2019-12-29 15:25:33,626 - DEBUG - COM4: parsed_packet {event: CmdRsp, data: {'opcode': 97, 'status': 0, 'data': bytearray(b'')}}
2019-12-29 15:25:33,626 - INFO - COM4: Success
2019-12-29 15:25:38,625 - DEBUG - COM4: TX: 0162
2019-12-29 15:25:38,627 - DEBUG - COM4: RX: 03846200
2019-12-29 15:25:38,627 - DEBUG - COM4: parsed_packet {event: CmdRsp, data: {'opcode': 98, 'status': 0, 'data': bytearray(b'')}}
2019-12-29 15:25:38,627 - INFO - COM4: Success
2019-12-29 15:25:53,427 - DEBUG - COM4: TX: 61699e36b44fb77934687e0327f9231d1d85a377de7ba381ce0f31ed778fd7877d24b6a3bfac187bfd3fb73de37a64fe197b4ac278ffa0ea2b696c3128acc5f0a42a8b46ebf5759e7c3c2462fce0f0bd7d9a06c899e9f178f67c1c1ef99283ec6ea0
2019-12-29 15:25:53,438 - DEBUG - COM4: RX: 03846900
2019-12-29 15:25:53,438 - DEBUG - COM4: parsed_packet {event: CmdRsp, data: {'opcode': 105, 'status': 0, 'data': bytearray(b'')}}
2019-12-29 15:25:53,438 - DEBUG - COM4: TX: 059f01000100
2019-12-29 15:25:53,438 - INFO - COM4: Success
2019-12-29 15:25:53,441 - DEBUG - COM4: RX: 03849f8e
2019-12-29 15:25:53,441 - DEBUG - COM4: parsed_packet {event: CmdRsp, data: {'opcode': 159, 'status': 142, 'data': bytearray(b'')}}
2019-12-29 15:25:53,441 - DEBUG - COM4: TX: 1392000018eed9c2a56add85049ffc3c59ad0e12
2019-12-29 15:25:53,441 - ERROR - COM4: None: ERROR_REJECTED
2019-12-29 15:25:53,447 - DEBUG - COM4: RX: 03849281
2019-12-29 15:25:53,447 - DEBUG - COM4: parsed_packet {event: CmdRsp, data: {'opcode': 146, 'status': 129, 'data': bytearray(b'')}}
2019-12-29 15:25:53,447 - DEBUG - COM4: TX: 1597000000004f68ad85d9f48ac8589df665b6b49b8a
2019-12-29 15:25:53,447 - ERROR - COM4: SubnetAdd: ERROR_INTERNAL
2019-12-29 15:25:53,451 - DEBUG - COM4: RX: 03849781
2019-12-29 15:25:53,451 - DEBUG - COM4: parsed_packet {event: CmdRsp, data: {'opcode': 151, 'status': 129, 'data': bytearray(b'')}}
2019-12-29 15:25:53,451 - ERROR - COM4: AppkeyAdd: ERROR_INTERNAL
2019-12-29 15:25:53,451 - DEBUG - COM4: TX: 1597010000002aa2a6ded5a0798ceab5787ca3ae39fc
2019-12-29 15:25:53,455 - DEBUG - COM4: RX: 03849781
2019-12-29 15:25:53,455 - DEBUG - COM4: parsed_packet {event: CmdRsp, data: {'opcode': 151, 'status': 129, 'data': bytearray(b'')}}
2019-12-29 15:25:53,455 - ERROR - COM4: AppkeyAdd: ERROR_INTERNAL
2019-12-29 15:25:55,430 - DEBUG - COM4: TX: 0161
2019-12-29 15:25:55,432 - DEBUG - COM4: RX: 03846100
2019-12-29 15:25:55,432 - DEBUG - COM4: parsed_packet {event: CmdRsp, data: {'opcode': 97, 'status': 0, 'data': bytearray(b'')}}
2019-12-29 15:25:55,432 - INFO - COM4: Success
2019-12-29 15:26:00,430 - DEBUG - COM4: TX: 0162
2019-12-29 15:26:00,431 - DEBUG - COM4: RX: 03846200
2019-12-29 15:26:00,432 - DEBUG - COM4: parsed_packet {event: CmdRsp, data: {'opcode': 98, 'status': 0, 'data': bytearray(b'')}}
2019-12-29 15:26:00,432 - INFO - COM4: Success
