2019-12-29 12:12:11,688 - DEBUG - COM4: TX: 6169058b4de82540bb6e0dbdf62ec6adccca8996f941e7f1fcd4c55a318aaaa976b16ef8036f748e873c001a92b8a5142cdaedbbea4292f70ffefd0cac1792defee2118d4e2297639dddfbe344c3a8e98cada478e10dffa0f2170f5b06e88438535e
2019-12-29 12:12:11,698 - DEBUG - COM4: RX: 03846900
2019-12-29 12:12:11,698 - DEBUG - COM4: parsed_packet {event: CmdRsp, data: {'opcode': 105, 'status': 0, 'data': bytearray(b'')}}
2019-12-29 12:12:11,699 - DEBUG - COM4: TX: 059f01000100
2019-12-29 12:12:11,699 - INFO - COM4: Success
2019-12-29 12:12:11,701 - DEBUG - COM4: RX: 03849f8e
2019-12-29 12:12:11,711 - DEBUG - COM4: parsed_packet {event: CmdRsp, data: {'opcode': 159, 'status': 142, 'data': bytearray(b'')}}
2019-12-29 12:12:11,711 - DEBUG - COM4: TX: 1392000018eed9c2a56add85049ffc3c59ad0e12
2019-12-29 12:12:11,711 - ERROR - COM4: None: ERROR_REJECTED
2019-12-29 12:12:11,715 - DEBUG - COM4: RX: 03849281
2019-12-29 12:12:11,715 - DEBUG - COM4: parsed_packet {event: CmdRsp, data: {'opcode': 146, 'status': 129, 'data': bytearray(b'')}}
2019-12-29 12:12:11,715 - DEBUG - COM4: TX: 1597000000004f68ad85d9f48ac8589df665b6b49b8a
2019-12-29 12:12:11,715 - ERROR - COM4: SubnetAdd: ERROR_INTERNAL
2019-12-29 12:12:11,719 - DEBUG - COM4: RX: 03849781
2019-12-29 12:12:11,719 - DEBUG - COM4: parsed_packet {event: CmdRsp, data: {'opcode': 151, 'status': 129, 'data': bytearray(b'')}}
2019-12-29 12:12:11,719 - DEBUG - COM4: TX: 1597010000002aa2a6ded5a0798ceab5787ca3ae39fc
2019-12-29 12:12:11,719 - ERROR - COM4: AppkeyAdd: ERROR_INTERNAL
2019-12-29 12:12:11,722 - DEBUG - COM4: RX: 03849781
2019-12-29 12:12:11,723 - DEBUG - COM4: parsed_packet {event: CmdRsp, data: {'opcode': 151, 'status': 129, 'data': bytearray(b'')}}
2019-12-29 12:12:11,723 - ERROR - COM4: AppkeyAdd: ERROR_INTERNAL
2019-12-29 12:12:13,689 - DEBUG - COM4: TX: 0161
2019-12-29 12:12:13,690 - DEBUG - COM4: RX: 03846100
2019-12-29 12:12:13,690 - DEBUG - COM4: parsed_packet {event: CmdRsp, data: {'opcode': 97, 'status': 0, 'data': bytearray(b'')}}
2019-12-29 12:12:13,691 - INFO - COM4: Success
2019-12-29 12:12:14,432 - DEBUG - COM4: RX: 1ac0d5b91bba0508344a809923e28a48b06dcf0001c09923e28ac8
2019-12-29 12:12:14,432 - DEBUG - COM4: parsed_packet {event: ProvUnprovisionedReceived, data: {'uuid': bytearray(b'\xd5\xb9\x1b\xba\x05\x084J\x80\x99#\xe2\x8aH\xb0m'), 'rssi': -49, 'gatt_supported': 0, 'adv_addr_type': 1, 'adv_addr': bytearray(b'\xc0\x99#\xe2\x8a\xc8')}}
2019-12-29 12:12:14,432 - INFO - COM4: Received UUID d5b91bba0508344a809923e28a48b06d with RSSI: -49 dB
2019-12-29 12:12:16,438 - DEBUG - COM4: RX: 1ac0d5b91bba0508344a809923e28a48b06dd00001c09923e28ac8
2019-12-29 12:12:16,438 - DEBUG - COM4: parsed_packet {event: ProvUnprovisionedReceived, data: {'uuid': bytearray(b'\xd5\xb9\x1b\xba\x05\x084J\x80\x99#\xe2\x8aH\xb0m'), 'rssi': -48, 'gatt_supported': 0, 'adv_addr_type': 1, 'adv_addr': bytearray(b'\xc0\x99#\xe2\x8a\xc8')}}
2019-12-29 12:12:18,446 - DEBUG - COM4: RX: 1ac0d5b91bba0508344a809923e28a48b06dd10001c09923e28ac8
2019-12-29 12:12:18,447 - DEBUG - COM4: parsed_packet {event: ProvUnprovisionedReceived, data: {'uuid': bytearray(b'\xd5\xb9\x1b\xba\x05\x084J\x80\x99#\xe2\x8aH\xb0m'), 'rssi': -47, 'gatt_supported': 0, 'adv_addr_type': 1, 'adv_addr': bytearray(b'\xc0\x99#\xe2\x8a\xc8')}}
2019-12-29 12:12:18,690 - DEBUG - COM4: TX: 0162
2019-12-29 12:12:18,692 - DEBUG - COM4: RX: 03846200
2019-12-29 12:12:18,692 - DEBUG - COM4: parsed_packet {event: CmdRsp, data: {'opcode': 98, 'status': 0, 'data': bytearray(b'')}}
2019-12-29 12:12:18,692 - INFO - COM4: Success
