2019-12-30 18:21:37,452 - DEBUG - COM4: TX: 616944e21c3212e659c64b9f03d2a8769df5ffdba51e17a4ce94f184b5602277270fd1acd483581361676c53a0aa343289ddacfd7c9a2a97fe7403ad0f188952e1b69f5ea49ea140b40ea587b1b2675b67f97ddc18a433052875d8057143ba97562e
2019-12-30 18:21:37,463 - DEBUG - COM4: RX: 03846900
2019-12-30 18:21:37,464 - DEBUG - COM4: parsed_packet {event: CmdRsp, data: {'opcode': 105, 'status': 0, 'data': bytearray(b'')}}
2019-12-30 18:21:37,464 - DEBUG - COM4: TX: 059f01000100
2019-12-30 18:21:37,464 - INFO - COM4: Success
2019-12-30 18:21:37,466 - DEBUG - COM4: RX: 03849f00
2019-12-30 18:21:37,475 - DEBUG - COM4: parsed_packet {event: CmdRsp, data: {'opcode': 159, 'status': 0, 'data': bytearray(b'')}}
2019-12-30 18:21:37,475 - DEBUG - COM4: TX: 1392000018eed9c2a56add85049ffc3c59ad0e12
2019-12-30 18:21:37,475 - INFO - COM4: Success
2019-12-30 18:21:37,480 - DEBUG - COM4: RX: 058492000000
2019-12-30 18:21:37,480 - DEBUG - COM4: parsed_packet {event: CmdRsp, data: {'opcode': 146, 'status': 0, 'data': bytearray(b'\x00\x00')}}
2019-12-30 18:21:37,480 - DEBUG - COM4: TX: 1597000000004f68ad85d9f48ac8589df665b6b49b8a
2019-12-30 18:21:37,480 - INFO - COM4: SubnetAdd: {'subnet_handle': 0}
2019-12-30 18:21:37,484 - DEBUG - COM4: RX: 058497000000
2019-12-30 18:21:37,484 - DEBUG - COM4: parsed_packet {event: CmdRsp, data: {'opcode': 151, 'status': 0, 'data': bytearray(b'\x00\x00')}}
2019-12-30 18:21:37,484 - DEBUG - COM4: TX: 1597010000002aa2a6ded5a0798ceab5787ca3ae39fc
2019-12-30 18:21:37,484 - INFO - COM4: AppkeyAdd: {'appkey_handle': 0}
2019-12-30 18:21:37,488 - DEBUG - COM4: RX: 058497000100
2019-12-30 18:21:37,489 - DEBUG - COM4: parsed_packet {event: CmdRsp, data: {'opcode': 151, 'status': 0, 'data': bytearray(b'\x01\x00')}}
2019-12-30 18:21:37,489 - INFO - COM4: AppkeyAdd: {'appkey_handle': 1}
2019-12-30 18:21:43,155 - DEBUG - COM4: TX: 0161
2019-12-30 18:21:43,157 - DEBUG - COM4: RX: 03846100
2019-12-30 18:21:43,157 - DEBUG - COM4: parsed_packet {event: CmdRsp, data: {'opcode': 97, 'status': 0, 'data': bytearray(b'')}}
2019-12-30 18:21:43,158 - INFO - COM4: Success
2019-12-30 18:21:43,405 - DEBUG - COM4: RX: 1ac0d5b91bba0508344a809923e28a48b06dd10001c09923e28ac8
2019-12-30 18:21:43,405 - DEBUG - COM4: parsed_packet {event: ProvUnprovisionedReceived, data: {'uuid': bytearray(b'\xd5\xb9\x1b\xba\x05\x084J\x80\x99#\xe2\x8aH\xb0m'), 'rssi': -47, 'gatt_supported': 0, 'adv_addr_type': 1, 'adv_addr': bytearray(b'\xc0\x99#\xe2\x8a\xc8')}}
2019-12-30 18:21:43,405 - INFO - COM4: Received UUID d5b91bba0508344a809923e28a48b06d with RSSI: -47 dB
2019-12-30 18:21:45,406 - DEBUG - COM4: RX: 1ac0d5b91bba0508344a809923e28a48b06dd50001c09923e28ac8
2019-12-30 18:21:45,407 - DEBUG - COM4: parsed_packet {event: ProvUnprovisionedReceived, data: {'uuid': bytearray(b'\xd5\xb9\x1b\xba\x05\x084J\x80\x99#\xe2\x8aH\xb0m'), 'rssi': -43, 'gatt_supported': 0, 'adv_addr_type': 1, 'adv_addr': bytearray(b'\xc0\x99#\xe2\x8a\xc8')}}
2019-12-30 18:21:47,410 - DEBUG - COM4: RX: 1ac0d5b91bba0508344a809923e28a48b06dd60001c09923e28ac8
2019-12-30 18:21:47,411 - DEBUG - COM4: parsed_packet {event: ProvUnprovisionedReceived, data: {'uuid': bytearray(b'\xd5\xb9\x1b\xba\x05\x084J\x80\x99#\xe2\x8aH\xb0m'), 'rssi': -42, 'gatt_supported': 0, 'adv_addr_type': 1, 'adv_addr': bytearray(b'\xc0\x99#\xe2\x8a\xc8')}}
2019-12-30 18:21:48,155 - DEBUG - COM4: TX: 0162
2019-12-30 18:21:48,157 - DEBUG - COM4: RX: 03846200
2019-12-30 18:21:48,157 - DEBUG - COM4: parsed_packet {event: CmdRsp, data: {'opcode': 98, 'status': 0, 'data': bytearray(b'')}}
2019-12-30 18:21:48,157 - INFO - COM4: Success
