2019-12-29 17:25:37,441 - DEBUG - COM4: TX: 6169f39c50f6c9ff4499a9a4a8b52895489f59af4c479b32461bbaa5ca8824df6bdfa3cd336873e987584e5fd1e6cbe066eec7deb9dd50a9058ee6ed558d271730545fe2a396a2db6c839169ad8aee2441d51527e68ef5c90e20bd99f3780a199345
2019-12-29 17:25:37,452 - DEBUG - COM4: RX: 03846900
2019-12-29 17:25:37,452 - DEBUG - COM4: parsed_packet {event: CmdRsp, data: {'opcode': 105, 'status': 0, 'data': bytearray(b'')}}
2019-12-29 17:25:37,453 - DEBUG - COM4: TX: 059f01000100
2019-12-29 17:25:37,453 - INFO - COM4: Success
2019-12-29 17:25:37,455 - DEBUG - COM4: RX: 03849f8e
2019-12-29 17:25:37,465 - DEBUG - COM4: parsed_packet {event: CmdRsp, data: {'opcode': 159, 'status': 142, 'data': bytearray(b'')}}
2019-12-29 17:25:37,465 - DEBUG - COM4: TX: 1392000018eed9c2a56add85049ffc3c59ad0e12
2019-12-29 17:25:37,465 - ERROR - COM4: None: ERROR_REJECTED
2019-12-29 17:25:37,469 - DEBUG - COM4: RX: 03849281
2019-12-29 17:25:37,470 - DEBUG - COM4: parsed_packet {event: CmdRsp, data: {'opcode': 146, 'status': 129, 'data': bytearray(b'')}}
2019-12-29 17:25:37,470 - DEBUG - COM4: TX: 1597000000004f68ad85d9f48ac8589df665b6b49b8a
2019-12-29 17:25:37,470 - ERROR - COM4: SubnetAdd: ERROR_INTERNAL
2019-12-29 17:25:37,474 - DEBUG - COM4: RX: 03849781
2019-12-29 17:25:37,474 - DEBUG - COM4: parsed_packet {event: CmdRsp, data: {'opcode': 151, 'status': 129, 'data': bytearray(b'')}}
2019-12-29 17:25:37,474 - DEBUG - COM4: TX: 1597010000002aa2a6ded5a0798ceab5787ca3ae39fc
2019-12-29 17:25:37,474 - ERROR - COM4: AppkeyAdd: ERROR_INTERNAL
2019-12-29 17:25:37,478 - DEBUG - COM4: RX: 03849781
2019-12-29 17:25:37,478 - DEBUG - COM4: parsed_packet {event: CmdRsp, data: {'opcode': 151, 'status': 129, 'data': bytearray(b'')}}
2019-12-29 17:25:37,479 - ERROR - COM4: AppkeyAdd: ERROR_INTERNAL
2019-12-29 17:25:39,441 - DEBUG - COM4: TX: 0161
2019-12-29 17:25:39,443 - DEBUG - COM4: RX: 03846100
2019-12-29 17:25:39,443 - DEBUG - COM4: parsed_packet {event: CmdRsp, data: {'opcode': 97, 'status': 0, 'data': bytearray(b'')}}
2019-12-29 17:25:39,443 - INFO - COM4: Success
2019-12-29 17:25:41,356 - DEBUG - COM4: RX: 1ac0d5b91bba0508344a809923e28a48b06dd60001c09923e28ac8
2019-12-29 17:25:41,356 - DEBUG - COM4: parsed_packet {event: ProvUnprovisionedReceived, data: {'uuid': bytearray(b'\xd5\xb9\x1b\xba\x05\x084J\x80\x99#\xe2\x8aH\xb0m'), 'rssi': -42, 'gatt_supported': 0, 'adv_addr_type': 1, 'adv_addr': bytearray(b'\xc0\x99#\xe2\x8a\xc8')}}
2019-12-29 17:25:41,357 - INFO - COM4: Received UUID d5b91bba0508344a809923e28a48b06d with RSSI: -42 dB
2019-12-29 17:25:43,358 - DEBUG - COM4: RX: 1ac0d5b91bba0508344a809923e28a48b06dd40001c09923e28ac8
2019-12-29 17:25:43,359 - DEBUG - COM4: parsed_packet {event: ProvUnprovisionedReceived, data: {'uuid': bytearray(b'\xd5\xb9\x1b\xba\x05\x084J\x80\x99#\xe2\x8aH\xb0m'), 'rssi': -44, 'gatt_supported': 0, 'adv_addr_type': 1, 'adv_addr': bytearray(b'\xc0\x99#\xe2\x8a\xc8')}}
2019-12-29 17:25:44,442 - DEBUG - COM4: TX: 0162
2019-12-29 17:25:44,444 - DEBUG - COM4: RX: 03846200
2019-12-29 17:25:44,444 - DEBUG - COM4: parsed_packet {event: CmdRsp, data: {'opcode': 98, 'status': 0, 'data': bytearray(b'')}}
2019-12-29 17:25:44,444 - INFO - COM4: Success
