2019-12-30 19:18:56,383 - DEBUG - COM4: TX: 6169acf130b3767abb07a4f0b86309552570dd3f07021b9d701cee6b826ea558c01b834ca48f03ef5fbdfbe269c2efae0fb7471ca01591e8a2de510445e574c9b7ae1e2db2a7bfd14415373c6c924a8ad8d5321827a5924e15a4701f837f68e0314c
2019-12-30 19:18:56,394 - DEBUG - COM4: RX: 03846900
2019-12-30 19:18:56,395 - DEBUG - COM4: parsed_packet {event: CmdRsp, data: {'opcode': 105, 'status': 0, 'data': bytearray(b'')}}
2019-12-30 19:18:56,395 - DEBUG - COM4: TX: 059f01000100
2019-12-30 19:18:56,395 - INFO - COM4: Success
2019-12-30 19:18:56,397 - DEBUG - COM4: RX: 03849f8e
2019-12-30 19:18:56,408 - DEBUG - COM4: parsed_packet {event: CmdRsp, data: {'opcode': 159, 'status': 142, 'data': bytearray(b'')}}
2019-12-30 19:18:56,409 - DEBUG - COM4: TX: 1392000018eed9c2a56add85049ffc3c59ad0e12
2019-12-30 19:18:56,409 - ERROR - COM4: None: ERROR_REJECTED
2019-12-30 19:18:56,413 - DEBUG - COM4: RX: 03849281
2019-12-30 19:18:56,413 - DEBUG - COM4: parsed_packet {event: CmdRsp, data: {'opcode': 146, 'status': 129, 'data': bytearray(b'')}}
2019-12-30 19:18:56,413 - DEBUG - COM4: TX: 1597000000004f68ad85d9f48ac8589df665b6b49b8a
2019-12-30 19:18:56,413 - ERROR - COM4: SubnetAdd: ERROR_INTERNAL
2019-12-30 19:18:56,417 - DEBUG - COM4: RX: 03849781
2019-12-30 19:18:56,417 - DEBUG - COM4: parsed_packet {event: CmdRsp, data: {'opcode': 151, 'status': 129, 'data': bytearray(b'')}}
2019-12-30 19:18:56,417 - DEBUG - COM4: TX: 1597010000002aa2a6ded5a0798ceab5787ca3ae39fc
2019-12-30 19:18:56,417 - ERROR - COM4: AppkeyAdd: ERROR_INTERNAL
2019-12-30 19:18:56,421 - DEBUG - COM4: RX: 03849781
2019-12-30 19:18:56,421 - DEBUG - COM4: parsed_packet {event: CmdRsp, data: {'opcode': 151, 'status': 129, 'data': bytearray(b'')}}
2019-12-30 19:18:56,421 - ERROR - COM4: AppkeyAdd: ERROR_INTERNAL
