2019-12-29 11:30:55,337 - DEBUG - COM4: TX: 61699c2728efdfb3dd7dd30872491b3aa37e85cf174576901f9d9851670e4473dc303b6c38a5c746ccb14cbce5ba68d7add1765ef23a49252e824a8e664661f8f2fd94b386729065f3d811b74934d21df362ad3f7a9f9a9ea1aaec29838a27960b41
2019-12-29 11:30:55,359 - DEBUG - COM4: RX: 03846900
2019-12-29 11:30:55,360 - DEBUG - COM4: parsed_packet {event: CmdRsp, data: {'opcode': 105, 'status': 0, 'data': bytearray(b'')}}
2019-12-29 11:30:55,360 - INFO - COM4: Success
2019-12-29 11:30:55,360 - DEBUG - COM4: TX: 059f01000100
2019-12-29 11:30:55,360 - DEBUG - COM4: RX: 03849f8e
2019-12-29 11:30:55,371 - DEBUG - COM4: parsed_packet {event: CmdRsp, data: {'opcode': 159, 'status': 142, 'data': bytearray(b'')}}
2019-12-29 11:30:55,371 - DEBUG - COM4: TX: 1392000018eed9c2a56add85049ffc3c59ad0e12
2019-12-29 11:30:55,371 - ERROR - COM4: None: ERROR_REJECTED
2019-12-29 11:30:55,375 - DEBUG - COM4: RX: 03849281
2019-12-29 11:30:55,375 - DEBUG - COM4: parsed_packet {event: CmdRsp, data: {'opcode': 146, 'status': 129, 'data': bytearray(b'')}}
2019-12-29 11:30:55,376 - DEBUG - COM4: TX: 1597000000004f68ad85d9f48ac8589df665b6b49b8a
2019-12-29 11:30:55,376 - ERROR - COM4: SubnetAdd: ERROR_INTERNAL
2019-12-29 11:30:55,379 - DEBUG - COM4: RX: 03849781
2019-12-29 11:30:55,379 - DEBUG - COM4: parsed_packet {event: CmdRsp, data: {'opcode': 151, 'status': 129, 'data': bytearray(b'')}}
2019-12-29 11:30:55,380 - DEBUG - COM4: TX: 1597010000002aa2a6ded5a0798ceab5787ca3ae39fc
2019-12-29 11:30:55,379 - ERROR - COM4: AppkeyAdd: ERROR_INTERNAL
2019-12-29 11:30:55,383 - DEBUG - COM4: RX: 03849781
2019-12-29 11:30:55,383 - DEBUG - COM4: parsed_packet {event: CmdRsp, data: {'opcode': 151, 'status': 129, 'data': bytearray(b'')}}
2019-12-29 11:30:55,384 - ERROR - COM4: AppkeyAdd: ERROR_INTERNAL
2019-12-29 11:30:57,338 - DEBUG - COM4: TX: 0161
2019-12-29 11:30:57,339 - DEBUG - COM4: RX: 03846100
2019-12-29 11:30:57,340 - DEBUG - COM4: parsed_packet {event: CmdRsp, data: {'opcode': 97, 'status': 0, 'data': bytearray(b'')}}
2019-12-29 11:30:57,340 - INFO - COM4: Success
2019-12-29 11:30:58,543 - DEBUG - COM4: RX: 1ac0d5b91bba0508344a809923e28a48b06dd20001c09923e28ac8
2019-12-29 11:30:58,543 - DEBUG - COM4: parsed_packet {event: ProvUnprovisionedReceived, data: {'uuid': bytearray(b'\xd5\xb9\x1b\xba\x05\x084J\x80\x99#\xe2\x8aH\xb0m'), 'rssi': -46, 'gatt_supported': 0, 'adv_addr_type': 1, 'adv_addr': bytearray(b'\xc0\x99#\xe2\x8a\xc8')}}
2019-12-29 11:30:58,544 - INFO - COM4: Received UUID d5b91bba0508344a809923e28a48b06d with RSSI: -46 dB
2019-12-29 11:31:00,537 - DEBUG - COM4: RX: 1ac0d5b91bba0508344a809923e28a48b06dce0001c09923e28ac8
2019-12-29 11:31:00,537 - DEBUG - COM4: parsed_packet {event: ProvUnprovisionedReceived, data: {'uuid': bytearray(b'\xd5\xb9\x1b\xba\x05\x084J\x80\x99#\xe2\x8aH\xb0m'), 'rssi': -50, 'gatt_supported': 0, 'adv_addr_type': 1, 'adv_addr': bytearray(b'\xc0\x99#\xe2\x8a\xc8')}}
2019-12-29 11:31:02,338 - DEBUG - COM4: TX: 0162
2019-12-29 11:31:02,339 - DEBUG - COM4: RX: 03846200
2019-12-29 11:31:02,340 - DEBUG - COM4: parsed_packet {event: CmdRsp, data: {'opcode': 98, 'status': 0, 'data': bytearray(b'')}}
2019-12-29 11:31:02,340 - INFO - COM4: Success
2019-12-29 11:31:25,610 - DEBUG - COM4: log Opening port COM4, baudrate 115200, rtscts True
