2019-12-30 19:05:03,705 - DEBUG - COM4: TX: 6169a8b885aaaa8d5bfa1824a1a3d62d0e024b3c3aa26b9e0d8604e3043a1c1e7689cbeb7d2b82e34f63232c50e6d3af8f6728b482268f9628e6ba67287f9e6526c51bb60b894eedc4ac9e0e6962390969f322203af80e5df44d31860bc79c67527d
2019-12-30 19:05:03,717 - DEBUG - COM4: RX: 03846900
2019-12-30 19:05:03,717 - DEBUG - COM4: parsed_packet {event: CmdRsp, data: {'opcode': 105, 'status': 0, 'data': bytearray(b'')}}
2019-12-30 19:05:03,718 - DEBUG - COM4: TX: 059f01000100
2019-12-30 19:05:03,718 - INFO - COM4: Success
2019-12-30 19:05:03,720 - DEBUG - COM4: RX: 03849f00
2019-12-30 19:05:03,730 - DEBUG - COM4: parsed_packet {event: CmdRsp, data: {'opcode': 159, 'status': 0, 'data': bytearray(b'')}}
2019-12-30 19:05:03,731 - DEBUG - COM4: TX: 1392000018eed9c2a56add85049ffc3c59ad0e12
2019-12-30 19:05:03,730 - INFO - COM4: Success
2019-12-30 19:05:03,735 - DEBUG - COM4: RX: 058492000000
2019-12-30 19:05:03,735 - DEBUG - COM4: parsed_packet {event: CmdRsp, data: {'opcode': 146, 'status': 0, 'data': bytearray(b'\x00\x00')}}
2019-12-30 19:05:03,735 - DEBUG - COM4: TX: 1597000000004f68ad85d9f48ac8589df665b6b49b8a
2019-12-30 19:05:03,735 - INFO - COM4: SubnetAdd: {'subnet_handle': 0}
2019-12-30 19:05:03,739 - DEBUG - COM4: RX: 058497000000
2019-12-30 19:05:03,740 - DEBUG - COM4: parsed_packet {event: CmdRsp, data: {'opcode': 151, 'status': 0, 'data': bytearray(b'\x00\x00')}}
2019-12-30 19:05:03,740 - DEBUG - COM4: TX: 1597010000002aa2a6ded5a0798ceab5787ca3ae39fc
2019-12-30 19:05:03,740 - INFO - COM4: AppkeyAdd: {'appkey_handle': 0}
2019-12-30 19:05:03,744 - DEBUG - COM4: RX: 058497000100
2019-12-30 19:05:03,745 - DEBUG - COM4: parsed_packet {event: CmdRsp, data: {'opcode': 151, 'status': 0, 'data': bytearray(b'\x01\x00')}}
2019-12-30 19:05:03,745 - INFO - COM4: AppkeyAdd: {'appkey_handle': 1}
2019-12-30 19:05:08,538 - DEBUG - COM4: TX: 616986811f13db06e23e69adf285afed420ef2357cfe672b7e2b5893f10ec3c9976e1de6267cb2b31dfbead51f9ef663ea99b82c13fffdbdb48aa2789db41499b96b5c91fc0d05ee55e1df8722fe815f57b02612dd380e13a4c72e5664c86cf1657d
2019-12-30 19:05:08,549 - DEBUG - COM4: RX: 03846900
2019-12-30 19:05:08,550 - DEBUG - COM4: parsed_packet {event: CmdRsp, data: {'opcode': 105, 'status': 0, 'data': bytearray(b'')}}
2019-12-30 19:05:08,550 - DEBUG - COM4: TX: 059f01000100
2019-12-30 19:05:08,550 - INFO - COM4: Success
2019-12-30 19:05:08,552 - DEBUG - COM4: RX: 03849f8e
2019-12-30 19:05:08,553 - DEBUG - COM4: parsed_packet {event: CmdRsp, data: {'opcode': 159, 'status': 142, 'data': bytearray(b'')}}
2019-12-30 19:05:08,553 - DEBUG - COM4: TX: 1392000018eed9c2a56add85049ffc3c59ad0e12
2019-12-30 19:05:08,553 - ERROR - COM4: None: ERROR_REJECTED
2019-12-30 19:05:08,556 - DEBUG - COM4: RX: 03849281
2019-12-30 19:05:08,556 - DEBUG - COM4: parsed_packet {event: CmdRsp, data: {'opcode': 146, 'status': 129, 'data': bytearray(b'')}}
2019-12-30 19:05:08,557 - DEBUG - COM4: TX: 1597000000004f68ad85d9f48ac8589df665b6b49b8a
2019-12-30 19:05:08,557 - ERROR - COM4: SubnetAdd: ERROR_INTERNAL
2019-12-30 19:05:08,560 - DEBUG - COM4: RX: 03849781
2019-12-30 19:05:08,560 - DEBUG - COM4: parsed_packet {event: CmdRsp, data: {'opcode': 151, 'status': 129, 'data': bytearray(b'')}}
2019-12-30 19:05:08,561 - DEBUG - COM4: TX: 1597010000002aa2a6ded5a0798ceab5787ca3ae39fc
2019-12-30 19:05:08,561 - ERROR - COM4: AppkeyAdd: ERROR_INTERNAL
2019-12-30 19:05:08,564 - DEBUG - COM4: RX: 03849781
2019-12-30 19:05:08,565 - DEBUG - COM4: parsed_packet {event: CmdRsp, data: {'opcode': 151, 'status': 129, 'data': bytearray(b'')}}
2019-12-30 19:05:08,565 - ERROR - COM4: AppkeyAdd: ERROR_INTERNAL
2019-12-30 19:05:45,102 - DEBUG - COM4: TX: 616947468f2d4b22c30940df48dbde66c77c4fd4523ec630620580b7fca36d400321900a58ba90433538e290e4088513304685a6129150853930680417744aab9745209fb7ba5ce28d8ad64a30bce5fd2b776eb641cb8fd6a319dd86ff210219013d
2019-12-30 19:05:45,113 - DEBUG - COM4: RX: 03846900
2019-12-30 19:05:45,113 - DEBUG - COM4: parsed_packet {event: CmdRsp, data: {'opcode': 105, 'status': 0, 'data': bytearray(b'')}}
2019-12-30 19:05:45,114 - DEBUG - COM4: TX: 059f01000100
2019-12-30 19:05:45,113 - INFO - COM4: Success
2019-12-30 19:05:45,116 - DEBUG - COM4: RX: 03849f8e
2019-12-30 19:05:45,116 - DEBUG - COM4: parsed_packet {event: CmdRsp, data: {'opcode': 159, 'status': 142, 'data': bytearray(b'')}}
2019-12-30 19:05:45,116 - DEBUG - COM4: TX: 1392000018eed9c2a56add85049ffc3c59ad0e12
2019-12-30 19:05:45,116 - ERROR - COM4: None: ERROR_REJECTED
2019-12-30 19:05:45,120 - DEBUG - COM4: RX: 03849281
2019-12-30 19:05:45,120 - DEBUG - COM4: parsed_packet {event: CmdRsp, data: {'opcode': 146, 'status': 129, 'data': bytearray(b'')}}
2019-12-30 19:05:45,120 - DEBUG - COM4: TX: 1597000000004f68ad85d9f48ac8589df665b6b49b8a
2019-12-30 19:05:45,120 - ERROR - COM4: SubnetAdd: ERROR_INTERNAL
2019-12-30 19:05:45,124 - DEBUG - COM4: RX: 03849781
2019-12-30 19:05:45,124 - DEBUG - COM4: parsed_packet {event: CmdRsp, data: {'opcode': 151, 'status': 129, 'data': bytearray(b'')}}
2019-12-30 19:05:45,124 - DEBUG - COM4: TX: 1597010000002aa2a6ded5a0798ceab5787ca3ae39fc
2019-12-30 19:05:45,124 - ERROR - COM4: AppkeyAdd: ERROR_INTERNAL
2019-12-30 19:05:45,128 - DEBUG - COM4: RX: 03849781
2019-12-30 19:05:45,128 - DEBUG - COM4: parsed_packet {event: CmdRsp, data: {'opcode': 151, 'status': 129, 'data': bytearray(b'')}}
2019-12-30 19:05:45,128 - ERROR - COM4: AppkeyAdd: ERROR_INTERNAL
