2019-12-30 18:40:10,522 - DEBUG - COM4: TX: 6169e18c146a7eb3fce4c1817a39fa62839eb06740620877039d62f11ab56a973d4905d4ba35028c3947bee6b5948d96f48bbf6c7143328a59547d156a91e979b482529b35a0b02825e5cd633b40c0645e2dd6ca2c3a8be1fdea415a3381800bc10d
2019-12-30 18:40:10,534 - DEBUG - COM4: RX: 03846900
2019-12-30 18:40:10,535 - DEBUG - COM4: parsed_packet {event: CmdRsp, data: {'opcode': 105, 'status': 0, 'data': bytearray(b'')}}
2019-12-30 18:40:10,536 - DEBUG - COM4: TX: 059f01000100
2019-12-30 18:40:10,535 - INFO - COM4: Success
2019-12-30 18:40:10,538 - DEBUG - COM4: RX: 03849f8e
2019-12-30 18:40:10,548 - DEBUG - COM4: parsed_packet {event: CmdRsp, data: {'opcode': 159, 'status': 142, 'data': bytearray(b'')}}
2019-12-30 18:40:10,549 - DEBUG - COM4: TX: 1392000018eed9c2a56add85049ffc3c59ad0e12
2019-12-30 18:40:10,548 - ERROR - COM4: None: ERROR_REJECTED
2019-12-30 18:40:10,552 - DEBUG - COM4: RX: 03849281
2019-12-30 18:40:10,553 - DEBUG - COM4: parsed_packet {event: CmdRsp, data: {'opcode': 146, 'status': 129, 'data': bytearray(b'')}}
2019-12-30 18:40:10,553 - DEBUG - COM4: TX: 1597000000004f68ad85d9f48ac8589df665b6b49b8a
2019-12-30 18:40:10,553 - ERROR - COM4: SubnetAdd: ERROR_INTERNAL
2019-12-30 18:40:10,557 - DEBUG - COM4: RX: 03849781
2019-12-30 18:40:10,557 - DEBUG - COM4: parsed_packet {event: CmdRsp, data: {'opcode': 151, 'status': 129, 'data': bytearray(b'')}}
2019-12-30 18:40:10,558 - DEBUG - COM4: TX: 1597010000002aa2a6ded5a0798ceab5787ca3ae39fc
2019-12-30 18:40:10,557 - ERROR - COM4: AppkeyAdd: ERROR_INTERNAL
2019-12-30 18:40:10,561 - DEBUG - COM4: RX: 03849781
2019-12-30 18:40:10,562 - DEBUG - COM4: parsed_packet {event: CmdRsp, data: {'opcode': 151, 'status': 129, 'data': bytearray(b'')}}
2019-12-30 18:40:10,562 - ERROR - COM4: AppkeyAdd: ERROR_INTERNAL
