2019-12-30 17:11:13,828 - DEBUG - COM4: TX: 61694d091c2437564e6597ea3f330e1b32f44270ddbca925a818e159838df0cb4f9103d7e6468984c6c9b9bbe243690831fc4d36bbcd57bebc972c064c86c06daecde2025e486dbd7e5a6e3a824222fdc358df816ab1bac63d9a8c0244c01462d937
2019-12-30 17:11:13,840 - DEBUG - COM4: RX: 03846900
2019-12-30 17:11:13,840 - DEBUG - COM4: parsed_packet {event: CmdRsp, data: {'opcode': 105, 'status': 0, 'data': bytearray(b'')}}
2019-12-30 17:11:13,841 - DEBUG - COM4: TX: 059f01000100
2019-12-30 17:11:13,841 - INFO - COM4: Success
2019-12-30 17:11:13,843 - DEBUG - COM4: RX: 03849f00
2019-12-30 17:11:13,846 - DEBUG - COM4: parsed_packet {event: CmdRsp, data: {'opcode': 159, 'status': 0, 'data': bytearray(b'')}}
2019-12-30 17:11:13,846 - DEBUG - COM4: TX: 1392000018eed9c2a56add85049ffc3c59ad0e12
2019-12-30 17:11:13,846 - INFO - COM4: Success
2019-12-30 17:11:13,850 - DEBUG - COM4: RX: 058492000000
2019-12-30 17:11:13,851 - DEBUG - COM4: parsed_packet {event: CmdRsp, data: {'opcode': 146, 'status': 0, 'data': bytearray(b'\x00\x00')}}
2019-12-30 17:11:13,851 - DEBUG - COM4: TX: 1597000000004f68ad85d9f48ac8589df665b6b49b8a
2019-12-30 17:11:13,851 - INFO - COM4: SubnetAdd: {'subnet_handle': 0}
2019-12-30 17:11:13,855 - DEBUG - COM4: RX: 058497000000
2019-12-30 17:11:13,856 - DEBUG - COM4: parsed_packet {event: CmdRsp, data: {'opcode': 151, 'status': 0, 'data': bytearray(b'\x00\x00')}}
2019-12-30 17:11:13,856 - DEBUG - COM4: TX: 1597010000002aa2a6ded5a0798ceab5787ca3ae39fc
2019-12-30 17:11:13,856 - INFO - COM4: AppkeyAdd: {'appkey_handle': 0}
2019-12-30 17:11:13,860 - DEBUG - COM4: RX: 058497000100
2019-12-30 17:11:13,861 - DEBUG - COM4: parsed_packet {event: CmdRsp, data: {'opcode': 151, 'status': 0, 'data': bytearray(b'\x01\x00')}}
2019-12-30 17:11:13,861 - INFO - COM4: AppkeyAdd: {'appkey_handle': 1}
2019-12-30 17:12:25,815 - DEBUG - COM4: TX: 0161
2019-12-30 17:12:25,817 - DEBUG - COM4: RX: 03846100
2019-12-30 17:12:25,817 - DEBUG - COM4: parsed_packet {event: CmdRsp, data: {'opcode': 97, 'status': 0, 'data': bytearray(b'')}}
2019-12-30 17:12:25,817 - INFO - COM4: Success
2019-12-30 17:12:30,815 - DEBUG - COM4: TX: 0162
2019-12-30 17:12:30,817 - DEBUG - COM4: RX: 03846200
2019-12-30 17:12:30,818 - DEBUG - COM4: parsed_packet {event: CmdRsp, data: {'opcode': 98, 'status': 0, 'data': bytearray(b'')}}
2019-12-30 17:12:30,818 - INFO - COM4: Success
2019-12-30 17:12:38,848 - DEBUG - COM4: TX: 6169a60740cafea47539089ddc1329c083b9c7d6b7a25b6a23faa622dc04ca7bdc41d44e55b0022a744da2ab9e54fb135653b9a0ac623f74d97d21d11ddbc7426d6c7ca46fd9020c7592afa195b291557c5ed70f069667f4de179860c17dc7409d8d
2019-12-30 17:12:38,859 - DEBUG - COM4: RX: 03846900
2019-12-30 17:12:38,860 - DEBUG - COM4: parsed_packet {event: CmdRsp, data: {'opcode': 105, 'status': 0, 'data': bytearray(b'')}}
2019-12-30 17:12:38,860 - DEBUG - COM4: TX: 059f01000100
2019-12-30 17:12:38,860 - INFO - COM4: Success
2019-12-30 17:12:38,863 - DEBUG - COM4: RX: 03849f8e
2019-12-30 17:12:38,863 - DEBUG - COM4: parsed_packet {event: CmdRsp, data: {'opcode': 159, 'status': 142, 'data': bytearray(b'')}}
2019-12-30 17:12:38,864 - DEBUG - COM4: TX: 1392000018eed9c2a56add85049ffc3c59ad0e12
2019-12-30 17:12:38,864 - ERROR - COM4: None: ERROR_REJECTED
2019-12-30 17:12:38,868 - DEBUG - COM4: RX: 03849281
2019-12-30 17:12:38,868 - DEBUG - COM4: parsed_packet {event: CmdRsp, data: {'opcode': 146, 'status': 129, 'data': bytearray(b'')}}
2019-12-30 17:12:38,869 - DEBUG - COM4: TX: 1597000000004f68ad85d9f48ac8589df665b6b49b8a
2019-12-30 17:12:38,868 - ERROR - COM4: SubnetAdd: ERROR_INTERNAL
2019-12-30 17:12:38,873 - DEBUG - COM4: RX: 03849781
2019-12-30 17:12:38,873 - DEBUG - COM4: parsed_packet {event: CmdRsp, data: {'opcode': 151, 'status': 129, 'data': bytearray(b'')}}
2019-12-30 17:12:38,874 - DEBUG - COM4: TX: 1597010000002aa2a6ded5a0798ceab5787ca3ae39fc
2019-12-30 17:12:38,874 - ERROR - COM4: AppkeyAdd: ERROR_INTERNAL
2019-12-30 17:12:38,877 - DEBUG - COM4: RX: 03849781
2019-12-30 17:12:38,878 - DEBUG - COM4: parsed_packet {event: CmdRsp, data: {'opcode': 151, 'status': 129, 'data': bytearray(b'')}}
2019-12-30 17:12:38,878 - ERROR - COM4: AppkeyAdd: ERROR_INTERNAL
2019-12-30 17:12:40,848 - DEBUG - COM4: TX: 159c10000000c8789d5965ef5e10d3164fd1b70ba326
2019-12-30 17:12:40,852 - DEBUG - COM4: RX: 05849c000800
2019-12-30 17:12:40,852 - DEBUG - COM4: parsed_packet {event: CmdRsp, data: {'opcode': 156, 'status': 0, 'data': bytearray(b'\x08\x00')}}
2019-12-30 17:12:40,853 - DEBUG - COM4: TX: 03a41000
2019-12-30 17:12:40,853 - INFO - COM4: DevkeyAdd: {'devkey_handle': 8}
2019-12-30 17:12:40,855 - DEBUG - COM4: RX: 0584a4000000
2019-12-30 17:12:40,856 - DEBUG - COM4: parsed_packet {event: CmdRsp, data: {'opcode': 164, 'status': 0, 'data': bytearray(b'\x00\x00')}}
2019-12-30 17:12:40,856 - INFO - COM4: AddrPublicationAdd: {'address_handle': 0}
