2019-12-29 11:53:14,108 - DEBUG - COM4: TX: 616969b52e763bdce3f80045eea5c7c0731f7ba037bb537cbcfbdfaf0b691f376b4eafdcbca95bdaeac4fb915978a3ca365c1046f11bde01fc714b4d4fd7a56fa1b9b3ceadb72382c8ae0d3f9f34a884fa0fea1442fa198e556513f2b93870ffa59c
2019-12-29 11:53:14,119 - DEBUG - COM4: RX: 03846900
2019-12-29 11:53:14,119 - DEBUG - COM4: parsed_packet {event: CmdRsp, data: {'opcode': 105, 'status': 0, 'data': bytearray(b'')}}
2019-12-29 11:53:14,119 - DEBUG - COM4: TX: 059f01000100
2019-12-29 11:53:14,119 - INFO - COM4: Success
2019-12-29 11:53:14,122 - DEBUG - COM4: RX: 03849f8e
2019-12-29 11:53:14,131 - DEBUG - COM4: parsed_packet {event: CmdRsp, data: {'opcode': 159, 'status': 142, 'data': bytearray(b'')}}
2019-12-29 11:53:14,131 - DEBUG - COM4: TX: 1392000018eed9c2a56add85049ffc3c59ad0e12
2019-12-29 11:53:14,131 - ERROR - COM4: None: ERROR_REJECTED
2019-12-29 11:53:14,135 - DEBUG - COM4: RX: 03849281
2019-12-29 11:53:14,135 - DEBUG - COM4: parsed_packet {event: CmdRsp, data: {'opcode': 146, 'status': 129, 'data': bytearray(b'')}}
2019-12-29 11:53:14,135 - DEBUG - COM4: TX: 1597000000004f68ad85d9f48ac8589df665b6b49b8a
2019-12-29 11:53:14,135 - ERROR - COM4: SubnetAdd: ERROR_INTERNAL
2019-12-29 11:53:14,139 - DEBUG - COM4: RX: 03849781
2019-12-29 11:53:14,139 - DEBUG - COM4: parsed_packet {event: CmdRsp, data: {'opcode': 151, 'status': 129, 'data': bytearray(b'')}}
2019-12-29 11:53:14,139 - DEBUG - COM4: TX: 1597010000002aa2a6ded5a0798ceab5787ca3ae39fc
2019-12-29 11:53:14,139 - ERROR - COM4: AppkeyAdd: ERROR_INTERNAL
2019-12-29 11:53:14,143 - DEBUG - COM4: RX: 03849781
2019-12-29 11:53:14,143 - DEBUG - COM4: parsed_packet {event: CmdRsp, data: {'opcode': 151, 'status': 129, 'data': bytearray(b'')}}
2019-12-29 11:53:14,143 - ERROR - COM4: AppkeyAdd: ERROR_INTERNAL
2019-12-29 11:53:16,108 - DEBUG - COM4: TX: 0161
2019-12-29 11:53:16,110 - DEBUG - COM4: RX: 03846100
2019-12-29 11:53:16,110 - DEBUG - COM4: parsed_packet {event: CmdRsp, data: {'opcode': 97, 'status': 0, 'data': bytearray(b'')}}
2019-12-29 11:53:16,110 - INFO - COM4: Success
2019-12-29 11:53:17,700 - DEBUG - COM4: RX: 1ac0d5b91bba0508344a809923e28a48b06dd00001c09923e28ac8
2019-12-29 11:53:17,700 - DEBUG - COM4: parsed_packet {event: ProvUnprovisionedReceived, data: {'uuid': bytearray(b'\xd5\xb9\x1b\xba\x05\x084J\x80\x99#\xe2\x8aH\xb0m'), 'rssi': -48, 'gatt_supported': 0, 'adv_addr_type': 1, 'adv_addr': bytearray(b'\xc0\x99#\xe2\x8a\xc8')}}
2019-12-29 11:53:17,701 - INFO - COM4: Received UUID d5b91bba0508344a809923e28a48b06d with RSSI: -48 dB
2019-12-29 11:53:19,709 - DEBUG - COM4: RX: 1ac0d5b91bba0508344a809923e28a48b06dce0001c09923e28ac8
2019-12-29 11:53:19,709 - DEBUG - COM4: parsed_packet {event: ProvUnprovisionedReceived, data: {'uuid': bytearray(b'\xd5\xb9\x1b\xba\x05\x084J\x80\x99#\xe2\x8aH\xb0m'), 'rssi': -50, 'gatt_supported': 0, 'adv_addr_type': 1, 'adv_addr': bytearray(b'\xc0\x99#\xe2\x8a\xc8')}}
2019-12-29 11:53:21,119 - DEBUG - COM4: TX: 0162
2019-12-29 11:53:21,119 - DEBUG - COM4: RX: 03846200
2019-12-29 11:53:21,119 - DEBUG - COM4: parsed_packet {event: CmdRsp, data: {'opcode': 98, 'status': 0, 'data': bytearray(b'')}}
2019-12-29 11:53:21,119 - INFO - COM4: Success
