2019-12-29 17:14:24,107 - DEBUG - COM4: TX: 6169ff9298d0e3bcf6f26207e01e52961d7995b22d38238830bb53fa681560e49ffc9d2e9058e79b0ec573b38af20759f32db3d1bb822844286aa1d7698470a807e8f3dbc3a9745a5e1985349cf412cac97956e235a33014d400240a28f88957ed10
2019-12-29 17:14:24,118 - DEBUG - COM4: RX: 03846900
2019-12-29 17:14:24,118 - DEBUG - COM4: parsed_packet {event: CmdRsp, data: {'opcode': 105, 'status': 0, 'data': bytearray(b'')}}
2019-12-29 17:14:24,119 - DEBUG - COM4: TX: 059f01000100
2019-12-29 17:14:24,119 - INFO - COM4: Success
2019-12-29 17:14:24,121 - DEBUG - COM4: RX: 03849f8e
2019-12-29 17:14:24,130 - DEBUG - COM4: parsed_packet {event: CmdRsp, data: {'opcode': 159, 'status': 142, 'data': bytearray(b'')}}
2019-12-29 17:14:24,130 - DEBUG - COM4: TX: 1392000018eed9c2a56add85049ffc3c59ad0e12
2019-12-29 17:14:24,130 - ERROR - COM4: None: ERROR_REJECTED
2019-12-29 17:14:24,133 - DEBUG - COM4: RX: 03849281
2019-12-29 17:14:24,133 - DEBUG - COM4: parsed_packet {event: CmdRsp, data: {'opcode': 146, 'status': 129, 'data': bytearray(b'')}}
2019-12-29 17:14:24,134 - DEBUG - COM4: TX: 1597000000004f68ad85d9f48ac8589df665b6b49b8a
2019-12-29 17:14:24,134 - ERROR - COM4: SubnetAdd: ERROR_INTERNAL
2019-12-29 17:14:24,137 - DEBUG - COM4: RX: 03849781
2019-12-29 17:14:24,137 - DEBUG - COM4: parsed_packet {event: CmdRsp, data: {'opcode': 151, 'status': 129, 'data': bytearray(b'')}}
2019-12-29 17:14:24,138 - DEBUG - COM4: TX: 1597010000002aa2a6ded5a0798ceab5787ca3ae39fc
2019-12-29 17:14:24,137 - ERROR - COM4: AppkeyAdd: ERROR_INTERNAL
2019-12-29 17:14:24,141 - DEBUG - COM4: RX: 03849781
2019-12-29 17:14:24,141 - DEBUG - COM4: parsed_packet {event: CmdRsp, data: {'opcode': 151, 'status': 129, 'data': bytearray(b'')}}
2019-12-29 17:14:24,141 - ERROR - COM4: AppkeyAdd: ERROR_INTERNAL
2019-12-29 17:14:26,107 - DEBUG - COM4: TX: 0161
2019-12-29 17:14:26,108 - DEBUG - COM4: RX: 03846100
2019-12-29 17:14:26,108 - DEBUG - COM4: parsed_packet {event: CmdRsp, data: {'opcode': 97, 'status': 0, 'data': bytearray(b'')}}
2019-12-29 17:14:26,108 - INFO - COM4: Success
2019-12-29 17:14:29,697 - DEBUG - COM4: RX: 1ac0d5b91bba0508344a809923e28a48b06dd70001c09923e28ac8
2019-12-29 17:14:29,698 - DEBUG - COM4: parsed_packet {event: ProvUnprovisionedReceived, data: {'uuid': bytearray(b'\xd5\xb9\x1b\xba\x05\x084J\x80\x99#\xe2\x8aH\xb0m'), 'rssi': -41, 'gatt_supported': 0, 'adv_addr_type': 1, 'adv_addr': bytearray(b'\xc0\x99#\xe2\x8a\xc8')}}
2019-12-29 17:14:29,698 - INFO - COM4: Received UUID d5b91bba0508344a809923e28a48b06d with RSSI: -41 dB
2019-12-29 17:14:31,108 - DEBUG - COM4: TX: 0162
2019-12-29 17:14:31,110 - DEBUG - COM4: RX: 03846200
2019-12-29 17:14:31,110 - DEBUG - COM4: parsed_packet {event: CmdRsp, data: {'opcode': 98, 'status': 0, 'data': bytearray(b'')}}
2019-12-29 17:14:31,110 - INFO - COM4: Success
2019-12-29 17:14:59,071 - DEBUG - COM4: TX: 616933369e1831e0851440dc56445e2a21eaca3323aefe38d626d5c90b67be18ded1131e5771e4d35ef408bffd60b78b65abd9bd5b065176371d29f641e551db3079197b5fcf3adc22e8dc1858f228f515b2c072ecd12634dbdbd39350440081a9d0
2019-12-29 17:14:59,082 - DEBUG - COM4: RX: 03846900
2019-12-29 17:14:59,082 - DEBUG - COM4: parsed_packet {event: CmdRsp, data: {'opcode': 105, 'status': 0, 'data': bytearray(b'')}}
2019-12-29 17:14:59,083 - INFO - COM4: Success
2019-12-29 17:14:59,083 - DEBUG - COM4: TX: 059f01000100
2019-12-29 17:14:59,085 - DEBUG - COM4: RX: 03849f8e
2019-12-29 17:14:59,085 - DEBUG - COM4: parsed_packet {event: CmdRsp, data: {'opcode': 159, 'status': 142, 'data': bytearray(b'')}}
2019-12-29 17:14:59,086 - DEBUG - COM4: TX: 1392000018eed9c2a56add85049ffc3c59ad0e12
2019-12-29 17:14:59,086 - ERROR - COM4: None: ERROR_REJECTED
2019-12-29 17:14:59,089 - DEBUG - COM4: RX: 03849281
2019-12-29 17:14:59,089 - DEBUG - COM4: parsed_packet {event: CmdRsp, data: {'opcode': 146, 'status': 129, 'data': bytearray(b'')}}
2019-12-29 17:14:59,089 - DEBUG - COM4: TX: 1597000000004f68ad85d9f48ac8589df665b6b49b8a
2019-12-29 17:14:59,089 - ERROR - COM4: SubnetAdd: ERROR_INTERNAL
2019-12-29 17:14:59,093 - DEBUG - COM4: RX: 03849781
2019-12-29 17:14:59,093 - DEBUG - COM4: parsed_packet {event: CmdRsp, data: {'opcode': 151, 'status': 129, 'data': bytearray(b'')}}
2019-12-29 17:14:59,093 - DEBUG - COM4: TX: 1597010000002aa2a6ded5a0798ceab5787ca3ae39fc
2019-12-29 17:14:59,093 - ERROR - COM4: AppkeyAdd: ERROR_INTERNAL
2019-12-29 17:14:59,097 - DEBUG - COM4: RX: 03849781
2019-12-29 17:14:59,097 - DEBUG - COM4: parsed_packet {event: CmdRsp, data: {'opcode': 151, 'status': 129, 'data': bytearray(b'')}}
2019-12-29 17:14:59,097 - ERROR - COM4: AppkeyAdd: ERROR_INTERNAL
2019-12-29 17:15:01,069 - DEBUG - COM4: TX: 0161
2019-12-29 17:15:01,070 - DEBUG - COM4: RX: 03846100
2019-12-29 17:15:01,070 - DEBUG - COM4: parsed_packet {event: CmdRsp, data: {'opcode': 97, 'status': 0, 'data': bytearray(b'')}}
2019-12-29 17:15:01,070 - INFO - COM4: Success
2019-12-29 17:15:01,775 - DEBUG - COM4: RX: 1ac0d5b91bba0508344a809923e28a48b06dd40001c09923e28ac8
2019-12-29 17:15:01,775 - DEBUG - COM4: parsed_packet {event: ProvUnprovisionedReceived, data: {'uuid': bytearray(b'\xd5\xb9\x1b\xba\x05\x084J\x80\x99#\xe2\x8aH\xb0m'), 'rssi': -44, 'gatt_supported': 0, 'adv_addr_type': 1, 'adv_addr': bytearray(b'\xc0\x99#\xe2\x8a\xc8')}}
2019-12-29 17:15:01,775 - INFO - COM4: Received UUID d5b91bba0508344a809923e28a48b06d with RSSI: -44 dB
2019-12-29 17:15:03,778 - DEBUG - COM4: RX: 1ac0d5b91bba0508344a809923e28a48b06dd10001c09923e28ac8
2019-12-29 17:15:03,779 - DEBUG - COM4: parsed_packet {event: ProvUnprovisionedReceived, data: {'uuid': bytearray(b'\xd5\xb9\x1b\xba\x05\x084J\x80\x99#\xe2\x8aH\xb0m'), 'rssi': -47, 'gatt_supported': 0, 'adv_addr_type': 1, 'adv_addr': bytearray(b'\xc0\x99#\xe2\x8a\xc8')}}
2019-12-29 17:15:05,785 - DEBUG - COM4: RX: 1ac0d5b91bba0508344a809923e28a48b06dd70001c09923e28ac8
2019-12-29 17:15:05,785 - DEBUG - COM4: parsed_packet {event: ProvUnprovisionedReceived, data: {'uuid': bytearray(b'\xd5\xb9\x1b\xba\x05\x084J\x80\x99#\xe2\x8aH\xb0m'), 'rssi': -41, 'gatt_supported': 0, 'adv_addr_type': 1, 'adv_addr': bytearray(b'\xc0\x99#\xe2\x8a\xc8')}}
2019-12-29 17:15:06,069 - DEBUG - COM4: TX: 0162
2019-12-29 17:15:06,071 - DEBUG - COM4: RX: 03846200
2019-12-29 17:15:06,071 - DEBUG - COM4: parsed_packet {event: CmdRsp, data: {'opcode': 98, 'status': 0, 'data': bytearray(b'')}}
2019-12-29 17:15:06,072 - INFO - COM4: Success
