2019-12-29 17:32:21,330 - DEBUG - COM4: TX: 6169c866bc011be38d9e7e0ae2cad06bae238eff8ca2b9d3ffd7800a6cc396caece3b20326605dabcab2f38da9a52d84da6d9b57acbc6725046cac8abb1f2146fcb8da00fc1d8922be6c4f5b959d2f74e7cd36662efae43f7b779de957bf0bc76f03
2019-12-29 17:32:21,341 - DEBUG - COM4: RX: 03846900
2019-12-29 17:32:21,342 - DEBUG - COM4: parsed_packet {event: CmdRsp, data: {'opcode': 105, 'status': 0, 'data': bytearray(b'')}}
2019-12-29 17:32:21,342 - DEBUG - COM4: TX: 059f01000100
2019-12-29 17:32:21,342 - INFO - COM4: Success
2019-12-29 17:32:21,344 - DEBUG - COM4: RX: 03849f8e
2019-12-29 17:32:21,353 - DEBUG - COM4: parsed_packet {event: CmdRsp, data: {'opcode': 159, 'status': 142, 'data': bytearray(b'')}}
2019-12-29 17:32:21,353 - ERROR - COM4: None: ERROR_REJECTED
2019-12-29 17:32:21,354 - DEBUG - COM4: TX: 1392000018eed9c2a56add85049ffc3c59ad0e12
2019-12-29 17:32:21,358 - DEBUG - COM4: RX: 03849281
2019-12-29 17:32:21,358 - DEBUG - COM4: parsed_packet {event: CmdRsp, data: {'opcode': 146, 'status': 129, 'data': bytearray(b'')}}
2019-12-29 17:32:21,358 - DEBUG - COM4: TX: 1597000000004f68ad85d9f48ac8589df665b6b49b8a
2019-12-29 17:32:21,358 - ERROR - COM4: SubnetAdd: ERROR_INTERNAL
2019-12-29 17:32:21,362 - DEBUG - COM4: RX: 03849781
2019-12-29 17:32:21,363 - DEBUG - COM4: parsed_packet {event: CmdRsp, data: {'opcode': 151, 'status': 129, 'data': bytearray(b'')}}
2019-12-29 17:32:21,363 - DEBUG - COM4: TX: 1597010000002aa2a6ded5a0798ceab5787ca3ae39fc
2019-12-29 17:32:21,363 - ERROR - COM4: AppkeyAdd: ERROR_INTERNAL
2019-12-29 17:32:21,367 - DEBUG - COM4: RX: 03849781
2019-12-29 17:32:21,367 - DEBUG - COM4: parsed_packet {event: CmdRsp, data: {'opcode': 151, 'status': 129, 'data': bytearray(b'')}}
2019-12-29 17:32:21,367 - ERROR - COM4: AppkeyAdd: ERROR_INTERNAL
2019-12-29 17:32:23,331 - DEBUG - COM4: TX: 0161
2019-12-29 17:32:23,332 - DEBUG - COM4: RX: 03846100
2019-12-29 17:32:23,332 - DEBUG - COM4: parsed_packet {event: CmdRsp, data: {'opcode': 97, 'status': 0, 'data': bytearray(b'')}}
2019-12-29 17:32:23,332 - INFO - COM4: Success
2019-12-29 17:32:24,357 - DEBUG - COM4: RX: 1ac0d5b91bba0508344a809923e28a48b06dd70001c09923e28ac8
2019-12-29 17:32:24,357 - DEBUG - COM4: parsed_packet {event: ProvUnprovisionedReceived, data: {'uuid': bytearray(b'\xd5\xb9\x1b\xba\x05\x084J\x80\x99#\xe2\x8aH\xb0m'), 'rssi': -41, 'gatt_supported': 0, 'adv_addr_type': 1, 'adv_addr': bytearray(b'\xc0\x99#\xe2\x8a\xc8')}}
2019-12-29 17:32:24,358 - INFO - COM4: Received UUID d5b91bba0508344a809923e28a48b06d with RSSI: -41 dB
2019-12-29 17:32:26,362 - DEBUG - COM4: RX: 1ac0d5b91bba0508344a809923e28a48b06dd40001c09923e28ac8
2019-12-29 17:32:26,363 - DEBUG - COM4: parsed_packet {event: ProvUnprovisionedReceived, data: {'uuid': bytearray(b'\xd5\xb9\x1b\xba\x05\x084J\x80\x99#\xe2\x8aH\xb0m'), 'rssi': -44, 'gatt_supported': 0, 'adv_addr_type': 1, 'adv_addr': bytearray(b'\xc0\x99#\xe2\x8a\xc8')}}
2019-12-29 17:32:28,331 - DEBUG - COM4: TX: 0162
2019-12-29 17:32:28,333 - DEBUG - COM4: RX: 03846200
2019-12-29 17:32:28,333 - DEBUG - COM4: parsed_packet {event: CmdRsp, data: {'opcode': 98, 'status': 0, 'data': bytearray(b'')}}
2019-12-29 17:32:28,333 - INFO - COM4: Success
