2019-12-30 19:34:33,060 - DEBUG - COM4: TX: 6169213f433dbb0e393dfc2d818e8716b79abaa87aad6753672ba61ec8db6436529c596d1b6d5b63ce357bf0c753c6c7d1783679fcc797cfeb7c54f3945d118690d2601b6a3e5cc4c445b76112f1b24e05fb22cdfde4a85996f52a8f9ac2c4b4ac63
2019-12-30 19:34:33,071 - DEBUG - COM4: RX: 03846900
2019-12-30 19:34:33,072 - DEBUG - COM4: parsed_packet {event: CmdRsp, data: {'opcode': 105, 'status': 0, 'data': bytearray(b'')}}
2019-12-30 19:34:33,072 - DEBUG - COM4: TX: 059f01000100
2019-12-30 19:34:33,072 - INFO - COM4: Success
2019-12-30 19:34:33,074 - DEBUG - COM4: RX: 03849f8e
2019-12-30 19:34:33,084 - DEBUG - COM4: parsed_packet {event: CmdRsp, data: {'opcode': 159, 'status': 142, 'data': bytearray(b'')}}
2019-12-30 19:34:33,085 - DEBUG - COM4: TX: 1392000018eed9c2a56add85049ffc3c59ad0e12
2019-12-30 19:34:33,085 - ERROR - COM4: None: ERROR_REJECTED
2019-12-30 19:34:33,088 - DEBUG - COM4: RX: 03849281
2019-12-30 19:34:33,088 - DEBUG - COM4: parsed_packet {event: CmdRsp, data: {'opcode': 146, 'status': 129, 'data': bytearray(b'')}}
2019-12-30 19:34:33,089 - DEBUG - COM4: TX: 1597000000004f68ad85d9f48ac8589df665b6b49b8a
2019-12-30 19:34:33,089 - ERROR - COM4: SubnetAdd: ERROR_INTERNAL
2019-12-30 19:34:33,092 - DEBUG - COM4: RX: 03849781
2019-12-30 19:34:33,093 - DEBUG - COM4: parsed_packet {event: CmdRsp, data: {'opcode': 151, 'status': 129, 'data': bytearray(b'')}}
2019-12-30 19:34:33,093 - DEBUG - COM4: TX: 1597010000002aa2a6ded5a0798ceab5787ca3ae39fc
2019-12-30 19:34:33,093 - ERROR - COM4: AppkeyAdd: ERROR_INTERNAL
2019-12-30 19:34:33,097 - DEBUG - COM4: RX: 03849781
2019-12-30 19:34:33,097 - DEBUG - COM4: parsed_packet {event: CmdRsp, data: {'opcode': 151, 'status': 129, 'data': bytearray(b'')}}
2019-12-30 19:34:33,098 - ERROR - COM4: AppkeyAdd: ERROR_INTERNAL
