2020-01-05 12:44:04,779 - DEBUG - COM4: TX: 6169f19a27a62878358b40affa634a02a58ac29d88d9c3476660f0c508240d8a0532d17abad552e3996bc1ce3ab95d64608fc22e7f6e597cceaf7fa828d578b669b305d591b7b3e4e07fe6b690027da1442141e23d9412b4e68b54d4434595289885
2020-01-05 12:44:04,790 - DEBUG - COM4: RX: 03846900
2020-01-05 12:44:04,790 - DEBUG - COM4: parsed_packet {event: CmdRsp, data: {'opcode': 105, 'status': 0, 'data': bytearray(b'')}}
2020-01-05 12:44:04,791 - DEBUG - COM4: TX: 059f01000100
2020-01-05 12:44:04,790 - INFO - COM4: Success
2020-01-05 12:44:04,793 - DEBUG - COM4: RX: 03849f00
2020-01-05 12:44:04,793 - DEBUG - COM4: parsed_packet {event: CmdRsp, data: {'opcode': 159, 'status': 0, 'data': bytearray(b'')}}
2020-01-05 12:44:04,793 - DEBUG - COM4: TX: 1392000018eed9c2a56add85049ffc3c59ad0e12
2020-01-05 12:44:04,793 - INFO - COM4: Success
2020-01-05 12:44:04,797 - DEBUG - COM4: RX: 058492000000
2020-01-05 12:44:04,797 - DEBUG - COM4: parsed_packet {event: CmdRsp, data: {'opcode': 146, 'status': 0, 'data': bytearray(b'\x00\x00')}}
2020-01-05 12:44:04,797 - DEBUG - COM4: TX: 1597000000004f68ad85d9f48ac8589df665b6b49b8a
2020-01-05 12:44:04,797 - INFO - COM4: SubnetAdd: {'subnet_handle': 0}
2020-01-05 12:44:04,801 - DEBUG - COM4: RX: 058497000000
2020-01-05 12:44:04,801 - DEBUG - COM4: parsed_packet {event: CmdRsp, data: {'opcode': 151, 'status': 0, 'data': bytearray(b'\x00\x00')}}
2020-01-05 12:44:04,801 - DEBUG - COM4: TX: 1597010000002aa2a6ded5a0798ceab5787ca3ae39fc
2020-01-05 12:44:04,801 - INFO - COM4: AppkeyAdd: {'appkey_handle': 0}
2020-01-05 12:44:04,805 - DEBUG - COM4: RX: 058497000100
2020-01-05 12:44:04,805 - DEBUG - COM4: parsed_packet {event: CmdRsp, data: {'opcode': 151, 'status': 0, 'data': bytearray(b'\x01\x00')}}
2020-01-05 12:44:04,805 - INFO - COM4: AppkeyAdd: {'appkey_handle': 1}
2020-01-05 12:44:20,045 - DEBUG - COM4: RX: 00
2020-01-05 12:44:20,045 - ERROR - COM4: Invalid packet: bytearray(b'\x00')
2020-01-05 12:44:20,460 - DEBUG - COM4: RX: 04810200fe
2020-01-05 12:44:20,460 - DEBUG - COM4: parsed_packet {event: DeviceStarted, data: {'operating_mode': 2, 'hw_error': 0, 'data_credit_available': 254}}
2020-01-05 12:44:20,461 - INFO - COM4: Device rebooted.
2020-01-05 12:44:23,785 - DEBUG - COM4: TX: 6169f0e1c1df29f08202c1239358e31c66d8cdd1adb003f7d0b3b37daca881de2444d3c3eb676d3dfc75788e42da411228ba0063bd9fdfb2a1065914a3ab561270adaed726c800a1a775919fa82dbeb81bfc72ee7bfd5011765e502669f8b500f0fd
2020-01-05 12:44:23,797 - DEBUG - COM4: RX: 03846900
2020-01-05 12:44:23,797 - DEBUG - COM4: parsed_packet {event: CmdRsp, data: {'opcode': 105, 'status': 0, 'data': bytearray(b'')}}
2020-01-05 12:44:23,797 - DEBUG - COM4: TX: 059f01000100
2020-01-05 12:44:23,797 - INFO - COM4: Success
2020-01-05 12:44:23,800 - DEBUG - COM4: RX: 03849f00
2020-01-05 12:44:23,800 - DEBUG - COM4: parsed_packet {event: CmdRsp, data: {'opcode': 159, 'status': 0, 'data': bytearray(b'')}}
2020-01-05 12:44:23,800 - DEBUG - COM4: TX: 1392000018eed9c2a56add85049ffc3c59ad0e12
2020-01-05 12:44:23,800 - INFO - COM4: Success
2020-01-05 12:44:23,804 - DEBUG - COM4: RX: 058492000000
2020-01-05 12:44:23,804 - DEBUG - COM4: parsed_packet {event: CmdRsp, data: {'opcode': 146, 'status': 0, 'data': bytearray(b'\x00\x00')}}
2020-01-05 12:44:23,804 - DEBUG - COM4: TX: 1597000000004f68ad85d9f48ac8589df665b6b49b8a
2020-01-05 12:44:23,804 - INFO - COM4: SubnetAdd: {'subnet_handle': 0}
2020-01-05 12:44:23,808 - DEBUG - COM4: RX: 058497000000
2020-01-05 12:44:23,808 - DEBUG - COM4: parsed_packet {event: CmdRsp, data: {'opcode': 151, 'status': 0, 'data': bytearray(b'\x00\x00')}}
2020-01-05 12:44:23,808 - DEBUG - COM4: TX: 1597010000002aa2a6ded5a0798ceab5787ca3ae39fc
2020-01-05 12:44:23,808 - INFO - COM4: AppkeyAdd: {'appkey_handle': 0}
2020-01-05 12:44:23,812 - DEBUG - COM4: RX: 058497000100
2020-01-05 12:44:23,812 - DEBUG - COM4: parsed_packet {event: CmdRsp, data: {'opcode': 151, 'status': 0, 'data': bytearray(b'\x01\x00')}}
2020-01-05 12:44:23,812 - INFO - COM4: AppkeyAdd: {'appkey_handle': 1}
2020-01-05 12:44:46,639 - DEBUG - COM4: TX: 0161
2020-01-05 12:44:46,640 - DEBUG - COM4: RX: 03846100
2020-01-05 12:44:46,640 - DEBUG - COM4: parsed_packet {event: CmdRsp, data: {'opcode': 97, 'status': 0, 'data': bytearray(b'')}}
2020-01-05 12:44:46,640 - INFO - COM4: Success
2020-01-05 12:44:47,337 - DEBUG - COM4: RX: 1ac0d5b91bba0508344a809923e28a48b06dc00001c09923e28ac8
2020-01-05 12:44:47,337 - DEBUG - COM4: parsed_packet {event: ProvUnprovisionedReceived, data: {'uuid': bytearray(b'\xd5\xb9\x1b\xba\x05\x084J\x80\x99#\xe2\x8aH\xb0m'), 'rssi': -64, 'gatt_supported': 0, 'adv_addr_type': 1, 'adv_addr': bytearray(b'\xc0\x99#\xe2\x8a\xc8')}}
2020-01-05 12:44:47,338 - INFO - COM4: Received UUID d5b91bba0508344a809923e28a48b06d with RSSI: -64 dB
2020-01-05 12:44:47,531 - DEBUG - COM4: RX: 1ac0d9cfbd4418e74240b492f8f01d1cd1acbb0001b492f8f01ddc
2020-01-05 12:44:47,531 - DEBUG - COM4: parsed_packet {event: ProvUnprovisionedReceived, data: {'uuid': bytearray(b'\xd9\xcf\xbdD\x18\xe7B@\xb4\x92\xf8\xf0\x1d\x1c\xd1\xac'), 'rssi': -69, 'gatt_supported': 0, 'adv_addr_type': 1, 'adv_addr': bytearray(b'\xb4\x92\xf8\xf0\x1d\xdc')}}
2020-01-05 12:44:47,531 - INFO - COM4: Received UUID d9cfbd4418e74240b492f8f01d1cd1ac with RSSI: -69 dB
2020-01-05 12:44:48,186 - DEBUG - COM4: RX: 1ac0c86a88bbfa034047a539d04a8ded330fba00012539d04a8ded
2020-01-05 12:44:48,187 - DEBUG - COM4: parsed_packet {event: ProvUnprovisionedReceived, data: {'uuid': bytearray(b'\xc8j\x88\xbb\xfa\x03@G\xa59\xd0J\x8d\xed3\x0f'), 'rssi': -70, 'gatt_supported': 0, 'adv_addr_type': 1, 'adv_addr': bytearray(b'%9\xd0J\x8d\xed')}}
2020-01-05 12:44:48,187 - INFO - COM4: Received UUID c86a88bbfa034047a539d04a8ded330f with RSSI: -70 dB
2020-01-05 12:44:49,340 - DEBUG - COM4: RX: 1ac0d5b91bba0508344a809923e28a48b06dbd0001c09923e28ac8
2020-01-05 12:44:49,340 - DEBUG - COM4: parsed_packet {event: ProvUnprovisionedReceived, data: {'uuid': bytearray(b'\xd5\xb9\x1b\xba\x05\x084J\x80\x99#\xe2\x8aH\xb0m'), 'rssi': -67, 'gatt_supported': 0, 'adv_addr_type': 1, 'adv_addr': bytearray(b'\xc0\x99#\xe2\x8a\xc8')}}
2020-01-05 12:44:49,537 - DEBUG - COM4: RX: 1ac0d9cfbd4418e74240b492f8f01d1cd1accb0001b492f8f01ddc
2020-01-05 12:44:49,537 - DEBUG - COM4: parsed_packet {event: ProvUnprovisionedReceived, data: {'uuid': bytearray(b'\xd9\xcf\xbdD\x18\xe7B@\xb4\x92\xf8\xf0\x1d\x1c\xd1\xac'), 'rssi': -53, 'gatt_supported': 0, 'adv_addr_type': 1, 'adv_addr': bytearray(b'\xb4\x92\xf8\xf0\x1d\xdc')}}
2020-01-05 12:44:50,196 - DEBUG - COM4: RX: 1ac0c86a88bbfa034047a539d04a8ded330fc700012539d04a8ded
2020-01-05 12:44:50,196 - DEBUG - COM4: parsed_packet {event: ProvUnprovisionedReceived, data: {'uuid': bytearray(b'\xc8j\x88\xbb\xfa\x03@G\xa59\xd0J\x8d\xed3\x0f'), 'rssi': -57, 'gatt_supported': 0, 'adv_addr_type': 1, 'adv_addr': bytearray(b'%9\xd0J\x8d\xed')}}
2020-01-05 12:44:51,345 - DEBUG - COM4: RX: 1ac0d5b91bba0508344a809923e28a48b06dbd0001c09923e28ac8
2020-01-05 12:44:51,345 - DEBUG - COM4: parsed_packet {event: ProvUnprovisionedReceived, data: {'uuid': bytearray(b'\xd5\xb9\x1b\xba\x05\x084J\x80\x99#\xe2\x8aH\xb0m'), 'rssi': -67, 'gatt_supported': 0, 'adv_addr_type': 1, 'adv_addr': bytearray(b'\xc0\x99#\xe2\x8a\xc8')}}
2020-01-05 12:44:51,639 - DEBUG - COM4: TX: 0162
2020-01-05 12:44:51,640 - DEBUG - COM4: RX: 03846200
2020-01-05 12:44:51,641 - DEBUG - COM4: parsed_packet {event: CmdRsp, data: {'opcode': 98, 'status': 0, 'data': bytearray(b'')}}
2020-01-05 12:44:51,641 - INFO - COM4: Success
2020-01-05 12:46:17,542 - DEBUG - COM4: TX: 2d6300d5b91bba0508344a809923e28a48b06d18eed9c2a56add85049ffc3c59ad0e120000000000001200000000
2020-01-05 12:46:17,548 - DEBUG - COM4: RX: 0484630000
2020-01-05 12:46:17,548 - DEBUG - COM4: parsed_packet {event: CmdRsp, data: {'opcode': 99, 'status': 0, 'data': bytearray(b'\x00')}}
2020-01-05 12:46:17,548 - INFO - COM4: Provision: {'context': 0}
2020-01-05 12:46:17,559 - DEBUG - COM4: RX: 02c100
2020-01-05 12:46:17,559 - DEBUG - COM4: parsed_packet {event: ProvLinkEstablished, data: {'context_id': 0}}
2020-01-05 12:46:17,559 - INFO - COM4: Link established
2020-01-05 12:46:17,608 - DEBUG - COM4: RX: 0bc300010001000000000000
2020-01-05 12:46:17,608 - DEBUG - COM4: parsed_packet {event: ProvCapsReceived, data: {'context_id': 0, 'num_elements': 1, 'public_key_type': 0, 'static_oob_types': 1, 'output_oob_size': 0, 'output_oob_actions': 0, 'input_oob_size': 0, 'input_oob_actions': 0}}
2020-01-05 12:46:17,609 - INFO - COM4: Received capabilities
2020-01-05 12:46:17,609 - INFO - COM4: Number of elements: 1
2020-01-05 12:46:17,610 - DEBUG - COM4: TX: 056600000000
2020-01-05 12:46:17,612 - DEBUG - COM4: RX: 0484660000
2020-01-05 12:46:17,612 - DEBUG - COM4: parsed_packet {event: CmdRsp, data: {'opcode': 102, 'status': 0, 'data': bytearray(b'\x00')}}
2020-01-05 12:46:17,612 - INFO - COM4: OobUse: {'context': 0}
2020-01-05 12:46:19,856 - DEBUG - COM4: RX: 62c700bbb388797c937d4fd86a646d639ab9eca6164124c1d58451ab9c938bf9d127ed7ed161fd6bcf6b763e412edbd6b7d882cc17eaed069b9b39f0e62c86a7c010baf0e1c1df29f08202c1239358e31c66d8cdd1adb003f7d0b3b37daca881de2444
2020-01-05 12:46:19,856 - DEBUG - COM4: parsed_packet {event: ProvEcdhRequest, data: {'context_id': 0, 'peer_public': bytearray(b"\xbb\xb3\x88y|\x93}O\xd8jdmc\x9a\xb9\xec\xa6\x16A$\xc1\xd5\x84Q\xab\x9c\x93\x8b\xf9\xd1\'\xed~\xd1a\xfdk\xcfkv>A.\xdb\xd6\xb7\xd8\x82\xcc\x17\xea\xed\x06\x9b\x9b9\xf0\xe6,\x86\xa7\xc0\x10\xba"), 'node_private': bytearray(b'\xf0\xe1\xc1\xdf)\xf0\x82\x02\xc1#\x93X\xe3\x1cf\xd8\xcd\xd1\xad\xb0\x03\xf7\xd0\xb3\xb3}\xac\xa8\x81\xde$D')}}
2020-01-05 12:46:19,857 - INFO - COM4: ECDH request received
2020-01-05 12:46:19,857 - DEBUG - COM4: TX: 226800062c4e6ae58ca5d286e62af8447cfa8c4b48cce09a2b34e9d8cc96174d6a9083
2020-01-05 12:46:19,864 - DEBUG - COM4: RX: 0484680000
2020-01-05 12:46:19,864 - DEBUG - COM4: parsed_packet {event: CmdRsp, data: {'opcode': 104, 'status': 0, 'data': bytearray(b'\x00')}}
2020-01-05 12:46:19,864 - INFO - COM4: EcdhSecret: {'context': 0}
2020-01-05 12:46:22,219 - DEBUG - COM4: RX: 2cc5000000000000001200000050a93be1688f53b0eafc05040276920118eed9c2a56add85049ffc3c59ad0e12
2020-01-05 12:46:22,219 - DEBUG - COM4: parsed_packet {event: ProvComplete, data: {'context_id': 0, 'iv_index': 0, 'net_key_index': 0, 'address': 18, 'iv_update_flag': 0, 'key_refresh_flag': 0, 'device_key': bytearray(b'P\xa9;\xe1h\x8fS\xb0\xea\xfc\x05\x04\x02v\x92\x01'), 'net_key': bytearray(b'\x18\xee\xd9\xc2\xa5j\xdd\x85\x04\x9f\xfc<Y\xad\x0e\x12')}}
2020-01-05 12:46:22,220 - INFO - COM4: Provisioning complete
2020-01-05 12:46:22,220 - INFO - COM4: 	Address(es): 0x12-0x12
2020-01-05 12:46:22,220 - INFO - COM4: 	Device key: 50a93be1688f53b0eafc050402769201
2020-01-05 12:46:22,220 - INFO - COM4: 	Network key: 18eed9c2a56add85049ffc3c59ad0e12
2020-01-05 12:46:22,220 - INFO - COM4: Adding device key to subnet 0
2020-01-05 12:46:22,221 - DEBUG - COM4: TX: 159c1200000050a93be1688f53b0eafc050402769201
2020-01-05 12:46:22,221 - INFO - COM4: Adding publication address of root element
2020-01-05 12:46:22,221 - DEBUG - COM4: TX: 03a41200
2020-01-05 12:46:22,225 - DEBUG - COM4: RX: 05849c000800
2020-01-05 12:46:22,225 - DEBUG - COM4: parsed_packet {event: CmdRsp, data: {'opcode': 156, 'status': 0, 'data': bytearray(b'\x08\x00')}}
2020-01-05 12:46:22,225 - INFO - COM4: DevkeyAdd: {'devkey_handle': 8}
2020-01-05 12:46:22,226 - DEBUG - COM4: RX: 0584a4000000
2020-01-05 12:46:22,226 - DEBUG - COM4: parsed_packet {event: CmdRsp, data: {'opcode': 164, 'status': 0, 'data': bytearray(b'\x00\x00')}}
2020-01-05 12:46:22,226 - INFO - COM4: AddrPublicationAdd: {'address_handle': 0}
2020-01-05 12:46:22,331 - DEBUG - COM4: RX: 03c20000
2020-01-05 12:46:22,331 - DEBUG - COM4: parsed_packet {event: ProvLinkClosed, data: {'context_id': 0, 'close_reason': 0}}
2020-01-05 12:46:22,331 - INFO - COM4: Provisioning link closed
