2019-12-30 14:51:08,011 - DEBUG - COM4: TX: 616946b0473d98d777ede67f3925e1c6fe9a131faffba01520376945868122f976153bd46be4810483f70605e6da23e0b72418684d936402a0769c3f865a4b21ebc572ffc4dcc04f965345722fa147f9dab4690606677abc4e52aef1da970b893dde
2019-12-30 14:51:08,022 - DEBUG - COM4: RX: 03846900
2019-12-30 14:51:08,023 - DEBUG - COM4: parsed_packet {event: CmdRsp, data: {'opcode': 105, 'status': 0, 'data': bytearray(b'')}}
2019-12-30 14:51:08,024 - DEBUG - COM4: TX: 059f01000100
2019-12-30 14:51:08,023 - INFO - COM4: Success
2019-12-30 14:51:08,026 - DEBUG - COM4: RX: 03849f8e
2019-12-30 14:51:08,037 - DEBUG - COM4: parsed_packet {event: CmdRsp, data: {'opcode': 159, 'status': 142, 'data': bytearray(b'')}}
2019-12-30 14:51:08,037 - DEBUG - COM4: TX: 1392000018eed9c2a56add85049ffc3c59ad0e12
2019-12-30 14:51:08,037 - ERROR - COM4: None: ERROR_REJECTED
2019-12-30 14:51:08,040 - DEBUG - COM4: RX: 03849281
2019-12-30 14:51:08,040 - DEBUG - COM4: parsed_packet {event: CmdRsp, data: {'opcode': 146, 'status': 129, 'data': bytearray(b'')}}
2019-12-30 14:51:08,041 - DEBUG - COM4: TX: 1597000000004f68ad85d9f48ac8589df665b6b49b8a
2019-12-30 14:51:08,040 - ERROR - COM4: SubnetAdd: ERROR_INTERNAL
2019-12-30 14:51:08,045 - DEBUG - COM4: RX: 03849781
2019-12-30 14:51:08,045 - DEBUG - COM4: parsed_packet {event: CmdRsp, data: {'opcode': 151, 'status': 129, 'data': bytearray(b'')}}
2019-12-30 14:51:08,046 - DEBUG - COM4: TX: 1597010000002aa2a6ded5a0798ceab5787ca3ae39fc
2019-12-30 14:51:08,045 - ERROR - COM4: AppkeyAdd: ERROR_INTERNAL
2019-12-30 14:51:08,050 - DEBUG - COM4: RX: 03849781
2019-12-30 14:51:08,050 - DEBUG - COM4: parsed_packet {event: CmdRsp, data: {'opcode': 151, 'status': 129, 'data': bytearray(b'')}}
2019-12-30 14:51:08,050 - ERROR - COM4: AppkeyAdd: ERROR_INTERNAL
2019-12-30 14:51:10,011 - DEBUG - COM4: TX: 0161
2019-12-30 14:51:10,013 - DEBUG - COM4: RX: 03846100
2019-12-30 14:51:10,013 - DEBUG - COM4: parsed_packet {event: CmdRsp, data: {'opcode': 97, 'status': 0, 'data': bytearray(b'')}}
2019-12-30 14:51:10,013 - INFO - COM4: Success
2019-12-30 14:51:15,012 - DEBUG - COM4: TX: 0162
2019-12-30 14:51:15,013 - DEBUG - COM4: RX: 03846200
2019-12-30 14:51:15,014 - DEBUG - COM4: parsed_packet {event: CmdRsp, data: {'opcode': 98, 'status': 0, 'data': bytearray(b'')}}
2019-12-30 14:51:15,014 - INFO - COM4: Success
2019-12-30 14:51:37,382 - DEBUG - COM4: TX: 6169aa33f0808e2aad3c4435bb03df28bcf3bd733c81d1f8a640afae2bd043051de683f1b4d1178d7b2c61e12b4d8cf6063729f03f12549c64787083e5b567a661e64dcc5088bd17223c33c4079da5df2e47720cac25a98b0c20f48998bd3230b0a7
2019-12-30 14:51:37,394 - DEBUG - COM4: RX: 03846900
2019-12-30 14:51:37,394 - DEBUG - COM4: parsed_packet {event: CmdRsp, data: {'opcode': 105, 'status': 0, 'data': bytearray(b'')}}
2019-12-30 14:51:37,395 - DEBUG - COM4: TX: 059f01000100
2019-12-30 14:51:37,395 - INFO - COM4: Success
2019-12-30 14:51:37,397 - DEBUG - COM4: RX: 03849f8e
2019-12-30 14:51:37,397 - DEBUG - COM4: parsed_packet {event: CmdRsp, data: {'opcode': 159, 'status': 142, 'data': bytearray(b'')}}
2019-12-30 14:51:37,398 - DEBUG - COM4: TX: 1392000018eed9c2a56add85049ffc3c59ad0e12
2019-12-30 14:51:37,398 - ERROR - COM4: None: ERROR_REJECTED
2019-12-30 14:51:37,402 - DEBUG - COM4: RX: 03849281
2019-12-30 14:51:37,402 - DEBUG - COM4: parsed_packet {event: CmdRsp, data: {'opcode': 146, 'status': 129, 'data': bytearray(b'')}}
2019-12-30 14:51:37,403 - DEBUG - COM4: TX: 1597000000004f68ad85d9f48ac8589df665b6b49b8a
2019-12-30 14:51:37,402 - ERROR - COM4: SubnetAdd: ERROR_INTERNAL
2019-12-30 14:51:37,407 - DEBUG - COM4: RX: 03849781
2019-12-30 14:51:37,407 - DEBUG - COM4: parsed_packet {event: CmdRsp, data: {'opcode': 151, 'status': 129, 'data': bytearray(b'')}}
2019-12-30 14:51:37,408 - DEBUG - COM4: TX: 1597010000002aa2a6ded5a0798ceab5787ca3ae39fc
2019-12-30 14:51:37,407 - ERROR - COM4: AppkeyAdd: ERROR_INTERNAL
2019-12-30 14:51:37,412 - DEBUG - COM4: RX: 03849781
2019-12-30 14:51:37,412 - DEBUG - COM4: parsed_packet {event: CmdRsp, data: {'opcode': 151, 'status': 129, 'data': bytearray(b'')}}
2019-12-30 14:51:37,413 - ERROR - COM4: AppkeyAdd: ERROR_INTERNAL
2019-12-30 14:51:39,382 - DEBUG - COM4: TX: 159c10000000c8789d5965ef5e10d3164fd1b70ba326
2019-12-30 14:51:39,386 - DEBUG - COM4: RX: 05849c000800
2019-12-30 14:51:39,386 - DEBUG - COM4: parsed_packet {event: CmdRsp, data: {'opcode': 156, 'status': 0, 'data': bytearray(b'\x08\x00')}}
2019-12-30 14:51:39,387 - DEBUG - COM4: TX: 03a41000
2019-12-30 14:51:39,387 - INFO - COM4: DevkeyAdd: {'devkey_handle': 8}
2019-12-30 14:51:39,389 - DEBUG - COM4: RX: 0584a4000000
2019-12-30 14:51:39,389 - DEBUG - COM4: parsed_packet {event: CmdRsp, data: {'opcode': 164, 'status': 0, 'data': bytearray(b'\x00\x00')}}
2019-12-30 14:51:39,389 - INFO - COM4: AddrPublicationAdd: {'address_handle': 0}
2019-12-30 14:51:40,383 - DEBUG - COM4: TX: 61693b310b8edafc31e4de38e9411da12cbd86223362e7e2c3a03fdaa0534d1206ff2dedc6fd25a4d1b5521492c6a6f22cb853bbe78c5b716f81174592e7e3dc72bb192fe7299c3597495a110c9c2ade14d5721bc2dba732c357a12d11318bed5568
2019-12-30 14:51:40,394 - DEBUG - COM4: RX: 03846900
2019-12-30 14:51:40,394 - DEBUG - COM4: parsed_packet {event: CmdRsp, data: {'opcode': 105, 'status': 0, 'data': bytearray(b'')}}
2019-12-30 14:51:40,395 - DEBUG - COM4: TX: 059f01000100
2019-12-30 14:51:40,394 - INFO - COM4: Success
2019-12-30 14:51:40,397 - DEBUG - COM4: RX: 03849f8e
2019-12-30 14:51:40,397 - DEBUG - COM4: parsed_packet {event: CmdRsp, data: {'opcode': 159, 'status': 142, 'data': bytearray(b'')}}
2019-12-30 14:51:40,398 - DEBUG - COM4: TX: 1392000018eed9c2a56add85049ffc3c59ad0e12
2019-12-30 14:51:40,397 - ERROR - COM4: None: ERROR_REJECTED
2019-12-30 14:51:40,400 - DEBUG - COM4: RX: 03849281
2019-12-30 14:51:40,400 - DEBUG - COM4: parsed_packet {event: CmdRsp, data: {'opcode': 146, 'status': 129, 'data': bytearray(b'')}}
2019-12-30 14:51:40,401 - DEBUG - COM4: TX: 1597000000004f68ad85d9f48ac8589df665b6b49b8a
2019-12-30 14:51:40,401 - ERROR - COM4: SubnetAdd: ERROR_INTERNAL
2019-12-30 14:51:40,405 - DEBUG - COM4: RX: 03849781
2019-12-30 14:51:40,405 - DEBUG - COM4: parsed_packet {event: CmdRsp, data: {'opcode': 151, 'status': 129, 'data': bytearray(b'')}}
2019-12-30 14:51:40,406 - DEBUG - COM4: TX: 1597010000002aa2a6ded5a0798ceab5787ca3ae39fc
2019-12-30 14:51:40,405 - ERROR - COM4: AppkeyAdd: ERROR_INTERNAL
2019-12-30 14:51:40,410 - DEBUG - COM4: RX: 03849781
2019-12-30 14:51:40,410 - DEBUG - COM4: parsed_packet {event: CmdRsp, data: {'opcode': 151, 'status': 129, 'data': bytearray(b'')}}
2019-12-30 14:51:40,410 - ERROR - COM4: AppkeyAdd: ERROR_INTERNAL
