2019-12-30 17:24:44,676 - DEBUG - COM4: TX: 616994dfaf54d52b5515fff7eb01a51b38341b31e12e0dc9b2f5f78d98bca230b4d5cd4e01d610c887eeb9fd810691afb8e23bae63b214d80478d8dfd93fd05ebdfd7c11a39102f9049c0d41f5a73e3593fa60c28437dd85bc21030caed26b27896a
2019-12-30 17:24:44,687 - DEBUG - COM4: RX: 03846900
2019-12-30 17:24:44,688 - DEBUG - COM4: parsed_packet {event: CmdRsp, data: {'opcode': 105, 'status': 0, 'data': bytearray(b'')}}
2019-12-30 17:24:44,689 - DEBUG - COM4: TX: 059f01000100
2019-12-30 17:24:44,689 - INFO - COM4: Success
2019-12-30 17:24:44,691 - DEBUG - COM4: RX: 03849f8e
2019-12-30 17:24:44,700 - DEBUG - COM4: parsed_packet {event: CmdRsp, data: {'opcode': 159, 'status': 142, 'data': bytearray(b'')}}
2019-12-30 17:24:44,700 - DEBUG - COM4: TX: 1392000018eed9c2a56add85049ffc3c59ad0e12
2019-12-30 17:24:44,700 - ERROR - COM4: None: ERROR_REJECTED
2019-12-30 17:24:44,704 - DEBUG - COM4: RX: 03849281
2019-12-30 17:24:44,704 - DEBUG - COM4: parsed_packet {event: CmdRsp, data: {'opcode': 146, 'status': 129, 'data': bytearray(b'')}}
2019-12-30 17:24:44,705 - DEBUG - COM4: TX: 1597000000004f68ad85d9f48ac8589df665b6b49b8a
2019-12-30 17:24:44,704 - ERROR - COM4: SubnetAdd: ERROR_INTERNAL
2019-12-30 17:24:44,709 - DEBUG - COM4: RX: 03849781
2019-12-30 17:24:44,709 - DEBUG - COM4: parsed_packet {event: CmdRsp, data: {'opcode': 151, 'status': 129, 'data': bytearray(b'')}}
2019-12-30 17:24:44,709 - DEBUG - COM4: TX: 1597010000002aa2a6ded5a0798ceab5787ca3ae39fc
2019-12-30 17:24:44,709 - ERROR - COM4: AppkeyAdd: ERROR_INTERNAL
2019-12-30 17:24:44,713 - DEBUG - COM4: RX: 03849781
2019-12-30 17:24:44,713 - DEBUG - COM4: parsed_packet {event: CmdRsp, data: {'opcode': 151, 'status': 129, 'data': bytearray(b'')}}
2019-12-30 17:24:44,713 - ERROR - COM4: AppkeyAdd: ERROR_INTERNAL
2019-12-30 17:24:51,527 - DEBUG - COM4: RX: 04810200fe
2019-12-30 17:24:51,528 - DEBUG - COM4: parsed_packet {event: DeviceStarted, data: {'operating_mode': 2, 'hw_error': 0, 'data_credit_available': 254}}
2019-12-30 17:24:51,528 - INFO - COM4: Device rebooted.
2019-12-30 17:24:57,576 - DEBUG - COM4: TX: 6169030bf4e6d014a0a5a42e57fa29e99a7477277f009bfea7c0bf72a7029a24a82b427c61937f148683b68e0486fbf9d8ae355bed2bde6cbdca077ba4a83efc98f058eec88916e0037442d5f851ec460bdb3b10080adbc48c1609b480c95eef7f0a
2019-12-30 17:24:57,587 - DEBUG - COM4: RX: 03846900
2019-12-30 17:24:57,588 - DEBUG - COM4: parsed_packet {event: CmdRsp, data: {'opcode': 105, 'status': 0, 'data': bytearray(b'')}}
2019-12-30 17:24:57,588 - DEBUG - COM4: TX: 059f01000100
2019-12-30 17:24:57,588 - INFO - COM4: Success
2019-12-30 17:24:57,590 - DEBUG - COM4: RX: 03849f00
2019-12-30 17:24:57,591 - DEBUG - COM4: parsed_packet {event: CmdRsp, data: {'opcode': 159, 'status': 0, 'data': bytearray(b'')}}
2019-12-30 17:24:57,591 - DEBUG - COM4: TX: 1392000018eed9c2a56add85049ffc3c59ad0e12
2019-12-30 17:24:57,591 - INFO - COM4: Success
2019-12-30 17:24:57,595 - DEBUG - COM4: RX: 058492000000
2019-12-30 17:24:57,595 - DEBUG - COM4: parsed_packet {event: CmdRsp, data: {'opcode': 146, 'status': 0, 'data': bytearray(b'\x00\x00')}}
2019-12-30 17:24:57,596 - DEBUG - COM4: TX: 1597000000004f68ad85d9f48ac8589df665b6b49b8a
2019-12-30 17:24:57,596 - INFO - COM4: SubnetAdd: {'subnet_handle': 0}
2019-12-30 17:24:57,600 - DEBUG - COM4: RX: 058497000000
2019-12-30 17:24:57,601 - DEBUG - COM4: parsed_packet {event: CmdRsp, data: {'opcode': 151, 'status': 0, 'data': bytearray(b'\x00\x00')}}
2019-12-30 17:24:57,601 - DEBUG - COM4: TX: 1597010000002aa2a6ded5a0798ceab5787ca3ae39fc
2019-12-30 17:24:57,601 - INFO - COM4: AppkeyAdd: {'appkey_handle': 0}
2019-12-30 17:24:57,605 - DEBUG - COM4: RX: 058497000100
2019-12-30 17:24:57,605 - DEBUG - COM4: parsed_packet {event: CmdRsp, data: {'opcode': 151, 'status': 0, 'data': bytearray(b'\x01\x00')}}
2019-12-30 17:24:57,606 - INFO - COM4: AppkeyAdd: {'appkey_handle': 1}
2019-12-30 17:25:03,210 - DEBUG - COM4: TX: 0161
2019-12-30 17:25:03,211 - DEBUG - COM4: RX: 03846100
2019-12-30 17:25:03,212 - DEBUG - COM4: parsed_packet {event: CmdRsp, data: {'opcode': 97, 'status': 0, 'data': bytearray(b'')}}
2019-12-30 17:25:03,212 - INFO - COM4: Success
2019-12-30 17:25:08,210 - DEBUG - COM4: TX: 0162
2019-12-30 17:25:08,211 - DEBUG - COM4: RX: 03846200
2019-12-30 17:25:08,212 - DEBUG - COM4: parsed_packet {event: CmdRsp, data: {'opcode': 98, 'status': 0, 'data': bytearray(b'')}}
2019-12-30 17:25:08,212 - INFO - COM4: Success
2019-12-30 17:25:14,537 - DEBUG - COM4: TX: 159c10000000c8789d5965ef5e10d3164fd1b70ba326
2019-12-30 17:25:14,541 - DEBUG - COM4: RX: 05849c000800
2019-12-30 17:25:14,541 - DEBUG - COM4: parsed_packet {event: CmdRsp, data: {'opcode': 156, 'status': 0, 'data': bytearray(b'\x08\x00')}}
2019-12-30 17:25:14,542 - DEBUG - COM4: TX: 03a41000
2019-12-30 17:25:14,542 - INFO - COM4: DevkeyAdd: {'devkey_handle': 8}
2019-12-30 17:25:14,544 - DEBUG - COM4: RX: 0584a4000000
2019-12-30 17:25:14,545 - DEBUG - COM4: parsed_packet {event: CmdRsp, data: {'opcode': 164, 'status': 0, 'data': bytearray(b'\x00\x00')}}
2019-12-30 17:25:14,545 - INFO - COM4: AddrPublicationAdd: {'address_handle': 0}
2019-12-30 17:25:50,134 - DEBUG - COM4: RX: 04810200fe
2019-12-30 17:25:50,134 - DEBUG - COM4: parsed_packet {event: DeviceStarted, data: {'operating_mode': 2, 'hw_error': 0, 'data_credit_available': 254}}
2019-12-30 17:25:50,135 - INFO - COM4: Device rebooted.
2019-12-30 17:26:25,578 - DEBUG - COM4: RX: 04810200fe
2019-12-30 17:26:25,578 - DEBUG - COM4: parsed_packet {event: DeviceStarted, data: {'operating_mode': 2, 'hw_error': 0, 'data_credit_available': 254}}
2019-12-30 17:26:25,578 - INFO - COM4: Device rebooted.
