2019-12-28 14:15:37,041 - DEBUG - COM4: TX: 61698dda3911c78487554aa01c9815f835d6658a3a339183546e3f53cda63b87c606eeff6984b0ae85c350fed1ce4157f625c2aaafabc6a9baa09c4f2899c2c8570e88e6cf4e9a7eba16fdb598dde058051990a0a7109b81aecfe31fd76471c72c21
2019-12-28 14:15:37,052 - DEBUG - COM4: RX: 03846900
2019-12-28 14:15:37,052 - DEBUG - COM4: parsed_packet {event: CmdRsp, data: {'opcode': 105, 'status': 0, 'data': bytearray(b'')}}
2019-12-28 14:15:37,053 - DEBUG - COM4: TX: 059f01000100
2019-12-28 14:15:37,052 - INFO - COM4: Success
2019-12-28 14:15:37,055 - DEBUG - COM4: RX: 03849f8e
2019-12-28 14:15:37,064 - DEBUG - COM4: parsed_packet {event: CmdRsp, data: {'opcode': 159, 'status': 142, 'data': bytearray(b'')}}
2019-12-28 14:15:37,064 - DEBUG - COM4: TX: 1392000018eed9c2a56add85049ffc3c59ad0e12
2019-12-28 14:15:37,064 - ERROR - COM4: None: ERROR_REJECTED
2019-12-28 14:15:37,068 - DEBUG - COM4: RX: 03849281
2019-12-28 14:15:37,068 - DEBUG - COM4: parsed_packet {event: CmdRsp, data: {'opcode': 146, 'status': 129, 'data': bytearray(b'')}}
2019-12-28 14:15:37,069 - DEBUG - COM4: TX: 1597000000004f68ad85d9f48ac8589df665b6b49b8a
2019-12-28 14:15:37,069 - ERROR - COM4: SubnetAdd: ERROR_INTERNAL
2019-12-28 14:15:37,072 - DEBUG - COM4: RX: 03849781
2019-12-28 14:15:37,072 - DEBUG - COM4: parsed_packet {event: CmdRsp, data: {'opcode': 151, 'status': 129, 'data': bytearray(b'')}}
2019-12-28 14:15:37,073 - DEBUG - COM4: TX: 1597010000002aa2a6ded5a0798ceab5787ca3ae39fc
2019-12-28 14:15:37,073 - ERROR - COM4: AppkeyAdd: ERROR_INTERNAL
2019-12-28 14:15:37,076 - DEBUG - COM4: RX: 03849781
2019-12-28 14:15:37,076 - DEBUG - COM4: parsed_packet {event: CmdRsp, data: {'opcode': 151, 'status': 129, 'data': bytearray(b'')}}
2019-12-28 14:15:37,076 - ERROR - COM4: AppkeyAdd: ERROR_INTERNAL
2019-12-28 14:15:39,042 - DEBUG - COM4: TX: 0161
2019-12-28 14:15:39,043 - DEBUG - COM4: RX: 03846100
2019-12-28 14:15:39,043 - DEBUG - COM4: parsed_packet {event: CmdRsp, data: {'opcode': 97, 'status': 0, 'data': bytearray(b'')}}
2019-12-28 14:15:39,043 - INFO - COM4: Success
2019-12-28 14:15:40,678 - DEBUG - COM4: RX: 1ac0d5b91bba0508344a809923e28a48b06dd50001c09923e28ac8
2019-12-28 14:15:40,679 - DEBUG - COM4: parsed_packet {event: ProvUnprovisionedReceived, data: {'uuid': bytearray(b'\xd5\xb9\x1b\xba\x05\x084J\x80\x99#\xe2\x8aH\xb0m'), 'rssi': -43, 'gatt_supported': 0, 'adv_addr_type': 1, 'adv_addr': bytearray(b'\xc0\x99#\xe2\x8a\xc8')}}
2019-12-28 14:15:40,680 - INFO - COM4: Received UUID d5b91bba0508344a809923e28a48b06d with RSSI: -43 dB
2019-12-28 14:15:42,678 - DEBUG - COM4: RX: 1ac0d5b91bba0508344a809923e28a48b06ddc0001c09923e28ac8
2019-12-28 14:15:42,679 - DEBUG - COM4: parsed_packet {event: ProvUnprovisionedReceived, data: {'uuid': bytearray(b'\xd5\xb9\x1b\xba\x05\x084J\x80\x99#\xe2\x8aH\xb0m'), 'rssi': -36, 'gatt_supported': 0, 'adv_addr_type': 1, 'adv_addr': bytearray(b'\xc0\x99#\xe2\x8a\xc8')}}
2019-12-28 14:15:46,681 - DEBUG - COM4: RX: 1ac0d5b91bba0508344a809923e28a48b06dd50001c09923e28ac8
2019-12-28 14:15:46,681 - DEBUG - COM4: parsed_packet {event: ProvUnprovisionedReceived, data: {'uuid': bytearray(b'\xd5\xb9\x1b\xba\x05\x084J\x80\x99#\xe2\x8aH\xb0m'), 'rssi': -43, 'gatt_supported': 0, 'adv_addr_type': 1, 'adv_addr': bytearray(b'\xc0\x99#\xe2\x8a\xc8')}}
2019-12-28 14:15:48,690 - DEBUG - COM4: RX: 1ac0d5b91bba0508344a809923e28a48b06de00001c09923e28ac8
2019-12-28 14:15:48,690 - DEBUG - COM4: parsed_packet {event: ProvUnprovisionedReceived, data: {'uuid': bytearray(b'\xd5\xb9\x1b\xba\x05\x084J\x80\x99#\xe2\x8aH\xb0m'), 'rssi': -32, 'gatt_supported': 0, 'adv_addr_type': 1, 'adv_addr': bytearray(b'\xc0\x99#\xe2\x8a\xc8')}}
2019-12-28 14:15:50,693 - DEBUG - COM4: RX: 1ac0d5b91bba0508344a809923e28a48b06ddb0001c09923e28ac8
2019-12-28 14:15:50,693 - DEBUG - COM4: parsed_packet {event: ProvUnprovisionedReceived, data: {'uuid': bytearray(b'\xd5\xb9\x1b\xba\x05\x084J\x80\x99#\xe2\x8aH\xb0m'), 'rssi': -37, 'gatt_supported': 0, 'adv_addr_type': 1, 'adv_addr': bytearray(b'\xc0\x99#\xe2\x8a\xc8')}}
2019-12-28 14:15:52,698 - DEBUG - COM4: RX: 1ac0d5b91bba0508344a809923e28a48b06dd50001c09923e28ac8
2019-12-28 14:15:52,698 - DEBUG - COM4: parsed_packet {event: ProvUnprovisionedReceived, data: {'uuid': bytearray(b'\xd5\xb9\x1b\xba\x05\x084J\x80\x99#\xe2\x8aH\xb0m'), 'rssi': -43, 'gatt_supported': 0, 'adv_addr_type': 1, 'adv_addr': bytearray(b'\xc0\x99#\xe2\x8a\xc8')}}
2019-12-28 14:15:54,716 - DEBUG - COM4: RX: 1ac0d5b91bba0508344a809923e28a48b06ddd0001c09923e28ac8
2019-12-28 14:15:54,716 - DEBUG - COM4: parsed_packet {event: ProvUnprovisionedReceived, data: {'uuid': bytearray(b'\xd5\xb9\x1b\xba\x05\x084J\x80\x99#\xe2\x8aH\xb0m'), 'rssi': -35, 'gatt_supported': 0, 'adv_addr_type': 1, 'adv_addr': bytearray(b'\xc0\x99#\xe2\x8a\xc8')}}
2019-12-28 14:15:56,703 - DEBUG - COM4: RX: 1ac0d5b91bba0508344a809923e28a48b06dd90001c09923e28ac8
2019-12-28 14:15:56,703 - DEBUG - COM4: parsed_packet {event: ProvUnprovisionedReceived, data: {'uuid': bytearray(b'\xd5\xb9\x1b\xba\x05\x084J\x80\x99#\xe2\x8aH\xb0m'), 'rssi': -39, 'gatt_supported': 0, 'adv_addr_type': 1, 'adv_addr': bytearray(b'\xc0\x99#\xe2\x8a\xc8')}}
2019-12-28 14:15:58,710 - DEBUG - COM4: RX: 1ac0d5b91bba0508344a809923e28a48b06dd50001c09923e28ac8
2019-12-28 14:15:58,710 - DEBUG - COM4: parsed_packet {event: ProvUnprovisionedReceived, data: {'uuid': bytearray(b'\xd5\xb9\x1b\xba\x05\x084J\x80\x99#\xe2\x8aH\xb0m'), 'rssi': -43, 'gatt_supported': 0, 'adv_addr_type': 1, 'adv_addr': bytearray(b'\xc0\x99#\xe2\x8a\xc8')}}
2019-12-28 14:16:00,709 - DEBUG - COM4: RX: 1ac0d5b91bba0508344a809923e28a48b06ddd0001c09923e28ac8
2019-12-28 14:16:00,709 - DEBUG - COM4: parsed_packet {event: ProvUnprovisionedReceived, data: {'uuid': bytearray(b'\xd5\xb9\x1b\xba\x05\x084J\x80\x99#\xe2\x8aH\xb0m'), 'rssi': -35, 'gatt_supported': 0, 'adv_addr_type': 1, 'adv_addr': bytearray(b'\xc0\x99#\xe2\x8a\xc8')}}
2019-12-28 14:16:02,726 - DEBUG - COM4: RX: 1ac0d5b91bba0508344a809923e28a48b06ddc0001c09923e28ac8
2019-12-28 14:16:02,726 - DEBUG - COM4: parsed_packet {event: ProvUnprovisionedReceived, data: {'uuid': bytearray(b'\xd5\xb9\x1b\xba\x05\x084J\x80\x99#\xe2\x8aH\xb0m'), 'rssi': -36, 'gatt_supported': 0, 'adv_addr_type': 1, 'adv_addr': bytearray(b'\xc0\x99#\xe2\x8a\xc8')}}
2019-12-28 14:16:04,722 - DEBUG - COM4: RX: 1ac0d5b91bba0508344a809923e28a48b06dd60001c09923e28ac8
2019-12-28 14:16:04,722 - DEBUG - COM4: parsed_packet {event: ProvUnprovisionedReceived, data: {'uuid': bytearray(b'\xd5\xb9\x1b\xba\x05\x084J\x80\x99#\xe2\x8aH\xb0m'), 'rssi': -42, 'gatt_supported': 0, 'adv_addr_type': 1, 'adv_addr': bytearray(b'\xc0\x99#\xe2\x8a\xc8')}}
2019-12-28 14:16:06,730 - DEBUG - COM4: RX: 1ac0d5b91bba0508344a809923e28a48b06ddd0001c09923e28ac8
2019-12-28 14:16:06,730 - DEBUG - COM4: parsed_packet {event: ProvUnprovisionedReceived, data: {'uuid': bytearray(b'\xd5\xb9\x1b\xba\x05\x084J\x80\x99#\xe2\x8aH\xb0m'), 'rssi': -35, 'gatt_supported': 0, 'adv_addr_type': 1, 'adv_addr': bytearray(b'\xc0\x99#\xe2\x8a\xc8')}}
2019-12-28 14:16:08,731 - DEBUG - COM4: RX: 1ac0d5b91bba0508344a809923e28a48b06dda0001c09923e28ac8
2019-12-28 14:16:08,732 - DEBUG - COM4: parsed_packet {event: ProvUnprovisionedReceived, data: {'uuid': bytearray(b'\xd5\xb9\x1b\xba\x05\x084J\x80\x99#\xe2\x8aH\xb0m'), 'rssi': -38, 'gatt_supported': 0, 'adv_addr_type': 1, 'adv_addr': bytearray(b'\xc0\x99#\xe2\x8a\xc8')}}
2019-12-28 14:16:12,736 - DEBUG - COM4: RX: 1ac0d5b91bba0508344a809923e28a48b06ddc0001c09923e28ac8
2019-12-28 14:16:12,737 - DEBUG - COM4: parsed_packet {event: ProvUnprovisionedReceived, data: {'uuid': bytearray(b'\xd5\xb9\x1b\xba\x05\x084J\x80\x99#\xe2\x8aH\xb0m'), 'rssi': -36, 'gatt_supported': 0, 'adv_addr_type': 1, 'adv_addr': bytearray(b'\xc0\x99#\xe2\x8a\xc8')}}
2019-12-28 14:16:14,738 - DEBUG - COM4: RX: 1ac0d5b91bba0508344a809923e28a48b06dda0001c09923e28ac8
2019-12-28 14:16:14,738 - DEBUG - COM4: parsed_packet {event: ProvUnprovisionedReceived, data: {'uuid': bytearray(b'\xd5\xb9\x1b\xba\x05\x084J\x80\x99#\xe2\x8aH\xb0m'), 'rssi': -38, 'gatt_supported': 0, 'adv_addr_type': 1, 'adv_addr': bytearray(b'\xc0\x99#\xe2\x8a\xc8')}}
2019-12-28 14:16:16,743 - DEBUG - COM4: RX: 1ac0d5b91bba0508344a809923e28a48b06dd60001c09923e28ac8
2019-12-28 14:16:16,744 - DEBUG - COM4: parsed_packet {event: ProvUnprovisionedReceived, data: {'uuid': bytearray(b'\xd5\xb9\x1b\xba\x05\x084J\x80\x99#\xe2\x8aH\xb0m'), 'rssi': -42, 'gatt_supported': 0, 'adv_addr_type': 1, 'adv_addr': bytearray(b'\xc0\x99#\xe2\x8a\xc8')}}
2019-12-28 14:16:18,751 - DEBUG - COM4: RX: 1ac0d5b91bba0508344a809923e28a48b06ddc0001c09923e28ac8
2019-12-28 14:16:18,752 - DEBUG - COM4: parsed_packet {event: ProvUnprovisionedReceived, data: {'uuid': bytearray(b'\xd5\xb9\x1b\xba\x05\x084J\x80\x99#\xe2\x8aH\xb0m'), 'rssi': -36, 'gatt_supported': 0, 'adv_addr_type': 1, 'adv_addr': bytearray(b'\xc0\x99#\xe2\x8a\xc8')}}
2019-12-28 14:16:20,755 - DEBUG - COM4: RX: 1ac0d5b91bba0508344a809923e28a48b06dda0001c09923e28ac8
2019-12-28 14:16:20,755 - DEBUG - COM4: parsed_packet {event: ProvUnprovisionedReceived, data: {'uuid': bytearray(b'\xd5\xb9\x1b\xba\x05\x084J\x80\x99#\xe2\x8aH\xb0m'), 'rssi': -38, 'gatt_supported': 0, 'adv_addr_type': 1, 'adv_addr': bytearray(b'\xc0\x99#\xe2\x8a\xc8')}}
2019-12-28 14:16:22,764 - DEBUG - COM4: RX: 1ac0d5b91bba0508344a809923e28a48b06dd50001c09923e28ac8
2019-12-28 14:16:22,764 - DEBUG - COM4: parsed_packet {event: ProvUnprovisionedReceived, data: {'uuid': bytearray(b'\xd5\xb9\x1b\xba\x05\x084J\x80\x99#\xe2\x8aH\xb0m'), 'rssi': -43, 'gatt_supported': 0, 'adv_addr_type': 1, 'adv_addr': bytearray(b'\xc0\x99#\xe2\x8a\xc8')}}
2019-12-28 14:16:24,771 - DEBUG - COM4: RX: 1ac0d5b91bba0508344a809923e28a48b06ddc0001c09923e28ac8
2019-12-28 14:16:24,771 - DEBUG - COM4: parsed_packet {event: ProvUnprovisionedReceived, data: {'uuid': bytearray(b'\xd5\xb9\x1b\xba\x05\x084J\x80\x99#\xe2\x8aH\xb0m'), 'rssi': -36, 'gatt_supported': 0, 'adv_addr_type': 1, 'adv_addr': bytearray(b'\xc0\x99#\xe2\x8a\xc8')}}
2019-12-28 14:16:26,773 - DEBUG - COM4: RX: 1ac0d5b91bba0508344a809923e28a48b06ddb0001c09923e28ac8
2019-12-28 14:16:26,773 - DEBUG - COM4: parsed_packet {event: ProvUnprovisionedReceived, data: {'uuid': bytearray(b'\xd5\xb9\x1b\xba\x05\x084J\x80\x99#\xe2\x8aH\xb0m'), 'rssi': -37, 'gatt_supported': 0, 'adv_addr_type': 1, 'adv_addr': bytearray(b'\xc0\x99#\xe2\x8a\xc8')}}
2019-12-28 14:16:28,776 - DEBUG - COM4: RX: 1ac0d5b91bba0508344a809923e28a48b06dd50001c09923e28ac8
2019-12-28 14:16:28,777 - DEBUG - COM4: parsed_packet {event: ProvUnprovisionedReceived, data: {'uuid': bytearray(b'\xd5\xb9\x1b\xba\x05\x084J\x80\x99#\xe2\x8aH\xb0m'), 'rssi': -43, 'gatt_supported': 0, 'adv_addr_type': 1, 'adv_addr': bytearray(b'\xc0\x99#\xe2\x8a\xc8')}}
2019-12-28 14:16:30,783 - DEBUG - COM4: RX: 1ac0d5b91bba0508344a809923e28a48b06dd90001c09923e28ac8
2019-12-28 14:16:30,783 - DEBUG - COM4: parsed_packet {event: ProvUnprovisionedReceived, data: {'uuid': bytearray(b'\xd5\xb9\x1b\xba\x05\x084J\x80\x99#\xe2\x8aH\xb0m'), 'rssi': -39, 'gatt_supported': 0, 'adv_addr_type': 1, 'adv_addr': bytearray(b'\xc0\x99#\xe2\x8a\xc8')}}
2019-12-28 14:16:32,788 - DEBUG - COM4: RX: 1ac0d5b91bba0508344a809923e28a48b06ddc0001c09923e28ac8
2019-12-28 14:16:32,788 - DEBUG - COM4: parsed_packet {event: ProvUnprovisionedReceived, data: {'uuid': bytearray(b'\xd5\xb9\x1b\xba\x05\x084J\x80\x99#\xe2\x8aH\xb0m'), 'rssi': -36, 'gatt_supported': 0, 'adv_addr_type': 1, 'adv_addr': bytearray(b'\xc0\x99#\xe2\x8a\xc8')}}
2019-12-28 14:16:34,796 - DEBUG - COM4: RX: 1ac0d5b91bba0508344a809923e28a48b06dd60001c09923e28ac8
2019-12-28 14:16:34,796 - DEBUG - COM4: parsed_packet {event: ProvUnprovisionedReceived, data: {'uuid': bytearray(b'\xd5\xb9\x1b\xba\x05\x084J\x80\x99#\xe2\x8aH\xb0m'), 'rssi': -42, 'gatt_supported': 0, 'adv_addr_type': 1, 'adv_addr': bytearray(b'\xc0\x99#\xe2\x8a\xc8')}}
2019-12-28 14:16:36,796 - DEBUG - COM4: RX: 1ac0d5b91bba0508344a809923e28a48b06ddd0001c09923e28ac8
2019-12-28 14:16:36,796 - DEBUG - COM4: parsed_packet {event: ProvUnprovisionedReceived, data: {'uuid': bytearray(b'\xd5\xb9\x1b\xba\x05\x084J\x80\x99#\xe2\x8aH\xb0m'), 'rssi': -35, 'gatt_supported': 0, 'adv_addr_type': 1, 'adv_addr': bytearray(b'\xc0\x99#\xe2\x8a\xc8')}}
2019-12-28 14:16:38,799 - DEBUG - COM4: RX: 1ac0d5b91bba0508344a809923e28a48b06dda0001c09923e28ac8
2019-12-28 14:16:38,799 - DEBUG - COM4: parsed_packet {event: ProvUnprovisionedReceived, data: {'uuid': bytearray(b'\xd5\xb9\x1b\xba\x05\x084J\x80\x99#\xe2\x8aH\xb0m'), 'rssi': -38, 'gatt_supported': 0, 'adv_addr_type': 1, 'adv_addr': bytearray(b'\xc0\x99#\xe2\x8a\xc8')}}
2019-12-28 14:16:40,800 - DEBUG - COM4: RX: 1ac0d5b91bba0508344a809923e28a48b06dd60001c09923e28ac8
2019-12-28 14:16:40,801 - DEBUG - COM4: parsed_packet {event: ProvUnprovisionedReceived, data: {'uuid': bytearray(b'\xd5\xb9\x1b\xba\x05\x084J\x80\x99#\xe2\x8aH\xb0m'), 'rssi': -42, 'gatt_supported': 0, 'adv_addr_type': 1, 'adv_addr': bytearray(b'\xc0\x99#\xe2\x8a\xc8')}}
2019-12-28 14:16:42,800 - DEBUG - COM4: RX: 1ac0d5b91bba0508344a809923e28a48b06ddd0001c09923e28ac8
2019-12-28 14:16:42,800 - DEBUG - COM4: parsed_packet {event: ProvUnprovisionedReceived, data: {'uuid': bytearray(b'\xd5\xb9\x1b\xba\x05\x084J\x80\x99#\xe2\x8aH\xb0m'), 'rssi': -35, 'gatt_supported': 0, 'adv_addr_type': 1, 'adv_addr': bytearray(b'\xc0\x99#\xe2\x8a\xc8')}}
2019-12-28 14:16:44,807 - DEBUG - COM4: RX: 1ac0d5b91bba0508344a809923e28a48b06dda0001c09923e28ac8
2019-12-28 14:16:44,807 - DEBUG - COM4: parsed_packet {event: ProvUnprovisionedReceived, data: {'uuid': bytearray(b'\xd5\xb9\x1b\xba\x05\x084J\x80\x99#\xe2\x8aH\xb0m'), 'rssi': -38, 'gatt_supported': 0, 'adv_addr_type': 1, 'adv_addr': bytearray(b'\xc0\x99#\xe2\x8a\xc8')}}
2019-12-28 14:16:46,810 - DEBUG - COM4: RX: 1ac0d5b91bba0508344a809923e28a48b06dd50001c09923e28ac8
2019-12-28 14:16:46,811 - DEBUG - COM4: parsed_packet {event: ProvUnprovisionedReceived, data: {'uuid': bytearray(b'\xd5\xb9\x1b\xba\x05\x084J\x80\x99#\xe2\x8aH\xb0m'), 'rssi': -43, 'gatt_supported': 0, 'adv_addr_type': 1, 'adv_addr': bytearray(b'\xc0\x99#\xe2\x8a\xc8')}}
2019-12-28 14:16:48,812 - DEBUG - COM4: RX: 1ac0d5b91bba0508344a809923e28a48b06ddd0001c09923e28ac8
2019-12-28 14:16:48,812 - DEBUG - COM4: parsed_packet {event: ProvUnprovisionedReceived, data: {'uuid': bytearray(b'\xd5\xb9\x1b\xba\x05\x084J\x80\x99#\xe2\x8aH\xb0m'), 'rssi': -35, 'gatt_supported': 0, 'adv_addr_type': 1, 'adv_addr': bytearray(b'\xc0\x99#\xe2\x8a\xc8')}}
2019-12-28 14:16:50,819 - DEBUG - COM4: RX: 1ac0d5b91bba0508344a809923e28a48b06dda0001c09923e28ac8
2019-12-28 14:16:50,819 - DEBUG - COM4: parsed_packet {event: ProvUnprovisionedReceived, data: {'uuid': bytearray(b'\xd5\xb9\x1b\xba\x05\x084J\x80\x99#\xe2\x8aH\xb0m'), 'rssi': -38, 'gatt_supported': 0, 'adv_addr_type': 1, 'adv_addr': bytearray(b'\xc0\x99#\xe2\x8a\xc8')}}
2019-12-28 14:16:52,826 - DEBUG - COM4: RX: 1ac0d5b91bba0508344a809923e28a48b06dd60001c09923e28ac8
2019-12-28 14:16:52,827 - DEBUG - COM4: parsed_packet {event: ProvUnprovisionedReceived, data: {'uuid': bytearray(b'\xd5\xb9\x1b\xba\x05\x084J\x80\x99#\xe2\x8aH\xb0m'), 'rssi': -42, 'gatt_supported': 0, 'adv_addr_type': 1, 'adv_addr': bytearray(b'\xc0\x99#\xe2\x8a\xc8')}}
2019-12-28 14:16:54,828 - DEBUG - COM4: RX: 1ac0d5b91bba0508344a809923e28a48b06de00001c09923e28ac8
2019-12-28 14:16:54,829 - DEBUG - COM4: parsed_packet {event: ProvUnprovisionedReceived, data: {'uuid': bytearray(b'\xd5\xb9\x1b\xba\x05\x084J\x80\x99#\xe2\x8aH\xb0m'), 'rssi': -32, 'gatt_supported': 0, 'adv_addr_type': 1, 'adv_addr': bytearray(b'\xc0\x99#\xe2\x8a\xc8')}}
2019-12-28 14:16:56,835 - DEBUG - COM4: RX: 1ac0d5b91bba0508344a809923e28a48b06dda0001c09923e28ac8
2019-12-28 14:16:56,835 - DEBUG - COM4: parsed_packet {event: ProvUnprovisionedReceived, data: {'uuid': bytearray(b'\xd5\xb9\x1b\xba\x05\x084J\x80\x99#\xe2\x8aH\xb0m'), 'rssi': -38, 'gatt_supported': 0, 'adv_addr_type': 1, 'adv_addr': bytearray(b'\xc0\x99#\xe2\x8a\xc8')}}
2019-12-28 14:16:58,838 - DEBUG - COM4: RX: 1ac0d5b91bba0508344a809923e28a48b06dd30001c09923e28ac8
2019-12-28 14:16:58,839 - DEBUG - COM4: parsed_packet {event: ProvUnprovisionedReceived, data: {'uuid': bytearray(b'\xd5\xb9\x1b\xba\x05\x084J\x80\x99#\xe2\x8aH\xb0m'), 'rssi': -45, 'gatt_supported': 0, 'adv_addr_type': 1, 'adv_addr': bytearray(b'\xc0\x99#\xe2\x8a\xc8')}}
2019-12-28 14:17:00,849 - DEBUG - COM4: RX: 1ac0d5b91bba0508344a809923e28a48b06ddd0001c09923e28ac8
2019-12-28 14:17:00,849 - DEBUG - COM4: parsed_packet {event: ProvUnprovisionedReceived, data: {'uuid': bytearray(b'\xd5\xb9\x1b\xba\x05\x084J\x80\x99#\xe2\x8aH\xb0m'), 'rssi': -35, 'gatt_supported': 0, 'adv_addr_type': 1, 'adv_addr': bytearray(b'\xc0\x99#\xe2\x8a\xc8')}}
2019-12-28 14:17:02,850 - DEBUG - COM4: RX: 1ac0d5b91bba0508344a809923e28a48b06ddb0001c09923e28ac8
2019-12-28 14:17:02,850 - DEBUG - COM4: parsed_packet {event: ProvUnprovisionedReceived, data: {'uuid': bytearray(b'\xd5\xb9\x1b\xba\x05\x084J\x80\x99#\xe2\x8aH\xb0m'), 'rssi': -37, 'gatt_supported': 0, 'adv_addr_type': 1, 'adv_addr': bytearray(b'\xc0\x99#\xe2\x8a\xc8')}}
2019-12-28 14:17:04,854 - DEBUG - COM4: RX: 1ac0d5b91bba0508344a809923e28a48b06dd50001c09923e28ac8
2019-12-28 14:17:04,854 - DEBUG - COM4: parsed_packet {event: ProvUnprovisionedReceived, data: {'uuid': bytearray(b'\xd5\xb9\x1b\xba\x05\x084J\x80\x99#\xe2\x8aH\xb0m'), 'rssi': -43, 'gatt_supported': 0, 'adv_addr_type': 1, 'adv_addr': bytearray(b'\xc0\x99#\xe2\x8a\xc8')}}
2019-12-28 14:17:06,855 - DEBUG - COM4: RX: 1ac0d5b91bba0508344a809923e28a48b06ddc0001c09923e28ac8
2019-12-28 14:17:06,856 - DEBUG - COM4: parsed_packet {event: ProvUnprovisionedReceived, data: {'uuid': bytearray(b'\xd5\xb9\x1b\xba\x05\x084J\x80\x99#\xe2\x8aH\xb0m'), 'rssi': -36, 'gatt_supported': 0, 'adv_addr_type': 1, 'adv_addr': bytearray(b'\xc0\x99#\xe2\x8a\xc8')}}
2019-12-28 14:17:08,858 - DEBUG - COM4: RX: 1ac0d5b91bba0508344a809923e28a48b06dda0001c09923e28ac8
2019-12-28 14:17:08,859 - DEBUG - COM4: parsed_packet {event: ProvUnprovisionedReceived, data: {'uuid': bytearray(b'\xd5\xb9\x1b\xba\x05\x084J\x80\x99#\xe2\x8aH\xb0m'), 'rssi': -38, 'gatt_supported': 0, 'adv_addr_type': 1, 'adv_addr': bytearray(b'\xc0\x99#\xe2\x8a\xc8')}}
2019-12-28 14:17:10,863 - DEBUG - COM4: RX: 1ac0d5b91bba0508344a809923e28a48b06dd50001c09923e28ac8
2019-12-28 14:17:10,863 - DEBUG - COM4: parsed_packet {event: ProvUnprovisionedReceived, data: {'uuid': bytearray(b'\xd5\xb9\x1b\xba\x05\x084J\x80\x99#\xe2\x8aH\xb0m'), 'rssi': -43, 'gatt_supported': 0, 'adv_addr_type': 1, 'adv_addr': bytearray(b'\xc0\x99#\xe2\x8a\xc8')}}
2019-12-28 14:17:12,869 - DEBUG - COM4: RX: 1ac0d5b91bba0508344a809923e28a48b06ddd0001c09923e28ac8
2019-12-28 14:17:12,869 - DEBUG - COM4: parsed_packet {event: ProvUnprovisionedReceived, data: {'uuid': bytearray(b'\xd5\xb9\x1b\xba\x05\x084J\x80\x99#\xe2\x8aH\xb0m'), 'rssi': -35, 'gatt_supported': 0, 'adv_addr_type': 1, 'adv_addr': bytearray(b'\xc0\x99#\xe2\x8a\xc8')}}
2019-12-28 14:17:14,875 - DEBUG - COM4: RX: 1ac0d5b91bba0508344a809923e28a48b06ddb0001c09923e28ac8
2019-12-28 14:17:14,876 - DEBUG - COM4: parsed_packet {event: ProvUnprovisionedReceived, data: {'uuid': bytearray(b'\xd5\xb9\x1b\xba\x05\x084J\x80\x99#\xe2\x8aH\xb0m'), 'rssi': -37, 'gatt_supported': 0, 'adv_addr_type': 1, 'adv_addr': bytearray(b'\xc0\x99#\xe2\x8a\xc8')}}
2019-12-28 14:17:16,877 - DEBUG - COM4: RX: 1ac0d5b91bba0508344a809923e28a48b06dd50001c09923e28ac8
2019-12-28 14:17:16,878 - DEBUG - COM4: parsed_packet {event: ProvUnprovisionedReceived, data: {'uuid': bytearray(b'\xd5\xb9\x1b\xba\x05\x084J\x80\x99#\xe2\x8aH\xb0m'), 'rssi': -43, 'gatt_supported': 0, 'adv_addr_type': 1, 'adv_addr': bytearray(b'\xc0\x99#\xe2\x8a\xc8')}}
2019-12-28 14:17:18,883 - DEBUG - COM4: RX: 1ac0d5b91bba0508344a809923e28a48b06ddd0001c09923e28ac8
2019-12-28 14:17:18,884 - DEBUG - COM4: parsed_packet {event: ProvUnprovisionedReceived, data: {'uuid': bytearray(b'\xd5\xb9\x1b\xba\x05\x084J\x80\x99#\xe2\x8aH\xb0m'), 'rssi': -35, 'gatt_supported': 0, 'adv_addr_type': 1, 'adv_addr': bytearray(b'\xc0\x99#\xe2\x8a\xc8')}}
2019-12-28 14:17:20,893 - DEBUG - COM4: RX: 1ac0d5b91bba0508344a809923e28a48b06ddb0001c09923e28ac8
2019-12-28 14:17:20,893 - DEBUG - COM4: parsed_packet {event: ProvUnprovisionedReceived, data: {'uuid': bytearray(b'\xd5\xb9\x1b\xba\x05\x084J\x80\x99#\xe2\x8aH\xb0m'), 'rssi': -37, 'gatt_supported': 0, 'adv_addr_type': 1, 'adv_addr': bytearray(b'\xc0\x99#\xe2\x8a\xc8')}}
2019-12-28 14:17:22,899 - DEBUG - COM4: RX: 1ac0d5b91bba0508344a809923e28a48b06dd50001c09923e28ac8
2019-12-28 14:17:22,899 - DEBUG - COM4: parsed_packet {event: ProvUnprovisionedReceived, data: {'uuid': bytearray(b'\xd5\xb9\x1b\xba\x05\x084J\x80\x99#\xe2\x8aH\xb0m'), 'rssi': -43, 'gatt_supported': 0, 'adv_addr_type': 1, 'adv_addr': bytearray(b'\xc0\x99#\xe2\x8a\xc8')}}
2019-12-28 14:17:24,905 - DEBUG - COM4: RX: 1ac0d5b91bba0508344a809923e28a48b06ddc0001c09923e28ac8
2019-12-28 14:17:24,905 - DEBUG - COM4: parsed_packet {event: ProvUnprovisionedReceived, data: {'uuid': bytearray(b'\xd5\xb9\x1b\xba\x05\x084J\x80\x99#\xe2\x8aH\xb0m'), 'rssi': -36, 'gatt_supported': 0, 'adv_addr_type': 1, 'adv_addr': bytearray(b'\xc0\x99#\xe2\x8a\xc8')}}
2019-12-28 14:17:26,915 - DEBUG - COM4: RX: 1ac0d5b91bba0508344a809923e28a48b06dda0001c09923e28ac8
2019-12-28 14:17:26,916 - DEBUG - COM4: parsed_packet {event: ProvUnprovisionedReceived, data: {'uuid': bytearray(b'\xd5\xb9\x1b\xba\x05\x084J\x80\x99#\xe2\x8aH\xb0m'), 'rssi': -38, 'gatt_supported': 0, 'adv_addr_type': 1, 'adv_addr': bytearray(b'\xc0\x99#\xe2\x8a\xc8')}}
2019-12-28 14:17:28,918 - DEBUG - COM4: RX: 1ac0d5b91bba0508344a809923e28a48b06dd50001c09923e28ac8
2019-12-28 14:17:28,918 - DEBUG - COM4: parsed_packet {event: ProvUnprovisionedReceived, data: {'uuid': bytearray(b'\xd5\xb9\x1b\xba\x05\x084J\x80\x99#\xe2\x8aH\xb0m'), 'rssi': -43, 'gatt_supported': 0, 'adv_addr_type': 1, 'adv_addr': bytearray(b'\xc0\x99#\xe2\x8a\xc8')}}
2019-12-28 14:17:30,926 - DEBUG - COM4: RX: 1ac0d5b91bba0508344a809923e28a48b06ddd0001c09923e28ac8
2019-12-28 14:17:30,926 - DEBUG - COM4: parsed_packet {event: ProvUnprovisionedReceived, data: {'uuid': bytearray(b'\xd5\xb9\x1b\xba\x05\x084J\x80\x99#\xe2\x8aH\xb0m'), 'rssi': -35, 'gatt_supported': 0, 'adv_addr_type': 1, 'adv_addr': bytearray(b'\xc0\x99#\xe2\x8a\xc8')}}
2019-12-28 14:17:32,930 - DEBUG - COM4: RX: 1ac0d5b91bba0508344a809923e28a48b06ddb0001c09923e28ac8
2019-12-28 14:17:32,931 - DEBUG - COM4: parsed_packet {event: ProvUnprovisionedReceived, data: {'uuid': bytearray(b'\xd5\xb9\x1b\xba\x05\x084J\x80\x99#\xe2\x8aH\xb0m'), 'rssi': -37, 'gatt_supported': 0, 'adv_addr_type': 1, 'adv_addr': bytearray(b'\xc0\x99#\xe2\x8a\xc8')}}
2019-12-28 14:17:36,934 - DEBUG - COM4: RX: 1ac0d5b91bba0508344a809923e28a48b06ddd0001c09923e28ac8
2019-12-28 14:17:36,934 - DEBUG - COM4: parsed_packet {event: ProvUnprovisionedReceived, data: {'uuid': bytearray(b'\xd5\xb9\x1b\xba\x05\x084J\x80\x99#\xe2\x8aH\xb0m'), 'rssi': -35, 'gatt_supported': 0, 'adv_addr_type': 1, 'adv_addr': bytearray(b'\xc0\x99#\xe2\x8a\xc8')}}
2019-12-28 14:17:38,936 - DEBUG - COM4: RX: 1ac0d5b91bba0508344a809923e28a48b06ddb0001c09923e28ac8
2019-12-28 14:17:38,936 - DEBUG - COM4: parsed_packet {event: ProvUnprovisionedReceived, data: {'uuid': bytearray(b'\xd5\xb9\x1b\xba\x05\x084J\x80\x99#\xe2\x8aH\xb0m'), 'rssi': -37, 'gatt_supported': 0, 'adv_addr_type': 1, 'adv_addr': bytearray(b'\xc0\x99#\xe2\x8a\xc8')}}
2019-12-28 14:17:40,944 - DEBUG - COM4: RX: 1ac0d5b91bba0508344a809923e28a48b06dd50001c09923e28ac8
2019-12-28 14:17:40,944 - DEBUG - COM4: parsed_packet {event: ProvUnprovisionedReceived, data: {'uuid': bytearray(b'\xd5\xb9\x1b\xba\x05\x084J\x80\x99#\xe2\x8aH\xb0m'), 'rssi': -43, 'gatt_supported': 0, 'adv_addr_type': 1, 'adv_addr': bytearray(b'\xc0\x99#\xe2\x8a\xc8')}}
2019-12-28 14:17:42,947 - DEBUG - COM4: RX: 1ac0d5b91bba0508344a809923e28a48b06ddd0001c09923e28ac8
2019-12-28 14:17:42,947 - DEBUG - COM4: parsed_packet {event: ProvUnprovisionedReceived, data: {'uuid': bytearray(b'\xd5\xb9\x1b\xba\x05\x084J\x80\x99#\xe2\x8aH\xb0m'), 'rssi': -35, 'gatt_supported': 0, 'adv_addr_type': 1, 'adv_addr': bytearray(b'\xc0\x99#\xe2\x8a\xc8')}}
2019-12-28 14:17:44,953 - DEBUG - COM4: RX: 1ac0d5b91bba0508344a809923e28a48b06ddb0001c09923e28ac8
2019-12-28 14:17:44,953 - DEBUG - COM4: parsed_packet {event: ProvUnprovisionedReceived, data: {'uuid': bytearray(b'\xd5\xb9\x1b\xba\x05\x084J\x80\x99#\xe2\x8aH\xb0m'), 'rssi': -37, 'gatt_supported': 0, 'adv_addr_type': 1, 'adv_addr': bytearray(b'\xc0\x99#\xe2\x8a\xc8')}}
2019-12-28 14:17:46,959 - DEBUG - COM4: RX: 1ac0d5b91bba0508344a809923e28a48b06dd50001c09923e28ac8
2019-12-28 14:17:46,960 - DEBUG - COM4: parsed_packet {event: ProvUnprovisionedReceived, data: {'uuid': bytearray(b'\xd5\xb9\x1b\xba\x05\x084J\x80\x99#\xe2\x8aH\xb0m'), 'rssi': -43, 'gatt_supported': 0, 'adv_addr_type': 1, 'adv_addr': bytearray(b'\xc0\x99#\xe2\x8a\xc8')}}
2019-12-28 14:17:48,968 - DEBUG - COM4: RX: 1ac0d5b91bba0508344a809923e28a48b06ddc0001c09923e28ac8
2019-12-28 14:17:48,968 - DEBUG - COM4: parsed_packet {event: ProvUnprovisionedReceived, data: {'uuid': bytearray(b'\xd5\xb9\x1b\xba\x05\x084J\x80\x99#\xe2\x8aH\xb0m'), 'rssi': -36, 'gatt_supported': 0, 'adv_addr_type': 1, 'adv_addr': bytearray(b'\xc0\x99#\xe2\x8a\xc8')}}
2019-12-28 14:17:50,976 - DEBUG - COM4: RX: 1ac0d5b91bba0508344a809923e28a48b06dda0001c09923e28ac8
2019-12-28 14:17:50,976 - DEBUG - COM4: parsed_packet {event: ProvUnprovisionedReceived, data: {'uuid': bytearray(b'\xd5\xb9\x1b\xba\x05\x084J\x80\x99#\xe2\x8aH\xb0m'), 'rssi': -38, 'gatt_supported': 0, 'adv_addr_type': 1, 'adv_addr': bytearray(b'\xc0\x99#\xe2\x8a\xc8')}}
2019-12-28 14:17:52,982 - DEBUG - COM4: RX: 1ac0d5b91bba0508344a809923e28a48b06dd50001c09923e28ac8
2019-12-28 14:17:52,983 - DEBUG - COM4: parsed_packet {event: ProvUnprovisionedReceived, data: {'uuid': bytearray(b'\xd5\xb9\x1b\xba\x05\x084J\x80\x99#\xe2\x8aH\xb0m'), 'rssi': -43, 'gatt_supported': 0, 'adv_addr_type': 1, 'adv_addr': bytearray(b'\xc0\x99#\xe2\x8a\xc8')}}
2019-12-28 14:17:54,987 - DEBUG - COM4: RX: 1ac0d5b91bba0508344a809923e28a48b06ddc0001c09923e28ac8
2019-12-28 14:17:54,987 - DEBUG - COM4: parsed_packet {event: ProvUnprovisionedReceived, data: {'uuid': bytearray(b'\xd5\xb9\x1b\xba\x05\x084J\x80\x99#\xe2\x8aH\xb0m'), 'rssi': -36, 'gatt_supported': 0, 'adv_addr_type': 1, 'adv_addr': bytearray(b'\xc0\x99#\xe2\x8a\xc8')}}
2019-12-28 14:17:56,990 - DEBUG - COM4: RX: 1ac0d5b91bba0508344a809923e28a48b06ddb0001c09923e28ac8
2019-12-28 14:17:56,991 - DEBUG - COM4: parsed_packet {event: ProvUnprovisionedReceived, data: {'uuid': bytearray(b'\xd5\xb9\x1b\xba\x05\x084J\x80\x99#\xe2\x8aH\xb0m'), 'rssi': -37, 'gatt_supported': 0, 'adv_addr_type': 1, 'adv_addr': bytearray(b'\xc0\x99#\xe2\x8a\xc8')}}
2019-12-28 14:17:58,995 - DEBUG - COM4: RX: 1ac0d5b91bba0508344a809923e28a48b06dd50001c09923e28ac8
2019-12-28 14:17:58,996 - DEBUG - COM4: parsed_packet {event: ProvUnprovisionedReceived, data: {'uuid': bytearray(b'\xd5\xb9\x1b\xba\x05\x084J\x80\x99#\xe2\x8aH\xb0m'), 'rssi': -43, 'gatt_supported': 0, 'adv_addr_type': 1, 'adv_addr': bytearray(b'\xc0\x99#\xe2\x8a\xc8')}}
2019-12-28 14:18:00,995 - DEBUG - COM4: RX: 1ac0d5b91bba0508344a809923e28a48b06ddd0001c09923e28ac8
2019-12-28 14:18:00,995 - DEBUG - COM4: parsed_packet {event: ProvUnprovisionedReceived, data: {'uuid': bytearray(b'\xd5\xb9\x1b\xba\x05\x084J\x80\x99#\xe2\x8aH\xb0m'), 'rssi': -35, 'gatt_supported': 0, 'adv_addr_type': 1, 'adv_addr': bytearray(b'\xc0\x99#\xe2\x8a\xc8')}}
2019-12-28 14:18:02,999 - DEBUG - COM4: RX: 1ac0d5b91bba0508344a809923e28a48b06ddb0001c09923e28ac8
2019-12-28 14:18:02,999 - DEBUG - COM4: parsed_packet {event: ProvUnprovisionedReceived, data: {'uuid': bytearray(b'\xd5\xb9\x1b\xba\x05\x084J\x80\x99#\xe2\x8aH\xb0m'), 'rssi': -37, 'gatt_supported': 0, 'adv_addr_type': 1, 'adv_addr': bytearray(b'\xc0\x99#\xe2\x8a\xc8')}}
2019-12-28 14:18:05,000 - DEBUG - COM4: RX: 1ac0d5b91bba0508344a809923e28a48b06dd60001c09923e28ac8
2019-12-28 14:18:05,000 - DEBUG - COM4: parsed_packet {event: ProvUnprovisionedReceived, data: {'uuid': bytearray(b'\xd5\xb9\x1b\xba\x05\x084J\x80\x99#\xe2\x8aH\xb0m'), 'rssi': -42, 'gatt_supported': 0, 'adv_addr_type': 1, 'adv_addr': bytearray(b'\xc0\x99#\xe2\x8a\xc8')}}
2019-12-28 14:18:07,008 - DEBUG - COM4: RX: 1ac0d5b91bba0508344a809923e28a48b06ddc0001c09923e28ac8
2019-12-28 14:18:07,009 - DEBUG - COM4: parsed_packet {event: ProvUnprovisionedReceived, data: {'uuid': bytearray(b'\xd5\xb9\x1b\xba\x05\x084J\x80\x99#\xe2\x8aH\xb0m'), 'rssi': -36, 'gatt_supported': 0, 'adv_addr_type': 1, 'adv_addr': bytearray(b'\xc0\x99#\xe2\x8a\xc8')}}
2019-12-28 14:18:09,013 - DEBUG - COM4: RX: 1ac0d5b91bba0508344a809923e28a48b06dda0001c09923e28ac8
2019-12-28 14:18:09,013 - DEBUG - COM4: parsed_packet {event: ProvUnprovisionedReceived, data: {'uuid': bytearray(b'\xd5\xb9\x1b\xba\x05\x084J\x80\x99#\xe2\x8aH\xb0m'), 'rssi': -38, 'gatt_supported': 0, 'adv_addr_type': 1, 'adv_addr': bytearray(b'\xc0\x99#\xe2\x8a\xc8')}}
2019-12-28 14:18:11,016 - DEBUG - COM4: RX: 1ac0d5b91bba0508344a809923e28a48b06dd60001c09923e28ac8
2019-12-28 14:18:11,016 - DEBUG - COM4: parsed_packet {event: ProvUnprovisionedReceived, data: {'uuid': bytearray(b'\xd5\xb9\x1b\xba\x05\x084J\x80\x99#\xe2\x8aH\xb0m'), 'rssi': -42, 'gatt_supported': 0, 'adv_addr_type': 1, 'adv_addr': bytearray(b'\xc0\x99#\xe2\x8a\xc8')}}
2019-12-28 14:18:13,014 - DEBUG - COM4: RX: 1ac0d5b91bba0508344a809923e28a48b06ddd0001c09923e28ac8
2019-12-28 14:18:13,015 - DEBUG - COM4: parsed_packet {event: ProvUnprovisionedReceived, data: {'uuid': bytearray(b'\xd5\xb9\x1b\xba\x05\x084J\x80\x99#\xe2\x8aH\xb0m'), 'rssi': -35, 'gatt_supported': 0, 'adv_addr_type': 1, 'adv_addr': bytearray(b'\xc0\x99#\xe2\x8a\xc8')}}
2019-12-28 14:18:15,021 - DEBUG - COM4: RX: 1ac0d5b91bba0508344a809923e28a48b06dda0001c09923e28ac8
2019-12-28 14:18:15,022 - DEBUG - COM4: parsed_packet {event: ProvUnprovisionedReceived, data: {'uuid': bytearray(b'\xd5\xb9\x1b\xba\x05\x084J\x80\x99#\xe2\x8aH\xb0m'), 'rssi': -38, 'gatt_supported': 0, 'adv_addr_type': 1, 'adv_addr': bytearray(b'\xc0\x99#\xe2\x8a\xc8')}}
2019-12-28 14:18:19,027 - DEBUG - COM4: RX: 1ac0d5b91bba0508344a809923e28a48b06ddd0001c09923e28ac8
2019-12-28 14:18:19,027 - DEBUG - COM4: parsed_packet {event: ProvUnprovisionedReceived, data: {'uuid': bytearray(b'\xd5\xb9\x1b\xba\x05\x084J\x80\x99#\xe2\x8aH\xb0m'), 'rssi': -35, 'gatt_supported': 0, 'adv_addr_type': 1, 'adv_addr': bytearray(b'\xc0\x99#\xe2\x8a\xc8')}}
2019-12-28 14:18:21,034 - DEBUG - COM4: RX: 1ac0d5b91bba0508344a809923e28a48b06ddb0001c09923e28ac8
2019-12-28 14:18:21,035 - DEBUG - COM4: parsed_packet {event: ProvUnprovisionedReceived, data: {'uuid': bytearray(b'\xd5\xb9\x1b\xba\x05\x084J\x80\x99#\xe2\x8aH\xb0m'), 'rssi': -37, 'gatt_supported': 0, 'adv_addr_type': 1, 'adv_addr': bytearray(b'\xc0\x99#\xe2\x8a\xc8')}}
2019-12-28 14:18:23,042 - DEBUG - COM4: RX: 1ac0d5b91bba0508344a809923e28a48b06dd50001c09923e28ac8
2019-12-28 14:18:23,043 - DEBUG - COM4: parsed_packet {event: ProvUnprovisionedReceived, data: {'uuid': bytearray(b'\xd5\xb9\x1b\xba\x05\x084J\x80\x99#\xe2\x8aH\xb0m'), 'rssi': -43, 'gatt_supported': 0, 'adv_addr_type': 1, 'adv_addr': bytearray(b'\xc0\x99#\xe2\x8a\xc8')}}
2019-12-28 14:18:25,049 - DEBUG - COM4: RX: 1ac0d5b91bba0508344a809923e28a48b06ddd0001c09923e28ac8
2019-12-28 14:18:25,050 - DEBUG - COM4: parsed_packet {event: ProvUnprovisionedReceived, data: {'uuid': bytearray(b'\xd5\xb9\x1b\xba\x05\x084J\x80\x99#\xe2\x8aH\xb0m'), 'rssi': -35, 'gatt_supported': 0, 'adv_addr_type': 1, 'adv_addr': bytearray(b'\xc0\x99#\xe2\x8a\xc8')}}
2019-12-28 14:18:27,051 - DEBUG - COM4: RX: 1ac0d5b91bba0508344a809923e28a48b06dda0001c09923e28ac8
2019-12-28 14:18:27,051 - DEBUG - COM4: parsed_packet {event: ProvUnprovisionedReceived, data: {'uuid': bytearray(b'\xd5\xb9\x1b\xba\x05\x084J\x80\x99#\xe2\x8aH\xb0m'), 'rssi': -38, 'gatt_supported': 0, 'adv_addr_type': 1, 'adv_addr': bytearray(b'\xc0\x99#\xe2\x8a\xc8')}}
2019-12-28 14:18:29,056 - DEBUG - COM4: RX: 1ac0d5b91bba0508344a809923e28a48b06dd50001c09923e28ac8
2019-12-28 14:18:29,056 - DEBUG - COM4: parsed_packet {event: ProvUnprovisionedReceived, data: {'uuid': bytearray(b'\xd5\xb9\x1b\xba\x05\x084J\x80\x99#\xe2\x8aH\xb0m'), 'rssi': -43, 'gatt_supported': 0, 'adv_addr_type': 1, 'adv_addr': bytearray(b'\xc0\x99#\xe2\x8a\xc8')}}
2019-12-28 14:18:31,064 - DEBUG - COM4: RX: 1ac0d5b91bba0508344a809923e28a48b06ddc0001c09923e28ac8
2019-12-28 14:18:31,064 - DEBUG - COM4: parsed_packet {event: ProvUnprovisionedReceived, data: {'uuid': bytearray(b'\xd5\xb9\x1b\xba\x05\x084J\x80\x99#\xe2\x8aH\xb0m'), 'rssi': -36, 'gatt_supported': 0, 'adv_addr_type': 1, 'adv_addr': bytearray(b'\xc0\x99#\xe2\x8a\xc8')}}
2019-12-28 14:18:35,076 - DEBUG - COM4: RX: 1ac0d5b91bba0508344a809923e28a48b06dd60001c09923e28ac8
2019-12-28 14:18:35,076 - DEBUG - COM4: parsed_packet {event: ProvUnprovisionedReceived, data: {'uuid': bytearray(b'\xd5\xb9\x1b\xba\x05\x084J\x80\x99#\xe2\x8aH\xb0m'), 'rssi': -42, 'gatt_supported': 0, 'adv_addr_type': 1, 'adv_addr': bytearray(b'\xc0\x99#\xe2\x8a\xc8')}}
2019-12-28 14:18:37,077 - DEBUG - COM4: RX: 1ac0d5b91bba0508344a809923e28a48b06ddd0001c09923e28ac8
2019-12-28 14:18:37,077 - DEBUG - COM4: parsed_packet {event: ProvUnprovisionedReceived, data: {'uuid': bytearray(b'\xd5\xb9\x1b\xba\x05\x084J\x80\x99#\xe2\x8aH\xb0m'), 'rssi': -35, 'gatt_supported': 0, 'adv_addr_type': 1, 'adv_addr': bytearray(b'\xc0\x99#\xe2\x8a\xc8')}}
2019-12-28 14:18:39,085 - DEBUG - COM4: RX: 1ac0d5b91bba0508344a809923e28a48b06dda0001c09923e28ac8
2019-12-28 14:18:39,085 - DEBUG - COM4: parsed_packet {event: ProvUnprovisionedReceived, data: {'uuid': bytearray(b'\xd5\xb9\x1b\xba\x05\x084J\x80\x99#\xe2\x8aH\xb0m'), 'rssi': -38, 'gatt_supported': 0, 'adv_addr_type': 1, 'adv_addr': bytearray(b'\xc0\x99#\xe2\x8a\xc8')}}
2019-12-28 14:18:41,092 - DEBUG - COM4: RX: 1ac0d5b91bba0508344a809923e28a48b06dd50001c09923e28ac8
2019-12-28 14:18:41,092 - DEBUG - COM4: parsed_packet {event: ProvUnprovisionedReceived, data: {'uuid': bytearray(b'\xd5\xb9\x1b\xba\x05\x084J\x80\x99#\xe2\x8aH\xb0m'), 'rssi': -43, 'gatt_supported': 0, 'adv_addr_type': 1, 'adv_addr': bytearray(b'\xc0\x99#\xe2\x8a\xc8')}}
2019-12-28 14:18:43,099 - DEBUG - COM4: RX: 1ac0d5b91bba0508344a809923e28a48b06ddc0001c09923e28ac8
2019-12-28 14:18:43,099 - DEBUG - COM4: parsed_packet {event: ProvUnprovisionedReceived, data: {'uuid': bytearray(b'\xd5\xb9\x1b\xba\x05\x084J\x80\x99#\xe2\x8aH\xb0m'), 'rssi': -36, 'gatt_supported': 0, 'adv_addr_type': 1, 'adv_addr': bytearray(b'\xc0\x99#\xe2\x8a\xc8')}}
2019-12-28 14:18:45,102 - DEBUG - COM4: RX: 1ac0d5b91bba0508344a809923e28a48b06ddb0001c09923e28ac8
2019-12-28 14:18:45,102 - DEBUG - COM4: parsed_packet {event: ProvUnprovisionedReceived, data: {'uuid': bytearray(b'\xd5\xb9\x1b\xba\x05\x084J\x80\x99#\xe2\x8aH\xb0m'), 'rssi': -37, 'gatt_supported': 0, 'adv_addr_type': 1, 'adv_addr': bytearray(b'\xc0\x99#\xe2\x8a\xc8')}}
2019-12-28 14:18:47,106 - DEBUG - COM4: RX: 1ac0d5b91bba0508344a809923e28a48b06dd50001c09923e28ac8
2019-12-28 14:18:47,106 - DEBUG - COM4: parsed_packet {event: ProvUnprovisionedReceived, data: {'uuid': bytearray(b'\xd5\xb9\x1b\xba\x05\x084J\x80\x99#\xe2\x8aH\xb0m'), 'rssi': -43, 'gatt_supported': 0, 'adv_addr_type': 1, 'adv_addr': bytearray(b'\xc0\x99#\xe2\x8a\xc8')}}
2019-12-28 14:18:49,114 - DEBUG - COM4: RX: 1ac0d5b91bba0508344a809923e28a48b06ddd0001c09923e28ac8
2019-12-28 14:18:49,114 - DEBUG - COM4: parsed_packet {event: ProvUnprovisionedReceived, data: {'uuid': bytearray(b'\xd5\xb9\x1b\xba\x05\x084J\x80\x99#\xe2\x8aH\xb0m'), 'rssi': -35, 'gatt_supported': 0, 'adv_addr_type': 1, 'adv_addr': bytearray(b'\xc0\x99#\xe2\x8a\xc8')}}
2019-12-28 14:18:51,120 - DEBUG - COM4: RX: 1ac0d5b91bba0508344a809923e28a48b06ddb0001c09923e28ac8
2019-12-28 14:18:51,120 - DEBUG - COM4: parsed_packet {event: ProvUnprovisionedReceived, data: {'uuid': bytearray(b'\xd5\xb9\x1b\xba\x05\x084J\x80\x99#\xe2\x8aH\xb0m'), 'rssi': -37, 'gatt_supported': 0, 'adv_addr_type': 1, 'adv_addr': bytearray(b'\xc0\x99#\xe2\x8a\xc8')}}
2019-12-28 14:18:53,123 - DEBUG - COM4: RX: 1ac0d5b91bba0508344a809923e28a48b06dd50001c09923e28ac8
2019-12-28 14:18:53,124 - DEBUG - COM4: parsed_packet {event: ProvUnprovisionedReceived, data: {'uuid': bytearray(b'\xd5\xb9\x1b\xba\x05\x084J\x80\x99#\xe2\x8aH\xb0m'), 'rssi': -43, 'gatt_supported': 0, 'adv_addr_type': 1, 'adv_addr': bytearray(b'\xc0\x99#\xe2\x8a\xc8')}}
2019-12-28 14:18:55,130 - DEBUG - COM4: RX: 1ac0d5b91bba0508344a809923e28a48b06ddf0001c09923e28ac8
2019-12-28 14:18:55,130 - DEBUG - COM4: parsed_packet {event: ProvUnprovisionedReceived, data: {'uuid': bytearray(b'\xd5\xb9\x1b\xba\x05\x084J\x80\x99#\xe2\x8aH\xb0m'), 'rssi': -33, 'gatt_supported': 0, 'adv_addr_type': 1, 'adv_addr': bytearray(b'\xc0\x99#\xe2\x8a\xc8')}}
2019-12-28 14:18:57,134 - DEBUG - COM4: RX: 1ac0d5b91bba0508344a809923e28a48b06dda0001c09923e28ac8
2019-12-28 14:18:57,134 - DEBUG - COM4: parsed_packet {event: ProvUnprovisionedReceived, data: {'uuid': bytearray(b'\xd5\xb9\x1b\xba\x05\x084J\x80\x99#\xe2\x8aH\xb0m'), 'rssi': -38, 'gatt_supported': 0, 'adv_addr_type': 1, 'adv_addr': bytearray(b'\xc0\x99#\xe2\x8a\xc8')}}
2019-12-28 14:18:59,137 - DEBUG - COM4: RX: 1ac0d5b91bba0508344a809923e28a48b06dd50001c09923e28ac8
2019-12-28 14:18:59,137 - DEBUG - COM4: parsed_packet {event: ProvUnprovisionedReceived, data: {'uuid': bytearray(b'\xd5\xb9\x1b\xba\x05\x084J\x80\x99#\xe2\x8aH\xb0m'), 'rssi': -43, 'gatt_supported': 0, 'adv_addr_type': 1, 'adv_addr': bytearray(b'\xc0\x99#\xe2\x8a\xc8')}}
2019-12-28 14:19:01,138 - DEBUG - COM4: RX: 1ac0d5b91bba0508344a809923e28a48b06ddd0001c09923e28ac8
2019-12-28 14:19:01,138 - DEBUG - COM4: parsed_packet {event: ProvUnprovisionedReceived, data: {'uuid': bytearray(b'\xd5\xb9\x1b\xba\x05\x084J\x80\x99#\xe2\x8aH\xb0m'), 'rssi': -35, 'gatt_supported': 0, 'adv_addr_type': 1, 'adv_addr': bytearray(b'\xc0\x99#\xe2\x8a\xc8')}}
2019-12-28 14:19:03,141 - DEBUG - COM4: RX: 1ac0d5b91bba0508344a809923e28a48b06dda0001c09923e28ac8
2019-12-28 14:19:03,141 - DEBUG - COM4: parsed_packet {event: ProvUnprovisionedReceived, data: {'uuid': bytearray(b'\xd5\xb9\x1b\xba\x05\x084J\x80\x99#\xe2\x8aH\xb0m'), 'rssi': -38, 'gatt_supported': 0, 'adv_addr_type': 1, 'adv_addr': bytearray(b'\xc0\x99#\xe2\x8a\xc8')}}
2019-12-28 14:19:05,148 - DEBUG - COM4: RX: 1ac0d5b91bba0508344a809923e28a48b06dd50001c09923e28ac8
2019-12-28 14:19:05,148 - DEBUG - COM4: parsed_packet {event: ProvUnprovisionedReceived, data: {'uuid': bytearray(b'\xd5\xb9\x1b\xba\x05\x084J\x80\x99#\xe2\x8aH\xb0m'), 'rssi': -43, 'gatt_supported': 0, 'adv_addr_type': 1, 'adv_addr': bytearray(b'\xc0\x99#\xe2\x8a\xc8')}}
2019-12-28 14:19:07,155 - DEBUG - COM4: RX: 1ac0d5b91bba0508344a809923e28a48b06ddd0001c09923e28ac8
2019-12-28 14:19:07,156 - DEBUG - COM4: parsed_packet {event: ProvUnprovisionedReceived, data: {'uuid': bytearray(b'\xd5\xb9\x1b\xba\x05\x084J\x80\x99#\xe2\x8aH\xb0m'), 'rssi': -35, 'gatt_supported': 0, 'adv_addr_type': 1, 'adv_addr': bytearray(b'\xc0\x99#\xe2\x8a\xc8')}}
2019-12-28 14:19:09,159 - DEBUG - COM4: RX: 1ac0d5b91bba0508344a809923e28a48b06dda0001c09923e28ac8
2019-12-28 14:19:09,159 - DEBUG - COM4: parsed_packet {event: ProvUnprovisionedReceived, data: {'uuid': bytearray(b'\xd5\xb9\x1b\xba\x05\x084J\x80\x99#\xe2\x8aH\xb0m'), 'rssi': -38, 'gatt_supported': 0, 'adv_addr_type': 1, 'adv_addr': bytearray(b'\xc0\x99#\xe2\x8a\xc8')}}
2019-12-28 14:19:11,165 - DEBUG - COM4: RX: 1ac0d5b91bba0508344a809923e28a48b06dd50001c09923e28ac8
2019-12-28 14:19:11,165 - DEBUG - COM4: parsed_packet {event: ProvUnprovisionedReceived, data: {'uuid': bytearray(b'\xd5\xb9\x1b\xba\x05\x084J\x80\x99#\xe2\x8aH\xb0m'), 'rssi': -43, 'gatt_supported': 0, 'adv_addr_type': 1, 'adv_addr': bytearray(b'\xc0\x99#\xe2\x8a\xc8')}}
2019-12-28 14:19:13,175 - DEBUG - COM4: RX: 1ac0d5b91bba0508344a809923e28a48b06ddd0001c09923e28ac8
2019-12-28 14:19:13,176 - DEBUG - COM4: parsed_packet {event: ProvUnprovisionedReceived, data: {'uuid': bytearray(b'\xd5\xb9\x1b\xba\x05\x084J\x80\x99#\xe2\x8aH\xb0m'), 'rssi': -35, 'gatt_supported': 0, 'adv_addr_type': 1, 'adv_addr': bytearray(b'\xc0\x99#\xe2\x8a\xc8')}}
2019-12-28 14:19:15,174 - DEBUG - COM4: RX: 1ac0d5b91bba0508344a809923e28a48b06dd90001c09923e28ac8
2019-12-28 14:19:15,174 - DEBUG - COM4: parsed_packet {event: ProvUnprovisionedReceived, data: {'uuid': bytearray(b'\xd5\xb9\x1b\xba\x05\x084J\x80\x99#\xe2\x8aH\xb0m'), 'rssi': -39, 'gatt_supported': 0, 'adv_addr_type': 1, 'adv_addr': bytearray(b'\xc0\x99#\xe2\x8a\xc8')}}
2019-12-28 14:19:17,181 - DEBUG - COM4: RX: 1ac0d5b91bba0508344a809923e28a48b06dd50001c09923e28ac8
2019-12-28 14:19:17,182 - DEBUG - COM4: parsed_packet {event: ProvUnprovisionedReceived, data: {'uuid': bytearray(b'\xd5\xb9\x1b\xba\x05\x084J\x80\x99#\xe2\x8aH\xb0m'), 'rssi': -43, 'gatt_supported': 0, 'adv_addr_type': 1, 'adv_addr': bytearray(b'\xc0\x99#\xe2\x8a\xc8')}}
2019-12-28 14:19:19,185 - DEBUG - COM4: RX: 1ac0d5b91bba0508344a809923e28a48b06ddd0001c09923e28ac8
2019-12-28 14:19:19,185 - DEBUG - COM4: parsed_packet {event: ProvUnprovisionedReceived, data: {'uuid': bytearray(b'\xd5\xb9\x1b\xba\x05\x084J\x80\x99#\xe2\x8aH\xb0m'), 'rssi': -35, 'gatt_supported': 0, 'adv_addr_type': 1, 'adv_addr': bytearray(b'\xc0\x99#\xe2\x8a\xc8')}}
2019-12-28 14:19:21,193 - DEBUG - COM4: RX: 1ac0d5b91bba0508344a809923e28a48b06dda0001c09923e28ac8
2019-12-28 14:19:21,194 - DEBUG - COM4: parsed_packet {event: ProvUnprovisionedReceived, data: {'uuid': bytearray(b'\xd5\xb9\x1b\xba\x05\x084J\x80\x99#\xe2\x8aH\xb0m'), 'rssi': -38, 'gatt_supported': 0, 'adv_addr_type': 1, 'adv_addr': bytearray(b'\xc0\x99#\xe2\x8a\xc8')}}
2019-12-28 14:19:23,198 - DEBUG - COM4: RX: 1ac0d5b91bba0508344a809923e28a48b06dd50001c09923e28ac8
2019-12-28 14:19:23,199 - DEBUG - COM4: parsed_packet {event: ProvUnprovisionedReceived, data: {'uuid': bytearray(b'\xd5\xb9\x1b\xba\x05\x084J\x80\x99#\xe2\x8aH\xb0m'), 'rssi': -43, 'gatt_supported': 0, 'adv_addr_type': 1, 'adv_addr': bytearray(b'\xc0\x99#\xe2\x8a\xc8')}}
2019-12-28 14:19:25,205 - DEBUG - COM4: RX: 1ac0d5b91bba0508344a809923e28a48b06dda0001c09923e28ac8
2019-12-28 14:19:25,206 - DEBUG - COM4: parsed_packet {event: ProvUnprovisionedReceived, data: {'uuid': bytearray(b'\xd5\xb9\x1b\xba\x05\x084J\x80\x99#\xe2\x8aH\xb0m'), 'rssi': -38, 'gatt_supported': 0, 'adv_addr_type': 1, 'adv_addr': bytearray(b'\xc0\x99#\xe2\x8a\xc8')}}
2019-12-28 14:19:27,212 - DEBUG - COM4: RX: 1ac0d5b91bba0508344a809923e28a48b06dd60001c09923e28ac8
2019-12-28 14:19:27,212 - DEBUG - COM4: parsed_packet {event: ProvUnprovisionedReceived, data: {'uuid': bytearray(b'\xd5\xb9\x1b\xba\x05\x084J\x80\x99#\xe2\x8aH\xb0m'), 'rssi': -42, 'gatt_supported': 0, 'adv_addr_type': 1, 'adv_addr': bytearray(b'\xc0\x99#\xe2\x8a\xc8')}}
2019-12-28 14:19:29,220 - DEBUG - COM4: RX: 1ac0d5b91bba0508344a809923e28a48b06ddd0001c09923e28ac8
2019-12-28 14:19:29,221 - DEBUG - COM4: parsed_packet {event: ProvUnprovisionedReceived, data: {'uuid': bytearray(b'\xd5\xb9\x1b\xba\x05\x084J\x80\x99#\xe2\x8aH\xb0m'), 'rssi': -35, 'gatt_supported': 0, 'adv_addr_type': 1, 'adv_addr': bytearray(b'\xc0\x99#\xe2\x8a\xc8')}}
2019-12-28 14:19:31,224 - DEBUG - COM4: RX: 1ac0d5b91bba0508344a809923e28a48b06dda0001c09923e28ac8
2019-12-28 14:19:31,224 - DEBUG - COM4: parsed_packet {event: ProvUnprovisionedReceived, data: {'uuid': bytearray(b'\xd5\xb9\x1b\xba\x05\x084J\x80\x99#\xe2\x8aH\xb0m'), 'rssi': -38, 'gatt_supported': 0, 'adv_addr_type': 1, 'adv_addr': bytearray(b'\xc0\x99#\xe2\x8a\xc8')}}
2019-12-28 14:19:33,226 - DEBUG - COM4: RX: 1ac0d5b91bba0508344a809923e28a48b06dd60001c09923e28ac8
2019-12-28 14:19:33,226 - DEBUG - COM4: parsed_packet {event: ProvUnprovisionedReceived, data: {'uuid': bytearray(b'\xd5\xb9\x1b\xba\x05\x084J\x80\x99#\xe2\x8aH\xb0m'), 'rssi': -42, 'gatt_supported': 0, 'adv_addr_type': 1, 'adv_addr': bytearray(b'\xc0\x99#\xe2\x8a\xc8')}}
2019-12-28 14:19:35,233 - DEBUG - COM4: RX: 1ac0d5b91bba0508344a809923e28a48b06de00001c09923e28ac8
2019-12-28 14:19:35,233 - DEBUG - COM4: parsed_packet {event: ProvUnprovisionedReceived, data: {'uuid': bytearray(b'\xd5\xb9\x1b\xba\x05\x084J\x80\x99#\xe2\x8aH\xb0m'), 'rssi': -32, 'gatt_supported': 0, 'adv_addr_type': 1, 'adv_addr': bytearray(b'\xc0\x99#\xe2\x8a\xc8')}}
2019-12-28 14:19:37,234 - DEBUG - COM4: RX: 1ac0d5b91bba0508344a809923e28a48b06dda0001c09923e28ac8
2019-12-28 14:19:37,234 - DEBUG - COM4: parsed_packet {event: ProvUnprovisionedReceived, data: {'uuid': bytearray(b'\xd5\xb9\x1b\xba\x05\x084J\x80\x99#\xe2\x8aH\xb0m'), 'rssi': -38, 'gatt_supported': 0, 'adv_addr_type': 1, 'adv_addr': bytearray(b'\xc0\x99#\xe2\x8a\xc8')}}
2019-12-28 14:19:39,249 - DEBUG - COM4: RX: 1ac0d5b91bba0508344a809923e28a48b06dd50001c09923e28ac8
2019-12-28 14:19:39,249 - DEBUG - COM4: parsed_packet {event: ProvUnprovisionedReceived, data: {'uuid': bytearray(b'\xd5\xb9\x1b\xba\x05\x084J\x80\x99#\xe2\x8aH\xb0m'), 'rssi': -43, 'gatt_supported': 0, 'adv_addr_type': 1, 'adv_addr': bytearray(b'\xc0\x99#\xe2\x8a\xc8')}}
2019-12-28 14:19:43,247 - DEBUG - COM4: RX: 1ac0d5b91bba0508344a809923e28a48b06ddb0001c09923e28ac8
2019-12-28 14:19:43,247 - DEBUG - COM4: parsed_packet {event: ProvUnprovisionedReceived, data: {'uuid': bytearray(b'\xd5\xb9\x1b\xba\x05\x084J\x80\x99#\xe2\x8aH\xb0m'), 'rssi': -37, 'gatt_supported': 0, 'adv_addr_type': 1, 'adv_addr': bytearray(b'\xc0\x99#\xe2\x8a\xc8')}}
2019-12-28 14:19:45,255 - DEBUG - COM4: RX: 1ac0d5b91bba0508344a809923e28a48b06dd50001c09923e28ac8
2019-12-28 14:19:45,256 - DEBUG - COM4: parsed_packet {event: ProvUnprovisionedReceived, data: {'uuid': bytearray(b'\xd5\xb9\x1b\xba\x05\x084J\x80\x99#\xe2\x8aH\xb0m'), 'rssi': -43, 'gatt_supported': 0, 'adv_addr_type': 1, 'adv_addr': bytearray(b'\xc0\x99#\xe2\x8a\xc8')}}
2019-12-28 14:19:47,257 - DEBUG - COM4: RX: 1ac0d5b91bba0508344a809923e28a48b06ddd0001c09923e28ac8
2019-12-28 14:19:47,257 - DEBUG - COM4: parsed_packet {event: ProvUnprovisionedReceived, data: {'uuid': bytearray(b'\xd5\xb9\x1b\xba\x05\x084J\x80\x99#\xe2\x8aH\xb0m'), 'rssi': -35, 'gatt_supported': 0, 'adv_addr_type': 1, 'adv_addr': bytearray(b'\xc0\x99#\xe2\x8a\xc8')}}
2019-12-28 14:19:49,267 - DEBUG - COM4: RX: 1ac0d5b91bba0508344a809923e28a48b06dda0001c09923e28ac8
2019-12-28 14:19:49,267 - DEBUG - COM4: parsed_packet {event: ProvUnprovisionedReceived, data: {'uuid': bytearray(b'\xd5\xb9\x1b\xba\x05\x084J\x80\x99#\xe2\x8aH\xb0m'), 'rssi': -38, 'gatt_supported': 0, 'adv_addr_type': 1, 'adv_addr': bytearray(b'\xc0\x99#\xe2\x8a\xc8')}}
2019-12-28 14:19:51,271 - DEBUG - COM4: RX: 1ac0d5b91bba0508344a809923e28a48b06dd50001c09923e28ac8
2019-12-28 14:19:51,271 - DEBUG - COM4: parsed_packet {event: ProvUnprovisionedReceived, data: {'uuid': bytearray(b'\xd5\xb9\x1b\xba\x05\x084J\x80\x99#\xe2\x8aH\xb0m'), 'rssi': -43, 'gatt_supported': 0, 'adv_addr_type': 1, 'adv_addr': bytearray(b'\xc0\x99#\xe2\x8a\xc8')}}
2019-12-28 14:19:55,285 - DEBUG - COM4: RX: 1ac0d5b91bba0508344a809923e28a48b06dda0001c09923e28ac8
2019-12-28 14:19:55,286 - DEBUG - COM4: parsed_packet {event: ProvUnprovisionedReceived, data: {'uuid': bytearray(b'\xd5\xb9\x1b\xba\x05\x084J\x80\x99#\xe2\x8aH\xb0m'), 'rssi': -38, 'gatt_supported': 0, 'adv_addr_type': 1, 'adv_addr': bytearray(b'\xc0\x99#\xe2\x8a\xc8')}}
2019-12-28 14:19:57,291 - DEBUG - COM4: RX: 1ac0d5b91bba0508344a809923e28a48b06dd50001c09923e28ac8
2019-12-28 14:19:57,292 - DEBUG - COM4: parsed_packet {event: ProvUnprovisionedReceived, data: {'uuid': bytearray(b'\xd5\xb9\x1b\xba\x05\x084J\x80\x99#\xe2\x8aH\xb0m'), 'rssi': -43, 'gatt_supported': 0, 'adv_addr_type': 1, 'adv_addr': bytearray(b'\xc0\x99#\xe2\x8a\xc8')}}
2019-12-28 14:19:59,308 - DEBUG - COM4: RX: 1ac0d5b91bba0508344a809923e28a48b06ddd0001c09923e28ac8
2019-12-28 14:19:59,308 - DEBUG - COM4: parsed_packet {event: ProvUnprovisionedReceived, data: {'uuid': bytearray(b'\xd5\xb9\x1b\xba\x05\x084J\x80\x99#\xe2\x8aH\xb0m'), 'rssi': -35, 'gatt_supported': 0, 'adv_addr_type': 1, 'adv_addr': bytearray(b'\xc0\x99#\xe2\x8a\xc8')}}
2019-12-28 14:20:01,295 - DEBUG - COM4: RX: 1ac0d5b91bba0508344a809923e28a48b06dda0001c09923e28ac8
2019-12-28 14:20:01,295 - DEBUG - COM4: parsed_packet {event: ProvUnprovisionedReceived, data: {'uuid': bytearray(b'\xd5\xb9\x1b\xba\x05\x084J\x80\x99#\xe2\x8aH\xb0m'), 'rssi': -38, 'gatt_supported': 0, 'adv_addr_type': 1, 'adv_addr': bytearray(b'\xc0\x99#\xe2\x8a\xc8')}}
2019-12-28 14:20:03,303 - DEBUG - COM4: RX: 1ac0d5b91bba0508344a809923e28a48b06dd50001c09923e28ac8
2019-12-28 14:20:03,303 - DEBUG - COM4: parsed_packet {event: ProvUnprovisionedReceived, data: {'uuid': bytearray(b'\xd5\xb9\x1b\xba\x05\x084J\x80\x99#\xe2\x8aH\xb0m'), 'rssi': -43, 'gatt_supported': 0, 'adv_addr_type': 1, 'adv_addr': bytearray(b'\xc0\x99#\xe2\x8a\xc8')}}
2019-12-28 14:20:05,307 - DEBUG - COM4: RX: 1ac0d5b91bba0508344a809923e28a48b06ddc0001c09923e28ac8
2019-12-28 14:20:05,307 - DEBUG - COM4: parsed_packet {event: ProvUnprovisionedReceived, data: {'uuid': bytearray(b'\xd5\xb9\x1b\xba\x05\x084J\x80\x99#\xe2\x8aH\xb0m'), 'rssi': -36, 'gatt_supported': 0, 'adv_addr_type': 1, 'adv_addr': bytearray(b'\xc0\x99#\xe2\x8a\xc8')}}
2019-12-28 14:20:07,314 - DEBUG - COM4: RX: 1ac0d5b91bba0508344a809923e28a48b06dda0001c09923e28ac8
2019-12-28 14:20:07,314 - DEBUG - COM4: parsed_packet {event: ProvUnprovisionedReceived, data: {'uuid': bytearray(b'\xd5\xb9\x1b\xba\x05\x084J\x80\x99#\xe2\x8aH\xb0m'), 'rssi': -38, 'gatt_supported': 0, 'adv_addr_type': 1, 'adv_addr': bytearray(b'\xc0\x99#\xe2\x8a\xc8')}}
2019-12-28 14:20:09,318 - DEBUG - COM4: RX: 1ac0d5b91bba0508344a809923e28a48b06dd20001c09923e28ac8
2019-12-28 14:20:09,318 - DEBUG - COM4: parsed_packet {event: ProvUnprovisionedReceived, data: {'uuid': bytearray(b'\xd5\xb9\x1b\xba\x05\x084J\x80\x99#\xe2\x8aH\xb0m'), 'rssi': -46, 'gatt_supported': 0, 'adv_addr_type': 1, 'adv_addr': bytearray(b'\xc0\x99#\xe2\x8a\xc8')}}
2019-12-28 14:20:11,323 - DEBUG - COM4: RX: 1ac0d5b91bba0508344a809923e28a48b06ddd0001c09923e28ac8
2019-12-28 14:20:11,323 - DEBUG - COM4: parsed_packet {event: ProvUnprovisionedReceived, data: {'uuid': bytearray(b'\xd5\xb9\x1b\xba\x05\x084J\x80\x99#\xe2\x8aH\xb0m'), 'rssi': -35, 'gatt_supported': 0, 'adv_addr_type': 1, 'adv_addr': bytearray(b'\xc0\x99#\xe2\x8a\xc8')}}
2019-12-28 14:20:13,327 - DEBUG - COM4: RX: 1ac0d5b91bba0508344a809923e28a48b06dda0001c09923e28ac8
2019-12-28 14:20:13,327 - DEBUG - COM4: parsed_packet {event: ProvUnprovisionedReceived, data: {'uuid': bytearray(b'\xd5\xb9\x1b\xba\x05\x084J\x80\x99#\xe2\x8aH\xb0m'), 'rssi': -38, 'gatt_supported': 0, 'adv_addr_type': 1, 'adv_addr': bytearray(b'\xc0\x99#\xe2\x8a\xc8')}}
2019-12-28 14:20:15,335 - DEBUG - COM4: RX: 1ac0d5b91bba0508344a809923e28a48b06dd50001c09923e28ac8
2019-12-28 14:20:15,335 - DEBUG - COM4: parsed_packet {event: ProvUnprovisionedReceived, data: {'uuid': bytearray(b'\xd5\xb9\x1b\xba\x05\x084J\x80\x99#\xe2\x8aH\xb0m'), 'rssi': -43, 'gatt_supported': 0, 'adv_addr_type': 1, 'adv_addr': bytearray(b'\xc0\x99#\xe2\x8a\xc8')}}
2019-12-28 14:20:17,340 - DEBUG - COM4: RX: 1ac0d5b91bba0508344a809923e28a48b06dd90001c09923e28ac8
2019-12-28 14:20:17,341 - DEBUG - COM4: parsed_packet {event: ProvUnprovisionedReceived, data: {'uuid': bytearray(b'\xd5\xb9\x1b\xba\x05\x084J\x80\x99#\xe2\x8aH\xb0m'), 'rssi': -39, 'gatt_supported': 0, 'adv_addr_type': 1, 'adv_addr': bytearray(b'\xc0\x99#\xe2\x8a\xc8')}}
2019-12-28 14:20:19,353 - DEBUG - COM4: RX: 1ac0d5b91bba0508344a809923e28a48b06dda0001c09923e28ac8
2019-12-28 14:20:19,353 - DEBUG - COM4: parsed_packet {event: ProvUnprovisionedReceived, data: {'uuid': bytearray(b'\xd5\xb9\x1b\xba\x05\x084J\x80\x99#\xe2\x8aH\xb0m'), 'rssi': -38, 'gatt_supported': 0, 'adv_addr_type': 1, 'adv_addr': bytearray(b'\xc0\x99#\xe2\x8a\xc8')}}
2019-12-28 14:20:21,352 - DEBUG - COM4: RX: 1ac0d5b91bba0508344a809923e28a48b06dd40001c09923e28ac8
2019-12-28 14:20:21,352 - DEBUG - COM4: parsed_packet {event: ProvUnprovisionedReceived, data: {'uuid': bytearray(b'\xd5\xb9\x1b\xba\x05\x084J\x80\x99#\xe2\x8aH\xb0m'), 'rssi': -44, 'gatt_supported': 0, 'adv_addr_type': 1, 'adv_addr': bytearray(b'\xc0\x99#\xe2\x8a\xc8')}}
2019-12-28 14:20:23,352 - DEBUG - COM4: RX: 1ac0d5b91bba0508344a809923e28a48b06ddc0001c09923e28ac8
2019-12-28 14:20:23,352 - DEBUG - COM4: parsed_packet {event: ProvUnprovisionedReceived, data: {'uuid': bytearray(b'\xd5\xb9\x1b\xba\x05\x084J\x80\x99#\xe2\x8aH\xb0m'), 'rssi': -36, 'gatt_supported': 0, 'adv_addr_type': 1, 'adv_addr': bytearray(b'\xc0\x99#\xe2\x8a\xc8')}}
2019-12-28 14:20:25,359 - DEBUG - COM4: RX: 1ac0d5b91bba0508344a809923e28a48b06dda0001c09923e28ac8
2019-12-28 14:20:25,359 - DEBUG - COM4: parsed_packet {event: ProvUnprovisionedReceived, data: {'uuid': bytearray(b'\xd5\xb9\x1b\xba\x05\x084J\x80\x99#\xe2\x8aH\xb0m'), 'rssi': -38, 'gatt_supported': 0, 'adv_addr_type': 1, 'adv_addr': bytearray(b'\xc0\x99#\xe2\x8a\xc8')}}
2019-12-28 14:20:27,362 - DEBUG - COM4: RX: 1ac0d5b91bba0508344a809923e28a48b06dd50001c09923e28ac8
2019-12-28 14:20:27,363 - DEBUG - COM4: parsed_packet {event: ProvUnprovisionedReceived, data: {'uuid': bytearray(b'\xd5\xb9\x1b\xba\x05\x084J\x80\x99#\xe2\x8aH\xb0m'), 'rssi': -43, 'gatt_supported': 0, 'adv_addr_type': 1, 'adv_addr': bytearray(b'\xc0\x99#\xe2\x8a\xc8')}}
2019-12-28 14:20:29,362 - DEBUG - COM4: RX: 1ac0d5b91bba0508344a809923e28a48b06ddd0001c09923e28ac8
2019-12-28 14:20:29,362 - DEBUG - COM4: parsed_packet {event: ProvUnprovisionedReceived, data: {'uuid': bytearray(b'\xd5\xb9\x1b\xba\x05\x084J\x80\x99#\xe2\x8aH\xb0m'), 'rssi': -35, 'gatt_supported': 0, 'adv_addr_type': 1, 'adv_addr': bytearray(b'\xc0\x99#\xe2\x8a\xc8')}}
2019-12-28 14:20:31,366 - DEBUG - COM4: RX: 1ac0d5b91bba0508344a809923e28a48b06dda0001c09923e28ac8
2019-12-28 14:20:31,367 - DEBUG - COM4: parsed_packet {event: ProvUnprovisionedReceived, data: {'uuid': bytearray(b'\xd5\xb9\x1b\xba\x05\x084J\x80\x99#\xe2\x8aH\xb0m'), 'rssi': -38, 'gatt_supported': 0, 'adv_addr_type': 1, 'adv_addr': bytearray(b'\xc0\x99#\xe2\x8a\xc8')}}
2019-12-28 14:20:33,369 - DEBUG - COM4: RX: 1ac0d5b91bba0508344a809923e28a48b06dd50001c09923e28ac8
2019-12-28 14:20:33,370 - DEBUG - COM4: parsed_packet {event: ProvUnprovisionedReceived, data: {'uuid': bytearray(b'\xd5\xb9\x1b\xba\x05\x084J\x80\x99#\xe2\x8aH\xb0m'), 'rssi': -43, 'gatt_supported': 0, 'adv_addr_type': 1, 'adv_addr': bytearray(b'\xc0\x99#\xe2\x8a\xc8')}}
2019-12-28 14:20:35,370 - DEBUG - COM4: RX: 1ac0d5b91bba0508344a809923e28a48b06ddd0001c09923e28ac8
2019-12-28 14:20:35,370 - DEBUG - COM4: parsed_packet {event: ProvUnprovisionedReceived, data: {'uuid': bytearray(b'\xd5\xb9\x1b\xba\x05\x084J\x80\x99#\xe2\x8aH\xb0m'), 'rssi': -35, 'gatt_supported': 0, 'adv_addr_type': 1, 'adv_addr': bytearray(b'\xc0\x99#\xe2\x8a\xc8')}}
2019-12-28 14:20:37,370 - DEBUG - COM4: RX: 1ac0d5b91bba0508344a809923e28a48b06ddb0001c09923e28ac8
2019-12-28 14:20:37,370 - DEBUG - COM4: parsed_packet {event: ProvUnprovisionedReceived, data: {'uuid': bytearray(b'\xd5\xb9\x1b\xba\x05\x084J\x80\x99#\xe2\x8aH\xb0m'), 'rssi': -37, 'gatt_supported': 0, 'adv_addr_type': 1, 'adv_addr': bytearray(b'\xc0\x99#\xe2\x8a\xc8')}}
2019-12-28 14:20:39,374 - DEBUG - COM4: RX: 1ac0d5b91bba0508344a809923e28a48b06dd50001c09923e28ac8
2019-12-28 14:20:39,374 - DEBUG - COM4: parsed_packet {event: ProvUnprovisionedReceived, data: {'uuid': bytearray(b'\xd5\xb9\x1b\xba\x05\x084J\x80\x99#\xe2\x8aH\xb0m'), 'rssi': -43, 'gatt_supported': 0, 'adv_addr_type': 1, 'adv_addr': bytearray(b'\xc0\x99#\xe2\x8a\xc8')}}
2019-12-28 14:20:41,376 - DEBUG - COM4: RX: 1ac0d5b91bba0508344a809923e28a48b06ddc0001c09923e28ac8
2019-12-28 14:20:41,377 - DEBUG - COM4: parsed_packet {event: ProvUnprovisionedReceived, data: {'uuid': bytearray(b'\xd5\xb9\x1b\xba\x05\x084J\x80\x99#\xe2\x8aH\xb0m'), 'rssi': -36, 'gatt_supported': 0, 'adv_addr_type': 1, 'adv_addr': bytearray(b'\xc0\x99#\xe2\x8a\xc8')}}
