2019-12-29 11:51:53,180 - DEBUG - COM4: TX: 6169aa01bde32b00d32882e696d42507ce46de71a1778209c1ab0a9c6750d6b66ac96c92a74077023d4bcf3ac16c661b27e8712066ce576008bfcf9d49adbe5609ac9933b74a6e9bcd81bdec6e42246bbaf82fd880fed6c3103aa7c960b2de7d57b0
2019-12-29 11:51:53,190 - DEBUG - COM4: RX: 03846900
2019-12-29 11:51:53,191 - DEBUG - COM4: parsed_packet {event: CmdRsp, data: {'opcode': 105, 'status': 0, 'data': bytearray(b'')}}
2019-12-29 11:51:53,191 - DEBUG - COM4: TX: 059f01000100
2019-12-29 11:51:53,191 - INFO - COM4: Success
2019-12-29 11:51:53,193 - DEBUG - COM4: RX: 03849f8e
2019-12-29 11:51:53,202 - DEBUG - COM4: parsed_packet {event: CmdRsp, data: {'opcode': 159, 'status': 142, 'data': bytearray(b'')}}
2019-12-29 11:51:53,202 - DEBUG - COM4: TX: 1392000018eed9c2a56add85049ffc3c59ad0e12
2019-12-29 11:51:53,202 - ERROR - COM4: None: ERROR_REJECTED
2019-12-29 11:51:53,206 - DEBUG - COM4: RX: 03849281
2019-12-29 11:51:53,206 - DEBUG - COM4: parsed_packet {event: CmdRsp, data: {'opcode': 146, 'status': 129, 'data': bytearray(b'')}}
2019-12-29 11:51:53,206 - DEBUG - COM4: TX: 1597000000004f68ad85d9f48ac8589df665b6b49b8a
2019-12-29 11:51:53,206 - ERROR - COM4: SubnetAdd: ERROR_INTERNAL
2019-12-29 11:51:53,210 - DEBUG - COM4: RX: 03849781
2019-12-29 11:51:53,210 - DEBUG - COM4: parsed_packet {event: CmdRsp, data: {'opcode': 151, 'status': 129, 'data': bytearray(b'')}}
2019-12-29 11:51:53,210 - DEBUG - COM4: TX: 1597010000002aa2a6ded5a0798ceab5787ca3ae39fc
2019-12-29 11:51:53,210 - ERROR - COM4: AppkeyAdd: ERROR_INTERNAL
2019-12-29 11:51:53,214 - DEBUG - COM4: RX: 03849781
2019-12-29 11:51:53,214 - DEBUG - COM4: parsed_packet {event: CmdRsp, data: {'opcode': 151, 'status': 129, 'data': bytearray(b'')}}
2019-12-29 11:51:53,214 - ERROR - COM4: AppkeyAdd: ERROR_INTERNAL
2019-12-29 11:51:55,189 - DEBUG - COM4: TX: 0161
2019-12-29 11:51:55,189 - DEBUG - COM4: RX: 03846100
2019-12-29 11:51:55,189 - DEBUG - COM4: parsed_packet {event: CmdRsp, data: {'opcode': 97, 'status': 0, 'data': bytearray(b'')}}
2019-12-29 11:51:55,191 - INFO - COM4: Success
2019-12-29 11:51:55,490 - DEBUG - COM4: RX: 1ac0d5b91bba0508344a809923e28a48b06dce0001c09923e28ac8
2019-12-29 11:51:55,490 - DEBUG - COM4: parsed_packet {event: ProvUnprovisionedReceived, data: {'uuid': bytearray(b'\xd5\xb9\x1b\xba\x05\x084J\x80\x99#\xe2\x8aH\xb0m'), 'rssi': -50, 'gatt_supported': 0, 'adv_addr_type': 1, 'adv_addr': bytearray(b'\xc0\x99#\xe2\x8a\xc8')}}
2019-12-29 11:51:55,490 - INFO - COM4: Received UUID d5b91bba0508344a809923e28a48b06d with RSSI: -50 dB
2019-12-29 11:51:57,484 - DEBUG - COM4: RX: 1ac0d5b91bba0508344a809923e28a48b06dd20001c09923e28ac8
2019-12-29 11:51:57,484 - DEBUG - COM4: parsed_packet {event: ProvUnprovisionedReceived, data: {'uuid': bytearray(b'\xd5\xb9\x1b\xba\x05\x084J\x80\x99#\xe2\x8aH\xb0m'), 'rssi': -46, 'gatt_supported': 0, 'adv_addr_type': 1, 'adv_addr': bytearray(b'\xc0\x99#\xe2\x8a\xc8')}}
2019-12-29 11:51:59,507 - DEBUG - COM4: RX: 1ac0d5b91bba0508344a809923e28a48b06dd20001c09923e28ac8
2019-12-29 11:51:59,507 - DEBUG - COM4: parsed_packet {event: ProvUnprovisionedReceived, data: {'uuid': bytearray(b'\xd5\xb9\x1b\xba\x05\x084J\x80\x99#\xe2\x8aH\xb0m'), 'rssi': -46, 'gatt_supported': 0, 'adv_addr_type': 1, 'adv_addr': bytearray(b'\xc0\x99#\xe2\x8a\xc8')}}
2019-12-29 11:52:00,190 - DEBUG - COM4: TX: 0162
2019-12-29 11:52:00,192 - DEBUG - COM4: RX: 03846200
2019-12-29 11:52:00,192 - DEBUG - COM4: parsed_packet {event: CmdRsp, data: {'opcode': 98, 'status': 0, 'data': bytearray(b'')}}
2019-12-29 11:52:00,192 - INFO - COM4: Success
