2020-01-06 15:39:55,777 - DEBUG - COM4: TX: 61696e336b6f8dca6c06506018148c937de24fce4ab6f8e0043bb28716dc0fdd38e72910cfcc0cebad059adff44e5f5361cd157ef90069dde53c3044db8c9933548285ba57bdc7b1e77fe3ce050aa5e93df7e94b70c36bb15c3aa600ea69b0b47e9d
2020-01-06 15:39:55,789 - DEBUG - COM4: RX: 03846900
2020-01-06 15:39:55,789 - DEBUG - COM4: parsed_packet {event: CmdRsp, data: {'opcode': 105, 'status': 0, 'data': bytearray(b'')}}
2020-01-06 15:39:55,789 - DEBUG - COM4: TX: 059f01000100
2020-01-06 15:39:55,789 - INFO - COM4: Success
2020-01-06 15:39:55,792 - DEBUG - COM4: RX: 03849f00
2020-01-06 15:39:55,792 - DEBUG - COM4: parsed_packet {event: CmdRsp, data: {'opcode': 159, 'status': 0, 'data': bytearray(b'')}}
2020-01-06 15:39:55,792 - DEBUG - COM4: TX: 1392000018eed9c2a56add85049ffc3c59ad0e12
2020-01-06 15:39:55,792 - INFO - COM4: Success
2020-01-06 15:39:55,797 - DEBUG - COM4: RX: 058492000000
2020-01-06 15:39:55,797 - DEBUG - COM4: parsed_packet {event: CmdRsp, data: {'opcode': 146, 'status': 0, 'data': bytearray(b'\x00\x00')}}
2020-01-06 15:39:55,797 - DEBUG - COM4: TX: 1597000000004f68ad85d9f48ac8589df665b6b49b8a
2020-01-06 15:39:55,797 - INFO - COM4: SubnetAdd: {'subnet_handle': 0}
2020-01-06 15:39:55,801 - DEBUG - COM4: RX: 058497000000
2020-01-06 15:39:55,801 - DEBUG - COM4: parsed_packet {event: CmdRsp, data: {'opcode': 151, 'status': 0, 'data': bytearray(b'\x00\x00')}}
2020-01-06 15:39:55,801 - DEBUG - COM4: TX: 1597010000002aa2a6ded5a0798ceab5787ca3ae39fc
2020-01-06 15:39:55,801 - INFO - COM4: AppkeyAdd: {'appkey_handle': 0}
2020-01-06 15:39:55,805 - DEBUG - COM4: RX: 058497000100
2020-01-06 15:39:55,805 - DEBUG - COM4: parsed_packet {event: CmdRsp, data: {'opcode': 151, 'status': 0, 'data': bytearray(b'\x01\x00')}}
2020-01-06 15:39:55,805 - INFO - COM4: AppkeyAdd: {'appkey_handle': 1}
2020-01-06 15:40:47,194 - DEBUG - COM4: RX: 00
2020-01-06 15:40:47,194 - ERROR - COM4: Invalid packet: bytearray(b'\x00')
2020-01-06 15:40:47,607 - DEBUG - COM4: RX: 04810200fe
2020-01-06 15:40:47,607 - DEBUG - COM4: parsed_packet {event: DeviceStarted, data: {'operating_mode': 2, 'hw_error': 0, 'data_credit_available': 254}}
2020-01-06 15:40:47,607 - INFO - COM4: Device rebooted.
