2019-12-30 17:21:29,494 - DEBUG - COM4: TX: 616959a6b5c3091bee25a629a87595e08a43ef59a250c1ea54b6c9a0e57270c8a2d7991bd0a38548ac0df5d17fe864ce830079118cd928e11f583653be7d0a6a170150cbe181a6155b238c38a7e0a9b9028f7d814af36343ee8fa8e0d25f492e890a
2019-12-30 17:21:29,506 - DEBUG - COM4: RX: 03846900
2019-12-30 17:21:29,507 - DEBUG - COM4: parsed_packet {event: CmdRsp, data: {'opcode': 105, 'status': 0, 'data': bytearray(b'')}}
2019-12-30 17:21:29,507 - DEBUG - COM4: TX: 059f01000100
2019-12-30 17:21:29,507 - INFO - COM4: Success
2019-12-30 17:21:29,509 - DEBUG - COM4: RX: 03849f00
2019-12-30 17:21:29,518 - DEBUG - COM4: parsed_packet {event: CmdRsp, data: {'opcode': 159, 'status': 0, 'data': bytearray(b'')}}
2019-12-30 17:21:29,519 - DEBUG - COM4: TX: 1392000018eed9c2a56add85049ffc3c59ad0e12
2019-12-30 17:21:29,518 - INFO - COM4: Success
2019-12-30 17:21:29,523 - DEBUG - COM4: RX: 058492000000
2019-12-30 17:21:29,523 - DEBUG - COM4: parsed_packet {event: CmdRsp, data: {'opcode': 146, 'status': 0, 'data': bytearray(b'\x00\x00')}}
2019-12-30 17:21:29,524 - DEBUG - COM4: TX: 1597000000004f68ad85d9f48ac8589df665b6b49b8a
2019-12-30 17:21:29,523 - INFO - COM4: SubnetAdd: {'subnet_handle': 0}
2019-12-30 17:21:29,528 - DEBUG - COM4: RX: 058497000000
2019-12-30 17:21:29,528 - DEBUG - COM4: parsed_packet {event: CmdRsp, data: {'opcode': 151, 'status': 0, 'data': bytearray(b'\x00\x00')}}
2019-12-30 17:21:29,528 - DEBUG - COM4: TX: 1597010000002aa2a6ded5a0798ceab5787ca3ae39fc
2019-12-30 17:21:29,528 - INFO - COM4: AppkeyAdd: {'appkey_handle': 0}
2019-12-30 17:21:29,532 - DEBUG - COM4: RX: 058497000100
2019-12-30 17:21:29,532 - DEBUG - COM4: parsed_packet {event: CmdRsp, data: {'opcode': 151, 'status': 0, 'data': bytearray(b'\x01\x00')}}
2019-12-30 17:21:29,533 - INFO - COM4: AppkeyAdd: {'appkey_handle': 1}
