2019-12-30 19:33:47,932 - DEBUG - COM4: TX: 6169294295978abc02083ded111ea127cfbbd4c5a4f533631b141ab87e57d776d0e6a303947b55c96f0aa021c28399f33cfa212dcecfdc3f787428c993bdc705177f4ee9abcdd769b8b9db2e68c1565fb0106704419bf8e47dab1a9665c6e2c53c80
2019-12-30 19:33:47,944 - DEBUG - COM4: RX: 03846900
2019-12-30 19:33:47,944 - DEBUG - COM4: parsed_packet {event: CmdRsp, data: {'opcode': 105, 'status': 0, 'data': bytearray(b'')}}
2019-12-30 19:33:47,945 - DEBUG - COM4: TX: 059f01000100
2019-12-30 19:33:47,945 - INFO - COM4: Success
2019-12-30 19:33:47,947 - DEBUG - COM4: RX: 03849f8e
2019-12-30 19:33:47,957 - DEBUG - COM4: parsed_packet {event: CmdRsp, data: {'opcode': 159, 'status': 142, 'data': bytearray(b'')}}
2019-12-30 19:33:47,957 - ERROR - COM4: None: ERROR_REJECTED
2019-12-30 19:33:47,957 - DEBUG - COM4: TX: 1392000018eed9c2a56add85049ffc3c59ad0e12
2019-12-30 19:33:47,961 - DEBUG - COM4: RX: 03849281
2019-12-30 19:33:47,961 - DEBUG - COM4: parsed_packet {event: CmdRsp, data: {'opcode': 146, 'status': 129, 'data': bytearray(b'')}}
2019-12-30 19:33:47,961 - DEBUG - COM4: TX: 1597000000004f68ad85d9f48ac8589df665b6b49b8a
2019-12-30 19:33:47,961 - ERROR - COM4: SubnetAdd: ERROR_INTERNAL
2019-12-30 19:33:47,964 - DEBUG - COM4: RX: 03849781
2019-12-30 19:33:47,965 - DEBUG - COM4: parsed_packet {event: CmdRsp, data: {'opcode': 151, 'status': 129, 'data': bytearray(b'')}}
2019-12-30 19:33:47,965 - DEBUG - COM4: TX: 1597010000002aa2a6ded5a0798ceab5787ca3ae39fc
2019-12-30 19:33:47,965 - ERROR - COM4: AppkeyAdd: ERROR_INTERNAL
2019-12-30 19:33:47,968 - DEBUG - COM4: RX: 03849781
2019-12-30 19:33:47,969 - DEBUG - COM4: parsed_packet {event: CmdRsp, data: {'opcode': 151, 'status': 129, 'data': bytearray(b'')}}
2019-12-30 19:33:47,969 - ERROR - COM4: AppkeyAdd: ERROR_INTERNAL
2019-12-30 19:33:56,948 - DEBUG - COM4: TX: 159c100000005d9021df511729ac8bec35d89746736d
2019-12-30 19:33:56,952 - DEBUG - COM4: RX: 03849c8e
2019-12-30 19:33:56,952 - DEBUG - COM4: parsed_packet {event: CmdRsp, data: {'opcode': 156, 'status': 142, 'data': bytearray(b'')}}
2019-12-30 19:33:56,952 - ERROR - COM4: DevkeyAdd: ERROR_REJECTED
2019-12-30 19:33:56,953 - DEBUG - COM4: TX: 03a41000
2019-12-30 19:33:56,955 - DEBUG - COM4: RX: 0584a4000100
2019-12-30 19:33:56,955 - DEBUG - COM4: parsed_packet {event: CmdRsp, data: {'opcode': 164, 'status': 0, 'data': bytearray(b'\x01\x00')}}
2019-12-30 19:33:56,956 - INFO - COM4: AddrPublicationAdd: {'address_handle': 1}
2019-12-30 19:33:57,948 - DEBUG - COM4.ConfigurationClient: Sending opcode: 8008, data: 00
2019-12-30 19:33:57,948 - DEBUG - COM4.ConfigurationClient: Sending opcode: 00, data: 0000004f68ad85d9f48ac8589df665b6b49b8a
2019-12-30 19:33:57,948 - DEBUG - COM4: TX: 0eab08000100000008000000800800
2019-12-30 19:33:57,948 - DEBUG - COM4.ConfigurationClient: Sending opcode: 803d, data: 100000000210
2019-12-30 19:33:57,952 - DEBUG - COM4: RX: 0784ab0007000000
2019-12-30 19:33:57,953 - DEBUG - COM4: parsed_packet {event: CmdRsp, data: {'opcode': 171, 'status': 0, 'data': bytearray(b'\x07\x00\x00\x00')}}
2019-12-30 19:33:57,953 - DEBUG - COM4: TX: 1fab08000100000008000000000000004f68ad85d9f48ac8589df665b6b49b8a
2019-12-30 19:33:57,953 - INFO - COM4: PacketSend: {'token': 7}
2019-12-30 19:33:57,959 - DEBUG - COM4: RX: 0784ab0008000000
2019-12-30 19:33:57,959 - DEBUG - COM4: parsed_packet {event: CmdRsp, data: {'opcode': 171, 'status': 0, 'data': bytearray(b'\x08\x00\x00\x00')}}
2019-12-30 19:33:57,960 - DEBUG - COM4: TX: 13ab08000100000008000000803d100000000210
2019-12-30 19:33:57,960 - INFO - COM4: PacketSend: {'token': 8}
2019-12-30 19:33:57,961 - DEBUG - COM4: RX: 05d207000000
2019-12-30 19:33:57,961 - DEBUG - COM4: parsed_packet {event: MeshTxComplete, data: {'token': 7}}
2019-12-30 19:33:57,962 - INFO - COM4: {event: MeshTxComplete, data: {'token': 7}}
2019-12-30 19:33:57,964 - DEBUG - COM4: RX: 0784ab0009000000
2019-12-30 19:33:57,964 - DEBUG - COM4: parsed_packet {event: CmdRsp, data: {'opcode': 171, 'status': 0, 'data': bytearray(b'\t\x00\x00\x00')}}
2019-12-30 19:33:57,965 - INFO - COM4: PacketSend: {'token': 9}
2019-12-30 19:33:58,023 - DEBUG - COM4: RX: 2ad011000100080000000401c09923e28ac8d8160002005900000000002800030000000300000002000010
2019-12-30 19:33:58,023 - DEBUG - COM4: parsed_packet {event: MeshMessageReceivedUnicast, data: {'src': 17, 'dst': 1, 'appkey_handle': 8, 'subnet_handle': 0, 'ttl': 4, 'adv_addr_type': 1, 'adv_addr': bytearray(b'\xc0\x99#\xe2\x8a\xc8'), 'rssi': -40, 'actual_length': 22, 'data': bytearray(b'\x02\x00Y\x00\x00\x00\x00\x00(\x00\x03\x00\x00\x00\x03\x00\x00\x00\x02\x00\x00\x10')}}
2019-12-30 19:33:58,030 - INFO - COM4.ConfigurationClient: Received composition data (page 0x00): {
  "cid": "0059",
  "pid": "0000",
  "vid": "0000",
  "crpl": 40,
  "features": {
    "relay": 0,
    "proxy": 0,
    "friend": 2,
    "low_power": 2
  },
  "elements": [
    {
      "index": 0,
      "location": "0000",
      "models": [
        {
          "modelId": "0000"
        },
        {
          "modelId": "0002"
        },
        {
          "modelId": "1000"
        }
      ]
    }
  ]
}
2019-12-30 19:33:58,031 - DEBUG - COM4: Message Opcode bytearray(b'\x02'), Data bytearray(b'\x00Y\x00\x00\x00\x00\x00(\x00\x03\x00\x00\x00\x03\x00\x00\x00\x02\x00\x00\x10') unknown for model <mesh.access.Access object at 0x0000021A3D2B0610>.
2019-12-30 19:33:58,037 - DEBUG - COM4: RX: 05d209000000
2019-12-30 19:33:58,038 - DEBUG - COM4: parsed_packet {event: MeshTxComplete, data: {'token': 9}}
2019-12-30 19:33:58,038 - INFO - COM4: {event: MeshTxComplete, data: {'token': 9}}
2019-12-30 19:33:58,041 - DEBUG - COM4: RX: 05d208000000
2019-12-30 19:33:58,042 - DEBUG - COM4: parsed_packet {event: MeshTxComplete, data: {'token': 8}}
2019-12-30 19:33:58,042 - INFO - COM4: {event: MeshTxComplete, data: {'token': 8}}
2019-12-30 19:33:58,068 - DEBUG - COM4: RX: 1ad011000100080000000401c09923e28ac8d80600800300000000
2019-12-30 19:33:58,068 - DEBUG - COM4: parsed_packet {event: MeshMessageReceivedUnicast, data: {'src': 17, 'dst': 1, 'appkey_handle': 8, 'subnet_handle': 0, 'ttl': 4, 'adv_addr_type': 1, 'adv_addr': bytearray(b'\xc0\x99#\xe2\x8a\xc8'), 'rssi': -40, 'actual_length': 6, 'data': bytearray(b'\x80\x03\x00\x00\x00\x00')}}
2019-12-30 19:33:58,069 - INFO - COM4.ConfigurationClient: Appkey status: AccessStatus.SUCCESS
2019-12-30 19:33:58,075 - INFO - COM4.ConfigurationClient: Appkey bind 0 succeded for subnet 0 at node 0011
2019-12-30 19:33:58,076 - DEBUG - COM4: Message Opcode bytearray(b'\x80\x03'), Data bytearray(b'\x00\x00\x00\x00') unknown for model <mesh.access.Access object at 0x0000021A3D2B0610>.
2019-12-30 19:33:58,098 - DEBUG - COM4: RX: 1dd011000100080000000401c09923e28ac8d80900803e01100000000210
2019-12-30 19:33:58,098 - DEBUG - COM4: parsed_packet {event: MeshMessageReceivedUnicast, data: {'src': 17, 'dst': 1, 'appkey_handle': 8, 'subnet_handle': 0, 'ttl': 4, 'adv_addr_type': 1, 'adv_addr': bytearray(b'\xc0\x99#\xe2\x8a\xc8'), 'rssi': -40, 'actual_length': 9, 'data': bytearray(b'\x80>\x01\x10\x00\x00\x00\x02\x10')}}
2019-12-30 19:33:58,098 - INFO - COM4.ConfigurationClient: Model app bind status: AccessStatus.INVALID_ADDRESS
2019-12-30 19:33:58,099 - DEBUG - COM4: Message Opcode bytearray(b'\x80>'), Data bytearray(b'\x01\x10\x00\x00\x00\x02\x10') unknown for model <mesh.access.Access object at 0x0000021A3D2B0610>.
