2019-12-29 11:32:07,601 - DEBUG - COM4: TX: 6169d73f1ecbd5b4163c7e45bbc793d8e4180a8ff7d7aecdd09c5bb8ebe4d7fe5c8b7a08fc8b1a22c7d37554f71e3d8b6d663396d11537e5ba2e5bdda535a191f7e67888ac0ada899ecb91984b82cb623644e6b51335633c9ab5547801fd57dde195
2019-12-29 11:32:07,622 - DEBUG - COM4: RX: 03846900
2019-12-29 11:32:07,622 - DEBUG - COM4: parsed_packet {event: CmdRsp, data: {'opcode': 105, 'status': 0, 'data': bytearray(b'')}}
2019-12-29 11:32:07,622 - INFO - COM4: Success
2019-12-29 11:32:07,623 - DEBUG - COM4: TX: 059f01000100
2019-12-29 11:32:07,623 - DEBUG - COM4: RX: 03849f8e
2019-12-29 11:32:07,633 - DEBUG - COM4: parsed_packet {event: CmdRsp, data: {'opcode': 159, 'status': 142, 'data': bytearray(b'')}}
2019-12-29 11:32:07,633 - DEBUG - COM4: TX: 1392000018eed9c2a56add85049ffc3c59ad0e12
2019-12-29 11:32:07,633 - ERROR - COM4: None: ERROR_REJECTED
2019-12-29 11:32:07,637 - DEBUG - COM4: RX: 03849281
2019-12-29 11:32:07,637 - DEBUG - COM4: parsed_packet {event: CmdRsp, data: {'opcode': 146, 'status': 129, 'data': bytearray(b'')}}
2019-12-29 11:32:07,638 - DEBUG - COM4: TX: 1597000000004f68ad85d9f48ac8589df665b6b49b8a
2019-12-29 11:32:07,637 - ERROR - COM4: SubnetAdd: ERROR_INTERNAL
2019-12-29 11:32:07,641 - DEBUG - COM4: RX: 03849781
2019-12-29 11:32:07,642 - DEBUG - COM4: parsed_packet {event: CmdRsp, data: {'opcode': 151, 'status': 129, 'data': bytearray(b'')}}
2019-12-29 11:32:07,642 - DEBUG - COM4: TX: 1597010000002aa2a6ded5a0798ceab5787ca3ae39fc
2019-12-29 11:32:07,642 - ERROR - COM4: AppkeyAdd: ERROR_INTERNAL
2019-12-29 11:32:07,645 - DEBUG - COM4: RX: 03849781
2019-12-29 11:32:07,645 - DEBUG - COM4: parsed_packet {event: CmdRsp, data: {'opcode': 151, 'status': 129, 'data': bytearray(b'')}}
2019-12-29 11:32:07,646 - ERROR - COM4: AppkeyAdd: ERROR_INTERNAL
2019-12-29 11:32:09,602 - DEBUG - COM4: TX: 0161
2019-12-29 11:32:09,604 - DEBUG - COM4: RX: 03846100
2019-12-29 11:32:09,604 - DEBUG - COM4: parsed_packet {event: CmdRsp, data: {'opcode': 97, 'status': 0, 'data': bytearray(b'')}}
2019-12-29 11:32:09,604 - INFO - COM4: Success
2019-12-29 11:32:10,667 - DEBUG - COM4: RX: 1ac0d5b91bba0508344a809923e28a48b06dd20001c09923e28ac8
2019-12-29 11:32:10,667 - DEBUG - COM4: parsed_packet {event: ProvUnprovisionedReceived, data: {'uuid': bytearray(b'\xd5\xb9\x1b\xba\x05\x084J\x80\x99#\xe2\x8aH\xb0m'), 'rssi': -46, 'gatt_supported': 0, 'adv_addr_type': 1, 'adv_addr': bytearray(b'\xc0\x99#\xe2\x8a\xc8')}}
2019-12-29 11:32:10,667 - INFO - COM4: Received UUID d5b91bba0508344a809923e28a48b06d with RSSI: -46 dB
2019-12-29 11:32:12,664 - DEBUG - COM4: RX: 1ac0d5b91bba0508344a809923e28a48b06dcf0001c09923e28ac8
2019-12-29 11:32:12,664 - DEBUG - COM4: parsed_packet {event: ProvUnprovisionedReceived, data: {'uuid': bytearray(b'\xd5\xb9\x1b\xba\x05\x084J\x80\x99#\xe2\x8aH\xb0m'), 'rssi': -49, 'gatt_supported': 0, 'adv_addr_type': 1, 'adv_addr': bytearray(b'\xc0\x99#\xe2\x8a\xc8')}}
2019-12-29 11:32:14,602 - DEBUG - COM4: TX: 0162
2019-12-29 11:32:14,604 - DEBUG - COM4: RX: 03846200
2019-12-29 11:32:14,604 - DEBUG - COM4: parsed_packet {event: CmdRsp, data: {'opcode': 98, 'status': 0, 'data': bytearray(b'')}}
2019-12-29 11:32:14,604 - INFO - COM4: Success
