2019-12-30 19:15:34,844 - DEBUG - COM4: TX: 6169e2e0494c60090e9ef72d48146588f63798d7b4bc83c7a4bbf89fbed2852993dff80e53070cb47be511a9b96c7646cdd73566ca90c412ffec4d0030ee697e9137da9547f74f2f1ebc62df67b352f327ddc367fb9d2f053744b655592fb67dac99
2019-12-30 19:15:34,855 - DEBUG - COM4: RX: 03846900
2019-12-30 19:15:34,856 - DEBUG - COM4: parsed_packet {event: CmdRsp, data: {'opcode': 105, 'status': 0, 'data': bytearray(b'')}}
2019-12-30 19:15:34,856 - DEBUG - COM4: TX: 059f01000100
2019-12-30 19:15:34,856 - INFO - COM4: Success
2019-12-30 19:15:34,858 - DEBUG - COM4: RX: 03849f00
2019-12-30 19:15:34,858 - DEBUG - COM4: parsed_packet {event: CmdRsp, data: {'opcode': 159, 'status': 0, 'data': bytearray(b'')}}
2019-12-30 19:15:34,859 - DEBUG - COM4: TX: 1392000018eed9c2a56add85049ffc3c59ad0e12
2019-12-30 19:15:34,859 - INFO - COM4: Success
2019-12-30 19:15:34,863 - DEBUG - COM4: RX: 058492000000
2019-12-30 19:15:34,863 - DEBUG - COM4: parsed_packet {event: CmdRsp, data: {'opcode': 146, 'status': 0, 'data': bytearray(b'\x00\x00')}}
2019-12-30 19:15:34,864 - DEBUG - COM4: TX: 1597000000004f68ad85d9f48ac8589df665b6b49b8a
2019-12-30 19:15:34,863 - INFO - COM4: SubnetAdd: {'subnet_handle': 0}
2019-12-30 19:15:34,868 - DEBUG - COM4: RX: 058497000000
2019-12-30 19:15:34,868 - DEBUG - COM4: parsed_packet {event: CmdRsp, data: {'opcode': 151, 'status': 0, 'data': bytearray(b'\x00\x00')}}
2019-12-30 19:15:34,868 - DEBUG - COM4: TX: 1597010000002aa2a6ded5a0798ceab5787ca3ae39fc
2019-12-30 19:15:34,868 - INFO - COM4: AppkeyAdd: {'appkey_handle': 0}
2019-12-30 19:15:34,873 - DEBUG - COM4: RX: 058497000100
2019-12-30 19:15:34,873 - DEBUG - COM4: parsed_packet {event: CmdRsp, data: {'opcode': 151, 'status': 0, 'data': bytearray(b'\x01\x00')}}
2019-12-30 19:15:34,873 - INFO - COM4: AppkeyAdd: {'appkey_handle': 1}
2019-12-30 19:15:43,785 - DEBUG - COM4: TX: 0161
2019-12-30 19:15:43,787 - DEBUG - COM4: RX: 03846100
2019-12-30 19:15:43,787 - DEBUG - COM4: parsed_packet {event: CmdRsp, data: {'opcode': 97, 'status': 0, 'data': bytearray(b'')}}
2019-12-30 19:15:43,787 - INFO - COM4: Success
2019-12-30 19:15:44,566 - DEBUG - COM4: RX: 1ac0d5b91bba0508344a809923e28a48b06dd80001c09923e28ac8
2019-12-30 19:15:44,566 - DEBUG - COM4: parsed_packet {event: ProvUnprovisionedReceived, data: {'uuid': bytearray(b'\xd5\xb9\x1b\xba\x05\x084J\x80\x99#\xe2\x8aH\xb0m'), 'rssi': -40, 'gatt_supported': 0, 'adv_addr_type': 1, 'adv_addr': bytearray(b'\xc0\x99#\xe2\x8a\xc8')}}
2019-12-30 19:15:44,567 - INFO - COM4: Received UUID d5b91bba0508344a809923e28a48b06d with RSSI: -40 dB
2019-12-30 19:15:46,567 - DEBUG - COM4: RX: 1ac0d5b91bba0508344a809923e28a48b06dd70001c09923e28ac8
2019-12-30 19:15:46,568 - DEBUG - COM4: parsed_packet {event: ProvUnprovisionedReceived, data: {'uuid': bytearray(b'\xd5\xb9\x1b\xba\x05\x084J\x80\x99#\xe2\x8aH\xb0m'), 'rssi': -41, 'gatt_supported': 0, 'adv_addr_type': 1, 'adv_addr': bytearray(b'\xc0\x99#\xe2\x8a\xc8')}}
2019-12-30 19:15:48,569 - DEBUG - COM4: RX: 1ac0d5b91bba0508344a809923e28a48b06dd00001c09923e28ac8
2019-12-30 19:15:48,569 - DEBUG - COM4: parsed_packet {event: ProvUnprovisionedReceived, data: {'uuid': bytearray(b'\xd5\xb9\x1b\xba\x05\x084J\x80\x99#\xe2\x8aH\xb0m'), 'rssi': -48, 'gatt_supported': 0, 'adv_addr_type': 1, 'adv_addr': bytearray(b'\xc0\x99#\xe2\x8a\xc8')}}
2019-12-30 19:15:48,785 - DEBUG - COM4: TX: 0162
2019-12-30 19:15:48,786 - DEBUG - COM4: RX: 03846200
2019-12-30 19:15:48,787 - DEBUG - COM4: parsed_packet {event: CmdRsp, data: {'opcode': 98, 'status': 0, 'data': bytearray(b'')}}
2019-12-30 19:15:48,787 - INFO - COM4: Success
2019-12-30 19:15:54,813 - DEBUG - COM4: TX: 2d6300d5b91bba0508344a809923e28a48b06d18eed9c2a56add85049ffc3c59ad0e120000000000001100000000
2019-12-30 19:15:54,819 - DEBUG - COM4: RX: 0484630000
2019-12-30 19:15:54,819 - DEBUG - COM4: parsed_packet {event: CmdRsp, data: {'opcode': 99, 'status': 0, 'data': bytearray(b'\x00')}}
2019-12-30 19:15:54,820 - INFO - COM4: Provision: {'context': 0}
2019-12-30 19:15:54,831 - DEBUG - COM4: RX: 02c100
2019-12-30 19:15:54,831 - DEBUG - COM4: parsed_packet {event: ProvLinkEstablished, data: {'context_id': 0}}
2019-12-30 19:15:54,832 - INFO - COM4: Link established
2019-12-30 19:15:54,881 - DEBUG - COM4: RX: 0bc300010001000000000000
2019-12-30 19:15:54,881 - DEBUG - COM4: parsed_packet {event: ProvCapsReceived, data: {'context_id': 0, 'num_elements': 1, 'public_key_type': 0, 'static_oob_types': 1, 'output_oob_size': 0, 'output_oob_actions': 0, 'input_oob_size': 0, 'input_oob_actions': 0}}
2019-12-30 19:15:54,882 - INFO - COM4: Received capabilities
2019-12-30 19:15:54,882 - INFO - COM4: Number of elements: 1
2019-12-30 19:15:54,883 - DEBUG - COM4: TX: 056600000000
2019-12-30 19:15:54,885 - DEBUG - COM4: RX: 0484660000
2019-12-30 19:15:54,885 - DEBUG - COM4: parsed_packet {event: CmdRsp, data: {'opcode': 102, 'status': 0, 'data': bytearray(b'\x00')}}
2019-12-30 19:15:54,885 - INFO - COM4: OobUse: {'context': 0}
2019-12-30 19:15:55,069 - DEBUG - COM4: RX: 62c700dfa2e8480df242b7ef6cd60ee2b5c7796a1c8f9a9f68ec9acd42cf55518e8867adca7f3c8d37c6e0d8cfce52f0001164541bfeaa0373efc6a75695e9b54c4e3ee2e0494c60090e9ef72d48146588f63798d7b4bc83c7a4bbf89fbed2852993df
2019-12-30 19:15:55,069 - DEBUG - COM4: parsed_packet {event: ProvEcdhRequest, data: {'context_id': 0, 'peer_public': bytearray(b'\xdf\xa2\xe8H\r\xf2B\xb7\xefl\xd6\x0e\xe2\xb5\xc7yj\x1c\x8f\x9a\x9fh\xec\x9a\xcdB\xcfUQ\x8e\x88g\xad\xca\x7f<\x8d7\xc6\xe0\xd8\xcf\xceR\xf0\x00\x11dT\x1b\xfe\xaa\x03s\xef\xc6\xa7V\x95\xe9\xb5LN>'), 'node_private': bytearray(b'\xe2\xe0IL`\t\x0e\x9e\xf7-H\x14e\x88\xf67\x98\xd7\xb4\xbc\x83\xc7\xa4\xbb\xf8\x9f\xbe\xd2\x85)\x93\xdf')}}
2019-12-30 19:15:55,070 - INFO - COM4: ECDH request received
2019-12-30 19:15:55,071 - DEBUG - COM4: TX: 226800c109a3470152017a843e195b9584ebd2d46198283a487e2b3eb1d061d84193eb
2019-12-30 19:15:55,076 - DEBUG - COM4: RX: 0484680000
2019-12-30 19:15:55,076 - DEBUG - COM4: parsed_packet {event: CmdRsp, data: {'opcode': 104, 'status': 0, 'data': bytearray(b'\x00')}}
2019-12-30 19:15:55,076 - INFO - COM4: EcdhSecret: {'context': 0}
2019-12-30 19:15:55,435 - DEBUG - COM4: RX: 2cc5000000000000001100000000fd30370c4fc4d3a41a4e5f2a0213e318eed9c2a56add85049ffc3c59ad0e12
2019-12-30 19:15:55,435 - DEBUG - COM4: parsed_packet {event: ProvComplete, data: {'context_id': 0, 'iv_index': 0, 'net_key_index': 0, 'address': 17, 'iv_update_flag': 0, 'key_refresh_flag': 0, 'device_key': bytearray(b'\x00\xfd07\x0cO\xc4\xd3\xa4\x1aN_*\x02\x13\xe3'), 'net_key': bytearray(b'\x18\xee\xd9\xc2\xa5j\xdd\x85\x04\x9f\xfc<Y\xad\x0e\x12')}}
2019-12-30 19:15:55,435 - INFO - COM4: Provisioning complete
2019-12-30 19:15:55,436 - INFO - COM4: 	Address(es): 0x11-0x11
2019-12-30 19:15:55,436 - INFO - COM4: 	Device key: 00fd30370c4fc4d3a41a4e5f2a0213e3
2019-12-30 19:15:55,436 - INFO - COM4: 	Network key: 18eed9c2a56add85049ffc3c59ad0e12
2019-12-30 19:15:55,436 - INFO - COM4: Adding device key to subnet 0
2019-12-30 19:15:55,437 - INFO - COM4: Adding publication address of root element
2019-12-30 19:15:55,437 - DEBUG - COM4: TX: 159c1100000000fd30370c4fc4d3a41a4e5f2a0213e3
2019-12-30 19:15:55,438 - DEBUG - COM4: TX: 03a41100
2019-12-30 19:15:55,443 - DEBUG - COM4: RX: 05849c000800
2019-12-30 19:15:55,443 - DEBUG - COM4: parsed_packet {event: CmdRsp, data: {'opcode': 156, 'status': 0, 'data': bytearray(b'\x08\x00')}}
2019-12-30 19:15:55,444 - INFO - COM4: DevkeyAdd: {'devkey_handle': 8}
2019-12-30 19:15:55,444 - DEBUG - COM4: RX: 0584a4000000
2019-12-30 19:15:55,444 - DEBUG - COM4: parsed_packet {event: CmdRsp, data: {'opcode': 164, 'status': 0, 'data': bytearray(b'\x00\x00')}}
2019-12-30 19:15:55,445 - INFO - COM4: AddrPublicationAdd: {'address_handle': 0}
2019-12-30 19:15:55,542 - DEBUG - COM4: RX: 03c20000
2019-12-30 19:15:55,542 - DEBUG - COM4: parsed_packet {event: ProvLinkClosed, data: {'context_id': 0, 'close_reason': 0}}
2019-12-30 19:15:55,543 - INFO - COM4: Provisioning link closed
