2019-12-29 17:31:32,178 - DEBUG - COM4: TX: 6169ac43e519a6c4a5e401827159d6a2493936fa5de938c31ff749fd1963cbcc2f6ac79a32c334ac27c3e31b596db4c757b1add94a0aa16677c2827d783225731546143ce11538ac804c6ccbb6390b1a03d4ade42c453bfb150100863f790c26079a
2019-12-29 17:31:32,190 - DEBUG - COM4: RX: 03846900
2019-12-29 17:31:32,190 - DEBUG - COM4: parsed_packet {event: CmdRsp, data: {'opcode': 105, 'status': 0, 'data': bytearray(b'')}}
2019-12-29 17:31:32,191 - DEBUG - COM4: TX: 059f01000100
2019-12-29 17:31:32,191 - INFO - COM4: Success
2019-12-29 17:31:32,193 - DEBUG - COM4: RX: 03849f8e
2019-12-29 17:31:32,201 - DEBUG - COM4: parsed_packet {event: CmdRsp, data: {'opcode': 159, 'status': 142, 'data': bytearray(b'')}}
2019-12-29 17:31:32,201 - DEBUG - COM4: TX: 1392000018eed9c2a56add85049ffc3c59ad0e12
2019-12-29 17:31:32,201 - ERROR - COM4: None: ERROR_REJECTED
2019-12-29 17:31:32,205 - DEBUG - COM4: RX: 03849281
2019-12-29 17:31:32,205 - DEBUG - COM4: parsed_packet {event: CmdRsp, data: {'opcode': 146, 'status': 129, 'data': bytearray(b'')}}
2019-12-29 17:31:32,206 - DEBUG - COM4: TX: 1597000000004f68ad85d9f48ac8589df665b6b49b8a
2019-12-29 17:31:32,205 - ERROR - COM4: SubnetAdd: ERROR_INTERNAL
2019-12-29 17:31:32,209 - DEBUG - COM4: RX: 03849781
2019-12-29 17:31:32,210 - DEBUG - COM4: parsed_packet {event: CmdRsp, data: {'opcode': 151, 'status': 129, 'data': bytearray(b'')}}
2019-12-29 17:31:32,210 - DEBUG - COM4: TX: 1597010000002aa2a6ded5a0798ceab5787ca3ae39fc
2019-12-29 17:31:32,210 - ERROR - COM4: AppkeyAdd: ERROR_INTERNAL
2019-12-29 17:31:32,213 - DEBUG - COM4: RX: 03849781
2019-12-29 17:31:32,214 - DEBUG - COM4: parsed_packet {event: CmdRsp, data: {'opcode': 151, 'status': 129, 'data': bytearray(b'')}}
2019-12-29 17:31:32,214 - ERROR - COM4: AppkeyAdd: ERROR_INTERNAL
2019-12-29 17:31:34,178 - DEBUG - COM4: TX: 0161
2019-12-29 17:31:34,180 - DEBUG - COM4: RX: 03846100
2019-12-29 17:31:34,180 - DEBUG - COM4: parsed_packet {event: CmdRsp, data: {'opcode': 97, 'status': 0, 'data': bytearray(b'')}}
2019-12-29 17:31:34,180 - INFO - COM4: Success
2019-12-29 17:31:34,239 - DEBUG - COM4: RX: 1ac0d5b91bba0508344a809923e28a48b06dd10001c09923e28ac8
2019-12-29 17:31:34,239 - DEBUG - COM4: parsed_packet {event: ProvUnprovisionedReceived, data: {'uuid': bytearray(b'\xd5\xb9\x1b\xba\x05\x084J\x80\x99#\xe2\x8aH\xb0m'), 'rssi': -47, 'gatt_supported': 0, 'adv_addr_type': 1, 'adv_addr': bytearray(b'\xc0\x99#\xe2\x8a\xc8')}}
2019-12-29 17:31:34,239 - INFO - COM4: Received UUID d5b91bba0508344a809923e28a48b06d with RSSI: -47 dB
2019-12-29 17:31:36,245 - DEBUG - COM4: RX: 1ac0d5b91bba0508344a809923e28a48b06dd70001c09923e28ac8
2019-12-29 17:31:36,245 - DEBUG - COM4: parsed_packet {event: ProvUnprovisionedReceived, data: {'uuid': bytearray(b'\xd5\xb9\x1b\xba\x05\x084J\x80\x99#\xe2\x8aH\xb0m'), 'rssi': -41, 'gatt_supported': 0, 'adv_addr_type': 1, 'adv_addr': bytearray(b'\xc0\x99#\xe2\x8a\xc8')}}
2019-12-29 17:31:38,252 - DEBUG - COM4: RX: 1ac0d5b91bba0508344a809923e28a48b06dd20001c09923e28ac8
2019-12-29 17:31:38,253 - DEBUG - COM4: parsed_packet {event: ProvUnprovisionedReceived, data: {'uuid': bytearray(b'\xd5\xb9\x1b\xba\x05\x084J\x80\x99#\xe2\x8aH\xb0m'), 'rssi': -46, 'gatt_supported': 0, 'adv_addr_type': 1, 'adv_addr': bytearray(b'\xc0\x99#\xe2\x8a\xc8')}}
2019-12-29 17:31:39,179 - DEBUG - COM4: TX: 0162
2019-12-29 17:31:39,181 - DEBUG - COM4: RX: 03846200
2019-12-29 17:31:39,181 - DEBUG - COM4: parsed_packet {event: CmdRsp, data: {'opcode': 98, 'status': 0, 'data': bytearray(b'')}}
2019-12-29 17:31:39,181 - INFO - COM4: Success
