2019-12-29 12:04:35,411 - DEBUG - COM4: TX: 61690305d77ee05b8d2a97096049fa52f00e5820c26cf213cf052edb45d7da32ec0aec54afbfab5d145d183cbe319a84688d028538fe62f2b3764a5d8dfb1ba7cc9da5564708c0135824094b2aa5cca0a8bc8a6a8c04a4f9bf80cffd6426bcb459c8
2019-12-29 12:04:35,421 - DEBUG - COM4: RX: 03846900
2019-12-29 12:04:35,422 - DEBUG - COM4: parsed_packet {event: CmdRsp, data: {'opcode': 105, 'status': 0, 'data': bytearray(b'')}}
2019-12-29 12:04:35,422 - DEBUG - COM4: TX: 059f01000100
2019-12-29 12:04:35,422 - INFO - COM4: Success
2019-12-29 12:04:35,424 - DEBUG - COM4: RX: 03849f8e
2019-12-29 12:04:35,433 - DEBUG - COM4: parsed_packet {event: CmdRsp, data: {'opcode': 159, 'status': 142, 'data': bytearray(b'')}}
2019-12-29 12:04:35,433 - DEBUG - COM4: TX: 1392000018eed9c2a56add85049ffc3c59ad0e12
2019-12-29 12:04:35,433 - ERROR - COM4: None: ERROR_REJECTED
2019-12-29 12:04:35,436 - DEBUG - COM4: RX: 03849281
2019-12-29 12:04:35,436 - DEBUG - COM4: parsed_packet {event: CmdRsp, data: {'opcode': 146, 'status': 129, 'data': bytearray(b'')}}
2019-12-29 12:04:35,437 - DEBUG - COM4: TX: 1597000000004f68ad85d9f48ac8589df665b6b49b8a
2019-12-29 12:04:35,436 - ERROR - COM4: SubnetAdd: ERROR_INTERNAL
2019-12-29 12:04:35,440 - DEBUG - COM4: RX: 03849781
2019-12-29 12:04:35,440 - DEBUG - COM4: parsed_packet {event: CmdRsp, data: {'opcode': 151, 'status': 129, 'data': bytearray(b'')}}
2019-12-29 12:04:35,440 - DEBUG - COM4: TX: 1597010000002aa2a6ded5a0798ceab5787ca3ae39fc
2019-12-29 12:04:35,440 - ERROR - COM4: AppkeyAdd: ERROR_INTERNAL
2019-12-29 12:04:35,444 - DEBUG - COM4: RX: 03849781
2019-12-29 12:04:35,444 - DEBUG - COM4: parsed_packet {event: CmdRsp, data: {'opcode': 151, 'status': 129, 'data': bytearray(b'')}}
2019-12-29 12:04:35,444 - ERROR - COM4: AppkeyAdd: ERROR_INTERNAL
2019-12-29 12:04:37,395 - DEBUG - COM4: TX: 0161
2019-12-29 12:04:37,396 - DEBUG - COM4: RX: 03846100
2019-12-29 12:04:37,396 - DEBUG - COM4: parsed_packet {event: CmdRsp, data: {'opcode': 97, 'status': 0, 'data': bytearray(b'')}}
2019-12-29 12:04:37,396 - INFO - COM4: Success
2019-12-29 12:04:39,325 - DEBUG - COM4: RX: 1ac0d5b91bba0508344a809923e28a48b06dd00001c09923e28ac8
2019-12-29 12:04:39,325 - DEBUG - COM4: parsed_packet {event: ProvUnprovisionedReceived, data: {'uuid': bytearray(b'\xd5\xb9\x1b\xba\x05\x084J\x80\x99#\xe2\x8aH\xb0m'), 'rssi': -48, 'gatt_supported': 0, 'adv_addr_type': 1, 'adv_addr': bytearray(b'\xc0\x99#\xe2\x8a\xc8')}}
2019-12-29 12:04:39,325 - INFO - COM4: Received UUID d5b91bba0508344a809923e28a48b06d with RSSI: -48 dB
2019-12-29 12:04:41,347 - DEBUG - COM4: RX: 1ac0d5b91bba0508344a809923e28a48b06dd10001c09923e28ac8
2019-12-29 12:04:41,347 - DEBUG - COM4: parsed_packet {event: ProvUnprovisionedReceived, data: {'uuid': bytearray(b'\xd5\xb9\x1b\xba\x05\x084J\x80\x99#\xe2\x8aH\xb0m'), 'rssi': -47, 'gatt_supported': 0, 'adv_addr_type': 1, 'adv_addr': bytearray(b'\xc0\x99#\xe2\x8a\xc8')}}
2019-12-29 12:04:42,395 - DEBUG - COM4: TX: 0162
2019-12-29 12:04:42,397 - DEBUG - COM4: RX: 03846200
2019-12-29 12:04:42,397 - DEBUG - COM4: parsed_packet {event: CmdRsp, data: {'opcode': 98, 'status': 0, 'data': bytearray(b'')}}
2019-12-29 12:04:42,397 - INFO - COM4: Success
