2019-12-29 12:09:19,696 - DEBUG - COM4: TX: 61694c85197beaf9d042caa937ebc831a1b5a0eb0df5232f7e4669f6b89b91a4b42bedebbaa3de1640f8f31d1200b67b8a2138218f0a8e40db6ec965fe680fb6432047d225d2f644bf09ef6e725fc6915d0d6499e143a62eefcd8246581903cd2e19
2019-12-29 12:09:19,719 - DEBUG - COM4: RX: 03846900
2019-12-29 12:09:19,719 - DEBUG - COM4: parsed_packet {event: CmdRsp, data: {'opcode': 105, 'status': 0, 'data': bytearray(b'')}}
2019-12-29 12:09:19,719 - DEBUG - COM4: TX: 059f01000100
2019-12-29 12:09:19,719 - INFO - COM4: Success
2019-12-29 12:09:19,721 - DEBUG - COM4: RX: 03849f8e
2019-12-29 12:09:19,730 - DEBUG - COM4: parsed_packet {event: CmdRsp, data: {'opcode': 159, 'status': 142, 'data': bytearray(b'')}}
2019-12-29 12:09:19,730 - DEBUG - COM4: TX: 1392000018eed9c2a56add85049ffc3c59ad0e12
2019-12-29 12:09:19,730 - ERROR - COM4: None: ERROR_REJECTED
2019-12-29 12:09:19,734 - DEBUG - COM4: RX: 03849281
2019-12-29 12:09:19,734 - DEBUG - COM4: parsed_packet {event: CmdRsp, data: {'opcode': 146, 'status': 129, 'data': bytearray(b'')}}
2019-12-29 12:09:19,734 - DEBUG - COM4: TX: 1597000000004f68ad85d9f48ac8589df665b6b49b8a
2019-12-29 12:09:19,734 - ERROR - COM4: SubnetAdd: ERROR_INTERNAL
2019-12-29 12:09:19,738 - DEBUG - COM4: RX: 03849781
2019-12-29 12:09:19,738 - DEBUG - COM4: parsed_packet {event: CmdRsp, data: {'opcode': 151, 'status': 129, 'data': bytearray(b'')}}
2019-12-29 12:09:19,738 - DEBUG - COM4: TX: 1597010000002aa2a6ded5a0798ceab5787ca3ae39fc
2019-12-29 12:09:19,738 - ERROR - COM4: AppkeyAdd: ERROR_INTERNAL
2019-12-29 12:09:19,742 - DEBUG - COM4: RX: 03849781
2019-12-29 12:09:19,742 - DEBUG - COM4: parsed_packet {event: CmdRsp, data: {'opcode': 151, 'status': 129, 'data': bytearray(b'')}}
2019-12-29 12:09:19,742 - ERROR - COM4: AppkeyAdd: ERROR_INTERNAL
2019-12-29 12:09:21,697 - DEBUG - COM4: TX: 0161
2019-12-29 12:09:21,699 - DEBUG - COM4: RX: 03846100
2019-12-29 12:09:21,699 - DEBUG - COM4: parsed_packet {event: CmdRsp, data: {'opcode': 97, 'status': 0, 'data': bytearray(b'')}}
2019-12-29 12:09:21,699 - INFO - COM4: Success
2019-12-29 12:09:22,015 - DEBUG - COM4: RX: 1ac0d5b91bba0508344a809923e28a48b06dcf0001c09923e28ac8
2019-12-29 12:09:22,016 - DEBUG - COM4: parsed_packet {event: ProvUnprovisionedReceived, data: {'uuid': bytearray(b'\xd5\xb9\x1b\xba\x05\x084J\x80\x99#\xe2\x8aH\xb0m'), 'rssi': -49, 'gatt_supported': 0, 'adv_addr_type': 1, 'adv_addr': bytearray(b'\xc0\x99#\xe2\x8a\xc8')}}
2019-12-29 12:09:22,016 - INFO - COM4: Received UUID d5b91bba0508344a809923e28a48b06d with RSSI: -49 dB
2019-12-29 12:09:24,024 - DEBUG - COM4: RX: 1ac0d5b91bba0508344a809923e28a48b06dd20001c09923e28ac8
2019-12-29 12:09:24,024 - DEBUG - COM4: parsed_packet {event: ProvUnprovisionedReceived, data: {'uuid': bytearray(b'\xd5\xb9\x1b\xba\x05\x084J\x80\x99#\xe2\x8aH\xb0m'), 'rssi': -46, 'gatt_supported': 0, 'adv_addr_type': 1, 'adv_addr': bytearray(b'\xc0\x99#\xe2\x8a\xc8')}}
2019-12-29 12:09:26,024 - DEBUG - COM4: RX: 1ac0d5b91bba0508344a809923e28a48b06dce0001c09923e28ac8
2019-12-29 12:09:26,025 - DEBUG - COM4: parsed_packet {event: ProvUnprovisionedReceived, data: {'uuid': bytearray(b'\xd5\xb9\x1b\xba\x05\x084J\x80\x99#\xe2\x8aH\xb0m'), 'rssi': -50, 'gatt_supported': 0, 'adv_addr_type': 1, 'adv_addr': bytearray(b'\xc0\x99#\xe2\x8a\xc8')}}
2019-12-29 12:09:26,697 - DEBUG - COM4: TX: 0162
2019-12-29 12:09:26,699 - DEBUG - COM4: RX: 03846200
2019-12-29 12:09:26,699 - DEBUG - COM4: parsed_packet {event: CmdRsp, data: {'opcode': 98, 'status': 0, 'data': bytearray(b'')}}
2019-12-29 12:09:26,699 - INFO - COM4: Success
