2019-12-29 11:59:37,926 - DEBUG - COM4: TX: 61692e73afc5356037a27bcbeb4f9ba05338df4a857103e12ce9d0cf154c204e438baf243712a16cba342598f7213415f2795eba6259a6a6f68acbe076f6f4cdf40e2b82f7919988d096fd32bbe06a6591b1e8bee345c969ca8a3fb60dd23c87692d
2019-12-29 11:59:37,937 - DEBUG - COM4: RX: 03846900
2019-12-29 11:59:37,937 - DEBUG - COM4: parsed_packet {event: CmdRsp, data: {'opcode': 105, 'status': 0, 'data': bytearray(b'')}}
2019-12-29 11:59:37,937 - DEBUG - COM4: TX: 059f01000100
2019-12-29 11:59:37,937 - INFO - COM4: Success
2019-12-29 11:59:37,940 - DEBUG - COM4: RX: 03849f8e
2019-12-29 11:59:37,949 - DEBUG - COM4: parsed_packet {event: CmdRsp, data: {'opcode': 159, 'status': 142, 'data': bytearray(b'')}}
2019-12-29 11:59:37,949 - DEBUG - COM4: TX: 1392000018eed9c2a56add85049ffc3c59ad0e12
2019-12-29 11:59:37,949 - ERROR - COM4: None: ERROR_REJECTED
2019-12-29 11:59:37,953 - DEBUG - COM4: RX: 03849281
2019-12-29 11:59:37,953 - DEBUG - COM4: parsed_packet {event: CmdRsp, data: {'opcode': 146, 'status': 129, 'data': bytearray(b'')}}
2019-12-29 11:59:37,954 - DEBUG - COM4: TX: 1597000000004f68ad85d9f48ac8589df665b6b49b8a
2019-12-29 11:59:37,953 - ERROR - COM4: SubnetAdd: ERROR_INTERNAL
2019-12-29 11:59:37,957 - DEBUG - COM4: RX: 03849781
2019-12-29 11:59:37,957 - DEBUG - COM4: parsed_packet {event: CmdRsp, data: {'opcode': 151, 'status': 129, 'data': bytearray(b'')}}
2019-12-29 11:59:37,957 - DEBUG - COM4: TX: 1597010000002aa2a6ded5a0798ceab5787ca3ae39fc
2019-12-29 11:59:37,957 - ERROR - COM4: AppkeyAdd: ERROR_INTERNAL
2019-12-29 11:59:37,961 - DEBUG - COM4: RX: 03849781
2019-12-29 11:59:37,961 - DEBUG - COM4: parsed_packet {event: CmdRsp, data: {'opcode': 151, 'status': 129, 'data': bytearray(b'')}}
2019-12-29 11:59:37,961 - ERROR - COM4: AppkeyAdd: ERROR_INTERNAL
2019-12-29 11:59:39,927 - DEBUG - COM4: TX: 0161
2019-12-29 11:59:39,928 - DEBUG - COM4: RX: 03846100
2019-12-29 11:59:39,929 - DEBUG - COM4: parsed_packet {event: CmdRsp, data: {'opcode': 97, 'status': 0, 'data': bytearray(b'')}}
2019-12-29 11:59:39,929 - INFO - COM4: Success
2019-12-29 11:59:40,626 - DEBUG - COM4: RX: 1ac0d5b91bba0508344a809923e28a48b06dce0001c09923e28ac8
2019-12-29 11:59:40,626 - DEBUG - COM4: parsed_packet {event: ProvUnprovisionedReceived, data: {'uuid': bytearray(b'\xd5\xb9\x1b\xba\x05\x084J\x80\x99#\xe2\x8aH\xb0m'), 'rssi': -50, 'gatt_supported': 0, 'adv_addr_type': 1, 'adv_addr': bytearray(b'\xc0\x99#\xe2\x8a\xc8')}}
2019-12-29 11:59:40,627 - INFO - COM4: Received UUID d5b91bba0508344a809923e28a48b06d with RSSI: -50 dB
2019-12-29 11:59:42,634 - DEBUG - COM4: RX: 1ac0d5b91bba0508344a809923e28a48b06dd00001c09923e28ac8
2019-12-29 11:59:42,634 - DEBUG - COM4: parsed_packet {event: ProvUnprovisionedReceived, data: {'uuid': bytearray(b'\xd5\xb9\x1b\xba\x05\x084J\x80\x99#\xe2\x8aH\xb0m'), 'rssi': -48, 'gatt_supported': 0, 'adv_addr_type': 1, 'adv_addr': bytearray(b'\xc0\x99#\xe2\x8a\xc8')}}
2019-12-29 11:59:44,642 - DEBUG - COM4: RX: 1ac0d5b91bba0508344a809923e28a48b06dcb0001c09923e28ac8
2019-12-29 11:59:44,642 - DEBUG - COM4: parsed_packet {event: ProvUnprovisionedReceived, data: {'uuid': bytearray(b'\xd5\xb9\x1b\xba\x05\x084J\x80\x99#\xe2\x8aH\xb0m'), 'rssi': -53, 'gatt_supported': 0, 'adv_addr_type': 1, 'adv_addr': bytearray(b'\xc0\x99#\xe2\x8a\xc8')}}
2019-12-29 11:59:44,928 - DEBUG - COM4: TX: 0162
2019-12-29 11:59:44,930 - DEBUG - COM4: RX: 03846200
2019-12-29 11:59:44,930 - DEBUG - COM4: parsed_packet {event: CmdRsp, data: {'opcode': 98, 'status': 0, 'data': bytearray(b'')}}
2019-12-29 11:59:44,930 - INFO - COM4: Success
