2020-01-05 12:56:01,683 - DEBUG - COM4: TX: 6169c943404e52ec21347efb7cff93df061ce896bf79d9e213112ec135999eef88c86799d9342ba230c5358de50a856a9716638205951b823f2cee3bb364ae686b4ac0e8c977501fd99eebde4c5cb3028ee4c9d9f5406c23811b0724f195bffbe194
2020-01-05 12:56:01,695 - DEBUG - COM4: RX: 03846900
2020-01-05 12:56:01,695 - DEBUG - COM4: parsed_packet {event: CmdRsp, data: {'opcode': 105, 'status': 0, 'data': bytearray(b'')}}
2020-01-05 12:56:01,696 - DEBUG - COM4: TX: 059f01000100
2020-01-05 12:56:01,696 - INFO - COM4: Success
2020-01-05 12:56:01,698 - DEBUG - COM4: RX: 03849f00
2020-01-05 12:56:01,707 - DEBUG - COM4: parsed_packet {event: CmdRsp, data: {'opcode': 159, 'status': 0, 'data': bytearray(b'')}}
2020-01-05 12:56:01,707 - DEBUG - COM4: TX: 1392000018eed9c2a56add85049ffc3c59ad0e12
2020-01-05 12:56:01,707 - INFO - COM4: Success
2020-01-05 12:56:01,711 - DEBUG - COM4: RX: 058492000000
2020-01-05 12:56:01,711 - DEBUG - COM4: parsed_packet {event: CmdRsp, data: {'opcode': 146, 'status': 0, 'data': bytearray(b'\x00\x00')}}
2020-01-05 12:56:01,712 - DEBUG - COM4: TX: 1597000000004f68ad85d9f48ac8589df665b6b49b8a
2020-01-05 12:56:01,711 - INFO - COM4: SubnetAdd: {'subnet_handle': 0}
2020-01-05 12:56:01,715 - DEBUG - COM4: RX: 058497000000
2020-01-05 12:56:01,715 - DEBUG - COM4: parsed_packet {event: CmdRsp, data: {'opcode': 151, 'status': 0, 'data': bytearray(b'\x00\x00')}}
2020-01-05 12:56:01,716 - DEBUG - COM4: TX: 1597010000002aa2a6ded5a0798ceab5787ca3ae39fc
2020-01-05 12:56:01,715 - INFO - COM4: AppkeyAdd: {'appkey_handle': 0}
2020-01-05 12:56:01,720 - DEBUG - COM4: RX: 058497000100
2020-01-05 12:56:01,720 - DEBUG - COM4: parsed_packet {event: CmdRsp, data: {'opcode': 151, 'status': 0, 'data': bytearray(b'\x01\x00')}}
2020-01-05 12:56:01,720 - INFO - COM4: AppkeyAdd: {'appkey_handle': 1}
2020-01-05 12:56:35,124 - DEBUG - COM4: TX: 0161
2020-01-05 12:56:35,126 - DEBUG - COM4: RX: 03846100
2020-01-05 12:56:35,126 - DEBUG - COM4: parsed_packet {event: CmdRsp, data: {'opcode': 97, 'status': 0, 'data': bytearray(b'')}}
2020-01-05 12:56:35,127 - INFO - COM4: Success
2020-01-05 12:56:40,124 - DEBUG - COM4: TX: 0162
2020-01-05 12:56:40,126 - DEBUG - COM4: RX: 03846200
2020-01-05 12:56:40,126 - DEBUG - COM4: parsed_packet {event: CmdRsp, data: {'opcode': 98, 'status': 0, 'data': bytearray(b'')}}
2020-01-05 12:56:40,126 - INFO - COM4: Success
2020-01-05 12:56:54,601 - DEBUG - COM4: TX: 2d6300c86a88bbfa034047a539d04a8ded330f18eed9c2a56add85049ffc3c59ad0e120000000000001500000000
2020-01-05 12:56:54,607 - DEBUG - COM4: RX: 0484630000
2020-01-05 12:56:54,608 - DEBUG - COM4: parsed_packet {event: CmdRsp, data: {'opcode': 99, 'status': 0, 'data': bytearray(b'\x00')}}
2020-01-05 12:56:54,608 - INFO - COM4: Provision: {'context': 0}
2020-01-05 12:57:19,715 - DEBUG - COM4: TX: 0161
2020-01-05 12:57:19,716 - DEBUG - COM4: RX: 03846100
2020-01-05 12:57:19,717 - DEBUG - COM4: parsed_packet {event: CmdRsp, data: {'opcode': 97, 'status': 0, 'data': bytearray(b'')}}
2020-01-05 12:57:19,717 - INFO - COM4: Success
2020-01-05 12:57:24,716 - DEBUG - COM4: TX: 0162
2020-01-05 12:57:24,718 - DEBUG - COM4: RX: 03846200
2020-01-05 12:57:24,718 - DEBUG - COM4: parsed_packet {event: CmdRsp, data: {'opcode': 98, 'status': 0, 'data': bytearray(b'')}}
2020-01-05 12:57:24,718 - INFO - COM4: Success
2020-01-05 12:57:54,699 - DEBUG - COM4: RX: 03c20001
2020-01-05 12:57:54,699 - DEBUG - COM4: parsed_packet {event: ProvLinkClosed, data: {'context_id': 0, 'close_reason': 1}}
2020-01-05 12:57:54,699 - INFO - COM4: Provisioning link closed
