2019-12-29 17:27:50,105 - DEBUG - COM4: TX: 616973c734e64f69290c5ded4bb499944c4a7287965b7a1cfd0cf703062988109bd5d04f07ed44667944bb6f94836e8f5a9c6d8518c167024980aba7d86f0d66c438c362033cc3310b4d9cbe020cad09f155b0ec42017f0112798d4aecf737a883a4
2019-12-29 17:27:50,116 - DEBUG - COM4: RX: 03846900
2019-12-29 17:27:50,116 - DEBUG - COM4: parsed_packet {event: CmdRsp, data: {'opcode': 105, 'status': 0, 'data': bytearray(b'')}}
2019-12-29 17:27:50,116 - DEBUG - COM4: TX: 059f01000100
2019-12-29 17:27:50,116 - INFO - COM4: Success
2019-12-29 17:27:50,119 - DEBUG - COM4: RX: 03849f8e
2019-12-29 17:27:50,127 - DEBUG - COM4: parsed_packet {event: CmdRsp, data: {'opcode': 159, 'status': 142, 'data': bytearray(b'')}}
2019-12-29 17:27:50,127 - DEBUG - COM4: TX: 1392000018eed9c2a56add85049ffc3c59ad0e12
2019-12-29 17:27:50,127 - ERROR - COM4: None: ERROR_REJECTED
2019-12-29 17:27:50,131 - DEBUG - COM4: RX: 03849281
2019-12-29 17:27:50,131 - DEBUG - COM4: parsed_packet {event: CmdRsp, data: {'opcode': 146, 'status': 129, 'data': bytearray(b'')}}
2019-12-29 17:27:50,131 - DEBUG - COM4: TX: 1597000000004f68ad85d9f48ac8589df665b6b49b8a
2019-12-29 17:27:50,131 - ERROR - COM4: SubnetAdd: ERROR_INTERNAL
2019-12-29 17:27:50,135 - DEBUG - COM4: RX: 03849781
2019-12-29 17:27:50,135 - DEBUG - COM4: parsed_packet {event: CmdRsp, data: {'opcode': 151, 'status': 129, 'data': bytearray(b'')}}
2019-12-29 17:27:50,135 - DEBUG - COM4: TX: 1597010000002aa2a6ded5a0798ceab5787ca3ae39fc
2019-12-29 17:27:50,135 - ERROR - COM4: AppkeyAdd: ERROR_INTERNAL
2019-12-29 17:27:50,139 - DEBUG - COM4: RX: 03849781
2019-12-29 17:27:50,139 - DEBUG - COM4: parsed_packet {event: CmdRsp, data: {'opcode': 151, 'status': 129, 'data': bytearray(b'')}}
2019-12-29 17:27:50,139 - ERROR - COM4: AppkeyAdd: ERROR_INTERNAL
2019-12-29 17:27:52,106 - DEBUG - COM4: TX: 0161
2019-12-29 17:27:52,108 - DEBUG - COM4: RX: 03846100
2019-12-29 17:27:52,108 - DEBUG - COM4: parsed_packet {event: CmdRsp, data: {'opcode': 97, 'status': 0, 'data': bytearray(b'')}}
2019-12-29 17:27:52,108 - INFO - COM4: Success
2019-12-29 17:27:53,697 - DEBUG - COM4: RX: 1ac0d5b91bba0508344a809923e28a48b06dd70001c09923e28ac8
2019-12-29 17:27:53,697 - DEBUG - COM4: parsed_packet {event: ProvUnprovisionedReceived, data: {'uuid': bytearray(b'\xd5\xb9\x1b\xba\x05\x084J\x80\x99#\xe2\x8aH\xb0m'), 'rssi': -41, 'gatt_supported': 0, 'adv_addr_type': 1, 'adv_addr': bytearray(b'\xc0\x99#\xe2\x8a\xc8')}}
2019-12-29 17:27:53,697 - INFO - COM4: Received UUID d5b91bba0508344a809923e28a48b06d with RSSI: -41 dB
2019-12-29 17:27:55,698 - DEBUG - COM4: RX: 1ac0d5b91bba0508344a809923e28a48b06dd40001c09923e28ac8
2019-12-29 17:27:55,698 - DEBUG - COM4: parsed_packet {event: ProvUnprovisionedReceived, data: {'uuid': bytearray(b'\xd5\xb9\x1b\xba\x05\x084J\x80\x99#\xe2\x8aH\xb0m'), 'rssi': -44, 'gatt_supported': 0, 'adv_addr_type': 1, 'adv_addr': bytearray(b'\xc0\x99#\xe2\x8a\xc8')}}
2019-12-29 17:27:57,106 - DEBUG - COM4: TX: 0162
2019-12-29 17:27:57,108 - DEBUG - COM4: RX: 03846200
2019-12-29 17:27:57,108 - DEBUG - COM4: parsed_packet {event: CmdRsp, data: {'opcode': 98, 'status': 0, 'data': bytearray(b'')}}
2019-12-29 17:27:57,108 - INFO - COM4: Success
