2019-12-30 17:01:43,149 - DEBUG - COM4: TX: 61692df2c8b00b60679f89a5e0849e28af878daf3f690264de891e07e2c157119cb5b48c4586a4fe82fd0b33744d45a5ebb33fc7731bd134a7432bc7be0e0cddcf512f435a31ba56b9aa32d178a4294c292bc27f58a54b7bd4907798ce2cb753fb25
2019-12-30 17:01:43,160 - DEBUG - COM4: RX: 03846900
2019-12-30 17:01:43,161 - DEBUG - COM4: parsed_packet {event: CmdRsp, data: {'opcode': 105, 'status': 0, 'data': bytearray(b'')}}
2019-12-30 17:01:43,162 - DEBUG - COM4: TX: 059f01000100
2019-12-30 17:01:43,161 - INFO - COM4: Success
2019-12-30 17:01:43,164 - DEBUG - COM4: RX: 03849f00
2019-12-30 17:01:43,168 - DEBUG - COM4: parsed_packet {event: CmdRsp, data: {'opcode': 159, 'status': 0, 'data': bytearray(b'')}}
2019-12-30 17:01:43,168 - DEBUG - COM4: TX: 1392000018eed9c2a56add85049ffc3c59ad0e12
2019-12-30 17:01:43,168 - INFO - COM4: Success
2019-12-30 17:01:43,172 - DEBUG - COM4: RX: 058492000000
2019-12-30 17:01:43,173 - DEBUG - COM4: parsed_packet {event: CmdRsp, data: {'opcode': 146, 'status': 0, 'data': bytearray(b'\x00\x00')}}
2019-12-30 17:01:43,173 - DEBUG - COM4: TX: 1597000000004f68ad85d9f48ac8589df665b6b49b8a
2019-12-30 17:01:43,173 - INFO - COM4: SubnetAdd: {'subnet_handle': 0}
2019-12-30 17:01:43,177 - DEBUG - COM4: RX: 058497000000
2019-12-30 17:01:43,177 - DEBUG - COM4: parsed_packet {event: CmdRsp, data: {'opcode': 151, 'status': 0, 'data': bytearray(b'\x00\x00')}}
2019-12-30 17:01:43,177 - DEBUG - COM4: TX: 1597010000002aa2a6ded5a0798ceab5787ca3ae39fc
2019-12-30 17:01:43,177 - INFO - COM4: AppkeyAdd: {'appkey_handle': 0}
2019-12-30 17:01:43,181 - DEBUG - COM4: RX: 058497000100
2019-12-30 17:01:43,182 - DEBUG - COM4: parsed_packet {event: CmdRsp, data: {'opcode': 151, 'status': 0, 'data': bytearray(b'\x01\x00')}}
2019-12-30 17:01:43,182 - INFO - COM4: AppkeyAdd: {'appkey_handle': 1}
2019-12-30 17:01:45,150 - DEBUG - COM4: TX: 0161
2019-12-30 17:01:45,152 - DEBUG - COM4: RX: 03846100
2019-12-30 17:01:45,152 - DEBUG - COM4: parsed_packet {event: CmdRsp, data: {'opcode': 97, 'status': 0, 'data': bytearray(b'')}}
2019-12-30 17:01:45,152 - INFO - COM4: Success
2019-12-30 17:01:50,150 - DEBUG - COM4: TX: 0162
2019-12-30 17:01:50,152 - DEBUG - COM4: RX: 03846200
2019-12-30 17:01:50,152 - DEBUG - COM4: parsed_packet {event: CmdRsp, data: {'opcode': 98, 'status': 0, 'data': bytearray(b'')}}
2019-12-30 17:01:50,152 - INFO - COM4: Success
