2019-12-29 11:33:07,027 - DEBUG - COM4: TX: 6169a9370249961618a69950f482dba12e9c155d78392233f484f17e69cc57a143b11bae52ef4524e05a345d1fb12770719670c1bcba2bb10c9389148be30aaa21180a83819c02cd2057ff9b3941e4cb1480744cced8d2c19d1dfebb0ad17472eef4
2019-12-29 11:33:07,043 - DEBUG - COM4: RX: 03846900
2019-12-29 11:33:07,043 - DEBUG - COM4: parsed_packet {event: CmdRsp, data: {'opcode': 105, 'status': 0, 'data': bytearray(b'')}}
2019-12-29 11:33:07,045 - DEBUG - COM4: TX: 059f01000100
2019-12-29 11:33:07,045 - INFO - COM4: Success
2019-12-29 11:33:07,047 - DEBUG - COM4: RX: 03849f8e
2019-12-29 11:33:07,056 - DEBUG - COM4: parsed_packet {event: CmdRsp, data: {'opcode': 159, 'status': 142, 'data': bytearray(b'')}}
2019-12-29 11:33:07,056 - DEBUG - COM4: TX: 1392000018eed9c2a56add85049ffc3c59ad0e12
2019-12-29 11:33:07,056 - ERROR - COM4: None: ERROR_REJECTED
2019-12-29 11:33:07,059 - DEBUG - COM4: RX: 03849281
2019-12-29 11:33:07,059 - DEBUG - COM4: parsed_packet {event: CmdRsp, data: {'opcode': 146, 'status': 129, 'data': bytearray(b'')}}
2019-12-29 11:33:07,060 - DEBUG - COM4: TX: 1597000000004f68ad85d9f48ac8589df665b6b49b8a
2019-12-29 11:33:07,060 - ERROR - COM4: SubnetAdd: ERROR_INTERNAL
2019-12-29 11:33:07,064 - DEBUG - COM4: RX: 03849781
2019-12-29 11:33:07,064 - DEBUG - COM4: parsed_packet {event: CmdRsp, data: {'opcode': 151, 'status': 129, 'data': bytearray(b'')}}
2019-12-29 11:33:07,064 - DEBUG - COM4: TX: 1597010000002aa2a6ded5a0798ceab5787ca3ae39fc
2019-12-29 11:33:07,064 - ERROR - COM4: AppkeyAdd: ERROR_INTERNAL
2019-12-29 11:33:07,069 - DEBUG - COM4: RX: 03849781
2019-12-29 11:33:07,069 - DEBUG - COM4: parsed_packet {event: CmdRsp, data: {'opcode': 151, 'status': 129, 'data': bytearray(b'')}}
2019-12-29 11:33:07,069 - ERROR - COM4: AppkeyAdd: ERROR_INTERNAL
2019-12-29 11:33:09,054 - DEBUG - COM4: TX: 0161
2019-12-29 11:33:09,054 - DEBUG - COM4: RX: 03846100
2019-12-29 11:33:09,054 - DEBUG - COM4: parsed_packet {event: CmdRsp, data: {'opcode': 97, 'status': 0, 'data': bytearray(b'')}}
2019-12-29 11:33:09,054 - INFO - COM4: Success
2019-12-29 11:33:10,805 - DEBUG - COM4: RX: 1ac0d5b91bba0508344a809923e28a48b06dd10001c09923e28ac8
2019-12-29 11:33:10,805 - DEBUG - COM4: parsed_packet {event: ProvUnprovisionedReceived, data: {'uuid': bytearray(b'\xd5\xb9\x1b\xba\x05\x084J\x80\x99#\xe2\x8aH\xb0m'), 'rssi': -47, 'gatt_supported': 0, 'adv_addr_type': 1, 'adv_addr': bytearray(b'\xc0\x99#\xe2\x8a\xc8')}}
2019-12-29 11:33:10,805 - INFO - COM4: Received UUID d5b91bba0508344a809923e28a48b06d with RSSI: -47 dB
2019-12-29 11:33:12,822 - DEBUG - COM4: RX: 1ac0d5b91bba0508344a809923e28a48b06dcd0001c09923e28ac8
2019-12-29 11:33:12,822 - DEBUG - COM4: parsed_packet {event: ProvUnprovisionedReceived, data: {'uuid': bytearray(b'\xd5\xb9\x1b\xba\x05\x084J\x80\x99#\xe2\x8aH\xb0m'), 'rssi': -51, 'gatt_supported': 0, 'adv_addr_type': 1, 'adv_addr': bytearray(b'\xc0\x99#\xe2\x8a\xc8')}}
2019-12-29 11:33:14,055 - DEBUG - COM4: TX: 0162
2019-12-29 11:33:14,057 - DEBUG - COM4: RX: 03846200
2019-12-29 11:33:14,057 - DEBUG - COM4: parsed_packet {event: CmdRsp, data: {'opcode': 98, 'status': 0, 'data': bytearray(b'')}}
2019-12-29 11:33:14,058 - INFO - COM4: Success
2019-12-29 11:33:31,390 - DEBUG - COM4: RX: 04810200fe
2019-12-29 11:33:31,390 - DEBUG - COM4: parsed_packet {event: DeviceStarted, data: {'operating_mode': 2, 'hw_error': 0, 'data_credit_available': 254}}
2019-12-29 11:33:31,390 - INFO - COM4: Device rebooted.
2019-12-29 11:33:31,961 - DEBUG - COM4: RX: 04810200fe
2019-12-29 11:33:31,961 - DEBUG - COM4: parsed_packet {event: DeviceStarted, data: {'operating_mode': 2, 'hw_error': 0, 'data_credit_available': 254}}
2019-12-29 11:33:31,961 - INFO - COM4: Device rebooted.
2019-12-29 11:33:32,454 - DEBUG - COM4: RX: 04810200fe
2019-12-29 11:33:32,454 - DEBUG - COM4: parsed_packet {event: DeviceStarted, data: {'operating_mode': 2, 'hw_error': 0, 'data_credit_available': 254}}
2019-12-29 11:33:32,454 - INFO - COM4: Device rebooted.
2019-12-29 11:37:29,215 - DEBUG - COM4: log Opening port COM4, baudrate 115200, rtscts True
2019-12-29 11:38:10,705 - DEBUG - COM4: RX: 00
2019-12-29 11:38:10,705 - ERROR - COM4: Invalid packet: bytearray(b'\x00')
2019-12-29 11:38:11,104 - DEBUG - COM4: RX: 04810200fe
2019-12-29 11:38:11,120 - DEBUG - COM4: parsed_packet {event: DeviceStarted, data: {'operating_mode': 2, 'hw_error': 0, 'data_credit_available': 254}}
2019-12-29 11:38:11,120 - INFO - COM4: Device rebooted.
