2019-12-29 10:05:48,571 - DEBUG - COM4: TX: 6169df00d860dfef470399f08f416b198ecf684611cdef542ae862410838af8a6402a38d6e7f90384121e43a1011c88a579809a963c5e0e23f47e9036ace1b4483fd6e29aa7e4963042eb45f226f3d901a4fbd680751f7f25212e0d6885e5ff2c11d
2019-12-29 10:05:48,587 - DEBUG - COM4: RX: 03846900
2019-12-29 10:05:48,587 - DEBUG - COM4: parsed_packet {event: CmdRsp, data: {'opcode': 105, 'status': 0, 'data': bytearray(b'')}}
2019-12-29 10:05:48,587 - DEBUG - COM4: TX: 059f01000100
2019-12-29 10:05:48,587 - INFO - COM4: Success
2019-12-29 10:05:48,587 - DEBUG - COM4: RX: 03849f00
2019-12-29 10:05:48,587 - DEBUG - COM4: parsed_packet {event: CmdRsp, data: {'opcode': 159, 'status': 0, 'data': bytearray(b'')}}
2019-12-29 10:05:48,587 - DEBUG - COM4: TX: 1392000018eed9c2a56add85049ffc3c59ad0e12
2019-12-29 10:05:48,587 - INFO - COM4: Success
2019-12-29 10:05:48,602 - DEBUG - COM4: RX: 058492000000
2019-12-29 10:05:48,602 - DEBUG - COM4: parsed_packet {event: CmdRsp, data: {'opcode': 146, 'status': 0, 'data': bytearray(b'\x00\x00')}}
2019-12-29 10:05:48,602 - DEBUG - COM4: TX: 1597000000004f68ad85d9f48ac8589df665b6b49b8a
2019-12-29 10:05:48,602 - INFO - COM4: SubnetAdd: {'subnet_handle': 0}
2019-12-29 10:05:48,602 - DEBUG - COM4: RX: 058497000000
2019-12-29 10:05:48,602 - DEBUG - COM4: parsed_packet {event: CmdRsp, data: {'opcode': 151, 'status': 0, 'data': bytearray(b'\x00\x00')}}
2019-12-29 10:05:48,602 - DEBUG - COM4: TX: 1597010000002aa2a6ded5a0798ceab5787ca3ae39fc
2019-12-29 10:05:48,602 - INFO - COM4: AppkeyAdd: {'appkey_handle': 0}
2019-12-29 10:05:48,602 - DEBUG - COM4: RX: 058497000100
2019-12-29 10:05:48,602 - DEBUG - COM4: parsed_packet {event: CmdRsp, data: {'opcode': 151, 'status': 0, 'data': bytearray(b'\x01\x00')}}
2019-12-29 10:05:48,602 - INFO - COM4: AppkeyAdd: {'appkey_handle': 1}
2019-12-29 10:05:50,600 - DEBUG - COM4: TX: 0161
2019-12-29 10:05:50,600 - DEBUG - COM4: RX: 03846100
2019-12-29 10:05:50,600 - DEBUG - COM4: parsed_packet {event: CmdRsp, data: {'opcode': 97, 'status': 0, 'data': bytearray(b'')}}
2019-12-29 10:05:50,600 - INFO - COM4: Success
2019-12-29 10:05:55,609 - DEBUG - COM4: TX: 0162
2019-12-29 10:05:55,609 - DEBUG - COM4: exited read event
2019-12-29 10:05:57,612 - INFO - COM4: cmd ScanStop, timeout waiting for event
