2020-01-06 15:40:51,523 - DEBUG - COM4: TX: 6169d06bc03cf1ce615a08da70c477ec879da45d324ef707b4d8a880e650a8e7dc3da47a539e46edc8bac6bfda34693e73a6bf4fd0dba1050853f46c8887f103064c7956e4f14de2f1bdcf47a1138c554e96753d583bdb85f3e5d7581924b2d40ad9
2020-01-06 15:40:51,534 - DEBUG - COM4: RX: 03846900
2020-01-06 15:40:51,534 - DEBUG - COM4: parsed_packet {event: CmdRsp, data: {'opcode': 105, 'status': 0, 'data': bytearray(b'')}}
2020-01-06 15:40:51,534 - DEBUG - COM4: TX: 059f01000100
2020-01-06 15:40:51,534 - INFO - COM4: Success
2020-01-06 15:40:51,537 - DEBUG - COM4: RX: 03849f00
2020-01-06 15:40:51,540 - DEBUG - COM4: parsed_packet {event: CmdRsp, data: {'opcode': 159, 'status': 0, 'data': bytearray(b'')}}
2020-01-06 15:40:51,540 - DEBUG - COM4: TX: 1392000018eed9c2a56add85049ffc3c59ad0e12
2020-01-06 15:40:51,540 - INFO - COM4: Success
2020-01-06 15:40:51,544 - DEBUG - COM4: RX: 058492000000
2020-01-06 15:40:51,544 - DEBUG - COM4: parsed_packet {event: CmdRsp, data: {'opcode': 146, 'status': 0, 'data': bytearray(b'\x00\x00')}}
2020-01-06 15:40:51,544 - DEBUG - COM4: TX: 1597000000004f68ad85d9f48ac8589df665b6b49b8a
2020-01-06 15:40:51,544 - INFO - COM4: SubnetAdd: {'subnet_handle': 0}
2020-01-06 15:40:51,548 - DEBUG - COM4: RX: 058497000000
2020-01-06 15:40:51,548 - DEBUG - COM4: parsed_packet {event: CmdRsp, data: {'opcode': 151, 'status': 0, 'data': bytearray(b'\x00\x00')}}
2020-01-06 15:40:51,548 - DEBUG - COM4: TX: 1597010000002aa2a6ded5a0798ceab5787ca3ae39fc
2020-01-06 15:40:51,548 - INFO - COM4: AppkeyAdd: {'appkey_handle': 0}
2020-01-06 15:40:51,552 - DEBUG - COM4: RX: 058497000100
2020-01-06 15:40:51,552 - DEBUG - COM4: parsed_packet {event: CmdRsp, data: {'opcode': 151, 'status': 0, 'data': bytearray(b'\x01\x00')}}
2020-01-06 15:40:51,552 - INFO - COM4: AppkeyAdd: {'appkey_handle': 1}
2020-01-06 15:41:45,825 - DEBUG - COM4: RX: 00
2020-01-06 15:41:45,826 - ERROR - COM4: Invalid packet: bytearray(b'\x00')
2020-01-06 15:41:46,239 - DEBUG - COM4: RX: 04810200fe
2020-01-06 15:41:46,239 - DEBUG - COM4: parsed_packet {event: DeviceStarted, data: {'operating_mode': 2, 'hw_error': 0, 'data_credit_available': 254}}
2020-01-06 15:41:46,239 - INFO - COM4: Device rebooted.
