2019-12-29 12:15:56,618 - DEBUG - COM4: TX: 61695a632df3a88850985d009ddc5ba99b9bf7757f94db05221142c6f170dd07649ea9572dee406021162b74ff8c0e10e14991b5bac29f643c2f6d8c5a997875ac820a1b930901670eb9690fc785832fa676e969c21dd54176943eb66758f1dcc4a3
2019-12-29 12:15:56,628 - DEBUG - COM4: RX: 03846900
2019-12-29 12:15:56,629 - DEBUG - COM4: parsed_packet {event: CmdRsp, data: {'opcode': 105, 'status': 0, 'data': bytearray(b'')}}
2019-12-29 12:15:56,629 - DEBUG - COM4: TX: 059f01000100
2019-12-29 12:15:56,629 - INFO - COM4: Success
2019-12-29 12:15:56,630 - DEBUG - COM4: RX: 03849f8e
2019-12-29 12:15:56,634 - DEBUG - COM4: parsed_packet {event: CmdRsp, data: {'opcode': 159, 'status': 142, 'data': bytearray(b'')}}
2019-12-29 12:15:56,634 - ERROR - COM4: None: ERROR_REJECTED
2019-12-29 12:15:56,634 - DEBUG - COM4: TX: 1392000018eed9c2a56add85049ffc3c59ad0e12
2019-12-29 12:15:56,637 - DEBUG - COM4: RX: 03849281
2019-12-29 12:15:56,638 - DEBUG - COM4: parsed_packet {event: CmdRsp, data: {'opcode': 146, 'status': 129, 'data': bytearray(b'')}}
2019-12-29 12:15:56,638 - ERROR - COM4: SubnetAdd: ERROR_INTERNAL
2019-12-29 12:15:56,638 - DEBUG - COM4: TX: 1597000000004f68ad85d9f48ac8589df665b6b49b8a
2019-12-29 12:15:56,642 - DEBUG - COM4: RX: 03849781
2019-12-29 12:15:56,642 - DEBUG - COM4: parsed_packet {event: CmdRsp, data: {'opcode': 151, 'status': 129, 'data': bytearray(b'')}}
2019-12-29 12:15:56,642 - ERROR - COM4: AppkeyAdd: ERROR_INTERNAL
2019-12-29 12:15:56,642 - DEBUG - COM4: TX: 1597010000002aa2a6ded5a0798ceab5787ca3ae39fc
2019-12-29 12:15:56,646 - DEBUG - COM4: RX: 03849781
2019-12-29 12:15:56,646 - DEBUG - COM4: parsed_packet {event: CmdRsp, data: {'opcode': 151, 'status': 129, 'data': bytearray(b'')}}
2019-12-29 12:15:56,646 - ERROR - COM4: AppkeyAdd: ERROR_INTERNAL
2019-12-29 12:15:58,618 - DEBUG - COM4: TX: 0161
2019-12-29 12:15:58,620 - DEBUG - COM4: RX: 03846100
2019-12-29 12:15:58,620 - DEBUG - COM4: parsed_packet {event: CmdRsp, data: {'opcode': 97, 'status': 0, 'data': bytearray(b'')}}
2019-12-29 12:15:58,620 - INFO - COM4: Success
2019-12-29 12:15:58,928 - DEBUG - COM4: RX: 1ac0d5b91bba0508344a809923e28a48b06dcf0001c09923e28ac8
2019-12-29 12:15:58,929 - DEBUG - COM4: parsed_packet {event: ProvUnprovisionedReceived, data: {'uuid': bytearray(b'\xd5\xb9\x1b\xba\x05\x084J\x80\x99#\xe2\x8aH\xb0m'), 'rssi': -49, 'gatt_supported': 0, 'adv_addr_type': 1, 'adv_addr': bytearray(b'\xc0\x99#\xe2\x8a\xc8')}}
2019-12-29 12:15:58,929 - INFO - COM4: Received UUID d5b91bba0508344a809923e28a48b06d with RSSI: -49 dB
2019-12-29 12:16:00,929 - DEBUG - COM4: RX: 1ac0d5b91bba0508344a809923e28a48b06dcf0001c09923e28ac8
2019-12-29 12:16:00,929 - DEBUG - COM4: parsed_packet {event: ProvUnprovisionedReceived, data: {'uuid': bytearray(b'\xd5\xb9\x1b\xba\x05\x084J\x80\x99#\xe2\x8aH\xb0m'), 'rssi': -49, 'gatt_supported': 0, 'adv_addr_type': 1, 'adv_addr': bytearray(b'\xc0\x99#\xe2\x8a\xc8')}}
2019-12-29 12:16:02,938 - DEBUG - COM4: RX: 1ac0d5b91bba0508344a809923e28a48b06dce0001c09923e28ac8
2019-12-29 12:16:02,939 - DEBUG - COM4: parsed_packet {event: ProvUnprovisionedReceived, data: {'uuid': bytearray(b'\xd5\xb9\x1b\xba\x05\x084J\x80\x99#\xe2\x8aH\xb0m'), 'rssi': -50, 'gatt_supported': 0, 'adv_addr_type': 1, 'adv_addr': bytearray(b'\xc0\x99#\xe2\x8a\xc8')}}
2019-12-29 12:16:03,618 - DEBUG - COM4: TX: 0162
2019-12-29 12:16:03,620 - DEBUG - COM4: RX: 03846200
2019-12-29 12:16:03,620 - DEBUG - COM4: parsed_packet {event: CmdRsp, data: {'opcode': 98, 'status': 0, 'data': bytearray(b'')}}
2019-12-29 12:16:03,620 - INFO - COM4: Success
