2019-12-29 10:19:03,570 - DEBUG - COM4: TX: 61693cdf6fd642dfbc8b31fe0d33c89649861cc5b6cbc2387a28d372ff2efde4952dea6ca8a01756279f603593de40fffaca15611bd6e09d0e99db0064ca7a5c0571744ce0cacf3e89e677bc2d90d3434ebd7885f9e8917fd473648b06878a914b55
2019-12-29 10:19:03,570 - DEBUG - COM4: RX: 03846900
2019-12-29 10:19:03,586 - DEBUG - COM4: parsed_packet {event: CmdRsp, data: {'opcode': 105, 'status': 0, 'data': bytearray(b'')}}
2019-12-29 10:19:03,586 - DEBUG - COM4: TX: 059f01000100
2019-12-29 10:19:03,586 - INFO - COM4: Success
2019-12-29 10:19:03,586 - DEBUG - COM4: RX: 03849f8e
2019-12-29 10:19:03,596 - DEBUG - COM4: parsed_packet {event: CmdRsp, data: {'opcode': 159, 'status': 142, 'data': bytearray(b'')}}
2019-12-29 10:19:03,596 - DEBUG - COM4: TX: 1392000018eed9c2a56add85049ffc3c59ad0e12
2019-12-29 10:19:03,596 - ERROR - COM4: None: ERROR_REJECTED
2019-12-29 10:19:03,596 - DEBUG - COM4: RX: 03849281
2019-12-29 10:19:03,596 - DEBUG - COM4: parsed_packet {event: CmdRsp, data: {'opcode': 146, 'status': 129, 'data': bytearray(b'')}}
2019-12-29 10:19:03,596 - DEBUG - COM4: TX: 1597000000004f68ad85d9f48ac8589df665b6b49b8a
2019-12-29 10:19:03,596 - ERROR - COM4: SubnetAdd: ERROR_INTERNAL
2019-12-29 10:19:03,596 - DEBUG - COM4: RX: 03849781
2019-12-29 10:19:03,596 - DEBUG - COM4: parsed_packet {event: CmdRsp, data: {'opcode': 151, 'status': 129, 'data': bytearray(b'')}}
2019-12-29 10:19:03,596 - DEBUG - COM4: TX: 1597010000002aa2a6ded5a0798ceab5787ca3ae39fc
2019-12-29 10:19:03,596 - ERROR - COM4: AppkeyAdd: ERROR_INTERNAL
2019-12-29 10:19:03,596 - DEBUG - COM4: RX: 03849781
2019-12-29 10:19:03,596 - DEBUG - COM4: parsed_packet {event: CmdRsp, data: {'opcode': 151, 'status': 129, 'data': bytearray(b'')}}
2019-12-29 10:19:03,596 - ERROR - COM4: AppkeyAdd: ERROR_INTERNAL
2019-12-29 10:19:05,576 - DEBUG - COM4: TX: 0161
2019-12-29 10:19:05,576 - DEBUG - COM4: RX: 03846100
2019-12-29 10:19:05,576 - DEBUG - COM4: parsed_packet {event: CmdRsp, data: {'opcode': 97, 'status': 0, 'data': bytearray(b'')}}
2019-12-29 10:19:05,576 - INFO - COM4: Success
2019-12-29 10:19:05,927 - DEBUG - COM4: RX: 1ac0d5b91bba0508344a809923e28a48b06dcf0001c09923e28ac8
2019-12-29 10:19:05,927 - DEBUG - COM4: parsed_packet {event: ProvUnprovisionedReceived, data: {'uuid': bytearray(b'\xd5\xb9\x1b\xba\x05\x084J\x80\x99#\xe2\x8aH\xb0m'), 'rssi': -49, 'gatt_supported': 0, 'adv_addr_type': 1, 'adv_addr': bytearray(b'\xc0\x99#\xe2\x8a\xc8')}}
2019-12-29 10:19:05,927 - INFO - COM4: Received UUID d5b91bba0508344a809923e28a48b06d with RSSI: -49 dB
2019-12-29 10:19:07,928 - DEBUG - COM4: RX: 1ac0d5b91bba0508344a809923e28a48b06dd10001c09923e28ac8
2019-12-29 10:19:07,928 - DEBUG - COM4: parsed_packet {event: ProvUnprovisionedReceived, data: {'uuid': bytearray(b'\xd5\xb9\x1b\xba\x05\x084J\x80\x99#\xe2\x8aH\xb0m'), 'rssi': -47, 'gatt_supported': 0, 'adv_addr_type': 1, 'adv_addr': bytearray(b'\xc0\x99#\xe2\x8a\xc8')}}
2019-12-29 10:19:09,939 - DEBUG - COM4: RX: 1ac0d5b91bba0508344a809923e28a48b06dd40001c09923e28ac8
2019-12-29 10:19:09,939 - DEBUG - COM4: parsed_packet {event: ProvUnprovisionedReceived, data: {'uuid': bytearray(b'\xd5\xb9\x1b\xba\x05\x084J\x80\x99#\xe2\x8aH\xb0m'), 'rssi': -44, 'gatt_supported': 0, 'adv_addr_type': 1, 'adv_addr': bytearray(b'\xc0\x99#\xe2\x8a\xc8')}}
2019-12-29 10:19:10,576 - DEBUG - COM4: TX: 0162
2019-12-29 10:19:10,577 - DEBUG - COM4: exited read event
2019-12-29 10:19:24,514 - DEBUG - COM4: TX: 616955dc9eaa1718a007a6346c258b5e5d17fd5dd6c8b7faa7daa86c90f9ff924e23d1eb7899d4f12ad07f42e2bf197d8a715ca981af27806ba15d9213fb465aad4a7591bbf1d5b4dcc8808ec6c7ce573a9db37878636d3275450c43e2c59a45ab4b
2019-12-29 10:19:24,530 - DEBUG - COM4: RX: 03846900
2019-12-29 10:19:24,530 - DEBUG - COM4: parsed_packet {event: CmdRsp, data: {'opcode': 105, 'status': 0, 'data': bytearray(b'')}}
2019-12-29 10:19:24,530 - DEBUG - COM4: TX: 059f01000100
2019-12-29 10:19:24,530 - INFO - COM4: Success
2019-12-29 10:19:24,530 - DEBUG - COM4: RX: 03849f8e
2019-12-29 10:19:24,530 - DEBUG - COM4: parsed_packet {event: CmdRsp, data: {'opcode': 159, 'status': 142, 'data': bytearray(b'')}}
2019-12-29 10:19:24,530 - DEBUG - COM4: TX: 1392000018eed9c2a56add85049ffc3c59ad0e12
2019-12-29 10:19:24,530 - ERROR - COM4: None: ERROR_REJECTED
2019-12-29 10:19:24,546 - DEBUG - COM4: RX: 03849281
2019-12-29 10:19:24,547 - DEBUG - COM4: parsed_packet {event: CmdRsp, data: {'opcode': 146, 'status': 129, 'data': bytearray(b'')}}
2019-12-29 10:19:24,547 - DEBUG - COM4: TX: 1597000000004f68ad85d9f48ac8589df665b6b49b8a
2019-12-29 10:19:24,547 - ERROR - COM4: SubnetAdd: ERROR_INTERNAL
2019-12-29 10:19:24,548 - DEBUG - COM4: RX: 03849781
2019-12-29 10:19:24,548 - DEBUG - COM4: parsed_packet {event: CmdRsp, data: {'opcode': 151, 'status': 129, 'data': bytearray(b'')}}
2019-12-29 10:19:24,548 - DEBUG - COM4: TX: 1597010000002aa2a6ded5a0798ceab5787ca3ae39fc
2019-12-29 10:19:24,548 - ERROR - COM4: AppkeyAdd: ERROR_INTERNAL
2019-12-29 10:19:24,548 - DEBUG - COM4: RX: 03849781
2019-12-29 10:19:24,548 - DEBUG - COM4: parsed_packet {event: CmdRsp, data: {'opcode': 151, 'status': 129, 'data': bytearray(b'')}}
2019-12-29 10:19:24,548 - ERROR - COM4: AppkeyAdd: ERROR_INTERNAL
2019-12-29 10:19:31,566 - DEBUG - COM4: exited read event
2019-12-29 10:19:45,122 - DEBUG - COM4: exited read event
