2019-12-29 17:43:25,187 - DEBUG - COM4: TX: 616940c2be19783c55893d1142e240f23f86b97ba97b6515b2a52b37c2b645b64f8659f1b060108a7fd35a0a68f2ae7543dca0283da1519cbebb22b0e64b964a4d1b4a17c3d583dc6ae62b6f5b27ae0905f5cd08ec2a6736a0c32d5e8e0e09d5a8d3
2019-12-29 17:43:25,198 - DEBUG - COM4: RX: 03846900
2019-12-29 17:43:25,199 - DEBUG - COM4: parsed_packet {event: CmdRsp, data: {'opcode': 105, 'status': 0, 'data': bytearray(b'')}}
2019-12-29 17:43:25,199 - DEBUG - COM4: TX: 059f01000100
2019-12-29 17:43:25,199 - INFO - COM4: Success
2019-12-29 17:43:25,201 - DEBUG - COM4: RX: 03849f8e
2019-12-29 17:43:25,210 - DEBUG - COM4: parsed_packet {event: CmdRsp, data: {'opcode': 159, 'status': 142, 'data': bytearray(b'')}}
2019-12-29 17:43:25,211 - DEBUG - COM4: TX: 1392000018eed9c2a56add85049ffc3c59ad0e12
2019-12-29 17:43:25,210 - ERROR - COM4: None: ERROR_REJECTED
2019-12-29 17:43:25,214 - DEBUG - COM4: RX: 03849281
2019-12-29 17:43:25,214 - DEBUG - COM4: parsed_packet {event: CmdRsp, data: {'opcode': 146, 'status': 129, 'data': bytearray(b'')}}
2019-12-29 17:43:25,214 - ERROR - COM4: SubnetAdd: ERROR_INTERNAL
2019-12-29 17:43:25,214 - DEBUG - COM4: TX: 1597000000004f68ad85d9f48ac8589df665b6b49b8a
2019-12-29 17:43:25,218 - DEBUG - COM4: RX: 03849781
2019-12-29 17:43:25,218 - DEBUG - COM4: parsed_packet {event: CmdRsp, data: {'opcode': 151, 'status': 129, 'data': bytearray(b'')}}
2019-12-29 17:43:25,219 - DEBUG - COM4: TX: 1597010000002aa2a6ded5a0798ceab5787ca3ae39fc
2019-12-29 17:43:25,218 - ERROR - COM4: AppkeyAdd: ERROR_INTERNAL
2019-12-29 17:43:25,222 - DEBUG - COM4: RX: 03849781
2019-12-29 17:43:25,222 - DEBUG - COM4: parsed_packet {event: CmdRsp, data: {'opcode': 151, 'status': 129, 'data': bytearray(b'')}}
2019-12-29 17:43:25,222 - ERROR - COM4: AppkeyAdd: ERROR_INTERNAL
2019-12-29 17:43:27,185 - DEBUG - COM4: TX: 0161
2019-12-29 17:43:27,186 - DEBUG - COM4: RX: 03846100
2019-12-29 17:43:27,186 - DEBUG - COM4: parsed_packet {event: CmdRsp, data: {'opcode': 97, 'status': 0, 'data': bytearray(b'')}}
2019-12-29 17:43:27,186 - INFO - COM4: Success
2019-12-29 17:43:27,971 - DEBUG - COM4: RX: 1ac0d5b91bba0508344a809923e28a48b06dd10001c09923e28ac8
2019-12-29 17:43:27,971 - DEBUG - COM4: parsed_packet {event: ProvUnprovisionedReceived, data: {'uuid': bytearray(b'\xd5\xb9\x1b\xba\x05\x084J\x80\x99#\xe2\x8aH\xb0m'), 'rssi': -47, 'gatt_supported': 0, 'adv_addr_type': 1, 'adv_addr': bytearray(b'\xc0\x99#\xe2\x8a\xc8')}}
2019-12-29 17:43:27,971 - INFO - COM4: Received UUID d5b91bba0508344a809923e28a48b06d with RSSI: -47 dB
2019-12-29 17:43:29,978 - DEBUG - COM4: RX: 1ac0d5b91bba0508344a809923e28a48b06dd70001c09923e28ac8
2019-12-29 17:43:29,979 - DEBUG - COM4: parsed_packet {event: ProvUnprovisionedReceived, data: {'uuid': bytearray(b'\xd5\xb9\x1b\xba\x05\x084J\x80\x99#\xe2\x8aH\xb0m'), 'rssi': -41, 'gatt_supported': 0, 'adv_addr_type': 1, 'adv_addr': bytearray(b'\xc0\x99#\xe2\x8a\xc8')}}
2019-12-29 17:43:31,979 - DEBUG - COM4: RX: 1ac0d5b91bba0508344a809923e28a48b06dd30001c09923e28ac8
2019-12-29 17:43:31,980 - DEBUG - COM4: parsed_packet {event: ProvUnprovisionedReceived, data: {'uuid': bytearray(b'\xd5\xb9\x1b\xba\x05\x084J\x80\x99#\xe2\x8aH\xb0m'), 'rssi': -45, 'gatt_supported': 0, 'adv_addr_type': 1, 'adv_addr': bytearray(b'\xc0\x99#\xe2\x8a\xc8')}}
2019-12-29 17:43:32,186 - DEBUG - COM4: TX: 0162
2019-12-29 17:43:32,188 - DEBUG - COM4: RX: 03846200
2019-12-29 17:43:32,188 - DEBUG - COM4: parsed_packet {event: CmdRsp, data: {'opcode': 98, 'status': 0, 'data': bytearray(b'')}}
2019-12-29 17:43:32,188 - INFO - COM4: Success
2019-12-29 17:45:53,325 - DEBUG - COM4: RX: 04810200fe
2019-12-29 17:45:53,325 - DEBUG - COM4: parsed_packet {event: DeviceStarted, data: {'operating_mode': 2, 'hw_error': 0, 'data_credit_available': 254}}
2019-12-29 17:45:53,326 - INFO - COM4: Device rebooted.
