2019-12-30 17:10:20,873 - DEBUG - COM4: TX: 6169081ccfc05443f771d8713ec43f291334d3bd0168380e6d462a55535658aac58b7185b862ad66305cd617d0b36b598603af40033a3859ba4da5c088af0679057452b5853bedbfb0d382a49558461efc3beccaf1e8f62fa64a84b8b298de2c922f
2019-12-30 17:10:20,884 - DEBUG - COM4: RX: 03846900
2019-12-30 17:10:20,885 - DEBUG - COM4: parsed_packet {event: CmdRsp, data: {'opcode': 105, 'status': 0, 'data': bytearray(b'')}}
2019-12-30 17:10:20,886 - DEBUG - COM4: TX: 059f01000100
2019-12-30 17:10:20,885 - INFO - COM4: Success
2019-12-30 17:10:20,888 - DEBUG - COM4: RX: 03849f8e
2019-12-30 17:10:20,892 - DEBUG - COM4: parsed_packet {event: CmdRsp, data: {'opcode': 159, 'status': 142, 'data': bytearray(b'')}}
2019-12-30 17:10:20,892 - DEBUG - COM4: TX: 1392000018eed9c2a56add85049ffc3c59ad0e12
2019-12-30 17:10:20,892 - ERROR - COM4: None: ERROR_REJECTED
2019-12-30 17:10:20,896 - DEBUG - COM4: RX: 03849281
2019-12-30 17:10:20,896 - DEBUG - COM4: parsed_packet {event: CmdRsp, data: {'opcode': 146, 'status': 129, 'data': bytearray(b'')}}
2019-12-30 17:10:20,896 - DEBUG - COM4: TX: 1597000000004f68ad85d9f48ac8589df665b6b49b8a
2019-12-30 17:10:20,896 - ERROR - COM4: SubnetAdd: ERROR_INTERNAL
2019-12-30 17:10:20,900 - DEBUG - COM4: RX: 03849781
2019-12-30 17:10:20,900 - DEBUG - COM4: parsed_packet {event: CmdRsp, data: {'opcode': 151, 'status': 129, 'data': bytearray(b'')}}
2019-12-30 17:10:20,901 - DEBUG - COM4: TX: 1597010000002aa2a6ded5a0798ceab5787ca3ae39fc
2019-12-30 17:10:20,901 - ERROR - COM4: AppkeyAdd: ERROR_INTERNAL
2019-12-30 17:10:20,905 - DEBUG - COM4: RX: 03849781
2019-12-30 17:10:20,905 - DEBUG - COM4: parsed_packet {event: CmdRsp, data: {'opcode': 151, 'status': 129, 'data': bytearray(b'')}}
2019-12-30 17:10:20,906 - ERROR - COM4: AppkeyAdd: ERROR_INTERNAL
2019-12-30 17:11:09,415 - DEBUG - COM4: RX: 04810200fe
2019-12-30 17:11:09,415 - DEBUG - COM4: parsed_packet {event: DeviceStarted, data: {'operating_mode': 2, 'hw_error': 0, 'data_credit_available': 254}}
2019-12-30 17:11:09,416 - INFO - COM4: Device rebooted.
