2019-12-30 18:25:01,331 - DEBUG - COM4: TX: 6169eb0cbb1115e66e792e655e7fd1550f99a3ed95665fe67b6073dfa91f5d3a425a7d69fb10f148346e0104a9a669636c13490bde55c8d1ff7d5201e88874553fd873f6df351a344e84491426860f5a3f36e717b53087a185b6f9a561e62137826f
2019-12-30 18:25:01,343 - DEBUG - COM4: RX: 03846900
2019-12-30 18:25:01,343 - DEBUG - COM4: parsed_packet {event: CmdRsp, data: {'opcode': 105, 'status': 0, 'data': bytearray(b'')}}
2019-12-30 18:25:01,344 - DEBUG - COM4: TX: 059f01000100
2019-12-30 18:25:01,344 - INFO - COM4: Success
2019-12-30 18:25:01,346 - DEBUG - COM4: RX: 03849f00
2019-12-30 18:25:01,354 - DEBUG - COM4: parsed_packet {event: CmdRsp, data: {'opcode': 159, 'status': 0, 'data': bytearray(b'')}}
2019-12-30 18:25:01,354 - DEBUG - COM4: TX: 1392000018eed9c2a56add85049ffc3c59ad0e12
2019-12-30 18:25:01,354 - INFO - COM4: Success
2019-12-30 18:25:01,358 - DEBUG - COM4: RX: 058492000000
2019-12-30 18:25:01,358 - DEBUG - COM4: parsed_packet {event: CmdRsp, data: {'opcode': 146, 'status': 0, 'data': bytearray(b'\x00\x00')}}
2019-12-30 18:25:01,359 - DEBUG - COM4: TX: 1597000000004f68ad85d9f48ac8589df665b6b49b8a
2019-12-30 18:25:01,358 - INFO - COM4: SubnetAdd: {'subnet_handle': 0}
2019-12-30 18:25:01,363 - DEBUG - COM4: RX: 058497000000
2019-12-30 18:25:01,363 - DEBUG - COM4: parsed_packet {event: CmdRsp, data: {'opcode': 151, 'status': 0, 'data': bytearray(b'\x00\x00')}}
2019-12-30 18:25:01,363 - DEBUG - COM4: TX: 1597010000002aa2a6ded5a0798ceab5787ca3ae39fc
2019-12-30 18:25:01,363 - INFO - COM4: AppkeyAdd: {'appkey_handle': 0}
2019-12-30 18:25:01,367 - DEBUG - COM4: RX: 058497000100
2019-12-30 18:25:01,367 - DEBUG - COM4: parsed_packet {event: CmdRsp, data: {'opcode': 151, 'status': 0, 'data': bytearray(b'\x01\x00')}}
2019-12-30 18:25:01,367 - INFO - COM4: AppkeyAdd: {'appkey_handle': 1}
2019-12-30 18:25:51,600 - DEBUG - COM4: TX: 616969440796e50ccb1e4d50c93ba497d644c9e32935a48db6673d399ed2610c1dcd4165fc380ef9e960be930c2491e7fc66a1a7a7c39e3f6747ef81c1f3039f5617fe1d4cf1ee36eb08c18b2aef2aca6e4751ac8f30abfa1da57f1f67cb41c4356b
2019-12-30 18:25:51,612 - DEBUG - COM4: RX: 03846900
2019-12-30 18:25:51,612 - DEBUG - COM4: parsed_packet {event: CmdRsp, data: {'opcode': 105, 'status': 0, 'data': bytearray(b'')}}
2019-12-30 18:25:51,613 - DEBUG - COM4: TX: 059f01000100
2019-12-30 18:25:51,613 - INFO - COM4: Success
2019-12-30 18:25:51,615 - DEBUG - COM4: RX: 03849f8e
2019-12-30 18:25:51,615 - DEBUG - COM4: parsed_packet {event: CmdRsp, data: {'opcode': 159, 'status': 142, 'data': bytearray(b'')}}
2019-12-30 18:25:51,616 - DEBUG - COM4: TX: 1392000018eed9c2a56add85049ffc3c59ad0e12
2019-12-30 18:25:51,616 - ERROR - COM4: None: ERROR_REJECTED
2019-12-30 18:25:51,619 - DEBUG - COM4: RX: 03849281
2019-12-30 18:25:51,619 - DEBUG - COM4: parsed_packet {event: CmdRsp, data: {'opcode': 146, 'status': 129, 'data': bytearray(b'')}}
2019-12-30 18:25:51,619 - DEBUG - COM4: TX: 1597000000004f68ad85d9f48ac8589df665b6b49b8a
2019-12-30 18:25:51,619 - ERROR - COM4: SubnetAdd: ERROR_INTERNAL
2019-12-30 18:25:51,623 - DEBUG - COM4: RX: 03849781
2019-12-30 18:25:51,623 - DEBUG - COM4: parsed_packet {event: CmdRsp, data: {'opcode': 151, 'status': 129, 'data': bytearray(b'')}}
2019-12-30 18:25:51,624 - DEBUG - COM4: TX: 1597010000002aa2a6ded5a0798ceab5787ca3ae39fc
2019-12-30 18:25:51,623 - ERROR - COM4: AppkeyAdd: ERROR_INTERNAL
2019-12-30 18:25:51,628 - DEBUG - COM4: RX: 03849781
2019-12-30 18:25:51,628 - DEBUG - COM4: parsed_packet {event: CmdRsp, data: {'opcode': 151, 'status': 129, 'data': bytearray(b'')}}
2019-12-30 18:25:51,628 - ERROR - COM4: AppkeyAdd: ERROR_INTERNAL
