2019-12-29 15:32:08,548 - DEBUG - COM4: TX: 616959862896576c6d973c73257d5a343555e7698ae52f6f99b4e5938ba886594b6bc311c19da60a7e7875b142cc55e02a769d345d9f2055e55f55b28c7e3275d91202560b58c2b52b2954758cb548204fe24194f6c34835002a6e60e92b88c92a23
2019-12-29 15:32:08,559 - DEBUG - COM4: RX: 03846900
2019-12-29 15:32:08,560 - DEBUG - COM4: parsed_packet {event: CmdRsp, data: {'opcode': 105, 'status': 0, 'data': bytearray(b'')}}
2019-12-29 15:32:08,560 - DEBUG - COM4: TX: 059f01000100
2019-12-29 15:32:08,560 - INFO - COM4: Success
2019-12-29 15:32:08,562 - DEBUG - COM4: RX: 03849f00
2019-12-29 15:32:08,570 - DEBUG - COM4: parsed_packet {event: CmdRsp, data: {'opcode': 159, 'status': 0, 'data': bytearray(b'')}}
2019-12-29 15:32:08,570 - DEBUG - COM4: TX: 1392000018eed9c2a56add85049ffc3c59ad0e12
2019-12-29 15:32:08,570 - INFO - COM4: Success
2019-12-29 15:32:08,574 - DEBUG - COM4: RX: 058492000000
2019-12-29 15:32:08,574 - DEBUG - COM4: parsed_packet {event: CmdRsp, data: {'opcode': 146, 'status': 0, 'data': bytearray(b'\x00\x00')}}
2019-12-29 15:32:08,575 - DEBUG - COM4: TX: 1597000000004f68ad85d9f48ac8589df665b6b49b8a
2019-12-29 15:32:08,574 - INFO - COM4: SubnetAdd: {'subnet_handle': 0}
2019-12-29 15:32:08,579 - DEBUG - COM4: RX: 058497000000
2019-12-29 15:32:08,579 - DEBUG - COM4: parsed_packet {event: CmdRsp, data: {'opcode': 151, 'status': 0, 'data': bytearray(b'\x00\x00')}}
2019-12-29 15:32:08,579 - DEBUG - COM4: TX: 1597010000002aa2a6ded5a0798ceab5787ca3ae39fc
2019-12-29 15:32:08,579 - INFO - COM4: AppkeyAdd: {'appkey_handle': 0}
2019-12-29 15:32:08,583 - DEBUG - COM4: RX: 058497000100
2019-12-29 15:32:08,583 - DEBUG - COM4: parsed_packet {event: CmdRsp, data: {'opcode': 151, 'status': 0, 'data': bytearray(b'\x01\x00')}}
2019-12-29 15:32:08,583 - INFO - COM4: AppkeyAdd: {'appkey_handle': 1}
2019-12-29 15:32:10,549 - DEBUG - COM4: TX: 0161
2019-12-29 15:32:10,551 - DEBUG - COM4: RX: 03846100
2019-12-29 15:32:10,551 - DEBUG - COM4: parsed_packet {event: CmdRsp, data: {'opcode': 97, 'status': 0, 'data': bytearray(b'')}}
2019-12-29 15:32:10,552 - INFO - COM4: Success
2019-12-29 15:32:10,676 - DEBUG - COM4: RX: 1ac0d5b91bba0508344a809923e28a48b06dce0001c09923e28ac8
2019-12-29 15:32:10,676 - DEBUG - COM4: parsed_packet {event: ProvUnprovisionedReceived, data: {'uuid': bytearray(b'\xd5\xb9\x1b\xba\x05\x084J\x80\x99#\xe2\x8aH\xb0m'), 'rssi': -50, 'gatt_supported': 0, 'adv_addr_type': 1, 'adv_addr': bytearray(b'\xc0\x99#\xe2\x8a\xc8')}}
2019-12-29 15:32:10,676 - INFO - COM4: Received UUID d5b91bba0508344a809923e28a48b06d with RSSI: -50 dB
2019-12-29 15:32:12,676 - DEBUG - COM4: RX: 1ac0d5b91bba0508344a809923e28a48b06dd70001c09923e28ac8
2019-12-29 15:32:12,677 - DEBUG - COM4: parsed_packet {event: ProvUnprovisionedReceived, data: {'uuid': bytearray(b'\xd5\xb9\x1b\xba\x05\x084J\x80\x99#\xe2\x8aH\xb0m'), 'rssi': -41, 'gatt_supported': 0, 'adv_addr_type': 1, 'adv_addr': bytearray(b'\xc0\x99#\xe2\x8a\xc8')}}
2019-12-29 15:32:14,679 - DEBUG - COM4: RX: 1ac0d5b91bba0508344a809923e28a48b06dd40001c09923e28ac8
2019-12-29 15:32:14,680 - DEBUG - COM4: parsed_packet {event: ProvUnprovisionedReceived, data: {'uuid': bytearray(b'\xd5\xb9\x1b\xba\x05\x084J\x80\x99#\xe2\x8aH\xb0m'), 'rssi': -44, 'gatt_supported': 0, 'adv_addr_type': 1, 'adv_addr': bytearray(b'\xc0\x99#\xe2\x8a\xc8')}}
2019-12-29 15:32:15,549 - DEBUG - COM4: TX: 0162
2019-12-29 15:32:15,550 - DEBUG - COM4: RX: 03846200
2019-12-29 15:32:15,551 - DEBUG - COM4: parsed_packet {event: CmdRsp, data: {'opcode': 98, 'status': 0, 'data': bytearray(b'')}}
2019-12-29 15:32:15,551 - INFO - COM4: Success
