2019-12-29 17:02:10,138 - DEBUG - COM4: TX: 6169d78e9e77488edae80ef586dfe737d96da476310b11af38b7fa388e8f8aa3f3aae545591c39dd3b68a95830843fd33b77e6cd082687b2eff237391b4b53390e82bf221abdc182774dae17a26590adacfbb2ac68e45eed632bc6de8beb1a76d644
2019-12-29 17:02:10,149 - DEBUG - COM4: RX: 03846900
2019-12-29 17:02:10,150 - DEBUG - COM4: parsed_packet {event: CmdRsp, data: {'opcode': 105, 'status': 0, 'data': bytearray(b'')}}
2019-12-29 17:02:10,150 - INFO - COM4: Success
2019-12-29 17:02:10,150 - DEBUG - COM4: TX: 059f01000100
2019-12-29 17:02:10,153 - DEBUG - COM4: RX: 03849f8e
2019-12-29 17:02:10,162 - DEBUG - COM4: parsed_packet {event: CmdRsp, data: {'opcode': 159, 'status': 142, 'data': bytearray(b'')}}
2019-12-29 17:02:10,163 - DEBUG - COM4: TX: 1392000018eed9c2a56add85049ffc3c59ad0e12
2019-12-29 17:02:10,162 - ERROR - COM4: None: ERROR_REJECTED
2019-12-29 17:02:10,167 - DEBUG - COM4: RX: 03849281
2019-12-29 17:02:10,167 - DEBUG - COM4: parsed_packet {event: CmdRsp, data: {'opcode': 146, 'status': 129, 'data': bytearray(b'')}}
2019-12-29 17:02:10,167 - DEBUG - COM4: TX: 1597000000004f68ad85d9f48ac8589df665b6b49b8a
2019-12-29 17:02:10,167 - ERROR - COM4: SubnetAdd: ERROR_INTERNAL
2019-12-29 17:02:10,170 - DEBUG - COM4: RX: 03849781
2019-12-29 17:02:10,171 - DEBUG - COM4: parsed_packet {event: CmdRsp, data: {'opcode': 151, 'status': 129, 'data': bytearray(b'')}}
2019-12-29 17:02:10,171 - DEBUG - COM4: TX: 1597010000002aa2a6ded5a0798ceab5787ca3ae39fc
2019-12-29 17:02:10,171 - ERROR - COM4: AppkeyAdd: ERROR_INTERNAL
2019-12-29 17:02:10,174 - DEBUG - COM4: RX: 03849781
2019-12-29 17:02:10,175 - DEBUG - COM4: parsed_packet {event: CmdRsp, data: {'opcode': 151, 'status': 129, 'data': bytearray(b'')}}
2019-12-29 17:02:10,175 - ERROR - COM4: AppkeyAdd: ERROR_INTERNAL
2019-12-29 17:02:12,128 - DEBUG - COM4: TX: 0161
2019-12-29 17:02:12,130 - DEBUG - COM4: RX: 03846100
2019-12-29 17:02:12,130 - DEBUG - COM4: parsed_packet {event: CmdRsp, data: {'opcode': 97, 'status': 0, 'data': bytearray(b'')}}
2019-12-29 17:02:12,130 - INFO - COM4: Success
2019-12-29 17:02:13,823 - DEBUG - COM4: RX: 1ac0d5b91bba0508344a809923e28a48b06dd40001c09923e28ac8
2019-12-29 17:02:13,823 - DEBUG - COM4: parsed_packet {event: ProvUnprovisionedReceived, data: {'uuid': bytearray(b'\xd5\xb9\x1b\xba\x05\x084J\x80\x99#\xe2\x8aH\xb0m'), 'rssi': -44, 'gatt_supported': 0, 'adv_addr_type': 1, 'adv_addr': bytearray(b'\xc0\x99#\xe2\x8a\xc8')}}
2019-12-29 17:02:13,823 - INFO - COM4: Received UUID d5b91bba0508344a809923e28a48b06d with RSSI: -44 dB
2019-12-29 17:02:15,826 - DEBUG - COM4: RX: 1ac0d5b91bba0508344a809923e28a48b06dd00001c09923e28ac8
2019-12-29 17:02:15,826 - DEBUG - COM4: parsed_packet {event: ProvUnprovisionedReceived, data: {'uuid': bytearray(b'\xd5\xb9\x1b\xba\x05\x084J\x80\x99#\xe2\x8aH\xb0m'), 'rssi': -48, 'gatt_supported': 0, 'adv_addr_type': 1, 'adv_addr': bytearray(b'\xc0\x99#\xe2\x8a\xc8')}}
2019-12-29 17:02:17,129 - DEBUG - COM4: TX: 0162
2019-12-29 17:02:17,131 - DEBUG - COM4: RX: 03846200
2019-12-29 17:02:17,131 - DEBUG - COM4: parsed_packet {event: CmdRsp, data: {'opcode': 98, 'status': 0, 'data': bytearray(b'')}}
2019-12-29 17:02:17,131 - INFO - COM4: Success
