2019-12-29 10:27:48,483 - DEBUG - COM4: TX: 6169473759dd5c3e8580d80859f27f854f534a63fc70274e83ebe92f273724d505a2ea92dbbfd72db9aca0de9004079cb9be448872f92d93610323d88fc40b3eb820be71df40913cb8a3cbe29220d329118d881e5177751c7c5f1ae153d05718bca7
2019-12-29 10:27:48,498 - DEBUG - COM4: RX: 03846900
2019-12-29 10:27:48,498 - DEBUG - COM4: parsed_packet {event: CmdRsp, data: {'opcode': 105, 'status': 0, 'data': bytearray(b'')}}
2019-12-29 10:27:48,498 - DEBUG - COM4: TX: 059f01000100
2019-12-29 10:27:48,498 - INFO - COM4: Success
2019-12-29 10:27:48,498 - DEBUG - COM4: RX: 03849f8e
2019-12-29 10:27:48,513 - DEBUG - COM4: parsed_packet {event: CmdRsp, data: {'opcode': 159, 'status': 142, 'data': bytearray(b'')}}
2019-12-29 10:27:48,513 - DEBUG - COM4: TX: 1392000018eed9c2a56add85049ffc3c59ad0e12
2019-12-29 10:27:48,513 - ERROR - COM4: None: ERROR_REJECTED
2019-12-29 10:27:48,513 - DEBUG - COM4: RX: 03849281
2019-12-29 10:27:48,513 - DEBUG - COM4: parsed_packet {event: CmdRsp, data: {'opcode': 146, 'status': 129, 'data': bytearray(b'')}}
2019-12-29 10:27:48,513 - DEBUG - COM4: TX: 1597000000004f68ad85d9f48ac8589df665b6b49b8a
2019-12-29 10:27:48,513 - ERROR - COM4: SubnetAdd: ERROR_INTERNAL
2019-12-29 10:27:48,513 - DEBUG - COM4: RX: 03849781
2019-12-29 10:27:48,513 - DEBUG - COM4: parsed_packet {event: CmdRsp, data: {'opcode': 151, 'status': 129, 'data': bytearray(b'')}}
2019-12-29 10:27:48,513 - DEBUG - COM4: TX: 1597010000002aa2a6ded5a0798ceab5787ca3ae39fc
2019-12-29 10:27:48,513 - ERROR - COM4: AppkeyAdd: ERROR_INTERNAL
2019-12-29 10:27:48,513 - DEBUG - COM4: RX: 03849781
2019-12-29 10:27:48,513 - DEBUG - COM4: parsed_packet {event: CmdRsp, data: {'opcode': 151, 'status': 129, 'data': bytearray(b'')}}
2019-12-29 10:27:48,513 - DEBUG - COM4: TX: 159c10000000c8789d5965ef5e10d3164fd1b70ba326
2019-12-29 10:27:48,513 - ERROR - COM4: AppkeyAdd: ERROR_INTERNAL
2019-12-29 10:27:48,513 - DEBUG - COM4: RX: 05849c000800
2019-12-29 10:27:48,513 - DEBUG - COM4: parsed_packet {event: CmdRsp, data: {'opcode': 156, 'status': 0, 'data': bytearray(b'\x08\x00')}}
2019-12-29 10:27:48,529 - DEBUG - COM4: TX: 03a41000
2019-12-29 10:27:48,529 - INFO - COM4: DevkeyAdd: {'devkey_handle': 8}
2019-12-29 10:27:48,529 - DEBUG - COM4: RX: 0584a4000000
2019-12-29 10:27:48,529 - DEBUG - COM4: parsed_packet {event: CmdRsp, data: {'opcode': 164, 'status': 0, 'data': bytearray(b'\x00\x00')}}
2019-12-29 10:27:48,529 - INFO - COM4: AddrPublicationAdd: {'address_handle': 0}
2019-12-29 10:27:50,487 - DEBUG - COM4: TX: 0161
2019-12-29 10:27:50,487 - DEBUG - COM4: RX: 03846100
2019-12-29 10:27:50,487 - DEBUG - COM4: parsed_packet {event: CmdRsp, data: {'opcode': 97, 'status': 0, 'data': bytearray(b'')}}
2019-12-29 10:27:50,487 - INFO - COM4: Success
2019-12-29 10:27:51,256 - DEBUG - COM4: RX: 1ac0d5b91bba0508344a809923e28a48b06dd20001c09923e28ac8
2019-12-29 10:27:51,256 - DEBUG - COM4: parsed_packet {event: ProvUnprovisionedReceived, data: {'uuid': bytearray(b'\xd5\xb9\x1b\xba\x05\x084J\x80\x99#\xe2\x8aH\xb0m'), 'rssi': -46, 'gatt_supported': 0, 'adv_addr_type': 1, 'adv_addr': bytearray(b'\xc0\x99#\xe2\x8a\xc8')}}
2019-12-29 10:27:51,256 - INFO - COM4: Received UUID d5b91bba0508344a809923e28a48b06d with RSSI: -46 dB
2019-12-29 10:27:53,270 - DEBUG - COM4: RX: 1ac0d5b91bba0508344a809923e28a48b06dd00001c09923e28ac8
2019-12-29 10:27:53,270 - DEBUG - COM4: parsed_packet {event: ProvUnprovisionedReceived, data: {'uuid': bytearray(b'\xd5\xb9\x1b\xba\x05\x084J\x80\x99#\xe2\x8aH\xb0m'), 'rssi': -48, 'gatt_supported': 0, 'adv_addr_type': 1, 'adv_addr': bytearray(b'\xc0\x99#\xe2\x8a\xc8')}}
2019-12-29 10:27:55,263 - DEBUG - COM4: RX: 1ac0d5b91bba0508344a809923e28a48b06dd10001c09923e28ac8
2019-12-29 10:27:55,263 - DEBUG - COM4: parsed_packet {event: ProvUnprovisionedReceived, data: {'uuid': bytearray(b'\xd5\xb9\x1b\xba\x05\x084J\x80\x99#\xe2\x8aH\xb0m'), 'rssi': -47, 'gatt_supported': 0, 'adv_addr_type': 1, 'adv_addr': bytearray(b'\xc0\x99#\xe2\x8a\xc8')}}
2019-12-29 10:27:55,497 - DEBUG - COM4: TX: 0162
2019-12-29 10:27:55,497 - DEBUG - COM4: exited read event
