2019-12-29 11:46:19,592 - DEBUG - COM4: TX: 616963cf706a7edbbc54a583eeb9bbd9c027e395ac1257bf209b425887b1e466de2749f2fe1f1128eb57dbc714e021eeb86087e3d65c6c73dc83b6d03f831eb446c33c212d406bbbcfc6cabb65d990a321f48e5d8ac4f68a257da1a5cf2b091c75df
2019-12-29 11:46:19,595 - DEBUG - COM4: RX: 03846900
2019-12-29 11:46:19,595 - DEBUG - COM4: parsed_packet {event: CmdRsp, data: {'opcode': 105, 'status': 0, 'data': bytearray(b'')}}
2019-12-29 11:46:19,595 - DEBUG - COM4: TX: 059f01000100
2019-12-29 11:46:19,595 - INFO - COM4: Success
2019-12-29 11:46:19,595 - DEBUG - COM4: RX: 03849f8e
2019-12-29 11:46:19,595 - DEBUG - COM4: parsed_packet {event: CmdRsp, data: {'opcode': 159, 'status': 142, 'data': bytearray(b'')}}
2019-12-29 11:46:19,595 - DEBUG - COM4: TX: 1392000018eed9c2a56add85049ffc3c59ad0e12
2019-12-29 11:46:19,595 - ERROR - COM4: None: ERROR_REJECTED
2019-12-29 11:46:19,610 - DEBUG - COM4: RX: 03849281
2019-12-29 11:46:19,610 - DEBUG - COM4: parsed_packet {event: CmdRsp, data: {'opcode': 146, 'status': 129, 'data': bytearray(b'')}}
2019-12-29 11:46:19,610 - DEBUG - COM4: TX: 1597000000004f68ad85d9f48ac8589df665b6b49b8a
2019-12-29 11:46:19,610 - ERROR - COM4: SubnetAdd: ERROR_INTERNAL
2019-12-29 11:46:19,610 - DEBUG - COM4: RX: 03849781
2019-12-29 11:46:19,610 - DEBUG - COM4: parsed_packet {event: CmdRsp, data: {'opcode': 151, 'status': 129, 'data': bytearray(b'')}}
2019-12-29 11:46:19,610 - DEBUG - COM4: TX: 1597010000002aa2a6ded5a0798ceab5787ca3ae39fc
2019-12-29 11:46:19,610 - ERROR - COM4: AppkeyAdd: ERROR_INTERNAL
2019-12-29 11:46:19,610 - DEBUG - COM4: RX: 03849781
2019-12-29 11:46:19,610 - DEBUG - COM4: parsed_packet {event: CmdRsp, data: {'opcode': 151, 'status': 129, 'data': bytearray(b'')}}
2019-12-29 11:46:19,610 - ERROR - COM4: AppkeyAdd: ERROR_INTERNAL
2019-12-29 11:46:21,592 - DEBUG - COM4: TX: 0161
2019-12-29 11:46:21,594 - DEBUG - COM4: RX: 03846100
2019-12-29 11:46:21,594 - DEBUG - COM4: parsed_packet {event: CmdRsp, data: {'opcode': 97, 'status': 0, 'data': bytearray(b'')}}
2019-12-29 11:46:21,594 - INFO - COM4: Success
2019-12-29 11:46:24,714 - DEBUG - COM4: RX: 1ac0d5b91bba0508344a809923e28a48b06dd20001c09923e28ac8
2019-12-29 11:46:24,714 - DEBUG - COM4: parsed_packet {event: ProvUnprovisionedReceived, data: {'uuid': bytearray(b'\xd5\xb9\x1b\xba\x05\x084J\x80\x99#\xe2\x8aH\xb0m'), 'rssi': -46, 'gatt_supported': 0, 'adv_addr_type': 1, 'adv_addr': bytearray(b'\xc0\x99#\xe2\x8a\xc8')}}
2019-12-29 11:46:24,714 - INFO - COM4: Received UUID d5b91bba0508344a809923e28a48b06d with RSSI: -46 dB
2019-12-29 11:46:26,593 - DEBUG - COM4: TX: 0162
2019-12-29 11:46:26,595 - DEBUG - COM4: RX: 03846200
2019-12-29 11:46:26,595 - DEBUG - COM4: parsed_packet {event: CmdRsp, data: {'opcode': 98, 'status': 0, 'data': bytearray(b'')}}
2019-12-29 11:46:26,595 - INFO - COM4: Success
