2019-12-29 17:13:53,754 - DEBUG - COM4: TX: 6169a57a1eaeeced3c3334b62673738900012e7bfc83c5ec8b765d574f50145b020b7ab6f222f5ed6e67a75754e351c09f7cc7d7cb78271cb8d6169fefcd62b2cfa96602e1447880aa96d29cd6bd568fd5b3c0fa836a11a6e29adf35fecb76c44139
2019-12-29 17:13:53,765 - DEBUG - COM4: RX: 03846900
2019-12-29 17:13:53,766 - DEBUG - COM4: parsed_packet {event: CmdRsp, data: {'opcode': 105, 'status': 0, 'data': bytearray(b'')}}
2019-12-29 17:13:53,766 - DEBUG - COM4: TX: 059f01000100
2019-12-29 17:13:53,766 - INFO - COM4: Success
2019-12-29 17:13:53,768 - DEBUG - COM4: RX: 03849f8e
2019-12-29 17:13:53,776 - DEBUG - COM4: parsed_packet {event: CmdRsp, data: {'opcode': 159, 'status': 142, 'data': bytearray(b'')}}
2019-12-29 17:13:53,776 - DEBUG - COM4: TX: 1392000018eed9c2a56add85049ffc3c59ad0e12
2019-12-29 17:13:53,776 - ERROR - COM4: None: ERROR_REJECTED
2019-12-29 17:13:53,780 - DEBUG - COM4: RX: 03849281
2019-12-29 17:13:53,780 - DEBUG - COM4: parsed_packet {event: CmdRsp, data: {'opcode': 146, 'status': 129, 'data': bytearray(b'')}}
2019-12-29 17:13:53,780 - DEBUG - COM4: TX: 1597000000004f68ad85d9f48ac8589df665b6b49b8a
2019-12-29 17:13:53,780 - ERROR - COM4: SubnetAdd: ERROR_INTERNAL
2019-12-29 17:13:53,784 - DEBUG - COM4: RX: 03849781
2019-12-29 17:13:53,784 - DEBUG - COM4: parsed_packet {event: CmdRsp, data: {'opcode': 151, 'status': 129, 'data': bytearray(b'')}}
2019-12-29 17:13:53,784 - ERROR - COM4: AppkeyAdd: ERROR_INTERNAL
2019-12-29 17:13:53,785 - DEBUG - COM4: TX: 1597010000002aa2a6ded5a0798ceab5787ca3ae39fc
2019-12-29 17:13:53,788 - DEBUG - COM4: RX: 03849781
2019-12-29 17:13:53,788 - DEBUG - COM4: parsed_packet {event: CmdRsp, data: {'opcode': 151, 'status': 129, 'data': bytearray(b'')}}
2019-12-29 17:13:53,788 - ERROR - COM4: AppkeyAdd: ERROR_INTERNAL
2019-12-29 17:13:55,745 - DEBUG - COM4: TX: 0161
2019-12-29 17:13:55,746 - DEBUG - COM4: RX: 03846100
2019-12-29 17:13:55,746 - DEBUG - COM4: parsed_packet {event: CmdRsp, data: {'opcode': 97, 'status': 0, 'data': bytearray(b'')}}
2019-12-29 17:13:55,747 - INFO - COM4: Success
2019-12-29 17:13:57,634 - DEBUG - COM4: RX: 1ac0d5b91bba0508344a809923e28a48b06dd10001c09923e28ac8
2019-12-29 17:13:57,634 - DEBUG - COM4: parsed_packet {event: ProvUnprovisionedReceived, data: {'uuid': bytearray(b'\xd5\xb9\x1b\xba\x05\x084J\x80\x99#\xe2\x8aH\xb0m'), 'rssi': -47, 'gatt_supported': 0, 'adv_addr_type': 1, 'adv_addr': bytearray(b'\xc0\x99#\xe2\x8a\xc8')}}
2019-12-29 17:13:57,635 - INFO - COM4: Received UUID d5b91bba0508344a809923e28a48b06d with RSSI: -47 dB
2019-12-29 17:13:59,636 - DEBUG - COM4: RX: 1ac0d5b91bba0508344a809923e28a48b06dd70001c09923e28ac8
2019-12-29 17:13:59,636 - DEBUG - COM4: parsed_packet {event: ProvUnprovisionedReceived, data: {'uuid': bytearray(b'\xd5\xb9\x1b\xba\x05\x084J\x80\x99#\xe2\x8aH\xb0m'), 'rssi': -41, 'gatt_supported': 0, 'adv_addr_type': 1, 'adv_addr': bytearray(b'\xc0\x99#\xe2\x8a\xc8')}}
2019-12-29 17:14:00,745 - DEBUG - COM4: TX: 0162
2019-12-29 17:14:00,746 - DEBUG - COM4: RX: 03846200
2019-12-29 17:14:00,746 - DEBUG - COM4: parsed_packet {event: CmdRsp, data: {'opcode': 98, 'status': 0, 'data': bytearray(b'')}}
2019-12-29 17:14:00,747 - INFO - COM4: Success
