2019-12-29 18:27:35,063 - DEBUG - COM4: TX: 61697552c7f4ae2e8514a68969b6a9cdd72f46c8f1ecdd4cf45e98b20faac647e86b3a0b75aa87dce0c1fa137239ebe2082901a3ca704fc318344f97e2f965b525af93047617925ec66b8d965c06db0cfa313d81e54b8ad941e120151c520db9fba4
2019-12-29 18:27:35,074 - DEBUG - COM4: RX: 03846900
2019-12-29 18:27:35,075 - DEBUG - COM4: parsed_packet {event: CmdRsp, data: {'opcode': 105, 'status': 0, 'data': bytearray(b'')}}
2019-12-29 18:27:35,075 - INFO - COM4: Success
2019-12-29 18:27:35,075 - DEBUG - COM4: TX: 059f01000100
2019-12-29 18:27:35,078 - DEBUG - COM4: RX: 03849f8e
2019-12-29 18:27:35,087 - DEBUG - COM4: parsed_packet {event: CmdRsp, data: {'opcode': 159, 'status': 142, 'data': bytearray(b'')}}
2019-12-29 18:27:35,087 - DEBUG - COM4: TX: 1392000018eed9c2a56add85049ffc3c59ad0e12
2019-12-29 18:27:35,087 - ERROR - COM4: None: ERROR_REJECTED
2019-12-29 18:27:35,091 - DEBUG - COM4: RX: 03849281
2019-12-29 18:27:35,091 - DEBUG - COM4: parsed_packet {event: CmdRsp, data: {'opcode': 146, 'status': 129, 'data': bytearray(b'')}}
2019-12-29 18:27:35,091 - ERROR - COM4: SubnetAdd: ERROR_INTERNAL
2019-12-29 18:27:35,091 - DEBUG - COM4: TX: 1597000000004f68ad85d9f48ac8589df665b6b49b8a
2019-12-29 18:27:35,095 - DEBUG - COM4: RX: 03849781
2019-12-29 18:27:35,095 - DEBUG - COM4: parsed_packet {event: CmdRsp, data: {'opcode': 151, 'status': 129, 'data': bytearray(b'')}}
2019-12-29 18:27:35,095 - DEBUG - COM4: TX: 1597010000002aa2a6ded5a0798ceab5787ca3ae39fc
2019-12-29 18:27:35,095 - ERROR - COM4: AppkeyAdd: ERROR_INTERNAL
2019-12-29 18:27:35,099 - DEBUG - COM4: RX: 03849781
2019-12-29 18:27:35,099 - DEBUG - COM4: parsed_packet {event: CmdRsp, data: {'opcode': 151, 'status': 129, 'data': bytearray(b'')}}
2019-12-29 18:27:35,099 - ERROR - COM4: AppkeyAdd: ERROR_INTERNAL
2019-12-29 18:27:37,063 - DEBUG - COM4: TX: 0161
2019-12-29 18:27:37,065 - DEBUG - COM4: RX: 03846100
2019-12-29 18:27:37,065 - DEBUG - COM4: parsed_packet {event: CmdRsp, data: {'opcode': 97, 'status': 0, 'data': bytearray(b'')}}
2019-12-29 18:27:37,065 - INFO - COM4: Success
2019-12-29 18:27:42,063 - DEBUG - COM4: TX: 0162
2019-12-29 18:27:42,065 - DEBUG - COM4: RX: 03846200
2019-12-29 18:27:42,065 - DEBUG - COM4: parsed_packet {event: CmdRsp, data: {'opcode': 98, 'status': 0, 'data': bytearray(b'')}}
2019-12-29 18:27:42,065 - INFO - COM4: Success
