2019-12-30 17:41:07,464 - DEBUG - COM4: TX: 6169259e6ee7056261bbb330a2038ef1a6ee7e1ac44c0f4738969ec2228ac64d22f69ffaedc2bbb3d7c01d71359e791958a46851de763a43d0f8c60eaf3cbbaf8e96b68acc69115ce2cc2ec9448e92a0d1a50260eed89797fbb8691accbb45f62d8f
2019-12-30 17:41:07,476 - DEBUG - COM4: RX: 03846900
2019-12-30 17:41:07,477 - DEBUG - COM4: parsed_packet {event: CmdRsp, data: {'opcode': 105, 'status': 0, 'data': bytearray(b'')}}
2019-12-30 17:41:07,477 - DEBUG - COM4: TX: 059f01000100
2019-12-30 17:41:07,477 - INFO - COM4: Success
2019-12-30 17:41:07,480 - DEBUG - COM4: RX: 03849f00
2019-12-30 17:41:07,482 - DEBUG - COM4: parsed_packet {event: CmdRsp, data: {'opcode': 159, 'status': 0, 'data': bytearray(b'')}}
2019-12-30 17:41:07,482 - DEBUG - COM4: TX: 1392000018eed9c2a56add85049ffc3c59ad0e12
2019-12-30 17:41:07,482 - INFO - COM4: Success
2019-12-30 17:41:07,487 - DEBUG - COM4: RX: 058492000000
2019-12-30 17:41:07,487 - DEBUG - COM4: parsed_packet {event: CmdRsp, data: {'opcode': 146, 'status': 0, 'data': bytearray(b'\x00\x00')}}
2019-12-30 17:41:07,488 - DEBUG - COM4: TX: 1597000000004f68ad85d9f48ac8589df665b6b49b8a
2019-12-30 17:41:07,487 - INFO - COM4: SubnetAdd: {'subnet_handle': 0}
2019-12-30 17:41:07,492 - DEBUG - COM4: RX: 058497000000
2019-12-30 17:41:07,492 - DEBUG - COM4: parsed_packet {event: CmdRsp, data: {'opcode': 151, 'status': 0, 'data': bytearray(b'\x00\x00')}}
2019-12-30 17:41:07,493 - DEBUG - COM4: TX: 1597010000002aa2a6ded5a0798ceab5787ca3ae39fc
2019-12-30 17:41:07,492 - INFO - COM4: AppkeyAdd: {'appkey_handle': 0}
2019-12-30 17:41:07,497 - DEBUG - COM4: RX: 058497000100
2019-12-30 17:41:07,497 - DEBUG - COM4: parsed_packet {event: CmdRsp, data: {'opcode': 151, 'status': 0, 'data': bytearray(b'\x01\x00')}}
2019-12-30 17:41:07,497 - INFO - COM4: AppkeyAdd: {'appkey_handle': 1}
2019-12-30 17:41:13,404 - DEBUG - COM4: TX: 0161
2019-12-30 17:41:13,406 - DEBUG - COM4: RX: 03846100
2019-12-30 17:41:13,406 - DEBUG - COM4: parsed_packet {event: CmdRsp, data: {'opcode': 97, 'status': 0, 'data': bytearray(b'')}}
2019-12-30 17:41:13,407 - INFO - COM4: Success
2019-12-30 17:41:14,858 - DEBUG - COM4: RX: 1ac0d5b91bba0508344a809923e28a48b06dd50001c09923e28ac8
2019-12-30 17:41:14,858 - DEBUG - COM4: parsed_packet {event: ProvUnprovisionedReceived, data: {'uuid': bytearray(b'\xd5\xb9\x1b\xba\x05\x084J\x80\x99#\xe2\x8aH\xb0m'), 'rssi': -43, 'gatt_supported': 0, 'adv_addr_type': 1, 'adv_addr': bytearray(b'\xc0\x99#\xe2\x8a\xc8')}}
2019-12-30 17:41:14,859 - INFO - COM4: Received UUID d5b91bba0508344a809923e28a48b06d with RSSI: -43 dB
2019-12-30 17:41:16,861 - DEBUG - COM4: RX: 1ac0d5b91bba0508344a809923e28a48b06dce0001c09923e28ac8
2019-12-30 17:41:16,861 - DEBUG - COM4: parsed_packet {event: ProvUnprovisionedReceived, data: {'uuid': bytearray(b'\xd5\xb9\x1b\xba\x05\x084J\x80\x99#\xe2\x8aH\xb0m'), 'rssi': -50, 'gatt_supported': 0, 'adv_addr_type': 1, 'adv_addr': bytearray(b'\xc0\x99#\xe2\x8a\xc8')}}
2019-12-30 17:41:18,404 - DEBUG - COM4: TX: 0162
2019-12-30 17:41:18,405 - DEBUG - COM4: RX: 03846200
2019-12-30 17:41:18,406 - DEBUG - COM4: parsed_packet {event: CmdRsp, data: {'opcode': 98, 'status': 0, 'data': bytearray(b'')}}
2019-12-30 17:41:18,406 - INFO - COM4: Success
2019-12-30 17:41:21,816 - DEBUG - COM4: TX: 159c10000000c8789d5965ef5e10d3164fd1b70ba326
2019-12-30 17:41:21,816 - DEBUG - COM4: TX: 03a41000
2019-12-30 17:41:21,820 - DEBUG - COM4: RX: 05849c000800
2019-12-30 17:41:21,820 - DEBUG - COM4: parsed_packet {event: CmdRsp, data: {'opcode': 156, 'status': 0, 'data': bytearray(b'\x08\x00')}}
2019-12-30 17:41:21,821 - INFO - COM4: DevkeyAdd: {'devkey_handle': 8}
2019-12-30 17:41:21,821 - DEBUG - COM4: RX: 0584a4000000
2019-12-30 17:41:21,822 - DEBUG - COM4: parsed_packet {event: CmdRsp, data: {'opcode': 164, 'status': 0, 'data': bytearray(b'\x00\x00')}}
2019-12-30 17:41:21,822 - INFO - COM4: AddrPublicationAdd: {'address_handle': 0}
2019-12-30 17:41:22,817 - DEBUG - COM4: TX: 2d6300d5b91bba0508344a809923e28a48b06d18eed9c2a56add85049ffc3c59ad0e120000000000001900000000
2019-12-30 17:41:22,823 - DEBUG - COM4: RX: 0484630000
2019-12-30 17:41:22,824 - DEBUG - COM4: parsed_packet {event: CmdRsp, data: {'opcode': 99, 'status': 0, 'data': bytearray(b'\x00')}}
2019-12-30 17:41:22,824 - INFO - COM4: Provision: {'context': 0}
2019-12-30 17:41:22,841 - DEBUG - COM4: RX: 02c100
2019-12-30 17:41:22,841 - DEBUG - COM4: parsed_packet {event: ProvLinkEstablished, data: {'context_id': 0}}
2019-12-30 17:41:22,842 - INFO - COM4: Link established
2019-12-30 17:41:24,888 - DEBUG - COM4: RX: 0bc300010001000000000000
2019-12-30 17:41:24,888 - DEBUG - COM4: parsed_packet {event: ProvCapsReceived, data: {'context_id': 0, 'num_elements': 1, 'public_key_type': 0, 'static_oob_types': 1, 'output_oob_size': 0, 'output_oob_actions': 0, 'input_oob_size': 0, 'input_oob_actions': 0}}
2019-12-30 17:41:24,889 - INFO - COM4: Received capabilities
2019-12-30 17:41:24,889 - INFO - COM4: Number of elements: 1
2019-12-30 17:41:24,890 - DEBUG - COM4: TX: 056600000000
2019-12-30 17:41:24,893 - DEBUG - COM4: RX: 0484660000
2019-12-30 17:41:24,893 - DEBUG - COM4: parsed_packet {event: CmdRsp, data: {'opcode': 102, 'status': 0, 'data': bytearray(b'\x00')}}
2019-12-30 17:41:24,893 - INFO - COM4: OobUse: {'context': 0}
2019-12-30 17:41:27,136 - DEBUG - COM4: RX: 62c700626186f546cb68e1d7ea068c9a214c20545d80fc09ba8eebb8fceb890819ac80410c469ae55410ca2600a9a2d7fc2e6dfec773826af285fc08740c54a8f8113f259e6ee7056261bbb330a2038ef1a6ee7e1ac44c0f4738969ec2228ac64d22f6
2019-12-30 17:41:27,137 - DEBUG - COM4: parsed_packet {event: ProvEcdhRequest, data: {'context_id': 0, 'peer_public': bytearray(b'ba\x86\xf5F\xcbh\xe1\xd7\xea\x06\x8c\x9a!L T]\x80\xfc\t\xba\x8e\xeb\xb8\xfc\xeb\x89\x08\x19\xac\x80A\x0cF\x9a\xe5T\x10\xca&\x00\xa9\xa2\xd7\xfc.m\xfe\xc7s\x82j\xf2\x85\xfc\x08t\x0cT\xa8\xf8\x11?'), 'node_private': bytearray(b'%\x9en\xe7\x05ba\xbb\xb30\xa2\x03\x8e\xf1\xa6\xee~\x1a\xc4L\x0fG8\x96\x9e\xc2"\x8a\xc6M"\xf6')}}
2019-12-30 17:41:27,138 - INFO - COM4: ECDH request received
2019-12-30 17:41:27,140 - DEBUG - COM4: TX: 22680057a0c4fd6e1df80793fb04b55d4b71a8f8280693f4d05abdc1df9e8759827b96
2019-12-30 17:41:27,146 - DEBUG - COM4: RX: 0484680000
2019-12-30 17:41:27,146 - DEBUG - COM4: parsed_packet {event: CmdRsp, data: {'opcode': 104, 'status': 0, 'data': bytearray(b'\x00')}}
2019-12-30 17:41:27,147 - INFO - COM4: EcdhSecret: {'context': 0}
2019-12-30 17:41:27,500 - DEBUG - COM4: RX: 2cc500000000000000190000008f5392a7370f62e163eb402de488f06318eed9c2a56add85049ffc3c59ad0e12
2019-12-30 17:41:27,500 - DEBUG - COM4: parsed_packet {event: ProvComplete, data: {'context_id': 0, 'iv_index': 0, 'net_key_index': 0, 'address': 25, 'iv_update_flag': 0, 'key_refresh_flag': 0, 'device_key': bytearray(b'\x8fS\x92\xa77\x0fb\xe1c\xeb@-\xe4\x88\xf0c'), 'net_key': bytearray(b'\x18\xee\xd9\xc2\xa5j\xdd\x85\x04\x9f\xfc<Y\xad\x0e\x12')}}
2019-12-30 17:41:27,501 - INFO - COM4: Provisioning complete
2019-12-30 17:41:27,501 - INFO - COM4: 	Address(es): 0x19-0x19
2019-12-30 17:41:27,501 - INFO - COM4: 	Device key: 8f5392a7370f62e163eb402de488f063
2019-12-30 17:41:27,502 - INFO - COM4: 	Network key: 18eed9c2a56add85049ffc3c59ad0e12
2019-12-30 17:41:27,503 - INFO - COM4: Adding device key to subnet 0
2019-12-30 17:41:27,504 - DEBUG - COM4: TX: 159c190000008f5392a7370f62e163eb402de488f063
2019-12-30 17:41:27,503 - INFO - COM4: Adding publication address of root element
2019-12-30 17:41:27,505 - DEBUG - COM4: TX: 03a41900
2019-12-30 17:41:27,515 - DEBUG - COM4: RX: 05849c000900
2019-12-30 17:41:27,516 - DEBUG - COM4: parsed_packet {event: CmdRsp, data: {'opcode': 156, 'status': 0, 'data': bytearray(b'\t\x00')}}
2019-12-30 17:41:27,516 - INFO - COM4: DevkeyAdd: {'devkey_handle': 9}
2019-12-30 17:41:27,517 - DEBUG - COM4: RX: 0584a4000100
2019-12-30 17:41:27,517 - DEBUG - COM4: parsed_packet {event: CmdRsp, data: {'opcode': 164, 'status': 0, 'data': bytearray(b'\x01\x00')}}
2019-12-30 17:41:27,518 - INFO - COM4: AddrPublicationAdd: {'address_handle': 1}
2019-12-30 17:41:27,606 - DEBUG - COM4: RX: 03c20000
2019-12-30 17:41:27,607 - DEBUG - COM4: parsed_packet {event: ProvLinkClosed, data: {'context_id': 0, 'close_reason': 0}}
2019-12-30 17:41:27,607 - INFO - COM4: Provisioning link closed
2019-12-30 17:43:04,134 - DEBUG - COM4: TX: 0161
2019-12-30 17:43:04,136 - DEBUG - COM4: RX: 03846100
2019-12-30 17:43:04,137 - DEBUG - COM4: parsed_packet {event: CmdRsp, data: {'opcode': 97, 'status': 0, 'data': bytearray(b'')}}
2019-12-30 17:43:04,137 - INFO - COM4: Success
2019-12-30 17:43:09,135 - DEBUG - COM4: TX: 0162
2019-12-30 17:43:09,137 - DEBUG - COM4: RX: 03846200
2019-12-30 17:43:09,137 - DEBUG - COM4: parsed_packet {event: CmdRsp, data: {'opcode': 98, 'status': 0, 'data': bytearray(b'')}}
2019-12-30 17:43:09,137 - INFO - COM4: Success
